2026-07-15 02:26:40.056823SSH command: ssh -o BatchMode=yes -o StrictHostKeyChecking=no -o UserKnownHostsFile=/dev/null -o ConnectTimeout=1 -o LogLevel=ERROR -p 2228 -i /home/max/.ssh/pgvm_bench user@127.0.0.1 systemd-analyze
Return code: 0
Stdout: Startup finished in 786ms (kernel) + 2.238s (userspace) = 3.025s 
graphical.target reached after 2.238s in userspace.

Stderr: 
2026-07-15 02:26:40.195582SSH command: ssh -o BatchMode=yes -o StrictHostKeyChecking=no -o UserKnownHostsFile=/dev/null -o ConnectTimeout=1 -o LogLevel=ERROR -p 2228 -i /home/max/.ssh/pgvm_bench user@127.0.0.1 rm -f /tmp/bench.done /tmp/pg-buffer-hit-ratio.csv /tmp/pg-buffer-sampler.log; nohup bash /home/user/pg_sampler.sh /tmp/bench.done /tmp/pg-buffer-hit-ratio.csv ycsb >/tmp/pg-buffer-sampler.log 2>&1 &
Return code: 0
Stdout: 
Stderr: 
QMP cmd [src7] migrate-set-capabilities args={'capabilities': [{'capability': 'auto-converge', 'state': False}, {'capability': 'events', 'state': True}, {'capability': 'postcopy-blocktime', 'state': True}, {'capability': 'postcopy-ram', 'state': True}]}
QMP cmd [src7] query-migrate args={}
QMP reply [src7] migrate-set-capabilities: {}
QMP cmd [src7] migrate args={'uri': 'unix:/tmp/mig.sock'}
QMP reply [src7] query-migrate: {}
QMP reply [src7] migrate: {}
2026-07-15 02:28:20.615816SSH command: ssh -o BatchMode=yes -o StrictHostKeyChecking=no -o UserKnownHostsFile=/dev/null -o ConnectTimeout=1 -o LogLevel=ERROR -p 2228 -i /home/max/.ssh/pgvm_bench user@127.0.0.1 test -f /tmp/bench.done
Return code: 1
Stdout: 
Stderr: 
QMP cmd [src7] query-migrate args={}
QMP reply [src7] query-migrate: {'expected-downtime': 300, 'status': 'active', 'setup-time': 4, 'total-time': 201, 'ram': {'total': 8607571968, 'postcopy-requests': 0, 'dirty-sync-count': 1, 'multifd-bytes': 0, 'pages-per-second': 35530, 'downtime-bytes': 0, 'page-size': 4096, 'remaining': 8573870080, 'postcopy-bytes': 0, 'mbps': 1082.3292, 'transferred': 30868669, 'dirty-sync-missed-zero-copy': 0, 'precopy-bytes': 30893036, 'duplicate': 701, 'dirty-pages-rate': 0, 'normal-bytes': 30826496, 'normal': 7526}}
QMP cmd [src7] query-migrate args={}
QMP reply [src7] query-migrate: {'expected-downtime': 300, 'status': 'active', 'setup-time': 4, 'total-time': 402, 'ram': {'total': 8607571968, 'postcopy-requests': 0, 'dirty-sync-count': 1, 'multifd-bytes': 0, 'pages-per-second': 2045870, 'downtime-bytes': 0, 'page-size': 4096, 'remaining': 7673303040, 'postcopy-bytes': 0, 'mbps': 1074.08448, 'transferred': 62131150, 'dirty-sync-missed-zero-copy': 0, 'precopy-bytes': 62273946, 'duplicate': 213385, 'dirty-pages-rate': 0, 'normal-bytes': 60235776, 'normal': 14706}}
QMP cmd [src7] query-migrate args={}
QMP reply [src7] query-migrate: {'expected-downtime': 300, 'status': 'active', 'setup-time': 4, 'total-time': 602, 'ram': {'total': 8607571968, 'postcopy-requests': 0, 'dirty-sync-count': 1, 'multifd-bytes': 0, 'pages-per-second': 199340, 'downtime-bytes': 0, 'page-size': 4096, 'remaining': 5348413440, 'postcopy-bytes': 0, 'mbps': 1076.4331200000001, 'transferred': 90748486, 'dirty-sync-missed-zero-copy': 0, 'precopy-bytes': 90891748, 'duplicate': 775245, 'dirty-pages-rate': 0, 'normal-bytes': 83738624, 'normal': 20444}}
QMP cmd [src7] query-migrate args={}
QMP reply [src7] query-migrate: {'expected-downtime': 300, 'status': 'active', 'setup-time': 4, 'total-time': 803, 'ram': {'total': 8607571968, 'postcopy-requests': 0, 'dirty-sync-count': 1, 'multifd-bytes': 0, 'pages-per-second': 36160, 'downtime-bytes': 0, 'page-size': 4096, 'remaining': 5310930944, 'postcopy-bytes': 0, 'mbps': 1082.37456, 'transferred': 121363542, 'dirty-sync-missed-zero-copy': 0, 'precopy-bytes': 121363135, 'duplicate': 776976, 'dirty-pages-rate': 0, 'normal-bytes': 114147328, 'normal': 27868}}
QMP cmd [src7] query-migrate args={}
QMP reply [src7] query-migrate: {'expected-downtime': 300, 'status': 'active', 'setup-time': 4, 'total-time': 1004, 'ram': {'total': 8607571968, 'postcopy-requests': 0, 'dirty-sync-count': 1, 'multifd-bytes': 0, 'pages-per-second': 44810, 'downtime-bytes': 0, 'page-size': 4096, 'remaining': 5275226112, 'postcopy-bytes': 0, 'mbps': 1082.99736, 'transferred': 148436271, 'dirty-sync-missed-zero-copy': 0, 'precopy-bytes': 148435844, 'duplicate': 779101, 'dirty-pages-rate': 0, 'normal-bytes': 141148160, 'normal': 34460}}
QMP cmd [src7] query-migrate args={}
QMP reply [src7] query-migrate: {'expected-downtime': 300, 'status': 'active', 'setup-time': 4, 'total-time': 1204, 'ram': {'total': 8607571968, 'postcopy-requests': 0, 'dirty-sync-count': 1, 'multifd-bytes': 0, 'pages-per-second': 44980, 'downtime-bytes': 0, 'page-size': 4096, 'remaining': 5241106432, 'postcopy-bytes': 0, 'mbps': 1083.0096, 'transferred': 175505517, 'dirty-sync-missed-zero-copy': 0, 'precopy-bytes': 175505070, 'duplicate': 780839, 'dirty-pages-rate': 0, 'normal-bytes': 168148992, 'normal': 41052}}
QMP cmd [src7] query-migrate args={}
QMP reply [src7] query-migrate: {'expected-downtime': 300, 'status': 'active', 'setup-time': 4, 'total-time': 1405, 'ram': {'total': 8607571968, 'postcopy-requests': 0, 'dirty-sync-count': 1, 'multifd-bytes': 0, 'pages-per-second': 35430, 'downtime-bytes': 0, 'page-size': 4096, 'remaining': 5209665536, 'postcopy-bytes': 0, 'mbps': 1082.322, 'transferred': 202568877, 'dirty-sync-missed-zero-copy': 0, 'precopy-bytes': 202568410, 'duplicate': 781923, 'dirty-pages-rate': 0, 'normal-bytes': 195149824, 'normal': 47644}}
QMP cmd [src7] query-migrate args={}
QMP reply [src7] query-migrate: {'expected-downtime': 300, 'status': 'active', 'setup-time': 4, 'total-time': 1606, 'ram': {'total': 8607571968, 'postcopy-requests': 0, 'dirty-sync-count': 1, 'multifd-bytes': 0, 'pages-per-second': 40534, 'downtime-bytes': 0, 'page-size': 4096, 'remaining': 5162717184, 'postcopy-bytes': 0, 'mbps': 1071.998732673267, 'transferred': 229527081, 'dirty-sync-missed-zero-copy': 0, 'precopy-bytes': 229526594, 'duplicate': 786827, 'dirty-pages-rate': 0, 'normal-bytes': 222011392, 'normal': 54202}}
QMP cmd [src7] query-migrate args={}
QMP reply [src7] query-migrate: {'expected-downtime': 300, 'status': 'active', 'setup-time': 4, 'total-time': 1806, 'ram': {'total': 8607571968, 'postcopy-requests': 0, 'dirty-sync-count': 1, 'multifd-bytes': 0, 'pages-per-second': 38640, 'downtime-bytes': 0, 'page-size': 4096, 'remaining': 5128933376, 'postcopy-bytes': 0, 'mbps': 1082.55312, 'transferred': 256595589, 'dirty-sync-missed-zero-copy': 0, 'precopy-bytes': 256595082, 'duplicate': 788483, 'dirty-pages-rate': 0, 'normal-bytes': 249012224, 'normal': 60794}}
QMP cmd [src7] query-migrate args={}
QMP reply [src7] query-migrate: {'expected-downtime': 300, 'status': 'active', 'setup-time': 4, 'total-time': 2007, 'ram': {'total': 8607571968, 'postcopy-requests': 0, 'dirty-sync-count': 1, 'multifd-bytes': 0, 'pages-per-second': 33110, 'downtime-bytes': 0, 'page-size': 4096, 'remaining': 5101772800, 'postcopy-bytes': 0, 'mbps': 1082.15496, 'transferred': 283649544, 'dirty-sync-missed-zero-copy': 0, 'precopy-bytes': 283649017, 'duplicate': 788522, 'dirty-pages-rate': 0, 'normal-bytes': 276013056, 'normal': 67386}}
QMP cmd [src7] query-migrate args={}
QMP reply [src7] query-migrate: {'expected-downtime': 300, 'status': 'active', 'setup-time': 4, 'total-time': 2208, 'ram': {'total': 8607571968, 'postcopy-requests': 0, 'dirty-sync-count': 1, 'multifd-bytes': 0, 'pages-per-second': 38390, 'downtime-bytes': 0, 'page-size': 4096, 'remaining': 5072539648, 'postcopy-bytes': 0, 'mbps': 1082.53512, 'transferred': 310708053, 'dirty-sync-missed-zero-copy': 0, 'precopy-bytes': 310707506, 'duplicate': 789067, 'dirty-pages-rate': 0, 'normal-bytes': 303013888, 'normal': 73978}}
2026-07-15 02:28:22.789910SSH command: ssh -o BatchMode=yes -o StrictHostKeyChecking=no -o UserKnownHostsFile=/dev/null -o ConnectTimeout=1 -o LogLevel=ERROR -p 2228 -i /home/max/.ssh/pgvm_bench user@127.0.0.1 test -f /tmp/bench.done
Return code: 1
Stdout: 
Stderr: 
QMP cmd [src7] query-migrate args={}
QMP reply [src7] query-migrate: {'expected-downtime': 300, 'status': 'active', 'setup-time': 4, 'total-time': 2409, 'ram': {'total': 8607571968, 'postcopy-requests': 0, 'dirty-sync-count': 1, 'multifd-bytes': 0, 'pages-per-second': 36840, 'downtime-bytes': 0, 'page-size': 4096, 'remaining': 5034754048, 'postcopy-bytes': 0, 'mbps': 1082.42352, 'transferred': 337785354, 'dirty-sync-missed-zero-copy': 0, 'precopy-bytes': 337784787, 'duplicate': 791700, 'dirty-pages-rate': 0, 'normal-bytes': 330014720, 'normal': 80570}}
QMP cmd [src7] query-migrate args={}
QMP reply [src7] query-migrate: {'expected-downtime': 300, 'status': 'active', 'setup-time': 4, 'total-time': 2609, 'ram': {'total': 8607571968, 'postcopy-requests': 0, 'dirty-sync-count': 1, 'multifd-bytes': 0, 'pages-per-second': 38990, 'downtime-bytes': 0, 'page-size': 4096, 'remaining': 5001207808, 'postcopy-bytes': 0, 'mbps': 1082.57832, 'transferred': 364853340, 'dirty-sync-missed-zero-copy': 0, 'precopy-bytes': 364852753, 'duplicate': 793298, 'dirty-pages-rate': 0, 'normal-bytes': 357015552, 'normal': 87162}}
QMP cmd [src7] query-migrate args={}
QMP reply [src7] query-migrate: {'expected-downtime': 300, 'status': 'active', 'setup-time': 4, 'total-time': 2810, 'ram': {'total': 8607571968, 'postcopy-requests': 0, 'dirty-sync-count': 1, 'multifd-bytes': 0, 'pages-per-second': 32980, 'downtime-bytes': 0, 'page-size': 4096, 'remaining': 4973879296, 'postcopy-bytes': 0, 'mbps': 1082.1456, 'transferred': 391907664, 'dirty-sync-missed-zero-copy': 0, 'precopy-bytes': 391907057, 'duplicate': 793378, 'dirty-pages-rate': 0, 'normal-bytes': 384016384, 'normal': 93754}}
QMP cmd [src7] query-migrate args={}
QMP reply [src7] query-migrate: {'expected-downtime': 300, 'status': 'active', 'setup-time': 4, 'total-time': 3011, 'ram': {'total': 8607571968, 'postcopy-requests': 0, 'dirty-sync-count': 1, 'multifd-bytes': 0, 'pages-per-second': 33360, 'downtime-bytes': 0, 'page-size': 4096, 'remaining': 4946100224, 'postcopy-bytes': 0, 'mbps': 1082.1729599999999, 'transferred': 418962978, 'dirty-sync-missed-zero-copy': 0, 'precopy-bytes': 418962351, 'duplicate': 793568, 'dirty-pages-rate': 0, 'normal-bytes': 411017216, 'normal': 100346}}
QMP cmd [src7] query-migrate args={}
QMP reply [src7] query-migrate: {'expected-downtime': 300, 'status': 'active', 'setup-time': 4, 'total-time': 3212, 'ram': {'total': 8607571968, 'postcopy-requests': 0, 'dirty-sync-count': 1, 'multifd-bytes': 0, 'pages-per-second': 33340, 'downtime-bytes': 0, 'page-size': 4096, 'remaining': 4918902784, 'postcopy-bytes': 0, 'mbps': 1082.17152, 'transferred': 446017014, 'dirty-sync-missed-zero-copy': 0, 'precopy-bytes': 446016367, 'duplicate': 793616, 'dirty-pages-rate': 0, 'normal-bytes': 438018048, 'normal': 106938}}
QMP cmd [src7] query-migrate args={}
QMP reply [src7] query-migrate: {'expected-downtime': 300, 'status': 'active', 'setup-time': 4, 'total-time': 3412, 'ram': {'total': 8607571968, 'postcopy-requests': 0, 'dirty-sync-count': 1, 'multifd-bytes': 0, 'pages-per-second': 33580, 'downtime-bytes': 0, 'page-size': 4096, 'remaining': 4890898432, 'postcopy-bytes': 0, 'mbps': 1082.1888000000001, 'transferred': 473072823, 'dirty-sync-missed-zero-copy': 0, 'precopy-bytes': 473072156, 'duplicate': 793861, 'dirty-pages-rate': 0, 'normal-bytes': 465018880, 'normal': 113530}}
QMP cmd [src7] query-migrate args={}
QMP reply [src7] query-migrate: {'expected-downtime': 300, 'status': 'active', 'setup-time': 4, 'total-time': 3613, 'ram': {'total': 8607571968, 'postcopy-requests': 0, 'dirty-sync-count': 1, 'multifd-bytes': 0, 'pages-per-second': 34140, 'downtime-bytes': 0, 'page-size': 4096, 'remaining': 4863139840, 'postcopy-bytes': 0, 'mbps': 1082.2291200000002, 'transferred': 500128092, 'dirty-sync-missed-zero-copy': 0, 'precopy-bytes': 500127405, 'duplicate': 794046, 'dirty-pages-rate': 0, 'normal-bytes': 492019712, 'normal': 120122}}
QMP cmd [src7] query-migrate args={}
QMP reply [src7] query-migrate: {'expected-downtime': 300, 'status': 'active', 'setup-time': 4, 'total-time': 3814, 'ram': {'total': 8607571968, 'postcopy-requests': 0, 'dirty-sync-count': 1, 'multifd-bytes': 0, 'pages-per-second': 33160, 'downtime-bytes': 0, 'page-size': 4096, 'remaining': 4836007936, 'postcopy-bytes': 0, 'mbps': 1082.15856, 'transferred': 527181984, 'dirty-sync-missed-zero-copy': 0, 'precopy-bytes': 527181277, 'duplicate': 794078, 'dirty-pages-rate': 0, 'normal-bytes': 519020544, 'normal': 126714}}
QMP cmd [src7] query-migrate args={}
QMP reply [src7] query-migrate: {'expected-downtime': 300, 'status': 'active', 'setup-time': 4, 'total-time': 4015, 'ram': {'total': 8607571968, 'postcopy-requests': 0, 'dirty-sync-count': 1, 'multifd-bytes': 0, 'pages-per-second': 33030, 'downtime-bytes': 0, 'page-size': 4096, 'remaining': 4808929280, 'postcopy-bytes': 0, 'mbps': 1082.1492, 'transferred': 554235759, 'dirty-sync-missed-zero-copy': 0, 'precopy-bytes': 554235032, 'duplicate': 794097, 'dirty-pages-rate': 0, 'normal-bytes': 546021376, 'normal': 133306}}
QMP cmd [src7] query-migrate args={}
QMP reply [src7] query-migrate: {'expected-downtime': 300, 'status': 'active', 'setup-time': 4, 'total-time': 4216, 'ram': {'total': 8607571968, 'postcopy-requests': 0, 'dirty-sync-count': 1, 'multifd-bytes': 0, 'pages-per-second': 33080, 'downtime-bytes': 0, 'page-size': 4096, 'remaining': 4781862912, 'postcopy-bytes': 0, 'mbps': 1082.1528, 'transferred': 581289507, 'dirty-sync-missed-zero-copy': 0, 'precopy-bytes': 581288760, 'duplicate': 794113, 'dirty-pages-rate': 0, 'normal-bytes': 573022208, 'normal': 139898}}
QMP cmd [src7] query-migrate args={}
QMP reply [src7] query-migrate: {'expected-downtime': 300, 'status': 'active', 'setup-time': 4, 'total-time': 4416, 'ram': {'total': 8607571968, 'postcopy-requests': 0, 'dirty-sync-count': 1, 'multifd-bytes': 0, 'pages-per-second': 32990, 'downtime-bytes': 0, 'page-size': 4096, 'remaining': 4754796544, 'postcopy-bytes': 0, 'mbps': 1082.14632, 'transferred': 608343255, 'dirty-sync-missed-zero-copy': 0, 'precopy-bytes': 608342488, 'duplicate': 794129, 'dirty-pages-rate': 0, 'normal-bytes': 600023040, 'normal': 146490}}
2026-07-15 02:28:24.990243SSH command: ssh -o BatchMode=yes -o StrictHostKeyChecking=no -o UserKnownHostsFile=/dev/null -o ConnectTimeout=1 -o LogLevel=ERROR -p 2228 -i /home/max/.ssh/pgvm_bench user@127.0.0.1 test -f /tmp/bench.done
Return code: 1
Stdout: 
Stderr: 
QMP cmd [src7] query-migrate args={}
QMP reply [src7] query-migrate: {'expected-downtime': 300, 'status': 'active', 'setup-time': 4, 'total-time': 4618, 'ram': {'total': 8607571968, 'postcopy-requests': 0, 'dirty-sync-count': 1, 'multifd-bytes': 0, 'pages-per-second': 32960, 'downtime-bytes': 0, 'page-size': 4096, 'remaining': 4727734272, 'postcopy-bytes': 0, 'mbps': 1082.1441599999998, 'transferred': 635396994, 'dirty-sync-missed-zero-copy': 0, 'precopy-bytes': 635396207, 'duplicate': 794144, 'dirty-pages-rate': 0, 'normal-bytes': 627023872, 'normal': 153082}}
QMP cmd [src7] query-migrate args={}
QMP reply [src7] query-migrate: {'expected-downtime': 300, 'status': 'active', 'setup-time': 4, 'total-time': 4819, 'ram': {'total': 8607571968, 'postcopy-requests': 0, 'dirty-sync-count': 1, 'multifd-bytes': 0, 'pages-per-second': 33550, 'downtime-bytes': 0, 'page-size': 4096, 'remaining': 4700323840, 'postcopy-bytes': 0, 'mbps': 1082.18664, 'transferred': 662451498, 'dirty-sync-missed-zero-copy': 0, 'precopy-bytes': 662450691, 'duplicate': 794244, 'dirty-pages-rate': 0, 'normal-bytes': 654024704, 'normal': 159674}}
QMP cmd [src7] query-migrate args={}
QMP reply [src7] query-migrate: {'expected-downtime': 300, 'status': 'active', 'setup-time': 4, 'total-time': 5019, 'ram': {'total': 8607571968, 'postcopy-requests': 0, 'dirty-sync-count': 1, 'multifd-bytes': 0, 'pages-per-second': 33810, 'downtime-bytes': 0, 'page-size': 4096, 'remaining': 4672974848, 'postcopy-bytes': 0, 'mbps': 1082.2053600000002, 'transferred': 689505867, 'dirty-sync-missed-zero-copy': 0, 'precopy-bytes': 689505040, 'duplicate': 794329, 'dirty-pages-rate': 0, 'normal-bytes': 681025536, 'normal': 166266}}
QMP cmd [src7] query-migrate args={}
QMP reply [src7] query-migrate: {'expected-downtime': 300, 'status': 'active', 'setup-time': 4, 'total-time': 5220, 'ram': {'total': 8607571968, 'postcopy-requests': 0, 'dirty-sync-count': 1, 'multifd-bytes': 0, 'pages-per-second': 32980, 'downtime-bytes': 0, 'page-size': 4096, 'remaining': 4645941248, 'postcopy-bytes': 0, 'mbps': 1082.1456, 'transferred': 716559543, 'dirty-sync-missed-zero-copy': 0, 'precopy-bytes': 716558696, 'duplicate': 794337, 'dirty-pages-rate': 0, 'normal-bytes': 708026368, 'normal': 172858}}
QMP cmd [src7] query-migrate args={}
QMP reply [src7] query-migrate: {'expected-downtime': 300, 'status': 'active', 'setup-time': 4, 'total-time': 5421, 'ram': {'total': 8607571968, 'postcopy-requests': 0, 'dirty-sync-count': 1, 'multifd-bytes': 0, 'pages-per-second': 33560, 'downtime-bytes': 0, 'page-size': 4096, 'remaining': 4617895936, 'postcopy-bytes': 0, 'mbps': 1082.1873600000001, 'transferred': 743615442, 'dirty-sync-missed-zero-copy': 0, 'precopy-bytes': 743614575, 'duplicate': 794592, 'dirty-pages-rate': 0, 'normal-bytes': 735027200, 'normal': 179450}}
QMP cmd [src7] query-migrate args={}
QMP reply [src7] query-migrate: {'expected-downtime': 300, 'status': 'active', 'setup-time': 4, 'total-time': 5622, 'ram': {'total': 8607571968, 'postcopy-requests': 0, 'dirty-sync-count': 1, 'multifd-bytes': 0, 'pages-per-second': 33810, 'downtime-bytes': 0, 'page-size': 4096, 'remaining': 4590522368, 'postcopy-bytes': 0, 'mbps': 1082.2053600000002, 'transferred': 770669865, 'dirty-sync-missed-zero-copy': 0, 'precopy-bytes': 770668978, 'duplicate': 794683, 'dirty-pages-rate': 0, 'normal-bytes': 762028032, 'normal': 186042}}
QMP cmd [src7] query-migrate args={}
QMP reply [src7] query-migrate: {'expected-downtime': 300, 'status': 'active', 'setup-time': 4, 'total-time': 5823, 'ram': {'total': 8607571968, 'postcopy-requests': 0, 'dirty-sync-count': 1, 'multifd-bytes': 0, 'pages-per-second': 33180, 'downtime-bytes': 0, 'page-size': 4096, 'remaining': 4563423232, 'postcopy-bytes': 0, 'mbps': 1082.16, 'transferred': 797723685, 'dirty-sync-missed-zero-copy': 0, 'precopy-bytes': 797722778, 'duplicate': 794707, 'dirty-pages-rate': 0, 'normal-bytes': 789028864, 'normal': 192634}}
QMP cmd [src7] query-migrate args={}
QMP reply [src7] query-migrate: {'expected-downtime': 300, 'status': 'active', 'setup-time': 4, 'total-time': 6023, 'ram': {'total': 8607571968, 'postcopy-requests': 0, 'dirty-sync-count': 1, 'multifd-bytes': 0, 'pages-per-second': 38200, 'downtime-bytes': 0, 'page-size': 4096, 'remaining': 4530520064, 'postcopy-bytes': 0, 'mbps': 1082.52144, 'transferred': 824790258, 'dirty-sync-missed-zero-copy': 0, 'precopy-bytes': 824789331, 'duplicate': 796148, 'dirty-pages-rate': 0, 'normal-bytes': 816029696, 'normal': 199226}}
QMP cmd [src7] query-migrate args={}
QMP reply [src7] query-migrate: {'expected-downtime': 300, 'status': 'active', 'setup-time': 4, 'total-time': 6224, 'ram': {'total': 8607571968, 'postcopy-requests': 0, 'dirty-sync-count': 1, 'multifd-bytes': 0, 'pages-per-second': 32970, 'downtime-bytes': 0, 'page-size': 4096, 'remaining': 4503506944, 'postcopy-bytes': 0, 'mbps': 1082.1448799999998, 'transferred': 851843889, 'dirty-sync-missed-zero-copy': 0, 'precopy-bytes': 851842942, 'duplicate': 796151, 'dirty-pages-rate': 0, 'normal-bytes': 843030528, 'normal': 205818}}
QMP cmd [src7] query-migrate args={}
QMP reply [src7] query-migrate: {'expected-downtime': 300, 'status': 'active', 'setup-time': 4, 'total-time': 6425, 'ram': {'total': 8607571968, 'postcopy-requests': 0, 'dirty-sync-count': 1, 'multifd-bytes': 0, 'pages-per-second': 32980, 'downtime-bytes': 0, 'page-size': 4096, 'remaining': 4476497920, 'postcopy-bytes': 0, 'mbps': 1082.1456, 'transferred': 878897511, 'dirty-sync-missed-zero-copy': 0, 'precopy-bytes': 878896544, 'duplicate': 796153, 'dirty-pages-rate': 0, 'normal-bytes': 870031360, 'normal': 212410}}
QMP cmd [src7] query-migrate args={}
QMP reply [src7] query-migrate: {'expected-downtime': 300, 'status': 'active', 'setup-time': 4, 'total-time': 6626, 'ram': {'total': 8607571968, 'postcopy-requests': 0, 'dirty-sync-count': 1, 'multifd-bytes': 0, 'pages-per-second': 32960, 'downtime-bytes': 0, 'page-size': 4096, 'remaining': 4449497088, 'postcopy-bytes': 0, 'mbps': 1082.1441599999998, 'transferred': 905951115, 'dirty-sync-missed-zero-copy': 0, 'precopy-bytes': 905950128, 'duplicate': 796153, 'dirty-pages-rate': 0, 'normal-bytes': 897032192, 'normal': 219002}}
2026-07-15 02:28:27.153004SSH command: ssh -o BatchMode=yes -o StrictHostKeyChecking=no -o UserKnownHostsFile=/dev/null -o ConnectTimeout=1 -o LogLevel=ERROR -p 2228 -i /home/max/.ssh/pgvm_bench user@127.0.0.1 test -f /tmp/bench.done
Return code: 1
Stdout: 
Stderr: 
QMP cmd [src7] query-migrate args={}
QMP reply [src7] query-migrate: {'expected-downtime': 300, 'status': 'active', 'setup-time': 4, 'total-time': 6827, 'ram': {'total': 8607571968, 'postcopy-requests': 0, 'dirty-sync-count': 1, 'multifd-bytes': 0, 'pages-per-second': 32960, 'downtime-bytes': 0, 'page-size': 4096, 'remaining': 4422488064, 'postcopy-bytes': 0, 'mbps': 1082.1441599999998, 'transferred': 933004737, 'dirty-sync-missed-zero-copy': 0, 'precopy-bytes': 933003730, 'duplicate': 796155, 'dirty-pages-rate': 0, 'normal-bytes': 924033024, 'normal': 225594}}
QMP cmd [src7] query-migrate args={}
QMP reply [src7] query-migrate: {'expected-downtime': 300, 'status': 'active', 'setup-time': 4, 'total-time': 7028, 'ram': {'total': 8607571968, 'postcopy-requests': 0, 'dirty-sync-count': 1, 'multifd-bytes': 0, 'pages-per-second': 32960, 'downtime-bytes': 0, 'page-size': 4096, 'remaining': 4395479040, 'postcopy-bytes': 0, 'mbps': 1082.1441599999998, 'transferred': 960058359, 'dirty-sync-missed-zero-copy': 0, 'precopy-bytes': 960057332, 'duplicate': 796157, 'dirty-pages-rate': 0, 'normal-bytes': 951033856, 'normal': 232186}}
QMP cmd [src7] query-migrate args={}
QMP reply [src7] query-migrate: {'expected-downtime': 300, 'status': 'active', 'setup-time': 4, 'total-time': 7228, 'ram': {'total': 8607571968, 'postcopy-requests': 0, 'dirty-sync-count': 1, 'multifd-bytes': 0, 'pages-per-second': 33000, 'downtime-bytes': 0, 'page-size': 4096, 'remaining': 4368453632, 'postcopy-bytes': 0, 'mbps': 1082.14704, 'transferred': 987112017, 'dirty-sync-missed-zero-copy': 0, 'precopy-bytes': 987110970, 'duplicate': 796163, 'dirty-pages-rate': 0, 'normal-bytes': 978034688, 'normal': 238778}}
QMP cmd [src7] query-migrate args={}
QMP reply [src7] query-migrate: {'expected-downtime': 300, 'status': 'active', 'setup-time': 4, 'total-time': 7429, 'ram': {'total': 8607571968, 'postcopy-requests': 0, 'dirty-sync-count': 1, 'multifd-bytes': 0, 'pages-per-second': 32960, 'downtime-bytes': 0, 'page-size': 4096, 'remaining': 4341436416, 'postcopy-bytes': 0, 'mbps': 1082.1441599999998, 'transferred': 1014165657, 'dirty-sync-missed-zero-copy': 0, 'precopy-bytes': 1014164590, 'duplicate': 796167, 'dirty-pages-rate': 0, 'normal-bytes': 1005035520, 'normal': 245370}}
QMP cmd [src7] query-migrate args={}
QMP reply [src7] query-migrate: {'expected-downtime': 300, 'status': 'active', 'setup-time': 4, 'total-time': 7630, 'ram': {'total': 8607571968, 'postcopy-requests': 0, 'dirty-sync-count': 1, 'multifd-bytes': 0, 'pages-per-second': 32980, 'downtime-bytes': 0, 'page-size': 4096, 'remaining': 4314419200, 'postcopy-bytes': 0, 'mbps': 1082.1456, 'transferred': 1041219297, 'dirty-sync-missed-zero-copy': 0, 'precopy-bytes': 1041218210, 'duplicate': 796171, 'dirty-pages-rate': 0, 'normal-bytes': 1032036352, 'normal': 251962}}
QMP cmd [src7] query-migrate args={}
QMP reply [src7] query-migrate: {'expected-downtime': 300, 'status': 'active', 'setup-time': 4, 'total-time': 7831, 'ram': {'total': 8607571968, 'postcopy-requests': 0, 'dirty-sync-count': 1, 'multifd-bytes': 0, 'pages-per-second': 35330, 'downtime-bytes': 0, 'page-size': 4096, 'remaining': 4286439424, 'postcopy-bytes': 0, 'mbps': 1082.3148, 'transferred': 1068275052, 'dirty-sync-missed-zero-copy': 0, 'precopy-bytes': 1068273945, 'duplicate': 796410, 'dirty-pages-rate': 0, 'normal-bytes': 1059037184, 'normal': 258554}}
QMP cmd [src7] query-migrate args={}
QMP reply [src7] query-migrate: {'expected-downtime': 300, 'status': 'active', 'setup-time': 4, 'total-time': 8031, 'ram': {'total': 8607571968, 'postcopy-requests': 0, 'dirty-sync-count': 1, 'multifd-bytes': 0, 'pages-per-second': 32960, 'downtime-bytes': 0, 'page-size': 4096, 'remaining': 4259430400, 'postcopy-bytes': 0, 'mbps': 1082.1441599999998, 'transferred': 1095328674, 'dirty-sync-missed-zero-copy': 0, 'precopy-bytes': 1095327547, 'duplicate': 796412, 'dirty-pages-rate': 0, 'normal-bytes': 1086038016, 'normal': 265146}}
QMP cmd [src7] query-migrate args={}
QMP reply [src7] query-migrate: {'expected-downtime': 300, 'status': 'active', 'setup-time': 4, 'total-time': 8232, 'ram': {'total': 8607571968, 'postcopy-requests': 0, 'dirty-sync-count': 1, 'multifd-bytes': 0, 'pages-per-second': 32980, 'downtime-bytes': 0, 'page-size': 4096, 'remaining': 4232413184, 'postcopy-bytes': 0, 'mbps': 1082.1456, 'transferred': 1122382314, 'dirty-sync-missed-zero-copy': 0, 'precopy-bytes': 1122381167, 'duplicate': 796416, 'dirty-pages-rate': 0, 'normal-bytes': 1113038848, 'normal': 271738}}
QMP cmd [src7] query-migrate args={}
QMP reply [src7] query-migrate: {'expected-downtime': 300, 'status': 'active', 'setup-time': 4, 'total-time': 8433, 'ram': {'total': 8607571968, 'postcopy-requests': 0, 'dirty-sync-count': 1, 'multifd-bytes': 0, 'pages-per-second': 32980, 'downtime-bytes': 0, 'page-size': 4096, 'remaining': 4205404160, 'postcopy-bytes': 0, 'mbps': 1082.1456, 'transferred': 1149435936, 'dirty-sync-missed-zero-copy': 0, 'precopy-bytes': 1149434769, 'duplicate': 796418, 'dirty-pages-rate': 0, 'normal-bytes': 1140039680, 'normal': 278330}}
QMP cmd [src7] query-migrate args={}
QMP reply [src7] query-migrate: {'expected-downtime': 300, 'status': 'active', 'setup-time': 4, 'total-time': 8634, 'ram': {'total': 8607571968, 'postcopy-requests': 0, 'dirty-sync-count': 1, 'multifd-bytes': 0, 'pages-per-second': 32980, 'downtime-bytes': 0, 'page-size': 4096, 'remaining': 4178386944, 'postcopy-bytes': 0, 'mbps': 1082.1456, 'transferred': 1176489576, 'dirty-sync-missed-zero-copy': 0, 'precopy-bytes': 1176488389, 'duplicate': 796422, 'dirty-pages-rate': 0, 'normal-bytes': 1167040512, 'normal': 284922}}
QMP cmd [src7] query-migrate args={}
QMP reply [src7] query-migrate: {'expected-downtime': 300, 'status': 'active', 'setup-time': 4, 'total-time': 8834, 'ram': {'total': 8607571968, 'postcopy-requests': 0, 'dirty-sync-count': 1, 'multifd-bytes': 0, 'pages-per-second': 32960, 'downtime-bytes': 0, 'page-size': 4096, 'remaining': 4151386112, 'postcopy-bytes': 0, 'mbps': 1082.1441599999998, 'transferred': 1203543180, 'dirty-sync-missed-zero-copy': 0, 'precopy-bytes': 1203541973, 'duplicate': 796422, 'dirty-pages-rate': 0, 'normal-bytes': 1194041344, 'normal': 291514}}
2026-07-15 02:28:29.308559SSH command: ssh -o BatchMode=yes -o StrictHostKeyChecking=no -o UserKnownHostsFile=/dev/null -o ConnectTimeout=1 -o LogLevel=ERROR -p 2228 -i /home/max/.ssh/pgvm_bench user@127.0.0.1 test -f /tmp/bench.done
Return code: 1
Stdout: 
Stderr: 
QMP cmd [src7] query-migrate args={}
QMP reply [src7] query-migrate: {'expected-downtime': 300, 'status': 'active', 'setup-time': 4, 'total-time': 9035, 'ram': {'total': 8607571968, 'postcopy-requests': 0, 'dirty-sync-count': 1, 'multifd-bytes': 0, 'pages-per-second': 32960, 'downtime-bytes': 0, 'page-size': 4096, 'remaining': 4124377088, 'postcopy-bytes': 0, 'mbps': 1082.1441599999998, 'transferred': 1230596802, 'dirty-sync-missed-zero-copy': 0, 'precopy-bytes': 1230595575, 'duplicate': 796424, 'dirty-pages-rate': 0, 'normal-bytes': 1221042176, 'normal': 298106}}
QMP cmd [src7] query-migrate args={}
QMP reply [src7] query-migrate: {'expected-downtime': 300, 'status': 'active', 'setup-time': 4, 'total-time': 9236, 'ram': {'total': 8607571968, 'postcopy-requests': 0, 'dirty-sync-count': 1, 'multifd-bytes': 0, 'pages-per-second': 32960, 'downtime-bytes': 0, 'page-size': 4096, 'remaining': 4097368064, 'postcopy-bytes': 0, 'mbps': 1082.1441599999998, 'transferred': 1257650424, 'dirty-sync-missed-zero-copy': 0, 'precopy-bytes': 1257649177, 'duplicate': 796426, 'dirty-pages-rate': 0, 'normal-bytes': 1248043008, 'normal': 304698}}
QMP cmd [src7] query-migrate args={}
QMP reply [src7] query-migrate: {'expected-downtime': 300, 'status': 'active', 'setup-time': 4, 'total-time': 9437, 'ram': {'total': 8607571968, 'postcopy-requests': 0, 'dirty-sync-count': 1, 'multifd-bytes': 0, 'pages-per-second': 32960, 'downtime-bytes': 0, 'page-size': 4096, 'remaining': 4070367232, 'postcopy-bytes': 0, 'mbps': 1082.1441599999998, 'transferred': 1284704028, 'dirty-sync-missed-zero-copy': 0, 'precopy-bytes': 1284702761, 'duplicate': 796426, 'dirty-pages-rate': 0, 'normal-bytes': 1275043840, 'normal': 311290}}
QMP cmd [src7] query-migrate args={}
QMP reply [src7] query-migrate: {'expected-downtime': 300, 'status': 'active', 'setup-time': 4, 'total-time': 9638, 'ram': {'total': 8607571968, 'postcopy-requests': 0, 'dirty-sync-count': 1, 'multifd-bytes': 0, 'pages-per-second': 32980, 'downtime-bytes': 0, 'page-size': 4096, 'remaining': 4043341824, 'postcopy-bytes': 0, 'mbps': 1082.1456, 'transferred': 1311757686, 'dirty-sync-missed-zero-copy': 0, 'precopy-bytes': 1311756399, 'duplicate': 796432, 'dirty-pages-rate': 0, 'normal-bytes': 1302044672, 'normal': 317882}}
QMP cmd [src7] query-migrate args={}
QMP reply [src7] query-migrate: {'expected-downtime': 300, 'status': 'active', 'setup-time': 4, 'total-time': 9839, 'ram': {'total': 8607571968, 'postcopy-requests': 0, 'dirty-sync-count': 1, 'multifd-bytes': 0, 'pages-per-second': 32960, 'downtime-bytes': 0, 'page-size': 4096, 'remaining': 4016332800, 'postcopy-bytes': 0, 'mbps': 1082.1441599999998, 'transferred': 1338811308, 'dirty-sync-missed-zero-copy': 0, 'precopy-bytes': 1338810001, 'duplicate': 796434, 'dirty-pages-rate': 0, 'normal-bytes': 1329045504, 'normal': 324474}}
QMP cmd [src7] query-migrate args={}
QMP reply [src7] query-migrate: {'expected-downtime': 300, 'status': 'active', 'setup-time': 4, 'total-time': 10039, 'ram': {'total': 8607571968, 'postcopy-requests': 0, 'dirty-sync-count': 1, 'multifd-bytes': 0, 'pages-per-second': 33160, 'downtime-bytes': 0, 'page-size': 4096, 'remaining': 3989233664, 'postcopy-bytes': 0, 'mbps': 1082.15856, 'transferred': 1365865128, 'dirty-sync-missed-zero-copy': 0, 'precopy-bytes': 1365863801, 'duplicate': 796458, 'dirty-pages-rate': 0, 'normal-bytes': 1356046336, 'normal': 331066}}
QMP cmd [src7] query-migrate args={}
QMP reply [src7] query-migrate: {'expected-downtime': 300, 'status': 'active', 'setup-time': 4, 'total-time': 10240, 'ram': {'total': 8607571968, 'postcopy-requests': 0, 'dirty-sync-count': 1, 'multifd-bytes': 0, 'pages-per-second': 33020, 'downtime-bytes': 0, 'page-size': 4096, 'remaining': 3962183680, 'postcopy-bytes': 0, 'mbps': 1082.14848, 'transferred': 1392918840, 'dirty-sync-missed-zero-copy': 0, 'precopy-bytes': 1392917493, 'duplicate': 796470, 'dirty-pages-rate': 0, 'normal-bytes': 1383047168, 'normal': 337658}}
QMP cmd [src7] query-migrate args={}
QMP reply [src7] query-migrate: {'expected-downtime': 300, 'status': 'active', 'setup-time': 4, 'total-time': 10441, 'ram': {'total': 8607571968, 'postcopy-requests': 0, 'dirty-sync-count': 1, 'multifd-bytes': 0, 'pages-per-second': 32980, 'downtime-bytes': 0, 'page-size': 4096, 'remaining': 3935166464, 'postcopy-bytes': 0, 'mbps': 1082.1456, 'transferred': 1419972480, 'dirty-sync-missed-zero-copy': 0, 'precopy-bytes': 1419971113, 'duplicate': 796474, 'dirty-pages-rate': 0, 'normal-bytes': 1410048000, 'normal': 344250}}
QMP cmd [src7] query-migrate args={}
QMP reply [src7] query-migrate: {'expected-downtime': 300, 'status': 'active', 'setup-time': 4, 'total-time': 10642, 'ram': {'total': 8607571968, 'postcopy-requests': 0, 'dirty-sync-count': 1, 'multifd-bytes': 0, 'pages-per-second': 33060, 'downtime-bytes': 0, 'page-size': 4096, 'remaining': 3908108288, 'postcopy-bytes': 0, 'mbps': 1082.15136, 'transferred': 1447026210, 'dirty-sync-missed-zero-copy': 0, 'precopy-bytes': 1447024823, 'duplicate': 796488, 'dirty-pages-rate': 0, 'normal-bytes': 1437048832, 'normal': 350842}}
QMP cmd [src7] query-migrate args={}
QMP reply [src7] query-migrate: {'expected-downtime': 300, 'status': 'active', 'setup-time': 4, 'total-time': 10842, 'ram': {'total': 8607571968, 'postcopy-requests': 0, 'dirty-sync-count': 1, 'multifd-bytes': 0, 'pages-per-second': 32960, 'downtime-bytes': 0, 'page-size': 4096, 'remaining': 3881099264, 'postcopy-bytes': 0, 'mbps': 1082.1441599999998, 'transferred': 1474079832, 'dirty-sync-missed-zero-copy': 0, 'precopy-bytes': 1474078425, 'duplicate': 796490, 'dirty-pages-rate': 0, 'normal-bytes': 1464049664, 'normal': 357434}}
QMP cmd [src7] query-migrate args={}
QMP reply [src7] query-migrate: {'expected-downtime': 300, 'status': 'active', 'setup-time': 4, 'total-time': 11043, 'ram': {'total': 8607571968, 'postcopy-requests': 0, 'dirty-sync-count': 1, 'multifd-bytes': 0, 'pages-per-second': 32653, 'downtime-bytes': 0, 'page-size': 4096, 'remaining': 3854073856, 'postcopy-bytes': 0, 'mbps': 1071.4312871287127, 'transferred': 1501133490, 'dirty-sync-missed-zero-copy': 0, 'precopy-bytes': 1501132063, 'duplicate': 796496, 'dirty-pages-rate': 0, 'normal-bytes': 1491050496, 'normal': 364026}}
2026-07-15 02:28:31.564349SSH command: ssh -o BatchMode=yes -o StrictHostKeyChecking=no -o UserKnownHostsFile=/dev/null -o ConnectTimeout=1 -o LogLevel=ERROR -p 2228 -i /home/max/.ssh/pgvm_bench user@127.0.0.1 test -f /tmp/bench.done
Return code: 1
Stdout: 
Stderr: 
QMP cmd [src7] query-migrate args={}
QMP reply [src7] query-migrate: {'expected-downtime': 300, 'status': 'active', 'setup-time': 4, 'total-time': 11244, 'ram': {'total': 8607571968, 'postcopy-requests': 0, 'dirty-sync-count': 1, 'multifd-bytes': 0, 'pages-per-second': 33020, 'downtime-bytes': 0, 'page-size': 4096, 'remaining': 3827032064, 'postcopy-bytes': 0, 'mbps': 1082.14848, 'transferred': 1528187184, 'dirty-sync-missed-zero-copy': 0, 'precopy-bytes': 1528185737, 'duplicate': 796506, 'dirty-pages-rate': 0, 'normal-bytes': 1518051328, 'normal': 370618}}
QMP cmd [src7] query-migrate args={}
QMP reply [src7] query-migrate: {'expected-downtime': 300, 'status': 'active', 'setup-time': 4, 'total-time': 11445, 'ram': {'total': 8607571968, 'postcopy-requests': 0, 'dirty-sync-count': 1, 'multifd-bytes': 0, 'pages-per-second': 32980, 'downtime-bytes': 0, 'page-size': 4096, 'remaining': 3800014848, 'postcopy-bytes': 0, 'mbps': 1082.1456, 'transferred': 1555240824, 'dirty-sync-missed-zero-copy': 0, 'precopy-bytes': 1555239357, 'duplicate': 796510, 'dirty-pages-rate': 0, 'normal-bytes': 1545052160, 'normal': 377210}}
QMP cmd [src7] query-migrate args={}
QMP reply [src7] query-migrate: {'expected-downtime': 300, 'status': 'active', 'setup-time': 4, 'total-time': 11646, 'ram': {'total': 8607571968, 'postcopy-requests': 0, 'dirty-sync-count': 1, 'multifd-bytes': 0, 'pages-per-second': 33000, 'downtime-bytes': 0, 'page-size': 4096, 'remaining': 3772989440, 'postcopy-bytes': 0, 'mbps': 1082.14704, 'transferred': 1582294482, 'dirty-sync-missed-zero-copy': 0, 'precopy-bytes': 1582292995, 'duplicate': 796516, 'dirty-pages-rate': 0, 'normal-bytes': 1572052992, 'normal': 383802}}
QMP cmd [src7] query-migrate args={}
QMP reply [src7] query-migrate: {'expected-downtime': 300, 'status': 'active', 'setup-time': 4, 'total-time': 11847, 'ram': {'total': 8607571968, 'postcopy-requests': 0, 'dirty-sync-count': 1, 'multifd-bytes': 0, 'pages-per-second': 32980, 'downtime-bytes': 0, 'page-size': 4096, 'remaining': 3745972224, 'postcopy-bytes': 0, 'mbps': 1082.1456, 'transferred': 1609348122, 'dirty-sync-missed-zero-copy': 0, 'precopy-bytes': 1609346615, 'duplicate': 796520, 'dirty-pages-rate': 0, 'normal-bytes': 1599053824, 'normal': 390394}}
QMP cmd [src7] query-migrate args={}
QMP reply [src7] query-migrate: {'expected-downtime': 300, 'status': 'active', 'setup-time': 4, 'total-time': 12048, 'ram': {'total': 8607571968, 'postcopy-requests': 0, 'dirty-sync-count': 1, 'multifd-bytes': 0, 'pages-per-second': 32980, 'downtime-bytes': 0, 'page-size': 4096, 'remaining': 3718946816, 'postcopy-bytes': 0, 'mbps': 1082.1456, 'transferred': 1636401780, 'dirty-sync-missed-zero-copy': 0, 'precopy-bytes': 1636400253, 'duplicate': 796526, 'dirty-pages-rate': 0, 'normal-bytes': 1626054656, 'normal': 396986}}
QMP cmd [src7] query-migrate args={}
QMP reply [src7] query-migrate: {'expected-downtime': 300, 'status': 'active', 'setup-time': 4, 'total-time': 12248, 'ram': {'total': 8607571968, 'postcopy-requests': 0, 'dirty-sync-count': 1, 'multifd-bytes': 0, 'pages-per-second': 33020, 'downtime-bytes': 0, 'page-size': 4096, 'remaining': 3691921408, 'postcopy-bytes': 0, 'mbps': 1082.14848, 'transferred': 1663455438, 'dirty-sync-missed-zero-copy': 0, 'precopy-bytes': 1663453891, 'duplicate': 796532, 'dirty-pages-rate': 0, 'normal-bytes': 1653055488, 'normal': 403578}}
QMP cmd [src7] query-migrate args={}
QMP reply [src7] query-migrate: {'expected-downtime': 300, 'status': 'active', 'setup-time': 4, 'total-time': 12449, 'ram': {'total': 8607571968, 'postcopy-requests': 0, 'dirty-sync-count': 1, 'multifd-bytes': 0, 'pages-per-second': 33020, 'downtime-bytes': 0, 'page-size': 4096, 'remaining': 3664879616, 'postcopy-bytes': 0, 'mbps': 1082.14848, 'transferred': 1690509132, 'dirty-sync-missed-zero-copy': 0, 'precopy-bytes': 1690507565, 'duplicate': 796542, 'dirty-pages-rate': 0, 'normal-bytes': 1680056320, 'normal': 410170}}
QMP cmd [src7] query-migrate args={}
QMP reply [src7] query-migrate: {'expected-downtime': 300, 'status': 'active', 'setup-time': 4, 'total-time': 12650, 'ram': {'total': 8607571968, 'postcopy-requests': 0, 'dirty-sync-count': 1, 'multifd-bytes': 0, 'pages-per-second': 32980, 'downtime-bytes': 0, 'page-size': 4096, 'remaining': 3637854208, 'postcopy-bytes': 0, 'mbps': 1082.1456, 'transferred': 1717562790, 'dirty-sync-missed-zero-copy': 0, 'precopy-bytes': 1717561203, 'duplicate': 796548, 'dirty-pages-rate': 0, 'normal-bytes': 1707057152, 'normal': 416762}}
QMP cmd [src7] query-migrate args={}
QMP reply [src7] query-migrate: {'expected-downtime': 300, 'status': 'active', 'setup-time': 4, 'total-time': 12851, 'ram': {'total': 8607571968, 'postcopy-requests': 0, 'dirty-sync-count': 1, 'multifd-bytes': 0, 'pages-per-second': 40320, 'downtime-bytes': 0, 'page-size': 4096, 'remaining': 3607691264, 'postcopy-bytes': 0, 'mbps': 1082.67408, 'transferred': 1744623342, 'dirty-sync-missed-zero-copy': 0, 'precopy-bytes': 1744621735, 'duplicate': 797320, 'dirty-pages-rate': 0, 'normal-bytes': 1734057984, 'normal': 423354}}
QMP cmd [src7] query-migrate args={}
QMP reply [src7] query-migrate: {'expected-downtime': 300, 'status': 'active', 'setup-time': 4, 'total-time': 13052, 'ram': {'total': 8607571968, 'postcopy-requests': 0, 'dirty-sync-count': 1, 'multifd-bytes': 0, 'pages-per-second': 32980, 'downtime-bytes': 0, 'page-size': 4096, 'remaining': 3580665856, 'postcopy-bytes': 0, 'mbps': 1082.1456, 'transferred': 1771677000, 'dirty-sync-missed-zero-copy': 0, 'precopy-bytes': 1771675373, 'duplicate': 797326, 'dirty-pages-rate': 0, 'normal-bytes': 1761058816, 'normal': 429946}}
QMP cmd [src7] query-migrate args={}
QMP reply [src7] query-migrate: {'expected-downtime': 300, 'status': 'active', 'setup-time': 4, 'total-time': 13252, 'ram': {'total': 8607571968, 'postcopy-requests': 0, 'dirty-sync-count': 1, 'multifd-bytes': 0, 'pages-per-second': 32980, 'downtime-bytes': 0, 'page-size': 4096, 'remaining': 3553632256, 'postcopy-bytes': 0, 'mbps': 1082.1456, 'transferred': 1798730676, 'dirty-sync-missed-zero-copy': 0, 'precopy-bytes': 1798729029, 'duplicate': 797334, 'dirty-pages-rate': 0, 'normal-bytes': 1788059648, 'normal': 436538}}
2026-07-15 02:28:33.792845SSH command: ssh -o BatchMode=yes -o StrictHostKeyChecking=no -o UserKnownHostsFile=/dev/null -o ConnectTimeout=1 -o LogLevel=ERROR -p 2228 -i /home/max/.ssh/pgvm_bench user@127.0.0.1 test -f /tmp/bench.done
Return code: 1
Stdout: 
Stderr: 
QMP cmd [src7] query-migrate args={}
QMP reply [src7] query-migrate: {'expected-downtime': 300, 'status': 'active', 'setup-time': 4, 'total-time': 13454, 'ram': {'total': 8607571968, 'postcopy-requests': 0, 'dirty-sync-count': 1, 'multifd-bytes': 0, 'pages-per-second': 32990, 'downtime-bytes': 0, 'page-size': 4096, 'remaining': 3526594560, 'postcopy-bytes': 0, 'mbps': 1082.14632, 'transferred': 1825784361, 'dirty-sync-missed-zero-copy': 0, 'precopy-bytes': 1825782694, 'duplicate': 797343, 'dirty-pages-rate': 0, 'normal-bytes': 1815060480, 'normal': 443130}}
QMP cmd [src7] query-migrate args={}
QMP reply [src7] query-migrate: {'expected-downtime': 300, 'status': 'active', 'setup-time': 4, 'total-time': 13654, 'ram': {'total': 8607571968, 'postcopy-requests': 0, 'dirty-sync-count': 1, 'multifd-bytes': 0, 'pages-per-second': 33040, 'downtime-bytes': 0, 'page-size': 4096, 'remaining': 3499536384, 'postcopy-bytes': 0, 'mbps': 1082.1499199999998, 'transferred': 1852838091, 'dirty-sync-missed-zero-copy': 0, 'precopy-bytes': 1852836404, 'duplicate': 797357, 'dirty-pages-rate': 0, 'normal-bytes': 1842061312, 'normal': 449722}}
QMP cmd [src7] query-migrate args={}
QMP reply [src7] query-migrate: {'expected-downtime': 300, 'status': 'active', 'setup-time': 4, 'total-time': 13855, 'ram': {'total': 8607571968, 'postcopy-requests': 0, 'dirty-sync-count': 1, 'multifd-bytes': 0, 'pages-per-second': 33020, 'downtime-bytes': 0, 'page-size': 4096, 'remaining': 3472470016, 'postcopy-bytes': 0, 'mbps': 1082.14848, 'transferred': 1879891839, 'dirty-sync-missed-zero-copy': 0, 'precopy-bytes': 1879890132, 'duplicate': 797373, 'dirty-pages-rate': 0, 'normal-bytes': 1869062144, 'normal': 456314}}
QMP cmd [src7] query-migrate args={}
QMP reply [src7] query-migrate: {'expected-downtime': 300, 'status': 'active', 'setup-time': 4, 'total-time': 14056, 'ram': {'total': 8607571968, 'postcopy-requests': 0, 'dirty-sync-count': 1, 'multifd-bytes': 0, 'pages-per-second': 33040, 'downtime-bytes': 0, 'page-size': 4096, 'remaining': 3445411840, 'postcopy-bytes': 0, 'mbps': 1082.1499199999998, 'transferred': 1906945569, 'dirty-sync-missed-zero-copy': 0, 'precopy-bytes': 1906943842, 'duplicate': 797387, 'dirty-pages-rate': 0, 'normal-bytes': 1896062976, 'normal': 462906}}
QMP cmd [src7] query-migrate args={}
QMP reply [src7] query-migrate: {'expected-downtime': 300, 'status': 'active', 'setup-time': 4, 'total-time': 14257, 'ram': {'total': 8607571968, 'postcopy-requests': 0, 'dirty-sync-count': 1, 'multifd-bytes': 0, 'pages-per-second': 33000, 'downtime-bytes': 0, 'page-size': 4096, 'remaining': 3418386432, 'postcopy-bytes': 0, 'mbps': 1082.14704, 'transferred': 1933999227, 'dirty-sync-missed-zero-copy': 0, 'precopy-bytes': 1933997480, 'duplicate': 797393, 'dirty-pages-rate': 0, 'normal-bytes': 1923063808, 'normal': 469498}}
QMP cmd [src7] query-migrate args={}
QMP reply [src7] query-migrate: {'expected-downtime': 300, 'status': 'active', 'setup-time': 4, 'total-time': 14457, 'ram': {'total': 8607571968, 'postcopy-requests': 0, 'dirty-sync-count': 1, 'multifd-bytes': 0, 'pages-per-second': 32980, 'downtime-bytes': 0, 'page-size': 4096, 'remaining': 3391369216, 'postcopy-bytes': 0, 'mbps': 1082.1456, 'transferred': 1961052867, 'dirty-sync-missed-zero-copy': 0, 'precopy-bytes': 1961051100, 'duplicate': 797397, 'dirty-pages-rate': 0, 'normal-bytes': 1950064640, 'normal': 476090}}
QMP cmd [src7] query-migrate args={}
QMP reply [src7] query-migrate: {'expected-downtime': 300, 'status': 'active', 'setup-time': 4, 'total-time': 14658, 'ram': {'total': 8607571968, 'postcopy-requests': 0, 'dirty-sync-count': 1, 'multifd-bytes': 0, 'pages-per-second': 33420, 'downtime-bytes': 0, 'page-size': 4096, 'remaining': 3364163584, 'postcopy-bytes': 0, 'mbps': 1082.17728, 'transferred': 1988106921, 'dirty-sync-missed-zero-copy': 0, 'precopy-bytes': 1988105134, 'duplicate': 797447, 'dirty-pages-rate': 0, 'normal-bytes': 1977065472, 'normal': 482682}}
QMP cmd [src7] query-migrate args={}
QMP reply [src7] query-migrate: {'expected-downtime': 300, 'status': 'active', 'setup-time': 4, 'total-time': 14859, 'ram': {'total': 8607571968, 'postcopy-requests': 0, 'dirty-sync-count': 1, 'multifd-bytes': 0, 'pages-per-second': 33000, 'downtime-bytes': 0, 'page-size': 4096, 'remaining': 3337121792, 'postcopy-bytes': 0, 'mbps': 1082.14704, 'transferred': 2015160615, 'dirty-sync-missed-zero-copy': 0, 'precopy-bytes': 2015158808, 'duplicate': 797457, 'dirty-pages-rate': 0, 'normal-bytes': 2004066304, 'normal': 489274}}
QMP cmd [src7] query-migrate args={}
QMP reply [src7] query-migrate: {'expected-downtime': 300, 'status': 'active', 'setup-time': 4, 'total-time': 15060, 'ram': {'total': 8607571968, 'postcopy-requests': 0, 'dirty-sync-count': 1, 'multifd-bytes': 0, 'pages-per-second': 33000, 'downtime-bytes': 0, 'page-size': 4096, 'remaining': 3310096384, 'postcopy-bytes': 0, 'mbps': 1082.14704, 'transferred': 2042214273, 'dirty-sync-missed-zero-copy': 0, 'precopy-bytes': 2042212446, 'duplicate': 797463, 'dirty-pages-rate': 0, 'normal-bytes': 2031067136, 'normal': 495866}}
QMP cmd [src7] query-migrate args={}
QMP reply [src7] query-migrate: {'expected-downtime': 300, 'status': 'active', 'setup-time': 4, 'total-time': 15261, 'ram': {'total': 8607571968, 'postcopy-requests': 0, 'dirty-sync-count': 1, 'multifd-bytes': 0, 'pages-per-second': 32980, 'downtime-bytes': 0, 'page-size': 4096, 'remaining': 3283079168, 'postcopy-bytes': 0, 'mbps': 1082.1456, 'transferred': 2069267913, 'dirty-sync-missed-zero-copy': 0, 'precopy-bytes': 2069266066, 'duplicate': 797467, 'dirty-pages-rate': 0, 'normal-bytes': 2058067968, 'normal': 502458}}
QMP cmd [src7] query-migrate args={}
QMP reply [src7] query-migrate: {'expected-downtime': 300, 'status': 'active', 'setup-time': 4, 'total-time': 15462, 'ram': {'total': 8607571968, 'postcopy-requests': 0, 'dirty-sync-count': 1, 'multifd-bytes': 0, 'pages-per-second': 33000, 'downtime-bytes': 0, 'page-size': 4096, 'remaining': 3256045568, 'postcopy-bytes': 0, 'mbps': 1082.14704, 'transferred': 2096321589, 'dirty-sync-missed-zero-copy': 0, 'precopy-bytes': 2096319722, 'duplicate': 797475, 'dirty-pages-rate': 0, 'normal-bytes': 2085068800, 'normal': 509050}}
2026-07-15 02:28:35.949953SSH command: ssh -o BatchMode=yes -o StrictHostKeyChecking=no -o UserKnownHostsFile=/dev/null -o ConnectTimeout=1 -o LogLevel=ERROR -p 2228 -i /home/max/.ssh/pgvm_bench user@127.0.0.1 test -f /tmp/bench.done
Return code: 1
Stdout: 
Stderr: 
QMP cmd [src7] query-migrate args={}
QMP reply [src7] query-migrate: {'expected-downtime': 300, 'status': 'active', 'setup-time': 4, 'total-time': 15664, 'ram': {'total': 8607571968, 'postcopy-requests': 0, 'dirty-sync-count': 1, 'multifd-bytes': 0, 'pages-per-second': 33000, 'downtime-bytes': 0, 'page-size': 4096, 'remaining': 3229020160, 'postcopy-bytes': 0, 'mbps': 1082.14704, 'transferred': 2123375247, 'dirty-sync-missed-zero-copy': 0, 'precopy-bytes': 2123373360, 'duplicate': 797481, 'dirty-pages-rate': 0, 'normal-bytes': 2112069632, 'normal': 515642}}
QMP cmd [src7] query-migrate args={}
QMP reply [src7] query-migrate: {'expected-downtime': 300, 'status': 'active', 'setup-time': 4, 'total-time': 15864, 'ram': {'total': 8607571968, 'postcopy-requests': 0, 'dirty-sync-count': 1, 'multifd-bytes': 0, 'pages-per-second': 32980, 'downtime-bytes': 0, 'page-size': 4096, 'remaining': 3201994752, 'postcopy-bytes': 0, 'mbps': 1082.1456, 'transferred': 2150428905, 'dirty-sync-missed-zero-copy': 0, 'precopy-bytes': 2150426998, 'duplicate': 797487, 'dirty-pages-rate': 0, 'normal-bytes': 2139070464, 'normal': 522234}}
QMP cmd [src7] query-migrate args={}
QMP reply [src7] query-migrate: {'expected-downtime': 300, 'status': 'active', 'setup-time': 4, 'total-time': 16065, 'ram': {'total': 8607571968, 'postcopy-requests': 0, 'dirty-sync-count': 1, 'multifd-bytes': 0, 'pages-per-second': 32980, 'downtime-bytes': 0, 'page-size': 4096, 'remaining': 3174936576, 'postcopy-bytes': 0, 'mbps': 1082.1456, 'transferred': 2177482635, 'dirty-sync-missed-zero-copy': 0, 'precopy-bytes': 2177480708, 'duplicate': 797501, 'dirty-pages-rate': 0, 'normal-bytes': 2166071296, 'normal': 528826}}
QMP cmd [src7] query-migrate args={}
QMP reply [src7] query-migrate: {'expected-downtime': 300, 'status': 'active', 'setup-time': 4, 'total-time': 16266, 'ram': {'total': 8607571968, 'postcopy-requests': 0, 'dirty-sync-count': 1, 'multifd-bytes': 0, 'pages-per-second': 33320, 'downtime-bytes': 0, 'page-size': 4096, 'remaining': 3147763712, 'postcopy-bytes': 0, 'mbps': 1082.17008, 'transferred': 2204536617, 'dirty-sync-missed-zero-copy': 0, 'precopy-bytes': 2204534670, 'duplicate': 797543, 'dirty-pages-rate': 0, 'normal-bytes': 2193072128, 'normal': 535418}}
QMP cmd [src7] query-migrate args={}
QMP reply [src7] query-migrate: {'expected-downtime': 300, 'status': 'active', 'setup-time': 4, 'total-time': 16467, 'ram': {'total': 8607571968, 'postcopy-requests': 0, 'dirty-sync-count': 1, 'multifd-bytes': 0, 'pages-per-second': 32980, 'downtime-bytes': 0, 'page-size': 4096, 'remaining': 3120738304, 'postcopy-bytes': 0, 'mbps': 1082.1456, 'transferred': 2231590275, 'dirty-sync-missed-zero-copy': 0, 'precopy-bytes': 2231588308, 'duplicate': 797549, 'dirty-pages-rate': 0, 'normal-bytes': 2220072960, 'normal': 542010}}
QMP cmd [src7] query-migrate args={}
QMP reply [src7] query-migrate: {'expected-downtime': 300, 'status': 'active', 'setup-time': 4, 'total-time': 16667, 'ram': {'total': 8607571968, 'postcopy-requests': 0, 'dirty-sync-count': 1, 'multifd-bytes': 0, 'pages-per-second': 33040, 'downtime-bytes': 0, 'page-size': 4096, 'remaining': 3093696512, 'postcopy-bytes': 0, 'mbps': 1082.1499199999998, 'transferred': 2258643969, 'dirty-sync-missed-zero-copy': 0, 'precopy-bytes': 2258641982, 'duplicate': 797559, 'dirty-pages-rate': 0, 'normal-bytes': 2247073792, 'normal': 548602}}
QMP cmd [src7] query-migrate args={}
QMP reply [src7] query-migrate: {'expected-downtime': 300, 'status': 'active', 'setup-time': 4, 'total-time': 16868, 'ram': {'total': 8607571968, 'postcopy-requests': 0, 'dirty-sync-count': 1, 'multifd-bytes': 0, 'pages-per-second': 32980, 'downtime-bytes': 0, 'page-size': 4096, 'remaining': 3066679296, 'postcopy-bytes': 0, 'mbps': 1082.1456, 'transferred': 2285697609, 'dirty-sync-missed-zero-copy': 0, 'precopy-bytes': 2285695602, 'duplicate': 797563, 'dirty-pages-rate': 0, 'normal-bytes': 2274074624, 'normal': 555194}}
QMP cmd [src7] query-migrate args={}
QMP reply [src7] query-migrate: {'expected-downtime': 300, 'status': 'active', 'setup-time': 4, 'total-time': 17069, 'ram': {'total': 8607571968, 'postcopy-requests': 0, 'dirty-sync-count': 1, 'multifd-bytes': 0, 'pages-per-second': 32980, 'downtime-bytes': 0, 'page-size': 4096, 'remaining': 3039653888, 'postcopy-bytes': 0, 'mbps': 1082.1456, 'transferred': 2312751267, 'dirty-sync-missed-zero-copy': 0, 'precopy-bytes': 2312749240, 'duplicate': 797569, 'dirty-pages-rate': 0, 'normal-bytes': 2301075456, 'normal': 561786}}
QMP cmd [src7] query-migrate args={}
QMP reply [src7] query-migrate: {'expected-downtime': 300, 'status': 'active', 'setup-time': 4, 'total-time': 17269, 'ram': {'total': 8607571968, 'postcopy-requests': 0, 'dirty-sync-count': 1, 'multifd-bytes': 0, 'pages-per-second': 32980, 'downtime-bytes': 0, 'page-size': 4096, 'remaining': 3012423680, 'postcopy-bytes': 0, 'mbps': 1082.1456, 'transferred': 2339805375, 'dirty-sync-missed-zero-copy': 0, 'precopy-bytes': 2339803328, 'duplicate': 797625, 'dirty-pages-rate': 0, 'normal-bytes': 2328076288, 'normal': 568378}}
QMP cmd [src7] query-migrate args={}
QMP reply [src7] query-migrate: {'expected-downtime': 300, 'status': 'active', 'setup-time': 4, 'total-time': 17470, 'ram': {'total': 8607571968, 'postcopy-requests': 0, 'dirty-sync-count': 1, 'multifd-bytes': 0, 'pages-per-second': 32980, 'downtime-bytes': 0, 'page-size': 4096, 'remaining': 2985406464, 'postcopy-bytes': 0, 'mbps': 1082.1456, 'transferred': 2366859015, 'dirty-sync-missed-zero-copy': 0, 'precopy-bytes': 2366856948, 'duplicate': 797629, 'dirty-pages-rate': 0, 'normal-bytes': 2355077120, 'normal': 574970}}
QMP cmd [src7] query-migrate args={}
QMP reply [src7] query-migrate: {'expected-downtime': 300, 'status': 'active', 'setup-time': 4, 'total-time': 17671, 'ram': {'total': 8607571968, 'postcopy-requests': 0, 'dirty-sync-count': 1, 'multifd-bytes': 0, 'pages-per-second': 33020, 'downtime-bytes': 0, 'page-size': 4096, 'remaining': 2958356480, 'postcopy-bytes': 0, 'mbps': 1082.14848, 'transferred': 2393912727, 'dirty-sync-missed-zero-copy': 0, 'precopy-bytes': 2393910640, 'duplicate': 797641, 'dirty-pages-rate': 0, 'normal-bytes': 2382077952, 'normal': 581562}}
2026-07-15 02:28:38.122564SSH command: ssh -o BatchMode=yes -o StrictHostKeyChecking=no -o UserKnownHostsFile=/dev/null -o ConnectTimeout=1 -o LogLevel=ERROR -p 2228 -i /home/max/.ssh/pgvm_bench user@127.0.0.1 test -f /tmp/bench.done
Return code: 1
Stdout: 
Stderr: 
QMP cmd [src7] query-migrate args={}
QMP reply [src7] query-migrate: {'expected-downtime': 300, 'status': 'active', 'setup-time': 4, 'total-time': 17872, 'ram': {'total': 8607571968, 'postcopy-requests': 0, 'dirty-sync-count': 1, 'multifd-bytes': 0, 'pages-per-second': 33020, 'downtime-bytes': 0, 'page-size': 4096, 'remaining': 2931314688, 'postcopy-bytes': 0, 'mbps': 1082.14848, 'transferred': 2420966421, 'dirty-sync-missed-zero-copy': 0, 'precopy-bytes': 2420964314, 'duplicate': 797651, 'dirty-pages-rate': 0, 'normal-bytes': 2409078784, 'normal': 588154}}
QMP cmd [src7] query-migrate args={}
QMP reply [src7] query-migrate: {'expected-downtime': 300, 'status': 'active', 'setup-time': 4, 'total-time': 18073, 'ram': {'total': 8607571968, 'postcopy-requests': 0, 'dirty-sync-count': 1, 'multifd-bytes': 0, 'pages-per-second': 33000, 'downtime-bytes': 0, 'page-size': 4096, 'remaining': 2904272896, 'postcopy-bytes': 0, 'mbps': 1082.14704, 'transferred': 2448020115, 'dirty-sync-missed-zero-copy': 0, 'precopy-bytes': 2448017988, 'duplicate': 797661, 'dirty-pages-rate': 0, 'normal-bytes': 2436079616, 'normal': 594746}}
QMP cmd [src7] query-migrate args={}
QMP reply [src7] query-migrate: {'expected-downtime': 300, 'status': 'active', 'setup-time': 4, 'total-time': 18274, 'ram': {'total': 8607571968, 'postcopy-requests': 0, 'dirty-sync-count': 1, 'multifd-bytes': 0, 'pages-per-second': 33000, 'downtime-bytes': 0, 'page-size': 4096, 'remaining': 2877247488, 'postcopy-bytes': 0, 'mbps': 1082.14704, 'transferred': 2475073773, 'dirty-sync-missed-zero-copy': 0, 'precopy-bytes': 2475071626, 'duplicate': 797667, 'dirty-pages-rate': 0, 'normal-bytes': 2463080448, 'normal': 601338}}
QMP cmd [src7] query-migrate args={}
QMP reply [src7] query-migrate: {'expected-downtime': 300, 'status': 'active', 'setup-time': 4, 'total-time': 18475, 'ram': {'total': 8607571968, 'postcopy-requests': 0, 'dirty-sync-count': 1, 'multifd-bytes': 0, 'pages-per-second': 33080, 'downtime-bytes': 0, 'page-size': 4096, 'remaining': 2850156544, 'postcopy-bytes': 0, 'mbps': 1082.1528, 'transferred': 2502127575, 'dirty-sync-missed-zero-copy': 0, 'precopy-bytes': 2502125408, 'duplicate': 797689, 'dirty-pages-rate': 0, 'normal-bytes': 2490081280, 'normal': 607930}}
QMP cmd [src7] query-migrate args={}
QMP reply [src7] query-migrate: {'expected-downtime': 300, 'status': 'active', 'setup-time': 4, 'total-time': 18676, 'ram': {'total': 8607571968, 'postcopy-requests': 0, 'dirty-sync-count': 1, 'multifd-bytes': 0, 'pages-per-second': 33160, 'downtime-bytes': 0, 'page-size': 4096, 'remaining': 2823065600, 'postcopy-bytes': 0, 'mbps': 1082.15856, 'transferred': 2529181377, 'dirty-sync-missed-zero-copy': 0, 'precopy-bytes': 2529179190, 'duplicate': 797711, 'dirty-pages-rate': 0, 'normal-bytes': 2517082112, 'normal': 614522}}
QMP cmd [src7] query-migrate args={}
QMP reply [src7] query-migrate: {'expected-downtime': 300, 'status': 'active', 'setup-time': 4, 'total-time': 18876, 'ram': {'total': 8607571968, 'postcopy-requests': 0, 'dirty-sync-count': 1, 'multifd-bytes': 0, 'pages-per-second': 33300, 'downtime-bytes': 0, 'page-size': 4096, 'remaining': 2795786240, 'postcopy-bytes': 0, 'mbps': 1082.1686399999999, 'transferred': 2556235593, 'dirty-sync-missed-zero-copy': 0, 'precopy-bytes': 2556233386, 'duplicate': 797779, 'dirty-pages-rate': 0, 'normal-bytes': 2544082944, 'normal': 621114}}
QMP cmd [src7] query-migrate args={}
QMP reply [src7] query-migrate: {'expected-downtime': 300, 'status': 'active', 'setup-time': 4, 'total-time': 19077, 'ram': {'total': 8607571968, 'postcopy-requests': 0, 'dirty-sync-count': 1, 'multifd-bytes': 0, 'pages-per-second': 37040, 'downtime-bytes': 0, 'page-size': 4096, 'remaining': 2766442496, 'postcopy-bytes': 0, 'mbps': 1082.4379199999998, 'transferred': 2583294345, 'dirty-sync-missed-zero-copy': 0, 'precopy-bytes': 2583292118, 'duplicate': 798351, 'dirty-pages-rate': 0, 'normal-bytes': 2571083776, 'normal': 627706}}
QMP cmd [src7] query-migrate args={}
QMP reply [src7] query-migrate: {'expected-downtime': 300, 'status': 'active', 'setup-time': 4, 'total-time': 19278, 'ram': {'total': 8607571968, 'postcopy-requests': 0, 'dirty-sync-count': 1, 'multifd-bytes': 0, 'pages-per-second': 36420, 'downtime-bytes': 0, 'page-size': 4096, 'remaining': 2737098752, 'postcopy-bytes': 0, 'mbps': 1082.39328, 'transferred': 2610353097, 'dirty-sync-missed-zero-copy': 0, 'precopy-bytes': 2610350850, 'duplicate': 798923, 'dirty-pages-rate': 0, 'normal-bytes': 2598084608, 'normal': 634298}}
QMP cmd [src7] query-migrate args={}
QMP reply [src7] query-migrate: {'expected-downtime': 300, 'status': 'active', 'setup-time': 4, 'total-time': 19479, 'ram': {'total': 8607571968, 'postcopy-requests': 0, 'dirty-sync-count': 1, 'multifd-bytes': 0, 'pages-per-second': 35620, 'downtime-bytes': 0, 'page-size': 4096, 'remaining': 2708287488, 'postcopy-bytes': 0, 'mbps': 1082.33568, 'transferred': 2637410679, 'dirty-sync-missed-zero-copy': 0, 'precopy-bytes': 2637408412, 'duplicate': 799365, 'dirty-pages-rate': 0, 'normal-bytes': 2625085440, 'normal': 640890}}
QMP cmd [src7] query-migrate args={}
QMP reply [src7] query-migrate: {'expected-downtime': 300, 'status': 'active', 'setup-time': 4, 'total-time': 19680, 'ram': {'total': 8607571968, 'postcopy-requests': 0, 'dirty-sync-count': 1, 'multifd-bytes': 0, 'pages-per-second': 35580, 'downtime-bytes': 0, 'page-size': 4096, 'remaining': 2679500800, 'postcopy-bytes': 0, 'mbps': 1082.3328000000001, 'transferred': 2664468207, 'dirty-sync-missed-zero-copy': 0, 'precopy-bytes': 2664465920, 'duplicate': 799801, 'dirty-pages-rate': 0, 'normal-bytes': 2652086272, 'normal': 647482}}
2026-07-15 02:28:40.306015SSH command: ssh -o BatchMode=yes -o StrictHostKeyChecking=no -o UserKnownHostsFile=/dev/null -o ConnectTimeout=1 -o LogLevel=ERROR -p 2228 -i /home/max/.ssh/pgvm_bench user@127.0.0.1 test -f /tmp/bench.done
Return code: 1
Stdout: 
Stderr: 
QMP cmd [src7] query-migrate args={}
QMP reply [src7] query-migrate: {'expected-downtime': 300, 'status': 'active', 'setup-time': 4, 'total-time': 19881, 'ram': {'total': 8607571968, 'postcopy-requests': 0, 'dirty-sync-count': 1, 'multifd-bytes': 0, 'pages-per-second': 34820, 'downtime-bytes': 0, 'page-size': 4096, 'remaining': 2651688960, 'postcopy-bytes': 0, 'mbps': 1082.27808, 'transferred': 2691523593, 'dirty-sync-missed-zero-copy': 0, 'precopy-bytes': 2691521286, 'duplicate': 799999, 'dirty-pages-rate': 0, 'normal-bytes': 2679087104, 'normal': 654074}}
QMP cmd [src7] query-migrate args={}
QMP reply [src7] query-migrate: {'expected-downtime': 300, 'status': 'active', 'setup-time': 4, 'total-time': 20081, 'ram': {'total': 8607571968, 'postcopy-requests': 0, 'dirty-sync-count': 1, 'multifd-bytes': 0, 'pages-per-second': 32960, 'downtime-bytes': 0, 'page-size': 4096, 'remaining': 2624475136, 'postcopy-bytes': 0, 'mbps': 1082.1441599999998, 'transferred': 2718577665, 'dirty-sync-missed-zero-copy': 0, 'precopy-bytes': 2718575338, 'duplicate': 800051, 'dirty-pages-rate': 0, 'normal-bytes': 2706087936, 'normal': 660666}}
QMP cmd [src7] query-migrate args={}
QMP reply [src7] query-migrate: {'expected-downtime': 300, 'status': 'active', 'setup-time': 4, 'total-time': 20282, 'ram': {'total': 8607571968, 'postcopy-requests': 0, 'dirty-sync-count': 1, 'multifd-bytes': 0, 'pages-per-second': 33740, 'downtime-bytes': 0, 'page-size': 4096, 'remaining': 2597040128, 'postcopy-bytes': 0, 'mbps': 1082.2003200000001, 'transferred': 2745632223, 'dirty-sync-missed-zero-copy': 0, 'precopy-bytes': 2745629876, 'duplicate': 800157, 'dirty-pages-rate': 0, 'normal-bytes': 2733088768, 'normal': 667258}}
QMP cmd [src7] query-migrate args={}
QMP reply [src7] query-migrate: {'expected-downtime': 300, 'status': 'active', 'setup-time': 4, 'total-time': 20483, 'ram': {'total': 8607571968, 'postcopy-requests': 0, 'dirty-sync-count': 1, 'multifd-bytes': 0, 'pages-per-second': 33760, 'downtime-bytes': 0, 'page-size': 4096, 'remaining': 2563166208, 'postcopy-bytes': 0, 'mbps': 1082.20176, 'transferred': 2772700929, 'dirty-sync-missed-zero-copy': 0, 'precopy-bytes': 2772698562, 'duplicate': 801835, 'dirty-pages-rate': 0, 'normal-bytes': 2760089600, 'normal': 673850}}
QMP cmd [src7] query-migrate args={}
QMP reply [src7] query-migrate: {'expected-downtime': 300, 'status': 'active', 'setup-time': 4, 'total-time': 20684, 'ram': {'total': 8607571968, 'postcopy-requests': 0, 'dirty-sync-count': 1, 'multifd-bytes': 0, 'pages-per-second': 33960, 'downtime-bytes': 0, 'page-size': 4096, 'remaining': 2535632896, 'postcopy-bytes': 0, 'mbps': 1082.21616, 'transferred': 2799755703, 'dirty-sync-missed-zero-copy': 0, 'precopy-bytes': 2799753316, 'duplicate': 801965, 'dirty-pages-rate': 0, 'normal-bytes': 2787090432, 'normal': 680442}}
QMP cmd [src7] query-migrate args={}
QMP reply [src7] query-migrate: {'expected-downtime': 300, 'status': 'active', 'setup-time': 4, 'total-time': 20885, 'ram': {'total': 8607571968, 'postcopy-requests': 0, 'dirty-sync-count': 1, 'multifd-bytes': 0, 'pages-per-second': 33720, 'downtime-bytes': 0, 'page-size': 4096, 'remaining': 2508230656, 'postcopy-bytes': 0, 'mbps': 1082.19888, 'transferred': 2826810189, 'dirty-sync-missed-zero-copy': 0, 'precopy-bytes': 2826807782, 'duplicate': 802063, 'dirty-pages-rate': 0, 'normal-bytes': 2814091264, 'normal': 687034}}
QMP cmd [src7] query-migrate args={}
QMP reply [src7] query-migrate: {'expected-downtime': 300, 'status': 'active', 'setup-time': 4, 'total-time': 21085, 'ram': {'total': 8607571968, 'postcopy-requests': 0, 'dirty-sync-count': 1, 'multifd-bytes': 0, 'pages-per-second': 33770, 'downtime-bytes': 0, 'page-size': 4096, 'remaining': 2480578560, 'postcopy-bytes': 0, 'mbps': 1082.20248, 'transferred': 2853865224, 'dirty-sync-missed-zero-copy': 0, 'precopy-bytes': 2853862797, 'duplicate': 802222, 'dirty-pages-rate': 0, 'normal-bytes': 2841092096, 'normal': 693626}}
QMP cmd [src7] query-migrate args={}
QMP reply [src7] query-migrate: {'expected-downtime': 300, 'status': 'active', 'setup-time': 4, 'total-time': 21286, 'ram': {'total': 8607571968, 'postcopy-requests': 0, 'dirty-sync-count': 1, 'multifd-bytes': 0, 'pages-per-second': 33640, 'downtime-bytes': 0, 'page-size': 4096, 'remaining': 2452865024, 'postcopy-bytes': 0, 'mbps': 1082.1931200000001, 'transferred': 2880920394, 'dirty-sync-missed-zero-copy': 0, 'precopy-bytes': 2880917947, 'duplicate': 802396, 'dirty-pages-rate': 0, 'normal-bytes': 2868092928, 'normal': 700218}}
QMP cmd [src7] query-migrate args={}
QMP reply [src7] query-migrate: {'expected-downtime': 300, 'status': 'active', 'setup-time': 4, 'total-time': 21487, 'ram': {'total': 8607571968, 'postcopy-requests': 0, 'dirty-sync-count': 1, 'multifd-bytes': 0, 'pages-per-second': 32960, 'downtime-bytes': 0, 'page-size': 4096, 'remaining': 2425683968, 'postcopy-bytes': 0, 'mbps': 1082.1441599999998, 'transferred': 2907974394, 'dirty-sync-missed-zero-copy': 0, 'precopy-bytes': 2907971927, 'duplicate': 802440, 'dirty-pages-rate': 0, 'normal-bytes': 2895093760, 'normal': 706810}}
QMP cmd [src7] query-migrate args={}
QMP reply [src7] query-migrate: {'expected-downtime': 300, 'status': 'active', 'setup-time': 4, 'total-time': 21688, 'ram': {'total': 8607571968, 'postcopy-requests': 0, 'dirty-sync-count': 1, 'multifd-bytes': 0, 'pages-per-second': 33660, 'downtime-bytes': 0, 'page-size': 4096, 'remaining': 2398044160, 'postcopy-bytes': 0, 'mbps': 1082.1945600000001, 'transferred': 2935029402, 'dirty-sync-missed-zero-copy': 0, 'precopy-bytes': 2935026915, 'duplicate': 802596, 'dirty-pages-rate': 0, 'normal-bytes': 2922094592, 'normal': 713402}}
QMP cmd [src7] query-migrate args={}
QMP reply [src7] query-migrate: {'expected-downtime': 300, 'status': 'active', 'setup-time': 4, 'total-time': 21889, 'ram': {'total': 8607571968, 'postcopy-requests': 0, 'dirty-sync-count': 1, 'multifd-bytes': 0, 'pages-per-second': 34020, 'downtime-bytes': 0, 'page-size': 4096, 'remaining': 2370494464, 'postcopy-bytes': 0, 'mbps': 1082.22048, 'transferred': 2962084212, 'dirty-sync-missed-zero-copy': 0, 'precopy-bytes': 2962081705, 'duplicate': 802730, 'dirty-pages-rate': 0, 'normal-bytes': 2949095424, 'normal': 719994}}
2026-07-15 02:28:42.472989SSH command: ssh -o BatchMode=yes -o StrictHostKeyChecking=no -o UserKnownHostsFile=/dev/null -o ConnectTimeout=1 -o LogLevel=ERROR -p 2228 -i /home/max/.ssh/pgvm_bench user@127.0.0.1 test -f /tmp/bench.done
Return code: 1
Stdout: 
Stderr: 
QMP cmd [src7] query-migrate args={}
QMP reply [src7] query-migrate: {'expected-downtime': 300, 'status': 'active', 'setup-time': 4, 'total-time': 22091, 'ram': {'total': 8607571968, 'postcopy-requests': 0, 'dirty-sync-count': 1, 'multifd-bytes': 0, 'pages-per-second': 32960, 'downtime-bytes': 0, 'page-size': 4096, 'remaining': 2343395328, 'postcopy-bytes': 0, 'mbps': 1082.1441599999998, 'transferred': 2989138032, 'dirty-sync-missed-zero-copy': 0, 'precopy-bytes': 2989135505, 'duplicate': 802754, 'dirty-pages-rate': 0, 'normal-bytes': 2976096256, 'normal': 726586}}
QMP cmd [src7] query-migrate args={}
QMP reply [src7] query-migrate: {'expected-downtime': 300, 'status': 'active', 'setup-time': 4, 'total-time': 22291, 'ram': {'total': 8607571968, 'postcopy-requests': 0, 'dirty-sync-count': 1, 'multifd-bytes': 0, 'pages-per-second': 35130, 'downtime-bytes': 0, 'page-size': 4096, 'remaining': 2312712192, 'postcopy-bytes': 0, 'mbps': 1082.3003999999999, 'transferred': 3016199727, 'dirty-sync-missed-zero-copy': 0, 'precopy-bytes': 3016197180, 'duplicate': 803653, 'dirty-pages-rate': 0, 'normal-bytes': 3003097088, 'normal': 733178}}
QMP cmd [src7] query-migrate args={}
QMP reply [src7] query-migrate: {'expected-downtime': 300, 'status': 'active', 'setup-time': 4, 'total-time': 22492, 'ram': {'total': 8607571968, 'postcopy-requests': 0, 'dirty-sync-count': 1, 'multifd-bytes': 0, 'pages-per-second': 34200, 'downtime-bytes': 0, 'page-size': 4096, 'remaining': 2284998656, 'postcopy-bytes': 0, 'mbps': 1082.23344, 'transferred': 3043254897, 'dirty-sync-missed-zero-copy': 0, 'precopy-bytes': 3043252330, 'duplicate': 803827, 'dirty-pages-rate': 0, 'normal-bytes': 3030097920, 'normal': 739770}}
QMP cmd [src7] query-migrate args={}
QMP reply [src7] query-migrate: {'expected-downtime': 300, 'status': 'active', 'setup-time': 4, 'total-time': 22693, 'ram': {'total': 8607571968, 'postcopy-requests': 0, 'dirty-sync-count': 1, 'multifd-bytes': 0, 'pages-per-second': 33840, 'downtime-bytes': 0, 'page-size': 4096, 'remaining': 2257219584, 'postcopy-bytes': 0, 'mbps': 1082.20752, 'transferred': 3070310211, 'dirty-sync-missed-zero-copy': 0, 'precopy-bytes': 3070307624, 'duplicate': 804017, 'dirty-pages-rate': 0, 'normal-bytes': 3057098752, 'normal': 746362}}
QMP cmd [src7] query-migrate args={}
QMP reply [src7] query-migrate: {'expected-downtime': 300, 'status': 'active', 'setup-time': 4, 'total-time': 22894, 'ram': {'total': 8607571968, 'postcopy-requests': 0, 'dirty-sync-count': 1, 'multifd-bytes': 0, 'pages-per-second': 36320, 'downtime-bytes': 0, 'page-size': 4096, 'remaining': 2227695616, 'postcopy-bytes': 0, 'mbps': 1082.38608, 'transferred': 3097369359, 'dirty-sync-missed-zero-copy': 0, 'precopy-bytes': 3097366752, 'duplicate': 804633, 'dirty-pages-rate': 0, 'normal-bytes': 3084099584, 'normal': 752954}}
QMP cmd [src7] query-migrate args={}
QMP reply [src7] query-migrate: {'expected-downtime': 300, 'status': 'active', 'setup-time': 4, 'total-time': 23095, 'ram': {'total': 8607571968, 'postcopy-requests': 0, 'dirty-sync-count': 1, 'multifd-bytes': 0, 'pages-per-second': 37060, 'downtime-bytes': 0, 'page-size': 4096, 'remaining': 163459072, 'postcopy-bytes': 0, 'mbps': 1082.43936, 'transferred': 3124427589, 'dirty-sync-missed-zero-copy': 0, 'precopy-bytes': 3124424952, 'duplicate': 1303097, 'dirty-pages-rate': 0, 'normal-bytes': 3106627584, 'normal': 758454}}
QMP cmd [src7] query-migrate args={}
QMP reply [src7] query-migrate: {'expected-downtime': 300, 'status': 'active', 'setup-time': 4, 'total-time': 23295, 'ram': {'total': 8607571968, 'postcopy-requests': 0, 'dirty-sync-count': 1, 'multifd-bytes': 0, 'pages-per-second': 34210, 'downtime-bytes': 0, 'page-size': 4096, 'remaining': 135946240, 'postcopy-bytes': 0, 'mbps': 1082.23416, 'transferred': 3151482318, 'dirty-sync-missed-zero-copy': 0, 'precopy-bytes': 3151479661, 'duplicate': 1303222, 'dirty-pages-rate': 0, 'normal-bytes': 3133628416, 'normal': 765046}}
QMP cmd [src7] query-migrate args={}
QMP reply [src7] query-migrate: {'expected-downtime': 300, 'status': 'active', 'setup-time': 4, 'total-time': 23496, 'ram': {'total': 8607571968, 'postcopy-requests': 0, 'dirty-sync-count': 1, 'multifd-bytes': 0, 'pages-per-second': 32960, 'downtime-bytes': 0, 'page-size': 4096, 'remaining': 108945408, 'postcopy-bytes': 0, 'mbps': 1082.1441599999998, 'transferred': 3178535922, 'dirty-sync-missed-zero-copy': 0, 'precopy-bytes': 3178533245, 'duplicate': 1303222, 'dirty-pages-rate': 0, 'normal-bytes': 3160629248, 'normal': 771638}}
QMP cmd [src7] query-migrate args={}
QMP reply [src7] query-migrate: {'expected-downtime': 300, 'status': 'active', 'setup-time': 4, 'total-time': 23697, 'ram': {'total': 8607571968, 'postcopy-requests': 0, 'dirty-sync-count': 1, 'multifd-bytes': 0, 'pages-per-second': 32960, 'downtime-bytes': 0, 'page-size': 4096, 'remaining': 81944576, 'postcopy-bytes': 0, 'mbps': 1082.1441599999998, 'transferred': 3205589526, 'dirty-sync-missed-zero-copy': 0, 'precopy-bytes': 3205586829, 'duplicate': 1303222, 'dirty-pages-rate': 0, 'normal-bytes': 3187630080, 'normal': 778230}}
QMP cmd [src7] query-migrate args={}
QMP reply [src7] query-migrate: {'expected-downtime': 300, 'status': 'active', 'setup-time': 4, 'total-time': 23898, 'ram': {'total': 8607571968, 'postcopy-requests': 0, 'dirty-sync-count': 1, 'multifd-bytes': 0, 'pages-per-second': 32960, 'downtime-bytes': 0, 'page-size': 4096, 'remaining': 54943744, 'postcopy-bytes': 0, 'mbps': 1082.1441599999998, 'transferred': 3232643130, 'dirty-sync-missed-zero-copy': 0, 'precopy-bytes': 3232640413, 'duplicate': 1303222, 'dirty-pages-rate': 0, 'normal-bytes': 3214630912, 'normal': 784822}}
QMP cmd [src7] query-migrate args={}
QMP reply [src7] query-migrate: {'expected-downtime': 300, 'status': 'active', 'setup-time': 4, 'total-time': 24099, 'ram': {'total': 8607571968, 'postcopy-requests': 0, 'dirty-sync-count': 1, 'multifd-bytes': 0, 'pages-per-second': 32960, 'downtime-bytes': 0, 'page-size': 4096, 'remaining': 27942912, 'postcopy-bytes': 0, 'mbps': 1082.1441599999998, 'transferred': 3259696734, 'dirty-sync-missed-zero-copy': 0, 'precopy-bytes': 3259693997, 'duplicate': 1303222, 'dirty-pages-rate': 0, 'normal-bytes': 3241631744, 'normal': 791414}}
2026-07-15 02:28:44.636087SSH command: ssh -o BatchMode=yes -o StrictHostKeyChecking=no -o UserKnownHostsFile=/dev/null -o ConnectTimeout=1 -o LogLevel=ERROR -p 2228 -i /home/max/.ssh/pgvm_bench user@127.0.0.1 test -f /tmp/bench.done
Return code: 1
Stdout: 
Stderr: 
qemu-system-x86_64: terminating on signal 15 from pid 51735 (/home/max/Bachelor-Thesis/Repo/.venv/bin/python)
QMP cmd [src7] query-migrate args={}
QMP reply [src7] query-migrate: {'expected-downtime': 8311, 'status': 'active', 'setup-time': 4, 'total-time': 24300, 'ram': {'total': 8607571968, 'postcopy-requests': 0, 'dirty-sync-count': 2, 'multifd-bytes': 0, 'pages-per-second': 75090, 'downtime-bytes': 0, 'page-size': 4096, 'remaining': 1070563328, 'postcopy-bytes': 0, 'mbps': 1075.36152, 'transferred': 3286670901, 'dirty-sync-missed-zero-copy': 0, 'precopy-bytes': 3286668144, 'duplicate': 1308059, 'dirty-pages-rate': 11034, 'normal-bytes': 3268509696, 'normal': 797976}}
QMP cmd [src7] query-migrate args={}
QMP reply [src7] query-migrate: {'expected-downtime': 8256, 'status': 'active', 'setup-time': 4, 'total-time': 24501, 'ram': {'total': 8607571968, 'postcopy-requests': 0, 'dirty-sync-count': 2, 'multifd-bytes': 0, 'pages-per-second': 37620, 'downtime-bytes': 0, 'page-size': 4096, 'remaining': 1041235968, 'postcopy-bytes': 0, 'mbps': 1082.47968, 'transferred': 3313729617, 'dirty-sync-missed-zero-copy': 0, 'precopy-bytes': 3313726840, 'duplicate': 1308627, 'dirty-pages-rate': 11034, 'normal-bytes': 3295510528, 'normal': 804568}}
QMP cmd [src7] query-migrate args={}
QMP reply [src7] query-migrate: {'expected-downtime': 8258, 'status': 'active', 'setup-time': 4, 'total-time': 24701, 'ram': {'total': 8607571968, 'postcopy-requests': 0, 'dirty-sync-count': 2, 'multifd-bytes': 0, 'pages-per-second': 34330, 'downtime-bytes': 0, 'page-size': 4096, 'remaining': 1013600256, 'postcopy-bytes': 0, 'mbps': 1082.2428, 'transferred': 3340784616, 'dirty-sync-missed-zero-copy': 0, 'precopy-bytes': 3340781819, 'duplicate': 1308782, 'dirty-pages-rate': 11034, 'normal-bytes': 3322511360, 'normal': 811160}}
QMP cmd [src7] query-migrate args={}
QMP reply [src7] query-migrate: {'expected-downtime': 8259, 'status': 'active', 'setup-time': 4, 'total-time': 24902, 'ram': {'total': 8607571968, 'postcopy-requests': 0, 'dirty-sync-count': 2, 'multifd-bytes': 0, 'pages-per-second': 33650, 'downtime-bytes': 0, 'page-size': 4096, 'remaining': 986312704, 'postcopy-bytes': 0, 'mbps': 1082.1938400000001, 'transferred': 3367838850, 'dirty-sync-missed-zero-copy': 0, 'precopy-bytes': 3367836033, 'duplicate': 1308852, 'dirty-pages-rate': 11034, 'normal-bytes': 3349512192, 'normal': 817752}}
QMP cmd [src7] query-migrate args={}
QMP reply [src7] query-migrate: {'expected-downtime': 8259, 'status': 'active', 'setup-time': 4, 'total-time': 25103, 'ram': {'total': 8607571968, 'postcopy-requests': 0, 'dirty-sync-count': 2, 'multifd-bytes': 0, 'pages-per-second': 32960, 'downtime-bytes': 0, 'page-size': 4096, 'remaining': 959311872, 'postcopy-bytes': 0, 'mbps': 1082.1441599999998, 'transferred': 3394892454, 'dirty-sync-missed-zero-copy': 0, 'precopy-bytes': 3394889617, 'duplicate': 1308852, 'dirty-pages-rate': 11034, 'normal-bytes': 3376513024, 'normal': 824344}}
QMP cmd [src7] migrate-start-postcopy args={}
QMP reply [src7] migrate-start-postcopy: {}
QMP cmd [src7] query-migrate args={}
QMP reply [src7] query-migrate: {'status': 'postcopy-active', 'setup-time': 4, 'downtime': 78, 'total-time': 25306, 'ram': {'total': 8607571968, 'postcopy-requests': 0, 'dirty-sync-count': 3, 'multifd-bytes': 0, 'pages-per-second': 249558, 'downtime-bytes': 0, 'page-size': 4096, 'remaining': 721494016, 'postcopy-bytes': 320322856, 'mbps': 8203.765457364341, 'transferred': 3716252909, 'dirty-sync-missed-zero-copy': 0, 'precopy-bytes': 3394889617, 'duplicate': 1309477, 'dirty-pages-rate': 20451, 'normal-bytes': 3696205824, 'normal': 902394}}
QMP cmd [src7] query-migrate args={}
QMP reply [src7] query-migrate: {'status': 'postcopy-active', 'setup-time': 4, 'downtime': 78, 'total-time': 25507, 'ram': {'total': 8607571968, 'postcopy-requests': 0, 'dirty-sync-count': 3, 'multifd-bytes': 0, 'pages-per-second': 632490, 'downtime-bytes': 0, 'page-size': 4096, 'remaining': 204660736, 'postcopy-bytes': 833972328, 'mbps': 20609.18682352941, 'transferred': 4229902421, 'dirty-sync-missed-zero-copy': 0, 'precopy-bytes': 3394889617, 'duplicate': 1310501, 'dirty-pages-rate': 20451, 'normal-bytes': 4208844800, 'normal': 1027550}}
QMP cmd [src7] query-migrate args={}
QMP reply [src7] query-migrate: {'status': 'completed', 'setup-time': 4, 'downtime': 78, 'total-time': 25614, 'ram': {'total': 8607571968, 'postcopy-requests': 0, 'dirty-sync-count': 3, 'multifd-bytes': 0, 'pages-per-second': 615165, 'downtime-bytes': 0, 'page-size': 4096, 'remaining': 0, 'postcopy-bytes': 1031023011, 'mbps': 1382.9224115579852, 'transferred': 4427080370, 'dirty-sync-missed-zero-copy': 0, 'precopy-bytes': 3394889617, 'duplicate': 1312458, 'dirty-pages-rate': 0, 'normal-bytes': 4405493760, 'normal': 1075560}}
