2026-07-15 02:03:01.836171SSH command: ssh -o BatchMode=yes -o StrictHostKeyChecking=no -o UserKnownHostsFile=/dev/null -o ConnectTimeout=1 -o LogLevel=ERROR -p 2222 -i /home/max/.ssh/pgvm_bench user@127.0.0.1 systemd-analyze
Return code: 0
Stdout: Startup finished in 801ms (kernel) + 3.180s (userspace) = 3.982s 
graphical.target reached after 3.180s in userspace.

Stderr: 
2026-07-15 02:03:01.983203SSH command: ssh -o BatchMode=yes -o StrictHostKeyChecking=no -o UserKnownHostsFile=/dev/null -o ConnectTimeout=1 -o LogLevel=ERROR -p 2222 -i /home/max/.ssh/pgvm_bench user@127.0.0.1 rm -f /tmp/bench.done /tmp/pg-buffer-hit-ratio.csv /tmp/pg-buffer-sampler.log; nohup bash /home/user/pg_sampler.sh /tmp/bench.done /tmp/pg-buffer-hit-ratio.csv ycsb >/tmp/pg-buffer-sampler.log 2>&1 &
Return code: 0
Stdout: 
Stderr: 
QMP cmd [src1] migrate-set-capabilities args={'capabilities': [{'capability': 'auto-converge', 'state': False}, {'capability': 'events', 'state': True}, {'capability': 'postcopy-blocktime', 'state': True}, {'capability': 'postcopy-ram', 'state': True}]}
QMP cmd [src1] query-migrate args={}
QMP reply [src1] migrate-set-capabilities: {}
QMP cmd [src1] migrate args={'uri': 'unix:/tmp/mig.sock'}
QMP reply [src1] query-migrate: {}
QMP reply [src1] migrate: {}
2026-07-15 02:04:42.410767SSH command: ssh -o BatchMode=yes -o StrictHostKeyChecking=no -o UserKnownHostsFile=/dev/null -o ConnectTimeout=1 -o LogLevel=ERROR -p 2222 -i /home/max/.ssh/pgvm_bench user@127.0.0.1 test -f /tmp/bench.done
Return code: 1
Stdout: 
Stderr: 
QMP cmd [src1] query-migrate args={}
QMP reply [src1] query-migrate: {'expected-downtime': 300, 'status': 'active', 'setup-time': 2, 'total-time': 200, 'ram': {'total': 8607571968, 'postcopy-requests': 0, 'dirty-sync-count': 1, 'multifd-bytes': 0, 'pages-per-second': 35530, 'downtime-bytes': 0, 'page-size': 4096, 'remaining': 8574332928, 'postcopy-bytes': 0, 'mbps': 1082.3292, 'transferred': 30343357, 'dirty-sync-missed-zero-copy': 0, 'precopy-bytes': 30470242, 'duplicate': 691, 'dirty-pages-rate': 0, 'normal-bytes': 30404608, 'normal': 7423}}
QMP cmd [src1] query-migrate args={}
QMP reply [src1] query-migrate: {'expected-downtime': 300, 'status': 'active', 'setup-time': 2, 'total-time': 401, 'ram': {'total': 8607571968, 'postcopy-requests': 0, 'dirty-sync-count': 1, 'multifd-bytes': 0, 'pages-per-second': 482160, 'downtime-bytes': 0, 'page-size': 4096, 'remaining': 8322097152, 'postcopy-bytes': 0, 'mbps': 1076.48496, 'transferred': 61110532, 'dirty-sync-missed-zero-copy': 0, 'precopy-bytes': 61237397, 'duplicate': 54894, 'dirty-pages-rate': 0, 'normal-bytes': 60624896, 'normal': 14801}}
QMP cmd [src1] query-migrate args={}
QMP reply [src1] query-migrate: {'expected-downtime': 300, 'status': 'active', 'setup-time': 2, 'total-time': 602, 'ram': {'total': 8607571968, 'postcopy-requests': 0, 'dirty-sync-count': 1, 'multifd-bytes': 0, 'pages-per-second': 32960, 'downtime-bytes': 0, 'page-size': 4096, 'remaining': 8288534528, 'postcopy-bytes': 0, 'mbps': 1082.1441599999998, 'transferred': 93813274, 'dirty-sync-missed-zero-copy': 0, 'precopy-bytes': 93940119, 'duplicate': 55120, 'dirty-pages-rate': 0, 'normal-bytes': 93261824, 'normal': 22769}}
QMP cmd [src1] query-migrate args={}
QMP reply [src1] query-migrate: {'expected-downtime': 300, 'status': 'active', 'setup-time': 2, 'total-time': 803, 'ram': {'total': 8607571968, 'postcopy-requests': 0, 'dirty-sync-count': 1, 'multifd-bytes': 0, 'pages-per-second': 894900, 'downtime-bytes': 0, 'page-size': 4096, 'remaining': 7800242176, 'postcopy-bytes': 0, 'mbps': 1074.09744, 'transferred': 108289612, 'dirty-sync-missed-zero-copy': 0, 'precopy-bytes': 108293120, 'duplicate': 171090, 'dirty-pages-rate': 0, 'normal-bytes': 106545152, 'normal': 26012}}
QMP cmd [src1] query-migrate args={}
QMP reply [src1] query-migrate: {'expected-downtime': 300, 'status': 'active', 'setup-time': 2, 'total-time': 1004, 'ram': {'total': 8607571968, 'postcopy-requests': 0, 'dirty-sync-count': 1, 'multifd-bytes': 0, 'pages-per-second': 5111990, 'downtime-bytes': 0, 'page-size': 4096, 'remaining': 5373591552, 'postcopy-bytes': 0, 'mbps': 1075.02696, 'transferred': 138445093, 'dirty-sync-missed-zero-copy': 0, 'precopy-bytes': 138571888, 'duplicate': 757441, 'dirty-pages-rate': 0, 'normal-bytes': 131497984, 'normal': 32104}}
QMP cmd [src1] query-migrate args={}
QMP reply [src1] query-migrate: {'expected-downtime': 300, 'status': 'active', 'setup-time': 2, 'total-time': 1205, 'ram': {'total': 8607571968, 'postcopy-requests': 0, 'dirty-sync-count': 1, 'multifd-bytes': 0, 'pages-per-second': 46330, 'downtime-bytes': 0, 'page-size': 4096, 'remaining': 5314617344, 'postcopy-bytes': 0, 'mbps': 1083.1068, 'transferred': 175397247, 'dirty-sync-missed-zero-copy': 0, 'precopy-bytes': 175396790, 'duplicate': 762879, 'dirty-pages-rate': 0, 'normal-bytes': 168202240, 'normal': 41065}}
QMP cmd [src1] query-migrate args={}
QMP reply [src1] query-migrate: {'expected-downtime': 300, 'status': 'active', 'setup-time': 2, 'total-time': 1406, 'ram': {'total': 8607571968, 'postcopy-requests': 0, 'dirty-sync-count': 1, 'multifd-bytes': 0, 'pages-per-second': 46860, 'downtime-bytes': 0, 'page-size': 4096, 'remaining': 5287456768, 'postcopy-bytes': 0, 'mbps': 1083.1449599999999, 'transferred': 196292017, 'dirty-sync-missed-zero-copy': 0, 'precopy-bytes': 196418781, 'duplicate': 764390, 'dirty-pages-rate': 0, 'normal-bytes': 189169664, 'normal': 46184}}
QMP cmd [src1] query-migrate args={}
QMP reply [src1] query-migrate: {'expected-downtime': 300, 'status': 'active', 'setup-time': 2, 'total-time': 1607, 'ram': {'total': 8607571968, 'postcopy-requests': 0, 'dirty-sync-count': 1, 'multifd-bytes': 0, 'pages-per-second': 42070, 'downtime-bytes': 0, 'page-size': 4096, 'remaining': 5250146304, 'postcopy-bytes': 0, 'mbps': 1082.80008, 'transferred': 229527459, 'dirty-sync-missed-zero-copy': 0, 'precopy-bytes': 229526962, 'duplicate': 765435, 'dirty-pages-rate': 0, 'normal-bytes': 222203904, 'normal': 54249}}
QMP cmd [src1] query-migrate args={}
QMP reply [src1] query-migrate: {'expected-downtime': 300, 'status': 'active', 'setup-time': 2, 'total-time': 1808, 'ram': {'total': 8607571968, 'postcopy-requests': 0, 'dirty-sync-count': 1, 'multifd-bytes': 0, 'pages-per-second': 33060, 'downtime-bytes': 0, 'page-size': 4096, 'remaining': 5223079936, 'postcopy-bytes': 0, 'mbps': 1082.15136, 'transferred': 256581207, 'dirty-sync-missed-zero-copy': 0, 'precopy-bytes': 256580690, 'duplicate': 765451, 'dirty-pages-rate': 0, 'normal-bytes': 249204736, 'normal': 60841}}
QMP cmd [src1] query-migrate args={}
QMP reply [src1] query-migrate: {'expected-downtime': 300, 'status': 'active', 'setup-time': 2, 'total-time': 2008, 'ram': {'total': 8607571968, 'postcopy-requests': 0, 'dirty-sync-count': 1, 'multifd-bytes': 0, 'pages-per-second': 34820, 'downtime-bytes': 0, 'page-size': 4096, 'remaining': 5191245824, 'postcopy-bytes': 0, 'mbps': 1082.27808, 'transferred': 283645431, 'dirty-sync-missed-zero-copy': 0, 'precopy-bytes': 283644894, 'duplicate': 766631, 'dirty-pages-rate': 0, 'normal-bytes': 276205568, 'normal': 67433}}
QMP cmd [src1] query-migrate args={}
QMP reply [src1] query-migrate: {'expected-downtime': 300, 'status': 'active', 'setup-time': 2, 'total-time': 2209, 'ram': {'total': 8607571968, 'postcopy-requests': 0, 'dirty-sync-count': 1, 'multifd-bytes': 0, 'pages-per-second': 33020, 'downtime-bytes': 0, 'page-size': 4096, 'remaining': 5149007872, 'postcopy-bytes': 0, 'mbps': 1082.14848, 'transferred': 307587259, 'dirty-sync-missed-zero-copy': 0, 'precopy-bytes': 307713934, 'duplicate': 771087, 'dirty-pages-rate': 0, 'normal-bytes': 300187648, 'normal': 73288}}
2026-07-15 02:04:44.578260SSH command: ssh -o BatchMode=yes -o StrictHostKeyChecking=no -o UserKnownHostsFile=/dev/null -o ConnectTimeout=1 -o LogLevel=ERROR -p 2222 -i /home/max/.ssh/pgvm_bench user@127.0.0.1 test -f /tmp/bench.done
Return code: 1
Stdout: 
Stderr: 
QMP cmd [src1] query-migrate args={}
QMP reply [src1] query-migrate: {'expected-downtime': 300, 'status': 'active', 'setup-time': 2, 'total-time': 2410, 'ram': {'total': 8607571968, 'postcopy-requests': 0, 'dirty-sync-count': 1, 'multifd-bytes': 0, 'pages-per-second': 42030, 'downtime-bytes': 0, 'page-size': 4096, 'remaining': 5114773504, 'postcopy-bytes': 0, 'mbps': 1082.7972, 'transferred': 337670973, 'dirty-sync-missed-zero-copy': 0, 'precopy-bytes': 337670396, 'duplicate': 772149, 'dirty-pages-rate': 0, 'normal-bytes': 330076160, 'normal': 80585}}
QMP cmd [src1] query-migrate args={}
QMP reply [src1] query-migrate: {'expected-downtime': 300, 'status': 'active', 'setup-time': 2, 'total-time': 2611, 'ram': {'total': 8607571968, 'postcopy-requests': 0, 'dirty-sync-count': 1, 'multifd-bytes': 0, 'pages-per-second': 33010, 'downtime-bytes': 0, 'page-size': 4096, 'remaining': 5086236672, 'postcopy-bytes': 0, 'mbps': 1082.14776, 'transferred': 364727952, 'dirty-sync-missed-zero-copy': 0, 'precopy-bytes': 364727355, 'duplicate': 772524, 'dirty-pages-rate': 0, 'normal-bytes': 357076992, 'normal': 87177}}
QMP cmd [src1] query-migrate args={}
QMP reply [src1] query-migrate: {'expected-downtime': 300, 'status': 'active', 'setup-time': 2, 'total-time': 2812, 'ram': {'total': 8607571968, 'postcopy-requests': 0, 'dirty-sync-count': 1, 'multifd-bytes': 0, 'pages-per-second': 35140, 'downtime-bytes': 0, 'page-size': 4096, 'remaining': 5058334720, 'postcopy-bytes': 0, 'mbps': 1082.30112, 'transferred': 391783536, 'dirty-sync-missed-zero-copy': 0, 'precopy-bytes': 391782919, 'duplicate': 772744, 'dirty-pages-rate': 0, 'normal-bytes': 384077824, 'normal': 93769}}
QMP cmd [src1] query-migrate args={}
QMP reply [src1] query-migrate: {'expected-downtime': 300, 'status': 'active', 'setup-time': 2, 'total-time': 3013, 'ram': {'total': 8607571968, 'postcopy-requests': 0, 'dirty-sync-count': 1, 'multifd-bytes': 0, 'pages-per-second': 42650, 'downtime-bytes': 0, 'page-size': 4096, 'remaining': 5019652096, 'postcopy-bytes': 0, 'mbps': 1082.84184, 'transferred': 418862808, 'dirty-sync-missed-zero-copy': 0, 'precopy-bytes': 418862171, 'duplicate': 775596, 'dirty-pages-rate': 0, 'normal-bytes': 411078656, 'normal': 100361}}
QMP cmd [src1] query-migrate args={}
QMP reply [src1] query-migrate: {'expected-downtime': 300, 'status': 'active', 'setup-time': 2, 'total-time': 3214, 'ram': {'total': 8607571968, 'postcopy-requests': 0, 'dirty-sync-count': 1, 'multifd-bytes': 0, 'pages-per-second': 43770, 'downtime-bytes': 0, 'page-size': 4096, 'remaining': 4987064320, 'postcopy-bytes': 0, 'mbps': 1082.92248, 'transferred': 445928688, 'dirty-sync-missed-zero-copy': 0, 'precopy-bytes': 445928031, 'duplicate': 776960, 'dirty-pages-rate': 0, 'normal-bytes': 438079488, 'normal': 106953}}
QMP cmd [src1] query-migrate args={}
QMP reply [src1] query-migrate: {'expected-downtime': 300, 'status': 'active', 'setup-time': 2, 'total-time': 3414, 'ram': {'total': 8607571968, 'postcopy-requests': 0, 'dirty-sync-count': 1, 'multifd-bytes': 0, 'pages-per-second': 32970, 'downtime-bytes': 0, 'page-size': 4096, 'remaining': 4959748096, 'postcopy-bytes': 0, 'mbps': 1082.1448799999998, 'transferred': 472982985, 'dirty-sync-missed-zero-copy': 0, 'precopy-bytes': 472982308, 'duplicate': 777037, 'dirty-pages-rate': 0, 'normal-bytes': 465080320, 'normal': 113545}}
QMP cmd [src1] query-migrate args={}
QMP reply [src1] query-migrate: {'expected-downtime': 300, 'status': 'active', 'setup-time': 2, 'total-time': 3615, 'ram': {'total': 8607571968, 'postcopy-requests': 0, 'dirty-sync-count': 1, 'multifd-bytes': 0, 'pages-per-second': 33040, 'downtime-bytes': 0, 'page-size': 4096, 'remaining': 4930506752, 'postcopy-bytes': 0, 'mbps': 1082.1499199999998, 'transferred': 500041512, 'dirty-sync-missed-zero-copy': 0, 'precopy-bytes': 500040815, 'duplicate': 777584, 'dirty-pages-rate': 0, 'normal-bytes': 492081152, 'normal': 120137}}
QMP cmd [src1] query-migrate args={}
QMP reply [src1] query-migrate: {'expected-downtime': 300, 'status': 'active', 'setup-time': 2, 'total-time': 3816, 'ram': {'total': 8607571968, 'postcopy-requests': 0, 'dirty-sync-count': 1, 'multifd-bytes': 0, 'pages-per-second': 33640, 'downtime-bytes': 0, 'page-size': 4096, 'remaining': 4902998016, 'postcopy-bytes': 0, 'mbps': 1082.1931200000001, 'transferred': 527096232, 'dirty-sync-missed-zero-copy': 0, 'precopy-bytes': 527095515, 'duplicate': 777708, 'dirty-pages-rate': 0, 'normal-bytes': 519081984, 'normal': 126729}}
QMP cmd [src1] query-migrate args={}
QMP reply [src1] query-migrate: {'expected-downtime': 300, 'status': 'active', 'setup-time': 2, 'total-time': 4017, 'ram': {'total': 8607571968, 'postcopy-requests': 0, 'dirty-sync-count': 1, 'multifd-bytes': 0, 'pages-per-second': 33000, 'downtime-bytes': 0, 'page-size': 4096, 'remaining': 4871458816, 'postcopy-bytes': 0, 'mbps': 1082.14704, 'transferred': 554159808, 'dirty-sync-missed-zero-copy': 0, 'precopy-bytes': 554159071, 'duplicate': 778816, 'dirty-pages-rate': 0, 'normal-bytes': 546082816, 'normal': 133321}}
QMP cmd [src1] query-migrate args={}
QMP reply [src1] query-migrate: {'expected-downtime': 300, 'status': 'active', 'setup-time': 2, 'total-time': 4218, 'ram': {'total': 8607571968, 'postcopy-requests': 0, 'dirty-sync-count': 1, 'multifd-bytes': 0, 'pages-per-second': 38010, 'downtime-bytes': 0, 'page-size': 4096, 'remaining': 4842291200, 'postcopy-bytes': 0, 'mbps': 1082.50776, 'transferred': 581218173, 'dirty-sync-missed-zero-copy': 0, 'precopy-bytes': 581217416, 'duplicate': 779345, 'dirty-pages-rate': 0, 'normal-bytes': 573083648, 'normal': 139913}}
QMP cmd [src1] query-migrate args={}
QMP reply [src1] query-migrate: {'expected-downtime': 300, 'status': 'active', 'setup-time': 2, 'total-time': 4419, 'ram': {'total': 8607571968, 'postcopy-requests': 0, 'dirty-sync-count': 1, 'multifd-bytes': 0, 'pages-per-second': 33870, 'downtime-bytes': 0, 'page-size': 4096, 'remaining': 4814835712, 'postcopy-bytes': 0, 'mbps': 1082.20968, 'transferred': 608272776, 'dirty-sync-missed-zero-copy': 0, 'precopy-bytes': 608271999, 'duplicate': 779456, 'dirty-pages-rate': 0, 'normal-bytes': 600084480, 'normal': 146505}}
2026-07-15 02:04:46.750352SSH command: ssh -o BatchMode=yes -o StrictHostKeyChecking=no -o UserKnownHostsFile=/dev/null -o ConnectTimeout=1 -o LogLevel=ERROR -p 2222 -i /home/max/.ssh/pgvm_bench user@127.0.0.1 test -f /tmp/bench.done
Return code: 1
Stdout: 
Stderr: 
QMP cmd [src1] query-migrate args={}
QMP reply [src1] query-migrate: {'expected-downtime': 300, 'status': 'active', 'setup-time': 2, 'total-time': 4621, 'ram': {'total': 8607571968, 'postcopy-requests': 0, 'dirty-sync-count': 1, 'multifd-bytes': 0, 'pages-per-second': 33030, 'downtime-bytes': 0, 'page-size': 4096, 'remaining': 4787798016, 'postcopy-bytes': 0, 'mbps': 1082.1492, 'transferred': 635326461, 'dirty-sync-missed-zero-copy': 0, 'precopy-bytes': 635325664, 'duplicate': 779465, 'dirty-pages-rate': 0, 'normal-bytes': 627085312, 'normal': 153097}}
QMP cmd [src1] query-migrate args={}
QMP reply [src1] query-migrate: {'expected-downtime': 300, 'status': 'active', 'setup-time': 2, 'total-time': 4822, 'ram': {'total': 8607571968, 'postcopy-requests': 0, 'dirty-sync-count': 1, 'multifd-bytes': 0, 'pages-per-second': 32980, 'downtime-bytes': 0, 'page-size': 4096, 'remaining': 4760772608, 'postcopy-bytes': 0, 'mbps': 1082.1456, 'transferred': 662380119, 'dirty-sync-missed-zero-copy': 0, 'precopy-bytes': 662379302, 'duplicate': 779471, 'dirty-pages-rate': 0, 'normal-bytes': 654086144, 'normal': 159689}}
QMP cmd [src1] query-migrate args={}
QMP reply [src1] query-migrate: {'expected-downtime': 300, 'status': 'active', 'setup-time': 2, 'total-time': 5023, 'ram': {'total': 8607571968, 'postcopy-requests': 0, 'dirty-sync-count': 1, 'multifd-bytes': 0, 'pages-per-second': 33350, 'downtime-bytes': 0, 'page-size': 4096, 'remaining': 4733587456, 'postcopy-bytes': 0, 'mbps': 1082.17224, 'transferred': 689434128, 'dirty-sync-missed-zero-copy': 0, 'precopy-bytes': 689433291, 'duplicate': 779516, 'dirty-pages-rate': 0, 'normal-bytes': 681086976, 'normal': 166281}}
QMP cmd [src1] query-migrate args={}
QMP reply [src1] query-migrate: {'expected-downtime': 300, 'status': 'active', 'setup-time': 2, 'total-time': 5224, 'ram': {'total': 8607571968, 'postcopy-requests': 0, 'dirty-sync-count': 1, 'multifd-bytes': 0, 'pages-per-second': 33000, 'downtime-bytes': 0, 'page-size': 4096, 'remaining': 4706439168, 'postcopy-bytes': 0, 'mbps': 1082.14704, 'transferred': 716488056, 'dirty-sync-missed-zero-copy': 0, 'precopy-bytes': 716487199, 'duplicate': 779552, 'dirty-pages-rate': 0, 'normal-bytes': 708087808, 'normal': 172873}}
QMP cmd [src1] query-migrate args={}
QMP reply [src1] query-migrate: {'expected-downtime': 300, 'status': 'active', 'setup-time': 2, 'total-time': 5424, 'ram': {'total': 8607571968, 'postcopy-requests': 0, 'dirty-sync-count': 1, 'multifd-bytes': 0, 'pages-per-second': 33840, 'downtime-bytes': 0, 'page-size': 4096, 'remaining': 4679069696, 'postcopy-bytes': 0, 'mbps': 1082.20752, 'transferred': 743542470, 'dirty-sync-missed-zero-copy': 0, 'precopy-bytes': 743541593, 'duplicate': 779642, 'dirty-pages-rate': 0, 'normal-bytes': 735088640, 'normal': 179465}}
QMP cmd [src1] query-migrate args={}
QMP reply [src1] query-migrate: {'expected-downtime': 300, 'status': 'active', 'setup-time': 2, 'total-time': 5625, 'ram': {'total': 8607571968, 'postcopy-requests': 0, 'dirty-sync-count': 1, 'multifd-bytes': 0, 'pages-per-second': 32980, 'downtime-bytes': 0, 'page-size': 4096, 'remaining': 4650590208, 'postcopy-bytes': 0, 'mbps': 1082.1456, 'transferred': 770599323, 'dirty-sync-missed-zero-copy': 0, 'precopy-bytes': 770598426, 'duplicate': 780003, 'dirty-pages-rate': 0, 'normal-bytes': 762089472, 'normal': 186057}}
QMP cmd [src1] query-migrate args={}
QMP reply [src1] query-migrate: {'expected-downtime': 300, 'status': 'active', 'setup-time': 2, 'total-time': 5826, 'ram': {'total': 8607571968, 'postcopy-requests': 0, 'dirty-sync-count': 1, 'multifd-bytes': 0, 'pages-per-second': 33180, 'downtime-bytes': 0, 'page-size': 4096, 'remaining': 4623392768, 'postcopy-bytes': 0, 'mbps': 1082.16, 'transferred': 797653359, 'dirty-sync-missed-zero-copy': 0, 'precopy-bytes': 797652442, 'duplicate': 780051, 'dirty-pages-rate': 0, 'normal-bytes': 789090304, 'normal': 192649}}
QMP cmd [src1] query-migrate args={}
QMP reply [src1] query-migrate: {'expected-downtime': 300, 'status': 'active', 'setup-time': 2, 'total-time': 6027, 'ram': {'total': 8607571968, 'postcopy-requests': 0, 'dirty-sync-count': 1, 'multifd-bytes': 0, 'pages-per-second': 33080, 'downtime-bytes': 0, 'page-size': 4096, 'remaining': 4596334592, 'postcopy-bytes': 0, 'mbps': 1082.1528, 'transferred': 824707089, 'dirty-sync-missed-zero-copy': 0, 'precopy-bytes': 824706152, 'duplicate': 780065, 'dirty-pages-rate': 0, 'normal-bytes': 816091136, 'normal': 199241}}
QMP cmd [src1] query-migrate args={}
QMP reply [src1] query-migrate: {'expected-downtime': 300, 'status': 'active', 'setup-time': 2, 'total-time': 6228, 'ram': {'total': 8607571968, 'postcopy-requests': 0, 'dirty-sync-count': 1, 'multifd-bytes': 0, 'pages-per-second': 32980, 'downtime-bytes': 0, 'page-size': 4096, 'remaining': 4569325568, 'postcopy-bytes': 0, 'mbps': 1082.1456, 'transferred': 851760711, 'dirty-sync-missed-zero-copy': 0, 'precopy-bytes': 851759754, 'duplicate': 780067, 'dirty-pages-rate': 0, 'normal-bytes': 843091968, 'normal': 205833}}
QMP cmd [src1] query-migrate args={}
QMP reply [src1] query-migrate: {'expected-downtime': 300, 'status': 'active', 'setup-time': 2, 'total-time': 6429, 'ram': {'total': 8607571968, 'postcopy-requests': 0, 'dirty-sync-count': 1, 'multifd-bytes': 0, 'pages-per-second': 32980, 'downtime-bytes': 0, 'page-size': 4096, 'remaining': 4540710912, 'postcopy-bytes': 0, 'mbps': 1082.1456, 'transferred': 878817861, 'dirty-sync-missed-zero-copy': 0, 'precopy-bytes': 878816884, 'duplicate': 780461, 'dirty-pages-rate': 0, 'normal-bytes': 870092800, 'normal': 212425}}
QMP cmd [src1] query-migrate args={}
QMP reply [src1] query-migrate: {'expected-downtime': 300, 'status': 'active', 'setup-time': 2, 'total-time': 6629, 'ram': {'total': 8607571968, 'postcopy-requests': 0, 'dirty-sync-count': 1, 'multifd-bytes': 0, 'pages-per-second': 38680, 'downtime-bytes': 0, 'page-size': 4096, 'remaining': 4511363072, 'postcopy-bytes': 0, 'mbps': 1082.556, 'transferred': 905876622, 'dirty-sync-missed-zero-copy': 0, 'precopy-bytes': 905875625, 'duplicate': 781034, 'dirty-pages-rate': 0, 'normal-bytes': 897093632, 'normal': 219017}}
2026-07-15 02:04:48.959604SSH command: ssh -o BatchMode=yes -o StrictHostKeyChecking=no -o UserKnownHostsFile=/dev/null -o ConnectTimeout=1 -o LogLevel=ERROR -p 2222 -i /home/max/.ssh/pgvm_bench user@127.0.0.1 test -f /tmp/bench.done
Return code: 1
Stdout: 
Stderr: 
QMP cmd [src1] query-migrate args={}
QMP reply [src1] query-migrate: {'expected-downtime': 300, 'status': 'active', 'setup-time': 2, 'total-time': 6831, 'ram': {'total': 8607571968, 'postcopy-requests': 0, 'dirty-sync-count': 1, 'multifd-bytes': 0, 'pages-per-second': 32960, 'downtime-bytes': 0, 'page-size': 4096, 'remaining': 4482248704, 'postcopy-bytes': 0, 'mbps': 1082.1441599999998, 'transferred': 932934870, 'dirty-sync-missed-zero-copy': 0, 'precopy-bytes': 932933853, 'duplicate': 781550, 'dirty-pages-rate': 0, 'normal-bytes': 924094464, 'normal': 225609}}
QMP cmd [src1] query-migrate args={}
QMP reply [src1] query-migrate: {'expected-downtime': 300, 'status': 'active', 'setup-time': 2, 'total-time': 7032, 'ram': {'total': 8607571968, 'postcopy-requests': 0, 'dirty-sync-count': 1, 'multifd-bytes': 0, 'pages-per-second': 32960, 'downtime-bytes': 0, 'page-size': 4096, 'remaining': 4455223296, 'postcopy-bytes': 0, 'mbps': 1082.1441599999998, 'transferred': 959988528, 'dirty-sync-missed-zero-copy': 0, 'precopy-bytes': 959987491, 'duplicate': 781556, 'dirty-pages-rate': 0, 'normal-bytes': 951095296, 'normal': 232201}}
QMP cmd [src1] query-migrate args={}
QMP reply [src1] query-migrate: {'expected-downtime': 300, 'status': 'active', 'setup-time': 2, 'total-time': 7233, 'ram': {'total': 8607571968, 'postcopy-requests': 0, 'dirty-sync-count': 1, 'multifd-bytes': 0, 'pages-per-second': 32960, 'downtime-bytes': 0, 'page-size': 4096, 'remaining': 4428206080, 'postcopy-bytes': 0, 'mbps': 1082.1441599999998, 'transferred': 987042168, 'dirty-sync-missed-zero-copy': 0, 'precopy-bytes': 987041111, 'duplicate': 781560, 'dirty-pages-rate': 0, 'normal-bytes': 978096128, 'normal': 238793}}
QMP cmd [src1] query-migrate args={}
QMP reply [src1] query-migrate: {'expected-downtime': 300, 'status': 'active', 'setup-time': 2, 'total-time': 7434, 'ram': {'total': 8607571968, 'postcopy-requests': 0, 'dirty-sync-count': 1, 'multifd-bytes': 0, 'pages-per-second': 32960, 'downtime-bytes': 0, 'page-size': 4096, 'remaining': 4401188864, 'postcopy-bytes': 0, 'mbps': 1082.1441599999998, 'transferred': 1014095808, 'dirty-sync-missed-zero-copy': 0, 'precopy-bytes': 1014094731, 'duplicate': 781564, 'dirty-pages-rate': 0, 'normal-bytes': 1005096960, 'normal': 245385}}
QMP cmd [src1] query-migrate args={}
QMP reply [src1] query-migrate: {'expected-downtime': 300, 'status': 'active', 'setup-time': 2, 'total-time': 7635, 'ram': {'total': 8607571968, 'postcopy-requests': 0, 'dirty-sync-count': 1, 'multifd-bytes': 0, 'pages-per-second': 33000, 'downtime-bytes': 0, 'page-size': 4096, 'remaining': 4374171648, 'postcopy-bytes': 0, 'mbps': 1082.14704, 'transferred': 1041149448, 'dirty-sync-missed-zero-copy': 0, 'precopy-bytes': 1041148351, 'duplicate': 781568, 'dirty-pages-rate': 0, 'normal-bytes': 1032097792, 'normal': 251977}}
QMP cmd [src1] query-migrate args={}
QMP reply [src1] query-migrate: {'expected-downtime': 300, 'status': 'active', 'setup-time': 2, 'total-time': 7835, 'ram': {'total': 8607571968, 'postcopy-requests': 0, 'dirty-sync-count': 1, 'multifd-bytes': 0, 'pages-per-second': 33040, 'downtime-bytes': 0, 'page-size': 4096, 'remaining': 4347129856, 'postcopy-bytes': 0, 'mbps': 1082.1499199999998, 'transferred': 1068203142, 'dirty-sync-missed-zero-copy': 0, 'precopy-bytes': 1068202025, 'duplicate': 781578, 'dirty-pages-rate': 0, 'normal-bytes': 1059098624, 'normal': 258569}}
QMP cmd [src1] query-migrate args={}
QMP reply [src1] query-migrate: {'expected-downtime': 300, 'status': 'active', 'setup-time': 2, 'total-time': 8036, 'ram': {'total': 8607571968, 'postcopy-requests': 0, 'dirty-sync-count': 1, 'multifd-bytes': 0, 'pages-per-second': 32980, 'downtime-bytes': 0, 'page-size': 4096, 'remaining': 4320120832, 'postcopy-bytes': 0, 'mbps': 1082.1456, 'transferred': 1095256764, 'dirty-sync-missed-zero-copy': 0, 'precopy-bytes': 1095255627, 'duplicate': 781580, 'dirty-pages-rate': 0, 'normal-bytes': 1086099456, 'normal': 265161}}
QMP cmd [src1] query-migrate args={}
QMP reply [src1] query-migrate: {'expected-downtime': 300, 'status': 'active', 'setup-time': 2, 'total-time': 8237, 'ram': {'total': 8607571968, 'postcopy-requests': 0, 'dirty-sync-count': 1, 'multifd-bytes': 0, 'pages-per-second': 32980, 'downtime-bytes': 0, 'page-size': 4096, 'remaining': 4293103616, 'postcopy-bytes': 0, 'mbps': 1082.1456, 'transferred': 1122310404, 'dirty-sync-missed-zero-copy': 0, 'precopy-bytes': 1122309247, 'duplicate': 781584, 'dirty-pages-rate': 0, 'normal-bytes': 1113100288, 'normal': 271753}}
QMP cmd [src1] query-migrate args={}
QMP reply [src1] query-migrate: {'expected-downtime': 300, 'status': 'active', 'setup-time': 2, 'total-time': 8438, 'ram': {'total': 8607571968, 'postcopy-requests': 0, 'dirty-sync-count': 1, 'multifd-bytes': 0, 'pages-per-second': 32980, 'downtime-bytes': 0, 'page-size': 4096, 'remaining': 4266094592, 'postcopy-bytes': 0, 'mbps': 1082.1456, 'transferred': 1149364026, 'dirty-sync-missed-zero-copy': 0, 'precopy-bytes': 1149362849, 'duplicate': 781586, 'dirty-pages-rate': 0, 'normal-bytes': 1140101120, 'normal': 278345}}
QMP cmd [src1] query-migrate args={}
QMP reply [src1] query-migrate: {'expected-downtime': 300, 'status': 'active', 'setup-time': 2, 'total-time': 8639, 'ram': {'total': 8607571968, 'postcopy-requests': 0, 'dirty-sync-count': 1, 'multifd-bytes': 0, 'pages-per-second': 32960, 'downtime-bytes': 0, 'page-size': 4096, 'remaining': 4239093760, 'postcopy-bytes': 0, 'mbps': 1082.1441599999998, 'transferred': 1176417630, 'dirty-sync-missed-zero-copy': 0, 'precopy-bytes': 1176416433, 'duplicate': 781586, 'dirty-pages-rate': 0, 'normal-bytes': 1167101952, 'normal': 284937}}
QMP cmd [src1] query-migrate args={}
QMP reply [src1] query-migrate: {'expected-downtime': 300, 'status': 'active', 'setup-time': 2, 'total-time': 8840, 'ram': {'total': 8607571968, 'postcopy-requests': 0, 'dirty-sync-count': 1, 'multifd-bytes': 0, 'pages-per-second': 33000, 'downtime-bytes': 0, 'page-size': 4096, 'remaining': 4212076544, 'postcopy-bytes': 0, 'mbps': 1082.14704, 'transferred': 1203471270, 'dirty-sync-missed-zero-copy': 0, 'precopy-bytes': 1203470053, 'duplicate': 781590, 'dirty-pages-rate': 0, 'normal-bytes': 1194102784, 'normal': 291529}}
2026-07-15 02:04:51.148419SSH command: ssh -o BatchMode=yes -o StrictHostKeyChecking=no -o UserKnownHostsFile=/dev/null -o ConnectTimeout=1 -o LogLevel=ERROR -p 2222 -i /home/max/.ssh/pgvm_bench user@127.0.0.1 test -f /tmp/bench.done
Return code: 1
Stdout: 
Stderr: 
QMP cmd [src1] query-migrate args={}
QMP reply [src1] query-migrate: {'expected-downtime': 300, 'status': 'active', 'setup-time': 2, 'total-time': 9040, 'ram': {'total': 8607571968, 'postcopy-requests': 0, 'dirty-sync-count': 1, 'multifd-bytes': 0, 'pages-per-second': 32960, 'downtime-bytes': 0, 'page-size': 4096, 'remaining': 4185059328, 'postcopy-bytes': 0, 'mbps': 1082.1441599999998, 'transferred': 1230524910, 'dirty-sync-missed-zero-copy': 0, 'precopy-bytes': 1230523673, 'duplicate': 781594, 'dirty-pages-rate': 0, 'normal-bytes': 1221103616, 'normal': 298121}}
QMP cmd [src1] query-migrate args={}
QMP reply [src1] query-migrate: {'expected-downtime': 300, 'status': 'active', 'setup-time': 2, 'total-time': 9241, 'ram': {'total': 8607571968, 'postcopy-requests': 0, 'dirty-sync-count': 1, 'multifd-bytes': 0, 'pages-per-second': 32960, 'downtime-bytes': 0, 'page-size': 4096, 'remaining': 4158058496, 'postcopy-bytes': 0, 'mbps': 1082.1441599999998, 'transferred': 1257578514, 'dirty-sync-missed-zero-copy': 0, 'precopy-bytes': 1257577257, 'duplicate': 781594, 'dirty-pages-rate': 0, 'normal-bytes': 1248104448, 'normal': 304713}}
QMP cmd [src1] query-migrate args={}
QMP reply [src1] query-migrate: {'expected-downtime': 300, 'status': 'active', 'setup-time': 2, 'total-time': 9442, 'ram': {'total': 8607571968, 'postcopy-requests': 0, 'dirty-sync-count': 1, 'multifd-bytes': 0, 'pages-per-second': 32980, 'downtime-bytes': 0, 'page-size': 4096, 'remaining': 4131049472, 'postcopy-bytes': 0, 'mbps': 1082.1456, 'transferred': 1284632136, 'dirty-sync-missed-zero-copy': 0, 'precopy-bytes': 1284630859, 'duplicate': 781596, 'dirty-pages-rate': 0, 'normal-bytes': 1275105280, 'normal': 311305}}
QMP cmd [src1] query-migrate args={}
QMP reply [src1] query-migrate: {'expected-downtime': 300, 'status': 'active', 'setup-time': 2, 'total-time': 9643, 'ram': {'total': 8607571968, 'postcopy-requests': 0, 'dirty-sync-count': 1, 'multifd-bytes': 0, 'pages-per-second': 32960, 'downtime-bytes': 0, 'page-size': 4096, 'remaining': 4104048640, 'postcopy-bytes': 0, 'mbps': 1082.1441599999998, 'transferred': 1311685740, 'dirty-sync-missed-zero-copy': 0, 'precopy-bytes': 1311684443, 'duplicate': 781596, 'dirty-pages-rate': 0, 'normal-bytes': 1302106112, 'normal': 317897}}
QMP cmd [src1] query-migrate args={}
QMP reply [src1] query-migrate: {'expected-downtime': 300, 'status': 'active', 'setup-time': 2, 'total-time': 9844, 'ram': {'total': 8607571968, 'postcopy-requests': 0, 'dirty-sync-count': 1, 'multifd-bytes': 0, 'pages-per-second': 32960, 'downtime-bytes': 0, 'page-size': 4096, 'remaining': 4077047808, 'postcopy-bytes': 0, 'mbps': 1082.1441599999998, 'transferred': 1338739344, 'dirty-sync-missed-zero-copy': 0, 'precopy-bytes': 1338738027, 'duplicate': 781596, 'dirty-pages-rate': 0, 'normal-bytes': 1329106944, 'normal': 324489}}
QMP cmd [src1] query-migrate args={}
QMP reply [src1] query-migrate: {'expected-downtime': 300, 'status': 'active', 'setup-time': 2, 'total-time': 10044, 'ram': {'total': 8607571968, 'postcopy-requests': 0, 'dirty-sync-count': 1, 'multifd-bytes': 0, 'pages-per-second': 32980, 'downtime-bytes': 0, 'page-size': 4096, 'remaining': 4050014208, 'postcopy-bytes': 0, 'mbps': 1082.1456, 'transferred': 1365793020, 'dirty-sync-missed-zero-copy': 0, 'precopy-bytes': 1365791683, 'duplicate': 781604, 'dirty-pages-rate': 0, 'normal-bytes': 1356107776, 'normal': 331081}}
QMP cmd [src1] query-migrate args={}
QMP reply [src1] query-migrate: {'expected-downtime': 300, 'status': 'active', 'setup-time': 2, 'total-time': 10245, 'ram': {'total': 8607571968, 'postcopy-requests': 0, 'dirty-sync-count': 1, 'multifd-bytes': 0, 'pages-per-second': 33000, 'downtime-bytes': 0, 'page-size': 4096, 'remaining': 4022988800, 'postcopy-bytes': 0, 'mbps': 1082.14704, 'transferred': 1392846678, 'dirty-sync-missed-zero-copy': 0, 'precopy-bytes': 1392845321, 'duplicate': 781610, 'dirty-pages-rate': 0, 'normal-bytes': 1383108608, 'normal': 337673}}
QMP cmd [src1] query-migrate args={}
QMP reply [src1] query-migrate: {'expected-downtime': 300, 'status': 'active', 'setup-time': 2, 'total-time': 10446, 'ram': {'total': 8607571968, 'postcopy-requests': 0, 'dirty-sync-count': 1, 'multifd-bytes': 0, 'pages-per-second': 33000, 'downtime-bytes': 0, 'page-size': 4096, 'remaining': 3995955200, 'postcopy-bytes': 0, 'mbps': 1082.14704, 'transferred': 1419900354, 'dirty-sync-missed-zero-copy': 0, 'precopy-bytes': 1419898977, 'duplicate': 781618, 'dirty-pages-rate': 0, 'normal-bytes': 1410109440, 'normal': 344265}}
QMP cmd [src1] query-migrate args={}
QMP reply [src1] query-migrate: {'expected-downtime': 300, 'status': 'active', 'setup-time': 2, 'total-time': 10647, 'ram': {'total': 8607571968, 'postcopy-requests': 0, 'dirty-sync-count': 1, 'multifd-bytes': 0, 'pages-per-second': 32980, 'downtime-bytes': 0, 'page-size': 4096, 'remaining': 3968929792, 'postcopy-bytes': 0, 'mbps': 1082.1456, 'transferred': 1446954012, 'dirty-sync-missed-zero-copy': 0, 'precopy-bytes': 1446952615, 'duplicate': 781624, 'dirty-pages-rate': 0, 'normal-bytes': 1437110272, 'normal': 350857}}
QMP cmd [src1] query-migrate args={}
QMP reply [src1] query-migrate: {'expected-downtime': 300, 'status': 'active', 'setup-time': 2, 'total-time': 10848, 'ram': {'total': 8607571968, 'postcopy-requests': 0, 'dirty-sync-count': 1, 'multifd-bytes': 0, 'pages-per-second': 33000, 'downtime-bytes': 0, 'page-size': 4096, 'remaining': 3941896192, 'postcopy-bytes': 0, 'mbps': 1082.14704, 'transferred': 1474007688, 'dirty-sync-missed-zero-copy': 0, 'precopy-bytes': 1474006271, 'duplicate': 781632, 'dirty-pages-rate': 0, 'normal-bytes': 1464111104, 'normal': 357449}}
QMP cmd [src1] query-migrate args={}
QMP reply [src1] query-migrate: {'expected-downtime': 300, 'status': 'active', 'setup-time': 2, 'total-time': 11048, 'ram': {'total': 8607571968, 'postcopy-requests': 0, 'dirty-sync-count': 1, 'multifd-bytes': 0, 'pages-per-second': 33040, 'downtime-bytes': 0, 'page-size': 4096, 'remaining': 3914838016, 'postcopy-bytes': 0, 'mbps': 1082.1499199999998, 'transferred': 1501061418, 'dirty-sync-missed-zero-copy': 0, 'precopy-bytes': 1501059981, 'duplicate': 781646, 'dirty-pages-rate': 0, 'normal-bytes': 1491111936, 'normal': 364041}}
2026-07-15 02:04:53.317403SSH command: ssh -o BatchMode=yes -o StrictHostKeyChecking=no -o UserKnownHostsFile=/dev/null -o ConnectTimeout=1 -o LogLevel=ERROR -p 2222 -i /home/max/.ssh/pgvm_bench user@127.0.0.1 test -f /tmp/bench.done
Return code: 1
Stdout: 
Stderr: 
QMP cmd [src1] query-migrate args={}
QMP reply [src1] query-migrate: {'expected-downtime': 300, 'status': 'active', 'setup-time': 2, 'total-time': 11250, 'ram': {'total': 8607571968, 'postcopy-requests': 0, 'dirty-sync-count': 1, 'multifd-bytes': 0, 'pages-per-second': 33020, 'downtime-bytes': 0, 'page-size': 4096, 'remaining': 3887804416, 'postcopy-bytes': 0, 'mbps': 1082.14848, 'transferred': 1528115094, 'dirty-sync-missed-zero-copy': 0, 'precopy-bytes': 1528113637, 'duplicate': 781654, 'dirty-pages-rate': 0, 'normal-bytes': 1518112768, 'normal': 370633}}
QMP cmd [src1] query-migrate args={}
QMP reply [src1] query-migrate: {'expected-downtime': 300, 'status': 'active', 'setup-time': 2, 'total-time': 11451, 'ram': {'total': 8607571968, 'postcopy-requests': 0, 'dirty-sync-count': 1, 'multifd-bytes': 0, 'pages-per-second': 33000, 'downtime-bytes': 0, 'page-size': 4096, 'remaining': 3860770816, 'postcopy-bytes': 0, 'mbps': 1082.14704, 'transferred': 1555168770, 'dirty-sync-missed-zero-copy': 0, 'precopy-bytes': 1555167293, 'duplicate': 781662, 'dirty-pages-rate': 0, 'normal-bytes': 1545113600, 'normal': 377225}}
QMP cmd [src1] query-migrate args={}
QMP reply [src1] query-migrate: {'expected-downtime': 300, 'status': 'active', 'setup-time': 2, 'total-time': 11652, 'ram': {'total': 8607571968, 'postcopy-requests': 0, 'dirty-sync-count': 1, 'multifd-bytes': 0, 'pages-per-second': 33180, 'downtime-bytes': 0, 'page-size': 4096, 'remaining': 3833671680, 'postcopy-bytes': 0, 'mbps': 1082.16, 'transferred': 1582222590, 'dirty-sync-missed-zero-copy': 0, 'precopy-bytes': 1582221093, 'duplicate': 781686, 'dirty-pages-rate': 0, 'normal-bytes': 1572114432, 'normal': 383817}}
QMP cmd [src1] query-migrate args={}
QMP reply [src1] query-migrate: {'expected-downtime': 300, 'status': 'active', 'setup-time': 2, 'total-time': 11853, 'ram': {'total': 8607571968, 'postcopy-requests': 0, 'dirty-sync-count': 1, 'multifd-bytes': 0, 'pages-per-second': 33000, 'downtime-bytes': 0, 'page-size': 4096, 'remaining': 3806646272, 'postcopy-bytes': 0, 'mbps': 1082.14704, 'transferred': 1609276248, 'dirty-sync-missed-zero-copy': 0, 'precopy-bytes': 1609274731, 'duplicate': 781692, 'dirty-pages-rate': 0, 'normal-bytes': 1599115264, 'normal': 390409}}
QMP cmd [src1] query-migrate args={}
QMP reply [src1] query-migrate: {'expected-downtime': 300, 'status': 'active', 'setup-time': 2, 'total-time': 12053, 'ram': {'total': 8607571968, 'postcopy-requests': 0, 'dirty-sync-count': 1, 'multifd-bytes': 0, 'pages-per-second': 33000, 'downtime-bytes': 0, 'page-size': 4096, 'remaining': 3777593344, 'postcopy-bytes': 0, 'mbps': 1082.14704, 'transferred': 1636334361, 'dirty-sync-missed-zero-copy': 0, 'precopy-bytes': 1636332824, 'duplicate': 782193, 'dirty-pages-rate': 0, 'normal-bytes': 1626116096, 'normal': 397001}}
QMP cmd [src1] query-migrate args={}
QMP reply [src1] query-migrate: {'expected-downtime': 300, 'status': 'active', 'setup-time': 2, 'total-time': 12254, 'ram': {'total': 8607571968, 'postcopy-requests': 0, 'dirty-sync-count': 1, 'multifd-bytes': 0, 'pages-per-second': 32980, 'downtime-bytes': 0, 'page-size': 4096, 'remaining': 3750453248, 'postcopy-bytes': 0, 'mbps': 1082.1456, 'transferred': 1663388271, 'dirty-sync-missed-zero-copy': 0, 'precopy-bytes': 1663386714, 'duplicate': 782227, 'dirty-pages-rate': 0, 'normal-bytes': 1653116928, 'normal': 403593}}
QMP cmd [src1] query-migrate args={}
QMP reply [src1] query-migrate: {'expected-downtime': 300, 'status': 'active', 'setup-time': 2, 'total-time': 12455, 'ram': {'total': 8607571968, 'postcopy-requests': 0, 'dirty-sync-count': 1, 'multifd-bytes': 0, 'pages-per-second': 33020, 'downtime-bytes': 0, 'page-size': 4096, 'remaining': 3723386880, 'postcopy-bytes': 0, 'mbps': 1082.14848, 'transferred': 1690442019, 'dirty-sync-missed-zero-copy': 0, 'precopy-bytes': 1690440442, 'duplicate': 782243, 'dirty-pages-rate': 0, 'normal-bytes': 1680117760, 'normal': 410185}}
QMP cmd [src1] query-migrate args={}
QMP reply [src1] query-migrate: {'expected-downtime': 300, 'status': 'active', 'setup-time': 2, 'total-time': 12656, 'ram': {'total': 8607571968, 'postcopy-requests': 0, 'dirty-sync-count': 1, 'multifd-bytes': 0, 'pages-per-second': 32960, 'downtime-bytes': 0, 'page-size': 4096, 'remaining': 3696369664, 'postcopy-bytes': 0, 'mbps': 1082.1441599999998, 'transferred': 1717495659, 'dirty-sync-missed-zero-copy': 0, 'precopy-bytes': 1717494062, 'duplicate': 782247, 'dirty-pages-rate': 0, 'normal-bytes': 1707118592, 'normal': 416777}}
QMP cmd [src1] query-migrate args={}
QMP reply [src1] query-migrate: {'expected-downtime': 300, 'status': 'active', 'setup-time': 2, 'total-time': 12857, 'ram': {'total': 8607571968, 'postcopy-requests': 0, 'dirty-sync-count': 1, 'multifd-bytes': 0, 'pages-per-second': 32980, 'downtime-bytes': 0, 'page-size': 4096, 'remaining': 3669352448, 'postcopy-bytes': 0, 'mbps': 1082.1456, 'transferred': 1744549299, 'dirty-sync-missed-zero-copy': 0, 'precopy-bytes': 1744547682, 'duplicate': 782251, 'dirty-pages-rate': 0, 'normal-bytes': 1734119424, 'normal': 423369}}
QMP cmd [src1] query-migrate args={}
QMP reply [src1] query-migrate: {'expected-downtime': 300, 'status': 'active', 'setup-time': 2, 'total-time': 13058, 'ram': {'total': 8607571968, 'postcopy-requests': 0, 'dirty-sync-count': 1, 'multifd-bytes': 0, 'pages-per-second': 33000, 'downtime-bytes': 0, 'page-size': 4096, 'remaining': 3642327040, 'postcopy-bytes': 0, 'mbps': 1082.14704, 'transferred': 1771602957, 'dirty-sync-missed-zero-copy': 0, 'precopy-bytes': 1771601320, 'duplicate': 782257, 'dirty-pages-rate': 0, 'normal-bytes': 1761120256, 'normal': 429961}}
QMP cmd [src1] query-migrate args={}
QMP reply [src1] query-migrate: {'expected-downtime': 300, 'status': 'active', 'setup-time': 2, 'total-time': 13258, 'ram': {'total': 8607571968, 'postcopy-requests': 0, 'dirty-sync-count': 1, 'multifd-bytes': 0, 'pages-per-second': 33000, 'downtime-bytes': 0, 'page-size': 4096, 'remaining': 3615301632, 'postcopy-bytes': 0, 'mbps': 1082.14704, 'transferred': 1798656615, 'dirty-sync-missed-zero-copy': 0, 'precopy-bytes': 1798654958, 'duplicate': 782263, 'dirty-pages-rate': 0, 'normal-bytes': 1788121088, 'normal': 436553}}
2026-07-15 02:04:55.526788SSH command: ssh -o BatchMode=yes -o StrictHostKeyChecking=no -o UserKnownHostsFile=/dev/null -o ConnectTimeout=1 -o LogLevel=ERROR -p 2222 -i /home/max/.ssh/pgvm_bench user@127.0.0.1 test -f /tmp/bench.done
Return code: 1
Stdout: 
Stderr: 
QMP cmd [src1] query-migrate args={}
QMP reply [src1] query-migrate: {'expected-downtime': 300, 'status': 'active', 'setup-time': 2, 'total-time': 13460, 'ram': {'total': 8607571968, 'postcopy-requests': 0, 'dirty-sync-count': 1, 'multifd-bytes': 0, 'pages-per-second': 33040, 'downtime-bytes': 0, 'page-size': 4096, 'remaining': 3588251648, 'postcopy-bytes': 0, 'mbps': 1082.1499199999998, 'transferred': 1825710327, 'dirty-sync-missed-zero-copy': 0, 'precopy-bytes': 1825708650, 'duplicate': 782275, 'dirty-pages-rate': 0, 'normal-bytes': 1815121920, 'normal': 443145}}
QMP cmd [src1] query-migrate args={}
QMP reply [src1] query-migrate: {'expected-downtime': 300, 'status': 'active', 'setup-time': 2, 'total-time': 13660, 'ram': {'total': 8607571968, 'postcopy-requests': 0, 'dirty-sync-count': 1, 'multifd-bytes': 0, 'pages-per-second': 32980, 'downtime-bytes': 0, 'page-size': 4096, 'remaining': 3561226240, 'postcopy-bytes': 0, 'mbps': 1082.1456, 'transferred': 1852763985, 'dirty-sync-missed-zero-copy': 0, 'precopy-bytes': 1852762288, 'duplicate': 782281, 'dirty-pages-rate': 0, 'normal-bytes': 1842122752, 'normal': 449737}}
QMP cmd [src1] query-migrate args={}
QMP reply [src1] query-migrate: {'expected-downtime': 300, 'status': 'active', 'setup-time': 2, 'total-time': 13861, 'ram': {'total': 8607571968, 'postcopy-requests': 0, 'dirty-sync-count': 1, 'multifd-bytes': 0, 'pages-per-second': 33000, 'downtime-bytes': 0, 'page-size': 4096, 'remaining': 3534200832, 'postcopy-bytes': 0, 'mbps': 1082.14704, 'transferred': 1879817643, 'dirty-sync-missed-zero-copy': 0, 'precopy-bytes': 1879815926, 'duplicate': 782287, 'dirty-pages-rate': 0, 'normal-bytes': 1869123584, 'normal': 456329}}
QMP cmd [src1] query-migrate args={}
QMP reply [src1] query-migrate: {'expected-downtime': 300, 'status': 'active', 'setup-time': 2, 'total-time': 14062, 'ram': {'total': 8607571968, 'postcopy-requests': 0, 'dirty-sync-count': 1, 'multifd-bytes': 0, 'pages-per-second': 33000, 'downtime-bytes': 0, 'page-size': 4096, 'remaining': 3507175424, 'postcopy-bytes': 0, 'mbps': 1082.14704, 'transferred': 1906871301, 'dirty-sync-missed-zero-copy': 0, 'precopy-bytes': 1906869564, 'duplicate': 782293, 'dirty-pages-rate': 0, 'normal-bytes': 1896124416, 'normal': 462921}}
QMP cmd [src1] query-migrate args={}
QMP reply [src1] query-migrate: {'expected-downtime': 300, 'status': 'active', 'setup-time': 2, 'total-time': 14263, 'ram': {'total': 8607571968, 'postcopy-requests': 0, 'dirty-sync-count': 1, 'multifd-bytes': 0, 'pages-per-second': 33000, 'downtime-bytes': 0, 'page-size': 4096, 'remaining': 3480150016, 'postcopy-bytes': 0, 'mbps': 1082.14704, 'transferred': 1933924959, 'dirty-sync-missed-zero-copy': 0, 'precopy-bytes': 1933923202, 'duplicate': 782299, 'dirty-pages-rate': 0, 'normal-bytes': 1923125248, 'normal': 469513}}
QMP cmd [src1] query-migrate args={}
QMP reply [src1] query-migrate: {'expected-downtime': 300, 'status': 'active', 'setup-time': 2, 'total-time': 14464, 'ram': {'total': 8607571968, 'postcopy-requests': 0, 'dirty-sync-count': 1, 'multifd-bytes': 0, 'pages-per-second': 32980, 'downtime-bytes': 0, 'page-size': 4096, 'remaining': 3453132800, 'postcopy-bytes': 0, 'mbps': 1082.1456, 'transferred': 1960978599, 'dirty-sync-missed-zero-copy': 0, 'precopy-bytes': 1960976822, 'duplicate': 782303, 'dirty-pages-rate': 0, 'normal-bytes': 1950126080, 'normal': 476105}}
QMP cmd [src1] query-migrate args={}
QMP reply [src1] query-migrate: {'expected-downtime': 300, 'status': 'active', 'setup-time': 2, 'total-time': 14664, 'ram': {'total': 8607571968, 'postcopy-requests': 0, 'dirty-sync-count': 1, 'multifd-bytes': 0, 'pages-per-second': 33000, 'downtime-bytes': 0, 'page-size': 4096, 'remaining': 3426107392, 'postcopy-bytes': 0, 'mbps': 1082.14704, 'transferred': 1988032257, 'dirty-sync-missed-zero-copy': 0, 'precopy-bytes': 1988030460, 'duplicate': 782309, 'dirty-pages-rate': 0, 'normal-bytes': 1977126912, 'normal': 482697}}
QMP cmd [src1] query-migrate args={}
QMP reply [src1] query-migrate: {'expected-downtime': 300, 'status': 'active', 'setup-time': 2, 'total-time': 14865, 'ram': {'total': 8607571968, 'postcopy-requests': 0, 'dirty-sync-count': 1, 'multifd-bytes': 0, 'pages-per-second': 33000, 'downtime-bytes': 0, 'page-size': 4096, 'remaining': 3399073792, 'postcopy-bytes': 0, 'mbps': 1082.14704, 'transferred': 2015085933, 'dirty-sync-missed-zero-copy': 0, 'precopy-bytes': 2015084116, 'duplicate': 782317, 'dirty-pages-rate': 0, 'normal-bytes': 2004127744, 'normal': 489289}}
QMP cmd [src1] query-migrate args={}
QMP reply [src1] query-migrate: {'expected-downtime': 300, 'status': 'active', 'setup-time': 2, 'total-time': 15066, 'ram': {'total': 8607571968, 'postcopy-requests': 0, 'dirty-sync-count': 1, 'multifd-bytes': 0, 'pages-per-second': 32980, 'downtime-bytes': 0, 'page-size': 4096, 'remaining': 3372048384, 'postcopy-bytes': 0, 'mbps': 1082.1456, 'transferred': 2042139591, 'dirty-sync-missed-zero-copy': 0, 'precopy-bytes': 2042137754, 'duplicate': 782323, 'dirty-pages-rate': 0, 'normal-bytes': 2031128576, 'normal': 495881}}
QMP cmd [src1] query-migrate args={}
QMP reply [src1] query-migrate: {'expected-downtime': 300, 'status': 'active', 'setup-time': 2, 'total-time': 15267, 'ram': {'total': 8607571968, 'postcopy-requests': 0, 'dirty-sync-count': 1, 'multifd-bytes': 0, 'pages-per-second': 33000, 'downtime-bytes': 0, 'page-size': 4096, 'remaining': 3345010688, 'postcopy-bytes': 0, 'mbps': 1082.14704, 'transferred': 2069193276, 'dirty-sync-missed-zero-copy': 0, 'precopy-bytes': 2069191419, 'duplicate': 782332, 'dirty-pages-rate': 0, 'normal-bytes': 2058129408, 'normal': 502473}}
QMP cmd [src1] query-migrate args={}
QMP reply [src1] query-migrate: {'expected-downtime': 300, 'status': 'active', 'setup-time': 2, 'total-time': 15468, 'ram': {'total': 8607571968, 'postcopy-requests': 0, 'dirty-sync-count': 1, 'multifd-bytes': 0, 'pages-per-second': 32980, 'downtime-bytes': 0, 'page-size': 4096, 'remaining': 3317977088, 'postcopy-bytes': 0, 'mbps': 1082.1456, 'transferred': 2096246952, 'dirty-sync-missed-zero-copy': 0, 'precopy-bytes': 2096245075, 'duplicate': 782340, 'dirty-pages-rate': 0, 'normal-bytes': 2085130240, 'normal': 509065}}
2026-07-15 02:04:57.717308SSH command: ssh -o BatchMode=yes -o StrictHostKeyChecking=no -o UserKnownHostsFile=/dev/null -o ConnectTimeout=1 -o LogLevel=ERROR -p 2222 -i /home/max/.ssh/pgvm_bench user@127.0.0.1 test -f /tmp/bench.done
Return code: 1
Stdout: 
Stderr: 
QMP cmd [src1] query-migrate args={}
QMP reply [src1] query-migrate: {'expected-downtime': 300, 'status': 'active', 'setup-time': 2, 'total-time': 15669, 'ram': {'total': 8607571968, 'postcopy-requests': 0, 'dirty-sync-count': 1, 'multifd-bytes': 0, 'pages-per-second': 33000, 'downtime-bytes': 0, 'page-size': 4096, 'remaining': 3290951680, 'postcopy-bytes': 0, 'mbps': 1082.14704, 'transferred': 2123300610, 'dirty-sync-missed-zero-copy': 0, 'precopy-bytes': 2123298713, 'duplicate': 782346, 'dirty-pages-rate': 0, 'normal-bytes': 2112131072, 'normal': 515657}}
QMP cmd [src1] query-migrate args={}
QMP reply [src1] query-migrate: {'expected-downtime': 300, 'status': 'active', 'setup-time': 2, 'total-time': 15870, 'ram': {'total': 8607571968, 'postcopy-requests': 0, 'dirty-sync-count': 1, 'multifd-bytes': 0, 'pages-per-second': 32980, 'downtime-bytes': 0, 'page-size': 4096, 'remaining': 3263901696, 'postcopy-bytes': 0, 'mbps': 1082.1456, 'transferred': 2150354322, 'dirty-sync-missed-zero-copy': 0, 'precopy-bytes': 2150352405, 'duplicate': 782358, 'dirty-pages-rate': 0, 'normal-bytes': 2139131904, 'normal': 522249}}
QMP cmd [src1] query-migrate args={}
QMP reply [src1] query-migrate: {'expected-downtime': 300, 'status': 'active', 'setup-time': 2, 'total-time': 16071, 'ram': {'total': 8607571968, 'postcopy-requests': 0, 'dirty-sync-count': 1, 'multifd-bytes': 0, 'pages-per-second': 32980, 'downtime-bytes': 0, 'page-size': 4096, 'remaining': 3236737024, 'postcopy-bytes': 0, 'mbps': 1082.1456, 'transferred': 2177408286, 'dirty-sync-missed-zero-copy': 0, 'precopy-bytes': 2177406349, 'duplicate': 782398, 'dirty-pages-rate': 0, 'normal-bytes': 2166132736, 'normal': 528841}}
QMP cmd [src1] query-migrate args={}
QMP reply [src1] query-migrate: {'expected-downtime': 300, 'status': 'active', 'setup-time': 2, 'total-time': 16272, 'ram': {'total': 8607571968, 'postcopy-requests': 0, 'dirty-sync-count': 1, 'multifd-bytes': 0, 'pages-per-second': 33020, 'downtime-bytes': 0, 'page-size': 4096, 'remaining': 3209687040, 'postcopy-bytes': 0, 'mbps': 1082.14848, 'transferred': 2204461998, 'dirty-sync-missed-zero-copy': 0, 'precopy-bytes': 2204460041, 'duplicate': 782410, 'dirty-pages-rate': 0, 'normal-bytes': 2193133568, 'normal': 535433}}
QMP cmd [src1] query-migrate args={}
QMP reply [src1] query-migrate: {'expected-downtime': 300, 'status': 'active', 'setup-time': 2, 'total-time': 16473, 'ram': {'total': 8607571968, 'postcopy-requests': 0, 'dirty-sync-count': 1, 'multifd-bytes': 0, 'pages-per-second': 32980, 'downtime-bytes': 0, 'page-size': 4096, 'remaining': 3182661632, 'postcopy-bytes': 0, 'mbps': 1082.1456, 'transferred': 2231515656, 'dirty-sync-missed-zero-copy': 0, 'precopy-bytes': 2231513679, 'duplicate': 782416, 'dirty-pages-rate': 0, 'normal-bytes': 2220134400, 'normal': 542025}}
QMP cmd [src1] query-migrate args={}
QMP reply [src1] query-migrate: {'expected-downtime': 300, 'status': 'active', 'setup-time': 2, 'total-time': 16673, 'ram': {'total': 8607571968, 'postcopy-requests': 0, 'dirty-sync-count': 1, 'multifd-bytes': 0, 'pages-per-second': 33000, 'downtime-bytes': 0, 'page-size': 4096, 'remaining': 3155628032, 'postcopy-bytes': 0, 'mbps': 1082.14704, 'transferred': 2258569332, 'dirty-sync-missed-zero-copy': 0, 'precopy-bytes': 2258567335, 'duplicate': 782424, 'dirty-pages-rate': 0, 'normal-bytes': 2247135232, 'normal': 548617}}
QMP cmd [src1] query-migrate args={}
QMP reply [src1] query-migrate: {'expected-downtime': 300, 'status': 'active', 'setup-time': 2, 'total-time': 16874, 'ram': {'total': 8607571968, 'postcopy-requests': 0, 'dirty-sync-count': 1, 'multifd-bytes': 0, 'pages-per-second': 33000, 'downtime-bytes': 0, 'page-size': 4096, 'remaining': 3128586240, 'postcopy-bytes': 0, 'mbps': 1082.14704, 'transferred': 2285623026, 'dirty-sync-missed-zero-copy': 0, 'precopy-bytes': 2285621009, 'duplicate': 782434, 'dirty-pages-rate': 0, 'normal-bytes': 2274136064, 'normal': 555209}}
QMP cmd [src1] query-migrate args={}
QMP reply [src1] query-migrate: {'expected-downtime': 300, 'status': 'active', 'setup-time': 2, 'total-time': 17075, 'ram': {'total': 8607571968, 'postcopy-requests': 0, 'dirty-sync-count': 1, 'multifd-bytes': 0, 'pages-per-second': 33000, 'downtime-bytes': 0, 'page-size': 4096, 'remaining': 3101544448, 'postcopy-bytes': 0, 'mbps': 1082.14704, 'transferred': 2312676720, 'dirty-sync-missed-zero-copy': 0, 'precopy-bytes': 2312674683, 'duplicate': 782444, 'dirty-pages-rate': 0, 'normal-bytes': 2301136896, 'normal': 561801}}
QMP cmd [src1] query-migrate args={}
QMP reply [src1] query-migrate: {'expected-downtime': 300, 'status': 'active', 'setup-time': 2, 'total-time': 17276, 'ram': {'total': 8607571968, 'postcopy-requests': 0, 'dirty-sync-count': 1, 'multifd-bytes': 0, 'pages-per-second': 32980, 'downtime-bytes': 0, 'page-size': 4096, 'remaining': 3074510848, 'postcopy-bytes': 0, 'mbps': 1082.1456, 'transferred': 2339730396, 'dirty-sync-missed-zero-copy': 0, 'precopy-bytes': 2339728339, 'duplicate': 782452, 'dirty-pages-rate': 0, 'normal-bytes': 2328137728, 'normal': 568393}}
QMP cmd [src1] query-migrate args={}
QMP reply [src1] query-migrate: {'expected-downtime': 300, 'status': 'active', 'setup-time': 2, 'total-time': 17476, 'ram': {'total': 8607571968, 'postcopy-requests': 0, 'dirty-sync-count': 1, 'multifd-bytes': 0, 'pages-per-second': 32980, 'downtime-bytes': 0, 'page-size': 4096, 'remaining': 3047477248, 'postcopy-bytes': 0, 'mbps': 1082.1456, 'transferred': 2366784072, 'dirty-sync-missed-zero-copy': 0, 'precopy-bytes': 2366781995, 'duplicate': 782460, 'dirty-pages-rate': 0, 'normal-bytes': 2355138560, 'normal': 574985}}
2026-07-15 02:04:59.891491SSH command: ssh -o BatchMode=yes -o StrictHostKeyChecking=no -o UserKnownHostsFile=/dev/null -o ConnectTimeout=1 -o LogLevel=ERROR -p 2222 -i /home/max/.ssh/pgvm_bench user@127.0.0.1 test -f /tmp/bench.done
Return code: 1
Stdout: 
Stderr: 
QMP cmd [src1] query-migrate args={}
QMP reply [src1] query-migrate: {'expected-downtime': 300, 'status': 'active', 'setup-time': 2, 'total-time': 17677, 'ram': {'total': 8607571968, 'postcopy-requests': 0, 'dirty-sync-count': 1, 'multifd-bytes': 0, 'pages-per-second': 32980, 'downtime-bytes': 0, 'page-size': 4096, 'remaining': 3020460032, 'postcopy-bytes': 0, 'mbps': 1082.1456, 'transferred': 2393837712, 'dirty-sync-missed-zero-copy': 0, 'precopy-bytes': 2393835615, 'duplicate': 782464, 'dirty-pages-rate': 0, 'normal-bytes': 2382139392, 'normal': 581577}}
QMP cmd [src1] query-migrate args={}
QMP reply [src1] query-migrate: {'expected-downtime': 300, 'status': 'active', 'setup-time': 2, 'total-time': 17878, 'ram': {'total': 8607571968, 'postcopy-requests': 0, 'dirty-sync-count': 1, 'multifd-bytes': 0, 'pages-per-second': 33000, 'downtime-bytes': 0, 'page-size': 4096, 'remaining': 2993426432, 'postcopy-bytes': 0, 'mbps': 1082.14704, 'transferred': 2420891388, 'dirty-sync-missed-zero-copy': 0, 'precopy-bytes': 2420889271, 'duplicate': 782472, 'dirty-pages-rate': 0, 'normal-bytes': 2409140224, 'normal': 588169}}
QMP cmd [src1] query-migrate args={}
QMP reply [src1] query-migrate: {'expected-downtime': 300, 'status': 'active', 'setup-time': 2, 'total-time': 18079, 'ram': {'total': 8607571968, 'postcopy-requests': 0, 'dirty-sync-count': 1, 'multifd-bytes': 0, 'pages-per-second': 32980, 'downtime-bytes': 0, 'page-size': 4096, 'remaining': 2966401024, 'postcopy-bytes': 0, 'mbps': 1082.1456, 'transferred': 2447945046, 'dirty-sync-missed-zero-copy': 0, 'precopy-bytes': 2447942909, 'duplicate': 782478, 'dirty-pages-rate': 0, 'normal-bytes': 2436141056, 'normal': 594761}}
QMP cmd [src1] query-migrate args={}
QMP reply [src1] query-migrate: {'expected-downtime': 300, 'status': 'active', 'setup-time': 2, 'total-time': 18280, 'ram': {'total': 8607571968, 'postcopy-requests': 0, 'dirty-sync-count': 1, 'multifd-bytes': 0, 'pages-per-second': 32980, 'downtime-bytes': 0, 'page-size': 4096, 'remaining': 2939359232, 'postcopy-bytes': 0, 'mbps': 1082.1456, 'transferred': 2474998740, 'dirty-sync-missed-zero-copy': 0, 'precopy-bytes': 2474996583, 'duplicate': 782488, 'dirty-pages-rate': 0, 'normal-bytes': 2463141888, 'normal': 601353}}
QMP cmd [src1] query-migrate args={}
QMP reply [src1] query-migrate: {'expected-downtime': 300, 'status': 'active', 'setup-time': 2, 'total-time': 18480, 'ram': {'total': 8607571968, 'postcopy-requests': 0, 'dirty-sync-count': 1, 'multifd-bytes': 0, 'pages-per-second': 32980, 'downtime-bytes': 0, 'page-size': 4096, 'remaining': 2912325632, 'postcopy-bytes': 0, 'mbps': 1082.1456, 'transferred': 2502052416, 'dirty-sync-missed-zero-copy': 0, 'precopy-bytes': 2502050239, 'duplicate': 782496, 'dirty-pages-rate': 0, 'normal-bytes': 2490142720, 'normal': 607945}}
QMP cmd [src1] query-migrate args={}
QMP reply [src1] query-migrate: {'expected-downtime': 300, 'status': 'active', 'setup-time': 2, 'total-time': 18681, 'ram': {'total': 8607571968, 'postcopy-requests': 0, 'dirty-sync-count': 1, 'multifd-bytes': 0, 'pages-per-second': 33000, 'downtime-bytes': 0, 'page-size': 4096, 'remaining': 2885292032, 'postcopy-bytes': 0, 'mbps': 1082.14704, 'transferred': 2529106092, 'dirty-sync-missed-zero-copy': 0, 'precopy-bytes': 2529103895, 'duplicate': 782504, 'dirty-pages-rate': 0, 'normal-bytes': 2517143552, 'normal': 614537}}
QMP cmd [src1] query-migrate args={}
QMP reply [src1] query-migrate: {'expected-downtime': 300, 'status': 'active', 'setup-time': 2, 'total-time': 18882, 'ram': {'total': 8607571968, 'postcopy-requests': 0, 'dirty-sync-count': 1, 'multifd-bytes': 0, 'pages-per-second': 32980, 'downtime-bytes': 0, 'page-size': 4096, 'remaining': 2858266624, 'postcopy-bytes': 0, 'mbps': 1082.1456, 'transferred': 2556159750, 'dirty-sync-missed-zero-copy': 0, 'precopy-bytes': 2556157533, 'duplicate': 782510, 'dirty-pages-rate': 0, 'normal-bytes': 2544144384, 'normal': 621129}}
QMP cmd [src1] query-migrate args={}
QMP reply [src1] query-migrate: {'expected-downtime': 300, 'status': 'active', 'setup-time': 2, 'total-time': 19083, 'ram': {'total': 8607571968, 'postcopy-requests': 0, 'dirty-sync-count': 1, 'multifd-bytes': 0, 'pages-per-second': 33000, 'downtime-bytes': 0, 'page-size': 4096, 'remaining': 2831233024, 'postcopy-bytes': 0, 'mbps': 1082.14704, 'transferred': 2583213426, 'dirty-sync-missed-zero-copy': 0, 'precopy-bytes': 2583211189, 'duplicate': 782518, 'dirty-pages-rate': 0, 'normal-bytes': 2571145216, 'normal': 627721}}
QMP cmd [src1] query-migrate args={}
QMP reply [src1] query-migrate: {'expected-downtime': 300, 'status': 'active', 'setup-time': 2, 'total-time': 19284, 'ram': {'total': 8607571968, 'postcopy-requests': 0, 'dirty-sync-count': 1, 'multifd-bytes': 0, 'pages-per-second': 33000, 'downtime-bytes': 0, 'page-size': 4096, 'remaining': 2803609600, 'postcopy-bytes': 0, 'mbps': 1082.14704, 'transferred': 2610268398, 'dirty-sync-missed-zero-copy': 0, 'precopy-bytes': 2610266141, 'duplicate': 782670, 'dirty-pages-rate': 0, 'normal-bytes': 2598146048, 'normal': 634313}}
QMP cmd [src1] query-migrate args={}
QMP reply [src1] query-migrate: {'expected-downtime': 300, 'status': 'active', 'setup-time': 2, 'total-time': 19484, 'ram': {'total': 8607571968, 'postcopy-requests': 0, 'dirty-sync-count': 1, 'multifd-bytes': 0, 'pages-per-second': 33040, 'downtime-bytes': 0, 'page-size': 4096, 'remaining': 2776551424, 'postcopy-bytes': 0, 'mbps': 1082.1499199999998, 'transferred': 2637322128, 'dirty-sync-missed-zero-copy': 0, 'precopy-bytes': 2637319851, 'duplicate': 782684, 'dirty-pages-rate': 0, 'normal-bytes': 2625146880, 'normal': 640905}}
QMP cmd [src1] query-migrate args={}
QMP reply [src1] query-migrate: {'expected-downtime': 300, 'status': 'active', 'setup-time': 2, 'total-time': 19685, 'ram': {'total': 8607571968, 'postcopy-requests': 0, 'dirty-sync-count': 1, 'multifd-bytes': 0, 'pages-per-second': 33060, 'downtime-bytes': 0, 'page-size': 4096, 'remaining': 2749509632, 'postcopy-bytes': 0, 'mbps': 1082.15136, 'transferred': 2664375822, 'dirty-sync-missed-zero-copy': 0, 'precopy-bytes': 2664373525, 'duplicate': 782694, 'dirty-pages-rate': 0, 'normal-bytes': 2652147712, 'normal': 647497}}
2026-07-15 02:05:02.071434SSH command: ssh -o BatchMode=yes -o StrictHostKeyChecking=no -o UserKnownHostsFile=/dev/null -o ConnectTimeout=1 -o LogLevel=ERROR -p 2222 -i /home/max/.ssh/pgvm_bench user@127.0.0.1 test -f /tmp/bench.done
Return code: 1
Stdout: 
Stderr: 
QMP cmd [src1] query-migrate args={}
QMP reply [src1] query-migrate: {'expected-downtime': 300, 'status': 'active', 'setup-time': 2, 'total-time': 19887, 'ram': {'total': 8607571968, 'postcopy-requests': 0, 'dirty-sync-count': 1, 'multifd-bytes': 0, 'pages-per-second': 33140, 'downtime-bytes': 0, 'page-size': 4096, 'remaining': 2722385920, 'postcopy-bytes': 0, 'mbps': 1082.15712, 'transferred': 2691429696, 'dirty-sync-missed-zero-copy': 0, 'precopy-bytes': 2691427379, 'duplicate': 782724, 'dirty-pages-rate': 0, 'normal-bytes': 2679148544, 'normal': 654089}}
QMP cmd [src1] query-migrate args={}
QMP reply [src1] query-migrate: {'expected-downtime': 300, 'status': 'active', 'setup-time': 2, 'total-time': 20088, 'ram': {'total': 8607571968, 'postcopy-requests': 0, 'dirty-sync-count': 1, 'multifd-bytes': 0, 'pages-per-second': 33580, 'downtime-bytes': 0, 'page-size': 4096, 'remaining': 2694815744, 'postcopy-bytes': 0, 'mbps': 1082.1888000000001, 'transferred': 2718484551, 'dirty-sync-missed-zero-copy': 0, 'precopy-bytes': 2718482214, 'duplicate': 782863, 'dirty-pages-rate': 0, 'normal-bytes': 2706149376, 'normal': 660681}}
QMP cmd [src1] query-migrate args={}
QMP reply [src1] query-migrate: {'expected-downtime': 300, 'status': 'active', 'setup-time': 2, 'total-time': 20289, 'ram': {'total': 8607571968, 'postcopy-requests': 0, 'dirty-sync-count': 1, 'multifd-bytes': 0, 'pages-per-second': 34080, 'downtime-bytes': 0, 'page-size': 4096, 'remaining': 2666389504, 'postcopy-bytes': 0, 'mbps': 1082.2248, 'transferred': 2745541287, 'dirty-sync-missed-zero-copy': 0, 'precopy-bytes': 2745538930, 'duplicate': 783211, 'dirty-pages-rate': 0, 'normal-bytes': 2733150208, 'normal': 667273}}
QMP cmd [src1] query-migrate args={}
QMP reply [src1] query-migrate: {'expected-downtime': 300, 'status': 'active', 'setup-time': 2, 'total-time': 20490, 'ram': {'total': 8607571968, 'postcopy-requests': 0, 'dirty-sync-count': 1, 'multifd-bytes': 0, 'pages-per-second': 35420, 'downtime-bytes': 0, 'page-size': 4096, 'remaining': 2636734464, 'postcopy-bytes': 0, 'mbps': 1082.3212800000001, 'transferred': 2772600723, 'dirty-sync-missed-zero-copy': 0, 'precopy-bytes': 2772598346, 'duplicate': 783859, 'dirty-pages-rate': 0, 'normal-bytes': 2760151040, 'normal': 673865}}
QMP cmd [src1] query-migrate args={}
QMP reply [src1] query-migrate: {'expected-downtime': 300, 'status': 'active', 'setup-time': 2, 'total-time': 20690, 'ram': {'total': 8607571968, 'postcopy-requests': 0, 'dirty-sync-count': 1, 'multifd-bytes': 0, 'pages-per-second': 35200, 'downtime-bytes': 0, 'page-size': 4096, 'remaining': 2607456256, 'postcopy-bytes': 0, 'mbps': 1082.3054399999999, 'transferred': 2799659331, 'dirty-sync-missed-zero-copy': 0, 'precopy-bytes': 2799656934, 'duplicate': 784415, 'dirty-pages-rate': 0, 'normal-bytes': 2787151872, 'normal': 680457}}
QMP cmd [src1] query-migrate args={}
QMP reply [src1] query-migrate: {'expected-downtime': 300, 'status': 'active', 'setup-time': 2, 'total-time': 20891, 'ram': {'total': 8607571968, 'postcopy-requests': 0, 'dirty-sync-count': 1, 'multifd-bytes': 0, 'pages-per-second': 35620, 'downtime-bytes': 0, 'page-size': 4096, 'remaining': 2578382848, 'postcopy-bytes': 0, 'mbps': 1082.33568, 'transferred': 2826717489, 'dirty-sync-missed-zero-copy': 0, 'precopy-bytes': 2826715072, 'duplicate': 784921, 'dirty-pages-rate': 0, 'normal-bytes': 2814152704, 'normal': 687049}}
QMP cmd [src1] query-migrate args={}
QMP reply [src1] query-migrate: {'expected-downtime': 300, 'status': 'active', 'setup-time': 2, 'total-time': 21092, 'ram': {'total': 8607571968, 'postcopy-requests': 0, 'dirty-sync-count': 1, 'multifd-bytes': 0, 'pages-per-second': 34260, 'downtime-bytes': 0, 'page-size': 4096, 'remaining': 2550583296, 'postcopy-bytes': 0, 'mbps': 1082.23776, 'transferred': 2853772848, 'dirty-sync-missed-zero-copy': 0, 'precopy-bytes': 2853770411, 'duplicate': 785116, 'dirty-pages-rate': 0, 'normal-bytes': 2841153536, 'normal': 693641}}
QMP cmd [src1] query-migrate args={}
QMP reply [src1] query-migrate: {'expected-downtime': 300, 'status': 'active', 'setup-time': 2, 'total-time': 21293, 'ram': {'total': 8607571968, 'postcopy-requests': 0, 'dirty-sync-count': 1, 'multifd-bytes': 0, 'pages-per-second': 32891, 'downtime-bytes': 0, 'page-size': 4096, 'remaining': 2523344896, 'postcopy-bytes': 0, 'mbps': 1071.448396039604, 'transferred': 2880826974, 'dirty-sync-missed-zero-copy': 0, 'precopy-bytes': 2880824517, 'duplicate': 785174, 'dirty-pages-rate': 0, 'normal-bytes': 2868154368, 'normal': 700233}}
QMP cmd [src1] query-migrate args={}
QMP reply [src1] query-migrate: {'expected-downtime': 300, 'status': 'active', 'setup-time': 2, 'total-time': 21494, 'ram': {'total': 8607571968, 'postcopy-requests': 0, 'dirty-sync-count': 1, 'multifd-bytes': 0, 'pages-per-second': 33140, 'downtime-bytes': 0, 'page-size': 4096, 'remaining': 2496163840, 'postcopy-bytes': 0, 'mbps': 1082.15712, 'transferred': 2907880974, 'dirty-sync-missed-zero-copy': 0, 'precopy-bytes': 2907878497, 'duplicate': 785218, 'dirty-pages-rate': 0, 'normal-bytes': 2895155200, 'normal': 706825}}
QMP cmd [src1] query-migrate args={}
QMP reply [src1] query-migrate: {'expected-downtime': 300, 'status': 'active', 'setup-time': 2, 'total-time': 21694, 'ram': {'total': 8607571968, 'postcopy-requests': 0, 'dirty-sync-count': 1, 'multifd-bytes': 0, 'pages-per-second': 33220, 'downtime-bytes': 0, 'page-size': 4096, 'remaining': 2469056512, 'postcopy-bytes': 0, 'mbps': 1082.1628799999999, 'transferred': 2934934812, 'dirty-sync-missed-zero-copy': 0, 'precopy-bytes': 2934932315, 'duplicate': 785244, 'dirty-pages-rate': 0, 'normal-bytes': 2922156032, 'normal': 713417}}
QMP cmd [src1] query-migrate args={}
QMP reply [src1] query-migrate: {'expected-downtime': 300, 'status': 'active', 'setup-time': 2, 'total-time': 21895, 'ram': {'total': 8607571968, 'postcopy-requests': 0, 'dirty-sync-count': 1, 'multifd-bytes': 0, 'pages-per-second': 46580, 'downtime-bytes': 0, 'page-size': 4096, 'remaining': 2434273280, 'postcopy-bytes': 0, 'mbps': 1083.1248, 'transferred': 2962005516, 'dirty-sync-missed-zero-copy': 0, 'precopy-bytes': 2962002999, 'duplicate': 787144, 'dirty-pages-rate': 0, 'normal-bytes': 2949156864, 'normal': 720009}}
2026-07-15 02:05:04.239948SSH command: ssh -o BatchMode=yes -o StrictHostKeyChecking=no -o UserKnownHostsFile=/dev/null -o ConnectTimeout=1 -o LogLevel=ERROR -p 2222 -i /home/max/.ssh/pgvm_bench user@127.0.0.1 test -f /tmp/bench.done
Return code: 1
Stdout: 
Stderr: 
QMP cmd [src1] query-migrate args={}
QMP reply [src1] query-migrate: {'expected-downtime': 300, 'status': 'active', 'setup-time': 2, 'total-time': 22097, 'ram': {'total': 8607571968, 'postcopy-requests': 0, 'dirty-sync-count': 1, 'multifd-bytes': 0, 'pages-per-second': 38960, 'downtime-bytes': 0, 'page-size': 4096, 'remaining': 2404569088, 'postcopy-bytes': 0, 'mbps': 1082.5761599999998, 'transferred': 2989065060, 'dirty-sync-missed-zero-copy': 0, 'precopy-bytes': 2989062523, 'duplicate': 787804, 'dirty-pages-rate': 0, 'normal-bytes': 2976157696, 'normal': 726601}}
QMP cmd [src1] query-migrate args={}
QMP reply [src1] query-migrate: {'expected-downtime': 300, 'status': 'active', 'setup-time': 2, 'total-time': 22297, 'ram': {'total': 8607571968, 'postcopy-requests': 0, 'dirty-sync-count': 1, 'multifd-bytes': 0, 'pages-per-second': 33820, 'downtime-bytes': 0, 'page-size': 4096, 'remaining': 2376986624, 'postcopy-bytes': 0, 'mbps': 1082.2060800000002, 'transferred': 3016119942, 'dirty-sync-missed-zero-copy': 0, 'precopy-bytes': 3016117385, 'duplicate': 787946, 'dirty-pages-rate': 0, 'normal-bytes': 3003158528, 'normal': 733193}}
QMP cmd [src1] query-migrate args={}
QMP reply [src1] query-migrate: {'expected-downtime': 300, 'status': 'active', 'setup-time': 2, 'total-time': 22498, 'ram': {'total': 8607571968, 'postcopy-requests': 0, 'dirty-sync-count': 1, 'multifd-bytes': 0, 'pages-per-second': 33200, 'downtime-bytes': 0, 'page-size': 4096, 'remaining': 2349666304, 'postcopy-bytes': 0, 'mbps': 1082.1614399999999, 'transferred': 3043174248, 'dirty-sync-missed-zero-copy': 0, 'precopy-bytes': 3043171671, 'duplicate': 788024, 'dirty-pages-rate': 0, 'normal-bytes': 3030159360, 'normal': 739785}}
QMP cmd [src1] query-migrate args={}
QMP reply [src1] query-migrate: {'expected-downtime': 300, 'status': 'active', 'setup-time': 2, 'total-time': 22699, 'ram': {'total': 8607571968, 'postcopy-requests': 0, 'dirty-sync-count': 1, 'multifd-bytes': 0, 'pages-per-second': 33760, 'downtime-bytes': 0, 'page-size': 4096, 'remaining': 2322223104, 'postcopy-bytes': 0, 'mbps': 1082.20176, 'transferred': 3070228824, 'dirty-sync-missed-zero-copy': 0, 'precopy-bytes': 3070226227, 'duplicate': 788132, 'dirty-pages-rate': 0, 'normal-bytes': 3057160192, 'normal': 746377}}
QMP cmd [src1] query-migrate args={}
QMP reply [src1] query-migrate: {'expected-downtime': 300, 'status': 'active', 'setup-time': 2, 'total-time': 22900, 'ram': {'total': 8607571968, 'postcopy-requests': 0, 'dirty-sync-count': 1, 'multifd-bytes': 0, 'pages-per-second': 34000, 'downtime-bytes': 0, 'page-size': 4096, 'remaining': 2294476800, 'postcopy-bytes': 0, 'mbps': 1082.21904, 'transferred': 3097284066, 'dirty-sync-missed-zero-copy': 0, 'precopy-bytes': 3097281449, 'duplicate': 788314, 'dirty-pages-rate': 0, 'normal-bytes': 3084161024, 'normal': 752969}}
QMP cmd [src1] query-migrate args={}
QMP reply [src1] query-migrate: {'expected-downtime': 300, 'status': 'active', 'setup-time': 2, 'total-time': 23101, 'ram': {'total': 8607571968, 'postcopy-requests': 0, 'dirty-sync-count': 1, 'multifd-bytes': 0, 'pages-per-second': 33380, 'downtime-bytes': 0, 'page-size': 4096, 'remaining': 2266861568, 'postcopy-bytes': 0, 'mbps': 1082.1743999999999, 'transferred': 3124339020, 'dirty-sync-missed-zero-copy': 0, 'precopy-bytes': 3124336383, 'duplicate': 788464, 'dirty-pages-rate': 0, 'normal-bytes': 3111161856, 'normal': 759561}}
QMP cmd [src1] query-migrate args={}
QMP reply [src1] query-migrate: {'expected-downtime': 300, 'status': 'active', 'setup-time': 2, 'total-time': 23301, 'ram': {'total': 8607571968, 'postcopy-requests': 0, 'dirty-sync-count': 1, 'multifd-bytes': 0, 'pages-per-second': 32960, 'downtime-bytes': 0, 'page-size': 4096, 'remaining': 2239778816, 'postcopy-bytes': 0, 'mbps': 1082.1441599999998, 'transferred': 3151392804, 'dirty-sync-missed-zero-copy': 0, 'precopy-bytes': 3151390147, 'duplicate': 788484, 'dirty-pages-rate': 0, 'normal-bytes': 3138162688, 'normal': 766153}}
QMP cmd [src1] query-migrate args={}
QMP reply [src1] query-migrate: {'expected-downtime': 300, 'status': 'active', 'setup-time': 2, 'total-time': 23502, 'ram': {'total': 8607571968, 'postcopy-requests': 0, 'dirty-sync-count': 1, 'multifd-bytes': 0, 'pages-per-second': 33920, 'downtime-bytes': 0, 'page-size': 4096, 'remaining': 2212335616, 'postcopy-bytes': 0, 'mbps': 1082.21328, 'transferred': 3178447380, 'dirty-sync-missed-zero-copy': 0, 'precopy-bytes': 3178444703, 'duplicate': 788592, 'dirty-pages-rate': 0, 'normal-bytes': 3165163520, 'normal': 772745}}
QMP cmd [src1] query-migrate args={}
QMP reply [src1] query-migrate: {'expected-downtime': 300, 'status': 'active', 'setup-time': 2, 'total-time': 23703, 'ram': {'total': 8607571968, 'postcopy-requests': 0, 'dirty-sync-count': 1, 'multifd-bytes': 0, 'pages-per-second': 33240, 'downtime-bytes': 0, 'page-size': 4096, 'remaining': 2184351744, 'postcopy-bytes': 0, 'mbps': 1082.16432, 'transferred': 3205895986, 'dirty-sync-missed-zero-copy': 0, 'precopy-bytes': 3206020511, 'duplicate': 788704, 'dirty-pages-rate': 0, 'normal-bytes': 3192684544, 'normal': 779464}}
QMP cmd [src1] query-migrate args={}
QMP reply [src1] query-migrate: {'expected-downtime': 300, 'status': 'active', 'setup-time': 2, 'total-time': 23904, 'ram': {'total': 8607571968, 'postcopy-requests': 0, 'dirty-sync-count': 1, 'multifd-bytes': 0, 'pages-per-second': 33680, 'downtime-bytes': 0, 'page-size': 4096, 'remaining': 2156564480, 'postcopy-bytes': 0, 'mbps': 1082.196, 'transferred': 3233213398, 'dirty-sync-missed-zero-copy': 0, 'precopy-bytes': 3233337903, 'duplicate': 788832, 'dirty-pages-rate': 0, 'normal-bytes': 3219947520, 'normal': 786120}}
QMP cmd [src1] query-migrate args={}
QMP reply [src1] query-migrate: {'expected-downtime': 300, 'status': 'active', 'setup-time': 2, 'total-time': 24105, 'ram': {'total': 8607571968, 'postcopy-requests': 0, 'dirty-sync-count': 1, 'multifd-bytes': 0, 'pages-per-second': 33480, 'downtime-bytes': 0, 'page-size': 4096, 'remaining': 2127007744, 'postcopy-bytes': 0, 'mbps': 1082.1816000000001, 'transferred': 3262500298, 'dirty-sync-missed-zero-copy': 0, 'precopy-bytes': 3262624783, 'duplicate': 788912, 'dirty-pages-rate': 0, 'normal-bytes': 3249176576, 'normal': 793256}}
2026-07-15 02:05:06.401412SSH command: ssh -o BatchMode=yes -o StrictHostKeyChecking=no -o UserKnownHostsFile=/dev/null -o ConnectTimeout=1 -o LogLevel=ERROR -p 2222 -i /home/max/.ssh/pgvm_bench user@127.0.0.1 test -f /tmp/bench.done
Return code: 1
Stdout: 
Stderr: 
qemu-system-x86_64: terminating on signal 15 from pid 51735 (/home/max/Bachelor-Thesis/Repo/.venv/bin/python)
QMP cmd [src1] query-migrate args={}
QMP reply [src1] query-migrate: {'expected-downtime': 300, 'status': 'active', 'setup-time': 2, 'total-time': 24306, 'ram': {'total': 8607571968, 'postcopy-requests': 0, 'dirty-sync-count': 1, 'multifd-bytes': 0, 'pages-per-second': 35730, 'downtime-bytes': 0, 'page-size': 4096, 'remaining': 2093514752, 'postcopy-bytes': 0, 'mbps': 1082.3436000000002, 'transferred': 3293106247, 'dirty-sync-missed-zero-copy': 0, 'precopy-bytes': 3293230712, 'duplicate': 789633, 'dirty-pages-rate': 0, 'normal-bytes': 3279716352, 'normal': 800712}}
QMP cmd [src1] query-migrate args={}
QMP reply [src1] query-migrate: {'expected-downtime': 300, 'status': 'active', 'setup-time': 2, 'total-time': 24507, 'ram': {'total': 8607571968, 'postcopy-requests': 0, 'dirty-sync-count': 1, 'multifd-bytes': 0, 'pages-per-second': 4687540, 'downtime-bytes': 0, 'page-size': 4096, 'remaining': 155283456, 'postcopy-bytes': 0, 'mbps': 1080.17352, 'transferred': 3323814499, 'dirty-sync-missed-zero-copy': 0, 'precopy-bytes': 3323939142, 'duplicate': 1256375, 'dirty-pages-rate': 0, 'normal-bytes': 3306172416, 'normal': 807171}}
QMP cmd [src1] query-migrate args={}
QMP reply [src1] query-migrate: {'expected-downtime': 300, 'status': 'active', 'setup-time': 2, 'total-time': 24708, 'ram': {'total': 8607571968, 'postcopy-requests': 0, 'dirty-sync-count': 1, 'multifd-bytes': 0, 'pages-per-second': 32960, 'downtime-bytes': 0, 'page-size': 4096, 'remaining': 126361600, 'postcopy-bytes': 0, 'mbps': 1082.1441599999998, 'transferred': 3352576042, 'dirty-sync-missed-zero-copy': 0, 'precopy-bytes': 3352700467, 'duplicate': 1256428, 'dirty-pages-rate': 0, 'normal-bytes': 3334877184, 'normal': 814179}}
QMP cmd [src1] query-migrate args={}
QMP reply [src1] query-migrate: {'expected-downtime': 300, 'status': 'active', 'setup-time': 2, 'total-time': 24909, 'ram': {'total': 8607571968, 'postcopy-requests': 0, 'dirty-sync-count': 1, 'multifd-bytes': 0, 'pages-per-second': 32960, 'downtime-bytes': 0, 'page-size': 4096, 'remaining': 103424000, 'postcopy-bytes': 0, 'mbps': 1082.1441599999998, 'transferred': 3375558478, 'dirty-sync-missed-zero-copy': 0, 'precopy-bytes': 3375682883, 'duplicate': 1256428, 'dirty-pages-rate': 0, 'normal-bytes': 3357814784, 'normal': 819779}}
QMP cmd [src1] query-migrate args={}
QMP reply [src1] query-migrate: {'expected-downtime': 300, 'status': 'active', 'setup-time': 2, 'total-time': 25110, 'ram': {'total': 8607571968, 'postcopy-requests': 0, 'dirty-sync-count': 1, 'multifd-bytes': 0, 'pages-per-second': 32960, 'downtime-bytes': 0, 'page-size': 4096, 'remaining': 75374592, 'postcopy-bytes': 0, 'mbps': 1082.1441599999998, 'transferred': 3403662706, 'dirty-sync-missed-zero-copy': 0, 'precopy-bytes': 3403787091, 'duplicate': 1256428, 'dirty-pages-rate': 0, 'normal-bytes': 3385864192, 'normal': 826627}}
QMP cmd [src1] migrate-start-postcopy args={}
QMP reply [src1] migrate-start-postcopy: {}
QMP cmd [src1] query-migrate args={}
QMP reply [src1] query-migrate: {'status': 'postcopy-device', 'setup-time': 2, 'downtime': 82, 'total-time': 25312, 'ram': {'total': 8607571968, 'postcopy-requests': 0, 'dirty-sync-count': 2, 'multifd-bytes': 0, 'pages-per-second': 32960, 'downtime-bytes': 0, 'page-size': 4096, 'remaining': 1204965376, 'postcopy-bytes': 67114959, 'mbps': 1082.1441599999998, 'transferred': 3476570994, 'dirty-sync-missed-zero-copy': 0, 'precopy-bytes': 3408387675, 'duplicate': 1257588, 'dirty-pages-rate': 11681, 'normal-bytes': 3457429504, 'normal': 844099}}
QMP cmd [src1] query-migrate args={}
QMP reply [src1] query-migrate: {'status': 'postcopy-active', 'setup-time': 2, 'downtime': 82, 'total-time': 25513, 'ram': {'total': 8607571968, 'postcopy-requests': 0, 'dirty-sync-count': 2, 'multifd-bytes': 0, 'pages-per-second': 636254, 'downtime-bytes': 0, 'page-size': 4096, 'remaining': 683053056, 'postcopy-bytes': 587507771, 'mbps': 20830.106117647058, 'transferred': 3996963846, 'dirty-sync-missed-zero-copy': 0, 'precopy-bytes': 3408387675, 'duplicate': 1258208, 'dirty-pages-rate': 11681, 'normal-bytes': 3976802304, 'normal': 970899}}
QMP cmd [src1] query-migrate args={}
QMP reply [src1] query-migrate: {'status': 'postcopy-active', 'setup-time': 2, 'downtime': 82, 'total-time': 25713, 'ram': {'total': 8607571968, 'postcopy-requests': 0, 'dirty-sync-count': 2, 'multifd-bytes': 0, 'pages-per-second': 624960, 'downtime-bytes': 0, 'page-size': 4096, 'remaining': 169414656, 'postcopy-bytes': 1094807068, 'mbps': 20178.910588235292, 'transferred': 4504263183, 'dirty-sync-missed-zero-copy': 0, 'precopy-bytes': 3408387675, 'duplicate': 1260001, 'dirty-pages-rate': 11681, 'normal-bytes': 4483096576, 'normal': 1094506}}
QMP cmd [src1] query-migrate args={}
QMP reply [src1] query-migrate: {'status': 'completed', 'setup-time': 2, 'downtime': 82, 'total-time': 25770, 'ram': {'total': 8607571968, 'postcopy-requests': 0, 'dirty-sync-count': 2, 'multifd-bytes': 0, 'pages-per-second': 639392, 'downtime-bytes': 0, 'page-size': 4096, 'remaining': 0, 'postcopy-bytes': 1246031087, 'mbps': 1445.3941223222603, 'transferred': 4655614468, 'dirty-sync-missed-zero-copy': 0, 'precopy-bytes': 3408387675, 'duplicate': 1264525, 'dirty-pages-rate': 0, 'normal-bytes': 4633985024, 'normal': 1131344}}
