2026-07-15 02:30:42.836535SSH command: ssh -o BatchMode=yes -o StrictHostKeyChecking=no -o UserKnownHostsFile=/dev/null -o ConnectTimeout=1 -o LogLevel=ERROR -p 2229 -i /home/max/.ssh/pgvm_bench user@127.0.0.1 systemd-analyze
Return code: 0
Stdout: Startup finished in 799ms (kernel) + 2.198s (userspace) = 2.998s 
graphical.target reached after 2.198s in userspace.

Stderr: 
2026-07-15 02:30:42.980512SSH command: ssh -o BatchMode=yes -o StrictHostKeyChecking=no -o UserKnownHostsFile=/dev/null -o ConnectTimeout=1 -o LogLevel=ERROR -p 2229 -i /home/max/.ssh/pgvm_bench user@127.0.0.1 rm -f /tmp/bench.done /tmp/pg-buffer-hit-ratio.csv /tmp/pg-buffer-sampler.log; nohup bash /home/user/pg_sampler.sh /tmp/bench.done /tmp/pg-buffer-hit-ratio.csv ycsb >/tmp/pg-buffer-sampler.log 2>&1 &
Return code: 0
Stdout: 
Stderr: 
QMP cmd [src8] migrate-set-capabilities args={'capabilities': [{'capability': 'auto-converge', 'state': False}, {'capability': 'events', 'state': True}, {'capability': 'postcopy-blocktime', 'state': True}, {'capability': 'postcopy-ram', 'state': True}]}
QMP cmd [src8] query-migrate args={}
QMP reply [src8] migrate-set-capabilities: {}
QMP cmd [src8] migrate args={'uri': 'unix:/tmp/mig.sock'}
QMP reply [src8] query-migrate: {}
QMP reply [src8] migrate: {}
2026-07-15 02:32:23.428259SSH command: ssh -o BatchMode=yes -o StrictHostKeyChecking=no -o UserKnownHostsFile=/dev/null -o ConnectTimeout=1 -o LogLevel=ERROR -p 2229 -i /home/max/.ssh/pgvm_bench user@127.0.0.1 test -f /tmp/bench.done
Return code: 1
Stdout: 
Stderr: 
QMP cmd [src8] query-migrate args={}
QMP reply [src8] query-migrate: {'expected-downtime': 300, 'status': 'active', 'setup-time': 1, 'total-time': 201, 'ram': {'total': 8607571968, 'postcopy-requests': 0, 'dirty-sync-count': 1, 'multifd-bytes': 0, 'pages-per-second': 37300, 'downtime-bytes': 0, 'page-size': 4096, 'remaining': 8577740800, 'postcopy-bytes': 0, 'mbps': 1082.4825600000001, 'transferred': 27060147, 'dirty-sync-missed-zero-copy': 0, 'precopy-bytes': 27059810, 'duplicate': 691, 'dirty-pages-rate': 0, 'normal-bytes': 27000832, 'normal': 6592}}
QMP cmd [src8] query-migrate args={}
QMP reply [src8] query-migrate: {'expected-downtime': 300, 'status': 'active', 'setup-time': 1, 'total-time': 402, 'ram': {'total': 8607571968, 'postcopy-requests': 0, 'dirty-sync-count': 1, 'multifd-bytes': 0, 'pages-per-second': 2045870, 'downtime-bytes': 0, 'page-size': 4096, 'remaining': 7686451200, 'postcopy-bytes': 0, 'mbps': 1074.08448, 'transferred': 56221390, 'dirty-sync-missed-zero-copy': 0, 'precopy-bytes': 56348255, 'duplicate': 211616, 'dirty-pages-rate': 0, 'normal-bytes': 54337536, 'normal': 13266}}
QMP cmd [src8] query-migrate args={}
QMP reply [src8] query-migrate: {'expected-downtime': 300, 'status': 'active', 'setup-time': 1, 'total-time': 603, 'ram': {'total': 8607571968, 'postcopy-requests': 0, 'dirty-sync-count': 1, 'multifd-bytes': 0, 'pages-per-second': 199110, 'downtime-bytes': 0, 'page-size': 4096, 'remaining': 5360410624, 'postcopy-bytes': 0, 'mbps': 1078.70976, 'transferred': 83674810, 'dirty-sync-missed-zero-copy': 0, 'precopy-bytes': 83744191, 'duplicate': 774056, 'dirty-pages-rate': 0, 'normal-bytes': 76603392, 'normal': 18702}}
QMP cmd [src8] query-migrate args={}
QMP reply [src8] query-migrate: {'expected-downtime': 300, 'status': 'active', 'setup-time': 1, 'total-time': 803, 'ram': {'total': 8607571968, 'postcopy-requests': 0, 'dirty-sync-count': 1, 'multifd-bytes': 0, 'pages-per-second': 43250, 'downtime-bytes': 0, 'page-size': 4096, 'remaining': 5309468672, 'postcopy-bytes': 0, 'mbps': 1082.8850400000001, 'transferred': 121395420, 'dirty-sync-missed-zero-copy': 0, 'precopy-bytes': 121395013, 'duplicate': 777326, 'dirty-pages-rate': 0, 'normal-bytes': 114176000, 'normal': 27875}}
QMP cmd [src8] query-migrate args={}
QMP reply [src8] query-migrate: {'expected-downtime': 300, 'status': 'active', 'setup-time': 1, 'total-time': 1004, 'ram': {'total': 8607571968, 'postcopy-requests': 0, 'dirty-sync-count': 1, 'multifd-bytes': 0, 'pages-per-second': 46020, 'downtime-bytes': 0, 'page-size': 4096, 'remaining': 5274341376, 'postcopy-bytes': 0, 'mbps': 1083.08448, 'transferred': 148466880, 'dirty-sync-missed-zero-copy': 0, 'precopy-bytes': 148466453, 'duplicate': 779310, 'dirty-pages-rate': 0, 'normal-bytes': 141176832, 'normal': 34467}}
QMP cmd [src8] query-migrate args={}
QMP reply [src8] query-migrate: {'expected-downtime': 300, 'status': 'active', 'setup-time': 1, 'total-time': 1205, 'ram': {'total': 8607571968, 'postcopy-requests': 0, 'dirty-sync-count': 1, 'multifd-bytes': 0, 'pages-per-second': 33390, 'downtime-bytes': 0, 'page-size': 4096, 'remaining': 5247070208, 'postcopy-bytes': 0, 'mbps': 1082.17512, 'transferred': 175521078, 'dirty-sync-missed-zero-copy': 0, 'precopy-bytes': 175520631, 'duplicate': 779376, 'dirty-pages-rate': 0, 'normal-bytes': 168177664, 'normal': 41059}}
QMP cmd [src8] query-migrate args={}
QMP reply [src8] query-migrate: {'expected-downtime': 300, 'status': 'active', 'setup-time': 1, 'total-time': 1406, 'ram': {'total': 8607571968, 'postcopy-requests': 0, 'dirty-sync-count': 1, 'multifd-bytes': 0, 'pages-per-second': 35990, 'downtime-bytes': 0, 'page-size': 4096, 'remaining': 5216645120, 'postcopy-bytes': 0, 'mbps': 1082.36232, 'transferred': 202582206, 'dirty-sync-missed-zero-copy': 0, 'precopy-bytes': 202581739, 'duplicate': 780212, 'dirty-pages-rate': 0, 'normal-bytes': 195178496, 'normal': 47651}}
QMP cmd [src8] query-migrate args={}
QMP reply [src8] query-migrate: {'expected-downtime': 300, 'status': 'active', 'setup-time': 1, 'total-time': 1606, 'ram': {'total': 8607571968, 'postcopy-requests': 0, 'dirty-sync-count': 1, 'multifd-bytes': 0, 'pages-per-second': 46420, 'downtime-bytes': 0, 'page-size': 4096, 'remaining': 5182816256, 'postcopy-bytes': 0, 'mbps': 1083.11328, 'transferred': 229650813, 'dirty-sync-missed-zero-copy': 0, 'precopy-bytes': 229650326, 'duplicate': 781879, 'dirty-pages-rate': 0, 'normal-bytes': 222179328, 'normal': 54243}}
QMP cmd [src8] query-migrate args={}
QMP reply [src8] query-migrate: {'expected-downtime': 300, 'status': 'active', 'setup-time': 1, 'total-time': 1807, 'ram': {'total': 8607571968, 'postcopy-requests': 0, 'dirty-sync-count': 1, 'multifd-bytes': 0, 'pages-per-second': 34200, 'downtime-bytes': 0, 'page-size': 4096, 'remaining': 5128863744, 'postcopy-bytes': 0, 'mbps': 1082.23344, 'transferred': 256685832, 'dirty-sync-missed-zero-copy': 0, 'precopy-bytes': 256685325, 'duplicate': 788478, 'dirty-pages-rate': 0, 'normal-bytes': 249102336, 'normal': 60816}}
QMP cmd [src8] query-migrate args={}
QMP reply [src8] query-migrate: {'expected-downtime': 300, 'status': 'active', 'setup-time': 1, 'total-time': 2008, 'ram': {'total': 8607571968, 'postcopy-requests': 0, 'dirty-sync-count': 1, 'multifd-bytes': 0, 'pages-per-second': 46630, 'downtime-bytes': 0, 'page-size': 4096, 'remaining': 5096239104, 'postcopy-bytes': 0, 'mbps': 1083.1283999999998, 'transferred': 283751793, 'dirty-sync-missed-zero-copy': 0, 'precopy-bytes': 283751266, 'duplicate': 789851, 'dirty-pages-rate': 0, 'normal-bytes': 276103168, 'normal': 67408}}
QMP cmd [src8] query-migrate args={}
QMP reply [src8] query-migrate: {'expected-downtime': 300, 'status': 'active', 'setup-time': 1, 'total-time': 2209, 'ram': {'total': 8607571968, 'postcopy-requests': 0, 'dirty-sync-count': 1, 'multifd-bytes': 0, 'pages-per-second': 33030, 'downtime-bytes': 0, 'page-size': 4096, 'remaining': 5068419072, 'postcopy-bytes': 0, 'mbps': 1082.1492, 'transferred': 310807197, 'dirty-sync-missed-zero-copy': 0, 'precopy-bytes': 310806650, 'duplicate': 790051, 'dirty-pages-rate': 0, 'normal-bytes': 303104000, 'normal': 74000}}
2026-07-15 02:32:25.595614SSH command: ssh -o BatchMode=yes -o StrictHostKeyChecking=no -o UserKnownHostsFile=/dev/null -o ConnectTimeout=1 -o LogLevel=ERROR -p 2229 -i /home/max/.ssh/pgvm_bench user@127.0.0.1 test -f /tmp/bench.done
Return code: 1
Stdout: 
Stderr: 
QMP cmd [src8] query-migrate args={}
QMP reply [src8] query-migrate: {'expected-downtime': 300, 'status': 'active', 'setup-time': 1, 'total-time': 2410, 'ram': {'total': 8607571968, 'postcopy-requests': 0, 'dirty-sync-count': 1, 'multifd-bytes': 0, 'pages-per-second': 33330, 'downtime-bytes': 0, 'page-size': 4096, 'remaining': 5036978176, 'postcopy-bytes': 0, 'mbps': 1082.1708, 'transferred': 337870557, 'dirty-sync-missed-zero-copy': 0, 'precopy-bytes': 337869990, 'duplicate': 791135, 'dirty-pages-rate': 0, 'normal-bytes': 330104832, 'normal': 80592}}
QMP cmd [src8] query-migrate args={}
QMP reply [src8] query-migrate: {'expected-downtime': 300, 'status': 'active', 'setup-time': 1, 'total-time': 2611, 'ram': {'total': 8607571968, 'postcopy-requests': 0, 'dirty-sync-count': 1, 'multifd-bytes': 0, 'pages-per-second': 42500, 'downtime-bytes': 0, 'page-size': 4096, 'remaining': 5001818112, 'postcopy-bytes': 0, 'mbps': 1082.83104, 'transferred': 364942089, 'dirty-sync-missed-zero-copy': 0, 'precopy-bytes': 364941502, 'duplicate': 793127, 'dirty-pages-rate': 0, 'normal-bytes': 357105664, 'normal': 87184}}
QMP cmd [src8] query-migrate args={}
QMP reply [src8] query-migrate: {'expected-downtime': 300, 'status': 'active', 'setup-time': 1, 'total-time': 2812, 'ram': {'total': 8607571968, 'postcopy-requests': 0, 'dirty-sync-count': 1, 'multifd-bytes': 0, 'pages-per-second': 32970, 'downtime-bytes': 0, 'page-size': 4096, 'remaining': 4974665728, 'postcopy-bytes': 0, 'mbps': 1082.1448799999998, 'transferred': 391996026, 'dirty-sync-missed-zero-copy': 0, 'precopy-bytes': 391995419, 'duplicate': 793164, 'dirty-pages-rate': 0, 'normal-bytes': 384106496, 'normal': 93776}}
QMP cmd [src8] query-migrate args={}
QMP reply [src8] query-migrate: {'expected-downtime': 300, 'status': 'active', 'setup-time': 1, 'total-time': 3012, 'ram': {'total': 8607571968, 'postcopy-requests': 0, 'dirty-sync-count': 1, 'multifd-bytes': 0, 'pages-per-second': 32960, 'downtime-bytes': 0, 'page-size': 4096, 'remaining': 4947517440, 'postcopy-bytes': 0, 'mbps': 1082.1441599999998, 'transferred': 419049954, 'dirty-sync-missed-zero-copy': 0, 'precopy-bytes': 419049327, 'duplicate': 793200, 'dirty-pages-rate': 0, 'normal-bytes': 411107328, 'normal': 100368}}
QMP cmd [src8] query-migrate args={}
QMP reply [src8] query-migrate: {'expected-downtime': 300, 'status': 'active', 'setup-time': 1, 'total-time': 3213, 'ram': {'total': 8607571968, 'postcopy-requests': 0, 'dirty-sync-count': 1, 'multifd-bytes': 0, 'pages-per-second': 35080, 'downtime-bytes': 0, 'page-size': 4096, 'remaining': 4917379072, 'postcopy-bytes': 0, 'mbps': 1082.2968, 'transferred': 446110452, 'dirty-sync-missed-zero-copy': 0, 'precopy-bytes': 446109805, 'duplicate': 793966, 'dirty-pages-rate': 0, 'normal-bytes': 438108160, 'normal': 106960}}
QMP cmd [src8] query-migrate args={}
QMP reply [src8] query-migrate: {'expected-downtime': 300, 'status': 'active', 'setup-time': 1, 'total-time': 3414, 'ram': {'total': 8607571968, 'postcopy-requests': 0, 'dirty-sync-count': 1, 'multifd-bytes': 0, 'pages-per-second': 33630, 'downtime-bytes': 0, 'page-size': 4096, 'remaining': 4889796608, 'postcopy-bytes': 0, 'mbps': 1082.1924, 'transferred': 473165334, 'dirty-sync-missed-zero-copy': 0, 'precopy-bytes': 473164667, 'duplicate': 794108, 'dirty-pages-rate': 0, 'normal-bytes': 465108992, 'normal': 113552}}
QMP cmd [src8] query-migrate args={}
QMP reply [src8] query-migrate: {'expected-downtime': 300, 'status': 'active', 'setup-time': 1, 'total-time': 3615, 'ram': {'total': 8607571968, 'postcopy-requests': 0, 'dirty-sync-count': 1, 'multifd-bytes': 0, 'pages-per-second': 34220, 'downtime-bytes': 0, 'page-size': 4096, 'remaining': 4861906944, 'postcopy-bytes': 0, 'mbps': 1082.23488, 'transferred': 500220891, 'dirty-sync-missed-zero-copy': 0, 'precopy-bytes': 500220204, 'duplicate': 794325, 'dirty-pages-rate': 0, 'normal-bytes': 492109824, 'normal': 120144}}
QMP cmd [src8] query-migrate args={}
QMP reply [src8] query-migrate: {'expected-downtime': 300, 'status': 'active', 'setup-time': 1, 'total-time': 3816, 'ram': {'total': 8607571968, 'postcopy-requests': 0, 'dirty-sync-count': 1, 'multifd-bytes': 0, 'pages-per-second': 34240, 'downtime-bytes': 0, 'page-size': 4096, 'remaining': 4834377728, 'postcopy-bytes': 0, 'mbps': 1082.23632, 'transferred': 527275656, 'dirty-sync-missed-zero-copy': 0, 'precopy-bytes': 527274949, 'duplicate': 794454, 'dirty-pages-rate': 0, 'normal-bytes': 519110656, 'normal': 126736}}
QMP cmd [src8] query-migrate args={}
QMP reply [src8] query-migrate: {'expected-downtime': 300, 'status': 'active', 'setup-time': 1, 'total-time': 4017, 'ram': {'total': 8607571968, 'postcopy-requests': 0, 'dirty-sync-count': 1, 'multifd-bytes': 0, 'pages-per-second': 32990, 'downtime-bytes': 0, 'page-size': 4096, 'remaining': 4807237632, 'postcopy-bytes': 0, 'mbps': 1082.14632, 'transferred': 554329566, 'dirty-sync-missed-zero-copy': 0, 'precopy-bytes': 554328839, 'duplicate': 794488, 'dirty-pages-rate': 0, 'normal-bytes': 546111488, 'normal': 133328}}
QMP cmd [src8] query-migrate args={}
QMP reply [src8] query-migrate: {'expected-downtime': 300, 'status': 'active', 'setup-time': 1, 'total-time': 4218, 'ram': {'total': 8607571968, 'postcopy-requests': 0, 'dirty-sync-count': 1, 'multifd-bytes': 0, 'pages-per-second': 33020, 'downtime-bytes': 0, 'page-size': 4096, 'remaining': 4780146688, 'postcopy-bytes': 0, 'mbps': 1082.14848, 'transferred': 581383368, 'dirty-sync-missed-zero-copy': 0, 'precopy-bytes': 581382621, 'duplicate': 794510, 'dirty-pages-rate': 0, 'normal-bytes': 573112320, 'normal': 139920}}
QMP cmd [src8] query-migrate args={}
QMP reply [src8] query-migrate: {'expected-downtime': 300, 'status': 'active', 'setup-time': 1, 'total-time': 4419, 'ram': {'total': 8607571968, 'postcopy-requests': 0, 'dirty-sync-count': 1, 'multifd-bytes': 0, 'pages-per-second': 33020, 'downtime-bytes': 0, 'page-size': 4096, 'remaining': 4753035264, 'postcopy-bytes': 0, 'mbps': 1082.14848, 'transferred': 608437215, 'dirty-sync-missed-zero-copy': 0, 'precopy-bytes': 608436448, 'duplicate': 794537, 'dirty-pages-rate': 0, 'normal-bytes': 600113152, 'normal': 146512}}
2026-07-15 02:32:27.762720SSH command: ssh -o BatchMode=yes -o StrictHostKeyChecking=no -o UserKnownHostsFile=/dev/null -o ConnectTimeout=1 -o LogLevel=ERROR -p 2229 -i /home/max/.ssh/pgvm_bench user@127.0.0.1 test -f /tmp/bench.done
Return code: 1
Stdout: 
Stderr: 
QMP cmd [src8] query-migrate args={}
QMP reply [src8] query-migrate: {'expected-downtime': 300, 'status': 'active', 'setup-time': 1, 'total-time': 4620, 'ram': {'total': 8607571968, 'postcopy-requests': 0, 'dirty-sync-count': 1, 'multifd-bytes': 0, 'pages-per-second': 33120, 'downtime-bytes': 0, 'page-size': 4096, 'remaining': 4725952512, 'postcopy-bytes': 0, 'mbps': 1082.1556799999998, 'transferred': 635490999, 'dirty-sync-missed-zero-copy': 0, 'precopy-bytes': 635490212, 'duplicate': 794557, 'dirty-pages-rate': 0, 'normal-bytes': 627113984, 'normal': 153104}}
QMP cmd [src8] query-migrate args={}
QMP reply [src8] query-migrate: {'expected-downtime': 300, 'status': 'active', 'setup-time': 1, 'total-time': 4821, 'ram': {'total': 8607571968, 'postcopy-requests': 0, 'dirty-sync-count': 1, 'multifd-bytes': 0, 'pages-per-second': 33030, 'downtime-bytes': 0, 'page-size': 4096, 'remaining': 4698337280, 'postcopy-bytes': 0, 'mbps': 1082.1492, 'transferred': 662545953, 'dirty-sync-missed-zero-copy': 0, 'precopy-bytes': 662545146, 'duplicate': 794707, 'dirty-pages-rate': 0, 'normal-bytes': 654114816, 'normal': 159696}}
QMP cmd [src8] query-migrate args={}
QMP reply [src8] query-migrate: {'expected-downtime': 300, 'status': 'active', 'setup-time': 1, 'total-time': 5022, 'ram': {'total': 8607571968, 'postcopy-requests': 0, 'dirty-sync-count': 1, 'multifd-bytes': 0, 'pages-per-second': 32980, 'downtime-bytes': 0, 'page-size': 4096, 'remaining': 4669239296, 'postcopy-bytes': 0, 'mbps': 1082.1456, 'transferred': 689604165, 'dirty-sync-missed-zero-copy': 0, 'precopy-bytes': 689603338, 'duplicate': 795219, 'dirty-pages-rate': 0, 'normal-bytes': 681115648, 'normal': 166288}}
QMP cmd [src8] query-migrate args={}
QMP reply [src8] query-migrate: {'expected-downtime': 300, 'status': 'active', 'setup-time': 1, 'total-time': 5223, 'ram': {'total': 8607571968, 'postcopy-requests': 0, 'dirty-sync-count': 1, 'multifd-bytes': 0, 'pages-per-second': 33060, 'downtime-bytes': 0, 'page-size': 4096, 'remaining': 4639723520, 'postcopy-bytes': 0, 'mbps': 1082.15136, 'transferred': 716663295, 'dirty-sync-missed-zero-copy': 0, 'precopy-bytes': 716662448, 'duplicate': 795833, 'dirty-pages-rate': 0, 'normal-bytes': 708116480, 'normal': 172880}}
QMP cmd [src8] query-migrate args={}
QMP reply [src8] query-migrate: {'expected-downtime': 300, 'status': 'active', 'setup-time': 1, 'total-time': 5424, 'ram': {'total': 8607571968, 'postcopy-requests': 0, 'dirty-sync-count': 1, 'multifd-bytes': 0, 'pages-per-second': 33420, 'downtime-bytes': 0, 'page-size': 4096, 'remaining': 4612509696, 'postcopy-bytes': 0, 'mbps': 1082.17728, 'transferred': 743717367, 'dirty-sync-missed-zero-copy': 0, 'precopy-bytes': 743716500, 'duplicate': 795885, 'dirty-pages-rate': 0, 'normal-bytes': 735117312, 'normal': 179472}}
QMP cmd [src8] query-migrate args={}
QMP reply [src8] query-migrate: {'expected-downtime': 300, 'status': 'active', 'setup-time': 1, 'total-time': 5625, 'ram': {'total': 8607571968, 'postcopy-requests': 0, 'dirty-sync-count': 1, 'multifd-bytes': 0, 'pages-per-second': 33000, 'downtime-bytes': 0, 'page-size': 4096, 'remaining': 4585476096, 'postcopy-bytes': 0, 'mbps': 1082.14704, 'transferred': 770771043, 'dirty-sync-missed-zero-copy': 0, 'precopy-bytes': 770770156, 'duplicate': 795893, 'dirty-pages-rate': 0, 'normal-bytes': 762118144, 'normal': 186064}}
QMP cmd [src8] query-migrate args={}
QMP reply [src8] query-migrate: {'expected-downtime': 300, 'status': 'active', 'setup-time': 1, 'total-time': 5825, 'ram': {'total': 8607571968, 'postcopy-requests': 0, 'dirty-sync-count': 1, 'multifd-bytes': 0, 'pages-per-second': 33060, 'downtime-bytes': 0, 'page-size': 4096, 'remaining': 4558417920, 'postcopy-bytes': 0, 'mbps': 1082.15136, 'transferred': 797824773, 'dirty-sync-missed-zero-copy': 0, 'precopy-bytes': 797823866, 'duplicate': 795907, 'dirty-pages-rate': 0, 'normal-bytes': 789118976, 'normal': 192656}}
QMP cmd [src8] query-migrate args={}
QMP reply [src8] query-migrate: {'expected-downtime': 300, 'status': 'active', 'setup-time': 1, 'total-time': 6026, 'ram': {'total': 8607571968, 'postcopy-requests': 0, 'dirty-sync-count': 1, 'multifd-bytes': 0, 'pages-per-second': 33140, 'downtime-bytes': 0, 'page-size': 4096, 'remaining': 4529221632, 'postcopy-bytes': 0, 'mbps': 1082.15712, 'transferred': 824883201, 'dirty-sync-missed-zero-copy': 0, 'precopy-bytes': 824882274, 'duplicate': 796443, 'dirty-pages-rate': 0, 'normal-bytes': 816119808, 'normal': 199248}}
QMP cmd [src8] query-migrate args={}
QMP reply [src8] query-migrate: {'expected-downtime': 300, 'status': 'active', 'setup-time': 1, 'total-time': 6227, 'ram': {'total': 8607571968, 'postcopy-requests': 0, 'dirty-sync-count': 1, 'multifd-bytes': 0, 'pages-per-second': 42070, 'downtime-bytes': 0, 'page-size': 4096, 'remaining': 4498477056, 'postcopy-bytes': 0, 'mbps': 1082.80008, 'transferred': 851945031, 'dirty-sync-missed-zero-copy': 0, 'precopy-bytes': 851944084, 'duplicate': 797357, 'dirty-pages-rate': 0, 'normal-bytes': 843120640, 'normal': 205840}}
QMP cmd [src8] query-migrate args={}
QMP reply [src8] query-migrate: {'expected-downtime': 300, 'status': 'active', 'setup-time': 1, 'total-time': 6428, 'ram': {'total': 8607571968, 'postcopy-requests': 0, 'dirty-sync-count': 1, 'multifd-bytes': 0, 'pages-per-second': 33460, 'downtime-bytes': 0, 'page-size': 4096, 'remaining': 4471271424, 'postcopy-bytes': 0, 'mbps': 1082.18016, 'transferred': 878999085, 'dirty-sync-missed-zero-copy': 0, 'precopy-bytes': 878998118, 'duplicate': 797407, 'dirty-pages-rate': 0, 'normal-bytes': 870121472, 'normal': 212432}}
QMP cmd [src8] query-migrate args={}
QMP reply [src8] query-migrate: {'expected-downtime': 300, 'status': 'active', 'setup-time': 1, 'total-time': 6628, 'ram': {'total': 8607571968, 'postcopy-requests': 0, 'dirty-sync-count': 1, 'multifd-bytes': 0, 'pages-per-second': 33040, 'downtime-bytes': 0, 'page-size': 4096, 'remaining': 4444237824, 'postcopy-bytes': 0, 'mbps': 1082.1499199999998, 'transferred': 906052761, 'dirty-sync-missed-zero-copy': 0, 'precopy-bytes': 906051774, 'duplicate': 797415, 'dirty-pages-rate': 0, 'normal-bytes': 897122304, 'normal': 219024}}
2026-07-15 02:32:29.926772SSH command: ssh -o BatchMode=yes -o StrictHostKeyChecking=no -o UserKnownHostsFile=/dev/null -o ConnectTimeout=1 -o LogLevel=ERROR -p 2229 -i /home/max/.ssh/pgvm_bench user@127.0.0.1 test -f /tmp/bench.done
Return code: 1
Stdout: 
Stderr: 
QMP cmd [src8] query-migrate args={}
QMP reply [src8] query-migrate: {'expected-downtime': 300, 'status': 'active', 'setup-time': 1, 'total-time': 6830, 'ram': {'total': 8607571968, 'postcopy-requests': 0, 'dirty-sync-count': 1, 'multifd-bytes': 0, 'pages-per-second': 32960, 'downtime-bytes': 0, 'page-size': 4096, 'remaining': 4417228800, 'postcopy-bytes': 0, 'mbps': 1082.1441599999998, 'transferred': 933106383, 'dirty-sync-missed-zero-copy': 0, 'precopy-bytes': 933105376, 'duplicate': 797417, 'dirty-pages-rate': 0, 'normal-bytes': 924123136, 'normal': 225616}}
QMP cmd [src8] query-migrate args={}
QMP reply [src8] query-migrate: {'expected-downtime': 300, 'status': 'active', 'setup-time': 1, 'total-time': 7030, 'ram': {'total': 8607571968, 'postcopy-requests': 0, 'dirty-sync-count': 1, 'multifd-bytes': 0, 'pages-per-second': 32960, 'downtime-bytes': 0, 'page-size': 4096, 'remaining': 4390219776, 'postcopy-bytes': 0, 'mbps': 1082.1441599999998, 'transferred': 960160005, 'dirty-sync-missed-zero-copy': 0, 'precopy-bytes': 960158978, 'duplicate': 797419, 'dirty-pages-rate': 0, 'normal-bytes': 951123968, 'normal': 232208}}
QMP cmd [src8] query-migrate args={}
QMP reply [src8] query-migrate: {'expected-downtime': 300, 'status': 'active', 'setup-time': 1, 'total-time': 7231, 'ram': {'total': 8607571968, 'postcopy-requests': 0, 'dirty-sync-count': 1, 'multifd-bytes': 0, 'pages-per-second': 32960, 'downtime-bytes': 0, 'page-size': 4096, 'remaining': 4363210752, 'postcopy-bytes': 0, 'mbps': 1082.1441599999998, 'transferred': 987213627, 'dirty-sync-missed-zero-copy': 0, 'precopy-bytes': 987212580, 'duplicate': 797421, 'dirty-pages-rate': 0, 'normal-bytes': 978124800, 'normal': 238800}}
QMP cmd [src8] query-migrate args={}
QMP reply [src8] query-migrate: {'expected-downtime': 300, 'status': 'active', 'setup-time': 1, 'total-time': 7432, 'ram': {'total': 8607571968, 'postcopy-requests': 0, 'dirty-sync-count': 1, 'multifd-bytes': 0, 'pages-per-second': 32960, 'downtime-bytes': 0, 'page-size': 4096, 'remaining': 4333961216, 'postcopy-bytes': 0, 'mbps': 1082.1441599999998, 'transferred': 1014272172, 'dirty-sync-missed-zero-copy': 0, 'precopy-bytes': 1014271105, 'duplicate': 797970, 'dirty-pages-rate': 0, 'normal-bytes': 1005125632, 'normal': 245392}}
QMP cmd [src8] query-migrate args={}
QMP reply [src8] query-migrate: {'expected-downtime': 300, 'status': 'active', 'setup-time': 1, 'total-time': 7633, 'ram': {'total': 8607571968, 'postcopy-requests': 0, 'dirty-sync-count': 1, 'multifd-bytes': 0, 'pages-per-second': 32960, 'downtime-bytes': 0, 'page-size': 4096, 'remaining': 4304838656, 'postcopy-bytes': 0, 'mbps': 1082.1441599999998, 'transferred': 1041330438, 'dirty-sync-missed-zero-copy': 0, 'precopy-bytes': 1041329351, 'duplicate': 798488, 'dirty-pages-rate': 0, 'normal-bytes': 1032126464, 'normal': 251984}}
QMP cmd [src8] query-migrate args={}
QMP reply [src8] query-migrate: {'expected-downtime': 300, 'status': 'active', 'setup-time': 1, 'total-time': 7834, 'ram': {'total': 8607571968, 'postcopy-requests': 0, 'dirty-sync-count': 1, 'multifd-bytes': 0, 'pages-per-second': 33060, 'downtime-bytes': 0, 'page-size': 4096, 'remaining': 4277796864, 'postcopy-bytes': 0, 'mbps': 1082.15136, 'transferred': 1068384132, 'dirty-sync-missed-zero-copy': 0, 'precopy-bytes': 1068383025, 'duplicate': 798498, 'dirty-pages-rate': 0, 'normal-bytes': 1059127296, 'normal': 258576}}
QMP cmd [src8] query-migrate args={}
QMP reply [src8] query-migrate: {'expected-downtime': 300, 'status': 'active', 'setup-time': 1, 'total-time': 8034, 'ram': {'total': 8607571968, 'postcopy-requests': 0, 'dirty-sync-count': 1, 'multifd-bytes': 0, 'pages-per-second': 32980, 'downtime-bytes': 0, 'page-size': 4096, 'remaining': 4250787840, 'postcopy-bytes': 0, 'mbps': 1082.1456, 'transferred': 1095437754, 'dirty-sync-missed-zero-copy': 0, 'precopy-bytes': 1095436627, 'duplicate': 798500, 'dirty-pages-rate': 0, 'normal-bytes': 1086128128, 'normal': 265168}}
QMP cmd [src8] query-migrate args={}
QMP reply [src8] query-migrate: {'expected-downtime': 300, 'status': 'active', 'setup-time': 1, 'total-time': 8235, 'ram': {'total': 8607571968, 'postcopy-requests': 0, 'dirty-sync-count': 1, 'multifd-bytes': 0, 'pages-per-second': 32980, 'downtime-bytes': 0, 'page-size': 4096, 'remaining': 4223778816, 'postcopy-bytes': 0, 'mbps': 1082.1456, 'transferred': 1122491376, 'dirty-sync-missed-zero-copy': 0, 'precopy-bytes': 1122490229, 'duplicate': 798502, 'dirty-pages-rate': 0, 'normal-bytes': 1113128960, 'normal': 271760}}
QMP cmd [src8] query-migrate args={}
QMP reply [src8] query-migrate: {'expected-downtime': 300, 'status': 'active', 'setup-time': 1, 'total-time': 8436, 'ram': {'total': 8607571968, 'postcopy-requests': 0, 'dirty-sync-count': 1, 'multifd-bytes': 0, 'pages-per-second': 32980, 'downtime-bytes': 0, 'page-size': 4096, 'remaining': 4196753408, 'postcopy-bytes': 0, 'mbps': 1082.1456, 'transferred': 1149545034, 'dirty-sync-missed-zero-copy': 0, 'precopy-bytes': 1149543867, 'duplicate': 798508, 'dirty-pages-rate': 0, 'normal-bytes': 1140129792, 'normal': 278352}}
QMP cmd [src8] query-migrate args={}
QMP reply [src8] query-migrate: {'expected-downtime': 300, 'status': 'active', 'setup-time': 1, 'total-time': 8636, 'ram': {'total': 8607571968, 'postcopy-requests': 0, 'dirty-sync-count': 1, 'multifd-bytes': 0, 'pages-per-second': 32980, 'downtime-bytes': 0, 'page-size': 4096, 'remaining': 4169736192, 'postcopy-bytes': 0, 'mbps': 1082.1456, 'transferred': 1176598674, 'dirty-sync-missed-zero-copy': 0, 'precopy-bytes': 1176597487, 'duplicate': 798512, 'dirty-pages-rate': 0, 'normal-bytes': 1167130624, 'normal': 284944}}
QMP cmd [src8] query-migrate args={}
QMP reply [src8] query-migrate: {'expected-downtime': 300, 'status': 'active', 'setup-time': 1, 'total-time': 8837, 'ram': {'total': 8607571968, 'postcopy-requests': 0, 'dirty-sync-count': 1, 'multifd-bytes': 0, 'pages-per-second': 32960, 'downtime-bytes': 0, 'page-size': 4096, 'remaining': 4142710784, 'postcopy-bytes': 0, 'mbps': 1082.1441599999998, 'transferred': 1203652332, 'dirty-sync-missed-zero-copy': 0, 'precopy-bytes': 1203651125, 'duplicate': 798518, 'dirty-pages-rate': 0, 'normal-bytes': 1194131456, 'normal': 291536}}
2026-07-15 02:32:32.112621SSH command: ssh -o BatchMode=yes -o StrictHostKeyChecking=no -o UserKnownHostsFile=/dev/null -o ConnectTimeout=1 -o LogLevel=ERROR -p 2229 -i /home/max/.ssh/pgvm_bench user@127.0.0.1 test -f /tmp/bench.done
Return code: 1
Stdout: 
Stderr: 
QMP cmd [src8] query-migrate args={}
QMP reply [src8] query-migrate: {'expected-downtime': 300, 'status': 'active', 'setup-time': 1, 'total-time': 9038, 'ram': {'total': 8607571968, 'postcopy-requests': 0, 'dirty-sync-count': 1, 'multifd-bytes': 0, 'pages-per-second': 32970, 'downtime-bytes': 0, 'page-size': 4096, 'remaining': 4115705856, 'postcopy-bytes': 0, 'mbps': 1082.1448799999998, 'transferred': 1230705945, 'dirty-sync-missed-zero-copy': 0, 'precopy-bytes': 1230704718, 'duplicate': 798519, 'dirty-pages-rate': 0, 'normal-bytes': 1221132288, 'normal': 298128}}
QMP cmd [src8] query-migrate args={}
QMP reply [src8] query-migrate: {'expected-downtime': 300, 'status': 'active', 'setup-time': 1, 'total-time': 9239, 'ram': {'total': 8607571968, 'postcopy-requests': 0, 'dirty-sync-count': 1, 'multifd-bytes': 0, 'pages-per-second': 33130, 'downtime-bytes': 0, 'page-size': 4096, 'remaining': 4087767040, 'postcopy-bytes': 0, 'mbps': 1082.1563999999998, 'transferred': 1257761610, 'dirty-sync-missed-zero-copy': 0, 'precopy-bytes': 1257760363, 'duplicate': 798748, 'dirty-pages-rate': 0, 'normal-bytes': 1248133120, 'normal': 304720}}
QMP cmd [src8] query-migrate args={}
QMP reply [src8] query-migrate: {'expected-downtime': 300, 'status': 'active', 'setup-time': 1, 'total-time': 9440, 'ram': {'total': 8607571968, 'postcopy-requests': 0, 'dirty-sync-count': 1, 'multifd-bytes': 0, 'pages-per-second': 39520, 'downtime-bytes': 0, 'page-size': 4096, 'remaining': 4058079232, 'postcopy-bytes': 0, 'mbps': 1082.61648, 'transferred': 1284821118, 'dirty-sync-missed-zero-copy': 0, 'precopy-bytes': 1284819851, 'duplicate': 799404, 'dirty-pages-rate': 0, 'normal-bytes': 1275133952, 'normal': 311312}}
QMP cmd [src8] query-migrate args={}
QMP reply [src8] query-migrate: {'expected-downtime': 300, 'status': 'active', 'setup-time': 1, 'total-time': 9641, 'ram': {'total': 8607571968, 'postcopy-requests': 0, 'dirty-sync-count': 1, 'multifd-bytes': 0, 'pages-per-second': 32960, 'downtime-bytes': 0, 'page-size': 4096, 'remaining': 4031078400, 'postcopy-bytes': 0, 'mbps': 1082.1441599999998, 'transferred': 1311874722, 'dirty-sync-missed-zero-copy': 0, 'precopy-bytes': 1311873435, 'duplicate': 799404, 'dirty-pages-rate': 0, 'normal-bytes': 1302134784, 'normal': 317904}}
QMP cmd [src8] query-migrate args={}
QMP reply [src8] query-migrate: {'expected-downtime': 300, 'status': 'active', 'setup-time': 1, 'total-time': 9842, 'ram': {'total': 8607571968, 'postcopy-requests': 0, 'dirty-sync-count': 1, 'multifd-bytes': 0, 'pages-per-second': 32960, 'downtime-bytes': 0, 'page-size': 4096, 'remaining': 4004069376, 'postcopy-bytes': 0, 'mbps': 1082.1441599999998, 'transferred': 1338928344, 'dirty-sync-missed-zero-copy': 0, 'precopy-bytes': 1338927037, 'duplicate': 799406, 'dirty-pages-rate': 0, 'normal-bytes': 1329135616, 'normal': 324496}}
QMP cmd [src8] query-migrate args={}
QMP reply [src8] query-migrate: {'expected-downtime': 300, 'status': 'active', 'setup-time': 1, 'total-time': 10042, 'ram': {'total': 8607571968, 'postcopy-requests': 0, 'dirty-sync-count': 1, 'multifd-bytes': 0, 'pages-per-second': 32980, 'downtime-bytes': 0, 'page-size': 4096, 'remaining': 3976945664, 'postcopy-bytes': 0, 'mbps': 1082.1456, 'transferred': 1365982218, 'dirty-sync-missed-zero-copy': 0, 'precopy-bytes': 1365980891, 'duplicate': 799436, 'dirty-pages-rate': 0, 'normal-bytes': 1356136448, 'normal': 331088}}
QMP cmd [src8] query-migrate args={}
QMP reply [src8] query-migrate: {'expected-downtime': 300, 'status': 'active', 'setup-time': 1, 'total-time': 10243, 'ram': {'total': 8607571968, 'postcopy-requests': 0, 'dirty-sync-count': 1, 'multifd-bytes': 0, 'pages-per-second': 32980, 'downtime-bytes': 0, 'page-size': 4096, 'remaining': 3949912064, 'postcopy-bytes': 0, 'mbps': 1082.1456, 'transferred': 1393035894, 'dirty-sync-missed-zero-copy': 0, 'precopy-bytes': 1393034547, 'duplicate': 799444, 'dirty-pages-rate': 0, 'normal-bytes': 1383137280, 'normal': 337680}}
QMP cmd [src8] query-migrate args={}
QMP reply [src8] query-migrate: {'expected-downtime': 300, 'status': 'active', 'setup-time': 1, 'total-time': 10444, 'ram': {'total': 8607571968, 'postcopy-requests': 0, 'dirty-sync-count': 1, 'multifd-bytes': 0, 'pages-per-second': 32980, 'downtime-bytes': 0, 'page-size': 4096, 'remaining': 3922894848, 'postcopy-bytes': 0, 'mbps': 1082.1456, 'transferred': 1420089534, 'dirty-sync-missed-zero-copy': 0, 'precopy-bytes': 1420088167, 'duplicate': 799448, 'dirty-pages-rate': 0, 'normal-bytes': 1410138112, 'normal': 344272}}
QMP cmd [src8] query-migrate args={}
QMP reply [src8] query-migrate: {'expected-downtime': 300, 'status': 'active', 'setup-time': 1, 'total-time': 10645, 'ram': {'total': 8607571968, 'postcopy-requests': 0, 'dirty-sync-count': 1, 'multifd-bytes': 0, 'pages-per-second': 32980, 'downtime-bytes': 0, 'page-size': 4096, 'remaining': 3895877632, 'postcopy-bytes': 0, 'mbps': 1082.1456, 'transferred': 1447143174, 'dirty-sync-missed-zero-copy': 0, 'precopy-bytes': 1447141787, 'duplicate': 799452, 'dirty-pages-rate': 0, 'normal-bytes': 1437138944, 'normal': 350864}}
QMP cmd [src8] query-migrate args={}
QMP reply [src8] query-migrate: {'expected-downtime': 300, 'status': 'active', 'setup-time': 1, 'total-time': 10845, 'ram': {'total': 8607571968, 'postcopy-requests': 0, 'dirty-sync-count': 1, 'multifd-bytes': 0, 'pages-per-second': 33020, 'downtime-bytes': 0, 'page-size': 4096, 'remaining': 3868852224, 'postcopy-bytes': 0, 'mbps': 1082.14848, 'transferred': 1474196832, 'dirty-sync-missed-zero-copy': 0, 'precopy-bytes': 1474195425, 'duplicate': 799458, 'dirty-pages-rate': 0, 'normal-bytes': 1464139776, 'normal': 357456}}
QMP cmd [src8] query-migrate args={}
QMP reply [src8] query-migrate: {'expected-downtime': 300, 'status': 'active', 'setup-time': 1, 'total-time': 11046, 'ram': {'total': 8607571968, 'postcopy-requests': 0, 'dirty-sync-count': 1, 'multifd-bytes': 0, 'pages-per-second': 33000, 'downtime-bytes': 0, 'page-size': 4096, 'remaining': 3841835008, 'postcopy-bytes': 0, 'mbps': 1082.14704, 'transferred': 1501250472, 'dirty-sync-missed-zero-copy': 0, 'precopy-bytes': 1501249045, 'duplicate': 799462, 'dirty-pages-rate': 0, 'normal-bytes': 1491140608, 'normal': 364048}}
2026-07-15 02:32:34.311815SSH command: ssh -o BatchMode=yes -o StrictHostKeyChecking=no -o UserKnownHostsFile=/dev/null -o ConnectTimeout=1 -o LogLevel=ERROR -p 2229 -i /home/max/.ssh/pgvm_bench user@127.0.0.1 test -f /tmp/bench.done
Return code: 1
Stdout: 
Stderr: 
QMP cmd [src8] query-migrate args={}
QMP reply [src8] query-migrate: {'expected-downtime': 300, 'status': 'active', 'setup-time': 1, 'total-time': 11248, 'ram': {'total': 8607571968, 'postcopy-requests': 0, 'dirty-sync-count': 1, 'multifd-bytes': 0, 'pages-per-second': 33020, 'downtime-bytes': 0, 'page-size': 4096, 'remaining': 3814801408, 'postcopy-bytes': 0, 'mbps': 1082.14848, 'transferred': 1528304148, 'dirty-sync-missed-zero-copy': 0, 'precopy-bytes': 1528302701, 'duplicate': 799470, 'dirty-pages-rate': 0, 'normal-bytes': 1518141440, 'normal': 370640}}
QMP cmd [src8] query-migrate args={}
QMP reply [src8] query-migrate: {'expected-downtime': 300, 'status': 'active', 'setup-time': 1, 'total-time': 11448, 'ram': {'total': 8607571968, 'postcopy-requests': 0, 'dirty-sync-count': 1, 'multifd-bytes': 0, 'pages-per-second': 39780, 'downtime-bytes': 0, 'page-size': 4096, 'remaining': 3784990720, 'postcopy-bytes': 0, 'mbps': 1082.6352, 'transferred': 1555363926, 'dirty-sync-missed-zero-copy': 0, 'precopy-bytes': 1555362459, 'duplicate': 800156, 'dirty-pages-rate': 0, 'normal-bytes': 1545142272, 'normal': 377232}}
QMP cmd [src8] query-migrate args={}
QMP reply [src8] query-migrate: {'expected-downtime': 300, 'status': 'active', 'setup-time': 1, 'total-time': 11649, 'ram': {'total': 8607571968, 'postcopy-requests': 0, 'dirty-sync-count': 1, 'multifd-bytes': 0, 'pages-per-second': 33000, 'downtime-bytes': 0, 'page-size': 4096, 'remaining': 3757965312, 'postcopy-bytes': 0, 'mbps': 1082.14704, 'transferred': 1582417584, 'dirty-sync-missed-zero-copy': 0, 'precopy-bytes': 1582416097, 'duplicate': 800162, 'dirty-pages-rate': 0, 'normal-bytes': 1572143104, 'normal': 383824}}
QMP cmd [src8] query-migrate args={}
QMP reply [src8] query-migrate: {'expected-downtime': 300, 'status': 'active', 'setup-time': 1, 'total-time': 11850, 'ram': {'total': 8607571968, 'postcopy-requests': 0, 'dirty-sync-count': 1, 'multifd-bytes': 0, 'pages-per-second': 32980, 'downtime-bytes': 0, 'page-size': 4096, 'remaining': 3730931712, 'postcopy-bytes': 0, 'mbps': 1082.1456, 'transferred': 1609471260, 'dirty-sync-missed-zero-copy': 0, 'precopy-bytes': 1609469753, 'duplicate': 800170, 'dirty-pages-rate': 0, 'normal-bytes': 1599143936, 'normal': 390416}}
QMP cmd [src8] query-migrate args={}
QMP reply [src8] query-migrate: {'expected-downtime': 300, 'status': 'active', 'setup-time': 1, 'total-time': 12051, 'ram': {'total': 8607571968, 'postcopy-requests': 0, 'dirty-sync-count': 1, 'multifd-bytes': 0, 'pages-per-second': 32980, 'downtime-bytes': 0, 'page-size': 4096, 'remaining': 3703914496, 'postcopy-bytes': 0, 'mbps': 1082.1456, 'transferred': 1636524900, 'dirty-sync-missed-zero-copy': 0, 'precopy-bytes': 1636523373, 'duplicate': 800174, 'dirty-pages-rate': 0, 'normal-bytes': 1626144768, 'normal': 397008}}
QMP cmd [src8] query-migrate args={}
QMP reply [src8] query-migrate: {'expected-downtime': 300, 'status': 'active', 'setup-time': 1, 'total-time': 12251, 'ram': {'total': 8607571968, 'postcopy-requests': 0, 'dirty-sync-count': 1, 'multifd-bytes': 0, 'pages-per-second': 32980, 'downtime-bytes': 0, 'page-size': 4096, 'remaining': 3676897280, 'postcopy-bytes': 0, 'mbps': 1082.1456, 'transferred': 1663578540, 'dirty-sync-missed-zero-copy': 0, 'precopy-bytes': 1663576993, 'duplicate': 800178, 'dirty-pages-rate': 0, 'normal-bytes': 1653145600, 'normal': 403600}}
QMP cmd [src8] query-migrate args={}
QMP reply [src8] query-migrate: {'expected-downtime': 300, 'status': 'active', 'setup-time': 1, 'total-time': 12452, 'ram': {'total': 8607571968, 'postcopy-requests': 0, 'dirty-sync-count': 1, 'multifd-bytes': 0, 'pages-per-second': 33040, 'downtime-bytes': 0, 'page-size': 4096, 'remaining': 3649855488, 'postcopy-bytes': 0, 'mbps': 1082.1499199999998, 'transferred': 1690632234, 'dirty-sync-missed-zero-copy': 0, 'precopy-bytes': 1690630667, 'duplicate': 800188, 'dirty-pages-rate': 0, 'normal-bytes': 1680146432, 'normal': 410192}}
QMP cmd [src8] query-migrate args={}
QMP reply [src8] query-migrate: {'expected-downtime': 300, 'status': 'active', 'setup-time': 1, 'total-time': 12653, 'ram': {'total': 8607571968, 'postcopy-requests': 0, 'dirty-sync-count': 1, 'multifd-bytes': 0, 'pages-per-second': 32980, 'downtime-bytes': 0, 'page-size': 4096, 'remaining': 3622838272, 'postcopy-bytes': 0, 'mbps': 1082.1456, 'transferred': 1717685874, 'dirty-sync-missed-zero-copy': 0, 'precopy-bytes': 1717684287, 'duplicate': 800192, 'dirty-pages-rate': 0, 'normal-bytes': 1707147264, 'normal': 416784}}
QMP cmd [src8] query-migrate args={}
QMP reply [src8] query-migrate: {'expected-downtime': 300, 'status': 'active', 'setup-time': 1, 'total-time': 12853, 'ram': {'total': 8607571968, 'postcopy-requests': 0, 'dirty-sync-count': 1, 'multifd-bytes': 0, 'pages-per-second': 32980, 'downtime-bytes': 0, 'page-size': 4096, 'remaining': 3595821056, 'postcopy-bytes': 0, 'mbps': 1082.1456, 'transferred': 1744739514, 'dirty-sync-missed-zero-copy': 0, 'precopy-bytes': 1744737907, 'duplicate': 800196, 'dirty-pages-rate': 0, 'normal-bytes': 1734148096, 'normal': 423376}}
QMP cmd [src8] query-migrate args={}
QMP reply [src8] query-migrate: {'expected-downtime': 300, 'status': 'active', 'setup-time': 1, 'total-time': 13054, 'ram': {'total': 8607571968, 'postcopy-requests': 0, 'dirty-sync-count': 1, 'multifd-bytes': 0, 'pages-per-second': 32980, 'downtime-bytes': 0, 'page-size': 4096, 'remaining': 3568787456, 'postcopy-bytes': 0, 'mbps': 1082.1456, 'transferred': 1771793190, 'dirty-sync-missed-zero-copy': 0, 'precopy-bytes': 1771791563, 'duplicate': 800204, 'dirty-pages-rate': 0, 'normal-bytes': 1761148928, 'normal': 429968}}
QMP cmd [src8] query-migrate args={}
QMP reply [src8] query-migrate: {'expected-downtime': 300, 'status': 'active', 'setup-time': 1, 'total-time': 13255, 'ram': {'total': 8607571968, 'postcopy-requests': 0, 'dirty-sync-count': 1, 'multifd-bytes': 0, 'pages-per-second': 33020, 'downtime-bytes': 0, 'page-size': 4096, 'remaining': 3541753856, 'postcopy-bytes': 0, 'mbps': 1082.14848, 'transferred': 1798846866, 'dirty-sync-missed-zero-copy': 0, 'precopy-bytes': 1798845219, 'duplicate': 800212, 'dirty-pages-rate': 0, 'normal-bytes': 1788149760, 'normal': 436560}}
2026-07-15 02:32:36.538778SSH command: ssh -o BatchMode=yes -o StrictHostKeyChecking=no -o UserKnownHostsFile=/dev/null -o ConnectTimeout=1 -o LogLevel=ERROR -p 2229 -i /home/max/.ssh/pgvm_bench user@127.0.0.1 test -f /tmp/bench.done
Return code: 1
Stdout: 
Stderr: 
QMP cmd [src8] query-migrate args={}
QMP reply [src8] query-migrate: {'expected-downtime': 300, 'status': 'active', 'setup-time': 1, 'total-time': 13457, 'ram': {'total': 8607571968, 'postcopy-requests': 0, 'dirty-sync-count': 1, 'multifd-bytes': 0, 'pages-per-second': 33000, 'downtime-bytes': 0, 'page-size': 4096, 'remaining': 3514728448, 'postcopy-bytes': 0, 'mbps': 1082.14704, 'transferred': 1825900524, 'dirty-sync-missed-zero-copy': 0, 'precopy-bytes': 1825898857, 'duplicate': 800218, 'dirty-pages-rate': 0, 'normal-bytes': 1815150592, 'normal': 443152}}
QMP cmd [src8] query-migrate args={}
QMP reply [src8] query-migrate: {'expected-downtime': 300, 'status': 'active', 'setup-time': 1, 'total-time': 13657, 'ram': {'total': 8607571968, 'postcopy-requests': 0, 'dirty-sync-count': 1, 'multifd-bytes': 0, 'pages-per-second': 33000, 'downtime-bytes': 0, 'page-size': 4096, 'remaining': 3487703040, 'postcopy-bytes': 0, 'mbps': 1082.14704, 'transferred': 1852954182, 'dirty-sync-missed-zero-copy': 0, 'precopy-bytes': 1852952495, 'duplicate': 800224, 'dirty-pages-rate': 0, 'normal-bytes': 1842151424, 'normal': 449744}}
QMP cmd [src8] query-migrate args={}
QMP reply [src8] query-migrate: {'expected-downtime': 300, 'status': 'active', 'setup-time': 1, 'total-time': 13858, 'ram': {'total': 8607571968, 'postcopy-requests': 0, 'dirty-sync-count': 1, 'multifd-bytes': 0, 'pages-per-second': 33000, 'downtime-bytes': 0, 'page-size': 4096, 'remaining': 3460669440, 'postcopy-bytes': 0, 'mbps': 1082.14704, 'transferred': 1880007858, 'dirty-sync-missed-zero-copy': 0, 'precopy-bytes': 1880006151, 'duplicate': 800232, 'dirty-pages-rate': 0, 'normal-bytes': 1869152256, 'normal': 456336}}
QMP cmd [src8] query-migrate args={}
QMP reply [src8] query-migrate: {'expected-downtime': 300, 'status': 'active', 'setup-time': 1, 'total-time': 14059, 'ram': {'total': 8607571968, 'postcopy-requests': 0, 'dirty-sync-count': 1, 'multifd-bytes': 0, 'pages-per-second': 32980, 'downtime-bytes': 0, 'page-size': 4096, 'remaining': 3433652224, 'postcopy-bytes': 0, 'mbps': 1082.1456, 'transferred': 1907061498, 'dirty-sync-missed-zero-copy': 0, 'precopy-bytes': 1907059771, 'duplicate': 800236, 'dirty-pages-rate': 0, 'normal-bytes': 1896153088, 'normal': 462928}}
QMP cmd [src8] query-migrate args={}
QMP reply [src8] query-migrate: {'expected-downtime': 300, 'status': 'active', 'setup-time': 1, 'total-time': 14260, 'ram': {'total': 8607571968, 'postcopy-requests': 0, 'dirty-sync-count': 1, 'multifd-bytes': 0, 'pages-per-second': 33000, 'downtime-bytes': 0, 'page-size': 4096, 'remaining': 3406606336, 'postcopy-bytes': 0, 'mbps': 1082.14704, 'transferred': 1934115201, 'dirty-sync-missed-zero-copy': 0, 'precopy-bytes': 1934113454, 'duplicate': 800247, 'dirty-pages-rate': 0, 'normal-bytes': 1923153920, 'normal': 469520}}
QMP cmd [src8] query-migrate args={}
QMP reply [src8] query-migrate: {'expected-downtime': 300, 'status': 'active', 'setup-time': 1, 'total-time': 14461, 'ram': {'total': 8607571968, 'postcopy-requests': 0, 'dirty-sync-count': 1, 'multifd-bytes': 0, 'pages-per-second': 32980, 'downtime-bytes': 0, 'page-size': 4096, 'remaining': 3379589120, 'postcopy-bytes': 0, 'mbps': 1082.1456, 'transferred': 1961168841, 'dirty-sync-missed-zero-copy': 0, 'precopy-bytes': 1961167074, 'duplicate': 800251, 'dirty-pages-rate': 0, 'normal-bytes': 1950154752, 'normal': 476112}}
QMP cmd [src8] query-migrate args={}
QMP reply [src8] query-migrate: {'expected-downtime': 300, 'status': 'active', 'setup-time': 1, 'total-time': 14661, 'ram': {'total': 8607571968, 'postcopy-requests': 0, 'dirty-sync-count': 1, 'multifd-bytes': 0, 'pages-per-second': 32980, 'downtime-bytes': 0, 'page-size': 4096, 'remaining': 3352563712, 'postcopy-bytes': 0, 'mbps': 1082.1456, 'transferred': 1988222499, 'dirty-sync-missed-zero-copy': 0, 'precopy-bytes': 1988220712, 'duplicate': 800257, 'dirty-pages-rate': 0, 'normal-bytes': 1977155584, 'normal': 482704}}
QMP cmd [src8] query-migrate args={}
QMP reply [src8] query-migrate: {'expected-downtime': 300, 'status': 'active', 'setup-time': 1, 'total-time': 14862, 'ram': {'total': 8607571968, 'postcopy-requests': 0, 'dirty-sync-count': 1, 'multifd-bytes': 0, 'pages-per-second': 33040, 'downtime-bytes': 0, 'page-size': 4096, 'remaining': 3325513728, 'postcopy-bytes': 0, 'mbps': 1082.1499199999998, 'transferred': 2015276211, 'dirty-sync-missed-zero-copy': 0, 'precopy-bytes': 2015274404, 'duplicate': 800269, 'dirty-pages-rate': 0, 'normal-bytes': 2004156416, 'normal': 489296}}
QMP cmd [src8] query-migrate args={}
QMP reply [src8] query-migrate: {'expected-downtime': 300, 'status': 'active', 'setup-time': 1, 'total-time': 15063, 'ram': {'total': 8607571968, 'postcopy-requests': 0, 'dirty-sync-count': 1, 'multifd-bytes': 0, 'pages-per-second': 32980, 'downtime-bytes': 0, 'page-size': 4096, 'remaining': 3298496512, 'postcopy-bytes': 0, 'mbps': 1082.1456, 'transferred': 2042329851, 'dirty-sync-missed-zero-copy': 0, 'precopy-bytes': 2042328024, 'duplicate': 800273, 'dirty-pages-rate': 0, 'normal-bytes': 2031157248, 'normal': 495888}}
QMP cmd [src8] query-migrate args={}
QMP reply [src8] query-migrate: {'expected-downtime': 300, 'status': 'active', 'setup-time': 1, 'total-time': 15264, 'ram': {'total': 8607571968, 'postcopy-requests': 0, 'dirty-sync-count': 1, 'multifd-bytes': 0, 'pages-per-second': 33000, 'downtime-bytes': 0, 'page-size': 4096, 'remaining': 3271471104, 'postcopy-bytes': 0, 'mbps': 1082.14704, 'transferred': 2069383509, 'dirty-sync-missed-zero-copy': 0, 'precopy-bytes': 2069381662, 'duplicate': 800279, 'dirty-pages-rate': 0, 'normal-bytes': 2058158080, 'normal': 502480}}
QMP cmd [src8] query-migrate args={}
QMP reply [src8] query-migrate: {'expected-downtime': 300, 'status': 'active', 'setup-time': 1, 'total-time': 15464, 'ram': {'total': 8607571968, 'postcopy-requests': 0, 'dirty-sync-count': 1, 'multifd-bytes': 0, 'pages-per-second': 33020, 'downtime-bytes': 0, 'page-size': 4096, 'remaining': 3244429312, 'postcopy-bytes': 0, 'mbps': 1082.14848, 'transferred': 2096437203, 'dirty-sync-missed-zero-copy': 0, 'precopy-bytes': 2096435336, 'duplicate': 800289, 'dirty-pages-rate': 0, 'normal-bytes': 2085158912, 'normal': 509072}}
2026-07-15 02:32:38.746935SSH command: ssh -o BatchMode=yes -o StrictHostKeyChecking=no -o UserKnownHostsFile=/dev/null -o ConnectTimeout=1 -o LogLevel=ERROR -p 2229 -i /home/max/.ssh/pgvm_bench user@127.0.0.1 test -f /tmp/bench.done
Return code: 1
Stdout: 
Stderr: 
QMP cmd [src8] query-migrate args={}
QMP reply [src8] query-migrate: {'expected-downtime': 300, 'status': 'active', 'setup-time': 1, 'total-time': 15666, 'ram': {'total': 8607571968, 'postcopy-requests': 0, 'dirty-sync-count': 1, 'multifd-bytes': 0, 'pages-per-second': 32980, 'downtime-bytes': 0, 'page-size': 4096, 'remaining': 3217391616, 'postcopy-bytes': 0, 'mbps': 1082.1456, 'transferred': 2123490888, 'dirty-sync-missed-zero-copy': 0, 'precopy-bytes': 2123489001, 'duplicate': 800298, 'dirty-pages-rate': 0, 'normal-bytes': 2112159744, 'normal': 515664}}
QMP cmd [src8] query-migrate args={}
QMP reply [src8] query-migrate: {'expected-downtime': 300, 'status': 'active', 'setup-time': 1, 'total-time': 15866, 'ram': {'total': 8607571968, 'postcopy-requests': 0, 'dirty-sync-count': 1, 'multifd-bytes': 0, 'pages-per-second': 33000, 'downtime-bytes': 0, 'page-size': 4096, 'remaining': 3190366208, 'postcopy-bytes': 0, 'mbps': 1082.14704, 'transferred': 2150544546, 'dirty-sync-missed-zero-copy': 0, 'precopy-bytes': 2150542639, 'duplicate': 800304, 'dirty-pages-rate': 0, 'normal-bytes': 2139160576, 'normal': 522256}}
QMP cmd [src8] query-migrate args={}
QMP reply [src8] query-migrate: {'expected-downtime': 300, 'status': 'active', 'setup-time': 1, 'total-time': 16067, 'ram': {'total': 8607571968, 'postcopy-requests': 0, 'dirty-sync-count': 1, 'multifd-bytes': 0, 'pages-per-second': 33020, 'downtime-bytes': 0, 'page-size': 4096, 'remaining': 3163332608, 'postcopy-bytes': 0, 'mbps': 1082.14848, 'transferred': 2177598222, 'dirty-sync-missed-zero-copy': 0, 'precopy-bytes': 2177596295, 'duplicate': 800312, 'dirty-pages-rate': 0, 'normal-bytes': 2166161408, 'normal': 528848}}
QMP cmd [src8] query-migrate args={}
QMP reply [src8] query-migrate: {'expected-downtime': 300, 'status': 'active', 'setup-time': 1, 'total-time': 16268, 'ram': {'total': 8607571968, 'postcopy-requests': 0, 'dirty-sync-count': 1, 'multifd-bytes': 0, 'pages-per-second': 32980, 'downtime-bytes': 0, 'page-size': 4096, 'remaining': 3136299008, 'postcopy-bytes': 0, 'mbps': 1082.1456, 'transferred': 2204651898, 'dirty-sync-missed-zero-copy': 0, 'precopy-bytes': 2204649951, 'duplicate': 800320, 'dirty-pages-rate': 0, 'normal-bytes': 2193162240, 'normal': 535440}}
QMP cmd [src8] query-migrate args={}
QMP reply [src8] query-migrate: {'expected-downtime': 300, 'status': 'active', 'setup-time': 1, 'total-time': 16469, 'ram': {'total': 8607571968, 'postcopy-requests': 0, 'dirty-sync-count': 1, 'multifd-bytes': 0, 'pages-per-second': 33000, 'downtime-bytes': 0, 'page-size': 4096, 'remaining': 3109265408, 'postcopy-bytes': 0, 'mbps': 1082.14704, 'transferred': 2231705574, 'dirty-sync-missed-zero-copy': 0, 'precopy-bytes': 2231703607, 'duplicate': 800328, 'dirty-pages-rate': 0, 'normal-bytes': 2220163072, 'normal': 542032}}
QMP cmd [src8] query-migrate args={}
QMP reply [src8] query-migrate: {'expected-downtime': 300, 'status': 'active', 'setup-time': 1, 'total-time': 16669, 'ram': {'total': 8607571968, 'postcopy-requests': 0, 'dirty-sync-count': 1, 'multifd-bytes': 0, 'pages-per-second': 33000, 'downtime-bytes': 0, 'page-size': 4096, 'remaining': 3082240000, 'postcopy-bytes': 0, 'mbps': 1082.14704, 'transferred': 2258759232, 'dirty-sync-missed-zero-copy': 0, 'precopy-bytes': 2258757245, 'duplicate': 800334, 'dirty-pages-rate': 0, 'normal-bytes': 2247163904, 'normal': 548624}}
QMP cmd [src8] query-migrate args={}
QMP reply [src8] query-migrate: {'expected-downtime': 300, 'status': 'active', 'setup-time': 1, 'total-time': 16870, 'ram': {'total': 8607571968, 'postcopy-requests': 0, 'dirty-sync-count': 1, 'multifd-bytes': 0, 'pages-per-second': 32980, 'downtime-bytes': 0, 'page-size': 4096, 'remaining': 3055222784, 'postcopy-bytes': 0, 'mbps': 1082.1456, 'transferred': 2285812872, 'dirty-sync-missed-zero-copy': 0, 'precopy-bytes': 2285810865, 'duplicate': 800338, 'dirty-pages-rate': 0, 'normal-bytes': 2274164736, 'normal': 555216}}
QMP cmd [src8] query-migrate args={}
QMP reply [src8] query-migrate: {'expected-downtime': 300, 'status': 'active', 'setup-time': 1, 'total-time': 17071, 'ram': {'total': 8607571968, 'postcopy-requests': 0, 'dirty-sync-count': 1, 'multifd-bytes': 0, 'pages-per-second': 32980, 'downtime-bytes': 0, 'page-size': 4096, 'remaining': 3028205568, 'postcopy-bytes': 0, 'mbps': 1082.1456, 'transferred': 2312866512, 'dirty-sync-missed-zero-copy': 0, 'precopy-bytes': 2312864485, 'duplicate': 800342, 'dirty-pages-rate': 0, 'normal-bytes': 2301165568, 'normal': 561808}}
QMP cmd [src8] query-migrate args={}
QMP reply [src8] query-migrate: {'expected-downtime': 300, 'status': 'active', 'setup-time': 1, 'total-time': 17271, 'ram': {'total': 8607571968, 'postcopy-requests': 0, 'dirty-sync-count': 1, 'multifd-bytes': 0, 'pages-per-second': 33020, 'downtime-bytes': 0, 'page-size': 4096, 'remaining': 3000983552, 'postcopy-bytes': 0, 'mbps': 1082.14848, 'transferred': 2339920602, 'dirty-sync-missed-zero-copy': 0, 'precopy-bytes': 2339918555, 'duplicate': 800396, 'dirty-pages-rate': 0, 'normal-bytes': 2328166400, 'normal': 568400}}
QMP cmd [src8] query-migrate args={}
QMP reply [src8] query-migrate: {'expected-downtime': 300, 'status': 'active', 'setup-time': 1, 'total-time': 17472, 'ram': {'total': 8607571968, 'postcopy-requests': 0, 'dirty-sync-count': 1, 'multifd-bytes': 0, 'pages-per-second': 33020, 'downtime-bytes': 0, 'page-size': 4096, 'remaining': 2973933568, 'postcopy-bytes': 0, 'mbps': 1082.14848, 'transferred': 2366974314, 'dirty-sync-missed-zero-copy': 0, 'precopy-bytes': 2366972247, 'duplicate': 800408, 'dirty-pages-rate': 0, 'normal-bytes': 2355167232, 'normal': 574992}}
QMP cmd [src8] query-migrate args={}
QMP reply [src8] query-migrate: {'expected-downtime': 300, 'status': 'active', 'setup-time': 1, 'total-time': 17673, 'ram': {'total': 8607571968, 'postcopy-requests': 0, 'dirty-sync-count': 1, 'multifd-bytes': 0, 'pages-per-second': 33000, 'downtime-bytes': 0, 'page-size': 4096, 'remaining': 2946891776, 'postcopy-bytes': 0, 'mbps': 1082.14704, 'transferred': 2394028008, 'dirty-sync-missed-zero-copy': 0, 'precopy-bytes': 2394025921, 'duplicate': 800418, 'dirty-pages-rate': 0, 'normal-bytes': 2382168064, 'normal': 581584}}
2026-07-15 02:32:40.914805SSH command: ssh -o BatchMode=yes -o StrictHostKeyChecking=no -o UserKnownHostsFile=/dev/null -o ConnectTimeout=1 -o LogLevel=ERROR -p 2229 -i /home/max/.ssh/pgvm_bench user@127.0.0.1 test -f /tmp/bench.done
Return code: 1
Stdout: 
Stderr: 
QMP cmd [src8] query-migrate args={}
QMP reply [src8] query-migrate: {'expected-downtime': 300, 'status': 'active', 'setup-time': 1, 'total-time': 17875, 'ram': {'total': 8607571968, 'postcopy-requests': 0, 'dirty-sync-count': 1, 'multifd-bytes': 0, 'pages-per-second': 33000, 'downtime-bytes': 0, 'page-size': 4096, 'remaining': 2919833600, 'postcopy-bytes': 0, 'mbps': 1082.14704, 'transferred': 2421081738, 'dirty-sync-missed-zero-copy': 0, 'precopy-bytes': 2421079631, 'duplicate': 800432, 'dirty-pages-rate': 0, 'normal-bytes': 2409168896, 'normal': 588176}}
QMP cmd [src8] query-migrate args={}
QMP reply [src8] query-migrate: {'expected-downtime': 300, 'status': 'active', 'setup-time': 1, 'total-time': 18075, 'ram': {'total': 8607571968, 'postcopy-requests': 0, 'dirty-sync-count': 1, 'multifd-bytes': 0, 'pages-per-second': 33020, 'downtime-bytes': 0, 'page-size': 4096, 'remaining': 2892800000, 'postcopy-bytes': 0, 'mbps': 1082.14848, 'transferred': 2448135414, 'dirty-sync-missed-zero-copy': 0, 'precopy-bytes': 2448133287, 'duplicate': 800440, 'dirty-pages-rate': 0, 'normal-bytes': 2436169728, 'normal': 594768}}
QMP cmd [src8] query-migrate args={}
QMP reply [src8] query-migrate: {'expected-downtime': 300, 'status': 'active', 'setup-time': 1, 'total-time': 18276, 'ram': {'total': 8607571968, 'postcopy-requests': 0, 'dirty-sync-count': 1, 'multifd-bytes': 0, 'pages-per-second': 33530, 'downtime-bytes': 0, 'page-size': 4096, 'remaining': 2865532928, 'postcopy-bytes': 0, 'mbps': 1082.1852, 'transferred': 2475189603, 'dirty-sync-missed-zero-copy': 0, 'precopy-bytes': 2475187456, 'duplicate': 800505, 'dirty-pages-rate': 0, 'normal-bytes': 2463170560, 'normal': 601360}}
QMP cmd [src8] query-migrate args={}
QMP reply [src8] query-migrate: {'expected-downtime': 300, 'status': 'active', 'setup-time': 1, 'total-time': 18477, 'ram': {'total': 8607571968, 'postcopy-requests': 0, 'dirty-sync-count': 1, 'multifd-bytes': 0, 'pages-per-second': 33000, 'downtime-bytes': 0, 'page-size': 4096, 'remaining': 2838491136, 'postcopy-bytes': 0, 'mbps': 1082.14704, 'transferred': 2502243297, 'dirty-sync-missed-zero-copy': 0, 'precopy-bytes': 2502241130, 'duplicate': 800515, 'dirty-pages-rate': 0, 'normal-bytes': 2490171392, 'normal': 607952}}
QMP cmd [src8] query-migrate args={}
QMP reply [src8] query-migrate: {'expected-downtime': 300, 'status': 'active', 'setup-time': 1, 'total-time': 18678, 'ram': {'total': 8607571968, 'postcopy-requests': 0, 'dirty-sync-count': 1, 'multifd-bytes': 0, 'pages-per-second': 33000, 'downtime-bytes': 0, 'page-size': 4096, 'remaining': 2811326464, 'postcopy-bytes': 0, 'mbps': 1082.14704, 'transferred': 2529297261, 'dirty-sync-missed-zero-copy': 0, 'precopy-bytes': 2529295074, 'duplicate': 800555, 'dirty-pages-rate': 0, 'normal-bytes': 2517172224, 'normal': 614544}}
QMP cmd [src8] query-migrate args={}
QMP reply [src8] query-migrate: {'expected-downtime': 300, 'status': 'active', 'setup-time': 1, 'total-time': 18878, 'ram': {'total': 8607571968, 'postcopy-requests': 0, 'dirty-sync-count': 1, 'multifd-bytes': 0, 'pages-per-second': 33000, 'downtime-bytes': 0, 'page-size': 4096, 'remaining': 2784284672, 'postcopy-bytes': 0, 'mbps': 1082.14704, 'transferred': 2556350955, 'dirty-sync-missed-zero-copy': 0, 'precopy-bytes': 2556348748, 'duplicate': 800565, 'dirty-pages-rate': 0, 'normal-bytes': 2544173056, 'normal': 621136}}
QMP cmd [src8] query-migrate args={}
QMP reply [src8] query-migrate: {'expected-downtime': 300, 'status': 'active', 'setup-time': 1, 'total-time': 19079, 'ram': {'total': 8607571968, 'postcopy-requests': 0, 'dirty-sync-count': 1, 'multifd-bytes': 0, 'pages-per-second': 33220, 'downtime-bytes': 0, 'page-size': 4096, 'remaining': 2757120000, 'postcopy-bytes': 0, 'mbps': 1082.1628799999999, 'transferred': 2583404919, 'dirty-sync-missed-zero-copy': 0, 'precopy-bytes': 2583402692, 'duplicate': 800605, 'dirty-pages-rate': 0, 'normal-bytes': 2571173888, 'normal': 627728}}
QMP cmd [src8] query-migrate args={}
QMP reply [src8] query-migrate: {'expected-downtime': 300, 'status': 'active', 'setup-time': 1, 'total-time': 19280, 'ram': {'total': 8607571968, 'postcopy-requests': 0, 'dirty-sync-count': 1, 'multifd-bytes': 0, 'pages-per-second': 33300, 'downtime-bytes': 0, 'page-size': 4096, 'remaining': 2727407616, 'postcopy-bytes': 0, 'mbps': 1082.1686399999999, 'transferred': 2610464481, 'dirty-sync-missed-zero-copy': 0, 'precopy-bytes': 2610462234, 'duplicate': 801267, 'dirty-pages-rate': 0, 'normal-bytes': 2598174720, 'normal': 634320}}
QMP cmd [src8] query-migrate args={}
QMP reply [src8] query-migrate: {'expected-downtime': 300, 'status': 'active', 'setup-time': 1, 'total-time': 19481, 'ram': {'total': 8607571968, 'postcopy-requests': 0, 'dirty-sync-count': 1, 'multifd-bytes': 0, 'pages-per-second': 33680, 'downtime-bytes': 0, 'page-size': 4096, 'remaining': 2699341824, 'postcopy-bytes': 0, 'mbps': 1082.196, 'transferred': 2637520425, 'dirty-sync-missed-zero-copy': 0, 'precopy-bytes': 2637518158, 'duplicate': 801527, 'dirty-pages-rate': 0, 'normal-bytes': 2625175552, 'normal': 640912}}
QMP cmd [src8] query-migrate args={}
QMP reply [src8] query-migrate: {'expected-downtime': 300, 'status': 'active', 'setup-time': 1, 'total-time': 19682, 'ram': {'total': 8607571968, 'postcopy-requests': 0, 'dirty-sync-count': 1, 'multifd-bytes': 0, 'pages-per-second': 34100, 'downtime-bytes': 0, 'page-size': 4096, 'remaining': 2670833664, 'postcopy-bytes': 0, 'mbps': 1082.22624, 'transferred': 2664577341, 'dirty-sync-missed-zero-copy': 0, 'precopy-bytes': 2664575054, 'duplicate': 801895, 'dirty-pages-rate': 0, 'normal-bytes': 2652176384, 'normal': 647504}}
2026-07-15 02:32:43.077527SSH command: ssh -o BatchMode=yes -o StrictHostKeyChecking=no -o UserKnownHostsFile=/dev/null -o ConnectTimeout=1 -o LogLevel=ERROR -p 2229 -i /home/max/.ssh/pgvm_bench user@127.0.0.1 test -f /tmp/bench.done
Return code: 1
Stdout: 
Stderr: 
QMP cmd [src8] query-migrate args={}
QMP reply [src8] query-migrate: {'expected-downtime': 300, 'status': 'active', 'setup-time': 1, 'total-time': 19884, 'ram': {'total': 8607571968, 'postcopy-requests': 0, 'dirty-sync-count': 1, 'multifd-bytes': 0, 'pages-per-second': 37360, 'downtime-bytes': 0, 'page-size': 4096, 'remaining': 2640965632, 'postcopy-bytes': 0, 'mbps': 1082.46096, 'transferred': 2691637245, 'dirty-sync-missed-zero-copy': 0, 'precopy-bytes': 2691634938, 'duplicate': 802595, 'dirty-pages-rate': 0, 'normal-bytes': 2679177216, 'normal': 654096}}
QMP cmd [src8] query-migrate args={}
QMP reply [src8] query-migrate: {'expected-downtime': 300, 'status': 'active', 'setup-time': 1, 'total-time': 20085, 'ram': {'total': 8607571968, 'postcopy-requests': 0, 'dirty-sync-count': 1, 'multifd-bytes': 0, 'pages-per-second': 36000, 'downtime-bytes': 0, 'page-size': 4096, 'remaining': 2611171328, 'postcopy-bytes': 0, 'mbps': 1082.36304, 'transferred': 2718696987, 'dirty-sync-missed-zero-copy': 0, 'precopy-bytes': 2718694660, 'duplicate': 803277, 'dirty-pages-rate': 0, 'normal-bytes': 2706178048, 'normal': 660688}}
QMP cmd [src8] query-migrate args={}
QMP reply [src8] query-migrate: {'expected-downtime': 300, 'status': 'active', 'setup-time': 1, 'total-time': 20286, 'ram': {'total': 8607571968, 'postcopy-requests': 0, 'dirty-sync-count': 1, 'multifd-bytes': 0, 'pages-per-second': 35070, 'downtime-bytes': 0, 'page-size': 4096, 'remaining': 2583216128, 'postcopy-bytes': 0, 'mbps': 1082.29608, 'transferred': 2745752688, 'dirty-sync-missed-zero-copy': 0, 'precopy-bytes': 2745750341, 'duplicate': 803510, 'dirty-pages-rate': 0, 'normal-bytes': 2733178880, 'normal': 667280}}
QMP cmd [src8] query-migrate args={}
QMP reply [src8] query-migrate: {'expected-downtime': 300, 'status': 'active', 'setup-time': 1, 'total-time': 20486, 'ram': {'total': 8607571968, 'postcopy-requests': 0, 'dirty-sync-count': 1, 'multifd-bytes': 0, 'pages-per-second': 33200, 'downtime-bytes': 0, 'page-size': 4096, 'remaining': 2556116992, 'postcopy-bytes': 0, 'mbps': 1082.1614399999999, 'transferred': 2772806508, 'dirty-sync-missed-zero-copy': 0, 'precopy-bytes': 2772804141, 'duplicate': 803534, 'dirty-pages-rate': 0, 'normal-bytes': 2760179712, 'normal': 673872}}
QMP cmd [src8] query-migrate args={}
QMP reply [src8] query-migrate: {'expected-downtime': 300, 'status': 'active', 'setup-time': 1, 'total-time': 20687, 'ram': {'total': 8607571968, 'postcopy-requests': 0, 'dirty-sync-count': 1, 'multifd-bytes': 0, 'pages-per-second': 32960, 'downtime-bytes': 0, 'page-size': 4096, 'remaining': 2529083392, 'postcopy-bytes': 0, 'mbps': 1082.1441599999998, 'transferred': 2799860184, 'dirty-sync-missed-zero-copy': 0, 'precopy-bytes': 2799857797, 'duplicate': 803542, 'dirty-pages-rate': 0, 'normal-bytes': 2787180544, 'normal': 680464}}
QMP cmd [src8] query-migrate args={}
QMP reply [src8] query-migrate: {'expected-downtime': 300, 'status': 'active', 'setup-time': 1, 'total-time': 20888, 'ram': {'total': 8607571968, 'postcopy-requests': 0, 'dirty-sync-count': 1, 'multifd-bytes': 0, 'pages-per-second': 33530, 'downtime-bytes': 0, 'page-size': 4096, 'remaining': 2497531904, 'postcopy-bytes': 0, 'mbps': 1082.1852, 'transferred': 2826923787, 'dirty-sync-missed-zero-copy': 0, 'precopy-bytes': 2826921380, 'duplicate': 804653, 'dirty-pages-rate': 0, 'normal-bytes': 2814181376, 'normal': 687056}}
QMP cmd [src8] query-migrate args={}
QMP reply [src8] query-migrate: {'expected-downtime': 300, 'status': 'active', 'setup-time': 1, 'total-time': 21089, 'ram': {'total': 8607571968, 'postcopy-requests': 0, 'dirty-sync-count': 1, 'multifd-bytes': 0, 'pages-per-second': 33460, 'downtime-bytes': 0, 'page-size': 4096, 'remaining': 2470326272, 'postcopy-bytes': 0, 'mbps': 1082.18016, 'transferred': 2853977841, 'dirty-sync-missed-zero-copy': 0, 'precopy-bytes': 2853975414, 'duplicate': 804703, 'dirty-pages-rate': 0, 'normal-bytes': 2841182208, 'normal': 693648}}
QMP cmd [src8] query-migrate args={}
QMP reply [src8] query-migrate: {'expected-downtime': 300, 'status': 'active', 'setup-time': 1, 'total-time': 21290, 'ram': {'total': 8607571968, 'postcopy-requests': 0, 'dirty-sync-count': 1, 'multifd-bytes': 0, 'pages-per-second': 33500, 'downtime-bytes': 0, 'page-size': 4096, 'remaining': 2442801152, 'postcopy-bytes': 0, 'mbps': 1082.1830400000001, 'transferred': 2881032597, 'dirty-sync-missed-zero-copy': 0, 'precopy-bytes': 2881030150, 'duplicate': 804831, 'dirty-pages-rate': 0, 'normal-bytes': 2868183040, 'normal': 700240}}
QMP cmd [src8] query-migrate args={}
QMP reply [src8] query-migrate: {'expected-downtime': 300, 'status': 'active', 'setup-time': 1, 'total-time': 21490, 'ram': {'total': 8607571968, 'postcopy-requests': 0, 'dirty-sync-count': 1, 'multifd-bytes': 0, 'pages-per-second': 33240, 'downtime-bytes': 0, 'page-size': 4096, 'remaining': 2415357952, 'postcopy-bytes': 0, 'mbps': 1082.16432, 'transferred': 2908087173, 'dirty-sync-missed-zero-copy': 0, 'precopy-bytes': 2908084706, 'duplicate': 804939, 'dirty-pages-rate': 0, 'normal-bytes': 2895183872, 'normal': 706832}}
QMP cmd [src8] query-migrate args={}
QMP reply [src8] query-migrate: {'expected-downtime': 300, 'status': 'active', 'setup-time': 1, 'total-time': 21691, 'ram': {'total': 8607571968, 'postcopy-requests': 0, 'dirty-sync-count': 1, 'multifd-bytes': 0, 'pages-per-second': 33980, 'downtime-bytes': 0, 'page-size': 4096, 'remaining': 2387734528, 'postcopy-bytes': 0, 'mbps': 1082.2176000000002, 'transferred': 2935142145, 'dirty-sync-missed-zero-copy': 0, 'precopy-bytes': 2935139658, 'duplicate': 805091, 'dirty-pages-rate': 0, 'normal-bytes': 2922184704, 'normal': 713424}}
QMP cmd [src8] query-migrate args={}
QMP reply [src8] query-migrate: {'expected-downtime': 300, 'status': 'active', 'setup-time': 1, 'total-time': 21892, 'ram': {'total': 8607571968, 'postcopy-requests': 0, 'dirty-sync-count': 1, 'multifd-bytes': 0, 'pages-per-second': 32960, 'downtime-bytes': 0, 'page-size': 4096, 'remaining': 2360733696, 'postcopy-bytes': 0, 'mbps': 1082.1441599999998, 'transferred': 2962195749, 'dirty-sync-missed-zero-copy': 0, 'precopy-bytes': 2962193242, 'duplicate': 805091, 'dirty-pages-rate': 0, 'normal-bytes': 2949185536, 'normal': 720016}}
2026-07-15 02:32:45.248200SSH command: ssh -o BatchMode=yes -o StrictHostKeyChecking=no -o UserKnownHostsFile=/dev/null -o ConnectTimeout=1 -o LogLevel=ERROR -p 2229 -i /home/max/.ssh/pgvm_bench user@127.0.0.1 test -f /tmp/bench.done
Return code: 1
Stdout: 
Stderr: 
QMP cmd [src8] query-migrate args={}
QMP reply [src8] query-migrate: {'expected-downtime': 300, 'status': 'active', 'setup-time': 1, 'total-time': 22093, 'ram': {'total': 8607571968, 'postcopy-requests': 0, 'dirty-sync-count': 1, 'multifd-bytes': 0, 'pages-per-second': 33220, 'downtime-bytes': 0, 'page-size': 4096, 'remaining': 2333528064, 'postcopy-bytes': 0, 'mbps': 1082.1628799999999, 'transferred': 2989249803, 'dirty-sync-missed-zero-copy': 0, 'precopy-bytes': 2989247276, 'duplicate': 805141, 'dirty-pages-rate': 0, 'normal-bytes': 2976186368, 'normal': 726608}}
QMP cmd [src8] query-migrate args={}
QMP reply [src8] query-migrate: {'expected-downtime': 300, 'status': 'active', 'setup-time': 1, 'total-time': 22294, 'ram': {'total': 8607571968, 'postcopy-requests': 0, 'dirty-sync-count': 1, 'multifd-bytes': 0, 'pages-per-second': 33980, 'downtime-bytes': 0, 'page-size': 4096, 'remaining': 2305839104, 'postcopy-bytes': 0, 'mbps': 1082.2176000000002, 'transferred': 3016304919, 'dirty-sync-missed-zero-copy': 0, 'precopy-bytes': 3016302372, 'duplicate': 805309, 'dirty-pages-rate': 0, 'normal-bytes': 3003187200, 'normal': 733200}}
QMP cmd [src8] query-migrate args={}
QMP reply [src8] query-migrate: {'expected-downtime': 300, 'status': 'active', 'setup-time': 1, 'total-time': 22494, 'ram': {'total': 8607571968, 'postcopy-requests': 0, 'dirty-sync-count': 1, 'multifd-bytes': 0, 'pages-per-second': 33800, 'downtime-bytes': 0, 'page-size': 4096, 'remaining': 2278273024, 'postcopy-bytes': 0, 'mbps': 1082.20464, 'transferred': 3043359765, 'dirty-sync-missed-zero-copy': 0, 'precopy-bytes': 3043357198, 'duplicate': 805447, 'dirty-pages-rate': 0, 'normal-bytes': 3030188032, 'normal': 739792}}
QMP cmd [src8] query-migrate args={}
QMP reply [src8] query-migrate: {'expected-downtime': 300, 'status': 'active', 'setup-time': 1, 'total-time': 22695, 'ram': {'total': 8607571968, 'postcopy-requests': 0, 'dirty-sync-count': 1, 'multifd-bytes': 0, 'pages-per-second': 33900, 'downtime-bytes': 0, 'page-size': 4096, 'remaining': 2250665984, 'postcopy-bytes': 0, 'mbps': 1082.2118400000002, 'transferred': 3070414701, 'dirty-sync-missed-zero-copy': 0, 'precopy-bytes': 3070412114, 'duplicate': 805595, 'dirty-pages-rate': 0, 'normal-bytes': 3057188864, 'normal': 746384}}
QMP cmd [src8] query-migrate args={}
QMP reply [src8] query-migrate: {'expected-downtime': 300, 'status': 'active', 'setup-time': 1, 'total-time': 22896, 'ram': {'total': 8607571968, 'postcopy-requests': 0, 'dirty-sync-count': 1, 'multifd-bytes': 0, 'pages-per-second': 34240, 'downtime-bytes': 0, 'page-size': 4096, 'remaining': 2222297088, 'postcopy-bytes': 0, 'mbps': 1082.23632, 'transferred': 3097471311, 'dirty-sync-missed-zero-copy': 0, 'precopy-bytes': 3097468704, 'duplicate': 805929, 'dirty-pages-rate': 0, 'normal-bytes': 3084189696, 'normal': 752976}}
QMP cmd [src8] query-migrate args={}
QMP reply [src8] query-migrate: {'expected-downtime': 300, 'status': 'active', 'setup-time': 1, 'total-time': 23097, 'ram': {'total': 8607571968, 'postcopy-requests': 0, 'dirty-sync-count': 1, 'multifd-bytes': 0, 'pages-per-second': 36310, 'downtime-bytes': 0, 'page-size': 4096, 'remaining': 2192351232, 'postcopy-bytes': 0, 'mbps': 1082.38536, 'transferred': 3124531386, 'dirty-sync-missed-zero-copy': 0, 'precopy-bytes': 3124528759, 'duplicate': 806648, 'dirty-pages-rate': 0, 'normal-bytes': 3111190528, 'normal': 759568}}
QMP cmd [src8] query-migrate args={}
QMP reply [src8] query-migrate: {'expected-downtime': 300, 'status': 'active', 'setup-time': 1, 'total-time': 23298, 'ram': {'total': 8607571968, 'postcopy-requests': 0, 'dirty-sync-count': 1, 'multifd-bytes': 0, 'pages-per-second': 4943960, 'downtime-bytes': 0, 'page-size': 4096, 'remaining': 153255936, 'postcopy-bytes': 0, 'mbps': 1078.6521599999999, 'transferred': 3151542546, 'dirty-sync-missed-zero-copy': 0, 'precopy-bytes': 3151539899, 'duplicate': 1298972, 'dirty-pages-rate': 0, 'normal-bytes': 3133726720, 'normal': 765070}}
QMP cmd [src8] query-migrate args={}
QMP reply [src8] query-migrate: {'expected-downtime': 300, 'status': 'active', 'setup-time': 1, 'total-time': 23498, 'ram': {'total': 8607571968, 'postcopy-requests': 0, 'dirty-sync-count': 1, 'multifd-bytes': 0, 'pages-per-second': 32960, 'downtime-bytes': 0, 'page-size': 4096, 'remaining': 126255104, 'postcopy-bytes': 0, 'mbps': 1082.1441599999998, 'transferred': 3178596150, 'dirty-sync-missed-zero-copy': 0, 'precopy-bytes': 3178593483, 'duplicate': 1298972, 'dirty-pages-rate': 0, 'normal-bytes': 3160727552, 'normal': 771662}}
QMP cmd [src8] query-migrate args={}
QMP reply [src8] query-migrate: {'expected-downtime': 300, 'status': 'active', 'setup-time': 1, 'total-time': 23699, 'ram': {'total': 8607571968, 'postcopy-requests': 0, 'dirty-sync-count': 1, 'multifd-bytes': 0, 'pages-per-second': 32960, 'downtime-bytes': 0, 'page-size': 4096, 'remaining': 99254272, 'postcopy-bytes': 0, 'mbps': 1082.1441599999998, 'transferred': 3205649754, 'dirty-sync-missed-zero-copy': 0, 'precopy-bytes': 3205647067, 'duplicate': 1298972, 'dirty-pages-rate': 0, 'normal-bytes': 3187728384, 'normal': 778254}}
QMP cmd [src8] query-migrate args={}
QMP reply [src8] query-migrate: {'expected-downtime': 300, 'status': 'active', 'setup-time': 1, 'total-time': 23900, 'ram': {'total': 8607571968, 'postcopy-requests': 0, 'dirty-sync-count': 1, 'multifd-bytes': 0, 'pages-per-second': 32960, 'downtime-bytes': 0, 'page-size': 4096, 'remaining': 72253440, 'postcopy-bytes': 0, 'mbps': 1082.1441599999998, 'transferred': 3232703358, 'dirty-sync-missed-zero-copy': 0, 'precopy-bytes': 3232700651, 'duplicate': 1298972, 'dirty-pages-rate': 0, 'normal-bytes': 3214729216, 'normal': 784846}}
QMP cmd [src8] query-migrate args={}
QMP reply [src8] query-migrate: {'expected-downtime': 300, 'status': 'active', 'setup-time': 1, 'total-time': 24101, 'ram': {'total': 8607571968, 'postcopy-requests': 0, 'dirty-sync-count': 1, 'multifd-bytes': 0, 'pages-per-second': 32960, 'downtime-bytes': 0, 'page-size': 4096, 'remaining': 45252608, 'postcopy-bytes': 0, 'mbps': 1082.1441599999998, 'transferred': 3259756962, 'dirty-sync-missed-zero-copy': 0, 'precopy-bytes': 3259754235, 'duplicate': 1298972, 'dirty-pages-rate': 0, 'normal-bytes': 3241730048, 'normal': 791438}}
2026-07-15 02:32:47.427278SSH command: ssh -o BatchMode=yes -o StrictHostKeyChecking=no -o UserKnownHostsFile=/dev/null -o ConnectTimeout=1 -o LogLevel=ERROR -p 2229 -i /home/max/.ssh/pgvm_bench user@127.0.0.1 test -f /tmp/bench.done
Return code: 1
Stdout: 
Stderr: 
qemu-system-x86_64: terminating on signal 15 from pid 51735 (/home/max/Bachelor-Thesis/Repo/.venv/bin/python)
QMP cmd [src8] query-migrate args={}
QMP reply [src8] query-migrate: {'expected-downtime': 8300, 'status': 'active', 'setup-time': 1, 'total-time': 24302, 'ram': {'total': 8607571968, 'postcopy-requests': 0, 'dirty-sync-count': 2, 'multifd-bytes': 0, 'pages-per-second': 32980, 'downtime-bytes': 0, 'page-size': 4096, 'remaining': 1109086208, 'postcopy-bytes': 0, 'mbps': 1082.1456, 'transferred': 3286941922, 'dirty-sync-missed-zero-copy': 0, 'precopy-bytes': 3287066397, 'duplicate': 1298974, 'dirty-pages-rate': 11007, 'normal-bytes': 3268988928, 'normal': 798093}}
QMP cmd [src8] query-migrate args={}
QMP reply [src8] query-migrate: {'expected-downtime': 8297, 'status': 'active', 'setup-time': 1, 'total-time': 24502, 'ram': {'total': 8607571968, 'postcopy-requests': 0, 'dirty-sync-count': 2, 'multifd-bytes': 0, 'pages-per-second': 38420, 'downtime-bytes': 0, 'page-size': 4096, 'remaining': 1053532160, 'postcopy-bytes': 0, 'mbps': 1082.53728, 'transferred': 3320766025, 'dirty-sync-missed-zero-copy': 0, 'precopy-bytes': 3320890480, 'duplicate': 1304307, 'dirty-pages-rate': 11007, 'normal-bytes': 3302699008, 'normal': 806323}}
QMP cmd [src8] query-migrate args={}
QMP reply [src8] query-migrate: {'expected-downtime': 8300, 'status': 'active', 'setup-time': 1, 'total-time': 24703, 'ram': {'total': 8607571968, 'postcopy-requests': 0, 'dirty-sync-count': 2, 'multifd-bytes': 0, 'pages-per-second': 34100, 'downtime-bytes': 0, 'page-size': 4096, 'remaining': 1019457536, 'postcopy-bytes': 0, 'mbps': 1082.22624, 'transferred': 3354387468, 'dirty-sync-missed-zero-copy': 0, 'precopy-bytes': 3354384671, 'duplicate': 1304466, 'dirty-pages-rate': 11007, 'normal-bytes': 3336126464, 'normal': 814484}}
QMP cmd [src8] query-migrate args={}
QMP reply [src8] query-migrate: {'expected-downtime': 8300, 'status': 'active', 'setup-time': 1, 'total-time': 24904, 'ram': {'total': 8607571968, 'postcopy-requests': 0, 'dirty-sync-count': 2, 'multifd-bytes': 0, 'pages-per-second': 33950, 'downtime-bytes': 0, 'page-size': 4096, 'remaining': 992047104, 'postcopy-bytes': 0, 'mbps': 1082.21544, 'transferred': 3381441972, 'dirty-sync-missed-zero-copy': 0, 'precopy-bytes': 3381439155, 'duplicate': 1304566, 'dirty-pages-rate': 11007, 'normal-bytes': 3363127296, 'normal': 821076}}
QMP cmd [src8] query-migrate args={}
QMP reply [src8] query-migrate: {'expected-downtime': 8300, 'status': 'active', 'setup-time': 1, 'total-time': 25105, 'ram': {'total': 8607571968, 'postcopy-requests': 0, 'dirty-sync-count': 2, 'multifd-bytes': 0, 'pages-per-second': 32960, 'downtime-bytes': 0, 'page-size': 4096, 'remaining': 965046272, 'postcopy-bytes': 0, 'mbps': 1082.1441599999998, 'transferred': 3408495576, 'dirty-sync-missed-zero-copy': 0, 'precopy-bytes': 3408492739, 'duplicate': 1304566, 'dirty-pages-rate': 11007, 'normal-bytes': 3390128128, 'normal': 827668}}
QMP cmd [src8] migrate-start-postcopy args={}
QMP reply [src8] migrate-start-postcopy: {}
QMP cmd [src8] query-migrate args={}
QMP reply [src8] query-migrate: {'status': 'postcopy-device', 'setup-time': 1, 'downtime': 67, 'total-time': 25306, 'ram': {'total': 8607571968, 'postcopy-requests': 0, 'dirty-sync-count': 3, 'multifd-bytes': 0, 'pages-per-second': 32960, 'downtime-bytes': 0, 'page-size': 4096, 'remaining': 947507200, 'postcopy-bytes': 98626560, 'mbps': 1082.1441599999998, 'transferred': 3508136357, 'dirty-sync-missed-zero-copy': 0, 'precopy-bytes': 3408492739, 'duplicate': 1304935, 'dirty-pages-rate': 20098, 'normal-bytes': 3488559104, 'normal': 851699}}
QMP cmd [src8] query-migrate args={}
QMP reply [src8] query-migrate: {'status': 'postcopy-active', 'setup-time': 1, 'downtime': 67, 'total-time': 25508, 'ram': {'total': 8607571968, 'postcopy-requests': 0, 'dirty-sync-count': 3, 'multifd-bytes': 0, 'pages-per-second': 638137, 'downtime-bytes': 0, 'page-size': 4096, 'remaining': 422887424, 'postcopy-bytes': 622522416, 'mbps': 20883.23576470588, 'transferred': 4031999429, 'dirty-sync-missed-zero-copy': 0, 'precopy-bytes': 3408492739, 'duplicate': 1305359, 'dirty-pages-rate': 20098, 'normal-bytes': 4011429888, 'normal': 979353}}
QMP cmd [src8] query-migrate args={}
QMP reply [src8] query-migrate: {'status': 'completed', 'setup-time': 1, 'downtime': 67, 'total-time': 25701, 'ram': {'total': 8607571968, 'postcopy-requests': 0, 'dirty-sync-count': 3, 'multifd-bytes': 0, 'pages-per-second': 618271, 'downtime-bytes': 0, 'page-size': 4096, 'remaining': 0, 'postcopy-bytes': 1032927132, 'mbps': 1382.8993789883268, 'transferred': 4442564255, 'dirty-sync-missed-zero-copy': 0, 'precopy-bytes': 3408492739, 'duplicate': 1308613, 'dirty-pages-rate': 0, 'normal-bytes': 4421005312, 'normal': 1079347}}
