2026-07-15 02:10:56.811494SSH command: ssh -o BatchMode=yes -o StrictHostKeyChecking=no -o UserKnownHostsFile=/dev/null -o ConnectTimeout=1 -o LogLevel=ERROR -p 2224 -i /home/max/.ssh/pgvm_bench user@127.0.0.1 systemd-analyze
Return code: 0
Stdout: Startup finished in 805ms (kernel) + 3.161s (userspace) = 3.966s 
graphical.target reached after 3.160s in userspace.

Stderr: 
2026-07-15 02:10:56.950478SSH command: ssh -o BatchMode=yes -o StrictHostKeyChecking=no -o UserKnownHostsFile=/dev/null -o ConnectTimeout=1 -o LogLevel=ERROR -p 2224 -i /home/max/.ssh/pgvm_bench user@127.0.0.1 rm -f /tmp/bench.done /tmp/pg-buffer-hit-ratio.csv /tmp/pg-buffer-sampler.log; nohup bash /home/user/pg_sampler.sh /tmp/bench.done /tmp/pg-buffer-hit-ratio.csv ycsb >/tmp/pg-buffer-sampler.log 2>&1 &
Return code: 0
Stdout: 
Stderr: 
QMP cmd [src3] migrate-set-capabilities args={'capabilities': [{'capability': 'auto-converge', 'state': False}, {'capability': 'events', 'state': True}, {'capability': 'postcopy-blocktime', 'state': True}, {'capability': 'postcopy-ram', 'state': True}]}
QMP cmd [src3] query-migrate args={}
QMP reply [src3] migrate-set-capabilities: {}
QMP cmd [src3] migrate args={'uri': 'unix:/tmp/mig.sock'}
QMP reply [src3] query-migrate: {}
QMP reply [src3] migrate: {}
2026-07-15 02:12:37.322272SSH command: ssh -o BatchMode=yes -o StrictHostKeyChecking=no -o UserKnownHostsFile=/dev/null -o ConnectTimeout=1 -o LogLevel=ERROR -p 2224 -i /home/max/.ssh/pgvm_bench user@127.0.0.1 test -f /tmp/bench.done
Return code: 1
Stdout: 
Stderr: 
QMP cmd [src3] query-migrate args={}
QMP reply [src3] query-migrate: {'expected-downtime': 300, 'status': 'active', 'setup-time': 1, 'total-time': 201, 'ram': {'total': 8607571968, 'postcopy-requests': 0, 'dirty-sync-count': 1, 'multifd-bytes': 0, 'pages-per-second': 35530, 'downtime-bytes': 0, 'page-size': 4096, 'remaining': 8565407744, 'postcopy-bytes': 0, 'mbps': 1082.3292, 'transferred': 30868669, 'dirty-sync-missed-zero-copy': 0, 'precopy-bytes': 30911630, 'duplicate': 2766, 'dirty-pages-rate': 0, 'normal-bytes': 30826496, 'normal': 7526}}
QMP cmd [src3] query-migrate args={}
QMP reply [src3] query-migrate: {'expected-downtime': 300, 'status': 'active', 'setup-time': 1, 'total-time': 402, 'ram': {'total': 8607571968, 'postcopy-requests': 0, 'dirty-sync-count': 1, 'multifd-bytes': 0, 'pages-per-second': 2045870, 'downtime-bytes': 0, 'page-size': 4096, 'remaining': 7670804480, 'postcopy-bytes': 0, 'mbps': 1073.75688, 'transferred': 62127055, 'dirty-sync-missed-zero-copy': 0, 'precopy-bytes': 62275332, 'duplicate': 213997, 'dirty-pages-rate': 0, 'normal-bytes': 60231680, 'normal': 14705}}
QMP cmd [src3] query-migrate args={}
QMP reply [src3] query-migrate: {'expected-downtime': 300, 'status': 'active', 'setup-time': 1, 'total-time': 602, 'ram': {'total': 8607571968, 'postcopy-requests': 0, 'dirty-sync-count': 1, 'multifd-bytes': 0, 'pages-per-second': 32960, 'downtime-bytes': 0, 'page-size': 4096, 'remaining': 6071590912, 'postcopy-bytes': 0, 'mbps': 1082.1441599999998, 'transferred': 91342153, 'dirty-sync-missed-zero-copy': 0, 'precopy-bytes': 91468998, 'duplicate': 598159, 'dirty-pages-rate': 0, 'normal-bytes': 85917696, 'normal': 20976}}
QMP cmd [src3] query-migrate args={}
QMP reply [src3] query-migrate: {'expected-downtime': 300, 'status': 'active', 'setup-time': 1, 'total-time': 803, 'ram': {'total': 8607571968, 'postcopy-requests': 0, 'dirty-sync-count': 1, 'multifd-bytes': 0, 'pages-per-second': 33180, 'downtime-bytes': 0, 'page-size': 4096, 'remaining': 6038056960, 'postcopy-bytes': 0, 'mbps': 1082.16, 'transferred': 121555368, 'dirty-sync-missed-zero-copy': 0, 'precopy-bytes': 121554961, 'duplicate': 599018, 'dirty-pages-rate': 0, 'normal-bytes': 115937280, 'normal': 28305}}
QMP cmd [src3] query-migrate args={}
QMP reply [src3] query-migrate: {'expected-downtime': 300, 'status': 'active', 'setup-time': 1, 'total-time': 1004, 'ram': {'total': 8607571968, 'postcopy-requests': 0, 'dirty-sync-count': 1, 'multifd-bytes': 0, 'pages-per-second': 1611780, 'downtime-bytes': 0, 'page-size': 4096, 'remaining': 5348229120, 'postcopy-bytes': 0, 'mbps': 1074.6072, 'transferred': 148419189, 'dirty-sync-missed-zero-copy': 0, 'precopy-bytes': 148418762, 'duplicate': 761243, 'dirty-pages-rate': 0, 'normal-bytes': 141291520, 'normal': 34495}}
QMP cmd [src3] query-migrate args={}
QMP reply [src3] query-migrate: {'expected-downtime': 300, 'status': 'active', 'setup-time': 1, 'total-time': 1205, 'ram': {'total': 8607571968, 'postcopy-requests': 0, 'dirty-sync-count': 1, 'multifd-bytes': 0, 'pages-per-second': 45450, 'downtime-bytes': 0, 'page-size': 4096, 'remaining': 5313548288, 'postcopy-bytes': 0, 'mbps': 1083.04344, 'transferred': 175489668, 'dirty-sync-missed-zero-copy': 0, 'precopy-bytes': 175489221, 'duplicate': 763118, 'dirty-pages-rate': 0, 'normal-bytes': 168292352, 'normal': 41087}}
QMP cmd [src3] query-migrate args={}
QMP reply [src3] query-migrate: {'expected-downtime': 300, 'status': 'active', 'setup-time': 1, 'total-time': 1405, 'ram': {'total': 8607571968, 'postcopy-requests': 0, 'dirty-sync-count': 1, 'multifd-bytes': 0, 'pages-per-second': 45190, 'downtime-bytes': 0, 'page-size': 4096, 'remaining': 5281251328, 'postcopy-bytes': 0, 'mbps': 1083.02472, 'transferred': 202554909, 'dirty-sync-missed-zero-copy': 0, 'precopy-bytes': 202554442, 'duplicate': 764411, 'dirty-pages-rate': 0, 'normal-bytes': 195293184, 'normal': 47679}}
QMP cmd [src3] query-migrate args={}
QMP reply [src3] query-migrate: {'expected-downtime': 300, 'status': 'active', 'setup-time': 1, 'total-time': 1606, 'ram': {'total': 8607571968, 'postcopy-requests': 0, 'dirty-sync-count': 1, 'multifd-bytes': 0, 'pages-per-second': 44450, 'downtime-bytes': 0, 'page-size': 4096, 'remaining': 5249187840, 'postcopy-bytes': 0, 'mbps': 1082.97144, 'transferred': 229619637, 'dirty-sync-missed-zero-copy': 0, 'precopy-bytes': 229619150, 'duplicate': 765647, 'dirty-pages-rate': 0, 'normal-bytes': 222294016, 'normal': 54271}}
QMP cmd [src3] query-migrate args={}
QMP reply [src3] query-migrate: {'expected-downtime': 300, 'status': 'active', 'setup-time': 1, 'total-time': 1807, 'ram': {'total': 8607571968, 'postcopy-requests': 0, 'dirty-sync-count': 1, 'multifd-bytes': 0, 'pages-per-second': 32970, 'downtime-bytes': 0, 'page-size': 4096, 'remaining': 5222166528, 'postcopy-bytes': 0, 'mbps': 1082.1448799999998, 'transferred': 256673286, 'dirty-sync-missed-zero-copy': 0, 'precopy-bytes': 256672779, 'duplicate': 765652, 'dirty-pages-rate': 0, 'normal-bytes': 249294848, 'normal': 60863}}
QMP cmd [src3] query-migrate args={}
QMP reply [src3] query-migrate: {'expected-downtime': 300, 'status': 'active', 'setup-time': 1, 'total-time': 2008, 'ram': {'total': 8607571968, 'postcopy-requests': 0, 'dirty-sync-count': 1, 'multifd-bytes': 0, 'pages-per-second': 35420, 'downtime-bytes': 0, 'page-size': 4096, 'remaining': 5188890624, 'postcopy-bytes': 0, 'mbps': 1082.3212800000001, 'transferred': 283740678, 'dirty-sync-missed-zero-copy': 0, 'precopy-bytes': 283740151, 'duplicate': 767184, 'dirty-pages-rate': 0, 'normal-bytes': 276295680, 'normal': 67455}}
QMP cmd [src3] query-migrate args={}
QMP reply [src3] query-migrate: {'expected-downtime': 300, 'status': 'active', 'setup-time': 1, 'total-time': 2209, 'ram': {'total': 8607571968, 'postcopy-requests': 0, 'dirty-sync-count': 1, 'multifd-bytes': 0, 'pages-per-second': 32980, 'downtime-bytes': 0, 'page-size': 4096, 'remaining': 5144047616, 'postcopy-bytes': 0, 'mbps': 1082.1456, 'transferred': 310776156, 'dirty-sync-missed-zero-copy': 0, 'precopy-bytes': 310775609, 'duplicate': 771554, 'dirty-pages-rate': 0, 'normal-bytes': 303239168, 'normal': 74033}}
2026-07-15 02:12:39.485602SSH command: ssh -o BatchMode=yes -o StrictHostKeyChecking=no -o UserKnownHostsFile=/dev/null -o ConnectTimeout=1 -o LogLevel=ERROR -p 2224 -i /home/max/.ssh/pgvm_bench user@127.0.0.1 test -f /tmp/bench.done
Return code: 1
Stdout: 
Stderr: 
QMP cmd [src3] query-migrate args={}
QMP reply [src3] query-migrate: {'expected-downtime': 300, 'status': 'active', 'setup-time': 1, 'total-time': 2409, 'ram': {'total': 8607571968, 'postcopy-requests': 0, 'dirty-sync-count': 1, 'multifd-bytes': 0, 'pages-per-second': 37820, 'downtime-bytes': 0, 'page-size': 4096, 'remaining': 5112930304, 'postcopy-bytes': 0, 'mbps': 1082.4940800000002, 'transferred': 337838805, 'dirty-sync-missed-zero-copy': 0, 'precopy-bytes': 337838238, 'duplicate': 772559, 'dirty-pages-rate': 0, 'normal-bytes': 330240000, 'normal': 80625}}
QMP cmd [src3] query-migrate args={}
QMP reply [src3] query-migrate: {'expected-downtime': 300, 'status': 'active', 'setup-time': 1, 'total-time': 2610, 'ram': {'total': 8607571968, 'postcopy-requests': 0, 'dirty-sync-count': 1, 'multifd-bytes': 0, 'pages-per-second': 33020, 'downtime-bytes': 0, 'page-size': 4096, 'remaining': 5085884416, 'postcopy-bytes': 0, 'mbps': 1082.14848, 'transferred': 364892508, 'dirty-sync-missed-zero-copy': 0, 'precopy-bytes': 364891921, 'duplicate': 772570, 'dirty-pages-rate': 0, 'normal-bytes': 357240832, 'normal': 87217}}
QMP cmd [src3] query-migrate args={}
QMP reply [src3] query-migrate: {'expected-downtime': 300, 'status': 'active', 'setup-time': 1, 'total-time': 2811, 'ram': {'total': 8607571968, 'postcopy-requests': 0, 'dirty-sync-count': 1, 'multifd-bytes': 0, 'pages-per-second': 38130, 'downtime-bytes': 0, 'page-size': 4096, 'remaining': 5056757760, 'postcopy-bytes': 0, 'mbps': 1082.5164, 'transferred': 391950783, 'dirty-sync-missed-zero-copy': 0, 'precopy-bytes': 391950176, 'duplicate': 773089, 'dirty-pages-rate': 0, 'normal-bytes': 384241664, 'normal': 93809}}
QMP cmd [src3] query-migrate args={}
QMP reply [src3] query-migrate: {'expected-downtime': 300, 'status': 'active', 'setup-time': 1, 'total-time': 3012, 'ram': {'total': 8607571968, 'postcopy-requests': 0, 'dirty-sync-count': 1, 'multifd-bytes': 0, 'pages-per-second': 37860, 'downtime-bytes': 0, 'page-size': 4096, 'remaining': 5020291072, 'postcopy-bytes': 0, 'mbps': 1082.49696, 'transferred': 419025186, 'dirty-sync-missed-zero-copy': 0, 'precopy-bytes': 419024559, 'duplicate': 775400, 'dirty-pages-rate': 0, 'normal-bytes': 411242496, 'normal': 100401}}
QMP cmd [src3] query-migrate args={}
QMP reply [src3] query-migrate: {'expected-downtime': 300, 'status': 'active', 'setup-time': 1, 'total-time': 3213, 'ram': {'total': 8607571968, 'postcopy-requests': 0, 'dirty-sync-count': 1, 'multifd-bytes': 0, 'pages-per-second': 34110, 'downtime-bytes': 0, 'page-size': 4096, 'remaining': 4988694528, 'postcopy-bytes': 0, 'mbps': 1082.22696, 'transferred': 446088888, 'dirty-sync-missed-zero-copy': 0, 'precopy-bytes': 446088241, 'duplicate': 776522, 'dirty-pages-rate': 0, 'normal-bytes': 438243328, 'normal': 106993}}
QMP cmd [src3] query-migrate args={}
QMP reply [src3] query-migrate: {'expected-downtime': 300, 'status': 'active', 'setup-time': 1, 'total-time': 3414, 'ram': {'total': 8607571968, 'postcopy-requests': 0, 'dirty-sync-count': 1, 'multifd-bytes': 0, 'pages-per-second': 32970, 'downtime-bytes': 0, 'page-size': 4096, 'remaining': 4961558528, 'postcopy-bytes': 0, 'mbps': 1082.1448799999998, 'transferred': 473142789, 'dirty-sync-missed-zero-copy': 0, 'precopy-bytes': 473142122, 'duplicate': 776555, 'dirty-pages-rate': 0, 'normal-bytes': 465244160, 'normal': 113585}}
QMP cmd [src3] query-migrate args={}
QMP reply [src3] query-migrate: {'expected-downtime': 300, 'status': 'active', 'setup-time': 1, 'total-time': 3614, 'ram': {'total': 8607571968, 'postcopy-requests': 0, 'dirty-sync-count': 1, 'multifd-bytes': 0, 'pages-per-second': 32960, 'downtime-bytes': 0, 'page-size': 4096, 'remaining': 4932276224, 'postcopy-bytes': 0, 'mbps': 1082.1441599999998, 'transferred': 500201406, 'dirty-sync-missed-zero-copy': 0, 'precopy-bytes': 500200719, 'duplicate': 777112, 'dirty-pages-rate': 0, 'normal-bytes': 492244992, 'normal': 120177}}
QMP cmd [src3] query-migrate args={}
QMP reply [src3] query-migrate: {'expected-downtime': 300, 'status': 'active', 'setup-time': 1, 'total-time': 3815, 'ram': {'total': 8607571968, 'postcopy-requests': 0, 'dirty-sync-count': 1, 'multifd-bytes': 0, 'pages-per-second': 34550, 'downtime-bytes': 0, 'page-size': 4096, 'remaining': 4904620032, 'postcopy-bytes': 0, 'mbps': 1082.2586399999998, 'transferred': 527256450, 'dirty-sync-missed-zero-copy': 0, 'precopy-bytes': 527255743, 'duplicate': 777272, 'dirty-pages-rate': 0, 'normal-bytes': 519245824, 'normal': 126769}}
QMP cmd [src3] query-migrate args={}
QMP reply [src3] query-migrate: {'expected-downtime': 300, 'status': 'active', 'setup-time': 1, 'total-time': 4016, 'ram': {'total': 8607571968, 'postcopy-requests': 0, 'dirty-sync-count': 1, 'multifd-bytes': 0, 'pages-per-second': 33500, 'downtime-bytes': 0, 'page-size': 4096, 'remaining': 4876165120, 'postcopy-bytes': 0, 'mbps': 1082.1830400000001, 'transferred': 554313249, 'dirty-sync-missed-zero-copy': 0, 'precopy-bytes': 554312522, 'duplicate': 777627, 'dirty-pages-rate': 0, 'normal-bytes': 546246656, 'normal': 133361}}
QMP cmd [src3] query-migrate args={}
QMP reply [src3] query-migrate: {'expected-downtime': 300, 'status': 'active', 'setup-time': 1, 'total-time': 4217, 'ram': {'total': 8607571968, 'postcopy-requests': 0, 'dirty-sync-count': 1, 'multifd-bytes': 0, 'pages-per-second': 35540, 'downtime-bytes': 0, 'page-size': 4096, 'remaining': 4848009216, 'postcopy-bytes': 0, 'mbps': 1082.32992, 'transferred': 581369391, 'dirty-sync-missed-zero-copy': 0, 'precopy-bytes': 581368644, 'duplicate': 777909, 'dirty-pages-rate': 0, 'normal-bytes': 573247488, 'normal': 139953}}
QMP cmd [src3] query-migrate args={}
QMP reply [src3] query-migrate: {'expected-downtime': 300, 'status': 'active', 'setup-time': 1, 'total-time': 4419, 'ram': {'total': 8607571968, 'postcopy-requests': 0, 'dirty-sync-count': 1, 'multifd-bytes': 0, 'pages-per-second': 33630, 'downtime-bytes': 0, 'page-size': 4096, 'remaining': 4820660224, 'postcopy-bytes': 0, 'mbps': 1082.1924, 'transferred': 608423760, 'dirty-sync-missed-zero-copy': 0, 'precopy-bytes': 608422993, 'duplicate': 777994, 'dirty-pages-rate': 0, 'normal-bytes': 600248320, 'normal': 146545}}
2026-07-15 02:12:41.651091SSH command: ssh -o BatchMode=yes -o StrictHostKeyChecking=no -o UserKnownHostsFile=/dev/null -o ConnectTimeout=1 -o LogLevel=ERROR -p 2224 -i /home/max/.ssh/pgvm_bench user@127.0.0.1 test -f /tmp/bench.done
Return code: 1
Stdout: 
Stderr: 
QMP cmd [src3] query-migrate args={}
QMP reply [src3] query-migrate: {'expected-downtime': 300, 'status': 'active', 'setup-time': 1, 'total-time': 4620, 'ram': {'total': 8607571968, 'postcopy-requests': 0, 'dirty-sync-count': 1, 'multifd-bytes': 0, 'pages-per-second': 33000, 'downtime-bytes': 0, 'page-size': 4096, 'remaining': 4793593856, 'postcopy-bytes': 0, 'mbps': 1082.14704, 'transferred': 635477508, 'dirty-sync-missed-zero-copy': 0, 'precopy-bytes': 635476721, 'duplicate': 778010, 'dirty-pages-rate': 0, 'normal-bytes': 627249152, 'normal': 153137}}
QMP cmd [src3] query-migrate args={}
QMP reply [src3] query-migrate: {'expected-downtime': 300, 'status': 'active', 'setup-time': 1, 'total-time': 4820, 'ram': {'total': 8607571968, 'postcopy-requests': 0, 'dirty-sync-count': 1, 'multifd-bytes': 0, 'pages-per-second': 33080, 'downtime-bytes': 0, 'page-size': 4096, 'remaining': 4766466048, 'postcopy-bytes': 0, 'mbps': 1082.1528, 'transferred': 662531391, 'dirty-sync-missed-zero-copy': 0, 'precopy-bytes': 662530584, 'duplicate': 778041, 'dirty-pages-rate': 0, 'normal-bytes': 654249984, 'normal': 159729}}
QMP cmd [src3] query-migrate args={}
QMP reply [src3] query-migrate: {'expected-downtime': 300, 'status': 'active', 'setup-time': 1, 'total-time': 5021, 'ram': {'total': 8607571968, 'postcopy-requests': 0, 'dirty-sync-count': 1, 'multifd-bytes': 0, 'pages-per-second': 33170, 'downtime-bytes': 0, 'page-size': 4096, 'remaining': 4739354624, 'postcopy-bytes': 0, 'mbps': 1082.15928, 'transferred': 689585238, 'dirty-sync-missed-zero-copy': 0, 'precopy-bytes': 689584411, 'duplicate': 778068, 'dirty-pages-rate': 0, 'normal-bytes': 681250816, 'normal': 166321}}
QMP cmd [src3] query-migrate args={}
QMP reply [src3] query-migrate: {'expected-downtime': 300, 'status': 'active', 'setup-time': 1, 'total-time': 5222, 'ram': {'total': 8607571968, 'postcopy-requests': 0, 'dirty-sync-count': 1, 'multifd-bytes': 0, 'pages-per-second': 32960, 'downtime-bytes': 0, 'page-size': 4096, 'remaining': 4712075264, 'postcopy-bytes': 0, 'mbps': 1082.1441599999998, 'transferred': 716639454, 'dirty-sync-missed-zero-copy': 0, 'precopy-bytes': 716638607, 'duplicate': 778136, 'dirty-pages-rate': 0, 'normal-bytes': 708251648, 'normal': 172913}}
QMP cmd [src3] query-migrate args={}
QMP reply [src3] query-migrate: {'expected-downtime': 300, 'status': 'active', 'setup-time': 1, 'total-time': 5423, 'ram': {'total': 8607571968, 'postcopy-requests': 0, 'dirty-sync-count': 1, 'multifd-bytes': 0, 'pages-per-second': 33810, 'downtime-bytes': 0, 'page-size': 4096, 'remaining': 4684709888, 'postcopy-bytes': 0, 'mbps': 1082.2053600000002, 'transferred': 743693859, 'dirty-sync-missed-zero-copy': 0, 'precopy-bytes': 743692992, 'duplicate': 778225, 'dirty-pages-rate': 0, 'normal-bytes': 735252480, 'normal': 179505}}
QMP cmd [src3] query-migrate args={}
QMP reply [src3] query-migrate: {'expected-downtime': 300, 'status': 'active', 'setup-time': 1, 'total-time': 5623, 'ram': {'total': 8607571968, 'postcopy-requests': 0, 'dirty-sync-count': 1, 'multifd-bytes': 0, 'pages-per-second': 36680, 'downtime-bytes': 0, 'page-size': 4096, 'remaining': 4655939584, 'postcopy-bytes': 0, 'mbps': 1082.412, 'transferred': 770751351, 'dirty-sync-missed-zero-copy': 0, 'precopy-bytes': 770750464, 'duplicate': 778657, 'dirty-pages-rate': 0, 'normal-bytes': 762253312, 'normal': 186097}}
QMP cmd [src3] query-migrate args={}
QMP reply [src3] query-migrate: {'expected-downtime': 300, 'status': 'active', 'setup-time': 1, 'total-time': 5824, 'ram': {'total': 8607571968, 'postcopy-requests': 0, 'dirty-sync-count': 1, 'multifd-bytes': 0, 'pages-per-second': 38120, 'downtime-bytes': 0, 'page-size': 4096, 'remaining': 4626628608, 'postcopy-bytes': 0, 'mbps': 1082.51568, 'transferred': 797810031, 'dirty-sync-missed-zero-copy': 0, 'precopy-bytes': 797809124, 'duplicate': 779221, 'dirty-pages-rate': 0, 'normal-bytes': 789254144, 'normal': 192689}}
QMP cmd [src3] query-migrate args={}
QMP reply [src3] query-migrate: {'expected-downtime': 300, 'status': 'active', 'setup-time': 1, 'total-time': 6025, 'ram': {'total': 8607571968, 'postcopy-requests': 0, 'dirty-sync-count': 1, 'multifd-bytes': 0, 'pages-per-second': 32980, 'downtime-bytes': 0, 'page-size': 4096, 'remaining': 4599431168, 'postcopy-bytes': 0, 'mbps': 1082.1456, 'transferred': 824864067, 'dirty-sync-missed-zero-copy': 0, 'precopy-bytes': 824863140, 'duplicate': 779269, 'dirty-pages-rate': 0, 'normal-bytes': 816254976, 'normal': 199281}}
QMP cmd [src3] query-migrate args={}
QMP reply [src3] query-migrate: {'expected-downtime': 300, 'status': 'active', 'setup-time': 1, 'total-time': 6226, 'ram': {'total': 8607571968, 'postcopy-requests': 0, 'dirty-sync-count': 1, 'multifd-bytes': 0, 'pages-per-second': 32960, 'downtime-bytes': 0, 'page-size': 4096, 'remaining': 4572413952, 'postcopy-bytes': 0, 'mbps': 1082.1441599999998, 'transferred': 851917707, 'dirty-sync-missed-zero-copy': 0, 'precopy-bytes': 851916760, 'duplicate': 779273, 'dirty-pages-rate': 0, 'normal-bytes': 843255808, 'normal': 205873}}
QMP cmd [src3] query-migrate args={}
QMP reply [src3] query-migrate: {'expected-downtime': 300, 'status': 'active', 'setup-time': 1, 'total-time': 6427, 'ram': {'total': 8607571968, 'postcopy-requests': 0, 'dirty-sync-count': 1, 'multifd-bytes': 0, 'pages-per-second': 33140, 'downtime-bytes': 0, 'page-size': 4096, 'remaining': 4545339392, 'postcopy-bytes': 0, 'mbps': 1082.15712, 'transferred': 878971473, 'dirty-sync-missed-zero-copy': 0, 'precopy-bytes': 878970506, 'duplicate': 779291, 'dirty-pages-rate': 0, 'normal-bytes': 870256640, 'normal': 212465}}
QMP cmd [src3] query-migrate args={}
QMP reply [src3] query-migrate: {'expected-downtime': 300, 'status': 'active', 'setup-time': 1, 'total-time': 6627, 'ram': {'total': 8607571968, 'postcopy-requests': 0, 'dirty-sync-count': 1, 'multifd-bytes': 0, 'pages-per-second': 42030, 'downtime-bytes': 0, 'page-size': 4096, 'remaining': 4514488320, 'postcopy-bytes': 0, 'mbps': 1082.7972, 'transferred': 906033537, 'dirty-sync-missed-zero-copy': 0, 'precopy-bytes': 906032550, 'duplicate': 780231, 'dirty-pages-rate': 0, 'normal-bytes': 897257472, 'normal': 219057}}
2026-07-15 02:12:43.887040SSH command: ssh -o BatchMode=yes -o StrictHostKeyChecking=no -o UserKnownHostsFile=/dev/null -o ConnectTimeout=1 -o LogLevel=ERROR -p 2224 -i /home/max/.ssh/pgvm_bench user@127.0.0.1 test -f /tmp/bench.done
Return code: 1
Stdout: 
Stderr: 
QMP cmd [src3] query-migrate args={}
QMP reply [src3] query-migrate: {'expected-downtime': 300, 'status': 'active', 'setup-time': 1, 'total-time': 6829, 'ram': {'total': 8607571968, 'postcopy-requests': 0, 'dirty-sync-count': 1, 'multifd-bytes': 0, 'pages-per-second': 32960, 'downtime-bytes': 0, 'page-size': 4096, 'remaining': 4487487488, 'postcopy-bytes': 0, 'mbps': 1082.1441599999998, 'transferred': 933087141, 'dirty-sync-missed-zero-copy': 0, 'precopy-bytes': 933086134, 'duplicate': 780231, 'dirty-pages-rate': 0, 'normal-bytes': 924258304, 'normal': 225649}}
QMP cmd [src3] query-migrate args={}
QMP reply [src3] query-migrate: {'expected-downtime': 300, 'status': 'active', 'setup-time': 1, 'total-time': 7030, 'ram': {'total': 8607571968, 'postcopy-requests': 0, 'dirty-sync-count': 1, 'multifd-bytes': 0, 'pages-per-second': 33490, 'downtime-bytes': 0, 'page-size': 4096, 'remaining': 4460253184, 'postcopy-bytes': 0, 'mbps': 1082.1823200000001, 'transferred': 960141258, 'dirty-sync-missed-zero-copy': 0, 'precopy-bytes': 960140231, 'duplicate': 780288, 'dirty-pages-rate': 0, 'normal-bytes': 951259136, 'normal': 232241}}
QMP cmd [src3] query-migrate args={}
QMP reply [src3] query-migrate: {'expected-downtime': 300, 'status': 'active', 'setup-time': 1, 'total-time': 7230, 'ram': {'total': 8607571968, 'postcopy-requests': 0, 'dirty-sync-count': 1, 'multifd-bytes': 0, 'pages-per-second': 33000, 'downtime-bytes': 0, 'page-size': 4096, 'remaining': 4433235968, 'postcopy-bytes': 0, 'mbps': 1082.14704, 'transferred': 987194898, 'dirty-sync-missed-zero-copy': 0, 'precopy-bytes': 987193851, 'duplicate': 780292, 'dirty-pages-rate': 0, 'normal-bytes': 978259968, 'normal': 238833}}
QMP cmd [src3] query-migrate args={}
QMP reply [src3] query-migrate: {'expected-downtime': 300, 'status': 'active', 'setup-time': 1, 'total-time': 7431, 'ram': {'total': 8607571968, 'postcopy-requests': 0, 'dirty-sync-count': 1, 'multifd-bytes': 0, 'pages-per-second': 32960, 'downtime-bytes': 0, 'page-size': 4096, 'remaining': 4406218752, 'postcopy-bytes': 0, 'mbps': 1082.1441599999998, 'transferred': 1014248538, 'dirty-sync-missed-zero-copy': 0, 'precopy-bytes': 1014247471, 'duplicate': 780296, 'dirty-pages-rate': 0, 'normal-bytes': 1005260800, 'normal': 245425}}
QMP cmd [src3] query-migrate args={}
QMP reply [src3] query-migrate: {'expected-downtime': 300, 'status': 'active', 'setup-time': 1, 'total-time': 7632, 'ram': {'total': 8607571968, 'postcopy-requests': 0, 'dirty-sync-count': 1, 'multifd-bytes': 0, 'pages-per-second': 32980, 'downtime-bytes': 0, 'page-size': 4096, 'remaining': 4379201536, 'postcopy-bytes': 0, 'mbps': 1082.1456, 'transferred': 1041302178, 'dirty-sync-missed-zero-copy': 0, 'precopy-bytes': 1041301091, 'duplicate': 780300, 'dirty-pages-rate': 0, 'normal-bytes': 1032261632, 'normal': 252017}}
QMP cmd [src3] query-migrate args={}
QMP reply [src3] query-migrate: {'expected-downtime': 300, 'status': 'active', 'setup-time': 1, 'total-time': 7833, 'ram': {'total': 8607571968, 'postcopy-requests': 0, 'dirty-sync-count': 1, 'multifd-bytes': 0, 'pages-per-second': 32980, 'downtime-bytes': 0, 'page-size': 4096, 'remaining': 4352176128, 'postcopy-bytes': 0, 'mbps': 1082.1456, 'transferred': 1068355836, 'dirty-sync-missed-zero-copy': 0, 'precopy-bytes': 1068354729, 'duplicate': 780306, 'dirty-pages-rate': 0, 'normal-bytes': 1059262464, 'normal': 258609}}
QMP cmd [src3] query-migrate args={}
QMP reply [src3] query-migrate: {'expected-downtime': 300, 'status': 'active', 'setup-time': 1, 'total-time': 8033, 'ram': {'total': 8607571968, 'postcopy-requests': 0, 'dirty-sync-count': 1, 'multifd-bytes': 0, 'pages-per-second': 32960, 'downtime-bytes': 0, 'page-size': 4096, 'remaining': 4320980992, 'postcopy-bytes': 0, 'mbps': 1082.1441599999998, 'transferred': 1095418656, 'dirty-sync-missed-zero-copy': 0, 'precopy-bytes': 1095417529, 'duplicate': 781330, 'dirty-pages-rate': 0, 'normal-bytes': 1086263296, 'normal': 265201}}
QMP cmd [src3] query-migrate args={}
QMP reply [src3] query-migrate: {'expected-downtime': 300, 'status': 'active', 'setup-time': 1, 'total-time': 8234, 'ram': {'total': 8607571968, 'postcopy-requests': 0, 'dirty-sync-count': 1, 'multifd-bytes': 0, 'pages-per-second': 32960, 'downtime-bytes': 0, 'page-size': 4096, 'remaining': 4293980160, 'postcopy-bytes': 0, 'mbps': 1082.1441599999998, 'transferred': 1122472260, 'dirty-sync-missed-zero-copy': 0, 'precopy-bytes': 1122471113, 'duplicate': 781330, 'dirty-pages-rate': 0, 'normal-bytes': 1113264128, 'normal': 271793}}
QMP cmd [src3] query-migrate args={}
QMP reply [src3] query-migrate: {'expected-downtime': 300, 'status': 'active', 'setup-time': 1, 'total-time': 8435, 'ram': {'total': 8607571968, 'postcopy-requests': 0, 'dirty-sync-count': 1, 'multifd-bytes': 0, 'pages-per-second': 32960, 'downtime-bytes': 0, 'page-size': 4096, 'remaining': 4266979328, 'postcopy-bytes': 0, 'mbps': 1082.1441599999998, 'transferred': 1149525864, 'dirty-sync-missed-zero-copy': 0, 'precopy-bytes': 1149524697, 'duplicate': 781330, 'dirty-pages-rate': 0, 'normal-bytes': 1140264960, 'normal': 278385}}
QMP cmd [src3] query-migrate args={}
QMP reply [src3] query-migrate: {'expected-downtime': 300, 'status': 'active', 'setup-time': 1, 'total-time': 8636, 'ram': {'total': 8607571968, 'postcopy-requests': 0, 'dirty-sync-count': 1, 'multifd-bytes': 0, 'pages-per-second': 32980, 'downtime-bytes': 0, 'page-size': 4096, 'remaining': 4239970304, 'postcopy-bytes': 0, 'mbps': 1082.1456, 'transferred': 1176579486, 'dirty-sync-missed-zero-copy': 0, 'precopy-bytes': 1176578299, 'duplicate': 781332, 'dirty-pages-rate': 0, 'normal-bytes': 1167265792, 'normal': 284977}}
QMP cmd [src3] query-migrate args={}
QMP reply [src3] query-migrate: {'expected-downtime': 300, 'status': 'active', 'setup-time': 1, 'total-time': 8838, 'ram': {'total': 8607571968, 'postcopy-requests': 0, 'dirty-sync-count': 1, 'multifd-bytes': 0, 'pages-per-second': 33020, 'downtime-bytes': 0, 'page-size': 4096, 'remaining': 4212944896, 'postcopy-bytes': 0, 'mbps': 1082.14848, 'transferred': 1203633144, 'dirty-sync-missed-zero-copy': 0, 'precopy-bytes': 1203631937, 'duplicate': 781338, 'dirty-pages-rate': 0, 'normal-bytes': 1194266624, 'normal': 291569}}
2026-07-15 02:12:46.058037SSH command: ssh -o BatchMode=yes -o StrictHostKeyChecking=no -o UserKnownHostsFile=/dev/null -o ConnectTimeout=1 -o LogLevel=ERROR -p 2224 -i /home/max/.ssh/pgvm_bench user@127.0.0.1 test -f /tmp/bench.done
Return code: 1
Stdout: 
Stderr: 
QMP cmd [src3] query-migrate args={}
QMP reply [src3] query-migrate: {'expected-downtime': 300, 'status': 'active', 'setup-time': 1, 'total-time': 9039, 'ram': {'total': 8607571968, 'postcopy-requests': 0, 'dirty-sync-count': 1, 'multifd-bytes': 0, 'pages-per-second': 33060, 'downtime-bytes': 0, 'page-size': 4096, 'remaining': 4185894912, 'postcopy-bytes': 0, 'mbps': 1082.15136, 'transferred': 1230686856, 'dirty-sync-missed-zero-copy': 0, 'precopy-bytes': 1230685629, 'duplicate': 781350, 'dirty-pages-rate': 0, 'normal-bytes': 1221267456, 'normal': 298161}}
QMP cmd [src3] query-migrate args={}
QMP reply [src3] query-migrate: {'expected-downtime': 300, 'status': 'active', 'setup-time': 1, 'total-time': 9240, 'ram': {'total': 8607571968, 'postcopy-requests': 0, 'dirty-sync-count': 1, 'multifd-bytes': 0, 'pages-per-second': 32980, 'downtime-bytes': 0, 'page-size': 4096, 'remaining': 4158877696, 'postcopy-bytes': 0, 'mbps': 1082.1456, 'transferred': 1257740496, 'dirty-sync-missed-zero-copy': 0, 'precopy-bytes': 1257739249, 'duplicate': 781354, 'dirty-pages-rate': 0, 'normal-bytes': 1248268288, 'normal': 304753}}
QMP cmd [src3] query-migrate args={}
QMP reply [src3] query-migrate: {'expected-downtime': 300, 'status': 'active', 'setup-time': 1, 'total-time': 9441, 'ram': {'total': 8607571968, 'postcopy-requests': 0, 'dirty-sync-count': 1, 'multifd-bytes': 0, 'pages-per-second': 32960, 'downtime-bytes': 0, 'page-size': 4096, 'remaining': 4131868672, 'postcopy-bytes': 0, 'mbps': 1082.1441599999998, 'transferred': 1284794118, 'dirty-sync-missed-zero-copy': 0, 'precopy-bytes': 1284792851, 'duplicate': 781356, 'dirty-pages-rate': 0, 'normal-bytes': 1275269120, 'normal': 311345}}
QMP cmd [src3] query-migrate args={}
QMP reply [src3] query-migrate: {'expected-downtime': 300, 'status': 'active', 'setup-time': 1, 'total-time': 9641, 'ram': {'total': 8607571968, 'postcopy-requests': 0, 'dirty-sync-count': 1, 'multifd-bytes': 0, 'pages-per-second': 32960, 'downtime-bytes': 0, 'page-size': 4096, 'remaining': 4104867840, 'postcopy-bytes': 0, 'mbps': 1082.1441599999998, 'transferred': 1311847722, 'dirty-sync-missed-zero-copy': 0, 'precopy-bytes': 1311846435, 'duplicate': 781356, 'dirty-pages-rate': 0, 'normal-bytes': 1302269952, 'normal': 317937}}
QMP cmd [src3] query-migrate args={}
QMP reply [src3] query-migrate: {'expected-downtime': 300, 'status': 'active', 'setup-time': 1, 'total-time': 9842, 'ram': {'total': 8607571968, 'postcopy-requests': 0, 'dirty-sync-count': 1, 'multifd-bytes': 0, 'pages-per-second': 32980, 'downtime-bytes': 0, 'page-size': 4096, 'remaining': 4077858816, 'postcopy-bytes': 0, 'mbps': 1082.1456, 'transferred': 1338901344, 'dirty-sync-missed-zero-copy': 0, 'precopy-bytes': 1338900037, 'duplicate': 781358, 'dirty-pages-rate': 0, 'normal-bytes': 1329270784, 'normal': 324529}}
QMP cmd [src3] query-migrate args={}
QMP reply [src3] query-migrate: {'expected-downtime': 300, 'status': 'active', 'setup-time': 1, 'total-time': 10043, 'ram': {'total': 8607571968, 'postcopy-requests': 0, 'dirty-sync-count': 1, 'multifd-bytes': 0, 'pages-per-second': 32960, 'downtime-bytes': 0, 'page-size': 4096, 'remaining': 4050833408, 'postcopy-bytes': 0, 'mbps': 1082.1441599999998, 'transferred': 1365955002, 'dirty-sync-missed-zero-copy': 0, 'precopy-bytes': 1365953675, 'duplicate': 781364, 'dirty-pages-rate': 0, 'normal-bytes': 1356271616, 'normal': 331121}}
QMP cmd [src3] query-migrate args={}
QMP reply [src3] query-migrate: {'expected-downtime': 300, 'status': 'active', 'setup-time': 1, 'total-time': 10244, 'ram': {'total': 8607571968, 'postcopy-requests': 0, 'dirty-sync-count': 1, 'multifd-bytes': 0, 'pages-per-second': 32980, 'downtime-bytes': 0, 'page-size': 4096, 'remaining': 4023799808, 'postcopy-bytes': 0, 'mbps': 1082.1456, 'transferred': 1393008678, 'dirty-sync-missed-zero-copy': 0, 'precopy-bytes': 1393007331, 'duplicate': 781372, 'dirty-pages-rate': 0, 'normal-bytes': 1383272448, 'normal': 337713}}
QMP cmd [src3] query-migrate args={}
QMP reply [src3] query-migrate: {'expected-downtime': 300, 'status': 'active', 'setup-time': 1, 'total-time': 10444, 'ram': {'total': 8607571968, 'postcopy-requests': 0, 'dirty-sync-count': 1, 'multifd-bytes': 0, 'pages-per-second': 32980, 'downtime-bytes': 0, 'page-size': 4096, 'remaining': 3996782592, 'postcopy-bytes': 0, 'mbps': 1082.1456, 'transferred': 1420062318, 'dirty-sync-missed-zero-copy': 0, 'precopy-bytes': 1420060951, 'duplicate': 781376, 'dirty-pages-rate': 0, 'normal-bytes': 1410273280, 'normal': 344305}}
QMP cmd [src3] query-migrate args={}
QMP reply [src3] query-migrate: {'expected-downtime': 300, 'status': 'active', 'setup-time': 1, 'total-time': 10645, 'ram': {'total': 8607571968, 'postcopy-requests': 0, 'dirty-sync-count': 1, 'multifd-bytes': 0, 'pages-per-second': 33420, 'downtime-bytes': 0, 'page-size': 4096, 'remaining': 3969576960, 'postcopy-bytes': 0, 'mbps': 1082.17728, 'transferred': 1447116372, 'dirty-sync-missed-zero-copy': 0, 'precopy-bytes': 1447114985, 'duplicate': 781426, 'dirty-pages-rate': 0, 'normal-bytes': 1437274112, 'normal': 350897}}
QMP cmd [src3] query-migrate args={}
QMP reply [src3] query-migrate: {'expected-downtime': 300, 'status': 'active', 'setup-time': 1, 'total-time': 10846, 'ram': {'total': 8607571968, 'postcopy-requests': 0, 'dirty-sync-count': 1, 'multifd-bytes': 0, 'pages-per-second': 33000, 'downtime-bytes': 0, 'page-size': 4096, 'remaining': 3942543360, 'postcopy-bytes': 0, 'mbps': 1082.14704, 'transferred': 1474170048, 'dirty-sync-missed-zero-copy': 0, 'precopy-bytes': 1474168641, 'duplicate': 781434, 'dirty-pages-rate': 0, 'normal-bytes': 1464274944, 'normal': 357489}}
QMP cmd [src3] query-migrate args={}
QMP reply [src3] query-migrate: {'expected-downtime': 300, 'status': 'active', 'setup-time': 1, 'total-time': 11048, 'ram': {'total': 8607571968, 'postcopy-requests': 0, 'dirty-sync-count': 1, 'multifd-bytes': 0, 'pages-per-second': 33000, 'downtime-bytes': 0, 'page-size': 4096, 'remaining': 3915517952, 'postcopy-bytes': 0, 'mbps': 1082.14704, 'transferred': 1501223706, 'dirty-sync-missed-zero-copy': 0, 'precopy-bytes': 1501222279, 'duplicate': 781440, 'dirty-pages-rate': 0, 'normal-bytes': 1491275776, 'normal': 364081}}
2026-07-15 02:12:48.233467SSH command: ssh -o BatchMode=yes -o StrictHostKeyChecking=no -o UserKnownHostsFile=/dev/null -o ConnectTimeout=1 -o LogLevel=ERROR -p 2224 -i /home/max/.ssh/pgvm_bench user@127.0.0.1 test -f /tmp/bench.done
Return code: 1
Stdout: 
Stderr: 
QMP cmd [src3] query-migrate args={}
QMP reply [src3] query-migrate: {'expected-downtime': 300, 'status': 'active', 'setup-time': 1, 'total-time': 11249, 'ram': {'total': 8607571968, 'postcopy-requests': 0, 'dirty-sync-count': 1, 'multifd-bytes': 0, 'pages-per-second': 33020, 'downtime-bytes': 0, 'page-size': 4096, 'remaining': 3888451584, 'postcopy-bytes': 0, 'mbps': 1082.14848, 'transferred': 1528277454, 'dirty-sync-missed-zero-copy': 0, 'precopy-bytes': 1528276007, 'duplicate': 781456, 'dirty-pages-rate': 0, 'normal-bytes': 1518276608, 'normal': 370673}}
QMP cmd [src3] query-migrate args={}
QMP reply [src3] query-migrate: {'expected-downtime': 300, 'status': 'active', 'setup-time': 1, 'total-time': 11450, 'ram': {'total': 8607571968, 'postcopy-requests': 0, 'dirty-sync-count': 1, 'multifd-bytes': 0, 'pages-per-second': 32980, 'downtime-bytes': 0, 'page-size': 4096, 'remaining': 3861426176, 'postcopy-bytes': 0, 'mbps': 1082.1456, 'transferred': 1555331112, 'dirty-sync-missed-zero-copy': 0, 'precopy-bytes': 1555329645, 'duplicate': 781462, 'dirty-pages-rate': 0, 'normal-bytes': 1545277440, 'normal': 377265}}
QMP cmd [src3] query-migrate args={}
QMP reply [src3] query-migrate: {'expected-downtime': 300, 'status': 'active', 'setup-time': 1, 'total-time': 11651, 'ram': {'total': 8607571968, 'postcopy-requests': 0, 'dirty-sync-count': 1, 'multifd-bytes': 0, 'pages-per-second': 37190, 'downtime-bytes': 0, 'page-size': 4096, 'remaining': 3832668160, 'postcopy-bytes': 0, 'mbps': 1082.4487199999999, 'transferred': 1582388577, 'dirty-sync-missed-zero-copy': 0, 'precopy-bytes': 1582387090, 'duplicate': 781891, 'dirty-pages-rate': 0, 'normal-bytes': 1572278272, 'normal': 383857}}
QMP cmd [src3] query-migrate args={}
QMP reply [src3] query-migrate: {'expected-downtime': 300, 'status': 'active', 'setup-time': 1, 'total-time': 11852, 'ram': {'total': 8607571968, 'postcopy-requests': 0, 'dirty-sync-count': 1, 'multifd-bytes': 0, 'pages-per-second': 33000, 'downtime-bytes': 0, 'page-size': 4096, 'remaining': 3805634560, 'postcopy-bytes': 0, 'mbps': 1082.14704, 'transferred': 1609442253, 'dirty-sync-missed-zero-copy': 0, 'precopy-bytes': 1609440746, 'duplicate': 781899, 'dirty-pages-rate': 0, 'normal-bytes': 1599279104, 'normal': 390449}}
QMP cmd [src3] query-migrate args={}
QMP reply [src3] query-migrate: {'expected-downtime': 300, 'status': 'active', 'setup-time': 1, 'total-time': 12052, 'ram': {'total': 8607571968, 'postcopy-requests': 0, 'dirty-sync-count': 1, 'multifd-bytes': 0, 'pages-per-second': 32980, 'downtime-bytes': 0, 'page-size': 4096, 'remaining': 3778617344, 'postcopy-bytes': 0, 'mbps': 1082.1456, 'transferred': 1636495893, 'dirty-sync-missed-zero-copy': 0, 'precopy-bytes': 1636494366, 'duplicate': 781903, 'dirty-pages-rate': 0, 'normal-bytes': 1626279936, 'normal': 397041}}
QMP cmd [src3] query-migrate args={}
QMP reply [src3] query-migrate: {'expected-downtime': 300, 'status': 'active', 'setup-time': 1, 'total-time': 12253, 'ram': {'total': 8607571968, 'postcopy-requests': 0, 'dirty-sync-count': 1, 'multifd-bytes': 0, 'pages-per-second': 32980, 'downtime-bytes': 0, 'page-size': 4096, 'remaining': 3751591936, 'postcopy-bytes': 0, 'mbps': 1082.1456, 'transferred': 1663549551, 'dirty-sync-missed-zero-copy': 0, 'precopy-bytes': 1663548004, 'duplicate': 781909, 'dirty-pages-rate': 0, 'normal-bytes': 1653280768, 'normal': 403633}}
QMP cmd [src3] query-migrate args={}
QMP reply [src3] query-migrate: {'expected-downtime': 300, 'status': 'active', 'setup-time': 1, 'total-time': 12454, 'ram': {'total': 8607571968, 'postcopy-requests': 0, 'dirty-sync-count': 1, 'multifd-bytes': 0, 'pages-per-second': 32980, 'downtime-bytes': 0, 'page-size': 4096, 'remaining': 3724566528, 'postcopy-bytes': 0, 'mbps': 1082.1456, 'transferred': 1690603209, 'dirty-sync-missed-zero-copy': 0, 'precopy-bytes': 1690601642, 'duplicate': 781915, 'dirty-pages-rate': 0, 'normal-bytes': 1680281600, 'normal': 410225}}
QMP cmd [src3] query-migrate args={}
QMP reply [src3] query-migrate: {'expected-downtime': 300, 'status': 'active', 'setup-time': 1, 'total-time': 12655, 'ram': {'total': 8607571968, 'postcopy-requests': 0, 'dirty-sync-count': 1, 'multifd-bytes': 0, 'pages-per-second': 33040, 'downtime-bytes': 0, 'page-size': 4096, 'remaining': 3697524736, 'postcopy-bytes': 0, 'mbps': 1082.1499199999998, 'transferred': 1717656903, 'dirty-sync-missed-zero-copy': 0, 'precopy-bytes': 1717655316, 'duplicate': 781925, 'dirty-pages-rate': 0, 'normal-bytes': 1707282432, 'normal': 416817}}
QMP cmd [src3] query-migrate args={}
QMP reply [src3] query-migrate: {'expected-downtime': 300, 'status': 'active', 'setup-time': 1, 'total-time': 12855, 'ram': {'total': 8607571968, 'postcopy-requests': 0, 'dirty-sync-count': 1, 'multifd-bytes': 0, 'pages-per-second': 33000, 'downtime-bytes': 0, 'page-size': 4096, 'remaining': 3670491136, 'postcopy-bytes': 0, 'mbps': 1082.14704, 'transferred': 1744710579, 'dirty-sync-missed-zero-copy': 0, 'precopy-bytes': 1744708972, 'duplicate': 781933, 'dirty-pages-rate': 0, 'normal-bytes': 1734283264, 'normal': 423409}}
QMP cmd [src3] query-migrate args={}
QMP reply [src3] query-migrate: {'expected-downtime': 300, 'status': 'active', 'setup-time': 1, 'total-time': 13056, 'ram': {'total': 8607571968, 'postcopy-requests': 0, 'dirty-sync-count': 1, 'multifd-bytes': 0, 'pages-per-second': 32980, 'downtime-bytes': 0, 'page-size': 4096, 'remaining': 3643367424, 'postcopy-bytes': 0, 'mbps': 1082.1456, 'transferred': 1771764453, 'dirty-sync-missed-zero-copy': 0, 'precopy-bytes': 1771762826, 'duplicate': 781963, 'dirty-pages-rate': 0, 'normal-bytes': 1761284096, 'normal': 430001}}
QMP cmd [src3] query-migrate args={}
QMP reply [src3] query-migrate: {'expected-downtime': 300, 'status': 'active', 'setup-time': 1, 'total-time': 13257, 'ram': {'total': 8607571968, 'postcopy-requests': 0, 'dirty-sync-count': 1, 'multifd-bytes': 0, 'pages-per-second': 33500, 'downtime-bytes': 0, 'page-size': 4096, 'remaining': 3616129024, 'postcopy-bytes': 0, 'mbps': 1082.1830400000001, 'transferred': 1798818579, 'dirty-sync-missed-zero-copy': 0, 'precopy-bytes': 1798816932, 'duplicate': 782021, 'dirty-pages-rate': 0, 'normal-bytes': 1788284928, 'normal': 436593}}
2026-07-15 02:12:50.481711SSH command: ssh -o BatchMode=yes -o StrictHostKeyChecking=no -o UserKnownHostsFile=/dev/null -o ConnectTimeout=1 -o LogLevel=ERROR -p 2224 -i /home/max/.ssh/pgvm_bench user@127.0.0.1 test -f /tmp/bench.done
Return code: 1
Stdout: 
Stderr: 
QMP cmd [src3] query-migrate args={}
QMP reply [src3] query-migrate: {'expected-downtime': 300, 'status': 'active', 'setup-time': 1, 'total-time': 13459, 'ram': {'total': 8607571968, 'postcopy-requests': 0, 'dirty-sync-count': 1, 'multifd-bytes': 0, 'pages-per-second': 32980, 'downtime-bytes': 0, 'page-size': 4096, 'remaining': 3589103616, 'postcopy-bytes': 0, 'mbps': 1082.1456, 'transferred': 1825872237, 'dirty-sync-missed-zero-copy': 0, 'precopy-bytes': 1825870570, 'duplicate': 782027, 'dirty-pages-rate': 0, 'normal-bytes': 1815285760, 'normal': 443185}}
QMP cmd [src3] query-migrate args={}
QMP reply [src3] query-migrate: {'expected-downtime': 300, 'status': 'active', 'setup-time': 1, 'total-time': 13659, 'ram': {'total': 8607571968, 'postcopy-requests': 0, 'dirty-sync-count': 1, 'multifd-bytes': 0, 'pages-per-second': 32980, 'downtime-bytes': 0, 'page-size': 4096, 'remaining': 3562078208, 'postcopy-bytes': 0, 'mbps': 1082.1456, 'transferred': 1852925895, 'dirty-sync-missed-zero-copy': 0, 'precopy-bytes': 1852924208, 'duplicate': 782033, 'dirty-pages-rate': 0, 'normal-bytes': 1842286592, 'normal': 449777}}
QMP cmd [src3] query-migrate args={}
QMP reply [src3] query-migrate: {'expected-downtime': 300, 'status': 'active', 'setup-time': 1, 'total-time': 13860, 'ram': {'total': 8607571968, 'postcopy-requests': 0, 'dirty-sync-count': 1, 'multifd-bytes': 0, 'pages-per-second': 33000, 'downtime-bytes': 0, 'page-size': 4096, 'remaining': 3535052800, 'postcopy-bytes': 0, 'mbps': 1082.14704, 'transferred': 1879979553, 'dirty-sync-missed-zero-copy': 0, 'precopy-bytes': 1879977846, 'duplicate': 782039, 'dirty-pages-rate': 0, 'normal-bytes': 1869287424, 'normal': 456369}}
QMP cmd [src3] query-migrate args={}
QMP reply [src3] query-migrate: {'expected-downtime': 300, 'status': 'active', 'setup-time': 1, 'total-time': 14061, 'ram': {'total': 8607571968, 'postcopy-requests': 0, 'dirty-sync-count': 1, 'multifd-bytes': 0, 'pages-per-second': 33020, 'downtime-bytes': 0, 'page-size': 4096, 'remaining': 3508011008, 'postcopy-bytes': 0, 'mbps': 1082.14848, 'transferred': 1907033247, 'dirty-sync-missed-zero-copy': 0, 'precopy-bytes': 1907031520, 'duplicate': 782049, 'dirty-pages-rate': 0, 'normal-bytes': 1896288256, 'normal': 462961}}
QMP cmd [src3] query-migrate args={}
QMP reply [src3] query-migrate: {'expected-downtime': 300, 'status': 'active', 'setup-time': 1, 'total-time': 14262, 'ram': {'total': 8607571968, 'postcopy-requests': 0, 'dirty-sync-count': 1, 'multifd-bytes': 0, 'pages-per-second': 32980, 'downtime-bytes': 0, 'page-size': 4096, 'remaining': 3480993792, 'postcopy-bytes': 0, 'mbps': 1082.1456, 'transferred': 1934086887, 'dirty-sync-missed-zero-copy': 0, 'precopy-bytes': 1934085140, 'duplicate': 782053, 'dirty-pages-rate': 0, 'normal-bytes': 1923289088, 'normal': 469553}}
QMP cmd [src3] query-migrate args={}
QMP reply [src3] query-migrate: {'expected-downtime': 300, 'status': 'active', 'setup-time': 1, 'total-time': 14463, 'ram': {'total': 8607571968, 'postcopy-requests': 0, 'dirty-sync-count': 1, 'multifd-bytes': 0, 'pages-per-second': 33000, 'downtime-bytes': 0, 'page-size': 4096, 'remaining': 3453968384, 'postcopy-bytes': 0, 'mbps': 1082.14704, 'transferred': 1961140545, 'dirty-sync-missed-zero-copy': 0, 'precopy-bytes': 1961138778, 'duplicate': 782059, 'dirty-pages-rate': 0, 'normal-bytes': 1950289920, 'normal': 476145}}
QMP cmd [src3] query-migrate args={}
QMP reply [src3] query-migrate: {'expected-downtime': 300, 'status': 'active', 'setup-time': 1, 'total-time': 14663, 'ram': {'total': 8607571968, 'postcopy-requests': 0, 'dirty-sync-count': 1, 'multifd-bytes': 0, 'pages-per-second': 33000, 'downtime-bytes': 0, 'page-size': 4096, 'remaining': 3426942976, 'postcopy-bytes': 0, 'mbps': 1082.14704, 'transferred': 1988194203, 'dirty-sync-missed-zero-copy': 0, 'precopy-bytes': 1988192416, 'duplicate': 782065, 'dirty-pages-rate': 0, 'normal-bytes': 1977290752, 'normal': 482737}}
QMP cmd [src3] query-migrate args={}
QMP reply [src3] query-migrate: {'expected-downtime': 300, 'status': 'active', 'setup-time': 1, 'total-time': 14864, 'ram': {'total': 8607571968, 'postcopy-requests': 0, 'dirty-sync-count': 1, 'multifd-bytes': 0, 'pages-per-second': 33040, 'downtime-bytes': 0, 'page-size': 4096, 'remaining': 3399901184, 'postcopy-bytes': 0, 'mbps': 1082.1499199999998, 'transferred': 2015247897, 'dirty-sync-missed-zero-copy': 0, 'precopy-bytes': 2015246090, 'duplicate': 782075, 'dirty-pages-rate': 0, 'normal-bytes': 2004291584, 'normal': 489329}}
QMP cmd [src3] query-migrate args={}
QMP reply [src3] query-migrate: {'expected-downtime': 300, 'status': 'active', 'setup-time': 1, 'total-time': 15065, 'ram': {'total': 8607571968, 'postcopy-requests': 0, 'dirty-sync-count': 1, 'multifd-bytes': 0, 'pages-per-second': 32980, 'downtime-bytes': 0, 'page-size': 4096, 'remaining': 3372859392, 'postcopy-bytes': 0, 'mbps': 1082.1456, 'transferred': 2042301591, 'dirty-sync-missed-zero-copy': 0, 'precopy-bytes': 2042299764, 'duplicate': 782085, 'dirty-pages-rate': 0, 'normal-bytes': 2031292416, 'normal': 495921}}
QMP cmd [src3] query-migrate args={}
QMP reply [src3] query-migrate: {'expected-downtime': 300, 'status': 'active', 'setup-time': 1, 'total-time': 15266, 'ram': {'total': 8607571968, 'postcopy-requests': 0, 'dirty-sync-count': 1, 'multifd-bytes': 0, 'pages-per-second': 32980, 'downtime-bytes': 0, 'page-size': 4096, 'remaining': 3345825792, 'postcopy-bytes': 0, 'mbps': 1082.1456, 'transferred': 2069355267, 'dirty-sync-missed-zero-copy': 0, 'precopy-bytes': 2069353420, 'duplicate': 782093, 'dirty-pages-rate': 0, 'normal-bytes': 2058293248, 'normal': 502513}}
QMP cmd [src3] query-migrate args={}
QMP reply [src3] query-migrate: {'expected-downtime': 300, 'status': 'active', 'setup-time': 1, 'total-time': 15467, 'ram': {'total': 8607571968, 'postcopy-requests': 0, 'dirty-sync-count': 1, 'multifd-bytes': 0, 'pages-per-second': 32980, 'downtime-bytes': 0, 'page-size': 4096, 'remaining': 3318792192, 'postcopy-bytes': 0, 'mbps': 1082.1456, 'transferred': 2096408943, 'dirty-sync-missed-zero-copy': 0, 'precopy-bytes': 2096407076, 'duplicate': 782101, 'dirty-pages-rate': 0, 'normal-bytes': 2085294080, 'normal': 509105}}
2026-07-15 02:12:52.723585SSH command: ssh -o BatchMode=yes -o StrictHostKeyChecking=no -o UserKnownHostsFile=/dev/null -o ConnectTimeout=1 -o LogLevel=ERROR -p 2224 -i /home/max/.ssh/pgvm_bench user@127.0.0.1 test -f /tmp/bench.done
Return code: 1
Stdout: 
Stderr: 
QMP cmd [src3] query-migrate args={}
QMP reply [src3] query-migrate: {'expected-downtime': 300, 'status': 'active', 'setup-time': 1, 'total-time': 15667, 'ram': {'total': 8607571968, 'postcopy-requests': 0, 'dirty-sync-count': 1, 'multifd-bytes': 0, 'pages-per-second': 33000, 'downtime-bytes': 0, 'page-size': 4096, 'remaining': 3291758592, 'postcopy-bytes': 0, 'mbps': 1082.14704, 'transferred': 2123462619, 'dirty-sync-missed-zero-copy': 0, 'precopy-bytes': 2123460732, 'duplicate': 782109, 'dirty-pages-rate': 0, 'normal-bytes': 2112294912, 'normal': 515697}}
QMP cmd [src3] query-migrate args={}
QMP reply [src3] query-migrate: {'expected-downtime': 300, 'status': 'active', 'setup-time': 1, 'total-time': 15868, 'ram': {'total': 8607571968, 'postcopy-requests': 0, 'dirty-sync-count': 1, 'multifd-bytes': 0, 'pages-per-second': 33020, 'downtime-bytes': 0, 'page-size': 4096, 'remaining': 3264708608, 'postcopy-bytes': 0, 'mbps': 1082.14848, 'transferred': 2150516331, 'dirty-sync-missed-zero-copy': 0, 'precopy-bytes': 2150514424, 'duplicate': 782121, 'dirty-pages-rate': 0, 'normal-bytes': 2139295744, 'normal': 522289}}
QMP cmd [src3] query-migrate args={}
QMP reply [src3] query-migrate: {'expected-downtime': 300, 'status': 'active', 'setup-time': 1, 'total-time': 16069, 'ram': {'total': 8607571968, 'postcopy-requests': 0, 'dirty-sync-count': 1, 'multifd-bytes': 0, 'pages-per-second': 32980, 'downtime-bytes': 0, 'page-size': 4096, 'remaining': 3237691392, 'postcopy-bytes': 0, 'mbps': 1082.1456, 'transferred': 2177569971, 'dirty-sync-missed-zero-copy': 0, 'precopy-bytes': 2177568044, 'duplicate': 782125, 'dirty-pages-rate': 0, 'normal-bytes': 2166296576, 'normal': 528881}}
QMP cmd [src3] query-migrate args={}
QMP reply [src3] query-migrate: {'expected-downtime': 300, 'status': 'active', 'setup-time': 1, 'total-time': 16270, 'ram': {'total': 8607571968, 'postcopy-requests': 0, 'dirty-sync-count': 1, 'multifd-bytes': 0, 'pages-per-second': 33000, 'downtime-bytes': 0, 'page-size': 4096, 'remaining': 3210649600, 'postcopy-bytes': 0, 'mbps': 1082.14704, 'transferred': 2204623665, 'dirty-sync-missed-zero-copy': 0, 'precopy-bytes': 2204621718, 'duplicate': 782135, 'dirty-pages-rate': 0, 'normal-bytes': 2193297408, 'normal': 535473}}
QMP cmd [src3] query-migrate args={}
QMP reply [src3] query-migrate: {'expected-downtime': 300, 'status': 'active', 'setup-time': 1, 'total-time': 16471, 'ram': {'total': 8607571968, 'postcopy-requests': 0, 'dirty-sync-count': 1, 'multifd-bytes': 0, 'pages-per-second': 32960, 'downtime-bytes': 0, 'page-size': 4096, 'remaining': 3183632384, 'postcopy-bytes': 0, 'mbps': 1082.1441599999998, 'transferred': 2231677305, 'dirty-sync-missed-zero-copy': 0, 'precopy-bytes': 2231675338, 'duplicate': 782139, 'dirty-pages-rate': 0, 'normal-bytes': 2220298240, 'normal': 542065}}
QMP cmd [src3] query-migrate args={}
QMP reply [src3] query-migrate: {'expected-downtime': 300, 'status': 'active', 'setup-time': 1, 'total-time': 16671, 'ram': {'total': 8607571968, 'postcopy-requests': 0, 'dirty-sync-count': 1, 'multifd-bytes': 0, 'pages-per-second': 33040, 'downtime-bytes': 0, 'page-size': 4096, 'remaining': 3156590592, 'postcopy-bytes': 0, 'mbps': 1082.1499199999998, 'transferred': 2258730999, 'dirty-sync-missed-zero-copy': 0, 'precopy-bytes': 2258729012, 'duplicate': 782149, 'dirty-pages-rate': 0, 'normal-bytes': 2247299072, 'normal': 548657}}
QMP cmd [src3] query-migrate args={}
QMP reply [src3] query-migrate: {'expected-downtime': 300, 'status': 'active', 'setup-time': 1, 'total-time': 16872, 'ram': {'total': 8607571968, 'postcopy-requests': 0, 'dirty-sync-count': 1, 'multifd-bytes': 0, 'pages-per-second': 33000, 'downtime-bytes': 0, 'page-size': 4096, 'remaining': 3129565184, 'postcopy-bytes': 0, 'mbps': 1082.14704, 'transferred': 2285784657, 'dirty-sync-missed-zero-copy': 0, 'precopy-bytes': 2285782650, 'duplicate': 782155, 'dirty-pages-rate': 0, 'normal-bytes': 2274299904, 'normal': 555249}}
QMP cmd [src3] query-migrate args={}
QMP reply [src3] query-migrate: {'expected-downtime': 300, 'status': 'active', 'setup-time': 1, 'total-time': 17073, 'ram': {'total': 8607571968, 'postcopy-requests': 0, 'dirty-sync-count': 1, 'multifd-bytes': 0, 'pages-per-second': 33000, 'downtime-bytes': 0, 'page-size': 4096, 'remaining': 3098820608, 'postcopy-bytes': 0, 'mbps': 1082.14704, 'transferred': 2312846487, 'dirty-sync-missed-zero-copy': 0, 'precopy-bytes': 2312844460, 'duplicate': 783069, 'dirty-pages-rate': 0, 'normal-bytes': 2301300736, 'normal': 561841}}
QMP cmd [src3] query-migrate args={}
QMP reply [src3] query-migrate: {'expected-downtime': 300, 'status': 'active', 'setup-time': 1, 'total-time': 17274, 'ram': {'total': 8607571968, 'postcopy-requests': 0, 'dirty-sync-count': 1, 'multifd-bytes': 0, 'pages-per-second': 32980, 'downtime-bytes': 0, 'page-size': 4096, 'remaining': 3071795200, 'postcopy-bytes': 0, 'mbps': 1082.1456, 'transferred': 2339900145, 'dirty-sync-missed-zero-copy': 0, 'precopy-bytes': 2339898098, 'duplicate': 783075, 'dirty-pages-rate': 0, 'normal-bytes': 2328301568, 'normal': 568433}}
QMP cmd [src3] query-migrate args={}
QMP reply [src3] query-migrate: {'expected-downtime': 300, 'status': 'active', 'setup-time': 1, 'total-time': 17474, 'ram': {'total': 8607571968, 'postcopy-requests': 0, 'dirty-sync-count': 1, 'multifd-bytes': 0, 'pages-per-second': 33000, 'downtime-bytes': 0, 'page-size': 4096, 'remaining': 3044769792, 'postcopy-bytes': 0, 'mbps': 1082.14704, 'transferred': 2366953803, 'dirty-sync-missed-zero-copy': 0, 'precopy-bytes': 2366951736, 'duplicate': 783081, 'dirty-pages-rate': 0, 'normal-bytes': 2355302400, 'normal': 575025}}
QMP cmd [src3] query-migrate args={}
QMP reply [src3] query-migrate: {'expected-downtime': 300, 'status': 'active', 'setup-time': 1, 'total-time': 17675, 'ram': {'total': 8607571968, 'postcopy-requests': 0, 'dirty-sync-count': 1, 'multifd-bytes': 0, 'pages-per-second': 33000, 'downtime-bytes': 0, 'page-size': 4096, 'remaining': 3017744384, 'postcopy-bytes': 0, 'mbps': 1082.14704, 'transferred': 2394007461, 'dirty-sync-missed-zero-copy': 0, 'precopy-bytes': 2394005374, 'duplicate': 783087, 'dirty-pages-rate': 0, 'normal-bytes': 2382303232, 'normal': 581617}}
2026-07-15 02:12:54.895671SSH command: ssh -o BatchMode=yes -o StrictHostKeyChecking=no -o UserKnownHostsFile=/dev/null -o ConnectTimeout=1 -o LogLevel=ERROR -p 2224 -i /home/max/.ssh/pgvm_bench user@127.0.0.1 test -f /tmp/bench.done
Return code: 1
Stdout: 
Stderr: 
QMP cmd [src3] query-migrate args={}
QMP reply [src3] query-migrate: {'expected-downtime': 300, 'status': 'active', 'setup-time': 1, 'total-time': 17877, 'ram': {'total': 8607571968, 'postcopy-requests': 0, 'dirty-sync-count': 1, 'multifd-bytes': 0, 'pages-per-second': 32980, 'downtime-bytes': 0, 'page-size': 4096, 'remaining': 2990718976, 'postcopy-bytes': 0, 'mbps': 1082.1456, 'transferred': 2421061119, 'dirty-sync-missed-zero-copy': 0, 'precopy-bytes': 2421059012, 'duplicate': 783093, 'dirty-pages-rate': 0, 'normal-bytes': 2409304064, 'normal': 588209}}
QMP cmd [src3] query-migrate args={}
QMP reply [src3] query-migrate: {'expected-downtime': 300, 'status': 'active', 'setup-time': 1, 'total-time': 18077, 'ram': {'total': 8607571968, 'postcopy-requests': 0, 'dirty-sync-count': 1, 'multifd-bytes': 0, 'pages-per-second': 33020, 'downtime-bytes': 0, 'page-size': 4096, 'remaining': 2963677184, 'postcopy-bytes': 0, 'mbps': 1082.14848, 'transferred': 2448114813, 'dirty-sync-missed-zero-copy': 0, 'precopy-bytes': 2448112686, 'duplicate': 783103, 'dirty-pages-rate': 0, 'normal-bytes': 2436304896, 'normal': 594801}}
QMP cmd [src3] query-migrate args={}
QMP reply [src3] query-migrate: {'expected-downtime': 300, 'status': 'active', 'setup-time': 1, 'total-time': 18278, 'ram': {'total': 8607571968, 'postcopy-requests': 0, 'dirty-sync-count': 1, 'multifd-bytes': 0, 'pages-per-second': 32980, 'downtime-bytes': 0, 'page-size': 4096, 'remaining': 2936651776, 'postcopy-bytes': 0, 'mbps': 1082.1456, 'transferred': 2475168471, 'dirty-sync-missed-zero-copy': 0, 'precopy-bytes': 2475166324, 'duplicate': 783109, 'dirty-pages-rate': 0, 'normal-bytes': 2463305728, 'normal': 601393}}
QMP cmd [src3] query-migrate args={}
QMP reply [src3] query-migrate: {'expected-downtime': 300, 'status': 'active', 'setup-time': 1, 'total-time': 18479, 'ram': {'total': 8607571968, 'postcopy-requests': 0, 'dirty-sync-count': 1, 'multifd-bytes': 0, 'pages-per-second': 33000, 'downtime-bytes': 0, 'page-size': 4096, 'remaining': 2909626368, 'postcopy-bytes': 0, 'mbps': 1082.14704, 'transferred': 2502222129, 'dirty-sync-missed-zero-copy': 0, 'precopy-bytes': 2502219962, 'duplicate': 783115, 'dirty-pages-rate': 0, 'normal-bytes': 2490306560, 'normal': 607985}}
QMP cmd [src3] query-migrate args={}
QMP reply [src3] query-migrate: {'expected-downtime': 300, 'status': 'active', 'setup-time': 1, 'total-time': 18680, 'ram': {'total': 8607571968, 'postcopy-requests': 0, 'dirty-sync-count': 1, 'multifd-bytes': 0, 'pages-per-second': 32960, 'downtime-bytes': 0, 'page-size': 4096, 'remaining': 2882584576, 'postcopy-bytes': 0, 'mbps': 1082.1441599999998, 'transferred': 2529275823, 'dirty-sync-missed-zero-copy': 0, 'precopy-bytes': 2529273636, 'duplicate': 783125, 'dirty-pages-rate': 0, 'normal-bytes': 2517307392, 'normal': 614577}}
QMP cmd [src3] query-migrate args={}
QMP reply [src3] query-migrate: {'expected-downtime': 300, 'status': 'active', 'setup-time': 1, 'total-time': 18880, 'ram': {'total': 8607571968, 'postcopy-requests': 0, 'dirty-sync-count': 1, 'multifd-bytes': 0, 'pages-per-second': 33020, 'downtime-bytes': 0, 'page-size': 4096, 'remaining': 2855542784, 'postcopy-bytes': 0, 'mbps': 1082.14848, 'transferred': 2556329517, 'dirty-sync-missed-zero-copy': 0, 'precopy-bytes': 2556327310, 'duplicate': 783135, 'dirty-pages-rate': 0, 'normal-bytes': 2544308224, 'normal': 621169}}
QMP cmd [src3] query-migrate args={}
QMP reply [src3] query-migrate: {'expected-downtime': 300, 'status': 'active', 'setup-time': 1, 'total-time': 19081, 'ram': {'total': 8607571968, 'postcopy-requests': 0, 'dirty-sync-count': 1, 'multifd-bytes': 0, 'pages-per-second': 33020, 'downtime-bytes': 0, 'page-size': 4096, 'remaining': 2828492800, 'postcopy-bytes': 0, 'mbps': 1082.14848, 'transferred': 2583383229, 'dirty-sync-missed-zero-copy': 0, 'precopy-bytes': 2583381002, 'duplicate': 783147, 'dirty-pages-rate': 0, 'normal-bytes': 2571309056, 'normal': 627761}}
QMP cmd [src3] query-migrate args={}
QMP reply [src3] query-migrate: {'expected-downtime': 300, 'status': 'active', 'setup-time': 1, 'total-time': 19282, 'ram': {'total': 8607571968, 'postcopy-requests': 0, 'dirty-sync-count': 1, 'multifd-bytes': 0, 'pages-per-second': 33020, 'downtime-bytes': 0, 'page-size': 4096, 'remaining': 2801451008, 'postcopy-bytes': 0, 'mbps': 1082.14848, 'transferred': 2610436923, 'dirty-sync-missed-zero-copy': 0, 'precopy-bytes': 2610434676, 'duplicate': 783157, 'dirty-pages-rate': 0, 'normal-bytes': 2598309888, 'normal': 634353}}
QMP cmd [src3] query-migrate args={}
QMP reply [src3] query-migrate: {'expected-downtime': 300, 'status': 'active', 'setup-time': 1, 'total-time': 19483, 'ram': {'total': 8607571968, 'postcopy-requests': 0, 'dirty-sync-count': 1, 'multifd-bytes': 0, 'pages-per-second': 35500, 'downtime-bytes': 0, 'page-size': 4096, 'remaining': 2773385216, 'postcopy-bytes': 0, 'mbps': 1082.3270400000001, 'transferred': 2637492867, 'dirty-sync-missed-zero-copy': 0, 'precopy-bytes': 2637490600, 'duplicate': 783417, 'dirty-pages-rate': 0, 'normal-bytes': 2625310720, 'normal': 640945}}
QMP cmd [src3] query-migrate args={}
QMP reply [src3] query-migrate: {'expected-downtime': 300, 'status': 'active', 'setup-time': 1, 'total-time': 19683, 'ram': {'total': 8607571968, 'postcopy-requests': 0, 'dirty-sync-count': 1, 'multifd-bytes': 0, 'pages-per-second': 33080, 'downtime-bytes': 0, 'page-size': 4096, 'remaining': 2746294272, 'postcopy-bytes': 0, 'mbps': 1082.1528, 'transferred': 2664546669, 'dirty-sync-missed-zero-copy': 0, 'precopy-bytes': 2664544382, 'duplicate': 783439, 'dirty-pages-rate': 0, 'normal-bytes': 2652311552, 'normal': 647537}}
QMP cmd [src3] query-migrate args={}
QMP reply [src3] query-migrate: {'expected-downtime': 300, 'status': 'active', 'setup-time': 1, 'total-time': 19885, 'ram': {'total': 8607571968, 'postcopy-requests': 0, 'dirty-sync-count': 1, 'multifd-bytes': 0, 'pages-per-second': 33180, 'downtime-bytes': 0, 'page-size': 4096, 'remaining': 2718949376, 'postcopy-bytes': 0, 'mbps': 1082.16, 'transferred': 2691601029, 'dirty-sync-missed-zero-copy': 0, 'precopy-bytes': 2691598722, 'duplicate': 783523, 'dirty-pages-rate': 0, 'normal-bytes': 2679312384, 'normal': 654129}}
2026-07-15 02:12:57.068550SSH command: ssh -o BatchMode=yes -o StrictHostKeyChecking=no -o UserKnownHostsFile=/dev/null -o ConnectTimeout=1 -o LogLevel=ERROR -p 2224 -i /home/max/.ssh/pgvm_bench user@127.0.0.1 test -f /tmp/bench.done
Return code: 1
Stdout: 
Stderr: 
QMP cmd [src3] query-migrate args={}
QMP reply [src3] query-migrate: {'expected-downtime': 300, 'status': 'active', 'setup-time': 1, 'total-time': 20086, 'ram': {'total': 8607571968, 'postcopy-requests': 0, 'dirty-sync-count': 1, 'multifd-bytes': 0, 'pages-per-second': 33760, 'downtime-bytes': 0, 'page-size': 4096, 'remaining': 2690449408, 'postcopy-bytes': 0, 'mbps': 1082.20176, 'transferred': 2718657927, 'dirty-sync-missed-zero-copy': 0, 'precopy-bytes': 2718655600, 'duplicate': 783889, 'dirty-pages-rate': 0, 'normal-bytes': 2706313216, 'normal': 660721}}
QMP cmd [src3] query-migrate args={}
QMP reply [src3] query-migrate: {'expected-downtime': 300, 'status': 'active', 'setup-time': 1, 'total-time': 20287, 'ram': {'total': 8607571968, 'postcopy-requests': 0, 'dirty-sync-count': 1, 'multifd-bytes': 0, 'pages-per-second': 35380, 'downtime-bytes': 0, 'page-size': 4096, 'remaining': 2661244928, 'postcopy-bytes': 0, 'mbps': 1082.3183999999999, 'transferred': 2745716373, 'dirty-sync-missed-zero-copy': 0, 'precopy-bytes': 2745714026, 'duplicate': 784427, 'dirty-pages-rate': 0, 'normal-bytes': 2733314048, 'normal': 667313}}
QMP cmd [src3] query-migrate args={}
QMP reply [src3] query-migrate: {'expected-downtime': 300, 'status': 'active', 'setup-time': 1, 'total-time': 20488, 'ram': {'total': 8607571968, 'postcopy-requests': 0, 'dirty-sync-count': 1, 'multifd-bytes': 0, 'pages-per-second': 37520, 'downtime-bytes': 0, 'page-size': 4096, 'remaining': 2631467008, 'postcopy-bytes': 0, 'mbps': 1082.47248, 'transferred': 2772776079, 'dirty-sync-missed-zero-copy': 0, 'precopy-bytes': 2772773712, 'duplicate': 785105, 'dirty-pages-rate': 0, 'normal-bytes': 2760314880, 'normal': 673905}}
QMP cmd [src3] query-migrate args={}
QMP reply [src3] query-migrate: {'expected-downtime': 300, 'status': 'active', 'setup-time': 1, 'total-time': 20689, 'ram': {'total': 8607571968, 'postcopy-requests': 0, 'dirty-sync-count': 1, 'multifd-bytes': 0, 'pages-per-second': 36130, 'downtime-bytes': 0, 'page-size': 4096, 'remaining': 2602180608, 'postcopy-bytes': 0, 'mbps': 1082.3724, 'transferred': 2799834705, 'dirty-sync-missed-zero-copy': 0, 'precopy-bytes': 2799832318, 'duplicate': 785663, 'dirty-pages-rate': 0, 'normal-bytes': 2787315712, 'normal': 680497}}
QMP cmd [src3] query-migrate args={}
QMP reply [src3] query-migrate: {'expected-downtime': 300, 'status': 'active', 'setup-time': 1, 'total-time': 20890, 'ram': {'total': 8607571968, 'postcopy-requests': 0, 'dirty-sync-count': 1, 'multifd-bytes': 0, 'pages-per-second': 35150, 'downtime-bytes': 0, 'page-size': 4096, 'remaining': 2573955072, 'postcopy-bytes': 0, 'mbps': 1082.30184, 'transferred': 2826891000, 'dirty-sync-missed-zero-copy': 0, 'precopy-bytes': 2826888593, 'duplicate': 785962, 'dirty-pages-rate': 0, 'normal-bytes': 2814316544, 'normal': 687089}}
QMP cmd [src3] query-migrate args={}
QMP reply [src3] query-migrate: {'expected-downtime': 300, 'status': 'active', 'setup-time': 1, 'total-time': 21090, 'ram': {'total': 8607571968, 'postcopy-requests': 0, 'dirty-sync-count': 1, 'multifd-bytes': 0, 'pages-per-second': 38080, 'downtime-bytes': 0, 'page-size': 4096, 'remaining': 2544766976, 'postcopy-bytes': 0, 'mbps': 1082.5128, 'transferred': 2853949410, 'dirty-sync-missed-zero-copy': 0, 'precopy-bytes': 2853946983, 'duplicate': 786496, 'dirty-pages-rate': 0, 'normal-bytes': 2841317376, 'normal': 693681}}
QMP cmd [src3] query-migrate args={}
QMP reply [src3] query-migrate: {'expected-downtime': 300, 'status': 'active', 'setup-time': 1, 'total-time': 21291, 'ram': {'total': 8607571968, 'postcopy-requests': 0, 'dirty-sync-count': 1, 'multifd-bytes': 0, 'pages-per-second': 33120, 'downtime-bytes': 0, 'page-size': 4096, 'remaining': 2517479424, 'postcopy-bytes': 0, 'mbps': 1082.1556799999998, 'transferred': 2881003644, 'dirty-sync-missed-zero-copy': 0, 'precopy-bytes': 2881001197, 'duplicate': 786566, 'dirty-pages-rate': 0, 'normal-bytes': 2868318208, 'normal': 700273}}
QMP cmd [src3] query-migrate args={}
QMP reply [src3] query-migrate: {'expected-downtime': 300, 'status': 'active', 'setup-time': 1, 'total-time': 21492, 'ram': {'total': 8607571968, 'postcopy-requests': 0, 'dirty-sync-count': 1, 'multifd-bytes': 0, 'pages-per-second': 33420, 'downtime-bytes': 0, 'page-size': 4096, 'remaining': 2486804480, 'postcopy-bytes': 0, 'mbps': 1082.17728, 'transferred': 2908065321, 'dirty-sync-missed-zero-copy': 0, 'precopy-bytes': 2908062854, 'duplicate': 787463, 'dirty-pages-rate': 0, 'normal-bytes': 2895319040, 'normal': 706865}}
QMP cmd [src3] query-migrate args={}
QMP reply [src3] query-migrate: {'expected-downtime': 300, 'status': 'active', 'setup-time': 1, 'total-time': 21692, 'ram': {'total': 8607571968, 'postcopy-requests': 0, 'dirty-sync-count': 1, 'multifd-bytes': 0, 'pages-per-second': 33840, 'downtime-bytes': 0, 'page-size': 4096, 'remaining': 2459205632, 'postcopy-bytes': 0, 'mbps': 1082.20752, 'transferred': 2935120239, 'dirty-sync-missed-zero-copy': 0, 'precopy-bytes': 2935117752, 'duplicate': 787609, 'dirty-pages-rate': 0, 'normal-bytes': 2922319872, 'normal': 713457}}
QMP cmd [src3] query-migrate args={}
QMP reply [src3] query-migrate: {'expected-downtime': 300, 'status': 'active', 'setup-time': 1, 'total-time': 21893, 'ram': {'total': 8607571968, 'postcopy-requests': 0, 'dirty-sync-count': 1, 'multifd-bytes': 0, 'pages-per-second': 33440, 'downtime-bytes': 0, 'page-size': 4096, 'remaining': 2431705088, 'postcopy-bytes': 0, 'mbps': 1082.1787199999999, 'transferred': 2962174941, 'dirty-sync-missed-zero-copy': 0, 'precopy-bytes': 2962172434, 'duplicate': 787731, 'dirty-pages-rate': 0, 'normal-bytes': 2949320704, 'normal': 720049}}
2026-07-15 02:12:59.245856SSH command: ssh -o BatchMode=yes -o StrictHostKeyChecking=no -o UserKnownHostsFile=/dev/null -o ConnectTimeout=1 -o LogLevel=ERROR -p 2224 -i /home/max/.ssh/pgvm_bench user@127.0.0.1 test -f /tmp/bench.done
Return code: 1
Stdout: 
Stderr: 
QMP cmd [src3] query-migrate args={}
QMP reply [src3] query-migrate: {'expected-downtime': 300, 'status': 'active', 'setup-time': 1, 'total-time': 22094, 'ram': {'total': 8607571968, 'postcopy-requests': 0, 'dirty-sync-count': 1, 'multifd-bytes': 0, 'pages-per-second': 33360, 'downtime-bytes': 0, 'page-size': 4096, 'remaining': 2404253696, 'postcopy-bytes': 0, 'mbps': 1082.1729599999999, 'transferred': 2989229535, 'dirty-sync-missed-zero-copy': 0, 'precopy-bytes': 2989227008, 'duplicate': 787841, 'dirty-pages-rate': 0, 'normal-bytes': 2976321536, 'normal': 726641}}
QMP cmd [src3] query-migrate args={}
QMP reply [src3] query-migrate: {'expected-downtime': 300, 'status': 'active', 'setup-time': 1, 'total-time': 22295, 'ram': {'total': 8607571968, 'postcopy-requests': 0, 'dirty-sync-count': 1, 'multifd-bytes': 0, 'pages-per-second': 33420, 'downtime-bytes': 0, 'page-size': 4096, 'remaining': 2376622080, 'postcopy-bytes': 0, 'mbps': 1082.17728, 'transferred': 3016284525, 'dirty-sync-missed-zero-copy': 0, 'precopy-bytes': 3016281978, 'duplicate': 787995, 'dirty-pages-rate': 0, 'normal-bytes': 3003322368, 'normal': 733233}}
QMP cmd [src3] query-migrate args={}
QMP reply [src3] query-migrate: {'expected-downtime': 300, 'status': 'active', 'setup-time': 1, 'total-time': 22496, 'ram': {'total': 8607571968, 'postcopy-requests': 0, 'dirty-sync-count': 1, 'multifd-bytes': 0, 'pages-per-second': 33340, 'downtime-bytes': 0, 'page-size': 4096, 'remaining': 2349219840, 'postcopy-bytes': 0, 'mbps': 1082.17152, 'transferred': 3043339011, 'dirty-sync-missed-zero-copy': 0, 'precopy-bytes': 3043336444, 'duplicate': 788093, 'dirty-pages-rate': 0, 'normal-bytes': 3030323200, 'normal': 739825}}
QMP cmd [src3] query-migrate args={}
QMP reply [src3] query-migrate: {'expected-downtime': 300, 'status': 'active', 'setup-time': 1, 'total-time': 22697, 'ram': {'total': 8607571968, 'postcopy-requests': 0, 'dirty-sync-count': 1, 'multifd-bytes': 0, 'pages-per-second': 33720, 'downtime-bytes': 0, 'page-size': 4096, 'remaining': 2321907712, 'postcopy-bytes': 0, 'mbps': 1082.19888, 'transferred': 3070393299, 'dirty-sync-missed-zero-copy': 0, 'precopy-bytes': 3070390712, 'duplicate': 788169, 'dirty-pages-rate': 0, 'normal-bytes': 3057324032, 'normal': 746417}}
QMP cmd [src3] query-migrate args={}
QMP reply [src3] query-migrate: {'expected-downtime': 300, 'status': 'active', 'setup-time': 1, 'total-time': 22898, 'ram': {'total': 8607571968, 'postcopy-requests': 0, 'dirty-sync-count': 1, 'multifd-bytes': 0, 'pages-per-second': 33300, 'downtime-bytes': 0, 'page-size': 4096, 'remaining': 2294456320, 'postcopy-bytes': 0, 'mbps': 1082.1686399999999, 'transferred': 3097447893, 'dirty-sync-missed-zero-copy': 0, 'precopy-bytes': 3097445286, 'duplicate': 788279, 'dirty-pages-rate': 0, 'normal-bytes': 3084324864, 'normal': 753009}}
QMP cmd [src3] query-migrate args={}
QMP reply [src3] query-migrate: {'expected-downtime': 300, 'status': 'active', 'setup-time': 1, 'total-time': 23098, 'ram': {'total': 8607571968, 'postcopy-requests': 0, 'dirty-sync-count': 1, 'multifd-bytes': 0, 'pages-per-second': 33300, 'downtime-bytes': 0, 'page-size': 4096, 'remaining': 2266955776, 'postcopy-bytes': 0, 'mbps': 1082.1686399999999, 'transferred': 3124502595, 'dirty-sync-missed-zero-copy': 0, 'precopy-bytes': 3124499968, 'duplicate': 788401, 'dirty-pages-rate': 0, 'normal-bytes': 3111325696, 'normal': 759601}}
QMP cmd [src3] query-migrate args={}
QMP reply [src3] query-migrate: {'expected-downtime': 300, 'status': 'active', 'setup-time': 1, 'total-time': 23299, 'ram': {'total': 8607571968, 'postcopy-requests': 0, 'dirty-sync-count': 1, 'multifd-bytes': 0, 'pages-per-second': 33480, 'downtime-bytes': 0, 'page-size': 4096, 'remaining': 2239447040, 'postcopy-bytes': 0, 'mbps': 1082.1816000000001, 'transferred': 3151557315, 'dirty-sync-missed-zero-copy': 0, 'precopy-bytes': 3151554668, 'duplicate': 788525, 'dirty-pages-rate': 0, 'normal-bytes': 3138326528, 'normal': 766193}}
QMP cmd [src3] query-migrate args={}
QMP reply [src3] query-migrate: {'expected-downtime': 300, 'status': 'active', 'setup-time': 1, 'total-time': 23500, 'ram': {'total': 8607571968, 'postcopy-requests': 0, 'dirty-sync-count': 1, 'multifd-bytes': 0, 'pages-per-second': 34200, 'downtime-bytes': 0, 'page-size': 4096, 'remaining': 2211356672, 'postcopy-bytes': 0, 'mbps': 1082.23344, 'transferred': 3178744075, 'dirty-sync-missed-zero-copy': 0, 'precopy-bytes': 3178868630, 'duplicate': 788727, 'dirty-pages-rate': 0, 'normal-bytes': 3165585408, 'normal': 772848}}
QMP cmd [src3] query-migrate args={}
QMP reply [src3] query-migrate: {'expected-downtime': 300, 'status': 'active', 'setup-time': 1, 'total-time': 23701, 'ram': {'total': 8607571968, 'postcopy-requests': 0, 'dirty-sync-count': 1, 'multifd-bytes': 0, 'pages-per-second': 35800, 'downtime-bytes': 0, 'page-size': 4096, 'remaining': 2177171456, 'postcopy-bytes': 0, 'mbps': 1082.34864, 'transferred': 3206599705, 'dirty-sync-missed-zero-copy': 0, 'precopy-bytes': 3206724240, 'duplicate': 790289, 'dirty-pages-rate': 0, 'normal-bytes': 3193372672, 'normal': 779632}}
QMP cmd [src3] query-migrate args={}
QMP reply [src3] query-migrate: {'expected-downtime': 300, 'status': 'active', 'setup-time': 1, 'total-time': 23902, 'ram': {'total': 8607571968, 'postcopy-requests': 0, 'dirty-sync-count': 1, 'multifd-bytes': 0, 'pages-per-second': 35800, 'downtime-bytes': 0, 'page-size': 4096, 'remaining': 152752128, 'postcopy-bytes': 0, 'mbps': 1082.34864, 'transferred': 3236514733, 'dirty-sync-missed-zero-copy': 0, 'precopy-bytes': 3236639248, 'duplicate': 1278313, 'dirty-pages-rate': 0, 'normal-bytes': 3218845696, 'normal': 785851}}
QMP cmd [src3] query-migrate args={}
QMP reply [src3] query-migrate: {'expected-downtime': 300, 'status': 'active', 'setup-time': 1, 'total-time': 24102, 'ram': {'total': 8607571968, 'postcopy-requests': 0, 'dirty-sync-count': 1, 'multifd-bytes': 0, 'pages-per-second': 32960, 'downtime-bytes': 0, 'page-size': 4096, 'remaining': 122212352, 'postcopy-bytes': 0, 'mbps': 1082.1441599999998, 'transferred': 3267114193, 'dirty-sync-missed-zero-copy': 0, 'precopy-bytes': 3267238688, 'duplicate': 1278313, 'dirty-pages-rate': 0, 'normal-bytes': 3249385472, 'normal': 793307}}
2026-07-15 02:13:01.418376SSH command: ssh -o BatchMode=yes -o StrictHostKeyChecking=no -o UserKnownHostsFile=/dev/null -o ConnectTimeout=1 -o LogLevel=ERROR -p 2224 -i /home/max/.ssh/pgvm_bench user@127.0.0.1 test -f /tmp/bench.done
Return code: 1
Stdout: 
Stderr: 
qemu-system-x86_64: terminating on signal 15 from pid 51735 (/home/max/Bachelor-Thesis/Repo/.venv/bin/python)
QMP cmd [src3] query-migrate args={}
QMP reply [src3] query-migrate: {'expected-downtime': 300, 'status': 'active', 'setup-time': 1, 'total-time': 24303, 'ram': {'total': 8607571968, 'postcopy-requests': 0, 'dirty-sync-count': 1, 'multifd-bytes': 0, 'pages-per-second': 32960, 'downtime-bytes': 0, 'page-size': 4096, 'remaining': 96260096, 'postcopy-bytes': 0, 'mbps': 1082.1441599999998, 'transferred': 3293117173, 'dirty-sync-missed-zero-copy': 0, 'precopy-bytes': 3293241648, 'duplicate': 1278313, 'dirty-pages-rate': 0, 'normal-bytes': 3275337728, 'normal': 799643}}
QMP cmd [src3] query-migrate args={}
QMP reply [src3] query-migrate: {'expected-downtime': 300, 'status': 'active', 'setup-time': 1, 'total-time': 24504, 'ram': {'total': 8607571968, 'postcopy-requests': 0, 'dirty-sync-count': 1, 'multifd-bytes': 0, 'pages-per-second': 32960, 'downtime-bytes': 0, 'page-size': 4096, 'remaining': 71225344, 'postcopy-bytes': 0, 'mbps': 1082.1441599999998, 'transferred': 3318200857, 'dirty-sync-missed-zero-copy': 0, 'precopy-bytes': 3318325312, 'duplicate': 1278313, 'dirty-pages-rate': 0, 'normal-bytes': 3300372480, 'normal': 805755}}
QMP cmd [src3] query-migrate args={}
QMP reply [src3] query-migrate: {'expected-downtime': 300, 'status': 'active', 'setup-time': 1, 'total-time': 24705, 'ram': {'total': 8607571968, 'postcopy-requests': 0, 'dirty-sync-count': 1, 'multifd-bytes': 0, 'pages-per-second': 32960, 'downtime-bytes': 0, 'page-size': 4096, 'remaining': 42520576, 'postcopy-bytes': 0, 'mbps': 1082.1441599999998, 'transferred': 3346961725, 'dirty-sync-missed-zero-copy': 0, 'precopy-bytes': 3347086160, 'duplicate': 1278313, 'dirty-pages-rate': 0, 'normal-bytes': 3329077248, 'normal': 812763}}
QMP cmd [src3] query-migrate args={}
QMP reply [src3] query-migrate: {'expected-downtime': 8717, 'status': 'active', 'setup-time': 1, 'total-time': 24906, 'ram': {'total': 8607571968, 'postcopy-requests': 0, 'dirty-sync-count': 2, 'multifd-bytes': 0, 'pages-per-second': 32960, 'downtime-bytes': 0, 'page-size': 4096, 'remaining': 1142026240, 'postcopy-bytes': 0, 'mbps': 1082.1441599999998, 'transferred': 3374238310, 'dirty-sync-missed-zero-copy': 0, 'precopy-bytes': 3374297053, 'duplicate': 1282552, 'dirty-pages-rate': 11261, 'normal-bytes': 3356196864, 'normal': 819384}}
QMP cmd [src3] query-migrate args={}
QMP reply [src3] query-migrate: {'expected-downtime': 8714, 'status': 'active', 'setup-time': 1, 'total-time': 25107, 'ram': {'total': 8607571968, 'postcopy-requests': 0, 'dirty-sync-count': 2, 'multifd-bytes': 0, 'pages-per-second': 37780, 'downtime-bytes': 0, 'page-size': 4096, 'remaining': 1105518592, 'postcopy-bytes': 0, 'mbps': 1082.4912, 'transferred': 3408520146, 'dirty-sync-missed-zero-copy': 0, 'precopy-bytes': 3408517309, 'duplicate': 1283128, 'dirty-pages-rate': 11261, 'normal-bytes': 3390345216, 'normal': 827721}}
QMP cmd [src3] migrate-start-postcopy args={}
QMP reply [src3] migrate-start-postcopy: {}
QMP cmd [src3] query-migrate args={}
QMP reply [src3] query-migrate: {'status': 'postcopy-device', 'setup-time': 1, 'downtime': 73, 'total-time': 25308, 'ram': {'total': 8607571968, 'postcopy-requests': 0, 'dirty-sync-count': 3, 'multifd-bytes': 0, 'pages-per-second': 32861, 'downtime-bytes': 0, 'page-size': 4096, 'remaining': 1033187328, 'postcopy-bytes': 86286264, 'mbps': 1071.4462574257425, 'transferred': 3495848775, 'dirty-sync-missed-zero-copy': 0, 'precopy-bytes': 3408517309, 'duplicate': 1284001, 'dirty-pages-rate': 11261, 'normal-bytes': 3476455424, 'normal': 848744}}
QMP cmd [src3] query-migrate args={}
QMP reply [src3] query-migrate: {'status': 'postcopy-active', 'setup-time': 1, 'downtime': 73, 'total-time': 25510, 'ram': {'total': 8607571968, 'postcopy-requests': 0, 'dirty-sync-count': 3, 'multifd-bytes': 0, 'pages-per-second': 636882, 'downtime-bytes': 0, 'page-size': 4096, 'remaining': 510091264, 'postcopy-bytes': 608983067, 'mbps': 20837.538352941177, 'transferred': 4018545618, 'dirty-sync-missed-zero-copy': 0, 'precopy-bytes': 3408517309, 'duplicate': 1284348, 'dirty-pages-rate': 11261, 'normal-bytes': 3998130176, 'normal': 976106}}
QMP cmd [src3] query-migrate args={}
QMP reply [src3] query-migrate: {'status': 'postcopy-active', 'setup-time': 1, 'downtime': 73, 'total-time': 25711, 'ram': {'total': 8607571968, 'postcopy-requests': 0, 'dirty-sync-count': 3, 'multifd-bytes': 0, 'pages-per-second': 617029, 'downtime-bytes': 0, 'page-size': 4096, 'remaining': 0, 'postcopy-bytes': 1107089516, 'mbps': 19787.576854368937, 'transferred': 4516779363, 'dirty-sync-missed-zero-copy': 0, 'precopy-bytes': 3408517309, 'duplicate': 1287519, 'dirty-pages-rate': 11261, 'normal-bytes': 4495237120, 'normal': 1097470}}
QMP cmd [src3] query-migrate args={}
QMP reply [src3] query-migrate: {'status': 'completed', 'setup-time': 1, 'downtime': 73, 'total-time': 25722, 'ram': {'total': 8607571968, 'postcopy-requests': 0, 'dirty-sync-count': 3, 'multifd-bytes': 0, 'pages-per-second': 617029, 'downtime-bytes': 0, 'page-size': 4096, 'remaining': 0, 'postcopy-bytes': 1107089516, 'mbps': 1404.853423428327, 'transferred': 4516779363, 'dirty-sync-missed-zero-copy': 0, 'precopy-bytes': 3408517309, 'duplicate': 1287519, 'dirty-pages-rate': 0, 'normal-bytes': 4495237120, 'normal': 1097470}}
