2026-07-15 02:22:39.413183SSH command: ssh -o BatchMode=yes -o StrictHostKeyChecking=no -o UserKnownHostsFile=/dev/null -o ConnectTimeout=1 -o LogLevel=ERROR -p 2227 -i /home/max/.ssh/pgvm_bench user@127.0.0.1 systemd-analyze
Return code: 0
Stdout: Startup finished in 797ms (kernel) + 2.251s (userspace) = 3.049s 
graphical.target reached after 2.251s in userspace.

Stderr: 
2026-07-15 02:22:39.559110SSH command: ssh -o BatchMode=yes -o StrictHostKeyChecking=no -o UserKnownHostsFile=/dev/null -o ConnectTimeout=1 -o LogLevel=ERROR -p 2227 -i /home/max/.ssh/pgvm_bench user@127.0.0.1 rm -f /tmp/bench.done /tmp/pg-buffer-hit-ratio.csv /tmp/pg-buffer-sampler.log; nohup bash /home/user/pg_sampler.sh /tmp/bench.done /tmp/pg-buffer-hit-ratio.csv ycsb >/tmp/pg-buffer-sampler.log 2>&1 &
Return code: 0
Stdout: 
Stderr: 
QMP cmd [src6] migrate-set-capabilities args={'capabilities': [{'capability': 'auto-converge', 'state': False}, {'capability': 'events', 'state': True}, {'capability': 'postcopy-blocktime', 'state': True}, {'capability': 'postcopy-ram', 'state': True}]}
QMP cmd [src6] query-migrate args={}
QMP reply [src6] migrate-set-capabilities: {}
QMP cmd [src6] migrate args={'uri': 'unix:/tmp/mig.sock'}
QMP reply [src6] query-migrate: {}
QMP reply [src6] migrate: {}
2026-07-15 02:24:19.983045SSH command: ssh -o BatchMode=yes -o StrictHostKeyChecking=no -o UserKnownHostsFile=/dev/null -o ConnectTimeout=1 -o LogLevel=ERROR -p 2227 -i /home/max/.ssh/pgvm_bench user@127.0.0.1 test -f /tmp/bench.done
Return code: 1
Stdout: 
Stderr: 
QMP cmd [src6] query-migrate args={}
QMP reply [src6] query-migrate: {'expected-downtime': 300, 'status': 'active', 'setup-time': 1, 'total-time': 201, 'ram': {'total': 8607571968, 'postcopy-requests': 0, 'dirty-sync-count': 1, 'multifd-bytes': 0, 'pages-per-second': 35530, 'downtime-bytes': 0, 'page-size': 4096, 'remaining': 8577085440, 'postcopy-bytes': 0, 'mbps': 1082.3292, 'transferred': 27585469, 'dirty-sync-missed-zero-copy': 0, 'precopy-bytes': 27712354, 'duplicate': 691, 'dirty-pages-rate': 0, 'normal-bytes': 27652096, 'normal': 6751}}
QMP cmd [src6] query-migrate args={}
QMP reply [src6] query-migrate: {'expected-downtime': 300, 'status': 'active', 'setup-time': 1, 'total-time': 401, 'ram': {'total': 8607571968, 'postcopy-requests': 0, 'dirty-sync-count': 1, 'multifd-bytes': 0, 'pages-per-second': 2045870, 'downtime-bytes': 0, 'page-size': 4096, 'remaining': 7678980096, 'postcopy-bytes': 0, 'mbps': 1073.75688, 'transferred': 62127055, 'dirty-sync-missed-zero-copy': 0, 'precopy-bytes': 62257359, 'duplicate': 212000, 'dirty-pages-rate': 0, 'normal-bytes': 60231680, 'normal': 14705}}
QMP cmd [src6] query-migrate args={}
QMP reply [src6] query-migrate: {'expected-downtime': 300, 'status': 'active', 'setup-time': 1, 'total-time': 602, 'ram': {'total': 8607571968, 'postcopy-requests': 0, 'dirty-sync-count': 1, 'multifd-bytes': 0, 'pages-per-second': 32960, 'downtime-bytes': 0, 'page-size': 4096, 'remaining': 5769592832, 'postcopy-bytes': 0, 'mbps': 1082.1441599999998, 'transferred': 94102345, 'dirty-sync-missed-zero-copy': 0, 'precopy-bytes': 94241494, 'duplicate': 671375, 'dirty-pages-rate': 0, 'normal-bytes': 88018944, 'normal': 21489}}
QMP cmd [src6] query-migrate args={}
QMP reply [src6] query-migrate: {'expected-downtime': 300, 'status': 'active', 'setup-time': 1, 'total-time': 803, 'ram': {'total': 8607571968, 'postcopy-requests': 0, 'dirty-sync-count': 1, 'multifd-bytes': 0, 'pages-per-second': 33120, 'downtime-bytes': 0, 'page-size': 4096, 'remaining': 5740548096, 'postcopy-bytes': 0, 'mbps': 1082.1556799999998, 'transferred': 121553874, 'dirty-sync-missed-zero-copy': 0, 'precopy-bytes': 121553467, 'duplicate': 671812, 'dirty-pages-rate': 0, 'normal-bytes': 115281920, 'normal': 28145}}
QMP cmd [src6] query-migrate args={}
QMP reply [src6] query-migrate: {'expected-downtime': 300, 'status': 'active', 'setup-time': 1, 'total-time': 1004, 'ram': {'total': 8607571968, 'postcopy-requests': 0, 'dirty-sync-count': 1, 'multifd-bytes': 0, 'pages-per-second': 885490, 'downtime-bytes': 0, 'page-size': 4096, 'remaining': 5354393600, 'postcopy-bytes': 0, 'mbps': 1077.6787199999999, 'transferred': 148573539, 'dirty-sync-missed-zero-copy': 0, 'precopy-bytes': 148573112, 'duplicate': 759697, 'dirty-pages-rate': 0, 'normal-bytes': 141459456, 'normal': 34536}}
QMP cmd [src6] query-migrate args={}
QMP reply [src6] query-migrate: {'expected-downtime': 300, 'status': 'active', 'setup-time': 1, 'total-time': 1205, 'ram': {'total': 8607571968, 'postcopy-requests': 0, 'dirty-sync-count': 1, 'multifd-bytes': 0, 'pages-per-second': 60200, 'downtime-bytes': 0, 'page-size': 4096, 'remaining': 5314859008, 'postcopy-bytes': 0, 'mbps': 1084.10544, 'transferred': 175654683, 'dirty-sync-missed-zero-copy': 0, 'precopy-bytes': 175654236, 'duplicate': 762757, 'dirty-pages-rate': 0, 'normal-bytes': 168460288, 'normal': 41128}}
QMP cmd [src6] query-migrate args={}
QMP reply [src6] query-migrate: {'expected-downtime': 300, 'status': 'active', 'setup-time': 1, 'total-time': 1405, 'ram': {'total': 8607571968, 'postcopy-requests': 0, 'dirty-sync-count': 1, 'multifd-bytes': 0, 'pages-per-second': 48770, 'downtime-bytes': 0, 'page-size': 4096, 'remaining': 5281038336, 'postcopy-bytes': 0, 'mbps': 1083.28248, 'transferred': 202723272, 'dirty-sync-missed-zero-copy': 0, 'precopy-bytes': 202722805, 'duplicate': 764422, 'dirty-pages-rate': 0, 'normal-bytes': 195461120, 'normal': 47720}}
QMP cmd [src6] query-migrate args={}
QMP reply [src6] query-migrate: {'expected-downtime': 300, 'status': 'active', 'setup-time': 1, 'total-time': 1606, 'ram': {'total': 8607571968, 'postcopy-requests': 0, 'dirty-sync-count': 1, 'multifd-bytes': 0, 'pages-per-second': 34340, 'downtime-bytes': 0, 'page-size': 4096, 'remaining': 5246517248, 'postcopy-bytes': 0, 'mbps': 1082.24352, 'transferred': 229793400, 'dirty-sync-missed-zero-copy': 0, 'precopy-bytes': 229792913, 'duplicate': 766258, 'dirty-pages-rate': 0, 'normal-bytes': 222461952, 'normal': 54312}}
QMP cmd [src6] query-migrate args={}
QMP reply [src6] query-migrate: {'expected-downtime': 300, 'status': 'active', 'setup-time': 1, 'total-time': 1807, 'ram': {'total': 8607571968, 'postcopy-requests': 0, 'dirty-sync-count': 1, 'multifd-bytes': 0, 'pages-per-second': 33010, 'downtime-bytes': 0, 'page-size': 4096, 'remaining': 5219467264, 'postcopy-bytes': 0, 'mbps': 1082.14776, 'transferred': 256847112, 'dirty-sync-missed-zero-copy': 0, 'precopy-bytes': 256846605, 'duplicate': 766270, 'dirty-pages-rate': 0, 'normal-bytes': 249462784, 'normal': 60904}}
QMP cmd [src6] query-migrate args={}
QMP reply [src6] query-migrate: {'expected-downtime': 300, 'status': 'active', 'setup-time': 1, 'total-time': 2008, 'ram': {'total': 8607571968, 'postcopy-requests': 0, 'dirty-sync-count': 1, 'multifd-bytes': 0, 'pages-per-second': 43430, 'downtime-bytes': 0, 'page-size': 4096, 'remaining': 5180620800, 'postcopy-bytes': 0, 'mbps': 1082.898, 'transferred': 283926744, 'dirty-sync-missed-zero-copy': 0, 'precopy-bytes': 283926217, 'duplicate': 769162, 'dirty-pages-rate': 0, 'normal-bytes': 276463616, 'normal': 67496}}
QMP cmd [src6] query-migrate args={}
QMP reply [src6] query-migrate: {'expected-downtime': 300, 'status': 'active', 'setup-time': 1, 'total-time': 2209, 'ram': {'total': 8607571968, 'postcopy-requests': 0, 'dirty-sync-count': 1, 'multifd-bytes': 0, 'pages-per-second': 33500, 'downtime-bytes': 0, 'page-size': 4096, 'remaining': 5130227712, 'postcopy-bytes': 0, 'mbps': 1082.1830400000001, 'transferred': 310937562, 'dirty-sync-missed-zero-copy': 0, 'precopy-bytes': 310937015, 'duplicate': 774896, 'dirty-pages-rate': 0, 'normal-bytes': 303370240, 'normal': 74065}}
2026-07-15 02:24:22.146034SSH command: ssh -o BatchMode=yes -o StrictHostKeyChecking=no -o UserKnownHostsFile=/dev/null -o ConnectTimeout=1 -o LogLevel=ERROR -p 2227 -i /home/max/.ssh/pgvm_bench user@127.0.0.1 test -f /tmp/bench.done
Return code: 1
Stdout: 
Stderr: 
QMP cmd [src6] query-migrate args={}
QMP reply [src6] query-migrate: {'expected-downtime': 300, 'status': 'active', 'setup-time': 1, 'total-time': 2410, 'ram': {'total': 8607571968, 'postcopy-requests': 0, 'dirty-sync-count': 1, 'multifd-bytes': 0, 'pages-per-second': 48800, 'downtime-bytes': 0, 'page-size': 4096, 'remaining': 5096710144, 'postcopy-bytes': 0, 'mbps': 1083.2846399999999, 'transferred': 338005485, 'dirty-sync-missed-zero-copy': 0, 'precopy-bytes': 338004918, 'duplicate': 776487, 'dirty-pages-rate': 0, 'normal-bytes': 330371072, 'normal': 80657}}
QMP cmd [src6] query-migrate args={}
QMP reply [src6] query-migrate: {'expected-downtime': 300, 'status': 'active', 'setup-time': 1, 'total-time': 2610, 'ram': {'total': 8607571968, 'postcopy-requests': 0, 'dirty-sync-count': 1, 'multifd-bytes': 0, 'pages-per-second': 33020, 'downtime-bytes': 0, 'page-size': 4096, 'remaining': 5069631488, 'postcopy-bytes': 0, 'mbps': 1082.14848, 'transferred': 365059260, 'dirty-sync-missed-zero-copy': 0, 'precopy-bytes': 365058673, 'duplicate': 776506, 'dirty-pages-rate': 0, 'normal-bytes': 357371904, 'normal': 87249}}
QMP cmd [src6] query-migrate args={}
QMP reply [src6] query-migrate: {'expected-downtime': 300, 'status': 'active', 'setup-time': 1, 'total-time': 2811, 'ram': {'total': 8607571968, 'postcopy-requests': 0, 'dirty-sync-count': 1, 'multifd-bytes': 0, 'pages-per-second': 33070, 'downtime-bytes': 0, 'page-size': 4096, 'remaining': 5041934336, 'postcopy-bytes': 0, 'mbps': 1082.15208, 'transferred': 392114394, 'dirty-sync-missed-zero-copy': 0, 'precopy-bytes': 392113787, 'duplicate': 776676, 'dirty-pages-rate': 0, 'normal-bytes': 384372736, 'normal': 93841}}
QMP cmd [src6] query-migrate args={}
QMP reply [src6] query-migrate: {'expected-downtime': 300, 'status': 'active', 'setup-time': 1, 'total-time': 3012, 'ram': {'total': 8607571968, 'postcopy-requests': 0, 'dirty-sync-count': 1, 'multifd-bytes': 0, 'pages-per-second': 45820, 'downtime-bytes': 0, 'page-size': 4096, 'remaining': 5002362880, 'postcopy-bytes': 0, 'mbps': 1083.07008, 'transferred': 419195619, 'dirty-sync-missed-zero-copy': 0, 'precopy-bytes': 419194992, 'duplicate': 779745, 'dirty-pages-rate': 0, 'normal-bytes': 411373568, 'normal': 100433}}
QMP cmd [src6] query-migrate args={}
QMP reply [src6] query-migrate: {'expected-downtime': 300, 'status': 'active', 'setup-time': 1, 'total-time': 3213, 'ram': {'total': 8607571968, 'postcopy-requests': 0, 'dirty-sync-count': 1, 'multifd-bytes': 0, 'pages-per-second': 33450, 'downtime-bytes': 0, 'page-size': 4096, 'remaining': 4975026176, 'postcopy-bytes': 0, 'mbps': 1082.1794399999999, 'transferred': 446249961, 'dirty-sync-missed-zero-copy': 0, 'precopy-bytes': 446249314, 'duplicate': 779827, 'dirty-pages-rate': 0, 'normal-bytes': 438374400, 'normal': 107025}}
QMP cmd [src6] query-migrate args={}
QMP reply [src6] query-migrate: {'expected-downtime': 300, 'status': 'active', 'setup-time': 1, 'total-time': 3414, 'ram': {'total': 8607571968, 'postcopy-requests': 0, 'dirty-sync-count': 1, 'multifd-bytes': 0, 'pages-per-second': 32960, 'downtime-bytes': 0, 'page-size': 4096, 'remaining': 4947996672, 'postcopy-bytes': 0, 'mbps': 1082.1441599999998, 'transferred': 473303628, 'dirty-sync-missed-zero-copy': 0, 'precopy-bytes': 473302961, 'duplicate': 779834, 'dirty-pages-rate': 0, 'normal-bytes': 465375232, 'normal': 113617}}
QMP cmd [src6] query-migrate args={}
QMP reply [src6] query-migrate: {'expected-downtime': 300, 'status': 'active', 'setup-time': 1, 'total-time': 3614, 'ram': {'total': 8607571968, 'postcopy-requests': 0, 'dirty-sync-count': 1, 'multifd-bytes': 0, 'pages-per-second': 33050, 'downtime-bytes': 0, 'page-size': 4096, 'remaining': 4920922112, 'postcopy-bytes': 0, 'mbps': 1082.1506399999998, 'transferred': 500357394, 'dirty-sync-missed-zero-copy': 0, 'precopy-bytes': 500356707, 'duplicate': 779852, 'dirty-pages-rate': 0, 'normal-bytes': 492376064, 'normal': 120209}}
QMP cmd [src6] query-migrate args={}
QMP reply [src6] query-migrate: {'expected-downtime': 300, 'status': 'active', 'setup-time': 1, 'total-time': 3815, 'ram': {'total': 8607571968, 'postcopy-requests': 0, 'dirty-sync-count': 1, 'multifd-bytes': 0, 'pages-per-second': 33980, 'downtime-bytes': 0, 'page-size': 4096, 'remaining': 4893319168, 'postcopy-bytes': 0, 'mbps': 1082.2176000000002, 'transferred': 527412321, 'dirty-sync-missed-zero-copy': 0, 'precopy-bytes': 527411614, 'duplicate': 779999, 'dirty-pages-rate': 0, 'normal-bytes': 519376896, 'normal': 126801}}
QMP cmd [src6] query-migrate args={}
QMP reply [src6] query-migrate: {'expected-downtime': 300, 'status': 'active', 'setup-time': 1, 'total-time': 4016, 'ram': {'total': 8607571968, 'postcopy-requests': 0, 'dirty-sync-count': 1, 'multifd-bytes': 0, 'pages-per-second': 34780, 'downtime-bytes': 0, 'page-size': 4096, 'remaining': 4865159168, 'postcopy-bytes': 0, 'mbps': 1082.2752, 'transferred': 554468472, 'dirty-sync-missed-zero-copy': 0, 'precopy-bytes': 554467745, 'duplicate': 780282, 'dirty-pages-rate': 0, 'normal-bytes': 546377728, 'normal': 133393}}
QMP cmd [src6] query-migrate args={}
QMP reply [src6] query-migrate: {'expected-downtime': 300, 'status': 'active', 'setup-time': 1, 'total-time': 4216, 'ram': {'total': 8607571968, 'postcopy-requests': 0, 'dirty-sync-count': 1, 'multifd-bytes': 0, 'pages-per-second': 33900, 'downtime-bytes': 0, 'page-size': 4096, 'remaining': 4837584896, 'postcopy-bytes': 0, 'mbps': 1082.2118400000002, 'transferred': 581523336, 'dirty-sync-missed-zero-copy': 0, 'precopy-bytes': 581522589, 'duplicate': 780422, 'dirty-pages-rate': 0, 'normal-bytes': 573378560, 'normal': 139985}}
QMP cmd [src6] query-migrate args={}
QMP reply [src6] query-migrate: {'expected-downtime': 300, 'status': 'active', 'setup-time': 1, 'total-time': 4418, 'ram': {'total': 8607571968, 'postcopy-requests': 0, 'dirty-sync-count': 1, 'multifd-bytes': 0, 'pages-per-second': 33070, 'downtime-bytes': 0, 'page-size': 4096, 'remaining': 4810498048, 'postcopy-bytes': 0, 'mbps': 1082.15208, 'transferred': 608577129, 'dirty-sync-missed-zero-copy': 0, 'precopy-bytes': 608576362, 'duplicate': 780443, 'dirty-pages-rate': 0, 'normal-bytes': 600379392, 'normal': 146577}}
2026-07-15 02:24:24.309488SSH command: ssh -o BatchMode=yes -o StrictHostKeyChecking=no -o UserKnownHostsFile=/dev/null -o ConnectTimeout=1 -o LogLevel=ERROR -p 2227 -i /home/max/.ssh/pgvm_bench user@127.0.0.1 test -f /tmp/bench.done
Return code: 1
Stdout: 
Stderr: 
QMP cmd [src6] query-migrate args={}
QMP reply [src6] query-migrate: {'expected-downtime': 300, 'status': 'active', 'setup-time': 1, 'total-time': 4619, 'ram': {'total': 8607571968, 'postcopy-requests': 0, 'dirty-sync-count': 1, 'multifd-bytes': 0, 'pages-per-second': 32990, 'downtime-bytes': 0, 'page-size': 4096, 'remaining': 4783456256, 'postcopy-bytes': 0, 'mbps': 1082.14632, 'transferred': 635630823, 'dirty-sync-missed-zero-copy': 0, 'precopy-bytes': 635630036, 'duplicate': 780453, 'dirty-pages-rate': 0, 'normal-bytes': 627380224, 'normal': 153169}}
QMP cmd [src6] query-migrate args={}
QMP reply [src6] query-migrate: {'expected-downtime': 300, 'status': 'active', 'setup-time': 1, 'total-time': 4820, 'ram': {'total': 8607571968, 'postcopy-requests': 0, 'dirty-sync-count': 1, 'multifd-bytes': 0, 'pages-per-second': 33030, 'downtime-bytes': 0, 'page-size': 4096, 'remaining': 4756414464, 'postcopy-bytes': 0, 'mbps': 1082.1492, 'transferred': 662684517, 'dirty-sync-missed-zero-copy': 0, 'precopy-bytes': 662683710, 'duplicate': 780463, 'dirty-pages-rate': 0, 'normal-bytes': 654381056, 'normal': 159761}}
QMP cmd [src6] query-migrate args={}
QMP reply [src6] query-migrate: {'expected-downtime': 300, 'status': 'active', 'setup-time': 1, 'total-time': 5021, 'ram': {'total': 8607571968, 'postcopy-requests': 0, 'dirty-sync-count': 1, 'multifd-bytes': 0, 'pages-per-second': 33400, 'downtime-bytes': 0, 'page-size': 4096, 'remaining': 4729192448, 'postcopy-bytes': 0, 'mbps': 1082.17584, 'transferred': 689738607, 'dirty-sync-missed-zero-copy': 0, 'precopy-bytes': 689737780, 'duplicate': 780517, 'dirty-pages-rate': 0, 'normal-bytes': 681381888, 'normal': 166353}}
QMP cmd [src6] query-migrate args={}
QMP reply [src6] query-migrate: {'expected-downtime': 300, 'status': 'active', 'setup-time': 1, 'total-time': 5221, 'ram': {'total': 8607571968, 'postcopy-requests': 0, 'dirty-sync-count': 1, 'multifd-bytes': 0, 'pages-per-second': 32960, 'downtime-bytes': 0, 'page-size': 4096, 'remaining': 4701818880, 'postcopy-bytes': 0, 'mbps': 1082.1441599999998, 'transferred': 716793030, 'dirty-sync-missed-zero-copy': 0, 'precopy-bytes': 716792183, 'duplicate': 780608, 'dirty-pages-rate': 0, 'normal-bytes': 708382720, 'normal': 172945}}
QMP cmd [src6] query-migrate args={}
QMP reply [src6] query-migrate: {'expected-downtime': 300, 'status': 'active', 'setup-time': 1, 'total-time': 5422, 'ram': {'total': 8607571968, 'postcopy-requests': 0, 'dirty-sync-count': 1, 'multifd-bytes': 0, 'pages-per-second': 32960, 'downtime-bytes': 0, 'page-size': 4096, 'remaining': 4674813952, 'postcopy-bytes': 0, 'mbps': 1082.1441599999998, 'transferred': 743846643, 'dirty-sync-missed-zero-copy': 0, 'precopy-bytes': 743845776, 'duplicate': 780609, 'dirty-pages-rate': 0, 'normal-bytes': 735383552, 'normal': 179537}}
QMP cmd [src6] query-migrate args={}
QMP reply [src6] query-migrate: {'expected-downtime': 300, 'status': 'active', 'setup-time': 1, 'total-time': 5623, 'ram': {'total': 8607571968, 'postcopy-requests': 0, 'dirty-sync-count': 1, 'multifd-bytes': 0, 'pages-per-second': 33000, 'downtime-bytes': 0, 'page-size': 4096, 'remaining': 4647788544, 'postcopy-bytes': 0, 'mbps': 1082.14704, 'transferred': 770900301, 'dirty-sync-missed-zero-copy': 0, 'precopy-bytes': 770899414, 'duplicate': 780615, 'dirty-pages-rate': 0, 'normal-bytes': 762384384, 'normal': 186129}}
QMP cmd [src6] query-migrate args={}
QMP reply [src6] query-migrate: {'expected-downtime': 300, 'status': 'active', 'setup-time': 1, 'total-time': 5824, 'ram': {'total': 8607571968, 'postcopy-requests': 0, 'dirty-sync-count': 1, 'multifd-bytes': 0, 'pages-per-second': 32980, 'downtime-bytes': 0, 'page-size': 4096, 'remaining': 4620570624, 'postcopy-bytes': 0, 'mbps': 1082.1456, 'transferred': 797954382, 'dirty-sync-missed-zero-copy': 0, 'precopy-bytes': 797953475, 'duplicate': 780668, 'dirty-pages-rate': 0, 'normal-bytes': 789385216, 'normal': 192721}}
QMP cmd [src6] query-migrate args={}
QMP reply [src6] query-migrate: {'expected-downtime': 300, 'status': 'active', 'setup-time': 1, 'total-time': 6025, 'ram': {'total': 8607571968, 'postcopy-requests': 0, 'dirty-sync-count': 1, 'multifd-bytes': 0, 'pages-per-second': 38150, 'downtime-bytes': 0, 'page-size': 4096, 'remaining': 4591419392, 'postcopy-bytes': 0, 'mbps': 1082.51784, 'transferred': 825012711, 'dirty-sync-missed-zero-copy': 0, 'precopy-bytes': 825011784, 'duplicate': 781193, 'dirty-pages-rate': 0, 'normal-bytes': 816386048, 'normal': 199313}}
QMP cmd [src6] query-migrate args={}
QMP reply [src6] query-migrate: {'expected-downtime': 300, 'status': 'active', 'setup-time': 1, 'total-time': 6226, 'ram': {'total': 8607571968, 'postcopy-requests': 0, 'dirty-sync-count': 1, 'multifd-bytes': 0, 'pages-per-second': 33250, 'downtime-bytes': 0, 'page-size': 4096, 'remaining': 4564295680, 'postcopy-bytes': 0, 'mbps': 1082.16504, 'transferred': 852066585, 'dirty-sync-missed-zero-copy': 0, 'precopy-bytes': 852065638, 'duplicate': 781223, 'dirty-pages-rate': 0, 'normal-bytes': 843386880, 'normal': 205905}}
QMP cmd [src6] query-migrate args={}
QMP reply [src6] query-migrate: {'expected-downtime': 300, 'status': 'active', 'setup-time': 1, 'total-time': 6426, 'ram': {'total': 8607571968, 'postcopy-requests': 0, 'dirty-sync-count': 1, 'multifd-bytes': 0, 'pages-per-second': 38140, 'downtime-bytes': 0, 'page-size': 4096, 'remaining': 4535173120, 'postcopy-bytes': 0, 'mbps': 1082.5171200000002, 'transferred': 879124851, 'dirty-sync-missed-zero-copy': 0, 'precopy-bytes': 879123884, 'duplicate': 781741, 'dirty-pages-rate': 0, 'normal-bytes': 870387712, 'normal': 212497}}
QMP cmd [src6] query-migrate args={}
QMP reply [src6] query-migrate: {'expected-downtime': 300, 'status': 'active', 'setup-time': 1, 'total-time': 6627, 'ram': {'total': 8607571968, 'postcopy-requests': 0, 'dirty-sync-count': 1, 'multifd-bytes': 0, 'pages-per-second': 38280, 'downtime-bytes': 0, 'page-size': 4096, 'remaining': 4505972736, 'postcopy-bytes': 0, 'mbps': 1082.5272, 'transferred': 906183288, 'dirty-sync-missed-zero-copy': 0, 'precopy-bytes': 906182301, 'duplicate': 782278, 'dirty-pages-rate': 0, 'normal-bytes': 897388544, 'normal': 219089}}
2026-07-15 02:24:26.473732SSH command: ssh -o BatchMode=yes -o StrictHostKeyChecking=no -o UserKnownHostsFile=/dev/null -o ConnectTimeout=1 -o LogLevel=ERROR -p 2227 -i /home/max/.ssh/pgvm_bench user@127.0.0.1 test -f /tmp/bench.done
Return code: 1
Stdout: 
Stderr: 
QMP cmd [src6] query-migrate args={}
QMP reply [src6] query-migrate: {'expected-downtime': 300, 'status': 'active', 'setup-time': 1, 'total-time': 6829, 'ram': {'total': 8607571968, 'postcopy-requests': 0, 'dirty-sync-count': 1, 'multifd-bytes': 0, 'pages-per-second': 32980, 'downtime-bytes': 0, 'page-size': 4096, 'remaining': 4478955520, 'postcopy-bytes': 0, 'mbps': 1082.1456, 'transferred': 933236928, 'dirty-sync-missed-zero-copy': 0, 'precopy-bytes': 933235921, 'duplicate': 782282, 'dirty-pages-rate': 0, 'normal-bytes': 924389376, 'normal': 225681}}
QMP cmd [src6] query-migrate args={}
QMP reply [src6] query-migrate: {'expected-downtime': 300, 'status': 'active', 'setup-time': 1, 'total-time': 7029, 'ram': {'total': 8607571968, 'postcopy-requests': 0, 'dirty-sync-count': 1, 'multifd-bytes': 0, 'pages-per-second': 32960, 'downtime-bytes': 0, 'page-size': 4096, 'remaining': 4451946496, 'postcopy-bytes': 0, 'mbps': 1082.1441599999998, 'transferred': 960290550, 'dirty-sync-missed-zero-copy': 0, 'precopy-bytes': 960289523, 'duplicate': 782284, 'dirty-pages-rate': 0, 'normal-bytes': 951390208, 'normal': 232273}}
QMP cmd [src6] query-migrate args={}
QMP reply [src6] query-migrate: {'expected-downtime': 300, 'status': 'active', 'setup-time': 1, 'total-time': 7230, 'ram': {'total': 8607571968, 'postcopy-requests': 0, 'dirty-sync-count': 1, 'multifd-bytes': 0, 'pages-per-second': 33000, 'downtime-bytes': 0, 'page-size': 4096, 'remaining': 4424929280, 'postcopy-bytes': 0, 'mbps': 1082.14704, 'transferred': 987344190, 'dirty-sync-missed-zero-copy': 0, 'precopy-bytes': 987343143, 'duplicate': 782288, 'dirty-pages-rate': 0, 'normal-bytes': 978391040, 'normal': 238865}}
QMP cmd [src6] query-migrate args={}
QMP reply [src6] query-migrate: {'expected-downtime': 300, 'status': 'active', 'setup-time': 1, 'total-time': 7431, 'ram': {'total': 8607571968, 'postcopy-requests': 0, 'dirty-sync-count': 1, 'multifd-bytes': 0, 'pages-per-second': 32960, 'downtime-bytes': 0, 'page-size': 4096, 'remaining': 4397920256, 'postcopy-bytes': 0, 'mbps': 1082.1441599999998, 'transferred': 1014397812, 'dirty-sync-missed-zero-copy': 0, 'precopy-bytes': 1014396745, 'duplicate': 782290, 'dirty-pages-rate': 0, 'normal-bytes': 1005391872, 'normal': 245457}}
QMP cmd [src6] query-migrate args={}
QMP reply [src6] query-migrate: {'expected-downtime': 300, 'status': 'active', 'setup-time': 1, 'total-time': 7632, 'ram': {'total': 8607571968, 'postcopy-requests': 0, 'dirty-sync-count': 1, 'multifd-bytes': 0, 'pages-per-second': 32960, 'downtime-bytes': 0, 'page-size': 4096, 'remaining': 4370919424, 'postcopy-bytes': 0, 'mbps': 1082.1441599999998, 'transferred': 1041451416, 'dirty-sync-missed-zero-copy': 0, 'precopy-bytes': 1041450329, 'duplicate': 782290, 'dirty-pages-rate': 0, 'normal-bytes': 1032392704, 'normal': 252049}}
QMP cmd [src6] query-migrate args={}
QMP reply [src6] query-migrate: {'expected-downtime': 300, 'status': 'active', 'setup-time': 1, 'total-time': 7832, 'ram': {'total': 8607571968, 'postcopy-requests': 0, 'dirty-sync-count': 1, 'multifd-bytes': 0, 'pages-per-second': 33000, 'downtime-bytes': 0, 'page-size': 4096, 'remaining': 4343902208, 'postcopy-bytes': 0, 'mbps': 1082.14704, 'transferred': 1068505056, 'dirty-sync-missed-zero-copy': 0, 'precopy-bytes': 1068503949, 'duplicate': 782294, 'dirty-pages-rate': 0, 'normal-bytes': 1059393536, 'normal': 258641}}
QMP cmd [src6] query-migrate args={}
QMP reply [src6] query-migrate: {'expected-downtime': 300, 'status': 'active', 'setup-time': 1, 'total-time': 8033, 'ram': {'total': 8607571968, 'postcopy-requests': 0, 'dirty-sync-count': 1, 'multifd-bytes': 0, 'pages-per-second': 32960, 'downtime-bytes': 0, 'page-size': 4096, 'remaining': 4316876800, 'postcopy-bytes': 0, 'mbps': 1082.1441599999998, 'transferred': 1095558714, 'dirty-sync-missed-zero-copy': 0, 'precopy-bytes': 1095557587, 'duplicate': 782300, 'dirty-pages-rate': 0, 'normal-bytes': 1086394368, 'normal': 265233}}
QMP cmd [src6] query-migrate args={}
QMP reply [src6] query-migrate: {'expected-downtime': 300, 'status': 'active', 'setup-time': 1, 'total-time': 8234, 'ram': {'total': 8607571968, 'postcopy-requests': 0, 'dirty-sync-count': 1, 'multifd-bytes': 0, 'pages-per-second': 32980, 'downtime-bytes': 0, 'page-size': 4096, 'remaining': 4289859584, 'postcopy-bytes': 0, 'mbps': 1082.1456, 'transferred': 1122612354, 'dirty-sync-missed-zero-copy': 0, 'precopy-bytes': 1122611207, 'duplicate': 782304, 'dirty-pages-rate': 0, 'normal-bytes': 1113395200, 'normal': 271825}}
QMP cmd [src6] query-migrate args={}
QMP reply [src6] query-migrate: {'expected-downtime': 300, 'status': 'active', 'setup-time': 1, 'total-time': 8435, 'ram': {'total': 8607571968, 'postcopy-requests': 0, 'dirty-sync-count': 1, 'multifd-bytes': 0, 'pages-per-second': 32960, 'downtime-bytes': 0, 'page-size': 4096, 'remaining': 4262850560, 'postcopy-bytes': 0, 'mbps': 1082.1441599999998, 'transferred': 1149665976, 'dirty-sync-missed-zero-copy': 0, 'precopy-bytes': 1149664809, 'duplicate': 782306, 'dirty-pages-rate': 0, 'normal-bytes': 1140396032, 'normal': 278417}}
QMP cmd [src6] query-migrate args={}
QMP reply [src6] query-migrate: {'expected-downtime': 300, 'status': 'active', 'setup-time': 1, 'total-time': 8636, 'ram': {'total': 8607571968, 'postcopy-requests': 0, 'dirty-sync-count': 1, 'multifd-bytes': 0, 'pages-per-second': 32960, 'downtime-bytes': 0, 'page-size': 4096, 'remaining': 4232552448, 'postcopy-bytes': 0, 'mbps': 1082.1441599999998, 'transferred': 1176726825, 'dirty-sync-missed-zero-copy': 0, 'precopy-bytes': 1176725638, 'duplicate': 783111, 'dirty-pages-rate': 0, 'normal-bytes': 1167396864, 'normal': 285009}}
2026-07-15 02:24:28.635722SSH command: ssh -o BatchMode=yes -o StrictHostKeyChecking=no -o UserKnownHostsFile=/dev/null -o ConnectTimeout=1 -o LogLevel=ERROR -p 2227 -i /home/max/.ssh/pgvm_bench user@127.0.0.1 test -f /tmp/bench.done
Return code: 1
Stdout: 
Stderr: 
QMP cmd [src6] query-migrate args={}
QMP reply [src6] query-migrate: {'expected-downtime': 300, 'status': 'active', 'setup-time': 1, 'total-time': 8836, 'ram': {'total': 8607571968, 'postcopy-requests': 0, 'dirty-sync-count': 1, 'multifd-bytes': 0, 'pages-per-second': 32960, 'downtime-bytes': 0, 'page-size': 4096, 'remaining': 4205543424, 'postcopy-bytes': 0, 'mbps': 1082.1441599999998, 'transferred': 1203780447, 'dirty-sync-missed-zero-copy': 0, 'precopy-bytes': 1203779240, 'duplicate': 783113, 'dirty-pages-rate': 0, 'normal-bytes': 1194397696, 'normal': 291601}}
QMP cmd [src6] query-migrate args={}
QMP reply [src6] query-migrate: {'expected-downtime': 300, 'status': 'active', 'setup-time': 1, 'total-time': 9037, 'ram': {'total': 8607571968, 'postcopy-requests': 0, 'dirty-sync-count': 1, 'multifd-bytes': 0, 'pages-per-second': 32980, 'downtime-bytes': 0, 'page-size': 4096, 'remaining': 4178534400, 'postcopy-bytes': 0, 'mbps': 1082.1456, 'transferred': 1230834069, 'dirty-sync-missed-zero-copy': 0, 'precopy-bytes': 1230832842, 'duplicate': 783115, 'dirty-pages-rate': 0, 'normal-bytes': 1221398528, 'normal': 298193}}
QMP cmd [src6] query-migrate args={}
QMP reply [src6] query-migrate: {'expected-downtime': 300, 'status': 'active', 'setup-time': 1, 'total-time': 9238, 'ram': {'total': 8607571968, 'postcopy-requests': 0, 'dirty-sync-count': 1, 'multifd-bytes': 0, 'pages-per-second': 32960, 'downtime-bytes': 0, 'page-size': 4096, 'remaining': 4151525376, 'postcopy-bytes': 0, 'mbps': 1082.1441599999998, 'transferred': 1257887691, 'dirty-sync-missed-zero-copy': 0, 'precopy-bytes': 1257886444, 'duplicate': 783117, 'dirty-pages-rate': 0, 'normal-bytes': 1248399360, 'normal': 304785}}
QMP cmd [src6] query-migrate args={}
QMP reply [src6] query-migrate: {'expected-downtime': 300, 'status': 'active', 'setup-time': 1, 'total-time': 9438, 'ram': {'total': 8607571968, 'postcopy-requests': 0, 'dirty-sync-count': 1, 'multifd-bytes': 0, 'pages-per-second': 32960, 'downtime-bytes': 0, 'page-size': 4096, 'remaining': 4124491776, 'postcopy-bytes': 0, 'mbps': 1082.1441599999998, 'transferred': 1284941367, 'dirty-sync-missed-zero-copy': 0, 'precopy-bytes': 1284940100, 'duplicate': 783125, 'dirty-pages-rate': 0, 'normal-bytes': 1275400192, 'normal': 311377}}
QMP cmd [src6] query-migrate args={}
QMP reply [src6] query-migrate: {'expected-downtime': 300, 'status': 'active', 'setup-time': 1, 'total-time': 9639, 'ram': {'total': 8607571968, 'postcopy-requests': 0, 'dirty-sync-count': 1, 'multifd-bytes': 0, 'pages-per-second': 32980, 'downtime-bytes': 0, 'page-size': 4096, 'remaining': 4095504384, 'postcopy-bytes': 0, 'mbps': 1082.1456, 'transferred': 1311999336, 'dirty-sync-missed-zero-copy': 0, 'precopy-bytes': 1311998049, 'duplicate': 783610, 'dirty-pages-rate': 0, 'normal-bytes': 1302401024, 'normal': 317969}}
QMP cmd [src6] query-migrate args={}
QMP reply [src6] query-migrate: {'expected-downtime': 300, 'status': 'active', 'setup-time': 1, 'total-time': 9840, 'ram': {'total': 8607571968, 'postcopy-requests': 0, 'dirty-sync-count': 1, 'multifd-bytes': 0, 'pages-per-second': 32980, 'downtime-bytes': 0, 'page-size': 4096, 'remaining': 4068446208, 'postcopy-bytes': 0, 'mbps': 1082.1456, 'transferred': 1339053066, 'dirty-sync-missed-zero-copy': 0, 'precopy-bytes': 1339051759, 'duplicate': 783624, 'dirty-pages-rate': 0, 'normal-bytes': 1329401856, 'normal': 324561}}
QMP cmd [src6] query-migrate args={}
QMP reply [src6] query-migrate: {'expected-downtime': 300, 'status': 'active', 'setup-time': 1, 'total-time': 10041, 'ram': {'total': 8607571968, 'postcopy-requests': 0, 'dirty-sync-count': 1, 'multifd-bytes': 0, 'pages-per-second': 33000, 'downtime-bytes': 0, 'page-size': 4096, 'remaining': 4041412608, 'postcopy-bytes': 0, 'mbps': 1082.14704, 'transferred': 1366106742, 'dirty-sync-missed-zero-copy': 0, 'precopy-bytes': 1366105415, 'duplicate': 783632, 'dirty-pages-rate': 0, 'normal-bytes': 1356402688, 'normal': 331153}}
QMP cmd [src6] query-migrate args={}
QMP reply [src6] query-migrate: {'expected-downtime': 300, 'status': 'active', 'setup-time': 1, 'total-time': 10242, 'ram': {'total': 8607571968, 'postcopy-requests': 0, 'dirty-sync-count': 1, 'multifd-bytes': 0, 'pages-per-second': 32960, 'downtime-bytes': 0, 'page-size': 4096, 'remaining': 4014395392, 'postcopy-bytes': 0, 'mbps': 1082.1441599999998, 'transferred': 1393160382, 'dirty-sync-missed-zero-copy': 0, 'precopy-bytes': 1393159035, 'duplicate': 783636, 'dirty-pages-rate': 0, 'normal-bytes': 1383403520, 'normal': 337745}}
QMP cmd [src6] query-migrate args={}
QMP reply [src6] query-migrate: {'expected-downtime': 300, 'status': 'active', 'setup-time': 1, 'total-time': 10442, 'ram': {'total': 8607571968, 'postcopy-requests': 0, 'dirty-sync-count': 1, 'multifd-bytes': 0, 'pages-per-second': 32980, 'downtime-bytes': 0, 'page-size': 4096, 'remaining': 3987378176, 'postcopy-bytes': 0, 'mbps': 1082.1456, 'transferred': 1420214022, 'dirty-sync-missed-zero-copy': 0, 'precopy-bytes': 1420212655, 'duplicate': 783640, 'dirty-pages-rate': 0, 'normal-bytes': 1410404352, 'normal': 344337}}
QMP cmd [src6] query-migrate args={}
QMP reply [src6] query-migrate: {'expected-downtime': 300, 'status': 'active', 'setup-time': 1, 'total-time': 10643, 'ram': {'total': 8607571968, 'postcopy-requests': 0, 'dirty-sync-count': 1, 'multifd-bytes': 0, 'pages-per-second': 32980, 'downtime-bytes': 0, 'page-size': 4096, 'remaining': 3960360960, 'postcopy-bytes': 0, 'mbps': 1082.1456, 'transferred': 1447267662, 'dirty-sync-missed-zero-copy': 0, 'precopy-bytes': 1447266275, 'duplicate': 783644, 'dirty-pages-rate': 0, 'normal-bytes': 1437405184, 'normal': 350929}}
QMP cmd [src6] query-migrate args={}
QMP reply [src6] query-migrate: {'expected-downtime': 300, 'status': 'active', 'setup-time': 1, 'total-time': 10844, 'ram': {'total': 8607571968, 'postcopy-requests': 0, 'dirty-sync-count': 1, 'multifd-bytes': 0, 'pages-per-second': 33000, 'downtime-bytes': 0, 'page-size': 4096, 'remaining': 3933327360, 'postcopy-bytes': 0, 'mbps': 1082.14704, 'transferred': 1474321338, 'dirty-sync-missed-zero-copy': 0, 'precopy-bytes': 1474319931, 'duplicate': 783652, 'dirty-pages-rate': 0, 'normal-bytes': 1464406016, 'normal': 357521}}
QMP cmd [src6] query-migrate args={}
QMP reply [src6] query-migrate: {'expected-downtime': 300, 'status': 'active', 'setup-time': 1, 'total-time': 11045, 'ram': {'total': 8607571968, 'postcopy-requests': 0, 'dirty-sync-count': 1, 'multifd-bytes': 0, 'pages-per-second': 32980, 'downtime-bytes': 0, 'page-size': 4096, 'remaining': 3906310144, 'postcopy-bytes': 0, 'mbps': 1082.1456, 'transferred': 1501374978, 'dirty-sync-missed-zero-copy': 0, 'precopy-bytes': 1501373551, 'duplicate': 783656, 'dirty-pages-rate': 0, 'normal-bytes': 1491406848, 'normal': 364113}}
2026-07-15 02:24:30.888759SSH command: ssh -o BatchMode=yes -o StrictHostKeyChecking=no -o UserKnownHostsFile=/dev/null -o ConnectTimeout=1 -o LogLevel=ERROR -p 2227 -i /home/max/.ssh/pgvm_bench user@127.0.0.1 test -f /tmp/bench.done
Return code: 1
Stdout: 
Stderr: 
QMP cmd [src6] query-migrate args={}
QMP reply [src6] query-migrate: {'expected-downtime': 300, 'status': 'active', 'setup-time': 1, 'total-time': 11246, 'ram': {'total': 8607571968, 'postcopy-requests': 0, 'dirty-sync-count': 1, 'multifd-bytes': 0, 'pages-per-second': 32980, 'downtime-bytes': 0, 'page-size': 4096, 'remaining': 3879284736, 'postcopy-bytes': 0, 'mbps': 1082.1456, 'transferred': 1528428636, 'dirty-sync-missed-zero-copy': 0, 'precopy-bytes': 1528427189, 'duplicate': 783662, 'dirty-pages-rate': 0, 'normal-bytes': 1518407680, 'normal': 370705}}
QMP cmd [src6] query-migrate args={}
QMP reply [src6] query-migrate: {'expected-downtime': 300, 'status': 'active', 'setup-time': 1, 'total-time': 11446, 'ram': {'total': 8607571968, 'postcopy-requests': 0, 'dirty-sync-count': 1, 'multifd-bytes': 0, 'pages-per-second': 32980, 'downtime-bytes': 0, 'page-size': 4096, 'remaining': 3852251136, 'postcopy-bytes': 0, 'mbps': 1082.1456, 'transferred': 1555482312, 'dirty-sync-missed-zero-copy': 0, 'precopy-bytes': 1555480845, 'duplicate': 783670, 'dirty-pages-rate': 0, 'normal-bytes': 1545408512, 'normal': 377297}}
QMP cmd [src6] query-migrate args={}
QMP reply [src6] query-migrate: {'expected-downtime': 300, 'status': 'active', 'setup-time': 1, 'total-time': 11647, 'ram': {'total': 8607571968, 'postcopy-requests': 0, 'dirty-sync-count': 1, 'multifd-bytes': 0, 'pages-per-second': 33200, 'downtime-bytes': 0, 'page-size': 4096, 'remaining': 3825143808, 'postcopy-bytes': 0, 'mbps': 1082.1614399999999, 'transferred': 1582536150, 'dirty-sync-missed-zero-copy': 0, 'precopy-bytes': 1582534663, 'duplicate': 783696, 'dirty-pages-rate': 0, 'normal-bytes': 1572409344, 'normal': 383889}}
QMP cmd [src6] query-migrate args={}
QMP reply [src6] query-migrate: {'expected-downtime': 300, 'status': 'active', 'setup-time': 1, 'total-time': 11848, 'ram': {'total': 8607571968, 'postcopy-requests': 0, 'dirty-sync-count': 1, 'multifd-bytes': 0, 'pages-per-second': 33000, 'downtime-bytes': 0, 'page-size': 4096, 'remaining': 3798118400, 'postcopy-bytes': 0, 'mbps': 1082.14704, 'transferred': 1609589808, 'dirty-sync-missed-zero-copy': 0, 'precopy-bytes': 1609588301, 'duplicate': 783702, 'dirty-pages-rate': 0, 'normal-bytes': 1599410176, 'normal': 390481}}
QMP cmd [src6] query-migrate args={}
QMP reply [src6] query-migrate: {'expected-downtime': 300, 'status': 'active', 'setup-time': 1, 'total-time': 12048, 'ram': {'total': 8607571968, 'postcopy-requests': 0, 'dirty-sync-count': 1, 'multifd-bytes': 0, 'pages-per-second': 33000, 'downtime-bytes': 0, 'page-size': 4096, 'remaining': 3771092992, 'postcopy-bytes': 0, 'mbps': 1082.14704, 'transferred': 1636643466, 'dirty-sync-missed-zero-copy': 0, 'precopy-bytes': 1636641939, 'duplicate': 783708, 'dirty-pages-rate': 0, 'normal-bytes': 1626411008, 'normal': 397073}}
QMP cmd [src6] query-migrate args={}
QMP reply [src6] query-migrate: {'expected-downtime': 300, 'status': 'active', 'setup-time': 1, 'total-time': 12249, 'ram': {'total': 8607571968, 'postcopy-requests': 0, 'dirty-sync-count': 1, 'multifd-bytes': 0, 'pages-per-second': 32980, 'downtime-bytes': 0, 'page-size': 4096, 'remaining': 3744075776, 'postcopy-bytes': 0, 'mbps': 1082.1456, 'transferred': 1663697106, 'dirty-sync-missed-zero-copy': 0, 'precopy-bytes': 1663695559, 'duplicate': 783712, 'dirty-pages-rate': 0, 'normal-bytes': 1653411840, 'normal': 403665}}
QMP cmd [src6] query-migrate args={}
QMP reply [src6] query-migrate: {'expected-downtime': 300, 'status': 'active', 'setup-time': 1, 'total-time': 12450, 'ram': {'total': 8607571968, 'postcopy-requests': 0, 'dirty-sync-count': 1, 'multifd-bytes': 0, 'pages-per-second': 32980, 'downtime-bytes': 0, 'page-size': 4096, 'remaining': 3717058560, 'postcopy-bytes': 0, 'mbps': 1082.1456, 'transferred': 1690750746, 'dirty-sync-missed-zero-copy': 0, 'precopy-bytes': 1690749179, 'duplicate': 783716, 'dirty-pages-rate': 0, 'normal-bytes': 1680412672, 'normal': 410257}}
QMP cmd [src6] query-migrate args={}
QMP reply [src6] query-migrate: {'expected-downtime': 300, 'status': 'active', 'setup-time': 1, 'total-time': 12651, 'ram': {'total': 8607571968, 'postcopy-requests': 0, 'dirty-sync-count': 1, 'multifd-bytes': 0, 'pages-per-second': 33020, 'downtime-bytes': 0, 'page-size': 4096, 'remaining': 3690008576, 'postcopy-bytes': 0, 'mbps': 1082.14848, 'transferred': 1717804458, 'dirty-sync-missed-zero-copy': 0, 'precopy-bytes': 1717802871, 'duplicate': 783728, 'dirty-pages-rate': 0, 'normal-bytes': 1707413504, 'normal': 416849}}
QMP cmd [src6] query-migrate args={}
QMP reply [src6] query-migrate: {'expected-downtime': 300, 'status': 'active', 'setup-time': 1, 'total-time': 12851, 'ram': {'total': 8607571968, 'postcopy-requests': 0, 'dirty-sync-count': 1, 'multifd-bytes': 0, 'pages-per-second': 33000, 'downtime-bytes': 0, 'page-size': 4096, 'remaining': 3662974976, 'postcopy-bytes': 0, 'mbps': 1082.14704, 'transferred': 1744858134, 'dirty-sync-missed-zero-copy': 0, 'precopy-bytes': 1744856527, 'duplicate': 783736, 'dirty-pages-rate': 0, 'normal-bytes': 1734414336, 'normal': 423441}}
QMP cmd [src6] query-migrate args={}
QMP reply [src6] query-migrate: {'expected-downtime': 300, 'status': 'active', 'setup-time': 1, 'total-time': 13052, 'ram': {'total': 8607571968, 'postcopy-requests': 0, 'dirty-sync-count': 1, 'multifd-bytes': 0, 'pages-per-second': 33020, 'downtime-bytes': 0, 'page-size': 4096, 'remaining': 3635941376, 'postcopy-bytes': 0, 'mbps': 1082.14848, 'transferred': 1771911810, 'dirty-sync-missed-zero-copy': 0, 'precopy-bytes': 1771910183, 'duplicate': 783744, 'dirty-pages-rate': 0, 'normal-bytes': 1761415168, 'normal': 430033}}
QMP cmd [src6] query-migrate args={}
QMP reply [src6] query-migrate: {'expected-downtime': 300, 'status': 'active', 'setup-time': 1, 'total-time': 13253, 'ram': {'total': 8607571968, 'postcopy-requests': 0, 'dirty-sync-count': 1, 'multifd-bytes': 0, 'pages-per-second': 38530, 'downtime-bytes': 0, 'page-size': 4096, 'remaining': 3606634496, 'postcopy-bytes': 0, 'mbps': 1082.5452, 'transferred': 1798970481, 'dirty-sync-missed-zero-copy': 0, 'precopy-bytes': 1798968834, 'duplicate': 784307, 'dirty-pages-rate': 0, 'normal-bytes': 1788416000, 'normal': 436625}}
2026-07-15 02:24:33.121588SSH command: ssh -o BatchMode=yes -o StrictHostKeyChecking=no -o UserKnownHostsFile=/dev/null -o ConnectTimeout=1 -o LogLevel=ERROR -p 2227 -i /home/max/.ssh/pgvm_bench user@127.0.0.1 test -f /tmp/bench.done
Return code: 1
Stdout: 
Stderr: 
QMP cmd [src6] query-migrate args={}
QMP reply [src6] query-migrate: {'expected-downtime': 300, 'status': 'active', 'setup-time': 1, 'total-time': 13454, 'ram': {'total': 8607571968, 'postcopy-requests': 0, 'dirty-sync-count': 1, 'multifd-bytes': 0, 'pages-per-second': 32980, 'downtime-bytes': 0, 'page-size': 4096, 'remaining': 3579609088, 'postcopy-bytes': 0, 'mbps': 1082.1456, 'transferred': 1826024139, 'dirty-sync-missed-zero-copy': 0, 'precopy-bytes': 1826022472, 'duplicate': 784313, 'dirty-pages-rate': 0, 'normal-bytes': 1815416832, 'normal': 443217}}
QMP cmd [src6] query-migrate args={}
QMP reply [src6] query-migrate: {'expected-downtime': 300, 'status': 'active', 'setup-time': 1, 'total-time': 13655, 'ram': {'total': 8607571968, 'postcopy-requests': 0, 'dirty-sync-count': 1, 'multifd-bytes': 0, 'pages-per-second': 33000, 'downtime-bytes': 0, 'page-size': 4096, 'remaining': 3552583680, 'postcopy-bytes': 0, 'mbps': 1082.14704, 'transferred': 1853077797, 'dirty-sync-missed-zero-copy': 0, 'precopy-bytes': 1853076110, 'duplicate': 784319, 'dirty-pages-rate': 0, 'normal-bytes': 1842417664, 'normal': 449809}}
QMP cmd [src6] query-migrate args={}
QMP reply [src6] query-migrate: {'expected-downtime': 300, 'status': 'active', 'setup-time': 1, 'total-time': 13856, 'ram': {'total': 8607571968, 'postcopy-requests': 0, 'dirty-sync-count': 1, 'multifd-bytes': 0, 'pages-per-second': 33000, 'downtime-bytes': 0, 'page-size': 4096, 'remaining': 3525558272, 'postcopy-bytes': 0, 'mbps': 1082.14704, 'transferred': 1880131455, 'dirty-sync-missed-zero-copy': 0, 'precopy-bytes': 1880129748, 'duplicate': 784325, 'dirty-pages-rate': 0, 'normal-bytes': 1869418496, 'normal': 456401}}
QMP cmd [src6] query-migrate args={}
QMP reply [src6] query-migrate: {'expected-downtime': 300, 'status': 'active', 'setup-time': 1, 'total-time': 14056, 'ram': {'total': 8607571968, 'postcopy-requests': 0, 'dirty-sync-count': 1, 'multifd-bytes': 0, 'pages-per-second': 33020, 'downtime-bytes': 0, 'page-size': 4096, 'remaining': 3498516480, 'postcopy-bytes': 0, 'mbps': 1082.14848, 'transferred': 1907185149, 'dirty-sync-missed-zero-copy': 0, 'precopy-bytes': 1907183422, 'duplicate': 784335, 'dirty-pages-rate': 0, 'normal-bytes': 1896419328, 'normal': 462993}}
QMP cmd [src6] query-migrate args={}
QMP reply [src6] query-migrate: {'expected-downtime': 300, 'status': 'active', 'setup-time': 1, 'total-time': 14257, 'ram': {'total': 8607571968, 'postcopy-requests': 0, 'dirty-sync-count': 1, 'multifd-bytes': 0, 'pages-per-second': 32980, 'downtime-bytes': 0, 'page-size': 4096, 'remaining': 3471491072, 'postcopy-bytes': 0, 'mbps': 1082.1456, 'transferred': 1934238807, 'dirty-sync-missed-zero-copy': 0, 'precopy-bytes': 1934237060, 'duplicate': 784341, 'dirty-pages-rate': 0, 'normal-bytes': 1923420160, 'normal': 469585}}
QMP cmd [src6] query-migrate args={}
QMP reply [src6] query-migrate: {'expected-downtime': 300, 'status': 'active', 'setup-time': 1, 'total-time': 14458, 'ram': {'total': 8607571968, 'postcopy-requests': 0, 'dirty-sync-count': 1, 'multifd-bytes': 0, 'pages-per-second': 32980, 'downtime-bytes': 0, 'page-size': 4096, 'remaining': 3444465664, 'postcopy-bytes': 0, 'mbps': 1082.1456, 'transferred': 1961292465, 'dirty-sync-missed-zero-copy': 0, 'precopy-bytes': 1961290698, 'duplicate': 784347, 'dirty-pages-rate': 0, 'normal-bytes': 1950420992, 'normal': 476177}}
QMP cmd [src6] query-migrate args={}
QMP reply [src6] query-migrate: {'expected-downtime': 300, 'status': 'active', 'setup-time': 1, 'total-time': 14658, 'ram': {'total': 8607571968, 'postcopy-requests': 0, 'dirty-sync-count': 1, 'multifd-bytes': 0, 'pages-per-second': 33000, 'downtime-bytes': 0, 'page-size': 4096, 'remaining': 3417432064, 'postcopy-bytes': 0, 'mbps': 1082.14704, 'transferred': 1988346141, 'dirty-sync-missed-zero-copy': 0, 'precopy-bytes': 1988344354, 'duplicate': 784355, 'dirty-pages-rate': 0, 'normal-bytes': 1977421824, 'normal': 482769}}
QMP cmd [src6] query-migrate args={}
QMP reply [src6] query-migrate: {'expected-downtime': 300, 'status': 'active', 'setup-time': 1, 'total-time': 14859, 'ram': {'total': 8607571968, 'postcopy-requests': 0, 'dirty-sync-count': 1, 'multifd-bytes': 0, 'pages-per-second': 32980, 'downtime-bytes': 0, 'page-size': 4096, 'remaining': 3390398464, 'postcopy-bytes': 0, 'mbps': 1082.1456, 'transferred': 2015399817, 'dirty-sync-missed-zero-copy': 0, 'precopy-bytes': 2015398010, 'duplicate': 784363, 'dirty-pages-rate': 0, 'normal-bytes': 2004422656, 'normal': 489361}}
QMP cmd [src6] query-migrate args={}
QMP reply [src6] query-migrate: {'expected-downtime': 300, 'status': 'active', 'setup-time': 1, 'total-time': 15059, 'ram': {'total': 8607571968, 'postcopy-requests': 0, 'dirty-sync-count': 1, 'multifd-bytes': 0, 'pages-per-second': 33000, 'downtime-bytes': 0, 'page-size': 4096, 'remaining': 3363373056, 'postcopy-bytes': 0, 'mbps': 1082.14704, 'transferred': 2042453475, 'dirty-sync-missed-zero-copy': 0, 'precopy-bytes': 2042451648, 'duplicate': 784369, 'dirty-pages-rate': 0, 'normal-bytes': 2031423488, 'normal': 495953}}
QMP cmd [src6] query-migrate args={}
QMP reply [src6] query-migrate: {'expected-downtime': 300, 'status': 'active', 'setup-time': 1, 'total-time': 15260, 'ram': {'total': 8607571968, 'postcopy-requests': 0, 'dirty-sync-count': 1, 'multifd-bytes': 0, 'pages-per-second': 33000, 'downtime-bytes': 0, 'page-size': 4096, 'remaining': 3336347648, 'postcopy-bytes': 0, 'mbps': 1082.14704, 'transferred': 2069507133, 'dirty-sync-missed-zero-copy': 0, 'precopy-bytes': 2069505286, 'duplicate': 784375, 'dirty-pages-rate': 0, 'normal-bytes': 2058424320, 'normal': 502545}}
QMP cmd [src6] query-migrate args={}
QMP reply [src6] query-migrate: {'expected-downtime': 300, 'status': 'active', 'setup-time': 1, 'total-time': 15461, 'ram': {'total': 8607571968, 'postcopy-requests': 0, 'dirty-sync-count': 1, 'multifd-bytes': 0, 'pages-per-second': 33000, 'downtime-bytes': 0, 'page-size': 4096, 'remaining': 3309322240, 'postcopy-bytes': 0, 'mbps': 1082.14704, 'transferred': 2096560791, 'dirty-sync-missed-zero-copy': 0, 'precopy-bytes': 2096558924, 'duplicate': 784381, 'dirty-pages-rate': 0, 'normal-bytes': 2085425152, 'normal': 509137}}
2026-07-15 02:24:35.369658SSH command: ssh -o BatchMode=yes -o StrictHostKeyChecking=no -o UserKnownHostsFile=/dev/null -o ConnectTimeout=1 -o LogLevel=ERROR -p 2227 -i /home/max/.ssh/pgvm_bench user@127.0.0.1 test -f /tmp/bench.done
Return code: 1
Stdout: 
Stderr: 
QMP cmd [src6] query-migrate args={}
QMP reply [src6] query-migrate: {'expected-downtime': 300, 'status': 'active', 'setup-time': 1, 'total-time': 15662, 'ram': {'total': 8607571968, 'postcopy-requests': 0, 'dirty-sync-count': 1, 'multifd-bytes': 0, 'pages-per-second': 32980, 'downtime-bytes': 0, 'page-size': 4096, 'remaining': 3282296832, 'postcopy-bytes': 0, 'mbps': 1082.1456, 'transferred': 2123614449, 'dirty-sync-missed-zero-copy': 0, 'precopy-bytes': 2123612562, 'duplicate': 784387, 'dirty-pages-rate': 0, 'normal-bytes': 2112425984, 'normal': 515729}}
QMP cmd [src6] query-migrate args={}
QMP reply [src6] query-migrate: {'expected-downtime': 300, 'status': 'active', 'setup-time': 1, 'total-time': 15863, 'ram': {'total': 8607571968, 'postcopy-requests': 0, 'dirty-sync-count': 1, 'multifd-bytes': 0, 'pages-per-second': 33000, 'downtime-bytes': 0, 'page-size': 4096, 'remaining': 3255271424, 'postcopy-bytes': 0, 'mbps': 1082.14704, 'transferred': 2150668107, 'dirty-sync-missed-zero-copy': 0, 'precopy-bytes': 2150666200, 'duplicate': 784393, 'dirty-pages-rate': 0, 'normal-bytes': 2139426816, 'normal': 522321}}
QMP cmd [src6] query-migrate args={}
QMP reply [src6] query-migrate: {'expected-downtime': 300, 'status': 'active', 'setup-time': 1, 'total-time': 16064, 'ram': {'total': 8607571968, 'postcopy-requests': 0, 'dirty-sync-count': 1, 'multifd-bytes': 0, 'pages-per-second': 32980, 'downtime-bytes': 0, 'page-size': 4096, 'remaining': 3228237824, 'postcopy-bytes': 0, 'mbps': 1082.1456, 'transferred': 2177721783, 'dirty-sync-missed-zero-copy': 0, 'precopy-bytes': 2177719856, 'duplicate': 784401, 'dirty-pages-rate': 0, 'normal-bytes': 2166427648, 'normal': 528913}}
QMP cmd [src6] query-migrate args={}
QMP reply [src6] query-migrate: {'expected-downtime': 300, 'status': 'active', 'setup-time': 1, 'total-time': 16265, 'ram': {'total': 8607571968, 'postcopy-requests': 0, 'dirty-sync-count': 1, 'multifd-bytes': 0, 'pages-per-second': 32980, 'downtime-bytes': 0, 'page-size': 4096, 'remaining': 3201220608, 'postcopy-bytes': 0, 'mbps': 1082.1456, 'transferred': 2204775423, 'dirty-sync-missed-zero-copy': 0, 'precopy-bytes': 2204773476, 'duplicate': 784405, 'dirty-pages-rate': 0, 'normal-bytes': 2193428480, 'normal': 535505}}
QMP cmd [src6] query-migrate args={}
QMP reply [src6] query-migrate: {'expected-downtime': 300, 'status': 'active', 'setup-time': 1, 'total-time': 16465, 'ram': {'total': 8607571968, 'postcopy-requests': 0, 'dirty-sync-count': 1, 'multifd-bytes': 0, 'pages-per-second': 32980, 'downtime-bytes': 0, 'page-size': 4096, 'remaining': 3174187008, 'postcopy-bytes': 0, 'mbps': 1082.1456, 'transferred': 2231829099, 'dirty-sync-missed-zero-copy': 0, 'precopy-bytes': 2231827132, 'duplicate': 784413, 'dirty-pages-rate': 0, 'normal-bytes': 2220429312, 'normal': 542097}}
QMP cmd [src6] query-migrate args={}
QMP reply [src6] query-migrate: {'expected-downtime': 300, 'status': 'active', 'setup-time': 1, 'total-time': 16666, 'ram': {'total': 8607571968, 'postcopy-requests': 0, 'dirty-sync-count': 1, 'multifd-bytes': 0, 'pages-per-second': 33040, 'downtime-bytes': 0, 'page-size': 4096, 'remaining': 3147145216, 'postcopy-bytes': 0, 'mbps': 1082.1499199999998, 'transferred': 2258882793, 'dirty-sync-missed-zero-copy': 0, 'precopy-bytes': 2258880806, 'duplicate': 784423, 'dirty-pages-rate': 0, 'normal-bytes': 2247430144, 'normal': 548689}}
QMP cmd [src6] query-migrate args={}
QMP reply [src6] query-migrate: {'expected-downtime': 300, 'status': 'active', 'setup-time': 1, 'total-time': 16867, 'ram': {'total': 8607571968, 'postcopy-requests': 0, 'dirty-sync-count': 1, 'multifd-bytes': 0, 'pages-per-second': 33020, 'downtime-bytes': 0, 'page-size': 4096, 'remaining': 3120103424, 'postcopy-bytes': 0, 'mbps': 1082.14848, 'transferred': 2285936487, 'dirty-sync-missed-zero-copy': 0, 'precopy-bytes': 2285934480, 'duplicate': 784433, 'dirty-pages-rate': 0, 'normal-bytes': 2274430976, 'normal': 555281}}
QMP cmd [src6] query-migrate args={}
QMP reply [src6] query-migrate: {'expected-downtime': 300, 'status': 'active', 'setup-time': 1, 'total-time': 17068, 'ram': {'total': 8607571968, 'postcopy-requests': 0, 'dirty-sync-count': 1, 'multifd-bytes': 0, 'pages-per-second': 32980, 'downtime-bytes': 0, 'page-size': 4096, 'remaining': 3093078016, 'postcopy-bytes': 0, 'mbps': 1082.1456, 'transferred': 2312990145, 'dirty-sync-missed-zero-copy': 0, 'precopy-bytes': 2312988118, 'duplicate': 784439, 'dirty-pages-rate': 0, 'normal-bytes': 2301431808, 'normal': 561873}}
QMP cmd [src6] query-migrate args={}
QMP reply [src6] query-migrate: {'expected-downtime': 300, 'status': 'active', 'setup-time': 1, 'total-time': 17268, 'ram': {'total': 8607571968, 'postcopy-requests': 0, 'dirty-sync-count': 1, 'multifd-bytes': 0, 'pages-per-second': 32980, 'downtime-bytes': 0, 'page-size': 4096, 'remaining': 3066052608, 'postcopy-bytes': 0, 'mbps': 1082.1456, 'transferred': 2340043803, 'dirty-sync-missed-zero-copy': 0, 'precopy-bytes': 2340041756, 'duplicate': 784445, 'dirty-pages-rate': 0, 'normal-bytes': 2328432640, 'normal': 568465}}
QMP cmd [src6] query-migrate args={}
QMP reply [src6] query-migrate: {'expected-downtime': 300, 'status': 'active', 'setup-time': 1, 'total-time': 17469, 'ram': {'total': 8607571968, 'postcopy-requests': 0, 'dirty-sync-count': 1, 'multifd-bytes': 0, 'pages-per-second': 33500, 'downtime-bytes': 0, 'page-size': 4096, 'remaining': 3038822400, 'postcopy-bytes': 0, 'mbps': 1082.1830400000001, 'transferred': 2367097911, 'dirty-sync-missed-zero-copy': 0, 'precopy-bytes': 2367095844, 'duplicate': 784501, 'dirty-pages-rate': 0, 'normal-bytes': 2355433472, 'normal': 575057}}
QMP cmd [src6] query-migrate args={}
QMP reply [src6] query-migrate: {'expected-downtime': 300, 'status': 'active', 'setup-time': 1, 'total-time': 17670, 'ram': {'total': 8607571968, 'postcopy-requests': 0, 'dirty-sync-count': 1, 'multifd-bytes': 0, 'pages-per-second': 33000, 'downtime-bytes': 0, 'page-size': 4096, 'remaining': 3011788800, 'postcopy-bytes': 0, 'mbps': 1082.14704, 'transferred': 2394151587, 'dirty-sync-missed-zero-copy': 0, 'precopy-bytes': 2394149500, 'duplicate': 784509, 'dirty-pages-rate': 0, 'normal-bytes': 2382434304, 'normal': 581649}}
2026-07-15 02:24:37.545563SSH command: ssh -o BatchMode=yes -o StrictHostKeyChecking=no -o UserKnownHostsFile=/dev/null -o ConnectTimeout=1 -o LogLevel=ERROR -p 2227 -i /home/max/.ssh/pgvm_bench user@127.0.0.1 test -f /tmp/bench.done
Return code: 1
Stdout: 
Stderr: 
QMP cmd [src6] query-migrate args={}
QMP reply [src6] query-migrate: {'expected-downtime': 300, 'status': 'active', 'setup-time': 1, 'total-time': 17872, 'ram': {'total': 8607571968, 'postcopy-requests': 0, 'dirty-sync-count': 1, 'multifd-bytes': 0, 'pages-per-second': 32980, 'downtime-bytes': 0, 'page-size': 4096, 'remaining': 2984738816, 'postcopy-bytes': 0, 'mbps': 1082.1456, 'transferred': 2421205299, 'dirty-sync-missed-zero-copy': 0, 'precopy-bytes': 2421203192, 'duplicate': 784521, 'dirty-pages-rate': 0, 'normal-bytes': 2409435136, 'normal': 588241}}
QMP cmd [src6] query-migrate args={}
QMP reply [src6] query-migrate: {'expected-downtime': 300, 'status': 'active', 'setup-time': 1, 'total-time': 18073, 'ram': {'total': 8607571968, 'postcopy-requests': 0, 'dirty-sync-count': 1, 'multifd-bytes': 0, 'pages-per-second': 33000, 'downtime-bytes': 0, 'page-size': 4096, 'remaining': 2957688832, 'postcopy-bytes': 0, 'mbps': 1082.14704, 'transferred': 2448259011, 'dirty-sync-missed-zero-copy': 0, 'precopy-bytes': 2448256884, 'duplicate': 784533, 'dirty-pages-rate': 0, 'normal-bytes': 2436435968, 'normal': 594833}}
QMP cmd [src6] query-migrate args={}
QMP reply [src6] query-migrate: {'expected-downtime': 300, 'status': 'active', 'setup-time': 1, 'total-time': 18274, 'ram': {'total': 8607571968, 'postcopy-requests': 0, 'dirty-sync-count': 1, 'multifd-bytes': 0, 'pages-per-second': 33000, 'downtime-bytes': 0, 'page-size': 4096, 'remaining': 2930647040, 'postcopy-bytes': 0, 'mbps': 1082.14704, 'transferred': 2475312705, 'dirty-sync-missed-zero-copy': 0, 'precopy-bytes': 2475310558, 'duplicate': 784543, 'dirty-pages-rate': 0, 'normal-bytes': 2463436800, 'normal': 601425}}
QMP cmd [src6] query-migrate args={}
QMP reply [src6] query-migrate: {'expected-downtime': 300, 'status': 'active', 'setup-time': 1, 'total-time': 18475, 'ram': {'total': 8607571968, 'postcopy-requests': 0, 'dirty-sync-count': 1, 'multifd-bytes': 0, 'pages-per-second': 33040, 'downtime-bytes': 0, 'page-size': 4096, 'remaining': 2903588864, 'postcopy-bytes': 0, 'mbps': 1082.1499199999998, 'transferred': 2502366435, 'dirty-sync-missed-zero-copy': 0, 'precopy-bytes': 2502364268, 'duplicate': 784557, 'dirty-pages-rate': 0, 'normal-bytes': 2490437632, 'normal': 608017}}
QMP cmd [src6] query-migrate args={}
QMP reply [src6] query-migrate: {'expected-downtime': 300, 'status': 'active', 'setup-time': 1, 'total-time': 18675, 'ram': {'total': 8607571968, 'postcopy-requests': 0, 'dirty-sync-count': 1, 'multifd-bytes': 0, 'pages-per-second': 33020, 'downtime-bytes': 0, 'page-size': 4096, 'remaining': 2876538880, 'postcopy-bytes': 0, 'mbps': 1082.14848, 'transferred': 2529420147, 'dirty-sync-missed-zero-copy': 0, 'precopy-bytes': 2529417960, 'duplicate': 784569, 'dirty-pages-rate': 0, 'normal-bytes': 2517438464, 'normal': 614609}}
QMP cmd [src6] query-migrate args={}
QMP reply [src6] query-migrate: {'expected-downtime': 300, 'status': 'active', 'setup-time': 1, 'total-time': 18876, 'ram': {'total': 8607571968, 'postcopy-requests': 0, 'dirty-sync-count': 1, 'multifd-bytes': 0, 'pages-per-second': 33040, 'downtime-bytes': 0, 'page-size': 4096, 'remaining': 2849464320, 'postcopy-bytes': 0, 'mbps': 1082.1499199999998, 'transferred': 2556473913, 'dirty-sync-missed-zero-copy': 0, 'precopy-bytes': 2556471706, 'duplicate': 784587, 'dirty-pages-rate': 0, 'normal-bytes': 2544439296, 'normal': 621201}}
QMP cmd [src6] query-migrate args={}
QMP reply [src6] query-migrate: {'expected-downtime': 300, 'status': 'active', 'setup-time': 1, 'total-time': 19077, 'ram': {'total': 8607571968, 'postcopy-requests': 0, 'dirty-sync-count': 1, 'multifd-bytes': 0, 'pages-per-second': 33040, 'downtime-bytes': 0, 'page-size': 4096, 'remaining': 2822365184, 'postcopy-bytes': 0, 'mbps': 1082.1499199999998, 'transferred': 2583527733, 'dirty-sync-missed-zero-copy': 0, 'precopy-bytes': 2583525506, 'duplicate': 784611, 'dirty-pages-rate': 0, 'normal-bytes': 2571440128, 'normal': 627793}}
QMP cmd [src6] query-migrate args={}
QMP reply [src6] query-migrate: {'expected-downtime': 300, 'status': 'active', 'setup-time': 1, 'total-time': 19278, 'ram': {'total': 8607571968, 'postcopy-requests': 0, 'dirty-sync-count': 1, 'multifd-bytes': 0, 'pages-per-second': 33280, 'downtime-bytes': 0, 'page-size': 4096, 'remaining': 2795085824, 'postcopy-bytes': 0, 'mbps': 1082.1671999999999, 'transferred': 2610581949, 'dirty-sync-missed-zero-copy': 0, 'precopy-bytes': 2610579702, 'duplicate': 784679, 'dirty-pages-rate': 0, 'normal-bytes': 2598440960, 'normal': 634385}}
QMP cmd [src6] query-migrate args={}
QMP reply [src6] query-migrate: {'expected-downtime': 300, 'status': 'active', 'setup-time': 1, 'total-time': 19479, 'ram': {'total': 8607571968, 'postcopy-requests': 0, 'dirty-sync-count': 1, 'multifd-bytes': 0, 'pages-per-second': 34300, 'downtime-bytes': 0, 'page-size': 4096, 'remaining': 2766839808, 'postcopy-bytes': 0, 'mbps': 1082.24064, 'transferred': 2637638289, 'dirty-sync-missed-zero-copy': 0, 'precopy-bytes': 2637636022, 'duplicate': 784983, 'dirty-pages-rate': 0, 'normal-bytes': 2625441792, 'normal': 640977}}
QMP cmd [src6] query-migrate args={}
QMP reply [src6] query-migrate: {'expected-downtime': 300, 'status': 'active', 'setup-time': 1, 'total-time': 19679, 'ram': {'total': 8607571968, 'postcopy-requests': 0, 'dirty-sync-count': 1, 'multifd-bytes': 0, 'pages-per-second': 35680, 'downtime-bytes': 0, 'page-size': 4096, 'remaining': 2736578560, 'postcopy-bytes': 0, 'mbps': 1082.34, 'transferred': 2664699057, 'dirty-sync-missed-zero-copy': 0, 'precopy-bytes': 2664696770, 'duplicate': 785779, 'dirty-pages-rate': 0, 'normal-bytes': 2652442624, 'normal': 647569}}
QMP cmd [src6] query-migrate args={}
QMP reply [src6] query-migrate: {'expected-downtime': 300, 'status': 'active', 'setup-time': 1, 'total-time': 19880, 'ram': {'total': 8607571968, 'postcopy-requests': 0, 'dirty-sync-count': 1, 'multifd-bytes': 0, 'pages-per-second': 36900, 'downtime-bytes': 0, 'page-size': 4096, 'remaining': 2706931712, 'postcopy-bytes': 0, 'mbps': 1082.42784, 'transferred': 2691758475, 'dirty-sync-missed-zero-copy': 0, 'precopy-bytes': 2691756168, 'duplicate': 786425, 'dirty-pages-rate': 0, 'normal-bytes': 2679443456, 'normal': 654161}}
2026-07-15 02:24:39.722356SSH command: ssh -o BatchMode=yes -o StrictHostKeyChecking=no -o UserKnownHostsFile=/dev/null -o ConnectTimeout=1 -o LogLevel=ERROR -p 2227 -i /home/max/.ssh/pgvm_bench user@127.0.0.1 test -f /tmp/bench.done
Return code: 1
Stdout: 
Stderr: 
QMP cmd [src6] query-migrate args={}
QMP reply [src6] query-migrate: {'expected-downtime': 300, 'status': 'active', 'setup-time': 1, 'total-time': 20082, 'ram': {'total': 8607571968, 'postcopy-requests': 0, 'dirty-sync-count': 1, 'multifd-bytes': 0, 'pages-per-second': 35900, 'downtime-bytes': 0, 'page-size': 4096, 'remaining': 2677620736, 'postcopy-bytes': 0, 'mbps': 1082.3558400000002, 'transferred': 2718817155, 'dirty-sync-missed-zero-copy': 0, 'precopy-bytes': 2718814828, 'duplicate': 786989, 'dirty-pages-rate': 0, 'normal-bytes': 2706444288, 'normal': 660753}}
QMP cmd [src6] query-migrate args={}
QMP reply [src6] query-migrate: {'expected-downtime': 300, 'status': 'active', 'setup-time': 1, 'total-time': 20283, 'ram': {'total': 8607571968, 'postcopy-requests': 0, 'dirty-sync-count': 1, 'multifd-bytes': 0, 'pages-per-second': 35560, 'downtime-bytes': 0, 'page-size': 4096, 'remaining': 2647437312, 'postcopy-bytes': 0, 'mbps': 1082.3313600000001, 'transferred': 2745877752, 'dirty-sync-missed-zero-copy': 0, 'precopy-bytes': 2745875405, 'duplicate': 787766, 'dirty-pages-rate': 0, 'normal-bytes': 2733445120, 'normal': 667345}}
QMP cmd [src6] query-migrate args={}
QMP reply [src6] query-migrate: {'expected-downtime': 300, 'status': 'active', 'setup-time': 1, 'total-time': 20484, 'ram': {'total': 8607571968, 'postcopy-requests': 0, 'dirty-sync-count': 1, 'multifd-bytes': 0, 'pages-per-second': 33280, 'downtime-bytes': 0, 'page-size': 4096, 'remaining': 2620289024, 'postcopy-bytes': 0, 'mbps': 1082.1671999999999, 'transferred': 2772931680, 'dirty-sync-missed-zero-copy': 0, 'precopy-bytes': 2772929313, 'duplicate': 787802, 'dirty-pages-rate': 0, 'normal-bytes': 2760445952, 'normal': 673937}}
QMP cmd [src6] query-migrate args={}
QMP reply [src6] query-migrate: {'expected-downtime': 300, 'status': 'active', 'setup-time': 1, 'total-time': 20684, 'ram': {'total': 8607571968, 'postcopy-requests': 0, 'dirty-sync-count': 1, 'multifd-bytes': 0, 'pages-per-second': 33140, 'downtime-bytes': 0, 'page-size': 4096, 'remaining': 2593148928, 'postcopy-bytes': 0, 'mbps': 1082.15712, 'transferred': 2799985590, 'dirty-sync-missed-zero-copy': 0, 'precopy-bytes': 2799983203, 'duplicate': 787836, 'dirty-pages-rate': 0, 'normal-bytes': 2787446784, 'normal': 680529}}
QMP cmd [src6] query-migrate args={}
QMP reply [src6] query-migrate: {'expected-downtime': 300, 'status': 'active', 'setup-time': 1, 'total-time': 20885, 'ram': {'total': 8607571968, 'postcopy-requests': 0, 'dirty-sync-count': 1, 'multifd-bytes': 0, 'pages-per-second': 32980, 'downtime-bytes': 0, 'page-size': 4096, 'remaining': 2563944448, 'postcopy-bytes': 0, 'mbps': 1082.1456, 'transferred': 2827044036, 'dirty-sync-missed-zero-copy': 0, 'precopy-bytes': 2827041629, 'duplicate': 788374, 'dirty-pages-rate': 0, 'normal-bytes': 2814447616, 'normal': 687121}}
QMP cmd [src6] query-migrate args={}
QMP reply [src6] query-migrate: {'expected-downtime': 300, 'status': 'active', 'setup-time': 1, 'total-time': 21086, 'ram': {'total': 8607571968, 'postcopy-requests': 0, 'dirty-sync-count': 1, 'multifd-bytes': 0, 'pages-per-second': 33520, 'downtime-bytes': 0, 'page-size': 4096, 'remaining': 2536386560, 'postcopy-bytes': 0, 'mbps': 1082.18448, 'transferred': 2854098864, 'dirty-sync-missed-zero-copy': 0, 'precopy-bytes': 2854096437, 'duplicate': 788510, 'dirty-pages-rate': 0, 'normal-bytes': 2841448448, 'normal': 693713}}
QMP cmd [src6] query-migrate args={}
QMP reply [src6] query-migrate: {'expected-downtime': 300, 'status': 'active', 'setup-time': 1, 'total-time': 21287, 'ram': {'total': 8607571968, 'postcopy-requests': 0, 'dirty-sync-count': 1, 'multifd-bytes': 0, 'pages-per-second': 40710, 'downtime-bytes': 0, 'page-size': 4096, 'remaining': 2506121216, 'postcopy-bytes': 0, 'mbps': 1082.7021599999998, 'transferred': 2881159641, 'dirty-sync-missed-zero-copy': 0, 'precopy-bytes': 2881157194, 'duplicate': 789307, 'dirty-pages-rate': 0, 'normal-bytes': 2868449280, 'normal': 700305}}
QMP cmd [src6] query-migrate args={}
QMP reply [src6] query-migrate: {'expected-downtime': 300, 'status': 'active', 'setup-time': 1, 'total-time': 21487, 'ram': {'total': 8607571968, 'postcopy-requests': 0, 'dirty-sync-count': 1, 'multifd-bytes': 0, 'pages-per-second': 33180, 'downtime-bytes': 0, 'page-size': 4096, 'remaining': 2478784512, 'postcopy-bytes': 0, 'mbps': 1082.16, 'transferred': 2908213983, 'dirty-sync-missed-zero-copy': 0, 'precopy-bytes': 2908211516, 'duplicate': 789389, 'dirty-pages-rate': 0, 'normal-bytes': 2895450112, 'normal': 706897}}
QMP cmd [src6] query-migrate args={}
QMP reply [src6] query-migrate: {'expected-downtime': 300, 'status': 'active', 'setup-time': 1, 'total-time': 21688, 'ram': {'total': 8607571968, 'postcopy-requests': 0, 'dirty-sync-count': 1, 'multifd-bytes': 0, 'pages-per-second': 33240, 'downtime-bytes': 0, 'page-size': 4096, 'remaining': 2451480576, 'postcopy-bytes': 0, 'mbps': 1082.16432, 'transferred': 2935268253, 'dirty-sync-missed-zero-copy': 0, 'precopy-bytes': 2935265766, 'duplicate': 789463, 'dirty-pages-rate': 0, 'normal-bytes': 2922450944, 'normal': 713489}}
QMP cmd [src6] query-migrate args={}
QMP reply [src6] query-migrate: {'expected-downtime': 300, 'status': 'active', 'setup-time': 1, 'total-time': 21889, 'ram': {'total': 8607571968, 'postcopy-requests': 0, 'dirty-sync-count': 1, 'multifd-bytes': 0, 'pages-per-second': 32960, 'downtime-bytes': 0, 'page-size': 4096, 'remaining': 2424160256, 'postcopy-bytes': 0, 'mbps': 1082.1441599999998, 'transferred': 2962322559, 'dirty-sync-missed-zero-copy': 0, 'precopy-bytes': 2962320052, 'duplicate': 789541, 'dirty-pages-rate': 0, 'normal-bytes': 2949451776, 'normal': 720081}}
2026-07-15 02:24:41.890117SSH command: ssh -o BatchMode=yes -o StrictHostKeyChecking=no -o UserKnownHostsFile=/dev/null -o ConnectTimeout=1 -o LogLevel=ERROR -p 2227 -i /home/max/.ssh/pgvm_bench user@127.0.0.1 test -f /tmp/bench.done
Return code: 1
Stdout: 
Stderr: 
QMP cmd [src6] query-migrate args={}
QMP reply [src6] query-migrate: {'expected-downtime': 300, 'status': 'active', 'setup-time': 1, 'total-time': 22090, 'ram': {'total': 8607571968, 'postcopy-requests': 0, 'dirty-sync-count': 1, 'multifd-bytes': 0, 'pages-per-second': 33780, 'downtime-bytes': 0, 'page-size': 4096, 'remaining': 2396684288, 'postcopy-bytes': 0, 'mbps': 1082.2032, 'transferred': 2989377207, 'dirty-sync-missed-zero-copy': 0, 'precopy-bytes': 2989374680, 'duplicate': 789657, 'dirty-pages-rate': 0, 'normal-bytes': 2976452608, 'normal': 726673}}
QMP cmd [src6] query-migrate args={}
QMP reply [src6] query-migrate: {'expected-downtime': 300, 'status': 'active', 'setup-time': 1, 'total-time': 22290, 'ram': {'total': 8607571968, 'postcopy-requests': 0, 'dirty-sync-count': 1, 'multifd-bytes': 0, 'pages-per-second': 33760, 'downtime-bytes': 0, 'page-size': 4096, 'remaining': 2369355776, 'postcopy-bytes': 0, 'mbps': 1082.20176, 'transferred': 3016431531, 'dirty-sync-missed-zero-copy': 0, 'precopy-bytes': 3016428984, 'duplicate': 789737, 'dirty-pages-rate': 0, 'normal-bytes': 3003453440, 'normal': 733265}}
QMP cmd [src6] query-migrate args={}
QMP reply [src6] query-migrate: {'expected-downtime': 300, 'status': 'active', 'setup-time': 1, 'total-time': 22491, 'ram': {'total': 8607571968, 'postcopy-requests': 0, 'dirty-sync-count': 1, 'multifd-bytes': 0, 'pages-per-second': 33220, 'downtime-bytes': 0, 'page-size': 4096, 'remaining': 2341814272, 'postcopy-bytes': 0, 'mbps': 1082.1628799999999, 'transferred': 3043486323, 'dirty-sync-missed-zero-copy': 0, 'precopy-bytes': 3043483756, 'duplicate': 789869, 'dirty-pages-rate': 0, 'normal-bytes': 3030454272, 'normal': 739857}}
QMP cmd [src6] query-migrate args={}
QMP reply [src6] query-migrate: {'expected-downtime': 300, 'status': 'active', 'setup-time': 1, 'total-time': 22692, 'ram': {'total': 8607571968, 'postcopy-requests': 0, 'dirty-sync-count': 1, 'multifd-bytes': 0, 'pages-per-second': 32960, 'downtime-bytes': 0, 'page-size': 4096, 'remaining': 2314813440, 'postcopy-bytes': 0, 'mbps': 1082.1441599999998, 'transferred': 3070539927, 'dirty-sync-missed-zero-copy': 0, 'precopy-bytes': 3070537340, 'duplicate': 789869, 'dirty-pages-rate': 0, 'normal-bytes': 3057455104, 'normal': 746449}}
QMP cmd [src6] query-migrate args={}
QMP reply [src6] query-migrate: {'expected-downtime': 300, 'status': 'active', 'setup-time': 1, 'total-time': 22893, 'ram': {'total': 8607571968, 'postcopy-requests': 0, 'dirty-sync-count': 1, 'multifd-bytes': 0, 'pages-per-second': 33920, 'downtime-bytes': 0, 'page-size': 4096, 'remaining': 2286993408, 'postcopy-bytes': 0, 'mbps': 1082.21328, 'transferred': 3097595331, 'dirty-sync-missed-zero-copy': 0, 'precopy-bytes': 3097592724, 'duplicate': 790069, 'dirty-pages-rate': 0, 'normal-bytes': 3084455936, 'normal': 753041}}
QMP cmd [src6] query-migrate args={}
QMP reply [src6] query-migrate: {'expected-downtime': 300, 'status': 'active', 'setup-time': 1, 'total-time': 23094, 'ram': {'total': 8607571968, 'postcopy-requests': 0, 'dirty-sync-count': 1, 'multifd-bytes': 0, 'pages-per-second': 33300, 'downtime-bytes': 0, 'page-size': 4096, 'remaining': 2259492864, 'postcopy-bytes': 0, 'mbps': 1082.1686399999999, 'transferred': 3124650033, 'dirty-sync-missed-zero-copy': 0, 'precopy-bytes': 3124647406, 'duplicate': 790191, 'dirty-pages-rate': 0, 'normal-bytes': 3111456768, 'normal': 759633}}
QMP cmd [src6] query-migrate args={}
QMP reply [src6] query-migrate: {'expected-downtime': 300, 'status': 'active', 'setup-time': 1, 'total-time': 23294, 'ram': {'total': 8607571968, 'postcopy-requests': 0, 'dirty-sync-count': 1, 'multifd-bytes': 0, 'pages-per-second': 34380, 'downtime-bytes': 0, 'page-size': 4096, 'remaining': 2231164928, 'postcopy-bytes': 0, 'mbps': 1082.2464, 'transferred': 3151706553, 'dirty-sync-missed-zero-copy': 0, 'precopy-bytes': 3151703906, 'duplicate': 790515, 'dirty-pages-rate': 0, 'normal-bytes': 3138457600, 'normal': 766225}}
QMP cmd [src6] query-migrate args={}
QMP reply [src6] query-migrate: {'expected-downtime': 300, 'status': 'active', 'setup-time': 1, 'total-time': 23495, 'ram': {'total': 8607571968, 'postcopy-requests': 0, 'dirty-sync-count': 1, 'multifd-bytes': 0, 'pages-per-second': 37390, 'downtime-bytes': 0, 'page-size': 4096, 'remaining': 2201579520, 'postcopy-bytes': 0, 'mbps': 1082.4631200000001, 'transferred': 3178765836, 'dirty-sync-missed-zero-copy': 0, 'precopy-bytes': 3178763169, 'duplicate': 791146, 'dirty-pages-rate': 0, 'normal-bytes': 3165458432, 'normal': 772817}}
QMP cmd [src6] query-migrate args={}
QMP reply [src6] query-migrate: {'expected-downtime': 300, 'status': 'active', 'setup-time': 1, 'total-time': 23696, 'ram': {'total': 8607571968, 'postcopy-requests': 0, 'dirty-sync-count': 1, 'multifd-bytes': 0, 'pages-per-second': 46500, 'downtime-bytes': 0, 'page-size': 4096, 'remaining': 164093952, 'postcopy-bytes': 0, 'mbps': 1083.11904, 'transferred': 3205736604, 'dirty-sync-missed-zero-copy': 0, 'precopy-bytes': 3205733917, 'duplicate': 1283086, 'dirty-pages-rate': 0, 'normal-bytes': 3187957760, 'normal': 778310}}
QMP cmd [src6] query-migrate args={}
QMP reply [src6] query-migrate: {'expected-downtime': 300, 'status': 'active', 'setup-time': 1, 'total-time': 23897, 'ram': {'total': 8607571968, 'postcopy-requests': 0, 'dirty-sync-count': 1, 'multifd-bytes': 0, 'pages-per-second': 34240, 'downtime-bytes': 0, 'page-size': 4096, 'remaining': 136568832, 'postcopy-bytes': 0, 'mbps': 1082.23632, 'transferred': 3232791360, 'dirty-sync-missed-zero-copy': 0, 'precopy-bytes': 3232788653, 'duplicate': 1283214, 'dirty-pages-rate': 0, 'normal-bytes': 3214958592, 'normal': 784902}}
QMP cmd [src6] query-migrate args={}
QMP reply [src6] query-migrate: {'expected-downtime': 300, 'status': 'active', 'setup-time': 1, 'total-time': 24097, 'ram': {'total': 8607571968, 'postcopy-requests': 0, 'dirty-sync-count': 1, 'multifd-bytes': 0, 'pages-per-second': 32960, 'downtime-bytes': 0, 'page-size': 4096, 'remaining': 109568000, 'postcopy-bytes': 0, 'mbps': 1082.1441599999998, 'transferred': 3259844964, 'dirty-sync-missed-zero-copy': 0, 'precopy-bytes': 3259842237, 'duplicate': 1283214, 'dirty-pages-rate': 0, 'normal-bytes': 3241959424, 'normal': 791494}}
2026-07-15 02:24:44.055948SSH command: ssh -o BatchMode=yes -o StrictHostKeyChecking=no -o UserKnownHostsFile=/dev/null -o ConnectTimeout=1 -o LogLevel=ERROR -p 2227 -i /home/max/.ssh/pgvm_bench user@127.0.0.1 test -f /tmp/bench.done
Return code: 1
Stdout: 
Stderr: 
qemu-system-x86_64: terminating on signal 15 from pid 51735 (/home/max/Bachelor-Thesis/Repo/.venv/bin/python)
QMP cmd [src6] query-migrate args={}
QMP reply [src6] query-migrate: {'expected-downtime': 300, 'status': 'active', 'setup-time': 1, 'total-time': 24300, 'ram': {'total': 8607571968, 'postcopy-requests': 0, 'dirty-sync-count': 1, 'multifd-bytes': 0, 'pages-per-second': 32960, 'downtime-bytes': 0, 'page-size': 4096, 'remaining': 82567168, 'postcopy-bytes': 0, 'mbps': 1082.1441599999998, 'transferred': 3286898568, 'dirty-sync-missed-zero-copy': 0, 'precopy-bytes': 3286895821, 'duplicate': 1283214, 'dirty-pages-rate': 0, 'normal-bytes': 3268960256, 'normal': 798086}}
QMP cmd [src6] query-migrate args={}
QMP reply [src6] query-migrate: {'expected-downtime': 300, 'status': 'active', 'setup-time': 1, 'total-time': 24500, 'ram': {'total': 8607571968, 'postcopy-requests': 0, 'dirty-sync-count': 1, 'multifd-bytes': 0, 'pages-per-second': 32960, 'downtime-bytes': 0, 'page-size': 4096, 'remaining': 55566336, 'postcopy-bytes': 0, 'mbps': 1082.1441599999998, 'transferred': 3313952172, 'dirty-sync-missed-zero-copy': 0, 'precopy-bytes': 3313949405, 'duplicate': 1283214, 'dirty-pages-rate': 0, 'normal-bytes': 3295961088, 'normal': 804678}}
QMP cmd [src6] query-migrate args={}
QMP reply [src6] query-migrate: {'expected-downtime': 300, 'status': 'active', 'setup-time': 1, 'total-time': 24701, 'ram': {'total': 8607571968, 'postcopy-requests': 0, 'dirty-sync-count': 1, 'multifd-bytes': 0, 'pages-per-second': 32960, 'downtime-bytes': 0, 'page-size': 4096, 'remaining': 28565504, 'postcopy-bytes': 0, 'mbps': 1082.1441599999998, 'transferred': 3341005776, 'dirty-sync-missed-zero-copy': 0, 'precopy-bytes': 3341002989, 'duplicate': 1283214, 'dirty-pages-rate': 0, 'normal-bytes': 3322961920, 'normal': 811270}}
QMP cmd [src6] query-migrate args={}
QMP reply [src6] query-migrate: {'expected-downtime': 8858, 'status': 'active', 'setup-time': 1, 'total-time': 24902, 'ram': {'total': 8607571968, 'postcopy-requests': 0, 'dirty-sync-count': 2, 'multifd-bytes': 0, 'pages-per-second': 75350, 'downtime-bytes': 0, 'page-size': 4096, 'remaining': 1153761280, 'postcopy-bytes': 0, 'mbps': 1084.22544, 'transferred': 3368090670, 'dirty-sync-missed-zero-copy': 0, 'precopy-bytes': 3368087863, 'duplicate': 1288042, 'dirty-pages-rate': 11582, 'normal-bytes': 3349950464, 'normal': 817859}}
QMP cmd [src6] query-migrate args={}
QMP reply [src6] query-migrate: {'expected-downtime': 8871, 'status': 'active', 'setup-time': 1, 'total-time': 25103, 'ram': {'total': 8607571968, 'postcopy-requests': 0, 'dirty-sync-count': 2, 'multifd-bytes': 0, 'pages-per-second': 39220, 'downtime-bytes': 0, 'page-size': 4096, 'remaining': 1123315712, 'postcopy-bytes': 0, 'mbps': 1082.5948799999999, 'transferred': 3395544685, 'dirty-sync-missed-zero-copy': 0, 'precopy-bytes': 3395669080, 'duplicate': 1288755, 'dirty-pages-rate': 11582, 'normal-bytes': 3377471488, 'normal': 824578}}
QMP cmd [src6] migrate-start-postcopy args={}
QMP reply [src6] migrate-start-postcopy: {}
QMP cmd [src6] query-migrate args={}
QMP reply [src6] query-migrate: {'status': 'postcopy-device', 'setup-time': 1, 'downtime': 80, 'total-time': 25305, 'ram': {'total': 8607571968, 'postcopy-requests': 0, 'dirty-sync-count': 3, 'multifd-bytes': 0, 'pages-per-second': 33650, 'downtime-bytes': 0, 'page-size': 4096, 'remaining': 1093709824, 'postcopy-bytes': 52529820, 'mbps': 1082.1938400000001, 'transferred': 3462229113, 'dirty-sync-missed-zero-copy': 0, 'precopy-bytes': 3408675277, 'duplicate': 1289125, 'dirty-pages-rate': 11582, 'normal-bytes': 3442876416, 'normal': 840546}}
QMP cmd [src6] query-migrate args={}
QMP reply [src6] query-migrate: {'status': 'postcopy-active', 'setup-time': 1, 'downtime': 80, 'total-time': 25505, 'ram': {'total': 8607571968, 'postcopy-requests': 0, 'dirty-sync-count': 3, 'multifd-bytes': 0, 'pages-per-second': 638764, 'downtime-bytes': 0, 'page-size': 4096, 'remaining': 570507264, 'postcopy-bytes': 574407857, 'mbps': 20837.995058823533, 'transferred': 3984107190, 'dirty-sync-missed-zero-copy': 0, 'precopy-bytes': 3408675277, 'duplicate': 1289698, 'dirty-pages-rate': 11582, 'normal-bytes': 3963731968, 'normal': 967708}}
QMP cmd [src6] query-migrate args={}
QMP reply [src6] query-migrate: {'status': 'postcopy-active', 'setup-time': 1, 'downtime': 80, 'total-time': 25706, 'ram': {'total': 8607571968, 'postcopy-requests': 0, 'dirty-sync-count': 3, 'multifd-bytes': 0, 'pages-per-second': 618686, 'downtime-bytes': 0, 'page-size': 4096, 'remaining': 50876416, 'postcopy-bytes': 1085123266, 'mbps': 20066.047058823533, 'transferred': 4494822639, 'dirty-sync-missed-zero-copy': 0, 'precopy-bytes': 3408675277, 'duplicate': 1292123, 'dirty-pages-rate': 11582, 'normal-bytes': 4473430016, 'normal': 1092146}}
QMP cmd [src6] query-migrate args={}
QMP reply [src6] query-migrate: {'status': 'completed', 'setup-time': 1, 'downtime': 80, 'total-time': 25727, 'ram': {'total': 8607571968, 'postcopy-requests': 31, 'dirty-sync-count': 3, 'multifd-bytes': 0, 'pages-per-second': 618686, 'downtime-bytes': 0, 'page-size': 4096, 'remaining': 0, 'postcopy-bytes': 1134395568, 'mbps': 1413.1142647904844, 'transferred': 4544222197, 'dirty-sync-missed-zero-copy': 0, 'precopy-bytes': 3408675277, 'duplicate': 1292540, 'dirty-pages-rate': 0, 'normal-bytes': 4522602496, 'normal': 1104151}}
