2026-07-15 02:38:45.277725SSH command: ssh -o BatchMode=yes -o StrictHostKeyChecking=no -o UserKnownHostsFile=/dev/null -o ConnectTimeout=1 -o LogLevel=ERROR -p 2231 -i /home/max/.ssh/pgvm_bench user@127.0.0.1 systemd-analyze
Return code: 0
Stdout: Startup finished in 792ms (kernel) + 2.213s (userspace) = 3.006s 
graphical.target reached after 2.209s in userspace.

Stderr: 
2026-07-15 02:38:45.425353SSH command: ssh -o BatchMode=yes -o StrictHostKeyChecking=no -o UserKnownHostsFile=/dev/null -o ConnectTimeout=1 -o LogLevel=ERROR -p 2231 -i /home/max/.ssh/pgvm_bench user@127.0.0.1 rm -f /tmp/bench.done /tmp/pg-buffer-hit-ratio.csv /tmp/pg-buffer-sampler.log; nohup bash /home/user/pg_sampler.sh /tmp/bench.done /tmp/pg-buffer-hit-ratio.csv ycsb >/tmp/pg-buffer-sampler.log 2>&1 &
Return code: 0
Stdout: 
Stderr: 
QMP cmd [src10] migrate-set-capabilities args={'capabilities': [{'capability': 'auto-converge', 'state': False}, {'capability': 'events', 'state': True}, {'capability': 'postcopy-blocktime', 'state': True}, {'capability': 'postcopy-ram', 'state': True}]}
QMP cmd [src10] query-migrate args={}
QMP reply [src10] migrate-set-capabilities: {}
QMP cmd [src10] migrate args={'uri': 'unix:/tmp/mig.sock'}
QMP reply [src10] query-migrate: {}
QMP reply [src10] migrate: {}
2026-07-15 02:40:25.835884SSH command: ssh -o BatchMode=yes -o StrictHostKeyChecking=no -o UserKnownHostsFile=/dev/null -o ConnectTimeout=1 -o LogLevel=ERROR -p 2231 -i /home/max/.ssh/pgvm_bench user@127.0.0.1 test -f /tmp/bench.done
Return code: 1
Stdout: 
Stderr: 
QMP cmd [src10] query-migrate args={}
QMP reply [src10] query-migrate: {'expected-downtime': 300, 'status': 'active', 'setup-time': 2, 'total-time': 200, 'ram': {'total': 8607571968, 'postcopy-requests': 0, 'dirty-sync-count': 1, 'multifd-bytes': 0, 'pages-per-second': 35530, 'downtime-bytes': 0, 'page-size': 4096, 'remaining': 8577478656, 'postcopy-bytes': 0, 'mbps': 1082.3292, 'transferred': 27191485, 'dirty-sync-missed-zero-copy': 0, 'precopy-bytes': 27318370, 'duplicate': 691, 'dirty-pages-rate': 0, 'normal-bytes': 27258880, 'normal': 6655}}
QMP cmd [src10] query-migrate args={}
QMP reply [src10] query-migrate: {'expected-downtime': 300, 'status': 'active', 'setup-time': 2, 'total-time': 401, 'ram': {'total': 8607571968, 'postcopy-requests': 0, 'dirty-sync-count': 1, 'multifd-bytes': 0, 'pages-per-second': 2045870, 'downtime-bytes': 0, 'page-size': 4096, 'remaining': 7681077248, 'postcopy-bytes': 0, 'mbps': 1074.08448, 'transferred': 61605838, 'dirty-sync-missed-zero-copy': 0, 'precopy-bytes': 61732703, 'duplicate': 211616, 'dirty-pages-rate': 0, 'normal-bytes': 59711488, 'normal': 14578}}
QMP cmd [src10] query-migrate args={}
QMP reply [src10] query-migrate: {'expected-downtime': 300, 'status': 'active', 'setup-time': 2, 'total-time': 602, 'ram': {'total': 8607571968, 'postcopy-requests': 0, 'dirty-sync-count': 1, 'multifd-bytes': 0, 'pages-per-second': 158720, 'downtime-bytes': 0, 'page-size': 4096, 'remaining': 5353508864, 'postcopy-bytes': 0, 'mbps': 1077.11208, 'transferred': 89169013, 'dirty-sync-missed-zero-copy': 0, 'precopy-bytes': 89201602, 'duplicate': 774409, 'dirty-pages-rate': 0, 'normal-bytes': 82071552, 'normal': 20037}}
QMP cmd [src10] query-migrate args={}
QMP reply [src10] query-migrate: {'expected-downtime': 300, 'status': 'active', 'setup-time': 2, 'total-time': 803, 'ram': {'total': 8607571968, 'postcopy-requests': 0, 'dirty-sync-count': 1, 'multifd-bytes': 0, 'pages-per-second': 57150, 'downtime-bytes': 0, 'page-size': 4096, 'remaining': 5308366848, 'postcopy-bytes': 0, 'mbps': 1083.8858400000001, 'transferred': 119014246, 'dirty-sync-missed-zero-copy': 0, 'precopy-bytes': 119141080, 'duplicate': 778145, 'dirty-pages-rate': 0, 'normal-bytes': 111919104, 'normal': 27324}}
QMP cmd [src10] query-migrate args={}
QMP reply [src10] query-migrate: {'expected-downtime': 300, 'status': 'active', 'setup-time': 2, 'total-time': 1003, 'ram': {'total': 8607571968, 'postcopy-requests': 0, 'dirty-sync-count': 1, 'multifd-bytes': 0, 'pages-per-second': 35930, 'downtime-bytes': 0, 'page-size': 4096, 'remaining': 5270392832, 'postcopy-bytes': 0, 'mbps': 1082.358, 'transferred': 148582026, 'dirty-sync-missed-zero-copy': 0, 'precopy-bytes': 148581599, 'duplicate': 780248, 'dirty-pages-rate': 0, 'normal-bytes': 141283328, 'normal': 34493}}
QMP cmd [src10] query-migrate args={}
QMP reply [src10] query-migrate: {'expected-downtime': 300, 'status': 'active', 'setup-time': 2, 'total-time': 1204, 'ram': {'total': 8607571968, 'postcopy-requests': 0, 'dirty-sync-count': 1, 'multifd-bytes': 0, 'pages-per-second': 33750, 'downtime-bytes': 0, 'page-size': 4096, 'remaining': 5242994688, 'postcopy-bytes': 0, 'mbps': 1082.2010400000001, 'transferred': 175636503, 'dirty-sync-missed-zero-copy': 0, 'precopy-bytes': 175636056, 'duplicate': 780345, 'dirty-pages-rate': 0, 'normal-bytes': 168284160, 'normal': 41085}}
QMP cmd [src10] query-migrate args={}
QMP reply [src10] query-migrate: {'expected-downtime': 300, 'status': 'active', 'setup-time': 2, 'total-time': 1405, 'ram': {'total': 8607571968, 'postcopy-requests': 0, 'dirty-sync-count': 1, 'multifd-bytes': 0, 'pages-per-second': 33840, 'downtime-bytes': 0, 'page-size': 4096, 'remaining': 5212418048, 'postcopy-bytes': 0, 'mbps': 1082.20752, 'transferred': 202697964, 'dirty-sync-missed-zero-copy': 0, 'precopy-bytes': 202697497, 'duplicate': 781218, 'dirty-pages-rate': 0, 'normal-bytes': 195284992, 'normal': 47677}}
QMP cmd [src10] query-migrate args={}
QMP reply [src10] query-migrate: {'expected-downtime': 300, 'status': 'active', 'setup-time': 2, 'total-time': 1606, 'ram': {'total': 8607571968, 'postcopy-requests': 0, 'dirty-sync-count': 1, 'multifd-bytes': 0, 'pages-per-second': 44470, 'downtime-bytes': 0, 'page-size': 4096, 'remaining': 5163528192, 'postcopy-bytes': 0, 'mbps': 1082.9728799999998, 'transferred': 229746429, 'dirty-sync-missed-zero-copy': 0, 'precopy-bytes': 229745942, 'duplicate': 786575, 'dirty-pages-rate': 0, 'normal-bytes': 222232576, 'normal': 54256}}
QMP cmd [src10] query-migrate args={}
QMP reply [src10] query-migrate: {'expected-downtime': 300, 'status': 'active', 'setup-time': 2, 'total-time': 1806, 'ram': {'total': 8607571968, 'postcopy-requests': 0, 'dirty-sync-count': 1, 'multifd-bytes': 0, 'pages-per-second': 34550, 'downtime-bytes': 0, 'page-size': 4096, 'remaining': 5135671296, 'postcopy-bytes': 0, 'mbps': 1082.2586399999998, 'transferred': 256801914, 'dirty-sync-missed-zero-copy': 0, 'precopy-bytes': 256801407, 'duplicate': 786784, 'dirty-pages-rate': 0, 'normal-bytes': 249233408, 'normal': 60848}}
QMP cmd [src10] query-migrate args={}
QMP reply [src10] query-migrate: {'expected-downtime': 300, 'status': 'active', 'setup-time': 2, 'total-time': 2007, 'ram': {'total': 8607571968, 'postcopy-requests': 0, 'dirty-sync-count': 1, 'multifd-bytes': 0, 'pages-per-second': 33010, 'downtime-bytes': 0, 'page-size': 4096, 'remaining': 5108580352, 'postcopy-bytes': 0, 'mbps': 1082.14776, 'transferred': 283855716, 'dirty-sync-missed-zero-copy': 0, 'precopy-bytes': 283855189, 'duplicate': 786806, 'dirty-pages-rate': 0, 'normal-bytes': 276234240, 'normal': 67440}}
QMP cmd [src10] query-migrate args={}
QMP reply [src10] query-migrate: {'expected-downtime': 300, 'status': 'active', 'setup-time': 2, 'total-time': 2208, 'ram': {'total': 8607571968, 'postcopy-requests': 0, 'dirty-sync-count': 1, 'multifd-bytes': 0, 'pages-per-second': 33069, 'downtime-bytes': 0, 'page-size': 4096, 'remaining': 5079752704, 'postcopy-bytes': 0, 'mbps': 1071.4612277227723, 'transferred': 310913334, 'dirty-sync-missed-zero-copy': 0, 'precopy-bytes': 310912787, 'duplicate': 787252, 'dirty-pages-rate': 0, 'normal-bytes': 303235072, 'normal': 74032}}
2026-07-15 02:40:28.009179SSH command: ssh -o BatchMode=yes -o StrictHostKeyChecking=no -o UserKnownHostsFile=/dev/null -o ConnectTimeout=1 -o LogLevel=ERROR -p 2231 -i /home/max/.ssh/pgvm_bench user@127.0.0.1 test -f /tmp/bench.done
Return code: 1
Stdout: 
Stderr: 
QMP cmd [src10] query-migrate args={}
QMP reply [src10] query-migrate: {'expected-downtime': 300, 'status': 'active', 'setup-time': 2, 'total-time': 2409, 'ram': {'total': 8607571968, 'postcopy-requests': 0, 'dirty-sync-count': 1, 'multifd-bytes': 0, 'pages-per-second': 46370, 'downtime-bytes': 0, 'page-size': 4096, 'remaining': 5038059520, 'postcopy-bytes': 0, 'mbps': 1083.10968, 'transferred': 337999221, 'dirty-sync-missed-zero-copy': 0, 'precopy-bytes': 337998654, 'duplicate': 790839, 'dirty-pages-rate': 0, 'normal-bytes': 330235904, 'normal': 80624}}
QMP cmd [src10] query-migrate args={}
QMP reply [src10] query-migrate: {'expected-downtime': 300, 'status': 'active', 'setup-time': 2, 'total-time': 2610, 'ram': {'total': 8607571968, 'postcopy-requests': 0, 'dirty-sync-count': 1, 'multifd-bytes': 0, 'pages-per-second': 33360, 'downtime-bytes': 0, 'page-size': 4096, 'remaining': 5010890752, 'postcopy-bytes': 0, 'mbps': 1082.1729599999999, 'transferred': 365053194, 'dirty-sync-missed-zero-copy': 0, 'precopy-bytes': 365052607, 'duplicate': 790880, 'dirty-pages-rate': 0, 'normal-bytes': 357236736, 'normal': 87216}}
QMP cmd [src10] query-migrate args={}
QMP reply [src10] query-migrate: {'expected-downtime': 300, 'status': 'active', 'setup-time': 2, 'total-time': 2811, 'ram': {'total': 8607571968, 'postcopy-requests': 0, 'dirty-sync-count': 1, 'multifd-bytes': 0, 'pages-per-second': 32960, 'downtime-bytes': 0, 'page-size': 4096, 'remaining': 4983758848, 'postcopy-bytes': 0, 'mbps': 1082.1441599999998, 'transferred': 392107086, 'dirty-sync-missed-zero-copy': 0, 'precopy-bytes': 392106479, 'duplicate': 790912, 'dirty-pages-rate': 0, 'normal-bytes': 384237568, 'normal': 93808}}
QMP cmd [src10] query-migrate args={}
QMP reply [src10] query-migrate: {'expected-downtime': 300, 'status': 'active', 'setup-time': 2, 'total-time': 3011, 'ram': {'total': 8607571968, 'postcopy-requests': 0, 'dirty-sync-count': 1, 'multifd-bytes': 0, 'pages-per-second': 33760, 'downtime-bytes': 0, 'page-size': 4096, 'remaining': 4956291072, 'postcopy-bytes': 0, 'mbps': 1082.20176, 'transferred': 419161716, 'dirty-sync-missed-zero-copy': 0, 'precopy-bytes': 419161089, 'duplicate': 791026, 'dirty-pages-rate': 0, 'normal-bytes': 411238400, 'normal': 100400}}
QMP cmd [src10] query-migrate args={}
QMP reply [src10] query-migrate: {'expected-downtime': 300, 'status': 'active', 'setup-time': 2, 'total-time': 3212, 'ram': {'total': 8607571968, 'postcopy-requests': 0, 'dirty-sync-count': 1, 'multifd-bytes': 0, 'pages-per-second': 39500, 'downtime-bytes': 0, 'page-size': 4096, 'remaining': 4926590976, 'postcopy-bytes': 0, 'mbps': 1082.6150400000001, 'transferred': 446221251, 'dirty-sync-missed-zero-copy': 0, 'precopy-bytes': 446220604, 'duplicate': 791685, 'dirty-pages-rate': 0, 'normal-bytes': 438239232, 'normal': 106992}}
QMP cmd [src10] query-migrate args={}
QMP reply [src10] query-migrate: {'expected-downtime': 300, 'status': 'active', 'setup-time': 2, 'total-time': 3413, 'ram': {'total': 8607571968, 'postcopy-requests': 0, 'dirty-sync-count': 1, 'multifd-bytes': 0, 'pages-per-second': 33390, 'downtime-bytes': 0, 'page-size': 4096, 'remaining': 4898824192, 'postcopy-bytes': 0, 'mbps': 1082.17512, 'transferred': 473276538, 'dirty-sync-missed-zero-copy': 0, 'precopy-bytes': 473275871, 'duplicate': 791872, 'dirty-pages-rate': 0, 'normal-bytes': 465240064, 'normal': 113584}}
QMP cmd [src10] query-migrate args={}
QMP reply [src10] query-migrate: {'expected-downtime': 300, 'status': 'active', 'setup-time': 2, 'total-time': 3614, 'ram': {'total': 8607571968, 'postcopy-requests': 0, 'dirty-sync-count': 1, 'multifd-bytes': 0, 'pages-per-second': 33820, 'downtime-bytes': 0, 'page-size': 4096, 'remaining': 4871380992, 'postcopy-bytes': 0, 'mbps': 1082.2060800000002, 'transferred': 500331114, 'dirty-sync-missed-zero-copy': 0, 'precopy-bytes': 500330427, 'duplicate': 791980, 'dirty-pages-rate': 0, 'normal-bytes': 492240896, 'normal': 120176}}
QMP cmd [src10] query-migrate args={}
QMP reply [src10] query-migrate: {'expected-downtime': 300, 'status': 'active', 'setup-time': 2, 'total-time': 3814, 'ram': {'total': 8607571968, 'postcopy-requests': 0, 'dirty-sync-count': 1, 'multifd-bytes': 0, 'pages-per-second': 33760, 'downtime-bytes': 0, 'page-size': 4096, 'remaining': 4843991040, 'postcopy-bytes': 0, 'mbps': 1082.20176, 'transferred': 527385573, 'dirty-sync-missed-zero-copy': 0, 'precopy-bytes': 527384866, 'duplicate': 792075, 'dirty-pages-rate': 0, 'normal-bytes': 519241728, 'normal': 126768}}
QMP cmd [src10] query-migrate args={}
QMP reply [src10] query-migrate: {'expected-downtime': 300, 'status': 'active', 'setup-time': 2, 'total-time': 4015, 'ram': {'total': 8607571968, 'postcopy-requests': 0, 'dirty-sync-count': 1, 'multifd-bytes': 0, 'pages-per-second': 35610, 'downtime-bytes': 0, 'page-size': 4096, 'remaining': 4815880192, 'postcopy-bytes': 0, 'mbps': 1082.33496, 'transferred': 554441616, 'dirty-sync-missed-zero-copy': 0, 'precopy-bytes': 554440889, 'duplicate': 792346, 'dirty-pages-rate': 0, 'normal-bytes': 546242560, 'normal': 133360}}
QMP cmd [src10] query-migrate args={}
QMP reply [src10] query-migrate: {'expected-downtime': 300, 'status': 'active', 'setup-time': 2, 'total-time': 4216, 'ram': {'total': 8607571968, 'postcopy-requests': 0, 'dirty-sync-count': 1, 'multifd-bytes': 0, 'pages-per-second': 33000, 'downtime-bytes': 0, 'page-size': 4096, 'remaining': 4788862976, 'postcopy-bytes': 0, 'mbps': 1082.14704, 'transferred': 581495256, 'dirty-sync-missed-zero-copy': 0, 'precopy-bytes': 581494509, 'duplicate': 792350, 'dirty-pages-rate': 0, 'normal-bytes': 573243392, 'normal': 139952}}
QMP cmd [src10] query-migrate args={}
QMP reply [src10] query-migrate: {'expected-downtime': 300, 'status': 'active', 'setup-time': 2, 'total-time': 4417, 'ram': {'total': 8607571968, 'postcopy-requests': 0, 'dirty-sync-count': 1, 'multifd-bytes': 0, 'pages-per-second': 33290, 'downtime-bytes': 0, 'page-size': 4096, 'remaining': 4761661440, 'postcopy-bytes': 0, 'mbps': 1082.1679199999999, 'transferred': 608549301, 'dirty-sync-missed-zero-copy': 0, 'precopy-bytes': 608548534, 'duplicate': 792399, 'dirty-pages-rate': 0, 'normal-bytes': 600244224, 'normal': 146544}}
2026-07-15 02:40:30.194224SSH command: ssh -o BatchMode=yes -o StrictHostKeyChecking=no -o UserKnownHostsFile=/dev/null -o ConnectTimeout=1 -o LogLevel=ERROR -p 2231 -i /home/max/.ssh/pgvm_bench user@127.0.0.1 test -f /tmp/bench.done
Return code: 1
Stdout: 
Stderr: 
QMP cmd [src10] query-migrate args={}
QMP reply [src10] query-migrate: {'expected-downtime': 300, 'status': 'active', 'setup-time': 2, 'total-time': 4618, 'ram': {'total': 8607571968, 'postcopy-requests': 0, 'dirty-sync-count': 1, 'multifd-bytes': 0, 'pages-per-second': 33950, 'downtime-bytes': 0, 'page-size': 4096, 'remaining': 4733894656, 'postcopy-bytes': 0, 'mbps': 1082.21544, 'transferred': 635604588, 'dirty-sync-missed-zero-copy': 0, 'precopy-bytes': 635603801, 'duplicate': 792586, 'dirty-pages-rate': 0, 'normal-bytes': 627245056, 'normal': 153136}}
QMP cmd [src10] query-migrate args={}
QMP reply [src10] query-migrate: {'expected-downtime': 300, 'status': 'active', 'setup-time': 2, 'total-time': 4819, 'ram': {'total': 8607571968, 'postcopy-requests': 0, 'dirty-sync-count': 1, 'multifd-bytes': 0, 'pages-per-second': 33770, 'downtime-bytes': 0, 'page-size': 4096, 'remaining': 4706545664, 'postcopy-bytes': 0, 'mbps': 1082.20248, 'transferred': 662658957, 'dirty-sync-missed-zero-copy': 0, 'precopy-bytes': 662658150, 'duplicate': 792671, 'dirty-pages-rate': 0, 'normal-bytes': 654245888, 'normal': 159728}}
QMP cmd [src10] query-migrate args={}
QMP reply [src10] query-migrate: {'expected-downtime': 300, 'status': 'active', 'setup-time': 2, 'total-time': 5020, 'ram': {'total': 8607571968, 'postcopy-requests': 0, 'dirty-sync-count': 1, 'multifd-bytes': 0, 'pages-per-second': 33000, 'downtime-bytes': 0, 'page-size': 4096, 'remaining': 4679368704, 'postcopy-bytes': 0, 'mbps': 1082.14704, 'transferred': 689712948, 'dirty-sync-missed-zero-copy': 0, 'precopy-bytes': 689712121, 'duplicate': 792714, 'dirty-pages-rate': 0, 'normal-bytes': 681246720, 'normal': 166320}}
QMP cmd [src10] query-migrate args={}
QMP reply [src10] query-migrate: {'expected-downtime': 300, 'status': 'active', 'setup-time': 2, 'total-time': 5220, 'ram': {'total': 8607571968, 'postcopy-requests': 0, 'dirty-sync-count': 1, 'multifd-bytes': 0, 'pages-per-second': 33180, 'downtime-bytes': 0, 'page-size': 4096, 'remaining': 4651986944, 'postcopy-bytes': 0, 'mbps': 1082.16, 'transferred': 716767389, 'dirty-sync-missed-zero-copy': 0, 'precopy-bytes': 716766542, 'duplicate': 792807, 'dirty-pages-rate': 0, 'normal-bytes': 708247552, 'normal': 172912}}
QMP cmd [src10] query-migrate args={}
QMP reply [src10] query-migrate: {'expected-downtime': 300, 'status': 'active', 'setup-time': 2, 'total-time': 5421, 'ram': {'total': 8607571968, 'postcopy-requests': 0, 'dirty-sync-count': 1, 'multifd-bytes': 0, 'pages-per-second': 32960, 'downtime-bytes': 0, 'page-size': 4096, 'remaining': 4624977920, 'postcopy-bytes': 0, 'mbps': 1082.1441599999998, 'transferred': 743821011, 'dirty-sync-missed-zero-copy': 0, 'precopy-bytes': 743820144, 'duplicate': 792809, 'dirty-pages-rate': 0, 'normal-bytes': 735248384, 'normal': 179504}}
QMP cmd [src10] query-migrate args={}
QMP reply [src10] query-migrate: {'expected-downtime': 300, 'status': 'active', 'setup-time': 2, 'total-time': 5622, 'ram': {'total': 8607571968, 'postcopy-requests': 0, 'dirty-sync-count': 1, 'multifd-bytes': 0, 'pages-per-second': 38100, 'downtime-bytes': 0, 'page-size': 4096, 'remaining': 4595863552, 'postcopy-bytes': 0, 'mbps': 1082.51424, 'transferred': 770879259, 'dirty-sync-missed-zero-copy': 0, 'precopy-bytes': 770878372, 'duplicate': 793325, 'dirty-pages-rate': 0, 'normal-bytes': 762249216, 'normal': 186096}}
QMP cmd [src10] query-migrate args={}
QMP reply [src10] query-migrate: {'expected-downtime': 300, 'status': 'active', 'setup-time': 2, 'total-time': 5823, 'ram': {'total': 8607571968, 'postcopy-requests': 0, 'dirty-sync-count': 1, 'multifd-bytes': 0, 'pages-per-second': 32960, 'downtime-bytes': 0, 'page-size': 4096, 'remaining': 4567203840, 'postcopy-bytes': 0, 'mbps': 1082.1441599999998, 'transferred': 797936508, 'dirty-sync-missed-zero-copy': 0, 'precopy-bytes': 797935601, 'duplicate': 793730, 'dirty-pages-rate': 0, 'normal-bytes': 789250048, 'normal': 192688}}
QMP cmd [src10] query-migrate args={}
QMP reply [src10] query-migrate: {'expected-downtime': 300, 'status': 'active', 'setup-time': 2, 'total-time': 6023, 'ram': {'total': 8607571968, 'postcopy-requests': 0, 'dirty-sync-count': 1, 'multifd-bytes': 0, 'pages-per-second': 38100, 'downtime-bytes': 0, 'page-size': 4096, 'remaining': 4538093568, 'postcopy-bytes': 0, 'mbps': 1082.51424, 'transferred': 824994747, 'dirty-sync-missed-zero-copy': 0, 'precopy-bytes': 824993820, 'duplicate': 794245, 'dirty-pages-rate': 0, 'normal-bytes': 816250880, 'normal': 199280}}
QMP cmd [src10] query-migrate args={}
QMP reply [src10] query-migrate: {'expected-downtime': 300, 'status': 'active', 'setup-time': 2, 'total-time': 6224, 'ram': {'total': 8607571968, 'postcopy-requests': 0, 'dirty-sync-count': 1, 'multifd-bytes': 0, 'pages-per-second': 32960, 'downtime-bytes': 0, 'page-size': 4096, 'remaining': 4511076352, 'postcopy-bytes': 0, 'mbps': 1082.1441599999998, 'transferred': 852048387, 'dirty-sync-missed-zero-copy': 0, 'precopy-bytes': 852047440, 'duplicate': 794249, 'dirty-pages-rate': 0, 'normal-bytes': 843251712, 'normal': 205872}}
QMP cmd [src10] query-migrate args={}
QMP reply [src10] query-migrate: {'expected-downtime': 300, 'status': 'active', 'setup-time': 2, 'total-time': 6425, 'ram': {'total': 8607571968, 'postcopy-requests': 0, 'dirty-sync-count': 1, 'multifd-bytes': 0, 'pages-per-second': 33460, 'downtime-bytes': 0, 'page-size': 4096, 'remaining': 4483862528, 'postcopy-bytes': 0, 'mbps': 1082.18016, 'transferred': 879102459, 'dirty-sync-missed-zero-copy': 0, 'precopy-bytes': 879101492, 'duplicate': 794301, 'dirty-pages-rate': 0, 'normal-bytes': 870252544, 'normal': 212464}}
QMP cmd [src10] query-migrate args={}
QMP reply [src10] query-migrate: {'expected-downtime': 300, 'status': 'active', 'setup-time': 2, 'total-time': 6626, 'ram': {'total': 8607571968, 'postcopy-requests': 0, 'dirty-sync-count': 1, 'multifd-bytes': 0, 'pages-per-second': 32960, 'downtime-bytes': 0, 'page-size': 4096, 'remaining': 4456861696, 'postcopy-bytes': 0, 'mbps': 1082.1441599999998, 'transferred': 906156063, 'dirty-sync-missed-zero-copy': 0, 'precopy-bytes': 906155076, 'duplicate': 794301, 'dirty-pages-rate': 0, 'normal-bytes': 897253376, 'normal': 219056}}
2026-07-15 02:40:32.358135SSH command: ssh -o BatchMode=yes -o StrictHostKeyChecking=no -o UserKnownHostsFile=/dev/null -o ConnectTimeout=1 -o LogLevel=ERROR -p 2231 -i /home/max/.ssh/pgvm_bench user@127.0.0.1 test -f /tmp/bench.done
Return code: 1
Stdout: 
Stderr: 
QMP cmd [src10] query-migrate args={}
QMP reply [src10] query-migrate: {'expected-downtime': 300, 'status': 'active', 'setup-time': 2, 'total-time': 6829, 'ram': {'total': 8607571968, 'postcopy-requests': 0, 'dirty-sync-count': 1, 'multifd-bytes': 0, 'pages-per-second': 33000, 'downtime-bytes': 0, 'page-size': 4096, 'remaining': 4429844480, 'postcopy-bytes': 0, 'mbps': 1082.14704, 'transferred': 933209703, 'dirty-sync-missed-zero-copy': 0, 'precopy-bytes': 933208696, 'duplicate': 794305, 'dirty-pages-rate': 0, 'normal-bytes': 924254208, 'normal': 225648}}
QMP cmd [src10] query-migrate args={}
QMP reply [src10] query-migrate: {'expected-downtime': 300, 'status': 'active', 'setup-time': 2, 'total-time': 7030, 'ram': {'total': 8607571968, 'postcopy-requests': 0, 'dirty-sync-count': 1, 'multifd-bytes': 0, 'pages-per-second': 32960, 'downtime-bytes': 0, 'page-size': 4096, 'remaining': 4402843648, 'postcopy-bytes': 0, 'mbps': 1082.1441599999998, 'transferred': 960263307, 'dirty-sync-missed-zero-copy': 0, 'precopy-bytes': 960262280, 'duplicate': 794305, 'dirty-pages-rate': 0, 'normal-bytes': 951255040, 'normal': 232240}}
QMP cmd [src10] query-migrate args={}
QMP reply [src10] query-migrate: {'expected-downtime': 300, 'status': 'active', 'setup-time': 2, 'total-time': 7231, 'ram': {'total': 8607571968, 'postcopy-requests': 0, 'dirty-sync-count': 1, 'multifd-bytes': 0, 'pages-per-second': 32960, 'downtime-bytes': 0, 'page-size': 4096, 'remaining': 4375826432, 'postcopy-bytes': 0, 'mbps': 1082.1441599999998, 'transferred': 987316947, 'dirty-sync-missed-zero-copy': 0, 'precopy-bytes': 987315900, 'duplicate': 794309, 'dirty-pages-rate': 0, 'normal-bytes': 978255872, 'normal': 238832}}
QMP cmd [src10] query-migrate args={}
QMP reply [src10] query-migrate: {'expected-downtime': 300, 'status': 'active', 'setup-time': 2, 'total-time': 7431, 'ram': {'total': 8607571968, 'postcopy-requests': 0, 'dirty-sync-count': 1, 'multifd-bytes': 0, 'pages-per-second': 33000, 'downtime-bytes': 0, 'page-size': 4096, 'remaining': 4348530688, 'postcopy-bytes': 0, 'mbps': 1082.14704, 'transferred': 1014371199, 'dirty-sync-missed-zero-copy': 0, 'precopy-bytes': 1014370132, 'duplicate': 794381, 'dirty-pages-rate': 0, 'normal-bytes': 1005256704, 'normal': 245424}}
QMP cmd [src10] query-migrate args={}
QMP reply [src10] query-migrate: {'expected-downtime': 300, 'status': 'active', 'setup-time': 2, 'total-time': 7632, 'ram': {'total': 8607571968, 'postcopy-requests': 0, 'dirty-sync-count': 1, 'multifd-bytes': 0, 'pages-per-second': 32980, 'downtime-bytes': 0, 'page-size': 4096, 'remaining': 4321505280, 'postcopy-bytes': 0, 'mbps': 1082.1456, 'transferred': 1041424857, 'dirty-sync-missed-zero-copy': 0, 'precopy-bytes': 1041423770, 'duplicate': 794387, 'dirty-pages-rate': 0, 'normal-bytes': 1032257536, 'normal': 252016}}
QMP cmd [src10] query-migrate args={}
QMP reply [src10] query-migrate: {'expected-downtime': 300, 'status': 'active', 'setup-time': 2, 'total-time': 7833, 'ram': {'total': 8607571968, 'postcopy-requests': 0, 'dirty-sync-count': 1, 'multifd-bytes': 0, 'pages-per-second': 32960, 'downtime-bytes': 0, 'page-size': 4096, 'remaining': 4294496256, 'postcopy-bytes': 0, 'mbps': 1082.1441599999998, 'transferred': 1068478479, 'dirty-sync-missed-zero-copy': 0, 'precopy-bytes': 1068477372, 'duplicate': 794389, 'dirty-pages-rate': 0, 'normal-bytes': 1059258368, 'normal': 258608}}
QMP cmd [src10] query-migrate args={}
QMP reply [src10] query-migrate: {'expected-downtime': 300, 'status': 'active', 'setup-time': 2, 'total-time': 8034, 'ram': {'total': 8607571968, 'postcopy-requests': 0, 'dirty-sync-count': 1, 'multifd-bytes': 0, 'pages-per-second': 32980, 'downtime-bytes': 0, 'page-size': 4096, 'remaining': 4267487232, 'postcopy-bytes': 0, 'mbps': 1082.1456, 'transferred': 1095532101, 'dirty-sync-missed-zero-copy': 0, 'precopy-bytes': 1095530974, 'duplicate': 794391, 'dirty-pages-rate': 0, 'normal-bytes': 1086259200, 'normal': 265200}}
QMP cmd [src10] query-migrate args={}
QMP reply [src10] query-migrate: {'expected-downtime': 300, 'status': 'active', 'setup-time': 2, 'total-time': 8234, 'ram': {'total': 8607571968, 'postcopy-requests': 0, 'dirty-sync-count': 1, 'multifd-bytes': 0, 'pages-per-second': 32960, 'downtime-bytes': 0, 'page-size': 4096, 'remaining': 4240478208, 'postcopy-bytes': 0, 'mbps': 1082.1441599999998, 'transferred': 1122585723, 'dirty-sync-missed-zero-copy': 0, 'precopy-bytes': 1122584576, 'duplicate': 794393, 'dirty-pages-rate': 0, 'normal-bytes': 1113260032, 'normal': 271792}}
QMP cmd [src10] query-migrate args={}
QMP reply [src10] query-migrate: {'expected-downtime': 300, 'status': 'active', 'setup-time': 2, 'total-time': 8435, 'ram': {'total': 8607571968, 'postcopy-requests': 0, 'dirty-sync-count': 1, 'multifd-bytes': 0, 'pages-per-second': 32980, 'downtime-bytes': 0, 'page-size': 4096, 'remaining': 4213460992, 'postcopy-bytes': 0, 'mbps': 1082.1456, 'transferred': 1149639363, 'dirty-sync-missed-zero-copy': 0, 'precopy-bytes': 1149638196, 'duplicate': 794397, 'dirty-pages-rate': 0, 'normal-bytes': 1140260864, 'normal': 278384}}
QMP cmd [src10] query-migrate args={}
QMP reply [src10] query-migrate: {'expected-downtime': 300, 'status': 'active', 'setup-time': 2, 'total-time': 8636, 'ram': {'total': 8607571968, 'postcopy-requests': 0, 'dirty-sync-count': 1, 'multifd-bytes': 0, 'pages-per-second': 32980, 'downtime-bytes': 0, 'page-size': 4096, 'remaining': 4186451968, 'postcopy-bytes': 0, 'mbps': 1082.1456, 'transferred': 1176692985, 'dirty-sync-missed-zero-copy': 0, 'precopy-bytes': 1176691798, 'duplicate': 794399, 'dirty-pages-rate': 0, 'normal-bytes': 1167261696, 'normal': 284976}}
QMP cmd [src10] query-migrate args={}
QMP reply [src10] query-migrate: {'expected-downtime': 300, 'status': 'active', 'setup-time': 2, 'total-time': 8837, 'ram': {'total': 8607571968, 'postcopy-requests': 0, 'dirty-sync-count': 1, 'multifd-bytes': 0, 'pages-per-second': 33020, 'downtime-bytes': 0, 'page-size': 4096, 'remaining': 4159426560, 'postcopy-bytes': 0, 'mbps': 1082.14848, 'transferred': 1203746643, 'dirty-sync-missed-zero-copy': 0, 'precopy-bytes': 1203745436, 'duplicate': 794405, 'dirty-pages-rate': 0, 'normal-bytes': 1194262528, 'normal': 291568}}
2026-07-15 02:40:34.537397SSH command: ssh -o BatchMode=yes -o StrictHostKeyChecking=no -o UserKnownHostsFile=/dev/null -o ConnectTimeout=1 -o LogLevel=ERROR -p 2231 -i /home/max/.ssh/pgvm_bench user@127.0.0.1 test -f /tmp/bench.done
Return code: 1
Stdout: 
Stderr: 
QMP cmd [src10] query-migrate args={}
QMP reply [src10] query-migrate: {'expected-downtime': 300, 'status': 'active', 'setup-time': 2, 'total-time': 9039, 'ram': {'total': 8607571968, 'postcopy-requests': 0, 'dirty-sync-count': 1, 'multifd-bytes': 0, 'pages-per-second': 32960, 'downtime-bytes': 0, 'page-size': 4096, 'remaining': 4132425728, 'postcopy-bytes': 0, 'mbps': 1082.1441599999998, 'transferred': 1230800247, 'dirty-sync-missed-zero-copy': 0, 'precopy-bytes': 1230799020, 'duplicate': 794405, 'dirty-pages-rate': 0, 'normal-bytes': 1221263360, 'normal': 298160}}
QMP cmd [src10] query-migrate args={}
QMP reply [src10] query-migrate: {'expected-downtime': 300, 'status': 'active', 'setup-time': 2, 'total-time': 9240, 'ram': {'total': 8607571968, 'postcopy-requests': 0, 'dirty-sync-count': 1, 'multifd-bytes': 0, 'pages-per-second': 32980, 'downtime-bytes': 0, 'page-size': 4096, 'remaining': 4105416704, 'postcopy-bytes': 0, 'mbps': 1082.1456, 'transferred': 1257853869, 'dirty-sync-missed-zero-copy': 0, 'precopy-bytes': 1257852622, 'duplicate': 794407, 'dirty-pages-rate': 0, 'normal-bytes': 1248264192, 'normal': 304752}}
QMP cmd [src10] query-migrate args={}
QMP reply [src10] query-migrate: {'expected-downtime': 300, 'status': 'active', 'setup-time': 2, 'total-time': 9441, 'ram': {'total': 8607571968, 'postcopy-requests': 0, 'dirty-sync-count': 1, 'multifd-bytes': 0, 'pages-per-second': 32980, 'downtime-bytes': 0, 'page-size': 4096, 'remaining': 4078391296, 'postcopy-bytes': 0, 'mbps': 1082.1456, 'transferred': 1284907527, 'dirty-sync-missed-zero-copy': 0, 'precopy-bytes': 1284906260, 'duplicate': 794413, 'dirty-pages-rate': 0, 'normal-bytes': 1275265024, 'normal': 311344}}
QMP cmd [src10] query-migrate args={}
QMP reply [src10] query-migrate: {'expected-downtime': 300, 'status': 'active', 'setup-time': 2, 'total-time': 9641, 'ram': {'total': 8607571968, 'postcopy-requests': 0, 'dirty-sync-count': 1, 'multifd-bytes': 0, 'pages-per-second': 33000, 'downtime-bytes': 0, 'page-size': 4096, 'remaining': 4051365888, 'postcopy-bytes': 0, 'mbps': 1082.14704, 'transferred': 1311961185, 'dirty-sync-missed-zero-copy': 0, 'precopy-bytes': 1311959898, 'duplicate': 794419, 'dirty-pages-rate': 0, 'normal-bytes': 1302265856, 'normal': 317936}}
QMP cmd [src10] query-migrate args={}
QMP reply [src10] query-migrate: {'expected-downtime': 300, 'status': 'active', 'setup-time': 2, 'total-time': 9842, 'ram': {'total': 8607571968, 'postcopy-requests': 0, 'dirty-sync-count': 1, 'multifd-bytes': 0, 'pages-per-second': 32980, 'downtime-bytes': 0, 'page-size': 4096, 'remaining': 4024348672, 'postcopy-bytes': 0, 'mbps': 1082.1456, 'transferred': 1339014825, 'dirty-sync-missed-zero-copy': 0, 'precopy-bytes': 1339013518, 'duplicate': 794423, 'dirty-pages-rate': 0, 'normal-bytes': 1329266688, 'normal': 324528}}
QMP cmd [src10] query-migrate args={}
QMP reply [src10] query-migrate: {'expected-downtime': 300, 'status': 'active', 'setup-time': 2, 'total-time': 10043, 'ram': {'total': 8607571968, 'postcopy-requests': 0, 'dirty-sync-count': 1, 'multifd-bytes': 0, 'pages-per-second': 33000, 'downtime-bytes': 0, 'page-size': 4096, 'remaining': 3997306880, 'postcopy-bytes': 0, 'mbps': 1082.14704, 'transferred': 1366068519, 'dirty-sync-missed-zero-copy': 0, 'precopy-bytes': 1366067192, 'duplicate': 794433, 'dirty-pages-rate': 0, 'normal-bytes': 1356267520, 'normal': 331120}}
QMP cmd [src10] query-migrate args={}
QMP reply [src10] query-migrate: {'expected-downtime': 300, 'status': 'active', 'setup-time': 2, 'total-time': 10244, 'ram': {'total': 8607571968, 'postcopy-requests': 0, 'dirty-sync-count': 1, 'multifd-bytes': 0, 'pages-per-second': 32980, 'downtime-bytes': 0, 'page-size': 4096, 'remaining': 3970289664, 'postcopy-bytes': 0, 'mbps': 1082.1456, 'transferred': 1393122159, 'dirty-sync-missed-zero-copy': 0, 'precopy-bytes': 1393120812, 'duplicate': 794437, 'dirty-pages-rate': 0, 'normal-bytes': 1383268352, 'normal': 337712}}
QMP cmd [src10] query-migrate args={}
QMP reply [src10] query-migrate: {'expected-downtime': 300, 'status': 'active', 'setup-time': 2, 'total-time': 10445, 'ram': {'total': 8607571968, 'postcopy-requests': 0, 'dirty-sync-count': 1, 'multifd-bytes': 0, 'pages-per-second': 32980, 'downtime-bytes': 0, 'page-size': 4096, 'remaining': 3943206912, 'postcopy-bytes': 0, 'mbps': 1082.1456, 'transferred': 1420175943, 'dirty-sync-missed-zero-copy': 0, 'precopy-bytes': 1420174576, 'duplicate': 794457, 'dirty-pages-rate': 0, 'normal-bytes': 1410269184, 'normal': 344304}}
QMP cmd [src10] query-migrate args={}
QMP reply [src10] query-migrate: {'expected-downtime': 300, 'status': 'active', 'setup-time': 2, 'total-time': 10645, 'ram': {'total': 8607571968, 'postcopy-requests': 0, 'dirty-sync-count': 1, 'multifd-bytes': 0, 'pages-per-second': 32980, 'downtime-bytes': 0, 'page-size': 4096, 'remaining': 3916173312, 'postcopy-bytes': 0, 'mbps': 1082.1456, 'transferred': 1447229619, 'dirty-sync-missed-zero-copy': 0, 'precopy-bytes': 1447228232, 'duplicate': 794465, 'dirty-pages-rate': 0, 'normal-bytes': 1437270016, 'normal': 350896}}
QMP cmd [src10] query-migrate args={}
QMP reply [src10] query-migrate: {'expected-downtime': 300, 'status': 'active', 'setup-time': 2, 'total-time': 10846, 'ram': {'total': 8607571968, 'postcopy-requests': 0, 'dirty-sync-count': 1, 'multifd-bytes': 0, 'pages-per-second': 33000, 'downtime-bytes': 0, 'page-size': 4096, 'remaining': 3889139712, 'postcopy-bytes': 0, 'mbps': 1082.14704, 'transferred': 1474283295, 'dirty-sync-missed-zero-copy': 0, 'precopy-bytes': 1474281888, 'duplicate': 794473, 'dirty-pages-rate': 0, 'normal-bytes': 1464270848, 'normal': 357488}}
2026-07-15 02:40:36.688322SSH command: ssh -o BatchMode=yes -o StrictHostKeyChecking=no -o UserKnownHostsFile=/dev/null -o ConnectTimeout=1 -o LogLevel=ERROR -p 2231 -i /home/max/.ssh/pgvm_bench user@127.0.0.1 test -f /tmp/bench.done
Return code: 1
Stdout: 
Stderr: 
QMP cmd [src10] query-migrate args={}
QMP reply [src10] query-migrate: {'expected-downtime': 300, 'status': 'active', 'setup-time': 2, 'total-time': 11047, 'ram': {'total': 8607571968, 'postcopy-requests': 0, 'dirty-sync-count': 1, 'multifd-bytes': 0, 'pages-per-second': 32960, 'downtime-bytes': 0, 'page-size': 4096, 'remaining': 3862097920, 'postcopy-bytes': 0, 'mbps': 1082.1441599999998, 'transferred': 1501336989, 'dirty-sync-missed-zero-copy': 0, 'precopy-bytes': 1501335562, 'duplicate': 794483, 'dirty-pages-rate': 0, 'normal-bytes': 1491271680, 'normal': 364080}}
QMP cmd [src10] query-migrate args={}
QMP reply [src10] query-migrate: {'expected-downtime': 300, 'status': 'active', 'setup-time': 2, 'total-time': 11248, 'ram': {'total': 8607571968, 'postcopy-requests': 0, 'dirty-sync-count': 1, 'multifd-bytes': 0, 'pages-per-second': 32980, 'downtime-bytes': 0, 'page-size': 4096, 'remaining': 3835080704, 'postcopy-bytes': 0, 'mbps': 1082.1456, 'transferred': 1528390629, 'dirty-sync-missed-zero-copy': 0, 'precopy-bytes': 1528389182, 'duplicate': 794487, 'dirty-pages-rate': 0, 'normal-bytes': 1518272512, 'normal': 370672}}
QMP cmd [src10] query-migrate args={}
QMP reply [src10] query-migrate: {'expected-downtime': 300, 'status': 'active', 'setup-time': 2, 'total-time': 11448, 'ram': {'total': 8607571968, 'postcopy-requests': 0, 'dirty-sync-count': 1, 'multifd-bytes': 0, 'pages-per-second': 33000, 'downtime-bytes': 0, 'page-size': 4096, 'remaining': 3808055296, 'postcopy-bytes': 0, 'mbps': 1082.14704, 'transferred': 1555444287, 'dirty-sync-missed-zero-copy': 0, 'precopy-bytes': 1555442820, 'duplicate': 794493, 'dirty-pages-rate': 0, 'normal-bytes': 1545273344, 'normal': 377264}}
QMP cmd [src10] query-migrate args={}
QMP reply [src10] query-migrate: {'expected-downtime': 300, 'status': 'active', 'setup-time': 2, 'total-time': 11649, 'ram': {'total': 8607571968, 'postcopy-requests': 0, 'dirty-sync-count': 1, 'multifd-bytes': 0, 'pages-per-second': 33020, 'downtime-bytes': 0, 'page-size': 4096, 'remaining': 3781021696, 'postcopy-bytes': 0, 'mbps': 1082.14848, 'transferred': 1582497963, 'dirty-sync-missed-zero-copy': 0, 'precopy-bytes': 1582496476, 'duplicate': 794501, 'dirty-pages-rate': 0, 'normal-bytes': 1572274176, 'normal': 383856}}
QMP cmd [src10] query-migrate args={}
QMP reply [src10] query-migrate: {'expected-downtime': 300, 'status': 'active', 'setup-time': 2, 'total-time': 11850, 'ram': {'total': 8607571968, 'postcopy-requests': 0, 'dirty-sync-count': 1, 'multifd-bytes': 0, 'pages-per-second': 32980, 'downtime-bytes': 0, 'page-size': 4096, 'remaining': 3753996288, 'postcopy-bytes': 0, 'mbps': 1082.1456, 'transferred': 1609551621, 'dirty-sync-missed-zero-copy': 0, 'precopy-bytes': 1609550114, 'duplicate': 794507, 'dirty-pages-rate': 0, 'normal-bytes': 1599275008, 'normal': 390448}}
QMP cmd [src10] query-migrate args={}
QMP reply [src10] query-migrate: {'expected-downtime': 300, 'status': 'active', 'setup-time': 2, 'total-time': 12051, 'ram': {'total': 8607571968, 'postcopy-requests': 0, 'dirty-sync-count': 1, 'multifd-bytes': 0, 'pages-per-second': 33000, 'downtime-bytes': 0, 'page-size': 4096, 'remaining': 3724664832, 'postcopy-bytes': 0, 'mbps': 1082.14704, 'transferred': 1636610346, 'dirty-sync-missed-zero-copy': 0, 'precopy-bytes': 1636608819, 'duplicate': 795076, 'dirty-pages-rate': 0, 'normal-bytes': 1626275840, 'normal': 397040}}
QMP cmd [src10] query-migrate args={}
QMP reply [src10] query-migrate: {'expected-downtime': 300, 'status': 'active', 'setup-time': 2, 'total-time': 12251, 'ram': {'total': 8607571968, 'postcopy-requests': 0, 'dirty-sync-count': 1, 'multifd-bytes': 0, 'pages-per-second': 33340, 'downtime-bytes': 0, 'page-size': 4096, 'remaining': 3697500160, 'postcopy-bytes': 0, 'mbps': 1082.17152, 'transferred': 1663664310, 'dirty-sync-missed-zero-copy': 0, 'precopy-bytes': 1663662763, 'duplicate': 795116, 'dirty-pages-rate': 0, 'normal-bytes': 1653276672, 'normal': 403632}}
QMP cmd [src10] query-migrate args={}
QMP reply [src10] query-migrate: {'expected-downtime': 300, 'status': 'active', 'setup-time': 2, 'total-time': 12452, 'ram': {'total': 8607571968, 'postcopy-requests': 0, 'dirty-sync-count': 1, 'multifd-bytes': 0, 'pages-per-second': 33020, 'downtime-bytes': 0, 'page-size': 4096, 'remaining': 3670466560, 'postcopy-bytes': 0, 'mbps': 1082.14848, 'transferred': 1690717986, 'dirty-sync-missed-zero-copy': 0, 'precopy-bytes': 1690716419, 'duplicate': 795124, 'dirty-pages-rate': 0, 'normal-bytes': 1680277504, 'normal': 410224}}
QMP cmd [src10] query-migrate args={}
QMP reply [src10] query-migrate: {'expected-downtime': 300, 'status': 'active', 'setup-time': 2, 'total-time': 12653, 'ram': {'total': 8607571968, 'postcopy-requests': 0, 'dirty-sync-count': 1, 'multifd-bytes': 0, 'pages-per-second': 33020, 'downtime-bytes': 0, 'page-size': 4096, 'remaining': 3643432960, 'postcopy-bytes': 0, 'mbps': 1082.14848, 'transferred': 1717771662, 'dirty-sync-missed-zero-copy': 0, 'precopy-bytes': 1717770075, 'duplicate': 795132, 'dirty-pages-rate': 0, 'normal-bytes': 1707278336, 'normal': 416816}}
QMP cmd [src10] query-migrate args={}
QMP reply [src10] query-migrate: {'expected-downtime': 300, 'status': 'active', 'setup-time': 2, 'total-time': 12853, 'ram': {'total': 8607571968, 'postcopy-requests': 0, 'dirty-sync-count': 1, 'multifd-bytes': 0, 'pages-per-second': 33000, 'downtime-bytes': 0, 'page-size': 4096, 'remaining': 3616202752, 'postcopy-bytes': 0, 'mbps': 1082.14704, 'transferred': 1744825770, 'dirty-sync-missed-zero-copy': 0, 'precopy-bytes': 1744824163, 'duplicate': 795188, 'dirty-pages-rate': 0, 'normal-bytes': 1734279168, 'normal': 423408}}
QMP cmd [src10] query-migrate args={}
QMP reply [src10] query-migrate: {'expected-downtime': 300, 'status': 'active', 'setup-time': 2, 'total-time': 13054, 'ram': {'total': 8607571968, 'postcopy-requests': 0, 'dirty-sync-count': 1, 'multifd-bytes': 0, 'pages-per-second': 33020, 'downtime-bytes': 0, 'page-size': 4096, 'remaining': 3589177344, 'postcopy-bytes': 0, 'mbps': 1082.14848, 'transferred': 1771879428, 'dirty-sync-missed-zero-copy': 0, 'precopy-bytes': 1771877801, 'duplicate': 795194, 'dirty-pages-rate': 0, 'normal-bytes': 1761280000, 'normal': 430000}}
QMP cmd [src10] query-migrate args={}
QMP reply [src10] query-migrate: {'expected-downtime': 300, 'status': 'active', 'setup-time': 2, 'total-time': 13255, 'ram': {'total': 8607571968, 'postcopy-requests': 0, 'dirty-sync-count': 1, 'multifd-bytes': 0, 'pages-per-second': 33000, 'downtime-bytes': 0, 'page-size': 4096, 'remaining': 3562135552, 'postcopy-bytes': 0, 'mbps': 1082.14704, 'transferred': 1798933122, 'dirty-sync-missed-zero-copy': 0, 'precopy-bytes': 1798931475, 'duplicate': 795204, 'dirty-pages-rate': 0, 'normal-bytes': 1788280832, 'normal': 436592}}
2026-07-15 02:40:38.936119SSH command: ssh -o BatchMode=yes -o StrictHostKeyChecking=no -o UserKnownHostsFile=/dev/null -o ConnectTimeout=1 -o LogLevel=ERROR -p 2231 -i /home/max/.ssh/pgvm_bench user@127.0.0.1 test -f /tmp/bench.done
Return code: 1
Stdout: 
Stderr: 
QMP cmd [src10] query-migrate args={}
QMP reply [src10] query-migrate: {'expected-downtime': 300, 'status': 'active', 'setup-time': 2, 'total-time': 13456, 'ram': {'total': 8607571968, 'postcopy-requests': 0, 'dirty-sync-count': 1, 'multifd-bytes': 0, 'pages-per-second': 32980, 'downtime-bytes': 0, 'page-size': 4096, 'remaining': 3535110144, 'postcopy-bytes': 0, 'mbps': 1082.1456, 'transferred': 1825986780, 'dirty-sync-missed-zero-copy': 0, 'precopy-bytes': 1825985113, 'duplicate': 795210, 'dirty-pages-rate': 0, 'normal-bytes': 1815281664, 'normal': 443184}}
QMP cmd [src10] query-migrate args={}
QMP reply [src10] query-migrate: {'expected-downtime': 300, 'status': 'active', 'setup-time': 2, 'total-time': 13657, 'ram': {'total': 8607571968, 'postcopy-requests': 0, 'dirty-sync-count': 1, 'multifd-bytes': 0, 'pages-per-second': 33000, 'downtime-bytes': 0, 'page-size': 4096, 'remaining': 3508076544, 'postcopy-bytes': 0, 'mbps': 1082.14704, 'transferred': 1853040456, 'dirty-sync-missed-zero-copy': 0, 'precopy-bytes': 1853038769, 'duplicate': 795218, 'dirty-pages-rate': 0, 'normal-bytes': 1842282496, 'normal': 449776}}
QMP cmd [src10] query-migrate args={}
QMP reply [src10] query-migrate: {'expected-downtime': 300, 'status': 'active', 'setup-time': 2, 'total-time': 13858, 'ram': {'total': 8607571968, 'postcopy-requests': 0, 'dirty-sync-count': 1, 'multifd-bytes': 0, 'pages-per-second': 33020, 'downtime-bytes': 0, 'page-size': 4096, 'remaining': 3481026560, 'postcopy-bytes': 0, 'mbps': 1082.14848, 'transferred': 1880094168, 'dirty-sync-missed-zero-copy': 0, 'precopy-bytes': 1880092461, 'duplicate': 795230, 'dirty-pages-rate': 0, 'normal-bytes': 1869283328, 'normal': 456368}}
QMP cmd [src10] query-migrate args={}
QMP reply [src10] query-migrate: {'expected-downtime': 300, 'status': 'active', 'setup-time': 2, 'total-time': 14058, 'ram': {'total': 8607571968, 'postcopy-requests': 0, 'dirty-sync-count': 1, 'multifd-bytes': 0, 'pages-per-second': 33000, 'downtime-bytes': 0, 'page-size': 4096, 'remaining': 3454001152, 'postcopy-bytes': 0, 'mbps': 1082.14704, 'transferred': 1907147826, 'dirty-sync-missed-zero-copy': 0, 'precopy-bytes': 1907146099, 'duplicate': 795236, 'dirty-pages-rate': 0, 'normal-bytes': 1896284160, 'normal': 462960}}
QMP cmd [src10] query-migrate args={}
QMP reply [src10] query-migrate: {'expected-downtime': 300, 'status': 'active', 'setup-time': 2, 'total-time': 14259, 'ram': {'total': 8607571968, 'postcopy-requests': 0, 'dirty-sync-count': 1, 'multifd-bytes': 0, 'pages-per-second': 32980, 'downtime-bytes': 0, 'page-size': 4096, 'remaining': 3426975744, 'postcopy-bytes': 0, 'mbps': 1082.1456, 'transferred': 1934201484, 'dirty-sync-missed-zero-copy': 0, 'precopy-bytes': 1934199737, 'duplicate': 795242, 'dirty-pages-rate': 0, 'normal-bytes': 1923284992, 'normal': 469552}}
QMP cmd [src10] query-migrate args={}
QMP reply [src10] query-migrate: {'expected-downtime': 300, 'status': 'active', 'setup-time': 2, 'total-time': 14460, 'ram': {'total': 8607571968, 'postcopy-requests': 0, 'dirty-sync-count': 1, 'multifd-bytes': 0, 'pages-per-second': 32980, 'downtime-bytes': 0, 'page-size': 4096, 'remaining': 3399942144, 'postcopy-bytes': 0, 'mbps': 1082.1456, 'transferred': 1961255160, 'dirty-sync-missed-zero-copy': 0, 'precopy-bytes': 1961253393, 'duplicate': 795250, 'dirty-pages-rate': 0, 'normal-bytes': 1950285824, 'normal': 476144}}
QMP cmd [src10] query-migrate args={}
QMP reply [src10] query-migrate: {'expected-downtime': 300, 'status': 'active', 'setup-time': 2, 'total-time': 14661, 'ram': {'total': 8607571968, 'postcopy-requests': 0, 'dirty-sync-count': 1, 'multifd-bytes': 0, 'pages-per-second': 33000, 'downtime-bytes': 0, 'page-size': 4096, 'remaining': 3372916736, 'postcopy-bytes': 0, 'mbps': 1082.14704, 'transferred': 1988308818, 'dirty-sync-missed-zero-copy': 0, 'precopy-bytes': 1988307031, 'duplicate': 795256, 'dirty-pages-rate': 0, 'normal-bytes': 1977286656, 'normal': 482736}}
QMP cmd [src10] query-migrate args={}
QMP reply [src10] query-migrate: {'expected-downtime': 300, 'status': 'active', 'setup-time': 2, 'total-time': 14861, 'ram': {'total': 8607571968, 'postcopy-requests': 0, 'dirty-sync-count': 1, 'multifd-bytes': 0, 'pages-per-second': 32980, 'downtime-bytes': 0, 'page-size': 4096, 'remaining': 3345883136, 'postcopy-bytes': 0, 'mbps': 1082.1456, 'transferred': 2015362494, 'dirty-sync-missed-zero-copy': 0, 'precopy-bytes': 2015360687, 'duplicate': 795264, 'dirty-pages-rate': 0, 'normal-bytes': 2004287488, 'normal': 489328}}
QMP cmd [src10] query-migrate args={}
QMP reply [src10] query-migrate: {'expected-downtime': 300, 'status': 'active', 'setup-time': 2, 'total-time': 15062, 'ram': {'total': 8607571968, 'postcopy-requests': 0, 'dirty-sync-count': 1, 'multifd-bytes': 0, 'pages-per-second': 32960, 'downtime-bytes': 0, 'page-size': 4096, 'remaining': 3318857728, 'postcopy-bytes': 0, 'mbps': 1082.1441599999998, 'transferred': 2042416152, 'dirty-sync-missed-zero-copy': 0, 'precopy-bytes': 2042414325, 'duplicate': 795270, 'dirty-pages-rate': 0, 'normal-bytes': 2031288320, 'normal': 495920}}
QMP cmd [src10] query-migrate args={}
QMP reply [src10] query-migrate: {'expected-downtime': 300, 'status': 'active', 'setup-time': 2, 'total-time': 15263, 'ram': {'total': 8607571968, 'postcopy-requests': 0, 'dirty-sync-count': 1, 'multifd-bytes': 0, 'pages-per-second': 32980, 'downtime-bytes': 0, 'page-size': 4096, 'remaining': 3289460736, 'postcopy-bytes': 0, 'mbps': 1082.1456, 'transferred': 2069475021, 'dirty-sync-missed-zero-copy': 0, 'precopy-bytes': 2069473174, 'duplicate': 795855, 'dirty-pages-rate': 0, 'normal-bytes': 2058289152, 'normal': 502512}}
QMP cmd [src10] query-migrate args={}
QMP reply [src10] query-migrate: {'expected-downtime': 300, 'status': 'active', 'setup-time': 2, 'total-time': 15464, 'ram': {'total': 8607571968, 'postcopy-requests': 0, 'dirty-sync-count': 1, 'multifd-bytes': 0, 'pages-per-second': 34050, 'downtime-bytes': 0, 'page-size': 4096, 'remaining': 3262005248, 'postcopy-bytes': 0, 'mbps': 1082.22264, 'transferred': 2096529624, 'dirty-sync-missed-zero-copy': 0, 'precopy-bytes': 2096527757, 'duplicate': 795966, 'dirty-pages-rate': 0, 'normal-bytes': 2085289984, 'normal': 509104}}
2026-07-15 02:40:41.155415SSH command: ssh -o BatchMode=yes -o StrictHostKeyChecking=no -o UserKnownHostsFile=/dev/null -o ConnectTimeout=1 -o LogLevel=ERROR -p 2231 -i /home/max/.ssh/pgvm_bench user@127.0.0.1 test -f /tmp/bench.done
Return code: 1
Stdout: 
Stderr: 
QMP cmd [src10] query-migrate args={}
QMP reply [src10] query-migrate: {'expected-downtime': 300, 'status': 'active', 'setup-time': 2, 'total-time': 15665, 'ram': {'total': 8607571968, 'postcopy-requests': 0, 'dirty-sync-count': 1, 'multifd-bytes': 0, 'pages-per-second': 33000, 'downtime-bytes': 0, 'page-size': 4096, 'remaining': 3234979840, 'postcopy-bytes': 0, 'mbps': 1082.14704, 'transferred': 2123583282, 'dirty-sync-missed-zero-copy': 0, 'precopy-bytes': 2123581395, 'duplicate': 795972, 'dirty-pages-rate': 0, 'normal-bytes': 2112290816, 'normal': 515696}}
QMP cmd [src10] query-migrate args={}
QMP reply [src10] query-migrate: {'expected-downtime': 300, 'status': 'active', 'setup-time': 2, 'total-time': 15866, 'ram': {'total': 8607571968, 'postcopy-requests': 0, 'dirty-sync-count': 1, 'multifd-bytes': 0, 'pages-per-second': 33020, 'downtime-bytes': 0, 'page-size': 4096, 'remaining': 3207938048, 'postcopy-bytes': 0, 'mbps': 1082.14848, 'transferred': 2150636976, 'dirty-sync-missed-zero-copy': 0, 'precopy-bytes': 2150635069, 'duplicate': 795982, 'dirty-pages-rate': 0, 'normal-bytes': 2139291648, 'normal': 522288}}
QMP cmd [src10] query-migrate args={}
QMP reply [src10] query-migrate: {'expected-downtime': 300, 'status': 'active', 'setup-time': 2, 'total-time': 16067, 'ram': {'total': 8607571968, 'postcopy-requests': 0, 'dirty-sync-count': 1, 'multifd-bytes': 0, 'pages-per-second': 32980, 'downtime-bytes': 0, 'page-size': 4096, 'remaining': 3180920832, 'postcopy-bytes': 0, 'mbps': 1082.1456, 'transferred': 2177690616, 'dirty-sync-missed-zero-copy': 0, 'precopy-bytes': 2177688689, 'duplicate': 795986, 'dirty-pages-rate': 0, 'normal-bytes': 2166292480, 'normal': 528880}}
QMP cmd [src10] query-migrate args={}
QMP reply [src10] query-migrate: {'expected-downtime': 300, 'status': 'active', 'setup-time': 2, 'total-time': 16267, 'ram': {'total': 8607571968, 'postcopy-requests': 0, 'dirty-sync-count': 1, 'multifd-bytes': 0, 'pages-per-second': 32980, 'downtime-bytes': 0, 'page-size': 4096, 'remaining': 3153895424, 'postcopy-bytes': 0, 'mbps': 1082.1456, 'transferred': 2204744274, 'dirty-sync-missed-zero-copy': 0, 'precopy-bytes': 2204742327, 'duplicate': 795992, 'dirty-pages-rate': 0, 'normal-bytes': 2193293312, 'normal': 535472}}
QMP cmd [src10] query-migrate args={}
QMP reply [src10] query-migrate: {'expected-downtime': 300, 'status': 'active', 'setup-time': 2, 'total-time': 16468, 'ram': {'total': 8607571968, 'postcopy-requests': 0, 'dirty-sync-count': 1, 'multifd-bytes': 0, 'pages-per-second': 33000, 'downtime-bytes': 0, 'page-size': 4096, 'remaining': 3126861824, 'postcopy-bytes': 0, 'mbps': 1082.14704, 'transferred': 2231797950, 'dirty-sync-missed-zero-copy': 0, 'precopy-bytes': 2231795983, 'duplicate': 796000, 'dirty-pages-rate': 0, 'normal-bytes': 2220294144, 'normal': 542064}}
QMP cmd [src10] query-migrate args={}
QMP reply [src10] query-migrate: {'expected-downtime': 300, 'status': 'active', 'setup-time': 2, 'total-time': 16669, 'ram': {'total': 8607571968, 'postcopy-requests': 0, 'dirty-sync-count': 1, 'multifd-bytes': 0, 'pages-per-second': 33040, 'downtime-bytes': 0, 'page-size': 4096, 'remaining': 3099811840, 'postcopy-bytes': 0, 'mbps': 1082.1499199999998, 'transferred': 2258851662, 'dirty-sync-missed-zero-copy': 0, 'precopy-bytes': 2258849675, 'duplicate': 796012, 'dirty-pages-rate': 0, 'normal-bytes': 2247294976, 'normal': 548656}}
QMP cmd [src10] query-migrate args={}
QMP reply [src10] query-migrate: {'expected-downtime': 300, 'status': 'active', 'setup-time': 2, 'total-time': 16870, 'ram': {'total': 8607571968, 'postcopy-requests': 0, 'dirty-sync-count': 1, 'multifd-bytes': 0, 'pages-per-second': 32653, 'downtime-bytes': 0, 'page-size': 4096, 'remaining': 3072761856, 'postcopy-bytes': 0, 'mbps': 1071.4312871287127, 'transferred': 2285905374, 'dirty-sync-missed-zero-copy': 0, 'precopy-bytes': 2285903367, 'duplicate': 796024, 'dirty-pages-rate': 0, 'normal-bytes': 2274295808, 'normal': 555248}}
QMP cmd [src10] query-migrate args={}
QMP reply [src10] query-migrate: {'expected-downtime': 300, 'status': 'active', 'setup-time': 2, 'total-time': 17070, 'ram': {'total': 8607571968, 'postcopy-requests': 0, 'dirty-sync-count': 1, 'multifd-bytes': 0, 'pages-per-second': 33380, 'downtime-bytes': 0, 'page-size': 4096, 'remaining': 3045564416, 'postcopy-bytes': 0, 'mbps': 1082.1743999999999, 'transferred': 2312959410, 'dirty-sync-missed-zero-copy': 0, 'precopy-bytes': 2312957383, 'duplicate': 796072, 'dirty-pages-rate': 0, 'normal-bytes': 2301296640, 'normal': 561840}}
QMP cmd [src10] query-migrate args={}
QMP reply [src10] query-migrate: {'expected-downtime': 300, 'status': 'active', 'setup-time': 2, 'total-time': 17271, 'ram': {'total': 8607571968, 'postcopy-requests': 0, 'dirty-sync-count': 1, 'multifd-bytes': 0, 'pages-per-second': 32980, 'downtime-bytes': 0, 'page-size': 4096, 'remaining': 3018547200, 'postcopy-bytes': 0, 'mbps': 1082.1456, 'transferred': 2340013050, 'dirty-sync-missed-zero-copy': 0, 'precopy-bytes': 2340011003, 'duplicate': 796076, 'dirty-pages-rate': 0, 'normal-bytes': 2328297472, 'normal': 568432}}
QMP cmd [src10] query-migrate args={}
QMP reply [src10] query-migrate: {'expected-downtime': 300, 'status': 'active', 'setup-time': 2, 'total-time': 17472, 'ram': {'total': 8607571968, 'postcopy-requests': 0, 'dirty-sync-count': 1, 'multifd-bytes': 0, 'pages-per-second': 33000, 'downtime-bytes': 0, 'page-size': 4096, 'remaining': 2991497216, 'postcopy-bytes': 0, 'mbps': 1082.14704, 'transferred': 2367066762, 'dirty-sync-missed-zero-copy': 0, 'precopy-bytes': 2367064695, 'duplicate': 796088, 'dirty-pages-rate': 0, 'normal-bytes': 2355298304, 'normal': 575024}}
2026-07-15 02:40:43.342790SSH command: ssh -o BatchMode=yes -o StrictHostKeyChecking=no -o UserKnownHostsFile=/dev/null -o ConnectTimeout=1 -o LogLevel=ERROR -p 2231 -i /home/max/.ssh/pgvm_bench user@127.0.0.1 test -f /tmp/bench.done
Return code: 1
Stdout: 
Stderr: 
QMP cmd [src10] query-migrate args={}
QMP reply [src10] query-migrate: {'expected-downtime': 300, 'status': 'active', 'setup-time': 2, 'total-time': 17673, 'ram': {'total': 8607571968, 'postcopy-requests': 0, 'dirty-sync-count': 1, 'multifd-bytes': 0, 'pages-per-second': 33020, 'downtime-bytes': 0, 'page-size': 4096, 'remaining': 2964422656, 'postcopy-bytes': 0, 'mbps': 1082.14848, 'transferred': 2394120528, 'dirty-sync-missed-zero-copy': 0, 'precopy-bytes': 2394118441, 'duplicate': 796106, 'dirty-pages-rate': 0, 'normal-bytes': 2382299136, 'normal': 581616}}
QMP cmd [src10] query-migrate args={}
QMP reply [src10] query-migrate: {'expected-downtime': 300, 'status': 'active', 'setup-time': 2, 'total-time': 17874, 'ram': {'total': 8607571968, 'postcopy-requests': 0, 'dirty-sync-count': 1, 'multifd-bytes': 0, 'pages-per-second': 33020, 'downtime-bytes': 0, 'page-size': 4096, 'remaining': 2937372672, 'postcopy-bytes': 0, 'mbps': 1082.14848, 'transferred': 2421174240, 'dirty-sync-missed-zero-copy': 0, 'precopy-bytes': 2421172133, 'duplicate': 796118, 'dirty-pages-rate': 0, 'normal-bytes': 2409299968, 'normal': 588208}}
QMP cmd [src10] query-migrate args={}
QMP reply [src10] query-migrate: {'expected-downtime': 300, 'status': 'active', 'setup-time': 2, 'total-time': 18075, 'ram': {'total': 8607571968, 'postcopy-requests': 0, 'dirty-sync-count': 1, 'multifd-bytes': 0, 'pages-per-second': 33100, 'downtime-bytes': 0, 'page-size': 4096, 'remaining': 2910273536, 'postcopy-bytes': 0, 'mbps': 1082.15424, 'transferred': 2448228060, 'dirty-sync-missed-zero-copy': 0, 'precopy-bytes': 2448225933, 'duplicate': 796142, 'dirty-pages-rate': 0, 'normal-bytes': 2436300800, 'normal': 594800}}
QMP cmd [src10] query-migrate args={}
QMP reply [src10] query-migrate: {'expected-downtime': 300, 'status': 'active', 'setup-time': 2, 'total-time': 18276, 'ram': {'total': 8607571968, 'postcopy-requests': 0, 'dirty-sync-count': 1, 'multifd-bytes': 0, 'pages-per-second': 33100, 'downtime-bytes': 0, 'page-size': 4096, 'remaining': 2883149824, 'postcopy-bytes': 0, 'mbps': 1082.15424, 'transferred': 2475281934, 'dirty-sync-missed-zero-copy': 0, 'precopy-bytes': 2475279787, 'duplicate': 796172, 'dirty-pages-rate': 0, 'normal-bytes': 2463301632, 'normal': 601392}}
QMP cmd [src10] query-migrate args={}
QMP reply [src10] query-migrate: {'expected-downtime': 300, 'status': 'active', 'setup-time': 2, 'total-time': 18476, 'ram': {'total': 8607571968, 'postcopy-requests': 0, 'dirty-sync-count': 1, 'multifd-bytes': 0, 'pages-per-second': 33120, 'downtime-bytes': 0, 'page-size': 4096, 'remaining': 2855698432, 'postcopy-bytes': 0, 'mbps': 1082.1556799999998, 'transferred': 2502336528, 'dirty-sync-missed-zero-copy': 0, 'precopy-bytes': 2502334361, 'duplicate': 796282, 'dirty-pages-rate': 0, 'normal-bytes': 2490302464, 'normal': 607984}}
QMP cmd [src10] query-migrate args={}
QMP reply [src10] query-migrate: {'expected-downtime': 300, 'status': 'active', 'setup-time': 2, 'total-time': 18677, 'ram': {'total': 8607571968, 'postcopy-requests': 0, 'dirty-sync-count': 1, 'multifd-bytes': 0, 'pages-per-second': 34440, 'downtime-bytes': 0, 'page-size': 4096, 'remaining': 2826911744, 'postcopy-bytes': 0, 'mbps': 1082.25072, 'transferred': 2529394056, 'dirty-sync-missed-zero-copy': 0, 'precopy-bytes': 2529391869, 'duplicate': 796718, 'dirty-pages-rate': 0, 'normal-bytes': 2517303296, 'normal': 614576}}
QMP cmd [src10] query-migrate args={}
QMP reply [src10] query-migrate: {'expected-downtime': 300, 'status': 'active', 'setup-time': 2, 'total-time': 18878, 'ram': {'total': 8607571968, 'postcopy-requests': 0, 'dirty-sync-count': 1, 'multifd-bytes': 0, 'pages-per-second': 50270, 'downtime-bytes': 0, 'page-size': 4096, 'remaining': 2791927808, 'postcopy-bytes': 0, 'mbps': 1083.39048, 'transferred': 2556465201, 'dirty-sync-missed-zero-copy': 0, 'precopy-bytes': 2556462994, 'duplicate': 798667, 'dirty-pages-rate': 0, 'normal-bytes': 2544304128, 'normal': 621168}}
QMP cmd [src10] query-migrate args={}
QMP reply [src10] query-migrate: {'expected-downtime': 300, 'status': 'active', 'setup-time': 2, 'total-time': 19079, 'ram': {'total': 8607571968, 'postcopy-requests': 0, 'dirty-sync-count': 1, 'multifd-bytes': 0, 'pages-per-second': 36400, 'downtime-bytes': 0, 'page-size': 4096, 'remaining': 2762461184, 'postcopy-bytes': 0, 'mbps': 1082.39184, 'transferred': 2583524223, 'dirty-sync-missed-zero-copy': 0, 'precopy-bytes': 2583521996, 'duplicate': 799269, 'dirty-pages-rate': 0, 'normal-bytes': 2571304960, 'normal': 627760}}
QMP cmd [src10] query-migrate args={}
QMP reply [src10] query-migrate: {'expected-downtime': 300, 'status': 'active', 'setup-time': 2, 'total-time': 19280, 'ram': {'total': 8607571968, 'postcopy-requests': 0, 'dirty-sync-count': 1, 'multifd-bytes': 0, 'pages-per-second': 35960, 'downtime-bytes': 0, 'page-size': 4096, 'remaining': 2733158400, 'postcopy-bytes': 0, 'mbps': 1082.36016, 'transferred': 2610582885, 'dirty-sync-missed-zero-copy': 0, 'precopy-bytes': 2610580638, 'duplicate': 799831, 'dirty-pages-rate': 0, 'normal-bytes': 2598305792, 'normal': 634352}}
QMP cmd [src10] query-migrate args={}
QMP reply [src10] query-migrate: {'expected-downtime': 300, 'status': 'active', 'setup-time': 2, 'total-time': 19481, 'ram': {'total': 8607571968, 'postcopy-requests': 0, 'dirty-sync-count': 1, 'multifd-bytes': 0, 'pages-per-second': 36130, 'downtime-bytes': 0, 'page-size': 4096, 'remaining': 2704859136, 'postcopy-bytes': 0, 'mbps': 1082.3724, 'transferred': 2637639342, 'dirty-sync-missed-zero-copy': 0, 'precopy-bytes': 2637637075, 'duplicate': 800148, 'dirty-pages-rate': 0, 'normal-bytes': 2625306624, 'normal': 640944}}
QMP cmd [src10] query-migrate args={}
QMP reply [src10] query-migrate: {'expected-downtime': 300, 'status': 'active', 'setup-time': 2, 'total-time': 19681, 'ram': {'total': 8607571968, 'postcopy-requests': 0, 'dirty-sync-count': 1, 'multifd-bytes': 0, 'pages-per-second': 32633, 'downtime-bytes': 0, 'page-size': 4096, 'remaining': 2677858304, 'postcopy-bytes': 0, 'mbps': 1071.4298613861386, 'transferred': 2664692946, 'dirty-sync-missed-zero-copy': 0, 'precopy-bytes': 2664690659, 'duplicate': 800148, 'dirty-pages-rate': 0, 'normal-bytes': 2652307456, 'normal': 647536}}
2026-07-15 02:40:45.508116SSH command: ssh -o BatchMode=yes -o StrictHostKeyChecking=no -o UserKnownHostsFile=/dev/null -o ConnectTimeout=1 -o LogLevel=ERROR -p 2231 -i /home/max/.ssh/pgvm_bench user@127.0.0.1 test -f /tmp/bench.done
Return code: 1
Stdout: 
Stderr: 
QMP cmd [src10] query-migrate args={}
QMP reply [src10] query-migrate: {'expected-downtime': 300, 'status': 'active', 'setup-time': 2, 'total-time': 19883, 'ram': {'total': 8607571968, 'postcopy-requests': 0, 'dirty-sync-count': 1, 'multifd-bytes': 0, 'pages-per-second': 33480, 'downtime-bytes': 0, 'page-size': 4096, 'remaining': 2650562560, 'postcopy-bytes': 0, 'mbps': 1082.1816000000001, 'transferred': 2691747198, 'dirty-sync-missed-zero-copy': 0, 'precopy-bytes': 2691744891, 'duplicate': 800220, 'dirty-pages-rate': 0, 'normal-bytes': 2679308288, 'normal': 654128}}
QMP cmd [src10] query-migrate args={}
QMP reply [src10] query-migrate: {'expected-downtime': 300, 'status': 'active', 'setup-time': 2, 'total-time': 20084, 'ram': {'total': 8607571968, 'postcopy-requests': 0, 'dirty-sync-count': 1, 'multifd-bytes': 0, 'pages-per-second': 32960, 'downtime-bytes': 0, 'page-size': 4096, 'remaining': 2621349888, 'postcopy-bytes': 0, 'mbps': 1082.1441599999998, 'transferred': 2718805662, 'dirty-sync-missed-zero-copy': 0, 'precopy-bytes': 2718803335, 'duplicate': 800760, 'dirty-pages-rate': 0, 'normal-bytes': 2706309120, 'normal': 660720}}
QMP cmd [src10] query-migrate args={}
QMP reply [src10] query-migrate: {'expected-downtime': 300, 'status': 'active', 'setup-time': 2, 'total-time': 20284, 'ram': {'total': 8607571968, 'postcopy-requests': 0, 'dirty-sync-count': 1, 'multifd-bytes': 0, 'pages-per-second': 33360, 'downtime-bytes': 0, 'page-size': 4096, 'remaining': 2594004992, 'postcopy-bytes': 0, 'mbps': 1082.1729599999999, 'transferred': 2745860022, 'dirty-sync-missed-zero-copy': 0, 'precopy-bytes': 2745857675, 'duplicate': 800844, 'dirty-pages-rate': 0, 'normal-bytes': 2733309952, 'normal': 667312}}
QMP cmd [src10] query-migrate args={}
QMP reply [src10] query-migrate: {'expected-downtime': 300, 'status': 'active', 'setup-time': 2, 'total-time': 20485, 'ram': {'total': 8607571968, 'postcopy-requests': 0, 'dirty-sync-count': 1, 'multifd-bytes': 0, 'pages-per-second': 32960, 'downtime-bytes': 0, 'page-size': 4096, 'remaining': 2566651904, 'postcopy-bytes': 0, 'mbps': 1082.1441599999998, 'transferred': 2772914400, 'dirty-sync-missed-zero-copy': 0, 'precopy-bytes': 2772912033, 'duplicate': 800930, 'dirty-pages-rate': 0, 'normal-bytes': 2760310784, 'normal': 673904}}
QMP cmd [src10] query-migrate args={}
QMP reply [src10] query-migrate: {'expected-downtime': 300, 'status': 'active', 'setup-time': 2, 'total-time': 20686, 'ram': {'total': 8607571968, 'postcopy-requests': 0, 'dirty-sync-count': 1, 'multifd-bytes': 0, 'pages-per-second': 33420, 'downtime-bytes': 0, 'page-size': 4096, 'remaining': 2539364352, 'postcopy-bytes': 0, 'mbps': 1082.17728, 'transferred': 2799968634, 'dirty-sync-missed-zero-copy': 0, 'precopy-bytes': 2799966247, 'duplicate': 801000, 'dirty-pages-rate': 0, 'normal-bytes': 2787311616, 'normal': 680496}}
QMP cmd [src10] query-migrate args={}
QMP reply [src10] query-migrate: {'expected-downtime': 300, 'status': 'active', 'setup-time': 2, 'total-time': 20887, 'ram': {'total': 8607571968, 'postcopy-requests': 0, 'dirty-sync-count': 1, 'multifd-bytes': 0, 'pages-per-second': 33720, 'downtime-bytes': 0, 'page-size': 4096, 'remaining': 2511601664, 'postcopy-bytes': 0, 'mbps': 1082.19888, 'transferred': 2827023912, 'dirty-sync-missed-zero-copy': 0, 'precopy-bytes': 2827021505, 'duplicate': 801186, 'dirty-pages-rate': 0, 'normal-bytes': 2814312448, 'normal': 687088}}
QMP cmd [src10] query-migrate args={}
QMP reply [src10] query-migrate: {'expected-downtime': 300, 'status': 'active', 'setup-time': 2, 'total-time': 21088, 'ram': {'total': 8607571968, 'postcopy-requests': 0, 'dirty-sync-count': 1, 'multifd-bytes': 0, 'pages-per-second': 34060, 'downtime-bytes': 0, 'page-size': 4096, 'remaining': 2483953664, 'postcopy-bytes': 0, 'mbps': 1082.2233600000002, 'transferred': 2854078938, 'dirty-sync-missed-zero-copy': 0, 'precopy-bytes': 2854076511, 'duplicate': 801344, 'dirty-pages-rate': 0, 'normal-bytes': 2841313280, 'normal': 693680}}
QMP cmd [src10] query-migrate args={}
QMP reply [src10] query-migrate: {'expected-downtime': 300, 'status': 'active', 'setup-time': 2, 'total-time': 21288, 'ram': {'total': 8607571968, 'postcopy-requests': 0, 'dirty-sync-count': 1, 'multifd-bytes': 0, 'pages-per-second': 33360, 'downtime-bytes': 0, 'page-size': 4096, 'remaining': 2456657920, 'postcopy-bytes': 0, 'mbps': 1082.1729599999999, 'transferred': 2881133190, 'dirty-sync-missed-zero-copy': 0, 'precopy-bytes': 2881130743, 'duplicate': 801416, 'dirty-pages-rate': 0, 'normal-bytes': 2868314112, 'normal': 700272}}
QMP cmd [src10] query-migrate args={}
QMP reply [src10] query-migrate: {'expected-downtime': 300, 'status': 'active', 'setup-time': 2, 'total-time': 21489, 'ram': {'total': 8607571968, 'postcopy-requests': 0, 'dirty-sync-count': 1, 'multifd-bytes': 0, 'pages-per-second': 33000, 'downtime-bytes': 0, 'page-size': 4096, 'remaining': 2429239296, 'postcopy-bytes': 0, 'mbps': 1082.14704, 'transferred': 2908187712, 'dirty-sync-missed-zero-copy': 0, 'precopy-bytes': 2908185245, 'duplicate': 801518, 'dirty-pages-rate': 0, 'normal-bytes': 2895314944, 'normal': 706864}}
QMP cmd [src10] query-migrate args={}
QMP reply [src10] query-migrate: {'expected-downtime': 300, 'status': 'active', 'setup-time': 2, 'total-time': 21690, 'ram': {'total': 8607571968, 'postcopy-requests': 0, 'dirty-sync-count': 1, 'multifd-bytes': 0, 'pages-per-second': 33220, 'downtime-bytes': 0, 'page-size': 4096, 'remaining': 2401910784, 'postcopy-bytes': 0, 'mbps': 1082.1628799999999, 'transferred': 2935242036, 'dirty-sync-missed-zero-copy': 0, 'precopy-bytes': 2935239549, 'duplicate': 801598, 'dirty-pages-rate': 0, 'normal-bytes': 2922315776, 'normal': 713456}}
QMP cmd [src10] query-migrate args={}
QMP reply [src10] query-migrate: {'expected-downtime': 300, 'status': 'active', 'setup-time': 2, 'total-time': 21891, 'ram': {'total': 8607571968, 'postcopy-requests': 0, 'dirty-sync-count': 1, 'multifd-bytes': 0, 'pages-per-second': 32960, 'downtime-bytes': 0, 'page-size': 4096, 'remaining': 2374459392, 'postcopy-bytes': 0, 'mbps': 1082.1441599999998, 'transferred': 2962296630, 'dirty-sync-missed-zero-copy': 0, 'precopy-bytes': 2962294123, 'duplicate': 801708, 'dirty-pages-rate': 0, 'normal-bytes': 2949316608, 'normal': 720048}}
2026-07-15 02:40:47.674013SSH command: ssh -o BatchMode=yes -o StrictHostKeyChecking=no -o UserKnownHostsFile=/dev/null -o ConnectTimeout=1 -o LogLevel=ERROR -p 2231 -i /home/max/.ssh/pgvm_bench user@127.0.0.1 test -f /tmp/bench.done
Return code: 1
Stdout: 
Stderr: 
QMP cmd [src10] query-migrate args={}
QMP reply [src10] query-migrate: {'expected-downtime': 300, 'status': 'active', 'setup-time': 2, 'total-time': 22092, 'ram': {'total': 8607571968, 'postcopy-requests': 0, 'dirty-sync-count': 1, 'multifd-bytes': 0, 'pages-per-second': 33220, 'downtime-bytes': 0, 'page-size': 4096, 'remaining': 2346885120, 'postcopy-bytes': 0, 'mbps': 1082.1628799999999, 'transferred': 2989351494, 'dirty-sync-missed-zero-copy': 0, 'precopy-bytes': 2989348967, 'duplicate': 801848, 'dirty-pages-rate': 0, 'normal-bytes': 2976317440, 'normal': 726640}}
QMP cmd [src10] query-migrate args={}
QMP reply [src10] query-migrate: {'expected-downtime': 300, 'status': 'active', 'setup-time': 2, 'total-time': 22293, 'ram': {'total': 8607571968, 'postcopy-requests': 0, 'dirty-sync-count': 1, 'multifd-bytes': 0, 'pages-per-second': 36350, 'downtime-bytes': 0, 'page-size': 4096, 'remaining': 2316472320, 'postcopy-bytes': 0, 'mbps': 1082.38824, 'transferred': 3016412595, 'dirty-sync-missed-zero-copy': 0, 'precopy-bytes': 3016410048, 'duplicate': 802681, 'dirty-pages-rate': 0, 'normal-bytes': 3003318272, 'normal': 733232}}
QMP cmd [src10] query-migrate args={}
QMP reply [src10] query-migrate: {'expected-downtime': 300, 'status': 'active', 'setup-time': 2, 'total-time': 22493, 'ram': {'total': 8607571968, 'postcopy-requests': 0, 'dirty-sync-count': 1, 'multifd-bytes': 0, 'pages-per-second': 1015910, 'downtime-bytes': 0, 'page-size': 4096, 'remaining': 1886855168, 'postcopy-bytes': 0, 'mbps': 1077.2409599999999, 'transferred': 3043404909, 'dirty-sync-missed-zero-copy': 0, 'precopy-bytes': 3043402342, 'duplicate': 901207, 'dirty-pages-rate': 0, 'normal-bytes': 3029372928, 'normal': 739593}}
QMP cmd [src10] query-migrate args={}
QMP reply [src10] query-migrate: {'expected-downtime': 300, 'status': 'active', 'setup-time': 2, 'total-time': 22694, 'ram': {'total': 8607571968, 'postcopy-requests': 0, 'dirty-sync-count': 1, 'multifd-bytes': 0, 'pages-per-second': 32970, 'downtime-bytes': 0, 'page-size': 4096, 'remaining': 1858867200, 'postcopy-bytes': 0, 'mbps': 1082.1448799999998, 'transferred': 3070460682, 'dirty-sync-missed-zero-copy': 0, 'precopy-bytes': 3070458095, 'duplicate': 901448, 'dirty-pages-rate': 0, 'normal-bytes': 3056373760, 'normal': 746185}}
QMP cmd [src10] query-migrate args={}
QMP reply [src10] query-migrate: {'expected-downtime': 300, 'status': 'active', 'setup-time': 2, 'total-time': 22895, 'ram': {'total': 8607571968, 'postcopy-requests': 0, 'dirty-sync-count': 1, 'multifd-bytes': 0, 'pages-per-second': 57980, 'downtime-bytes': 0, 'page-size': 4096, 'remaining': 162525184, 'postcopy-bytes': 0, 'mbps': 1083.9456, 'transferred': 3097550007, 'dirty-sync-missed-zero-copy': 0, 'precopy-bytes': 3097547400, 'duplicate': 1309889, 'dirty-pages-rate': 0, 'normal-bytes': 3079741440, 'normal': 751890}}
QMP cmd [src10] query-migrate args={}
QMP reply [src10] query-migrate: {'expected-downtime': 300, 'status': 'active', 'setup-time': 2, 'total-time': 23096, 'ram': {'total': 8607571968, 'postcopy-requests': 0, 'dirty-sync-count': 1, 'multifd-bytes': 0, 'pages-per-second': 34230, 'downtime-bytes': 0, 'page-size': 4096, 'remaining': 135004160, 'postcopy-bytes': 0, 'mbps': 1082.2356000000002, 'transferred': 3124604754, 'dirty-sync-missed-zero-copy': 0, 'precopy-bytes': 3124602127, 'duplicate': 1310016, 'dirty-pages-rate': 0, 'normal-bytes': 3106742272, 'normal': 758482}}
QMP cmd [src10] query-migrate args={}
QMP reply [src10] query-migrate: {'expected-downtime': 300, 'status': 'active', 'setup-time': 2, 'total-time': 23296, 'ram': {'total': 8607571968, 'postcopy-requests': 0, 'dirty-sync-count': 1, 'multifd-bytes': 0, 'pages-per-second': 32960, 'downtime-bytes': 0, 'page-size': 4096, 'remaining': 108003328, 'postcopy-bytes': 0, 'mbps': 1082.1441599999998, 'transferred': 3151658358, 'dirty-sync-missed-zero-copy': 0, 'precopy-bytes': 3151655711, 'duplicate': 1310016, 'dirty-pages-rate': 0, 'normal-bytes': 3133743104, 'normal': 765074}}
QMP cmd [src10] query-migrate args={}
QMP reply [src10] query-migrate: {'expected-downtime': 300, 'status': 'active', 'setup-time': 2, 'total-time': 23497, 'ram': {'total': 8607571968, 'postcopy-requests': 0, 'dirty-sync-count': 1, 'multifd-bytes': 0, 'pages-per-second': 32960, 'downtime-bytes': 0, 'page-size': 4096, 'remaining': 81002496, 'postcopy-bytes': 0, 'mbps': 1082.1441599999998, 'transferred': 3178711962, 'dirty-sync-missed-zero-copy': 0, 'precopy-bytes': 3178709295, 'duplicate': 1310016, 'dirty-pages-rate': 0, 'normal-bytes': 3160743936, 'normal': 771666}}
QMP cmd [src10] query-migrate args={}
QMP reply [src10] query-migrate: {'expected-downtime': 300, 'status': 'active', 'setup-time': 2, 'total-time': 23698, 'ram': {'total': 8607571968, 'postcopy-requests': 0, 'dirty-sync-count': 1, 'multifd-bytes': 0, 'pages-per-second': 32960, 'downtime-bytes': 0, 'page-size': 4096, 'remaining': 54001664, 'postcopy-bytes': 0, 'mbps': 1082.1441599999998, 'transferred': 3205765566, 'dirty-sync-missed-zero-copy': 0, 'precopy-bytes': 3205762879, 'duplicate': 1310016, 'dirty-pages-rate': 0, 'normal-bytes': 3187744768, 'normal': 778258}}
QMP cmd [src10] query-migrate args={}
QMP reply [src10] query-migrate: {'expected-downtime': 300, 'status': 'active', 'setup-time': 2, 'total-time': 23899, 'ram': {'total': 8607571968, 'postcopy-requests': 0, 'dirty-sync-count': 2, 'multifd-bytes': 0, 'pages-per-second': 32960, 'downtime-bytes': 0, 'page-size': 4096, 'remaining': 1113911296, 'postcopy-bytes': 0, 'mbps': 1082.1441599999998, 'transferred': 3232819170, 'dirty-sync-missed-zero-copy': 0, 'precopy-bytes': 3232816463, 'duplicate': 1310016, 'dirty-pages-rate': 11148, 'normal-bytes': 3214745600, 'normal': 784850}}
QMP cmd [src10] query-migrate args={}
QMP reply [src10] query-migrate: {'expected-downtime': 8323, 'status': 'active', 'setup-time': 2, 'total-time': 24100, 'ram': {'total': 8607571968, 'postcopy-requests': 0, 'dirty-sync-count': 2, 'multifd-bytes': 0, 'pages-per-second': 75340, 'downtime-bytes': 0, 'page-size': 4096, 'remaining': 1068548096, 'postcopy-bytes': 0, 'mbps': 1083.56952, 'transferred': 3259892796, 'dirty-sync-missed-zero-copy': 0, 'precopy-bytes': 3259890069, 'duplicate': 1314504, 'dirty-pages-rate': 11148, 'normal-bytes': 3241725952, 'normal': 791437}}
2026-07-15 02:40:49.841946SSH command: ssh -o BatchMode=yes -o StrictHostKeyChecking=no -o UserKnownHostsFile=/dev/null -o ConnectTimeout=1 -o LogLevel=ERROR -p 2231 -i /home/max/.ssh/pgvm_bench user@127.0.0.1 test -f /tmp/bench.done
Return code: 1
Stdout: 
Stderr: 
qemu-system-x86_64: terminating on signal 15 from pid 51735 (/home/max/Bachelor-Thesis/Repo/.venv/bin/python)
QMP cmd [src10] query-migrate args={}
QMP reply [src10] query-migrate: {'expected-downtime': 8333, 'status': 'active', 'setup-time': 2, 'total-time': 24303, 'ram': {'total': 8607571968, 'postcopy-requests': 0, 'dirty-sync-count': 2, 'multifd-bytes': 0, 'pages-per-second': 34500, 'downtime-bytes': 0, 'page-size': 4096, 'remaining': 1039134720, 'postcopy-bytes': 0, 'mbps': 1082.25504, 'transferred': 3286951701, 'dirty-sync-missed-zero-copy': 0, 'precopy-bytes': 3286948954, 'duplicate': 1315093, 'dirty-pages-rate': 11148, 'normal-bytes': 3268726784, 'normal': 798029}}
QMP cmd [src10] query-migrate args={}
QMP reply [src10] query-migrate: {'expected-downtime': 8334, 'status': 'active', 'setup-time': 2, 'total-time': 24503, 'ram': {'total': 8607571968, 'postcopy-requests': 0, 'dirty-sync-count': 2, 'multifd-bytes': 0, 'pages-per-second': 33150, 'downtime-bytes': 0, 'page-size': 4096, 'remaining': 1006780416, 'postcopy-bytes': 0, 'mbps': 1082.15784, 'transferred': 3318734230, 'dirty-sync-missed-zero-copy': 0, 'precopy-bytes': 3318858685, 'duplicate': 1315216, 'dirty-pages-rate': 11148, 'normal-bytes': 3300573184, 'normal': 805804}}
QMP cmd [src10] query-migrate args={}
QMP reply [src10] query-migrate: {'expected-downtime': 8334, 'status': 'active', 'setup-time': 2, 'total-time': 24704, 'ram': {'total': 8607571968, 'postcopy-requests': 0, 'dirty-sync-count': 2, 'multifd-bytes': 0, 'pages-per-second': 33300, 'downtime-bytes': 0, 'page-size': 4096, 'remaining': 975790080, 'postcopy-bytes': 0, 'mbps': 1082.1686399999999, 'transferred': 3349465720, 'dirty-sync-missed-zero-copy': 0, 'precopy-bytes': 3349590155, 'duplicate': 1315294, 'dirty-pages-rate': 11148, 'normal-bytes': 3331244032, 'normal': 813292}}
QMP cmd [src10] query-migrate args={}
QMP reply [src10] query-migrate: {'expected-downtime': 8334, 'status': 'active', 'setup-time': 2, 'total-time': 24905, 'ram': {'total': 8607571968, 'postcopy-requests': 0, 'dirty-sync-count': 2, 'multifd-bytes': 0, 'pages-per-second': 32960, 'downtime-bytes': 0, 'page-size': 4096, 'remaining': 944463872, 'postcopy-bytes': 0, 'mbps': 1082.1441599999998, 'transferred': 3380853148, 'dirty-sync-missed-zero-copy': 0, 'precopy-bytes': 3380977563, 'duplicate': 1315294, 'dirty-pages-rate': 11148, 'normal-bytes': 3362570240, 'normal': 820940}}
QMP cmd [src10] query-migrate args={}
QMP reply [src10] query-migrate: {'expected-downtime': 8334, 'status': 'active', 'setup-time': 2, 'total-time': 25106, 'ram': {'total': 8607571968, 'postcopy-requests': 0, 'dirty-sync-count': 2, 'multifd-bytes': 0, 'pages-per-second': 32980, 'downtime-bytes': 0, 'page-size': 4096, 'remaining': 916795392, 'postcopy-bytes': 0, 'mbps': 1082.1456, 'transferred': 3408694755, 'dirty-sync-missed-zero-copy': 0, 'precopy-bytes': 3408691918, 'duplicate': 1315297, 'dirty-pages-rate': 11148, 'normal-bytes': 3390230528, 'normal': 827693}}
QMP cmd [src10] migrate-start-postcopy args={}
QMP reply [src10] migrate-start-postcopy: {}
QMP cmd [src10] query-migrate args={}
QMP reply [src10] query-migrate: {'status': 'postcopy-device', 'setup-time': 2, 'downtime': 75, 'total-time': 25307, 'ram': {'total': 8607571968, 'postcopy-requests': 0, 'dirty-sync-count': 3, 'multifd-bytes': 0, 'pages-per-second': 32970, 'downtime-bytes': 0, 'page-size': 4096, 'remaining': 958226432, 'postcopy-bytes': 76562412, 'mbps': 1082.1448799999998, 'transferred': 3486300768, 'dirty-sync-missed-zero-copy': 0, 'precopy-bytes': 3408691918, 'duplicate': 1315550, 'dirty-pages-rate': 20701, 'normal-bytes': 3466641408, 'normal': 846348}}
QMP cmd [src10] query-migrate args={}
QMP reply [src10] query-migrate: {'status': 'postcopy-active', 'setup-time': 2, 'downtime': 75, 'total-time': 25509, 'ram': {'total': 8607571968, 'postcopy-requests': 0, 'dirty-sync-count': 3, 'multifd-bytes': 0, 'pages-per-second': 636882, 'downtime-bytes': 0, 'page-size': 4096, 'remaining': 435433472, 'postcopy-bytes': 598042334, 'mbps': 20770.733647058827, 'transferred': 4007780730, 'dirty-sync-missed-zero-copy': 0, 'precopy-bytes': 3408691918, 'duplicate': 1316120, 'dirty-pages-rate': 20701, 'normal-bytes': 3987099648, 'normal': 973413}}
QMP cmd [src10] query-migrate args={}
QMP reply [src10] query-migrate: {'status': 'completed', 'setup-time': 2, 'downtime': 75, 'total-time': 25709, 'ram': {'total': 8607571968, 'postcopy-requests': 0, 'dirty-sync-count': 3, 'multifd-bytes': 0, 'pages-per-second': 619313, 'downtime-bytes': 0, 'page-size': 4096, 'remaining': 0, 'postcopy-bytes': 1022884887, 'mbps': 1379.4688042945502, 'transferred': 4432750569, 'dirty-sync-missed-zero-copy': 0, 'precopy-bytes': 3408691918, 'duplicate': 1318915, 'dirty-pages-rate': 0, 'normal-bytes': 4411088896, 'normal': 1076926}}
