2026-07-15 02:06:56.465622SSH command: ssh -o BatchMode=yes -o StrictHostKeyChecking=no -o UserKnownHostsFile=/dev/null -o ConnectTimeout=1 -o LogLevel=ERROR -p 2223 -i /home/max/.ssh/pgvm_bench user@127.0.0.1 systemd-analyze
Return code: 0
Stdout: Startup finished in 785ms (kernel) + 2.262s (userspace) = 3.047s 
graphical.target reached after 2.261s in userspace.

Stderr: 
2026-07-15 02:06:56.604536SSH command: ssh -o BatchMode=yes -o StrictHostKeyChecking=no -o UserKnownHostsFile=/dev/null -o ConnectTimeout=1 -o LogLevel=ERROR -p 2223 -i /home/max/.ssh/pgvm_bench user@127.0.0.1 rm -f /tmp/bench.done /tmp/pg-buffer-hit-ratio.csv /tmp/pg-buffer-sampler.log; nohup bash /home/user/pg_sampler.sh /tmp/bench.done /tmp/pg-buffer-hit-ratio.csv ycsb >/tmp/pg-buffer-sampler.log 2>&1 &
Return code: 0
Stdout: 
Stderr: 
QMP cmd [src2] migrate-set-capabilities args={'capabilities': [{'capability': 'auto-converge', 'state': False}, {'capability': 'events', 'state': True}, {'capability': 'postcopy-blocktime', 'state': True}, {'capability': 'postcopy-ram', 'state': True}]}
QMP cmd [src2] query-migrate args={}
QMP reply [src2] migrate-set-capabilities: {}
QMP cmd [src2] migrate args={'uri': 'unix:/tmp/mig.sock'}
QMP reply [src2] query-migrate: {}
QMP reply [src2] migrate: {}
2026-07-15 02:08:37.009180SSH command: ssh -o BatchMode=yes -o StrictHostKeyChecking=no -o UserKnownHostsFile=/dev/null -o ConnectTimeout=1 -o LogLevel=ERROR -p 2223 -i /home/max/.ssh/pgvm_bench user@127.0.0.1 test -f /tmp/bench.done
Return code: 1
Stdout: 
Stderr: 
QMP cmd [src2] query-migrate args={}
QMP reply [src2] query-migrate: {'expected-downtime': 300, 'status': 'active', 'setup-time': 1, 'total-time': 201, 'ram': {'total': 8607571968, 'postcopy-requests': 0, 'dirty-sync-count': 1, 'multifd-bytes': 0, 'pages-per-second': 37300, 'downtime-bytes': 0, 'page-size': 4096, 'remaining': 8577740800, 'postcopy-bytes': 0, 'mbps': 1082.4825600000001, 'transferred': 27060147, 'dirty-sync-missed-zero-copy': 0, 'precopy-bytes': 27059810, 'duplicate': 691, 'dirty-pages-rate': 0, 'normal-bytes': 27000832, 'normal': 6592}}
QMP cmd [src2] query-migrate args={}
QMP reply [src2] query-migrate: {'expected-downtime': 300, 'status': 'active', 'setup-time': 1, 'total-time': 402, 'ram': {'total': 8607571968, 'postcopy-requests': 0, 'dirty-sync-count': 1, 'multifd-bytes': 0, 'pages-per-second': 2045870, 'downtime-bytes': 0, 'page-size': 4096, 'remaining': 7685009408, 'postcopy-bytes': 0, 'mbps': 1074.08448, 'transferred': 57665998, 'dirty-sync-missed-zero-copy': 0, 'precopy-bytes': 57792863, 'duplicate': 211616, 'dirty-pages-rate': 0, 'normal-bytes': 55779328, 'normal': 13618}}
QMP cmd [src2] query-migrate args={}
QMP reply [src2] query-migrate: {'expected-downtime': 300, 'status': 'active', 'setup-time': 1, 'total-time': 602, 'ram': {'total': 8607571968, 'postcopy-requests': 0, 'dirty-sync-count': 1, 'multifd-bytes': 0, 'pages-per-second': 199270, 'downtime-bytes': 0, 'page-size': 4096, 'remaining': 5358825472, 'postcopy-bytes': 0, 'mbps': 1078.39368, 'transferred': 84198223, 'dirty-sync-missed-zero-copy': 0, 'precopy-bytes': 84325068, 'duplicate': 774301, 'dirty-pages-rate': 0, 'normal-bytes': 77205504, 'normal': 18849}}
QMP cmd [src2] query-migrate args={}
QMP reply [src2] query-migrate: {'expected-downtime': 300, 'status': 'active', 'setup-time': 1, 'total-time': 803, 'ram': {'total': 8607571968, 'postcopy-requests': 0, 'dirty-sync-count': 1, 'multifd-bytes': 0, 'pages-per-second': 47440, 'downtime-bytes': 0, 'page-size': 4096, 'remaining': 5313449984, 'postcopy-bytes': 0, 'mbps': 1083.18672, 'transferred': 117057412, 'dirty-sync-missed-zero-copy': 0, 'precopy-bytes': 117184786, 'duplicate': 777379, 'dirty-pages-rate': 0, 'normal-bytes': 109973504, 'normal': 26849}}
QMP cmd [src2] query-migrate args={}
QMP reply [src2] query-migrate: {'expected-downtime': 300, 'status': 'active', 'setup-time': 1, 'total-time': 1004, 'ram': {'total': 8607571968, 'postcopy-requests': 0, 'dirty-sync-count': 1, 'multifd-bytes': 0, 'pages-per-second': 39970, 'downtime-bytes': 0, 'page-size': 4096, 'remaining': 5276708864, 'postcopy-bytes': 0, 'mbps': 1082.64888, 'transferred': 148457583, 'dirty-sync-missed-zero-copy': 0, 'precopy-bytes': 148457156, 'duplicate': 778733, 'dirty-pages-rate': 0, 'normal-bytes': 141172736, 'normal': 34466}}
QMP cmd [src2] query-migrate args={}
QMP reply [src2] query-migrate: {'expected-downtime': 300, 'status': 'active', 'setup-time': 1, 'total-time': 1205, 'ram': {'total': 8607571968, 'postcopy-requests': 0, 'dirty-sync-count': 1, 'multifd-bytes': 0, 'pages-per-second': 43260, 'downtime-bytes': 0, 'page-size': 4096, 'remaining': 5245485056, 'postcopy-bytes': 0, 'mbps': 1082.8857600000001, 'transferred': 175520466, 'dirty-sync-missed-zero-copy': 0, 'precopy-bytes': 175520019, 'duplicate': 779764, 'dirty-pages-rate': 0, 'normal-bytes': 168173568, 'normal': 41058}}
QMP cmd [src2] query-migrate args={}
QMP reply [src2] query-migrate: {'expected-downtime': 300, 'status': 'active', 'setup-time': 1, 'total-time': 1405, 'ram': {'total': 8607571968, 'postcopy-requests': 0, 'dirty-sync-count': 1, 'multifd-bytes': 0, 'pages-per-second': 33510, 'downtime-bytes': 0, 'page-size': 4096, 'remaining': 5213360128, 'postcopy-bytes': 0, 'mbps': 1082.1837600000001, 'transferred': 202585329, 'dirty-sync-missed-zero-copy': 0, 'precopy-bytes': 202584862, 'duplicate': 781015, 'dirty-pages-rate': 0, 'normal-bytes': 195174400, 'normal': 47650}}
QMP cmd [src2] query-migrate args={}
QMP reply [src2] query-migrate: {'expected-downtime': 300, 'status': 'active', 'setup-time': 1, 'total-time': 1606, 'ram': {'total': 8607571968, 'postcopy-requests': 0, 'dirty-sync-count': 1, 'multifd-bytes': 0, 'pages-per-second': 45880, 'downtime-bytes': 0, 'page-size': 4096, 'remaining': 5161779200, 'postcopy-bytes': 0, 'mbps': 1083.0744, 'transferred': 229643802, 'dirty-sync-missed-zero-copy': 0, 'precopy-bytes': 229643315, 'duplicate': 787028, 'dirty-pages-rate': 0, 'normal-bytes': 222126080, 'normal': 54230}}
QMP cmd [src2] query-migrate args={}
QMP reply [src2] query-migrate: {'expected-downtime': 300, 'status': 'active', 'setup-time': 1, 'total-time': 1807, 'ram': {'total': 8607571968, 'postcopy-requests': 0, 'dirty-sync-count': 1, 'multifd-bytes': 0, 'pages-per-second': 46520, 'downtime-bytes': 0, 'page-size': 4096, 'remaining': 5128318976, 'postcopy-bytes': 0, 'mbps': 1083.12048, 'transferred': 256711599, 'dirty-sync-missed-zero-copy': 0, 'precopy-bytes': 256711092, 'duplicate': 788605, 'dirty-pages-rate': 0, 'normal-bytes': 249126912, 'normal': 60822}}
QMP cmd [src2] query-migrate args={}
QMP reply [src2] query-migrate: {'expected-downtime': 300, 'status': 'active', 'setup-time': 1, 'total-time': 2007, 'ram': {'total': 8607571968, 'postcopy-requests': 0, 'dirty-sync-count': 1, 'multifd-bytes': 0, 'pages-per-second': 33540, 'downtime-bytes': 0, 'page-size': 4096, 'remaining': 5100146688, 'postcopy-bytes': 0, 'mbps': 1082.18592, 'transferred': 283767777, 'dirty-sync-missed-zero-copy': 0, 'precopy-bytes': 283767250, 'duplicate': 788891, 'dirty-pages-rate': 0, 'normal-bytes': 276127744, 'normal': 67414}}
QMP cmd [src2] query-migrate args={}
QMP reply [src2] query-migrate: {'expected-downtime': 300, 'status': 'active', 'setup-time': 1, 'total-time': 2208, 'ram': {'total': 8607571968, 'postcopy-requests': 0, 'dirty-sync-count': 1, 'multifd-bytes': 0, 'pages-per-second': 33170, 'downtime-bytes': 0, 'page-size': 4096, 'remaining': 5073022976, 'postcopy-bytes': 0, 'mbps': 1082.15928, 'transferred': 310821651, 'dirty-sync-missed-zero-copy': 0, 'precopy-bytes': 310821104, 'duplicate': 788921, 'dirty-pages-rate': 0, 'normal-bytes': 303128576, 'normal': 74006}}
2026-07-15 02:08:39.191474SSH command: ssh -o BatchMode=yes -o StrictHostKeyChecking=no -o UserKnownHostsFile=/dev/null -o ConnectTimeout=1 -o LogLevel=ERROR -p 2223 -i /home/max/.ssh/pgvm_bench user@127.0.0.1 test -f /tmp/bench.done
Return code: 1
Stdout: 
Stderr: 
QMP cmd [src2] query-migrate args={}
QMP reply [src2] query-migrate: {'expected-downtime': 300, 'status': 'active', 'setup-time': 1, 'total-time': 2409, 'ram': {'total': 8607571968, 'postcopy-requests': 0, 'dirty-sync-count': 1, 'multifd-bytes': 0, 'pages-per-second': 45270, 'downtime-bytes': 0, 'page-size': 4096, 'remaining': 5035216896, 'postcopy-bytes': 0, 'mbps': 1083.03048, 'transferred': 337898997, 'dirty-sync-missed-zero-copy': 0, 'precopy-bytes': 337898430, 'duplicate': 791559, 'dirty-pages-rate': 0, 'normal-bytes': 330129408, 'normal': 80598}}
QMP cmd [src2] query-migrate args={}
QMP reply [src2] query-migrate: {'expected-downtime': 300, 'status': 'active', 'setup-time': 1, 'total-time': 2610, 'ram': {'total': 8607571968, 'postcopy-requests': 0, 'dirty-sync-count': 1, 'multifd-bytes': 0, 'pages-per-second': 43460, 'downtime-bytes': 0, 'page-size': 4096, 'remaining': 5003554816, 'postcopy-bytes': 0, 'mbps': 1082.90016, 'transferred': 364962843, 'dirty-sync-missed-zero-copy': 0, 'precopy-bytes': 364962256, 'duplicate': 792697, 'dirty-pages-rate': 0, 'normal-bytes': 357130240, 'normal': 87190}}
QMP cmd [src2] query-migrate args={}
QMP reply [src2] query-migrate: {'expected-downtime': 300, 'status': 'active', 'setup-time': 1, 'total-time': 2811, 'ram': {'total': 8607571968, 'postcopy-requests': 0, 'dirty-sync-count': 1, 'multifd-bytes': 0, 'pages-per-second': 33410, 'downtime-bytes': 0, 'page-size': 4096, 'remaining': 4976369664, 'postcopy-bytes': 0, 'mbps': 1082.17656, 'transferred': 392016852, 'dirty-sync-missed-zero-copy': 0, 'precopy-bytes': 392016245, 'duplicate': 792742, 'dirty-pages-rate': 0, 'normal-bytes': 384131072, 'normal': 93782}}
QMP cmd [src2] query-migrate args={}
QMP reply [src2] query-migrate: {'expected-downtime': 300, 'status': 'active', 'setup-time': 1, 'total-time': 3011, 'ram': {'total': 8607571968, 'postcopy-requests': 0, 'dirty-sync-count': 1, 'multifd-bytes': 0, 'pages-per-second': 33020, 'downtime-bytes': 0, 'page-size': 4096, 'remaining': 4946411520, 'postcopy-bytes': 0, 'mbps': 1082.14848, 'transferred': 419076954, 'dirty-sync-missed-zero-copy': 0, 'precopy-bytes': 419076327, 'duplicate': 793464, 'dirty-pages-rate': 0, 'normal-bytes': 411131904, 'normal': 100374}}
QMP cmd [src2] query-migrate args={}
QMP reply [src2] query-migrate: {'expected-downtime': 300, 'status': 'active', 'setup-time': 1, 'total-time': 3212, 'ram': {'total': 8607571968, 'postcopy-requests': 0, 'dirty-sync-count': 1, 'multifd-bytes': 0, 'pages-per-second': 33210, 'downtime-bytes': 0, 'page-size': 4096, 'remaining': 4919156736, 'postcopy-bytes': 0, 'mbps': 1082.1621599999999, 'transferred': 446131116, 'dirty-sync-missed-zero-copy': 0, 'precopy-bytes': 446130469, 'duplicate': 793526, 'dirty-pages-rate': 0, 'normal-bytes': 438132736, 'normal': 106966}}
QMP cmd [src2] query-migrate args={}
QMP reply [src2] query-migrate: {'expected-downtime': 300, 'status': 'active', 'setup-time': 1, 'total-time': 3413, 'ram': {'total': 8607571968, 'postcopy-requests': 0, 'dirty-sync-count': 1, 'multifd-bytes': 0, 'pages-per-second': 34210, 'downtime-bytes': 0, 'page-size': 4096, 'remaining': 4891144192, 'postcopy-bytes': 0, 'mbps': 1082.23416, 'transferred': 473186943, 'dirty-sync-missed-zero-copy': 0, 'precopy-bytes': 473186276, 'duplicate': 793773, 'dirty-pages-rate': 0, 'normal-bytes': 465133568, 'normal': 113558}}
QMP cmd [src2] query-migrate args={}
QMP reply [src2] query-migrate: {'expected-downtime': 300, 'status': 'active', 'setup-time': 1, 'total-time': 3614, 'ram': {'total': 8607571968, 'postcopy-requests': 0, 'dirty-sync-count': 1, 'multifd-bytes': 0, 'pages-per-second': 38490, 'downtime-bytes': 0, 'page-size': 4096, 'remaining': 4861825024, 'postcopy-bytes': 0, 'mbps': 1082.54232, 'transferred': 500245641, 'dirty-sync-missed-zero-copy': 0, 'precopy-bytes': 500244954, 'duplicate': 794339, 'dirty-pages-rate': 0, 'normal-bytes': 492134400, 'normal': 120150}}
QMP cmd [src2] query-migrate args={}
QMP reply [src2] query-migrate: {'expected-downtime': 300, 'status': 'active', 'setup-time': 1, 'total-time': 3814, 'ram': {'total': 8607571968, 'postcopy-requests': 0, 'dirty-sync-count': 1, 'multifd-bytes': 0, 'pages-per-second': 33190, 'downtime-bytes': 0, 'page-size': 4096, 'remaining': 4834672640, 'postcopy-bytes': 0, 'mbps': 1082.16072, 'transferred': 527299578, 'dirty-sync-missed-zero-copy': 0, 'precopy-bytes': 527298871, 'duplicate': 794376, 'dirty-pages-rate': 0, 'normal-bytes': 519135232, 'normal': 126742}}
QMP cmd [src2] query-migrate args={}
QMP reply [src2] query-migrate: {'expected-downtime': 300, 'status': 'active', 'setup-time': 1, 'total-time': 4015, 'ram': {'total': 8607571968, 'postcopy-requests': 0, 'dirty-sync-count': 1, 'multifd-bytes': 0, 'pages-per-second': 33090, 'downtime-bytes': 0, 'page-size': 4096, 'remaining': 4807376896, 'postcopy-bytes': 0, 'mbps': 1082.15352, 'transferred': 554353830, 'dirty-sync-missed-zero-copy': 0, 'precopy-bytes': 554353103, 'duplicate': 794448, 'dirty-pages-rate': 0, 'normal-bytes': 546136064, 'normal': 133334}}
QMP cmd [src2] query-migrate args={}
QMP reply [src2] query-migrate: {'expected-downtime': 300, 'status': 'active', 'setup-time': 1, 'total-time': 4216, 'ram': {'total': 8607571968, 'postcopy-requests': 0, 'dirty-sync-count': 1, 'multifd-bytes': 0, 'pages-per-second': 33020, 'downtime-bytes': 0, 'page-size': 4096, 'remaining': 4780326912, 'postcopy-bytes': 0, 'mbps': 1082.14848, 'transferred': 581407542, 'dirty-sync-missed-zero-copy': 0, 'precopy-bytes': 581406795, 'duplicate': 794460, 'dirty-pages-rate': 0, 'normal-bytes': 573136896, 'normal': 139926}}
QMP cmd [src2] query-migrate args={}
QMP reply [src2] query-migrate: {'expected-downtime': 300, 'status': 'active', 'setup-time': 1, 'total-time': 4417, 'ram': {'total': 8607571968, 'postcopy-requests': 0, 'dirty-sync-count': 1, 'multifd-bytes': 0, 'pages-per-second': 33260, 'downtime-bytes': 0, 'page-size': 4096, 'remaining': 4752982016, 'postcopy-bytes': 0, 'mbps': 1082.16576, 'transferred': 608461902, 'dirty-sync-missed-zero-copy': 0, 'precopy-bytes': 608461135, 'duplicate': 794544, 'dirty-pages-rate': 0, 'normal-bytes': 600137728, 'normal': 146518}}
2026-07-15 02:08:41.367438SSH command: ssh -o BatchMode=yes -o StrictHostKeyChecking=no -o UserKnownHostsFile=/dev/null -o ConnectTimeout=1 -o LogLevel=ERROR -p 2223 -i /home/max/.ssh/pgvm_bench user@127.0.0.1 test -f /tmp/bench.done
Return code: 1
Stdout: 
Stderr: 
QMP cmd [src2] query-migrate args={}
QMP reply [src2] query-migrate: {'expected-downtime': 300, 'status': 'active', 'setup-time': 1, 'total-time': 4618, 'ram': {'total': 8607571968, 'postcopy-requests': 0, 'dirty-sync-count': 1, 'multifd-bytes': 0, 'pages-per-second': 33000, 'downtime-bytes': 0, 'page-size': 4096, 'remaining': 4725907456, 'postcopy-bytes': 0, 'mbps': 1082.14704, 'transferred': 635515668, 'dirty-sync-missed-zero-copy': 0, 'precopy-bytes': 635514881, 'duplicate': 794562, 'dirty-pages-rate': 0, 'normal-bytes': 627138560, 'normal': 153110}}
QMP cmd [src2] query-migrate args={}
QMP reply [src2] query-migrate: {'expected-downtime': 300, 'status': 'active', 'setup-time': 1, 'total-time': 4819, 'ram': {'total': 8607571968, 'postcopy-requests': 0, 'dirty-sync-count': 1, 'multifd-bytes': 0, 'pages-per-second': 34790, 'downtime-bytes': 0, 'page-size': 4096, 'remaining': 4698148864, 'postcopy-bytes': 0, 'mbps': 1082.2759199999998, 'transferred': 662570937, 'dirty-sync-missed-zero-copy': 0, 'precopy-bytes': 662570130, 'duplicate': 794747, 'dirty-pages-rate': 0, 'normal-bytes': 654139392, 'normal': 159702}}
QMP cmd [src2] query-migrate args={}
QMP reply [src2] query-migrate: {'expected-downtime': 300, 'status': 'active', 'setup-time': 1, 'total-time': 5020, 'ram': {'total': 8607571968, 'postcopy-requests': 0, 'dirty-sync-count': 1, 'multifd-bytes': 0, 'pages-per-second': 33000, 'downtime-bytes': 0, 'page-size': 4096, 'remaining': 4671098880, 'postcopy-bytes': 0, 'mbps': 1082.14704, 'transferred': 689624649, 'dirty-sync-missed-zero-copy': 0, 'precopy-bytes': 689623822, 'duplicate': 794759, 'dirty-pages-rate': 0, 'normal-bytes': 681140224, 'normal': 166294}}
QMP cmd [src2] query-migrate args={}
QMP reply [src2] query-migrate: {'expected-downtime': 300, 'status': 'active', 'setup-time': 1, 'total-time': 5220, 'ram': {'total': 8607571968, 'postcopy-requests': 0, 'dirty-sync-count': 1, 'multifd-bytes': 0, 'pages-per-second': 33040, 'downtime-bytes': 0, 'page-size': 4096, 'remaining': 4641959936, 'postcopy-bytes': 0, 'mbps': 1082.1499199999998, 'transferred': 716682951, 'dirty-sync-missed-zero-copy': 0, 'precopy-bytes': 716682104, 'duplicate': 795281, 'dirty-pages-rate': 0, 'normal-bytes': 708141056, 'normal': 172886}}
QMP cmd [src2] query-migrate args={}
QMP reply [src2] query-migrate: {'expected-downtime': 300, 'status': 'active', 'setup-time': 1, 'total-time': 5421, 'ram': {'total': 8607571968, 'postcopy-requests': 0, 'dirty-sync-count': 1, 'multifd-bytes': 0, 'pages-per-second': 33020, 'downtime-bytes': 0, 'page-size': 4096, 'remaining': 4614934528, 'postcopy-bytes': 0, 'mbps': 1082.14848, 'transferred': 743736609, 'dirty-sync-missed-zero-copy': 0, 'precopy-bytes': 743735742, 'duplicate': 795287, 'dirty-pages-rate': 0, 'normal-bytes': 735141888, 'normal': 179478}}
QMP cmd [src2] query-migrate args={}
QMP reply [src2] query-migrate: {'expected-downtime': 300, 'status': 'active', 'setup-time': 1, 'total-time': 5622, 'ram': {'total': 8607571968, 'postcopy-requests': 0, 'dirty-sync-count': 1, 'multifd-bytes': 0, 'pages-per-second': 32980, 'downtime-bytes': 0, 'page-size': 4096, 'remaining': 4587925504, 'postcopy-bytes': 0, 'mbps': 1082.1456, 'transferred': 770790231, 'dirty-sync-missed-zero-copy': 0, 'precopy-bytes': 770789344, 'duplicate': 795289, 'dirty-pages-rate': 0, 'normal-bytes': 762142720, 'normal': 186070}}
QMP cmd [src2] query-migrate args={}
QMP reply [src2] query-migrate: {'expected-downtime': 300, 'status': 'active', 'setup-time': 1, 'total-time': 5822, 'ram': {'total': 8607571968, 'postcopy-requests': 0, 'dirty-sync-count': 1, 'multifd-bytes': 0, 'pages-per-second': 32693, 'downtime-bytes': 0, 'page-size': 4096, 'remaining': 4560900096, 'postcopy-bytes': 0, 'mbps': 1071.4341386138613, 'transferred': 797843889, 'dirty-sync-missed-zero-copy': 0, 'precopy-bytes': 797842982, 'duplicate': 795295, 'dirty-pages-rate': 0, 'normal-bytes': 789143552, 'normal': 192662}}
QMP cmd [src2] query-migrate args={}
QMP reply [src2] query-migrate: {'expected-downtime': 300, 'status': 'active', 'setup-time': 1, 'total-time': 6023, 'ram': {'total': 8607571968, 'postcopy-requests': 0, 'dirty-sync-count': 1, 'multifd-bytes': 0, 'pages-per-second': 33490, 'downtime-bytes': 0, 'page-size': 4096, 'remaining': 4533608448, 'postcopy-bytes': 0, 'mbps': 1082.1823200000001, 'transferred': 824898132, 'dirty-sync-missed-zero-copy': 0, 'precopy-bytes': 824897205, 'duplicate': 795366, 'dirty-pages-rate': 0, 'normal-bytes': 816144384, 'normal': 199254}}
QMP cmd [src2] query-migrate args={}
QMP reply [src2] query-migrate: {'expected-downtime': 300, 'status': 'active', 'setup-time': 1, 'total-time': 6224, 'ram': {'total': 8607571968, 'postcopy-requests': 0, 'dirty-sync-count': 1, 'multifd-bytes': 0, 'pages-per-second': 42030, 'downtime-bytes': 0, 'page-size': 4096, 'remaining': 4502892544, 'postcopy-bytes': 0, 'mbps': 1082.7972, 'transferred': 851959899, 'dirty-sync-missed-zero-copy': 0, 'precopy-bytes': 851958952, 'duplicate': 796273, 'dirty-pages-rate': 0, 'normal-bytes': 843145216, 'normal': 205846}}
QMP cmd [src2] query-migrate args={}
QMP reply [src2] query-migrate: {'expected-downtime': 300, 'status': 'active', 'setup-time': 1, 'total-time': 6425, 'ram': {'total': 8607571968, 'postcopy-requests': 0, 'dirty-sync-count': 1, 'multifd-bytes': 0, 'pages-per-second': 33020, 'downtime-bytes': 0, 'page-size': 4096, 'remaining': 4475834368, 'postcopy-bytes': 0, 'mbps': 1082.14848, 'transferred': 879013629, 'dirty-sync-missed-zero-copy': 0, 'precopy-bytes': 879012662, 'duplicate': 796287, 'dirty-pages-rate': 0, 'normal-bytes': 870146048, 'normal': 212438}}
QMP cmd [src2] query-migrate args={}
QMP reply [src2] query-migrate: {'expected-downtime': 300, 'status': 'active', 'setup-time': 1, 'total-time': 6625, 'ram': {'total': 8607571968, 'postcopy-requests': 0, 'dirty-sync-count': 1, 'multifd-bytes': 0, 'pages-per-second': 33000, 'downtime-bytes': 0, 'page-size': 4096, 'remaining': 4448808960, 'postcopy-bytes': 0, 'mbps': 1082.14704, 'transferred': 906067287, 'dirty-sync-missed-zero-copy': 0, 'precopy-bytes': 906066300, 'duplicate': 796293, 'dirty-pages-rate': 0, 'normal-bytes': 897146880, 'normal': 219030}}
2026-07-15 02:08:43.536993SSH command: ssh -o BatchMode=yes -o StrictHostKeyChecking=no -o UserKnownHostsFile=/dev/null -o ConnectTimeout=1 -o LogLevel=ERROR -p 2223 -i /home/max/.ssh/pgvm_bench user@127.0.0.1 test -f /tmp/bench.done
Return code: 1
Stdout: 
Stderr: 
QMP cmd [src2] query-migrate args={}
QMP reply [src2] query-migrate: {'expected-downtime': 300, 'status': 'active', 'setup-time': 1, 'total-time': 6827, 'ram': {'total': 8607571968, 'postcopy-requests': 0, 'dirty-sync-count': 1, 'multifd-bytes': 0, 'pages-per-second': 32980, 'downtime-bytes': 0, 'page-size': 4096, 'remaining': 4421791744, 'postcopy-bytes': 0, 'mbps': 1082.1456, 'transferred': 933120927, 'dirty-sync-missed-zero-copy': 0, 'precopy-bytes': 933119920, 'duplicate': 796297, 'dirty-pages-rate': 0, 'normal-bytes': 924147712, 'normal': 225622}}
QMP cmd [src2] query-migrate args={}
QMP reply [src2] query-migrate: {'expected-downtime': 300, 'status': 'active', 'setup-time': 1, 'total-time': 7028, 'ram': {'total': 8607571968, 'postcopy-requests': 0, 'dirty-sync-count': 1, 'multifd-bytes': 0, 'pages-per-second': 32960, 'downtime-bytes': 0, 'page-size': 4096, 'remaining': 4394782720, 'postcopy-bytes': 0, 'mbps': 1082.1441599999998, 'transferred': 960174549, 'dirty-sync-missed-zero-copy': 0, 'precopy-bytes': 960173522, 'duplicate': 796299, 'dirty-pages-rate': 0, 'normal-bytes': 951148544, 'normal': 232214}}
QMP cmd [src2] query-migrate args={}
QMP reply [src2] query-migrate: {'expected-downtime': 300, 'status': 'active', 'setup-time': 1, 'total-time': 7228, 'ram': {'total': 8607571968, 'postcopy-requests': 0, 'dirty-sync-count': 1, 'multifd-bytes': 0, 'pages-per-second': 32980, 'downtime-bytes': 0, 'page-size': 4096, 'remaining': 4367757312, 'postcopy-bytes': 0, 'mbps': 1082.1456, 'transferred': 987228207, 'dirty-sync-missed-zero-copy': 0, 'precopy-bytes': 987227160, 'duplicate': 796305, 'dirty-pages-rate': 0, 'normal-bytes': 978149376, 'normal': 238806}}
QMP cmd [src2] query-migrate args={}
QMP reply [src2] query-migrate: {'expected-downtime': 300, 'status': 'active', 'setup-time': 1, 'total-time': 7429, 'ram': {'total': 8607571968, 'postcopy-requests': 0, 'dirty-sync-count': 1, 'multifd-bytes': 0, 'pages-per-second': 32960, 'downtime-bytes': 0, 'page-size': 4096, 'remaining': 4340748288, 'postcopy-bytes': 0, 'mbps': 1082.1441599999998, 'transferred': 1014281829, 'dirty-sync-missed-zero-copy': 0, 'precopy-bytes': 1014280762, 'duplicate': 796307, 'dirty-pages-rate': 0, 'normal-bytes': 1005150208, 'normal': 245398}}
QMP cmd [src2] query-migrate args={}
QMP reply [src2] query-migrate: {'expected-downtime': 300, 'status': 'active', 'setup-time': 1, 'total-time': 7630, 'ram': {'total': 8607571968, 'postcopy-requests': 0, 'dirty-sync-count': 1, 'multifd-bytes': 0, 'pages-per-second': 53480, 'downtime-bytes': 0, 'page-size': 4096, 'remaining': 4305342464, 'postcopy-bytes': 0, 'mbps': 1083.6216000000002, 'transferred': 1041353901, 'dirty-sync-missed-zero-copy': 0, 'precopy-bytes': 1041352814, 'duplicate': 798359, 'dirty-pages-rate': 0, 'normal-bytes': 1032151040, 'normal': 251990}}
QMP cmd [src2] query-migrate args={}
QMP reply [src2] query-migrate: {'expected-downtime': 300, 'status': 'active', 'setup-time': 1, 'total-time': 7831, 'ram': {'total': 8607571968, 'postcopy-requests': 0, 'dirty-sync-count': 1, 'multifd-bytes': 0, 'pages-per-second': 32960, 'downtime-bytes': 0, 'page-size': 4096, 'remaining': 4278341632, 'postcopy-bytes': 0, 'mbps': 1082.1441599999998, 'transferred': 1068407505, 'dirty-sync-missed-zero-copy': 0, 'precopy-bytes': 1068406398, 'duplicate': 798359, 'dirty-pages-rate': 0, 'normal-bytes': 1059151872, 'normal': 258582}}
QMP cmd [src2] query-migrate args={}
QMP reply [src2] query-migrate: {'expected-downtime': 300, 'status': 'active', 'setup-time': 1, 'total-time': 8031, 'ram': {'total': 8607571968, 'postcopy-requests': 0, 'dirty-sync-count': 1, 'multifd-bytes': 0, 'pages-per-second': 34500, 'downtime-bytes': 0, 'page-size': 4096, 'remaining': 4250058752, 'postcopy-bytes': 0, 'mbps': 1082.25504, 'transferred': 1095463926, 'dirty-sync-missed-zero-copy': 0, 'precopy-bytes': 1095462799, 'duplicate': 798672, 'dirty-pages-rate': 0, 'normal-bytes': 1086152704, 'normal': 265174}}
QMP cmd [src2] query-migrate args={}
QMP reply [src2] query-migrate: {'expected-downtime': 300, 'status': 'active', 'setup-time': 1, 'total-time': 8232, 'ram': {'total': 8607571968, 'postcopy-requests': 0, 'dirty-sync-count': 1, 'multifd-bytes': 0, 'pages-per-second': 32980, 'downtime-bytes': 0, 'page-size': 4096, 'remaining': 4223049728, 'postcopy-bytes': 0, 'mbps': 1082.1456, 'transferred': 1122517548, 'dirty-sync-missed-zero-copy': 0, 'precopy-bytes': 1122516401, 'duplicate': 798674, 'dirty-pages-rate': 0, 'normal-bytes': 1113153536, 'normal': 271766}}
QMP cmd [src2] query-migrate args={}
QMP reply [src2] query-migrate: {'expected-downtime': 300, 'status': 'active', 'setup-time': 1, 'total-time': 8433, 'ram': {'total': 8607571968, 'postcopy-requests': 0, 'dirty-sync-count': 1, 'multifd-bytes': 0, 'pages-per-second': 33000, 'downtime-bytes': 0, 'page-size': 4096, 'remaining': 4196016128, 'postcopy-bytes': 0, 'mbps': 1082.14704, 'transferred': 1149571224, 'dirty-sync-missed-zero-copy': 0, 'precopy-bytes': 1149570057, 'duplicate': 798682, 'dirty-pages-rate': 0, 'normal-bytes': 1140154368, 'normal': 278358}}
QMP cmd [src2] query-migrate args={}
QMP reply [src2] query-migrate: {'expected-downtime': 300, 'status': 'active', 'setup-time': 1, 'total-time': 8633, 'ram': {'total': 8607571968, 'postcopy-requests': 0, 'dirty-sync-count': 1, 'multifd-bytes': 0, 'pages-per-second': 32960, 'downtime-bytes': 0, 'page-size': 4096, 'remaining': 4169015296, 'postcopy-bytes': 0, 'mbps': 1082.1441599999998, 'transferred': 1176624828, 'dirty-sync-missed-zero-copy': 0, 'precopy-bytes': 1176623641, 'duplicate': 798682, 'dirty-pages-rate': 0, 'normal-bytes': 1167155200, 'normal': 284950}}
QMP cmd [src2] query-migrate args={}
QMP reply [src2] query-migrate: {'expected-downtime': 300, 'status': 'active', 'setup-time': 1, 'total-time': 8834, 'ram': {'total': 8607571968, 'postcopy-requests': 0, 'dirty-sync-count': 1, 'multifd-bytes': 0, 'pages-per-second': 32980, 'downtime-bytes': 0, 'page-size': 4096, 'remaining': 4142006272, 'postcopy-bytes': 0, 'mbps': 1082.1456, 'transferred': 1203678450, 'dirty-sync-missed-zero-copy': 0, 'precopy-bytes': 1203677243, 'duplicate': 798684, 'dirty-pages-rate': 0, 'normal-bytes': 1194156032, 'normal': 291542}}
2026-07-15 02:08:45.777794SSH command: ssh -o BatchMode=yes -o StrictHostKeyChecking=no -o UserKnownHostsFile=/dev/null -o ConnectTimeout=1 -o LogLevel=ERROR -p 2223 -i /home/max/.ssh/pgvm_bench user@127.0.0.1 test -f /tmp/bench.done
Return code: 1
Stdout: 
Stderr: 
QMP cmd [src2] query-migrate args={}
QMP reply [src2] query-migrate: {'expected-downtime': 300, 'status': 'active', 'setup-time': 1, 'total-time': 9035, 'ram': {'total': 8607571968, 'postcopy-requests': 0, 'dirty-sync-count': 1, 'multifd-bytes': 0, 'pages-per-second': 32960, 'downtime-bytes': 0, 'page-size': 4096, 'remaining': 4114997248, 'postcopy-bytes': 0, 'mbps': 1082.1441599999998, 'transferred': 1230732072, 'dirty-sync-missed-zero-copy': 0, 'precopy-bytes': 1230730845, 'duplicate': 798686, 'dirty-pages-rate': 0, 'normal-bytes': 1221156864, 'normal': 298134}}
QMP cmd [src2] query-migrate args={}
QMP reply [src2] query-migrate: {'expected-downtime': 300, 'status': 'active', 'setup-time': 1, 'total-time': 9236, 'ram': {'total': 8607571968, 'postcopy-requests': 0, 'dirty-sync-count': 1, 'multifd-bytes': 0, 'pages-per-second': 32960, 'downtime-bytes': 0, 'page-size': 4096, 'remaining': 4087988224, 'postcopy-bytes': 0, 'mbps': 1082.1441599999998, 'transferred': 1257785694, 'dirty-sync-missed-zero-copy': 0, 'precopy-bytes': 1257784447, 'duplicate': 798688, 'dirty-pages-rate': 0, 'normal-bytes': 1248157696, 'normal': 304726}}
QMP cmd [src2] query-migrate args={}
QMP reply [src2] query-migrate: {'expected-downtime': 300, 'status': 'active', 'setup-time': 1, 'total-time': 9437, 'ram': {'total': 8607571968, 'postcopy-requests': 0, 'dirty-sync-count': 1, 'multifd-bytes': 0, 'pages-per-second': 32980, 'downtime-bytes': 0, 'page-size': 4096, 'remaining': 4060962816, 'postcopy-bytes': 0, 'mbps': 1082.1456, 'transferred': 1284839352, 'dirty-sync-missed-zero-copy': 0, 'precopy-bytes': 1284838085, 'duplicate': 798694, 'dirty-pages-rate': 0, 'normal-bytes': 1275158528, 'normal': 311318}}
QMP cmd [src2] query-migrate args={}
QMP reply [src2] query-migrate: {'expected-downtime': 300, 'status': 'active', 'setup-time': 1, 'total-time': 9638, 'ram': {'total': 8607571968, 'postcopy-requests': 0, 'dirty-sync-count': 1, 'multifd-bytes': 0, 'pages-per-second': 32980, 'downtime-bytes': 0, 'page-size': 4096, 'remaining': 4033945600, 'postcopy-bytes': 0, 'mbps': 1082.1456, 'transferred': 1311892992, 'dirty-sync-missed-zero-copy': 0, 'precopy-bytes': 1311891705, 'duplicate': 798698, 'dirty-pages-rate': 0, 'normal-bytes': 1302159360, 'normal': 317910}}
QMP cmd [src2] query-migrate args={}
QMP reply [src2] query-migrate: {'expected-downtime': 300, 'status': 'active', 'setup-time': 1, 'total-time': 9838, 'ram': {'total': 8607571968, 'postcopy-requests': 0, 'dirty-sync-count': 1, 'multifd-bytes': 0, 'pages-per-second': 33000, 'downtime-bytes': 0, 'page-size': 4096, 'remaining': 4006903808, 'postcopy-bytes': 0, 'mbps': 1082.14704, 'transferred': 1338946686, 'dirty-sync-missed-zero-copy': 0, 'precopy-bytes': 1338945379, 'duplicate': 798708, 'dirty-pages-rate': 0, 'normal-bytes': 1329160192, 'normal': 324502}}
QMP cmd [src2] query-migrate args={}
QMP reply [src2] query-migrate: {'expected-downtime': 300, 'status': 'active', 'setup-time': 1, 'total-time': 10039, 'ram': {'total': 8607571968, 'postcopy-requests': 0, 'dirty-sync-count': 1, 'multifd-bytes': 0, 'pages-per-second': 33060, 'downtime-bytes': 0, 'page-size': 4096, 'remaining': 3979845632, 'postcopy-bytes': 0, 'mbps': 1082.15136, 'transferred': 1366000416, 'dirty-sync-missed-zero-copy': 0, 'precopy-bytes': 1365999089, 'duplicate': 798722, 'dirty-pages-rate': 0, 'normal-bytes': 1356161024, 'normal': 331094}}
QMP cmd [src2] query-migrate args={}
QMP reply [src2] query-migrate: {'expected-downtime': 300, 'status': 'active', 'setup-time': 1, 'total-time': 10240, 'ram': {'total': 8607571968, 'postcopy-requests': 0, 'dirty-sync-count': 1, 'multifd-bytes': 0, 'pages-per-second': 33020, 'downtime-bytes': 0, 'page-size': 4096, 'remaining': 3952812032, 'postcopy-bytes': 0, 'mbps': 1082.14848, 'transferred': 1393054092, 'dirty-sync-missed-zero-copy': 0, 'precopy-bytes': 1393052745, 'duplicate': 798730, 'dirty-pages-rate': 0, 'normal-bytes': 1383161856, 'normal': 337686}}
QMP cmd [src2] query-migrate args={}
QMP reply [src2] query-migrate: {'expected-downtime': 300, 'status': 'active', 'setup-time': 1, 'total-time': 10441, 'ram': {'total': 8607571968, 'postcopy-requests': 0, 'dirty-sync-count': 1, 'multifd-bytes': 0, 'pages-per-second': 32980, 'downtime-bytes': 0, 'page-size': 4096, 'remaining': 3925794816, 'postcopy-bytes': 0, 'mbps': 1082.1456, 'transferred': 1420107732, 'dirty-sync-missed-zero-copy': 0, 'precopy-bytes': 1420106365, 'duplicate': 798734, 'dirty-pages-rate': 0, 'normal-bytes': 1410162688, 'normal': 344278}}
QMP cmd [src2] query-migrate args={}
QMP reply [src2] query-migrate: {'expected-downtime': 300, 'status': 'active', 'setup-time': 1, 'total-time': 10641, 'ram': {'total': 8607571968, 'postcopy-requests': 0, 'dirty-sync-count': 1, 'multifd-bytes': 0, 'pages-per-second': 32980, 'downtime-bytes': 0, 'page-size': 4096, 'remaining': 3898753024, 'postcopy-bytes': 0, 'mbps': 1082.1456, 'transferred': 1447161426, 'dirty-sync-missed-zero-copy': 0, 'precopy-bytes': 1447160039, 'duplicate': 798744, 'dirty-pages-rate': 0, 'normal-bytes': 1437163520, 'normal': 350870}}
QMP cmd [src2] query-migrate args={}
QMP reply [src2] query-migrate: {'expected-downtime': 300, 'status': 'active', 'setup-time': 1, 'total-time': 10842, 'ram': {'total': 8607571968, 'postcopy-requests': 0, 'dirty-sync-count': 1, 'multifd-bytes': 0, 'pages-per-second': 32980, 'downtime-bytes': 0, 'page-size': 4096, 'remaining': 3871727616, 'postcopy-bytes': 0, 'mbps': 1082.1456, 'transferred': 1474215084, 'dirty-sync-missed-zero-copy': 0, 'precopy-bytes': 1474213677, 'duplicate': 798750, 'dirty-pages-rate': 0, 'normal-bytes': 1464164352, 'normal': 357462}}
QMP cmd [src2] query-migrate args={}
QMP reply [src2] query-migrate: {'expected-downtime': 300, 'status': 'active', 'setup-time': 1, 'total-time': 11043, 'ram': {'total': 8607571968, 'postcopy-requests': 0, 'dirty-sync-count': 1, 'multifd-bytes': 0, 'pages-per-second': 32980, 'downtime-bytes': 0, 'page-size': 4096, 'remaining': 3844694016, 'postcopy-bytes': 0, 'mbps': 1082.1456, 'transferred': 1501268760, 'dirty-sync-missed-zero-copy': 0, 'precopy-bytes': 1501267333, 'duplicate': 798758, 'dirty-pages-rate': 0, 'normal-bytes': 1491165184, 'normal': 364054}}
2026-07-15 02:08:48.012244SSH command: ssh -o BatchMode=yes -o StrictHostKeyChecking=no -o UserKnownHostsFile=/dev/null -o ConnectTimeout=1 -o LogLevel=ERROR -p 2223 -i /home/max/.ssh/pgvm_bench user@127.0.0.1 test -f /tmp/bench.done
Return code: 1
Stdout: 
Stderr: 
QMP cmd [src2] query-migrate args={}
QMP reply [src2] query-migrate: {'expected-downtime': 300, 'status': 'active', 'setup-time': 1, 'total-time': 11244, 'ram': {'total': 8607571968, 'postcopy-requests': 0, 'dirty-sync-count': 1, 'multifd-bytes': 0, 'pages-per-second': 33000, 'downtime-bytes': 0, 'page-size': 4096, 'remaining': 3817570304, 'postcopy-bytes': 0, 'mbps': 1082.14704, 'transferred': 1528322634, 'dirty-sync-missed-zero-copy': 0, 'precopy-bytes': 1528321187, 'duplicate': 798788, 'dirty-pages-rate': 0, 'normal-bytes': 1518166016, 'normal': 370646}}
QMP cmd [src2] query-migrate args={}
QMP reply [src2] query-migrate: {'expected-downtime': 300, 'status': 'active', 'setup-time': 1, 'total-time': 11445, 'ram': {'total': 8607571968, 'postcopy-requests': 0, 'dirty-sync-count': 1, 'multifd-bytes': 0, 'pages-per-second': 33000, 'downtime-bytes': 0, 'page-size': 4096, 'remaining': 3790520320, 'postcopy-bytes': 0, 'mbps': 1082.14704, 'transferred': 1555376346, 'dirty-sync-missed-zero-copy': 0, 'precopy-bytes': 1555374879, 'duplicate': 798800, 'dirty-pages-rate': 0, 'normal-bytes': 1545166848, 'normal': 377238}}
QMP cmd [src2] query-migrate args={}
QMP reply [src2] query-migrate: {'expected-downtime': 300, 'status': 'active', 'setup-time': 1, 'total-time': 11646, 'ram': {'total': 8607571968, 'postcopy-requests': 0, 'dirty-sync-count': 1, 'multifd-bytes': 0, 'pages-per-second': 32980, 'downtime-bytes': 0, 'page-size': 4096, 'remaining': 3763503104, 'postcopy-bytes': 0, 'mbps': 1082.1456, 'transferred': 1582429986, 'dirty-sync-missed-zero-copy': 0, 'precopy-bytes': 1582428499, 'duplicate': 798804, 'dirty-pages-rate': 0, 'normal-bytes': 1572167680, 'normal': 383830}}
QMP cmd [src2] query-migrate args={}
QMP reply [src2] query-migrate: {'expected-downtime': 300, 'status': 'active', 'setup-time': 1, 'total-time': 11846, 'ram': {'total': 8607571968, 'postcopy-requests': 0, 'dirty-sync-count': 1, 'multifd-bytes': 0, 'pages-per-second': 33020, 'downtime-bytes': 0, 'page-size': 4096, 'remaining': 3736469504, 'postcopy-bytes': 0, 'mbps': 1082.14848, 'transferred': 1609483662, 'dirty-sync-missed-zero-copy': 0, 'precopy-bytes': 1609482155, 'duplicate': 798812, 'dirty-pages-rate': 0, 'normal-bytes': 1599168512, 'normal': 390422}}
QMP cmd [src2] query-migrate args={}
QMP reply [src2] query-migrate: {'expected-downtime': 300, 'status': 'active', 'setup-time': 1, 'total-time': 12047, 'ram': {'total': 8607571968, 'postcopy-requests': 0, 'dirty-sync-count': 1, 'multifd-bytes': 0, 'pages-per-second': 33000, 'downtime-bytes': 0, 'page-size': 4096, 'remaining': 3709435904, 'postcopy-bytes': 0, 'mbps': 1082.14704, 'transferred': 1636537338, 'dirty-sync-missed-zero-copy': 0, 'precopy-bytes': 1636535811, 'duplicate': 798820, 'dirty-pages-rate': 0, 'normal-bytes': 1626169344, 'normal': 397014}}
QMP cmd [src2] query-migrate args={}
QMP reply [src2] query-migrate: {'expected-downtime': 300, 'status': 'active', 'setup-time': 1, 'total-time': 12248, 'ram': {'total': 8607571968, 'postcopy-requests': 0, 'dirty-sync-count': 1, 'multifd-bytes': 0, 'pages-per-second': 32980, 'downtime-bytes': 0, 'page-size': 4096, 'remaining': 3682418688, 'postcopy-bytes': 0, 'mbps': 1082.1456, 'transferred': 1663590978, 'dirty-sync-missed-zero-copy': 0, 'precopy-bytes': 1663589431, 'duplicate': 798824, 'dirty-pages-rate': 0, 'normal-bytes': 1653170176, 'normal': 403606}}
QMP cmd [src2] query-migrate args={}
QMP reply [src2] query-migrate: {'expected-downtime': 300, 'status': 'active', 'setup-time': 1, 'total-time': 12449, 'ram': {'total': 8607571968, 'postcopy-requests': 0, 'dirty-sync-count': 1, 'multifd-bytes': 0, 'pages-per-second': 33020, 'downtime-bytes': 0, 'page-size': 4096, 'remaining': 3655385088, 'postcopy-bytes': 0, 'mbps': 1082.14848, 'transferred': 1690644654, 'dirty-sync-missed-zero-copy': 0, 'precopy-bytes': 1690643087, 'duplicate': 798832, 'dirty-pages-rate': 0, 'normal-bytes': 1680171008, 'normal': 410198}}
QMP cmd [src2] query-migrate args={}
QMP reply [src2] query-migrate: {'expected-downtime': 300, 'status': 'active', 'setup-time': 1, 'total-time': 12650, 'ram': {'total': 8607571968, 'postcopy-requests': 0, 'dirty-sync-count': 1, 'multifd-bytes': 0, 'pages-per-second': 33020, 'downtime-bytes': 0, 'page-size': 4096, 'remaining': 3628343296, 'postcopy-bytes': 0, 'mbps': 1082.14848, 'transferred': 1717698348, 'dirty-sync-missed-zero-copy': 0, 'precopy-bytes': 1717696761, 'duplicate': 798842, 'dirty-pages-rate': 0, 'normal-bytes': 1707171840, 'normal': 416790}}
QMP cmd [src2] query-migrate args={}
QMP reply [src2] query-migrate: {'expected-downtime': 300, 'status': 'active', 'setup-time': 1, 'total-time': 12850, 'ram': {'total': 8607571968, 'postcopy-requests': 0, 'dirty-sync-count': 1, 'multifd-bytes': 0, 'pages-per-second': 33020, 'downtime-bytes': 0, 'page-size': 4096, 'remaining': 3601309696, 'postcopy-bytes': 0, 'mbps': 1082.14848, 'transferred': 1744752024, 'dirty-sync-missed-zero-copy': 0, 'precopy-bytes': 1744750417, 'duplicate': 798850, 'dirty-pages-rate': 0, 'normal-bytes': 1734172672, 'normal': 423382}}
QMP cmd [src2] query-migrate args={}
QMP reply [src2] query-migrate: {'expected-downtime': 300, 'status': 'active', 'setup-time': 1, 'total-time': 13051, 'ram': {'total': 8607571968, 'postcopy-requests': 0, 'dirty-sync-count': 1, 'multifd-bytes': 0, 'pages-per-second': 32980, 'downtime-bytes': 0, 'page-size': 4096, 'remaining': 3574300672, 'postcopy-bytes': 0, 'mbps': 1082.1456, 'transferred': 1771805646, 'dirty-sync-missed-zero-copy': 0, 'precopy-bytes': 1771804019, 'duplicate': 798852, 'dirty-pages-rate': 0, 'normal-bytes': 1761173504, 'normal': 429974}}
QMP cmd [src2] query-migrate args={}
QMP reply [src2] query-migrate: {'expected-downtime': 300, 'status': 'active', 'setup-time': 1, 'total-time': 13252, 'ram': {'total': 8607571968, 'postcopy-requests': 0, 'dirty-sync-count': 1, 'multifd-bytes': 0, 'pages-per-second': 33000, 'downtime-bytes': 0, 'page-size': 4096, 'remaining': 3547267072, 'postcopy-bytes': 0, 'mbps': 1082.14704, 'transferred': 1798859322, 'dirty-sync-missed-zero-copy': 0, 'precopy-bytes': 1798857675, 'duplicate': 798860, 'dirty-pages-rate': 0, 'normal-bytes': 1788174336, 'normal': 436566}}
2026-07-15 02:08:50.260095SSH command: ssh -o BatchMode=yes -o StrictHostKeyChecking=no -o UserKnownHostsFile=/dev/null -o ConnectTimeout=1 -o LogLevel=ERROR -p 2223 -i /home/max/.ssh/pgvm_bench user@127.0.0.1 test -f /tmp/bench.done
Return code: 1
Stdout: 
Stderr: 
QMP cmd [src2] query-migrate args={}
QMP reply [src2] query-migrate: {'expected-downtime': 300, 'status': 'active', 'setup-time': 1, 'total-time': 13453, 'ram': {'total': 8607571968, 'postcopy-requests': 0, 'dirty-sync-count': 1, 'multifd-bytes': 0, 'pages-per-second': 32980, 'downtime-bytes': 0, 'page-size': 4096, 'remaining': 3516596224, 'postcopy-bytes': 0, 'mbps': 1082.1456, 'transferred': 1825920990, 'dirty-sync-missed-zero-copy': 0, 'precopy-bytes': 1825919323, 'duplicate': 799756, 'dirty-pages-rate': 0, 'normal-bytes': 1815175168, 'normal': 443158}}
QMP cmd [src2] query-migrate args={}
QMP reply [src2] query-migrate: {'expected-downtime': 300, 'status': 'active', 'setup-time': 1, 'total-time': 13653, 'ram': {'total': 8607571968, 'postcopy-requests': 0, 'dirty-sync-count': 1, 'multifd-bytes': 0, 'pages-per-second': 32980, 'downtime-bytes': 0, 'page-size': 4096, 'remaining': 3489570816, 'postcopy-bytes': 0, 'mbps': 1082.1456, 'transferred': 1852974648, 'dirty-sync-missed-zero-copy': 0, 'precopy-bytes': 1852972961, 'duplicate': 799762, 'dirty-pages-rate': 0, 'normal-bytes': 1842176000, 'normal': 449750}}
QMP cmd [src2] query-migrate args={}
QMP reply [src2] query-migrate: {'expected-downtime': 300, 'status': 'active', 'setup-time': 1, 'total-time': 13854, 'ram': {'total': 8607571968, 'postcopy-requests': 0, 'dirty-sync-count': 1, 'multifd-bytes': 0, 'pages-per-second': 33030, 'downtime-bytes': 0, 'page-size': 4096, 'remaining': 3462516736, 'postcopy-bytes': 0, 'mbps': 1082.1492, 'transferred': 1880028369, 'dirty-sync-missed-zero-copy': 0, 'precopy-bytes': 1880026662, 'duplicate': 799775, 'dirty-pages-rate': 0, 'normal-bytes': 1869176832, 'normal': 456342}}
QMP cmd [src2] query-migrate args={}
QMP reply [src2] query-migrate: {'expected-downtime': 300, 'status': 'active', 'setup-time': 1, 'total-time': 14055, 'ram': {'total': 8607571968, 'postcopy-requests': 0, 'dirty-sync-count': 1, 'multifd-bytes': 0, 'pages-per-second': 33000, 'downtime-bytes': 0, 'page-size': 4096, 'remaining': 3435458560, 'postcopy-bytes': 0, 'mbps': 1082.14704, 'transferred': 1907082099, 'dirty-sync-missed-zero-copy': 0, 'precopy-bytes': 1907080372, 'duplicate': 799789, 'dirty-pages-rate': 0, 'normal-bytes': 1896177664, 'normal': 462934}}
QMP cmd [src2] query-migrate args={}
QMP reply [src2] query-migrate: {'expected-downtime': 300, 'status': 'active', 'setup-time': 1, 'total-time': 14256, 'ram': {'total': 8607571968, 'postcopy-requests': 0, 'dirty-sync-count': 1, 'multifd-bytes': 0, 'pages-per-second': 33000, 'downtime-bytes': 0, 'page-size': 4096, 'remaining': 3408416768, 'postcopy-bytes': 0, 'mbps': 1082.14704, 'transferred': 1934135793, 'dirty-sync-missed-zero-copy': 0, 'precopy-bytes': 1934134046, 'duplicate': 799799, 'dirty-pages-rate': 0, 'normal-bytes': 1923178496, 'normal': 469526}}
QMP cmd [src2] query-migrate args={}
QMP reply [src2] query-migrate: {'expected-downtime': 300, 'status': 'active', 'setup-time': 1, 'total-time': 14456, 'ram': {'total': 8607571968, 'postcopy-requests': 0, 'dirty-sync-count': 1, 'multifd-bytes': 0, 'pages-per-second': 33000, 'downtime-bytes': 0, 'page-size': 4096, 'remaining': 3381383168, 'postcopy-bytes': 0, 'mbps': 1082.14704, 'transferred': 1961189469, 'dirty-sync-missed-zero-copy': 0, 'precopy-bytes': 1961187702, 'duplicate': 799807, 'dirty-pages-rate': 0, 'normal-bytes': 1950179328, 'normal': 476118}}
QMP cmd [src2] query-migrate args={}
QMP reply [src2] query-migrate: {'expected-downtime': 300, 'status': 'active', 'setup-time': 1, 'total-time': 14657, 'ram': {'total': 8607571968, 'postcopy-requests': 0, 'dirty-sync-count': 1, 'multifd-bytes': 0, 'pages-per-second': 33000, 'downtime-bytes': 0, 'page-size': 4096, 'remaining': 3354341376, 'postcopy-bytes': 0, 'mbps': 1082.14704, 'transferred': 1988243163, 'dirty-sync-missed-zero-copy': 0, 'precopy-bytes': 1988241376, 'duplicate': 799817, 'dirty-pages-rate': 0, 'normal-bytes': 1977180160, 'normal': 482710}}
QMP cmd [src2] query-migrate args={}
QMP reply [src2] query-migrate: {'expected-downtime': 300, 'status': 'active', 'setup-time': 1, 'total-time': 14858, 'ram': {'total': 8607571968, 'postcopy-requests': 0, 'dirty-sync-count': 1, 'multifd-bytes': 0, 'pages-per-second': 33000, 'downtime-bytes': 0, 'page-size': 4096, 'remaining': 3327299584, 'postcopy-bytes': 0, 'mbps': 1082.14704, 'transferred': 2015296857, 'dirty-sync-missed-zero-copy': 0, 'precopy-bytes': 2015295050, 'duplicate': 799827, 'dirty-pages-rate': 0, 'normal-bytes': 2004180992, 'normal': 489302}}
QMP cmd [src2] query-migrate args={}
QMP reply [src2] query-migrate: {'expected-downtime': 300, 'status': 'active', 'setup-time': 1, 'total-time': 15059, 'ram': {'total': 8607571968, 'postcopy-requests': 0, 'dirty-sync-count': 1, 'multifd-bytes': 0, 'pages-per-second': 33020, 'downtime-bytes': 0, 'page-size': 4096, 'remaining': 3300261888, 'postcopy-bytes': 0, 'mbps': 1082.14848, 'transferred': 2042350542, 'dirty-sync-missed-zero-copy': 0, 'precopy-bytes': 2042348715, 'duplicate': 799836, 'dirty-pages-rate': 0, 'normal-bytes': 2031181824, 'normal': 495894}}
QMP cmd [src2] query-migrate args={}
QMP reply [src2] query-migrate: {'expected-downtime': 300, 'status': 'active', 'setup-time': 1, 'total-time': 15259, 'ram': {'total': 8607571968, 'postcopy-requests': 0, 'dirty-sync-count': 1, 'multifd-bytes': 0, 'pages-per-second': 32980, 'downtime-bytes': 0, 'page-size': 4096, 'remaining': 3273236480, 'postcopy-bytes': 0, 'mbps': 1082.1456, 'transferred': 2069404200, 'dirty-sync-missed-zero-copy': 0, 'precopy-bytes': 2069402353, 'duplicate': 799842, 'dirty-pages-rate': 0, 'normal-bytes': 2058182656, 'normal': 502486}}
QMP cmd [src2] query-migrate args={}
QMP reply [src2] query-migrate: {'expected-downtime': 300, 'status': 'active', 'setup-time': 1, 'total-time': 15460, 'ram': {'total': 8607571968, 'postcopy-requests': 0, 'dirty-sync-count': 1, 'multifd-bytes': 0, 'pages-per-second': 32980, 'downtime-bytes': 0, 'page-size': 4096, 'remaining': 3246202880, 'postcopy-bytes': 0, 'mbps': 1082.1456, 'transferred': 2096457876, 'dirty-sync-missed-zero-copy': 0, 'precopy-bytes': 2096456009, 'duplicate': 799850, 'dirty-pages-rate': 0, 'normal-bytes': 2085183488, 'normal': 509078}}
2026-07-15 02:08:52.434780SSH command: ssh -o BatchMode=yes -o StrictHostKeyChecking=no -o UserKnownHostsFile=/dev/null -o ConnectTimeout=1 -o LogLevel=ERROR -p 2223 -i /home/max/.ssh/pgvm_bench user@127.0.0.1 test -f /tmp/bench.done
Return code: 1
Stdout: 
Stderr: 
QMP cmd [src2] query-migrate args={}
QMP reply [src2] query-migrate: {'expected-downtime': 300, 'status': 'active', 'setup-time': 1, 'total-time': 15661, 'ram': {'total': 8607571968, 'postcopy-requests': 0, 'dirty-sync-count': 1, 'multifd-bytes': 0, 'pages-per-second': 32980, 'downtime-bytes': 0, 'page-size': 4096, 'remaining': 3219161088, 'postcopy-bytes': 0, 'mbps': 1082.1456, 'transferred': 2123511570, 'dirty-sync-missed-zero-copy': 0, 'precopy-bytes': 2123509683, 'duplicate': 799860, 'dirty-pages-rate': 0, 'normal-bytes': 2112184320, 'normal': 515670}}
QMP cmd [src2] query-migrate args={}
QMP reply [src2] query-migrate: {'expected-downtime': 300, 'status': 'active', 'setup-time': 1, 'total-time': 15862, 'ram': {'total': 8607571968, 'postcopy-requests': 0, 'dirty-sync-count': 1, 'multifd-bytes': 0, 'pages-per-second': 32980, 'downtime-bytes': 0, 'page-size': 4096, 'remaining': 3192135680, 'postcopy-bytes': 0, 'mbps': 1082.1456, 'transferred': 2150565228, 'dirty-sync-missed-zero-copy': 0, 'precopy-bytes': 2150563321, 'duplicate': 799866, 'dirty-pages-rate': 0, 'normal-bytes': 2139185152, 'normal': 522262}}
QMP cmd [src2] query-migrate args={}
QMP reply [src2] query-migrate: {'expected-downtime': 300, 'status': 'active', 'setup-time': 1, 'total-time': 16063, 'ram': {'total': 8607571968, 'postcopy-requests': 0, 'dirty-sync-count': 1, 'multifd-bytes': 0, 'pages-per-second': 33020, 'downtime-bytes': 0, 'page-size': 4096, 'remaining': 3165093888, 'postcopy-bytes': 0, 'mbps': 1082.14848, 'transferred': 2177618922, 'dirty-sync-missed-zero-copy': 0, 'precopy-bytes': 2177616995, 'duplicate': 799876, 'dirty-pages-rate': 0, 'normal-bytes': 2166185984, 'normal': 528854}}
QMP cmd [src2] query-migrate args={}
QMP reply [src2] query-migrate: {'expected-downtime': 300, 'status': 'active', 'setup-time': 1, 'total-time': 16264, 'ram': {'total': 8607571968, 'postcopy-requests': 0, 'dirty-sync-count': 1, 'multifd-bytes': 0, 'pages-per-second': 33020, 'downtime-bytes': 0, 'page-size': 4096, 'remaining': 3138060288, 'postcopy-bytes': 0, 'mbps': 1082.14848, 'transferred': 2204672598, 'dirty-sync-missed-zero-copy': 0, 'precopy-bytes': 2204670651, 'duplicate': 799884, 'dirty-pages-rate': 0, 'normal-bytes': 2193186816, 'normal': 535446}}
QMP cmd [src2] query-migrate args={}
QMP reply [src2] query-migrate: {'expected-downtime': 300, 'status': 'active', 'setup-time': 1, 'total-time': 16464, 'ram': {'total': 8607571968, 'postcopy-requests': 0, 'dirty-sync-count': 1, 'multifd-bytes': 0, 'pages-per-second': 33000, 'downtime-bytes': 0, 'page-size': 4096, 'remaining': 3111026688, 'postcopy-bytes': 0, 'mbps': 1082.14704, 'transferred': 2231726274, 'dirty-sync-missed-zero-copy': 0, 'precopy-bytes': 2231724307, 'duplicate': 799892, 'dirty-pages-rate': 0, 'normal-bytes': 2220187648, 'normal': 542038}}
QMP cmd [src2] query-migrate args={}
QMP reply [src2] query-migrate: {'expected-downtime': 300, 'status': 'active', 'setup-time': 1, 'total-time': 16665, 'ram': {'total': 8607571968, 'postcopy-requests': 0, 'dirty-sync-count': 1, 'multifd-bytes': 0, 'pages-per-second': 32980, 'downtime-bytes': 0, 'page-size': 4096, 'remaining': 3083968512, 'postcopy-bytes': 0, 'mbps': 1082.1456, 'transferred': 2258780004, 'dirty-sync-missed-zero-copy': 0, 'precopy-bytes': 2258778017, 'duplicate': 799906, 'dirty-pages-rate': 0, 'normal-bytes': 2247188480, 'normal': 548630}}
QMP cmd [src2] query-migrate args={}
QMP reply [src2] query-migrate: {'expected-downtime': 300, 'status': 'active', 'setup-time': 1, 'total-time': 16866, 'ram': {'total': 8607571968, 'postcopy-requests': 0, 'dirty-sync-count': 1, 'multifd-bytes': 0, 'pages-per-second': 32980, 'downtime-bytes': 0, 'page-size': 4096, 'remaining': 3056951296, 'postcopy-bytes': 0, 'mbps': 1082.1456, 'transferred': 2285833644, 'dirty-sync-missed-zero-copy': 0, 'precopy-bytes': 2285831637, 'duplicate': 799910, 'dirty-pages-rate': 0, 'normal-bytes': 2274189312, 'normal': 555222}}
QMP cmd [src2] query-migrate args={}
QMP reply [src2] query-migrate: {'expected-downtime': 300, 'status': 'active', 'setup-time': 1, 'total-time': 17067, 'ram': {'total': 8607571968, 'postcopy-requests': 0, 'dirty-sync-count': 1, 'multifd-bytes': 0, 'pages-per-second': 32980, 'downtime-bytes': 0, 'page-size': 4096, 'remaining': 3029712896, 'postcopy-bytes': 0, 'mbps': 1082.1456, 'transferred': 2312887770, 'dirty-sync-missed-zero-copy': 0, 'precopy-bytes': 2312885743, 'duplicate': 799968, 'dirty-pages-rate': 0, 'normal-bytes': 2301190144, 'normal': 561814}}
QMP cmd [src2] query-migrate args={}
QMP reply [src2] query-migrate: {'expected-downtime': 300, 'status': 'active', 'setup-time': 1, 'total-time': 17267, 'ram': {'total': 8607571968, 'postcopy-requests': 0, 'dirty-sync-count': 1, 'multifd-bytes': 0, 'pages-per-second': 32980, 'downtime-bytes': 0, 'page-size': 4096, 'remaining': 3002695680, 'postcopy-bytes': 0, 'mbps': 1082.1456, 'transferred': 2339941410, 'dirty-sync-missed-zero-copy': 0, 'precopy-bytes': 2339939363, 'duplicate': 799972, 'dirty-pages-rate': 0, 'normal-bytes': 2328190976, 'normal': 568406}}
QMP cmd [src2] query-migrate args={}
QMP reply [src2] query-migrate: {'expected-downtime': 300, 'status': 'active', 'setup-time': 1, 'total-time': 17468, 'ram': {'total': 8607571968, 'postcopy-requests': 0, 'dirty-sync-count': 1, 'multifd-bytes': 0, 'pages-per-second': 32980, 'downtime-bytes': 0, 'page-size': 4096, 'remaining': 2975670272, 'postcopy-bytes': 0, 'mbps': 1082.1456, 'transferred': 2366995068, 'dirty-sync-missed-zero-copy': 0, 'precopy-bytes': 2366993001, 'duplicate': 799978, 'dirty-pages-rate': 0, 'normal-bytes': 2355191808, 'normal': 574998}}
QMP cmd [src2] query-migrate args={}
QMP reply [src2] query-migrate: {'expected-downtime': 300, 'status': 'active', 'setup-time': 1, 'total-time': 17669, 'ram': {'total': 8607571968, 'postcopy-requests': 0, 'dirty-sync-count': 1, 'multifd-bytes': 0, 'pages-per-second': 32960, 'downtime-bytes': 0, 'page-size': 4096, 'remaining': 2948644864, 'postcopy-bytes': 0, 'mbps': 1082.1441599999998, 'transferred': 2394048726, 'dirty-sync-missed-zero-copy': 0, 'precopy-bytes': 2394046639, 'duplicate': 799984, 'dirty-pages-rate': 0, 'normal-bytes': 2382192640, 'normal': 581590}}
2026-07-15 02:08:54.596115SSH command: ssh -o BatchMode=yes -o StrictHostKeyChecking=no -o UserKnownHostsFile=/dev/null -o ConnectTimeout=1 -o LogLevel=ERROR -p 2223 -i /home/max/.ssh/pgvm_bench user@127.0.0.1 test -f /tmp/bench.done
Return code: 1
Stdout: 
Stderr: 
QMP cmd [src2] query-migrate args={}
QMP reply [src2] query-migrate: {'expected-downtime': 300, 'status': 'active', 'setup-time': 1, 'total-time': 17870, 'ram': {'total': 8607571968, 'postcopy-requests': 0, 'dirty-sync-count': 1, 'multifd-bytes': 0, 'pages-per-second': 32980, 'downtime-bytes': 0, 'page-size': 4096, 'remaining': 2921611264, 'postcopy-bytes': 0, 'mbps': 1082.1456, 'transferred': 2421102402, 'dirty-sync-missed-zero-copy': 0, 'precopy-bytes': 2421100295, 'duplicate': 799992, 'dirty-pages-rate': 0, 'normal-bytes': 2409193472, 'normal': 588182}}
QMP cmd [src2] query-migrate args={}
QMP reply [src2] query-migrate: {'expected-downtime': 300, 'status': 'active', 'setup-time': 1, 'total-time': 18071, 'ram': {'total': 8607571968, 'postcopy-requests': 0, 'dirty-sync-count': 1, 'multifd-bytes': 0, 'pages-per-second': 33020, 'downtime-bytes': 0, 'page-size': 4096, 'remaining': 2894553088, 'postcopy-bytes': 0, 'mbps': 1082.14848, 'transferred': 2448156132, 'dirty-sync-missed-zero-copy': 0, 'precopy-bytes': 2448154005, 'duplicate': 800006, 'dirty-pages-rate': 0, 'normal-bytes': 2436194304, 'normal': 594774}}
QMP cmd [src2] query-migrate args={}
QMP reply [src2] query-migrate: {'expected-downtime': 300, 'status': 'active', 'setup-time': 1, 'total-time': 18272, 'ram': {'total': 8607571968, 'postcopy-requests': 0, 'dirty-sync-count': 1, 'multifd-bytes': 0, 'pages-per-second': 33100, 'downtime-bytes': 0, 'page-size': 4096, 'remaining': 2867445760, 'postcopy-bytes': 0, 'mbps': 1082.15424, 'transferred': 2475209970, 'dirty-sync-missed-zero-copy': 0, 'precopy-bytes': 2475207823, 'duplicate': 800032, 'dirty-pages-rate': 0, 'normal-bytes': 2463195136, 'normal': 601366}}
QMP cmd [src2] query-migrate args={}
QMP reply [src2] query-migrate: {'expected-downtime': 300, 'status': 'active', 'setup-time': 1, 'total-time': 18472, 'ram': {'total': 8607571968, 'postcopy-requests': 0, 'dirty-sync-count': 1, 'multifd-bytes': 0, 'pages-per-second': 33120, 'downtime-bytes': 0, 'page-size': 4096, 'remaining': 2840313856, 'postcopy-bytes': 0, 'mbps': 1082.1556799999998, 'transferred': 2502263862, 'dirty-sync-missed-zero-copy': 0, 'precopy-bytes': 2502261695, 'duplicate': 800064, 'dirty-pages-rate': 0, 'normal-bytes': 2490195968, 'normal': 607958}}
QMP cmd [src2] query-migrate args={}
QMP reply [src2] query-migrate: {'expected-downtime': 300, 'status': 'active', 'setup-time': 1, 'total-time': 18673, 'ram': {'total': 8607571968, 'postcopy-requests': 0, 'dirty-sync-count': 1, 'multifd-bytes': 0, 'pages-per-second': 33620, 'downtime-bytes': 0, 'page-size': 4096, 'remaining': 2812821504, 'postcopy-bytes': 0, 'mbps': 1082.19168, 'transferred': 2529318546, 'dirty-sync-missed-zero-copy': 0, 'precopy-bytes': 2529316359, 'duplicate': 800184, 'dirty-pages-rate': 0, 'normal-bytes': 2517196800, 'normal': 614550}}
QMP cmd [src2] query-migrate args={}
QMP reply [src2] query-migrate: {'expected-downtime': 300, 'status': 'active', 'setup-time': 1, 'total-time': 18874, 'ram': {'total': 8607571968, 'postcopy-requests': 0, 'dirty-sync-count': 1, 'multifd-bytes': 0, 'pages-per-second': 34040, 'downtime-bytes': 0, 'page-size': 4096, 'remaining': 2782371840, 'postcopy-bytes': 0, 'mbps': 1082.22192, 'transferred': 2556379728, 'dirty-sync-missed-zero-copy': 0, 'precopy-bytes': 2556377521, 'duplicate': 801026, 'dirty-pages-rate': 0, 'normal-bytes': 2544197632, 'normal': 621142}}
QMP cmd [src2] query-migrate args={}
QMP reply [src2] query-migrate: {'expected-downtime': 300, 'status': 'active', 'setup-time': 1, 'total-time': 19074, 'ram': {'total': 8607571968, 'postcopy-requests': 0, 'dirty-sync-count': 1, 'multifd-bytes': 0, 'pages-per-second': 36300, 'downtime-bytes': 0, 'page-size': 4096, 'remaining': 2752856064, 'postcopy-bytes': 0, 'mbps': 1082.38464, 'transferred': 2583438858, 'dirty-sync-missed-zero-copy': 0, 'precopy-bytes': 2583436631, 'duplicate': 801640, 'dirty-pages-rate': 0, 'normal-bytes': 2571198464, 'normal': 627734}}
QMP cmd [src2] query-migrate args={}
QMP reply [src2] query-migrate: {'expected-downtime': 300, 'status': 'active', 'setup-time': 1, 'total-time': 19275, 'ram': {'total': 8607571968, 'postcopy-requests': 0, 'dirty-sync-count': 1, 'multifd-bytes': 0, 'pages-per-second': 35980, 'downtime-bytes': 0, 'page-size': 4096, 'remaining': 2723430400, 'postcopy-bytes': 0, 'mbps': 1082.3616000000002, 'transferred': 2610497790, 'dirty-sync-missed-zero-copy': 0, 'precopy-bytes': 2610495543, 'duplicate': 802232, 'dirty-pages-rate': 0, 'normal-bytes': 2598199296, 'normal': 634326}}
QMP cmd [src2] query-migrate args={}
QMP reply [src2] query-migrate: {'expected-downtime': 300, 'status': 'active', 'setup-time': 1, 'total-time': 19476, 'ram': {'total': 8607571968, 'postcopy-requests': 0, 'dirty-sync-count': 1, 'multifd-bytes': 0, 'pages-per-second': 34190, 'downtime-bytes': 0, 'page-size': 4096, 'remaining': 2694737920, 'postcopy-bytes': 0, 'mbps': 1082.23272, 'transferred': 2637555111, 'dirty-sync-missed-zero-copy': 0, 'precopy-bytes': 2637552844, 'duplicate': 802645, 'dirty-pages-rate': 0, 'normal-bytes': 2625200128, 'normal': 640918}}
QMP cmd [src2] query-migrate args={}
QMP reply [src2] query-migrate: {'expected-downtime': 300, 'status': 'active', 'setup-time': 1, 'total-time': 19676, 'ram': {'total': 8607571968, 'postcopy-requests': 0, 'dirty-sync-count': 1, 'multifd-bytes': 0, 'pages-per-second': 33080, 'downtime-bytes': 0, 'page-size': 4096, 'remaining': 2667368448, 'postcopy-bytes': 0, 'mbps': 1082.1528, 'transferred': 2664609525, 'dirty-sync-missed-zero-copy': 0, 'precopy-bytes': 2664607238, 'duplicate': 802735, 'dirty-pages-rate': 0, 'normal-bytes': 2652200960, 'normal': 647510}}
QMP cmd [src2] query-migrate args={}
QMP reply [src2] query-migrate: {'expected-downtime': 300, 'status': 'active', 'setup-time': 1, 'total-time': 19877, 'ram': {'total': 8607571968, 'postcopy-requests': 0, 'dirty-sync-count': 1, 'multifd-bytes': 0, 'pages-per-second': 38840, 'downtime-bytes': 0, 'page-size': 4096, 'remaining': 2637950976, 'postcopy-bytes': 0, 'mbps': 1082.56752, 'transferred': 2691668439, 'dirty-sync-missed-zero-copy': 0, 'precopy-bytes': 2691666132, 'duplicate': 803325, 'dirty-pages-rate': 0, 'normal-bytes': 2679201792, 'normal': 654102}}
2026-07-15 02:08:56.776119SSH command: ssh -o BatchMode=yes -o StrictHostKeyChecking=no -o UserKnownHostsFile=/dev/null -o ConnectTimeout=1 -o LogLevel=ERROR -p 2223 -i /home/max/.ssh/pgvm_bench user@127.0.0.1 test -f /tmp/bench.done
Return code: 1
Stdout: 
Stderr: 
QMP cmd [src2] query-migrate args={}
QMP reply [src2] query-migrate: {'expected-downtime': 300, 'status': 'active', 'setup-time': 1, 'total-time': 20079, 'ram': {'total': 8607571968, 'postcopy-requests': 0, 'dirty-sync-count': 1, 'multifd-bytes': 0, 'pages-per-second': 38780, 'downtime-bytes': 0, 'page-size': 4096, 'remaining': 2608066560, 'postcopy-bytes': 0, 'mbps': 1082.5632, 'transferred': 2718728379, 'dirty-sync-missed-zero-copy': 0, 'precopy-bytes': 2718726052, 'duplicate': 804029, 'dirty-pages-rate': 0, 'normal-bytes': 2706202624, 'normal': 660694}}
QMP cmd [src2] query-migrate args={}
QMP reply [src2] query-migrate: {'expected-downtime': 300, 'status': 'active', 'setup-time': 1, 'total-time': 20280, 'ram': {'total': 8607571968, 'postcopy-requests': 0, 'dirty-sync-count': 1, 'multifd-bytes': 0, 'pages-per-second': 33470, 'downtime-bytes': 0, 'page-size': 4096, 'remaining': 2580701184, 'postcopy-bytes': 0, 'mbps': 1082.18088, 'transferred': 2745782784, 'dirty-sync-missed-zero-copy': 0, 'precopy-bytes': 2745780437, 'duplicate': 804118, 'dirty-pages-rate': 0, 'normal-bytes': 2733203456, 'normal': 667286}}
QMP cmd [src2] query-migrate args={}
QMP reply [src2] query-migrate: {'expected-downtime': 300, 'status': 'active', 'setup-time': 1, 'total-time': 20481, 'ram': {'total': 8607571968, 'postcopy-requests': 0, 'dirty-sync-count': 1, 'multifd-bytes': 0, 'pages-per-second': 33440, 'downtime-bytes': 0, 'page-size': 4096, 'remaining': 2553028608, 'postcopy-bytes': 0, 'mbps': 1082.1787199999999, 'transferred': 2772837864, 'dirty-sync-missed-zero-copy': 0, 'precopy-bytes': 2772835497, 'duplicate': 804282, 'dirty-pages-rate': 0, 'normal-bytes': 2760204288, 'normal': 673878}}
QMP cmd [src2] query-migrate args={}
QMP reply [src2] query-migrate: {'expected-downtime': 300, 'status': 'active', 'setup-time': 1, 'total-time': 20681, 'ram': {'total': 8607571968, 'postcopy-requests': 0, 'dirty-sync-count': 1, 'multifd-bytes': 0, 'pages-per-second': 33860, 'downtime-bytes': 0, 'page-size': 4096, 'remaining': 2525446144, 'postcopy-bytes': 0, 'mbps': 1082.20896, 'transferred': 2799892746, 'dirty-sync-missed-zero-copy': 0, 'precopy-bytes': 2799890359, 'duplicate': 804424, 'dirty-pages-rate': 0, 'normal-bytes': 2787205120, 'normal': 680470}}
QMP cmd [src2] query-migrate args={}
QMP reply [src2] query-migrate: {'expected-downtime': 300, 'status': 'active', 'setup-time': 1, 'total-time': 20882, 'ram': {'total': 8607571968, 'postcopy-requests': 0, 'dirty-sync-count': 1, 'multifd-bytes': 0, 'pages-per-second': 33580, 'downtime-bytes': 0, 'page-size': 4096, 'remaining': 2498101248, 'postcopy-bytes': 0, 'mbps': 1082.1888000000001, 'transferred': 2826947106, 'dirty-sync-missed-zero-copy': 0, 'precopy-bytes': 2826944699, 'duplicate': 804508, 'dirty-pages-rate': 0, 'normal-bytes': 2814205952, 'normal': 687062}}
QMP cmd [src2] query-migrate args={}
QMP reply [src2] query-migrate: {'expected-downtime': 300, 'status': 'active', 'setup-time': 1, 'total-time': 21083, 'ram': {'total': 8607571968, 'postcopy-requests': 0, 'dirty-sync-count': 1, 'multifd-bytes': 0, 'pages-per-second': 33600, 'downtime-bytes': 0, 'page-size': 4096, 'remaining': 2470445056, 'postcopy-bytes': 0, 'mbps': 1082.19024, 'transferred': 2854002150, 'dirty-sync-missed-zero-copy': 0, 'precopy-bytes': 2853999723, 'duplicate': 804668, 'dirty-pages-rate': 0, 'normal-bytes': 2841206784, 'normal': 693654}}
QMP cmd [src2] query-migrate args={}
QMP reply [src2] query-migrate: {'expected-downtime': 300, 'status': 'active', 'setup-time': 1, 'total-time': 21283, 'ram': {'total': 8607571968, 'postcopy-requests': 0, 'dirty-sync-count': 1, 'multifd-bytes': 0, 'pages-per-second': 33640, 'downtime-bytes': 0, 'page-size': 4096, 'remaining': 2443083776, 'postcopy-bytes': 0, 'mbps': 1082.1931200000001, 'transferred': 2881056546, 'dirty-sync-missed-zero-copy': 0, 'precopy-bytes': 2881054099, 'duplicate': 804756, 'dirty-pages-rate': 0, 'normal-bytes': 2868207616, 'normal': 700246}}
QMP cmd [src2] query-migrate args={}
QMP reply [src2] query-migrate: {'expected-downtime': 300, 'status': 'active', 'setup-time': 1, 'total-time': 21484, 'ram': {'total': 8607571968, 'postcopy-requests': 0, 'dirty-sync-count': 1, 'multifd-bytes': 0, 'pages-per-second': 33500, 'downtime-bytes': 0, 'page-size': 4096, 'remaining': 2415509504, 'postcopy-bytes': 0, 'mbps': 1082.1830400000001, 'transferred': 2908111410, 'dirty-sync-missed-zero-copy': 0, 'precopy-bytes': 2908108943, 'duplicate': 804896, 'dirty-pages-rate': 0, 'normal-bytes': 2895208448, 'normal': 706838}}
QMP cmd [src2] query-migrate args={}
QMP reply [src2] query-migrate: {'expected-downtime': 300, 'status': 'active', 'setup-time': 1, 'total-time': 21685, 'ram': {'total': 8607571968, 'postcopy-requests': 0, 'dirty-sync-count': 1, 'multifd-bytes': 0, 'pages-per-second': 33220, 'downtime-bytes': 0, 'page-size': 4096, 'remaining': 2388058112, 'postcopy-bytes': 0, 'mbps': 1082.1628799999999, 'transferred': 2935166004, 'dirty-sync-missed-zero-copy': 0, 'precopy-bytes': 2935163517, 'duplicate': 805006, 'dirty-pages-rate': 0, 'normal-bytes': 2922209280, 'normal': 713430}}
QMP cmd [src2] query-migrate args={}
QMP reply [src2] query-migrate: {'expected-downtime': 300, 'status': 'active', 'setup-time': 1, 'total-time': 21886, 'ram': {'total': 8607571968, 'postcopy-requests': 0, 'dirty-sync-count': 1, 'multifd-bytes': 0, 'pages-per-second': 33820, 'downtime-bytes': 0, 'page-size': 4096, 'remaining': 2360483840, 'postcopy-bytes': 0, 'mbps': 1082.2060800000002, 'transferred': 2962220868, 'dirty-sync-missed-zero-copy': 0, 'precopy-bytes': 2962218361, 'duplicate': 805146, 'dirty-pages-rate': 0, 'normal-bytes': 2949210112, 'normal': 720022}}
QMP cmd [src2] query-migrate args={}
QMP reply [src2] query-migrate: {'expected-downtime': 300, 'status': 'active', 'setup-time': 1, 'total-time': 22087, 'ram': {'total': 8607571968, 'postcopy-requests': 0, 'dirty-sync-count': 1, 'multifd-bytes': 0, 'pages-per-second': 33960, 'downtime-bytes': 0, 'page-size': 4096, 'remaining': 2332590080, 'postcopy-bytes': 0, 'mbps': 1082.21616, 'transferred': 2989276434, 'dirty-sync-missed-zero-copy': 0, 'precopy-bytes': 2989273907, 'duplicate': 805364, 'dirty-pages-rate': 0, 'normal-bytes': 2976210944, 'normal': 726614}}
2026-07-15 02:08:58.949999SSH command: ssh -o BatchMode=yes -o StrictHostKeyChecking=no -o UserKnownHostsFile=/dev/null -o ConnectTimeout=1 -o LogLevel=ERROR -p 2223 -i /home/max/.ssh/pgvm_bench user@127.0.0.1 test -f /tmp/bench.done
Return code: 1
Stdout: 
Stderr: 
QMP cmd [src2] query-migrate args={}
QMP reply [src2] query-migrate: {'expected-downtime': 300, 'status': 'active', 'setup-time': 1, 'total-time': 22288, 'ram': {'total': 8607571968, 'postcopy-requests': 0, 'dirty-sync-count': 1, 'multifd-bytes': 0, 'pages-per-second': 34600, 'downtime-bytes': 0, 'page-size': 4096, 'remaining': 2303291392, 'postcopy-bytes': 0, 'mbps': 1082.26224, 'transferred': 3016335087, 'dirty-sync-missed-zero-copy': 0, 'precopy-bytes': 3016332540, 'duplicate': 805925, 'dirty-pages-rate': 0, 'normal-bytes': 3003211776, 'normal': 733206}}
QMP cmd [src2] query-migrate args={}
QMP reply [src2] query-migrate: {'expected-downtime': 300, 'status': 'active', 'setup-time': 1, 'total-time': 22489, 'ram': {'total': 8607571968, 'postcopy-requests': 0, 'dirty-sync-count': 1, 'multifd-bytes': 0, 'pages-per-second': 1055740, 'downtime-bytes': 0, 'page-size': 4096, 'remaining': 1857359872, 'postcopy-bytes': 0, 'mbps': 1076.17752, 'transferred': 3043314108, 'dirty-sync-missed-zero-copy': 0, 'precopy-bytes': 3043311541, 'duplicate': 908446, 'dirty-pages-rate': 0, 'normal-bytes': 3029217280, 'normal': 739555}}
QMP cmd [src2] query-migrate args={}
QMP reply [src2] query-migrate: {'expected-downtime': 300, 'status': 'active', 'setup-time': 1, 'total-time': 22689, 'ram': {'total': 8607571968, 'postcopy-requests': 0, 'dirty-sync-count': 1, 'multifd-bytes': 0, 'pages-per-second': 32970, 'downtime-bytes': 0, 'page-size': 4096, 'remaining': 1829425152, 'postcopy-bytes': 0, 'mbps': 1082.1448799999998, 'transferred': 3070369764, 'dirty-sync-missed-zero-copy': 0, 'precopy-bytes': 3070367177, 'duplicate': 908674, 'dirty-pages-rate': 0, 'normal-bytes': 3056218112, 'normal': 746147}}
QMP cmd [src2] query-migrate args={}
QMP reply [src2] query-migrate: {'expected-downtime': 300, 'status': 'active', 'setup-time': 1, 'total-time': 22890, 'ram': {'total': 8607571968, 'postcopy-requests': 0, 'dirty-sync-count': 1, 'multifd-bytes': 0, 'pages-per-second': 39400, 'downtime-bytes': 0, 'page-size': 4096, 'remaining': 167821312, 'postcopy-bytes': 0, 'mbps': 1082.6078400000001, 'transferred': 3097440090, 'dirty-sync-missed-zero-copy': 0, 'precopy-bytes': 3097437483, 'duplicate': 1308620, 'dirty-pages-rate': 0, 'normal-bytes': 3079643136, 'normal': 751866}}
QMP cmd [src2] query-migrate args={}
QMP reply [src2] query-migrate: {'expected-downtime': 300, 'status': 'active', 'setup-time': 1, 'total-time': 23091, 'ram': {'total': 8607571968, 'postcopy-requests': 0, 'dirty-sync-count': 1, 'multifd-bytes': 0, 'pages-per-second': 34330, 'downtime-bytes': 0, 'page-size': 4096, 'remaining': 140259328, 'postcopy-bytes': 0, 'mbps': 1082.2428, 'transferred': 3124494927, 'dirty-sync-missed-zero-copy': 0, 'precopy-bytes': 3124492300, 'duplicate': 1308757, 'dirty-pages-rate': 0, 'normal-bytes': 3106643968, 'normal': 758458}}
QMP cmd [src2] query-migrate args={}
QMP reply [src2] query-migrate: {'expected-downtime': 300, 'status': 'active', 'setup-time': 1, 'total-time': 23292, 'ram': {'total': 8607571968, 'postcopy-requests': 0, 'dirty-sync-count': 1, 'multifd-bytes': 0, 'pages-per-second': 32960, 'downtime-bytes': 0, 'page-size': 4096, 'remaining': 113258496, 'postcopy-bytes': 0, 'mbps': 1082.1441599999998, 'transferred': 3151548531, 'dirty-sync-missed-zero-copy': 0, 'precopy-bytes': 3151545884, 'duplicate': 1308757, 'dirty-pages-rate': 0, 'normal-bytes': 3133644800, 'normal': 765050}}
QMP cmd [src2] query-migrate args={}
QMP reply [src2] query-migrate: {'expected-downtime': 300, 'status': 'active', 'setup-time': 1, 'total-time': 23493, 'ram': {'total': 8607571968, 'postcopy-requests': 0, 'dirty-sync-count': 1, 'multifd-bytes': 0, 'pages-per-second': 32960, 'downtime-bytes': 0, 'page-size': 4096, 'remaining': 86257664, 'postcopy-bytes': 0, 'mbps': 1082.1441599999998, 'transferred': 3178602135, 'dirty-sync-missed-zero-copy': 0, 'precopy-bytes': 3178599468, 'duplicate': 1308757, 'dirty-pages-rate': 0, 'normal-bytes': 3160645632, 'normal': 771642}}
QMP cmd [src2] query-migrate args={}
QMP reply [src2] query-migrate: {'expected-downtime': 300, 'status': 'active', 'setup-time': 1, 'total-time': 23694, 'ram': {'total': 8607571968, 'postcopy-requests': 0, 'dirty-sync-count': 1, 'multifd-bytes': 0, 'pages-per-second': 32960, 'downtime-bytes': 0, 'page-size': 4096, 'remaining': 59256832, 'postcopy-bytes': 0, 'mbps': 1082.1441599999998, 'transferred': 3205655739, 'dirty-sync-missed-zero-copy': 0, 'precopy-bytes': 3205653052, 'duplicate': 1308757, 'dirty-pages-rate': 0, 'normal-bytes': 3187646464, 'normal': 778234}}
QMP cmd [src2] query-migrate args={}
QMP reply [src2] query-migrate: {'expected-downtime': 300, 'status': 'active', 'setup-time': 1, 'total-time': 23894, 'ram': {'total': 8607571968, 'postcopy-requests': 0, 'dirty-sync-count': 1, 'multifd-bytes': 0, 'pages-per-second': 32960, 'downtime-bytes': 0, 'page-size': 4096, 'remaining': 32256000, 'postcopy-bytes': 0, 'mbps': 1082.1441599999998, 'transferred': 3232709343, 'dirty-sync-missed-zero-copy': 0, 'precopy-bytes': 3232706636, 'duplicate': 1308757, 'dirty-pages-rate': 0, 'normal-bytes': 3214647296, 'normal': 784826}}
QMP cmd [src2] query-migrate args={}
QMP reply [src2] query-migrate: {'expected-downtime': 8271, 'status': 'active', 'setup-time': 1, 'total-time': 24095, 'ram': {'total': 8607571968, 'postcopy-requests': 0, 'dirty-sync-count': 2, 'multifd-bytes': 0, 'pages-per-second': 32960, 'downtime-bytes': 0, 'page-size': 4096, 'remaining': 1071431680, 'postcopy-bytes': 0, 'mbps': 1082.1441599999998, 'transferred': 3259685229, 'dirty-sync-missed-zero-copy': 0, 'precopy-bytes': 3259682502, 'duplicate': 1313785, 'dirty-pages-rate': 11099, 'normal-bytes': 3241525248, 'normal': 791388}}
2026-07-15 02:09:01.123058SSH command: ssh -o BatchMode=yes -o StrictHostKeyChecking=no -o UserKnownHostsFile=/dev/null -o ConnectTimeout=1 -o LogLevel=ERROR -p 2223 -i /home/max/.ssh/pgvm_bench user@127.0.0.1 test -f /tmp/bench.done
Return code: 1
Stdout: 
Stderr: 
qemu-system-x86_64: terminating on signal 15 from pid 51735 (/home/max/Bachelor-Thesis/Repo/.venv/bin/python)
QMP cmd [src2] query-migrate args={}
QMP reply [src2] query-migrate: {'expected-downtime': 8271, 'status': 'active', 'setup-time': 1, 'total-time': 24297, 'ram': {'total': 8607571968, 'postcopy-requests': 0, 'dirty-sync-count': 2, 'multifd-bytes': 0, 'pages-per-second': 33630, 'downtime-bytes': 0, 'page-size': 4096, 'remaining': 1041940480, 'postcopy-bytes': 0, 'mbps': 1082.1924, 'transferred': 3286744305, 'dirty-sync-missed-zero-copy': 0, 'precopy-bytes': 3286741558, 'duplicate': 1314393, 'dirty-pages-rate': 11099, 'normal-bytes': 3268526080, 'normal': 797980}}
QMP cmd [src2] query-migrate args={}
QMP reply [src2] query-migrate: {'expected-downtime': 8271, 'status': 'active', 'setup-time': 1, 'total-time': 24497, 'ram': {'total': 8607571968, 'postcopy-requests': 0, 'dirty-sync-count': 2, 'multifd-bytes': 0, 'pages-per-second': 33680, 'downtime-bytes': 0, 'page-size': 4096, 'remaining': 1014431744, 'postcopy-bytes': 0, 'mbps': 1082.196, 'transferred': 3313799025, 'dirty-sync-missed-zero-copy': 0, 'precopy-bytes': 3313796258, 'duplicate': 1314517, 'dirty-pages-rate': 11099, 'normal-bytes': 3295526912, 'normal': 804572}}
QMP cmd [src2] query-migrate args={}
QMP reply [src2] query-migrate: {'expected-downtime': 8271, 'status': 'active', 'setup-time': 1, 'total-time': 24698, 'ram': {'total': 8607571968, 'postcopy-requests': 0, 'dirty-sync-count': 2, 'multifd-bytes': 0, 'pages-per-second': 33330, 'downtime-bytes': 0, 'page-size': 4096, 'remaining': 987279360, 'postcopy-bytes': 0, 'mbps': 1082.1708, 'transferred': 3340852962, 'dirty-sync-missed-zero-copy': 0, 'precopy-bytes': 3340850175, 'duplicate': 1314554, 'dirty-pages-rate': 11099, 'normal-bytes': 3322527744, 'normal': 811164}}
QMP cmd [src2] query-migrate args={}
QMP reply [src2] query-migrate: {'expected-downtime': 8271, 'status': 'active', 'setup-time': 1, 'total-time': 24899, 'ram': {'total': 8607571968, 'postcopy-requests': 0, 'dirty-sync-count': 2, 'multifd-bytes': 0, 'pages-per-second': 33440, 'downtime-bytes': 0, 'page-size': 4096, 'remaining': 960081920, 'postcopy-bytes': 0, 'mbps': 1082.1787199999999, 'transferred': 3367906998, 'dirty-sync-missed-zero-copy': 0, 'precopy-bytes': 3367904191, 'duplicate': 1314602, 'dirty-pages-rate': 11099, 'normal-bytes': 3349528576, 'normal': 817756}}
QMP cmd [src2] query-migrate args={}
QMP reply [src2] query-migrate: {'expected-downtime': 8271, 'status': 'active', 'setup-time': 1, 'total-time': 25100, 'ram': {'total': 8607571968, 'postcopy-requests': 0, 'dirty-sync-count': 2, 'multifd-bytes': 0, 'pages-per-second': 32960, 'downtime-bytes': 0, 'page-size': 4096, 'remaining': 933081088, 'postcopy-bytes': 0, 'mbps': 1082.1441599999998, 'transferred': 3394960602, 'dirty-sync-missed-zero-copy': 0, 'precopy-bytes': 3394957775, 'duplicate': 1314602, 'dirty-pages-rate': 11099, 'normal-bytes': 3376529408, 'normal': 824348}}
QMP cmd [src2] migrate-start-postcopy args={}
QMP reply [src2] migrate-start-postcopy: {}
QMP cmd [src2] query-migrate args={}
QMP reply [src2] query-migrate: {'status': 'postcopy-active', 'setup-time': 1, 'downtime': 66, 'total-time': 25301, 'ram': {'total': 8607571968, 'postcopy-requests': 0, 'dirty-sync-count': 3, 'multifd-bytes': 0, 'pages-per-second': 274606, 'downtime-bytes': 0, 'page-size': 4096, 'remaining': 685228032, 'postcopy-bytes': 343304230, 'mbps': 9024.313572649571, 'transferred': 3739284525, 'dirty-sync-missed-zero-copy': 0, 'precopy-bytes': 3394957775, 'duplicate': 1315113, 'dirty-pages-rate': 19676, 'normal-bytes': 3719159808, 'normal': 907998}}
QMP cmd [src2] query-migrate args={}
QMP reply [src2] query-migrate: {'status': 'postcopy-active', 'setup-time': 1, 'downtime': 66, 'total-time': 25502, 'ram': {'total': 8607571968, 'postcopy-requests': 0, 'dirty-sync-count': 3, 'multifd-bytes': 0, 'pages-per-second': 638764, 'downtime-bytes': 0, 'page-size': 4096, 'remaining': 164675584, 'postcopy-bytes': 858644919, 'mbps': 20709.203294117648, 'transferred': 4254625254, 'dirty-sync-missed-zero-copy': 0, 'precopy-bytes': 3394957775, 'duplicate': 1316634, 'dirty-pages-rate': 19676, 'normal-bytes': 4233482240, 'normal': 1033565}}
QMP cmd [src2] query-migrate args={}
QMP reply [src2] query-migrate: {'status': 'completed', 'setup-time': 1, 'downtime': 66, 'total-time': 25640, 'ram': {'total': 8607571968, 'postcopy-requests': 0, 'dirty-sync-count': 3, 'multifd-bytes': 0, 'pages-per-second': 628098, 'downtime-bytes': 0, 'page-size': 4096, 'remaining': 0, 'postcopy-bytes': 1017139314, 'mbps': 1377.041823784079, 'transferred': 4413246915, 'dirty-sync-missed-zero-copy': 0, 'precopy-bytes': 3394957775, 'duplicate': 1318223, 'dirty-pages-rate': 0, 'normal-bytes': 4391653376, 'normal': 1072181}}
