2026-07-15 02:34:45.215333SSH command: ssh -o BatchMode=yes -o StrictHostKeyChecking=no -o UserKnownHostsFile=/dev/null -o ConnectTimeout=1 -o LogLevel=ERROR -p 2230 -i /home/max/.ssh/pgvm_bench user@127.0.0.1 systemd-analyze
Return code: 0
Stdout: Startup finished in 794ms (kernel) + 2.244s (userspace) = 3.038s 
graphical.target reached after 2.244s in userspace.

Stderr: 
2026-07-15 02:34:45.355327SSH command: ssh -o BatchMode=yes -o StrictHostKeyChecking=no -o UserKnownHostsFile=/dev/null -o ConnectTimeout=1 -o LogLevel=ERROR -p 2230 -i /home/max/.ssh/pgvm_bench user@127.0.0.1 rm -f /tmp/bench.done /tmp/pg-buffer-hit-ratio.csv /tmp/pg-buffer-sampler.log; nohup bash /home/user/pg_sampler.sh /tmp/bench.done /tmp/pg-buffer-hit-ratio.csv ycsb >/tmp/pg-buffer-sampler.log 2>&1 &
Return code: 0
Stdout: 
Stderr: 
QMP cmd [src9] migrate-set-capabilities args={'capabilities': [{'capability': 'auto-converge', 'state': False}, {'capability': 'events', 'state': True}, {'capability': 'postcopy-blocktime', 'state': True}, {'capability': 'postcopy-ram', 'state': True}]}
QMP cmd [src9] query-migrate args={}
QMP reply [src9] migrate-set-capabilities: {}
QMP cmd [src9] migrate args={'uri': 'unix:/tmp/mig.sock'}
QMP reply [src9] query-migrate: {}
QMP reply [src9] migrate: {}
QMP cmd [src9] query-migrate args={}
QMP reply [src9] query-migrate: {'expected-downtime': 300, 'status': 'active', 'setup-time': 1, 'total-time': 201, 'ram': {'total': 8607571968, 'postcopy-requests': 0, 'dirty-sync-count': 1, 'multifd-bytes': 0, 'pages-per-second': 35530, 'downtime-bytes': 0, 'page-size': 4096, 'remaining': 8561778688, 'postcopy-bytes': 0, 'mbps': 1082.3292, 'transferred': 30868669, 'dirty-sync-missed-zero-copy': 0, 'precopy-bytes': 30919604, 'duplicate': 3653, 'dirty-pages-rate': 0, 'normal-bytes': 30826496, 'normal': 7526}}
2026-07-15 02:36:25.804200SSH command: ssh -o BatchMode=yes -o StrictHostKeyChecking=no -o UserKnownHostsFile=/dev/null -o ConnectTimeout=1 -o LogLevel=ERROR -p 2230 -i /home/max/.ssh/pgvm_bench user@127.0.0.1 test -f /tmp/bench.done
Return code: 1
Stdout: 
Stderr: 
QMP cmd [src9] query-migrate args={}
QMP reply [src9] query-migrate: {'expected-downtime': 300, 'status': 'active', 'setup-time': 1, 'total-time': 403, 'ram': {'total': 8607571968, 'postcopy-requests': 0, 'dirty-sync-count': 1, 'multifd-bytes': 0, 'pages-per-second': 1493680, 'downtime-bytes': 0, 'page-size': 4096, 'remaining': 7901487104, 'postcopy-bytes': 0, 'mbps': 1075.932, 'transferred': 67538700, 'dirty-sync-missed-zero-copy': 0, 'precopy-bytes': 67538333, 'duplicate': 156270, 'dirty-pages-rate': 0, 'normal-bytes': 66002944, 'normal': 16114}}
QMP cmd [src9] query-migrate args={}
QMP reply [src9] query-migrate: {'expected-downtime': 300, 'status': 'active', 'setup-time': 1, 'total-time': 603, 'ram': {'total': 8607571968, 'postcopy-requests': 0, 'dirty-sync-count': 1, 'multifd-bytes': 0, 'pages-per-second': 32960, 'downtime-bytes': 0, 'page-size': 4096, 'remaining': 7873560576, 'postcopy-bytes': 0, 'mbps': 1082.1441599999998, 'transferred': 94594338, 'dirty-sync-missed-zero-copy': 0, 'precopy-bytes': 94593951, 'duplicate': 156496, 'dirty-pages-rate': 0, 'normal-bytes': 93003776, 'normal': 22706}}
QMP cmd [src9] query-migrate args={}
QMP reply [src9] query-migrate: {'expected-downtime': 300, 'status': 'active', 'setup-time': 1, 'total-time': 804, 'ram': {'total': 8607571968, 'postcopy-requests': 0, 'dirty-sync-count': 1, 'multifd-bytes': 0, 'pages-per-second': 59720, 'downtime-bytes': 0, 'page-size': 4096, 'remaining': 7688679424, 'postcopy-bytes': 0, 'mbps': 1084.07088, 'transferred': 112731661, 'dirty-sync-missed-zero-copy': 0, 'precopy-bytes': 112858486, 'duplicate': 197271, 'dirty-pages-rate': 0, 'normal-bytes': 110866432, 'normal': 27067}}
QMP cmd [src9] query-migrate args={}
QMP reply [src9] query-migrate: {'expected-downtime': 300, 'status': 'active', 'setup-time': 1, 'total-time': 1005, 'ram': {'total': 8607571968, 'postcopy-requests': 0, 'dirty-sync-count': 1, 'multifd-bytes': 0, 'pages-per-second': 4967110, 'downtime-bytes': 0, 'page-size': 4096, 'remaining': 5352570880, 'postcopy-bytes': 0, 'mbps': 1083.92256, 'transferred': 148692204, 'dirty-sync-missed-zero-copy': 0, 'precopy-bytes': 148691777, 'duplicate': 760114, 'dirty-pages-rate': 0, 'normal-bytes': 141574144, 'normal': 34564}}
QMP cmd [src9] query-migrate args={}
QMP reply [src9] query-migrate: {'expected-downtime': 300, 'status': 'active', 'setup-time': 1, 'total-time': 1206, 'ram': {'total': 8607571968, 'postcopy-requests': 0, 'dirty-sync-count': 1, 'multifd-bytes': 0, 'pages-per-second': 49480, 'downtime-bytes': 0, 'page-size': 4096, 'remaining': 5317296128, 'postcopy-bytes': 0, 'mbps': 1083.3336000000002, 'transferred': 175763988, 'dirty-sync-missed-zero-copy': 0, 'precopy-bytes': 175763541, 'duplicate': 762134, 'dirty-pages-rate': 0, 'normal-bytes': 168574976, 'normal': 41156}}
QMP cmd [src9] query-migrate args={}
QMP reply [src9] query-migrate: {'expected-downtime': 300, 'status': 'active', 'setup-time': 1, 'total-time': 1407, 'ram': {'total': 8607571968, 'postcopy-requests': 0, 'dirty-sync-count': 1, 'multifd-bytes': 0, 'pages-per-second': 48470, 'downtime-bytes': 0, 'page-size': 4096, 'remaining': 5283057664, 'postcopy-bytes': 0, 'mbps': 1083.2608799999998, 'transferred': 202833495, 'dirty-sync-missed-zero-copy': 0, 'precopy-bytes': 202833028, 'duplicate': 763901, 'dirty-pages-rate': 0, 'normal-bytes': 195575808, 'normal': 47748}}
QMP cmd [src9] query-migrate args={}
QMP reply [src9] query-migrate: {'expected-downtime': 300, 'status': 'active', 'setup-time': 1, 'total-time': 1607, 'ram': {'total': 8607571968, 'postcopy-requests': 0, 'dirty-sync-count': 1, 'multifd-bytes': 0, 'pages-per-second': 38310, 'downtime-bytes': 0, 'page-size': 4096, 'remaining': 5246636032, 'postcopy-bytes': 0, 'mbps': 1082.52936, 'transferred': 229907799, 'dirty-sync-missed-zero-copy': 0, 'precopy-bytes': 229907312, 'duplicate': 766201, 'dirty-pages-rate': 0, 'normal-bytes': 222576640, 'normal': 54340}}
QMP cmd [src9] query-migrate args={}
QMP reply [src9] query-migrate: {'expected-downtime': 300, 'status': 'active', 'setup-time': 1, 'total-time': 1808, 'ram': {'total': 8607571968, 'postcopy-requests': 0, 'dirty-sync-count': 1, 'multifd-bytes': 0, 'pages-per-second': 32960, 'downtime-bytes': 0, 'page-size': 4096, 'remaining': 5218865152, 'postcopy-bytes': 0, 'mbps': 1082.1441599999998, 'transferred': 256963095, 'dirty-sync-missed-zero-copy': 0, 'precopy-bytes': 256962588, 'duplicate': 766389, 'dirty-pages-rate': 0, 'normal-bytes': 249577472, 'normal': 60932}}
QMP cmd [src9] query-migrate args={}
QMP reply [src9] query-migrate: {'expected-downtime': 300, 'status': 'active', 'setup-time': 1, 'total-time': 2009, 'ram': {'total': 8607571968, 'postcopy-requests': 0, 'dirty-sync-count': 1, 'multifd-bytes': 0, 'pages-per-second': 35240, 'downtime-bytes': 0, 'page-size': 4096, 'remaining': 5188341760, 'postcopy-bytes': 0, 'mbps': 1082.30832, 'transferred': 284024439, 'dirty-sync-missed-zero-copy': 0, 'precopy-bytes': 284023912, 'duplicate': 767249, 'dirty-pages-rate': 0, 'normal-bytes': 276578304, 'normal': 67524}}
QMP cmd [src9] query-migrate args={}
QMP reply [src9] query-migrate: {'expected-downtime': 300, 'status': 'active', 'setup-time': 1, 'total-time': 2210, 'ram': {'total': 8607571968, 'postcopy-requests': 0, 'dirty-sync-count': 1, 'multifd-bytes': 0, 'pages-per-second': 46070, 'downtime-bytes': 0, 'page-size': 4096, 'remaining': 5155536896, 'postcopy-bytes': 0, 'mbps': 1083.08808, 'transferred': 311090796, 'dirty-sync-missed-zero-copy': 0, 'precopy-bytes': 311090249, 'duplicate': 768666, 'dirty-pages-rate': 0, 'normal-bytes': 303579136, 'normal': 74116}}
2026-07-15 02:36:27.965324SSH command: ssh -o BatchMode=yes -o StrictHostKeyChecking=no -o UserKnownHostsFile=/dev/null -o ConnectTimeout=1 -o LogLevel=ERROR -p 2230 -i /home/max/.ssh/pgvm_bench user@127.0.0.1 test -f /tmp/bench.done
Return code: 1
Stdout: 
Stderr: 
QMP cmd [src9] query-migrate args={}
QMP reply [src9] query-migrate: {'expected-downtime': 300, 'status': 'active', 'setup-time': 1, 'total-time': 2411, 'ram': {'total': 8607571968, 'postcopy-requests': 0, 'dirty-sync-count': 1, 'multifd-bytes': 0, 'pages-per-second': 81540, 'downtime-bytes': 0, 'page-size': 4096, 'remaining': 5107355648, 'postcopy-bytes': 0, 'mbps': 1074.83112, 'transferred': 338055804, 'dirty-sync-missed-zero-copy': 0, 'precopy-bytes': 338055237, 'duplicate': 773870, 'dirty-pages-rate': 0, 'normal-bytes': 330444800, 'normal': 80675}}
QMP cmd [src9] query-migrate args={}
QMP reply [src9] query-migrate: {'expected-downtime': 300, 'status': 'active', 'setup-time': 1, 'total-time': 2612, 'ram': {'total': 8607571968, 'postcopy-requests': 0, 'dirty-sync-count': 1, 'multifd-bytes': 0, 'pages-per-second': 41080, 'downtime-bytes': 0, 'page-size': 4096, 'remaining': 5076996096, 'postcopy-bytes': 0, 'mbps': 1082.7288, 'transferred': 365116788, 'dirty-sync-missed-zero-copy': 0, 'precopy-bytes': 365116201, 'duplicate': 774690, 'dirty-pages-rate': 0, 'normal-bytes': 357445632, 'normal': 87267}}
QMP cmd [src9] query-migrate args={}
QMP reply [src9] query-migrate: {'expected-downtime': 300, 'status': 'active', 'setup-time': 1, 'total-time': 2813, 'ram': {'total': 8607571968, 'postcopy-requests': 0, 'dirty-sync-count': 1, 'multifd-bytes': 0, 'pages-per-second': 33060, 'downtime-bytes': 0, 'page-size': 4096, 'remaining': 5049606144, 'postcopy-bytes': 0, 'mbps': 1082.15136, 'transferred': 392171247, 'dirty-sync-missed-zero-copy': 0, 'precopy-bytes': 392170640, 'duplicate': 774785, 'dirty-pages-rate': 0, 'normal-bytes': 384446464, 'normal': 93859}}
QMP cmd [src9] query-migrate args={}
QMP reply [src9] query-migrate: {'expected-downtime': 300, 'status': 'active', 'setup-time': 1, 'total-time': 3013, 'ram': {'total': 8607571968, 'postcopy-requests': 0, 'dirty-sync-count': 1, 'multifd-bytes': 0, 'pages-per-second': 32980, 'downtime-bytes': 0, 'page-size': 4096, 'remaining': 5018439680, 'postcopy-bytes': 0, 'mbps': 1082.1456, 'transferred': 419234004, 'dirty-sync-missed-zero-copy': 0, 'precopy-bytes': 419233377, 'duplicate': 775802, 'dirty-pages-rate': 0, 'normal-bytes': 411447296, 'normal': 100451}}
QMP cmd [src9] query-migrate args={}
QMP reply [src9] query-migrate: {'expected-downtime': 300, 'status': 'active', 'setup-time': 1, 'total-time': 3214, 'ram': {'total': 8607571968, 'postcopy-requests': 0, 'dirty-sync-count': 1, 'multifd-bytes': 0, 'pages-per-second': 50490, 'downtime-bytes': 0, 'page-size': 4096, 'remaining': 4980142080, 'postcopy-bytes': 0, 'mbps': 1083.40632, 'transferred': 446312430, 'dirty-sync-missed-zero-copy': 0, 'precopy-bytes': 446311783, 'duplicate': 778560, 'dirty-pages-rate': 0, 'normal-bytes': 438448128, 'normal': 107043}}
QMP cmd [src9] query-migrate args={}
QMP reply [src9] query-migrate: {'expected-downtime': 300, 'status': 'active', 'setup-time': 1, 'total-time': 3415, 'ram': {'total': 8607571968, 'postcopy-requests': 0, 'dirty-sync-count': 1, 'multifd-bytes': 0, 'pages-per-second': 32970, 'downtime-bytes': 0, 'page-size': 4096, 'remaining': 4953006080, 'postcopy-bytes': 0, 'mbps': 1082.1448799999998, 'transferred': 473366331, 'dirty-sync-missed-zero-copy': 0, 'precopy-bytes': 473365664, 'duplicate': 778593, 'dirty-pages-rate': 0, 'normal-bytes': 465448960, 'normal': 113635}}
QMP cmd [src9] query-migrate args={}
QMP reply [src9] query-migrate: {'expected-downtime': 300, 'status': 'active', 'setup-time': 1, 'total-time': 3616, 'ram': {'total': 8607571968, 'postcopy-requests': 0, 'dirty-sync-count': 1, 'multifd-bytes': 0, 'pages-per-second': 32960, 'downtime-bytes': 0, 'page-size': 4096, 'remaining': 4925923328, 'postcopy-bytes': 0, 'mbps': 1082.1441599999998, 'transferred': 500420115, 'dirty-sync-missed-zero-copy': 0, 'precopy-bytes': 500419428, 'duplicate': 778613, 'dirty-pages-rate': 0, 'normal-bytes': 492449792, 'normal': 120227}}
QMP cmd [src9] query-migrate args={}
QMP reply [src9] query-migrate: {'expected-downtime': 300, 'status': 'active', 'setup-time': 1, 'total-time': 3816, 'ram': {'total': 8607571968, 'postcopy-requests': 0, 'dirty-sync-count': 1, 'multifd-bytes': 0, 'pages-per-second': 35360, 'downtime-bytes': 0, 'page-size': 4096, 'remaining': 4897927168, 'postcopy-bytes': 0, 'mbps': 1082.3169599999999, 'transferred': 527475906, 'dirty-sync-missed-zero-copy': 0, 'precopy-bytes': 527475199, 'duplicate': 778856, 'dirty-pages-rate': 0, 'normal-bytes': 519450624, 'normal': 126819}}
QMP cmd [src9] query-migrate args={}
QMP reply [src9] query-migrate: {'expected-downtime': 300, 'status': 'active', 'setup-time': 1, 'total-time': 4018, 'ram': {'total': 8607571968, 'postcopy-requests': 0, 'dirty-sync-count': 1, 'multifd-bytes': 0, 'pages-per-second': 33610, 'downtime-bytes': 0, 'page-size': 4096, 'remaining': 4868218880, 'postcopy-bytes': 0, 'mbps': 1082.19096, 'transferred': 554535459, 'dirty-sync-missed-zero-copy': 0, 'precopy-bytes': 554534732, 'duplicate': 779517, 'dirty-pages-rate': 0, 'normal-bytes': 546451456, 'normal': 133411}}
QMP cmd [src9] query-migrate args={}
QMP reply [src9] query-migrate: {'expected-downtime': 300, 'status': 'active', 'setup-time': 1, 'total-time': 4219, 'ram': {'total': 8607571968, 'postcopy-requests': 0, 'dirty-sync-count': 1, 'multifd-bytes': 0, 'pages-per-second': 34580, 'downtime-bytes': 0, 'page-size': 4096, 'remaining': 4840271872, 'postcopy-bytes': 0, 'mbps': 1082.2608, 'transferred': 581591142, 'dirty-sync-missed-zero-copy': 0, 'precopy-bytes': 581590395, 'duplicate': 779748, 'dirty-pages-rate': 0, 'normal-bytes': 573452288, 'normal': 140003}}
QMP cmd [src9] query-migrate args={}
QMP reply [src9] query-migrate: {'expected-downtime': 300, 'status': 'active', 'setup-time': 1, 'total-time': 4419, 'ram': {'total': 8607571968, 'postcopy-requests': 0, 'dirty-sync-count': 1, 'multifd-bytes': 0, 'pages-per-second': 33540, 'downtime-bytes': 0, 'page-size': 4096, 'remaining': 4812976128, 'postcopy-bytes': 0, 'mbps': 1082.18592, 'transferred': 608645394, 'dirty-sync-missed-zero-copy': 0, 'precopy-bytes': 608644627, 'duplicate': 779820, 'dirty-pages-rate': 0, 'normal-bytes': 600453120, 'normal': 146595}}
2026-07-15 02:36:30.137735SSH command: ssh -o BatchMode=yes -o StrictHostKeyChecking=no -o UserKnownHostsFile=/dev/null -o ConnectTimeout=1 -o LogLevel=ERROR -p 2230 -i /home/max/.ssh/pgvm_bench user@127.0.0.1 test -f /tmp/bench.done
Return code: 1
Stdout: 
Stderr: 
QMP cmd [src9] query-migrate args={}
QMP reply [src9] query-migrate: {'expected-downtime': 300, 'status': 'active', 'setup-time': 1, 'total-time': 4620, 'ram': {'total': 8607571968, 'postcopy-requests': 0, 'dirty-sync-count': 1, 'multifd-bytes': 0, 'pages-per-second': 33040, 'downtime-bytes': 0, 'page-size': 4096, 'remaining': 4785856512, 'postcopy-bytes': 0, 'mbps': 1082.1499199999998, 'transferred': 635699259, 'dirty-sync-missed-zero-copy': 0, 'precopy-bytes': 635698472, 'duplicate': 779849, 'dirty-pages-rate': 0, 'normal-bytes': 627453952, 'normal': 153187}}
QMP cmd [src9] query-migrate args={}
QMP reply [src9] query-migrate: {'expected-downtime': 300, 'status': 'active', 'setup-time': 1, 'total-time': 4821, 'ram': {'total': 8607571968, 'postcopy-requests': 0, 'dirty-sync-count': 1, 'multifd-bytes': 0, 'pages-per-second': 33030, 'downtime-bytes': 0, 'page-size': 4096, 'remaining': 4758814720, 'postcopy-bytes': 0, 'mbps': 1082.1492, 'transferred': 662752953, 'dirty-sync-missed-zero-copy': 0, 'precopy-bytes': 662752146, 'duplicate': 779859, 'dirty-pages-rate': 0, 'normal-bytes': 654454784, 'normal': 159779}}
QMP cmd [src9] query-migrate args={}
QMP reply [src9] query-migrate: {'expected-downtime': 300, 'status': 'active', 'setup-time': 1, 'total-time': 5022, 'ram': {'total': 8607571968, 'postcopy-requests': 0, 'dirty-sync-count': 1, 'multifd-bytes': 0, 'pages-per-second': 33000, 'downtime-bytes': 0, 'page-size': 4096, 'remaining': 4731695104, 'postcopy-bytes': 0, 'mbps': 1082.14704, 'transferred': 689806818, 'dirty-sync-missed-zero-copy': 0, 'precopy-bytes': 689805991, 'duplicate': 779888, 'dirty-pages-rate': 0, 'normal-bytes': 681455616, 'normal': 166371}}
QMP cmd [src9] query-migrate args={}
QMP reply [src9] query-migrate: {'expected-downtime': 300, 'status': 'active', 'setup-time': 1, 'total-time': 5223, 'ram': {'total': 8607571968, 'postcopy-requests': 0, 'dirty-sync-count': 1, 'multifd-bytes': 0, 'pages-per-second': 33000, 'downtime-bytes': 0, 'page-size': 4096, 'remaining': 4704653312, 'postcopy-bytes': 0, 'mbps': 1082.14704, 'transferred': 716860512, 'dirty-sync-missed-zero-copy': 0, 'precopy-bytes': 716859665, 'duplicate': 779898, 'dirty-pages-rate': 0, 'normal-bytes': 708456448, 'normal': 172963}}
QMP cmd [src9] query-migrate args={}
QMP reply [src9] query-migrate: {'expected-downtime': 300, 'status': 'active', 'setup-time': 1, 'total-time': 5423, 'ram': {'total': 8607571968, 'postcopy-requests': 0, 'dirty-sync-count': 1, 'multifd-bytes': 0, 'pages-per-second': 34850, 'downtime-bytes': 0, 'page-size': 4096, 'remaining': 4676763648, 'postcopy-bytes': 0, 'mbps': 1082.28024, 'transferred': 743916069, 'dirty-sync-missed-zero-copy': 0, 'precopy-bytes': 743915202, 'duplicate': 780115, 'dirty-pages-rate': 0, 'normal-bytes': 735457280, 'normal': 179555}}
QMP cmd [src9] query-migrate args={}
QMP reply [src9] query-migrate: {'expected-downtime': 300, 'status': 'active', 'setup-time': 1, 'total-time': 5624, 'ram': {'total': 8607571968, 'postcopy-requests': 0, 'dirty-sync-count': 1, 'multifd-bytes': 0, 'pages-per-second': 33020, 'downtime-bytes': 0, 'page-size': 4096, 'remaining': 4649738240, 'postcopy-bytes': 0, 'mbps': 1082.14848, 'transferred': 770969727, 'dirty-sync-missed-zero-copy': 0, 'precopy-bytes': 770968840, 'duplicate': 780121, 'dirty-pages-rate': 0, 'normal-bytes': 762458112, 'normal': 186147}}
QMP cmd [src9] query-migrate args={}
QMP reply [src9] query-migrate: {'expected-downtime': 300, 'status': 'active', 'setup-time': 1, 'total-time': 5825, 'ram': {'total': 8607571968, 'postcopy-requests': 0, 'dirty-sync-count': 1, 'multifd-bytes': 0, 'pages-per-second': 33040, 'downtime-bytes': 0, 'page-size': 4096, 'remaining': 4622688256, 'postcopy-bytes': 0, 'mbps': 1082.1499199999998, 'transferred': 798023439, 'dirty-sync-missed-zero-copy': 0, 'precopy-bytes': 798022532, 'duplicate': 780133, 'dirty-pages-rate': 0, 'normal-bytes': 789458944, 'normal': 192739}}
QMP cmd [src9] query-migrate args={}
QMP reply [src9] query-migrate: {'expected-downtime': 300, 'status': 'active', 'setup-time': 1, 'total-time': 6026, 'ram': {'total': 8607571968, 'postcopy-requests': 0, 'dirty-sync-count': 1, 'multifd-bytes': 0, 'pages-per-second': 32960, 'downtime-bytes': 0, 'page-size': 4096, 'remaining': 4591632384, 'postcopy-bytes': 0, 'mbps': 1082.1441599999998, 'transferred': 825085953, 'dirty-sync-missed-zero-copy': 0, 'precopy-bytes': 825085026, 'duplicate': 781123, 'dirty-pages-rate': 0, 'normal-bytes': 816459776, 'normal': 199331}}
QMP cmd [src9] query-migrate args={}
QMP reply [src9] query-migrate: {'expected-downtime': 300, 'status': 'active', 'setup-time': 1, 'total-time': 6226, 'ram': {'total': 8607571968, 'postcopy-requests': 0, 'dirty-sync-count': 1, 'multifd-bytes': 0, 'pages-per-second': 33190, 'downtime-bytes': 0, 'page-size': 4096, 'remaining': 4564508672, 'postcopy-bytes': 0, 'mbps': 1082.16072, 'transferred': 852139827, 'dirty-sync-missed-zero-copy': 0, 'precopy-bytes': 852138880, 'duplicate': 781153, 'dirty-pages-rate': 0, 'normal-bytes': 843460608, 'normal': 205923}}
QMP cmd [src9] query-migrate args={}
QMP reply [src9] query-migrate: {'expected-downtime': 300, 'status': 'active', 'setup-time': 1, 'total-time': 6427, 'ram': {'total': 8607571968, 'postcopy-requests': 0, 'dirty-sync-count': 1, 'multifd-bytes': 0, 'pages-per-second': 32980, 'downtime-bytes': 0, 'page-size': 4096, 'remaining': 4535902208, 'postcopy-bytes': 0, 'mbps': 1082.1456, 'transferred': 879196959, 'dirty-sync-missed-zero-copy': 0, 'precopy-bytes': 879195992, 'duplicate': 781545, 'dirty-pages-rate': 0, 'normal-bytes': 870461440, 'normal': 212515}}
QMP cmd [src9] query-migrate args={}
QMP reply [src9] query-migrate: {'expected-downtime': 300, 'status': 'active', 'setup-time': 1, 'total-time': 6628, 'ram': {'total': 8607571968, 'postcopy-requests': 0, 'dirty-sync-count': 1, 'multifd-bytes': 0, 'pages-per-second': 32960, 'downtime-bytes': 0, 'page-size': 4096, 'remaining': 4508901376, 'postcopy-bytes': 0, 'mbps': 1082.1441599999998, 'transferred': 906250563, 'dirty-sync-missed-zero-copy': 0, 'precopy-bytes': 906249576, 'duplicate': 781545, 'dirty-pages-rate': 0, 'normal-bytes': 897462272, 'normal': 219107}}
2026-07-15 02:36:32.307325SSH command: ssh -o BatchMode=yes -o StrictHostKeyChecking=no -o UserKnownHostsFile=/dev/null -o ConnectTimeout=1 -o LogLevel=ERROR -p 2230 -i /home/max/.ssh/pgvm_bench user@127.0.0.1 test -f /tmp/bench.done
Return code: 1
Stdout: 
Stderr: 
QMP cmd [src9] query-migrate args={}
QMP reply [src9] query-migrate: {'expected-downtime': 300, 'status': 'active', 'setup-time': 1, 'total-time': 6829, 'ram': {'total': 8607571968, 'postcopy-requests': 0, 'dirty-sync-count': 1, 'multifd-bytes': 0, 'pages-per-second': 32990, 'downtime-bytes': 0, 'page-size': 4096, 'remaining': 4481880064, 'postcopy-bytes': 0, 'mbps': 1082.14632, 'transferred': 933304212, 'dirty-sync-missed-zero-copy': 0, 'precopy-bytes': 933303205, 'duplicate': 781550, 'dirty-pages-rate': 0, 'normal-bytes': 924463104, 'normal': 225699}}
QMP cmd [src9] query-migrate args={}
QMP reply [src9] query-migrate: {'expected-downtime': 300, 'status': 'active', 'setup-time': 1, 'total-time': 7030, 'ram': {'total': 8607571968, 'postcopy-requests': 0, 'dirty-sync-count': 1, 'multifd-bytes': 0, 'pages-per-second': 32960, 'downtime-bytes': 0, 'page-size': 4096, 'remaining': 4454715392, 'postcopy-bytes': 0, 'mbps': 1082.1441599999998, 'transferred': 960358176, 'dirty-sync-missed-zero-copy': 0, 'precopy-bytes': 960357149, 'duplicate': 781590, 'dirty-pages-rate': 0, 'normal-bytes': 951463936, 'normal': 232291}}
QMP cmd [src9] query-migrate args={}
QMP reply [src9] query-migrate: {'expected-downtime': 300, 'status': 'active', 'setup-time': 1, 'total-time': 7231, 'ram': {'total': 8607571968, 'postcopy-requests': 0, 'dirty-sync-count': 1, 'multifd-bytes': 0, 'pages-per-second': 32960, 'downtime-bytes': 0, 'page-size': 4096, 'remaining': 4427714560, 'postcopy-bytes': 0, 'mbps': 1082.1441599999998, 'transferred': 987411780, 'dirty-sync-missed-zero-copy': 0, 'precopy-bytes': 987410733, 'duplicate': 781590, 'dirty-pages-rate': 0, 'normal-bytes': 978464768, 'normal': 238883}}
QMP cmd [src9] query-migrate args={}
QMP reply [src9] query-migrate: {'expected-downtime': 300, 'status': 'active', 'setup-time': 1, 'total-time': 7432, 'ram': {'total': 8607571968, 'postcopy-requests': 0, 'dirty-sync-count': 1, 'multifd-bytes': 0, 'pages-per-second': 32960, 'downtime-bytes': 0, 'page-size': 4096, 'remaining': 4400713728, 'postcopy-bytes': 0, 'mbps': 1082.1441599999998, 'transferred': 1014465384, 'dirty-sync-missed-zero-copy': 0, 'precopy-bytes': 1014464317, 'duplicate': 781590, 'dirty-pages-rate': 0, 'normal-bytes': 1005465600, 'normal': 245475}}
QMP cmd [src9] query-migrate args={}
QMP reply [src9] query-migrate: {'expected-downtime': 300, 'status': 'active', 'setup-time': 1, 'total-time': 7632, 'ram': {'total': 8607571968, 'postcopy-requests': 0, 'dirty-sync-count': 1, 'multifd-bytes': 0, 'pages-per-second': 32960, 'downtime-bytes': 0, 'page-size': 4096, 'remaining': 4373712896, 'postcopy-bytes': 0, 'mbps': 1082.1441599999998, 'transferred': 1041518988, 'dirty-sync-missed-zero-copy': 0, 'precopy-bytes': 1041517901, 'duplicate': 781590, 'dirty-pages-rate': 0, 'normal-bytes': 1032466432, 'normal': 252067}}
QMP cmd [src9] query-migrate args={}
QMP reply [src9] query-migrate: {'expected-downtime': 300, 'status': 'active', 'setup-time': 1, 'total-time': 7833, 'ram': {'total': 8607571968, 'postcopy-requests': 0, 'dirty-sync-count': 1, 'multifd-bytes': 0, 'pages-per-second': 33000, 'downtime-bytes': 0, 'page-size': 4096, 'remaining': 4346687488, 'postcopy-bytes': 0, 'mbps': 1082.14704, 'transferred': 1068572646, 'dirty-sync-missed-zero-copy': 0, 'precopy-bytes': 1068571539, 'duplicate': 781596, 'dirty-pages-rate': 0, 'normal-bytes': 1059467264, 'normal': 258659}}
QMP cmd [src9] query-migrate args={}
QMP reply [src9] query-migrate: {'expected-downtime': 300, 'status': 'active', 'setup-time': 1, 'total-time': 8034, 'ram': {'total': 8607571968, 'postcopy-requests': 0, 'dirty-sync-count': 1, 'multifd-bytes': 0, 'pages-per-second': 32980, 'downtime-bytes': 0, 'page-size': 4096, 'remaining': 4319678464, 'postcopy-bytes': 0, 'mbps': 1082.1456, 'transferred': 1095626268, 'dirty-sync-missed-zero-copy': 0, 'precopy-bytes': 1095625141, 'duplicate': 781598, 'dirty-pages-rate': 0, 'normal-bytes': 1086468096, 'normal': 265251}}
QMP cmd [src9] query-migrate args={}
QMP reply [src9] query-migrate: {'expected-downtime': 300, 'status': 'active', 'setup-time': 1, 'total-time': 8235, 'ram': {'total': 8607571968, 'postcopy-requests': 0, 'dirty-sync-count': 1, 'multifd-bytes': 0, 'pages-per-second': 33700, 'downtime-bytes': 0, 'page-size': 4096, 'remaining': 4288180224, 'postcopy-bytes': 0, 'mbps': 1082.19744, 'transferred': 1122689754, 'dirty-sync-missed-zero-copy': 0, 'precopy-bytes': 1122688607, 'duplicate': 782696, 'dirty-pages-rate': 0, 'normal-bytes': 1113468928, 'normal': 271843}}
QMP cmd [src9] query-migrate args={}
QMP reply [src9] query-migrate: {'expected-downtime': 300, 'status': 'active', 'setup-time': 1, 'total-time': 8435, 'ram': {'total': 8607571968, 'postcopy-requests': 0, 'dirty-sync-count': 1, 'multifd-bytes': 0, 'pages-per-second': 32980, 'downtime-bytes': 0, 'page-size': 4096, 'remaining': 4261171200, 'postcopy-bytes': 0, 'mbps': 1082.1456, 'transferred': 1149743376, 'dirty-sync-missed-zero-copy': 0, 'precopy-bytes': 1149742209, 'duplicate': 782698, 'dirty-pages-rate': 0, 'normal-bytes': 1140469760, 'normal': 278435}}
QMP cmd [src9] query-migrate args={}
QMP reply [src9] query-migrate: {'expected-downtime': 300, 'status': 'active', 'setup-time': 1, 'total-time': 8636, 'ram': {'total': 8607571968, 'postcopy-requests': 0, 'dirty-sync-count': 1, 'multifd-bytes': 0, 'pages-per-second': 32960, 'downtime-bytes': 0, 'page-size': 4096, 'remaining': 4234170368, 'postcopy-bytes': 0, 'mbps': 1082.1441599999998, 'transferred': 1176796980, 'dirty-sync-missed-zero-copy': 0, 'precopy-bytes': 1176795793, 'duplicate': 782698, 'dirty-pages-rate': 0, 'normal-bytes': 1167470592, 'normal': 285027}}
QMP cmd [src9] query-migrate args={}
QMP reply [src9] query-migrate: {'expected-downtime': 300, 'status': 'active', 'setup-time': 1, 'total-time': 8837, 'ram': {'total': 8607571968, 'postcopy-requests': 0, 'dirty-sync-count': 1, 'multifd-bytes': 0, 'pages-per-second': 33000, 'downtime-bytes': 0, 'page-size': 4096, 'remaining': 4207128576, 'postcopy-bytes': 0, 'mbps': 1082.14704, 'transferred': 1203850674, 'dirty-sync-missed-zero-copy': 0, 'precopy-bytes': 1203849467, 'duplicate': 782708, 'dirty-pages-rate': 0, 'normal-bytes': 1194471424, 'normal': 291619}}
2026-07-15 02:36:34.482173SSH command: ssh -o BatchMode=yes -o StrictHostKeyChecking=no -o UserKnownHostsFile=/dev/null -o ConnectTimeout=1 -o LogLevel=ERROR -p 2230 -i /home/max/.ssh/pgvm_bench user@127.0.0.1 test -f /tmp/bench.done
Return code: 1
Stdout: 
Stderr: 
QMP cmd [src9] query-migrate args={}
QMP reply [src9] query-migrate: {'expected-downtime': 300, 'status': 'active', 'setup-time': 1, 'total-time': 9038, 'ram': {'total': 8607571968, 'postcopy-requests': 0, 'dirty-sync-count': 1, 'multifd-bytes': 0, 'pages-per-second': 32960, 'downtime-bytes': 0, 'page-size': 4096, 'remaining': 4180127744, 'postcopy-bytes': 0, 'mbps': 1082.1441599999998, 'transferred': 1230904278, 'dirty-sync-missed-zero-copy': 0, 'precopy-bytes': 1230903051, 'duplicate': 782708, 'dirty-pages-rate': 0, 'normal-bytes': 1221472256, 'normal': 298211}}
QMP cmd [src9] query-migrate args={}
QMP reply [src9] query-migrate: {'expected-downtime': 300, 'status': 'active', 'setup-time': 1, 'total-time': 9239, 'ram': {'total': 8607571968, 'postcopy-requests': 0, 'dirty-sync-count': 1, 'multifd-bytes': 0, 'pages-per-second': 32980, 'downtime-bytes': 0, 'page-size': 4096, 'remaining': 4153110528, 'postcopy-bytes': 0, 'mbps': 1082.1456, 'transferred': 1257957918, 'dirty-sync-missed-zero-copy': 0, 'precopy-bytes': 1257956671, 'duplicate': 782712, 'dirty-pages-rate': 0, 'normal-bytes': 1248473088, 'normal': 304803}}
QMP cmd [src9] query-migrate args={}
QMP reply [src9] query-migrate: {'expected-downtime': 300, 'status': 'active', 'setup-time': 1, 'total-time': 9439, 'ram': {'total': 8607571968, 'postcopy-requests': 0, 'dirty-sync-count': 1, 'multifd-bytes': 0, 'pages-per-second': 33020, 'downtime-bytes': 0, 'page-size': 4096, 'remaining': 4126085120, 'postcopy-bytes': 0, 'mbps': 1082.14848, 'transferred': 1285011576, 'dirty-sync-missed-zero-copy': 0, 'precopy-bytes': 1285010309, 'duplicate': 782718, 'dirty-pages-rate': 0, 'normal-bytes': 1275473920, 'normal': 311395}}
QMP cmd [src9] query-migrate args={}
QMP reply [src9] query-migrate: {'expected-downtime': 300, 'status': 'active', 'setup-time': 1, 'total-time': 9640, 'ram': {'total': 8607571968, 'postcopy-requests': 0, 'dirty-sync-count': 1, 'multifd-bytes': 0, 'pages-per-second': 32960, 'downtime-bytes': 0, 'page-size': 4096, 'remaining': 4099076096, 'postcopy-bytes': 0, 'mbps': 1082.1441599999998, 'transferred': 1312065198, 'dirty-sync-missed-zero-copy': 0, 'precopy-bytes': 1312063911, 'duplicate': 782720, 'dirty-pages-rate': 0, 'normal-bytes': 1302474752, 'normal': 317987}}
QMP cmd [src9] query-migrate args={}
QMP reply [src9] query-migrate: {'expected-downtime': 300, 'status': 'active', 'setup-time': 1, 'total-time': 9841, 'ram': {'total': 8607571968, 'postcopy-requests': 0, 'dirty-sync-count': 1, 'multifd-bytes': 0, 'pages-per-second': 33000, 'downtime-bytes': 0, 'page-size': 4096, 'remaining': 4072058880, 'postcopy-bytes': 0, 'mbps': 1082.14704, 'transferred': 1339118838, 'dirty-sync-missed-zero-copy': 0, 'precopy-bytes': 1339117531, 'duplicate': 782724, 'dirty-pages-rate': 0, 'normal-bytes': 1329475584, 'normal': 324579}}
QMP cmd [src9] query-migrate args={}
QMP reply [src9] query-migrate: {'expected-downtime': 300, 'status': 'active', 'setup-time': 1, 'total-time': 10042, 'ram': {'total': 8607571968, 'postcopy-requests': 0, 'dirty-sync-count': 1, 'multifd-bytes': 0, 'pages-per-second': 37600, 'downtime-bytes': 0, 'page-size': 4096, 'remaining': 4042878976, 'postcopy-bytes': 0, 'mbps': 1082.47824, 'transferred': 1366177230, 'dirty-sync-missed-zero-copy': 0, 'precopy-bytes': 1366175903, 'duplicate': 783256, 'dirty-pages-rate': 0, 'normal-bytes': 1356476416, 'normal': 331171}}
QMP cmd [src9] query-migrate args={}
QMP reply [src9] query-migrate: {'expected-downtime': 300, 'status': 'active', 'setup-time': 1, 'total-time': 10243, 'ram': {'total': 8607571968, 'postcopy-requests': 0, 'dirty-sync-count': 1, 'multifd-bytes': 0, 'pages-per-second': 32960, 'downtime-bytes': 0, 'page-size': 4096, 'remaining': 4015861760, 'postcopy-bytes': 0, 'mbps': 1082.1441599999998, 'transferred': 1393230870, 'dirty-sync-missed-zero-copy': 0, 'precopy-bytes': 1393229523, 'duplicate': 783260, 'dirty-pages-rate': 0, 'normal-bytes': 1383477248, 'normal': 337763}}
QMP cmd [src9] query-migrate args={}
QMP reply [src9] query-migrate: {'expected-downtime': 300, 'status': 'active', 'setup-time': 1, 'total-time': 10443, 'ram': {'total': 8607571968, 'postcopy-requests': 0, 'dirty-sync-count': 1, 'multifd-bytes': 0, 'pages-per-second': 32980, 'downtime-bytes': 0, 'page-size': 4096, 'remaining': 3988844544, 'postcopy-bytes': 0, 'mbps': 1082.1456, 'transferred': 1420284510, 'dirty-sync-missed-zero-copy': 0, 'precopy-bytes': 1420283143, 'duplicate': 783264, 'dirty-pages-rate': 0, 'normal-bytes': 1410478080, 'normal': 344355}}
QMP cmd [src9] query-migrate args={}
QMP reply [src9] query-migrate: {'expected-downtime': 300, 'status': 'active', 'setup-time': 1, 'total-time': 10644, 'ram': {'total': 8607571968, 'postcopy-requests': 0, 'dirty-sync-count': 1, 'multifd-bytes': 0, 'pages-per-second': 33020, 'downtime-bytes': 0, 'page-size': 4096, 'remaining': 3961802752, 'postcopy-bytes': 0, 'mbps': 1082.14848, 'transferred': 1447338204, 'dirty-sync-missed-zero-copy': 0, 'precopy-bytes': 1447336817, 'duplicate': 783274, 'dirty-pages-rate': 0, 'normal-bytes': 1437478912, 'normal': 350947}}
QMP cmd [src9] query-migrate args={}
QMP reply [src9] query-migrate: {'expected-downtime': 300, 'status': 'active', 'setup-time': 1, 'total-time': 10845, 'ram': {'total': 8607571968, 'postcopy-requests': 0, 'dirty-sync-count': 1, 'multifd-bytes': 0, 'pages-per-second': 33000, 'downtime-bytes': 0, 'page-size': 4096, 'remaining': 3934769152, 'postcopy-bytes': 0, 'mbps': 1082.14704, 'transferred': 1474391880, 'dirty-sync-missed-zero-copy': 0, 'precopy-bytes': 1474390473, 'duplicate': 783282, 'dirty-pages-rate': 0, 'normal-bytes': 1464479744, 'normal': 357539}}
QMP cmd [src9] query-migrate args={}
QMP reply [src9] query-migrate: {'expected-downtime': 300, 'status': 'active', 'setup-time': 1, 'total-time': 11046, 'ram': {'total': 8607571968, 'postcopy-requests': 0, 'dirty-sync-count': 1, 'multifd-bytes': 0, 'pages-per-second': 33020, 'downtime-bytes': 0, 'page-size': 4096, 'remaining': 3907735552, 'postcopy-bytes': 0, 'mbps': 1082.14848, 'transferred': 1501445556, 'dirty-sync-missed-zero-copy': 0, 'precopy-bytes': 1501444129, 'duplicate': 783290, 'dirty-pages-rate': 0, 'normal-bytes': 1491480576, 'normal': 364131}}
2026-07-15 02:36:36.740839SSH command: ssh -o BatchMode=yes -o StrictHostKeyChecking=no -o UserKnownHostsFile=/dev/null -o ConnectTimeout=1 -o LogLevel=ERROR -p 2230 -i /home/max/.ssh/pgvm_bench user@127.0.0.1 test -f /tmp/bench.done
Return code: 1
Stdout: 
Stderr: 
QMP cmd [src9] query-migrate args={}
QMP reply [src9] query-migrate: {'expected-downtime': 300, 'status': 'active', 'setup-time': 1, 'total-time': 11247, 'ram': {'total': 8607571968, 'postcopy-requests': 0, 'dirty-sync-count': 1, 'multifd-bytes': 0, 'pages-per-second': 32980, 'downtime-bytes': 0, 'page-size': 4096, 'remaining': 3880710144, 'postcopy-bytes': 0, 'mbps': 1082.1456, 'transferred': 1528499214, 'dirty-sync-missed-zero-copy': 0, 'precopy-bytes': 1528497767, 'duplicate': 783296, 'dirty-pages-rate': 0, 'normal-bytes': 1518481408, 'normal': 370723}}
QMP cmd [src9] query-migrate args={}
QMP reply [src9] query-migrate: {'expected-downtime': 300, 'status': 'active', 'setup-time': 1, 'total-time': 11447, 'ram': {'total': 8607571968, 'postcopy-requests': 0, 'dirty-sync-count': 1, 'multifd-bytes': 0, 'pages-per-second': 33000, 'downtime-bytes': 0, 'page-size': 4096, 'remaining': 3853684736, 'postcopy-bytes': 0, 'mbps': 1082.14704, 'transferred': 1555552872, 'dirty-sync-missed-zero-copy': 0, 'precopy-bytes': 1555551405, 'duplicate': 783302, 'dirty-pages-rate': 0, 'normal-bytes': 1545482240, 'normal': 377315}}
QMP cmd [src9] query-migrate args={}
QMP reply [src9] query-migrate: {'expected-downtime': 300, 'status': 'active', 'setup-time': 1, 'total-time': 11648, 'ram': {'total': 8607571968, 'postcopy-requests': 0, 'dirty-sync-count': 1, 'multifd-bytes': 0, 'pages-per-second': 32980, 'downtime-bytes': 0, 'page-size': 4096, 'remaining': 3826659328, 'postcopy-bytes': 0, 'mbps': 1082.1456, 'transferred': 1582606530, 'dirty-sync-missed-zero-copy': 0, 'precopy-bytes': 1582605043, 'duplicate': 783308, 'dirty-pages-rate': 0, 'normal-bytes': 1572483072, 'normal': 383907}}
QMP cmd [src9] query-migrate args={}
QMP reply [src9] query-migrate: {'expected-downtime': 300, 'status': 'active', 'setup-time': 1, 'total-time': 11849, 'ram': {'total': 8607571968, 'postcopy-requests': 0, 'dirty-sync-count': 1, 'multifd-bytes': 0, 'pages-per-second': 32980, 'downtime-bytes': 0, 'page-size': 4096, 'remaining': 3799625728, 'postcopy-bytes': 0, 'mbps': 1082.1456, 'transferred': 1609660206, 'dirty-sync-missed-zero-copy': 0, 'precopy-bytes': 1609658699, 'duplicate': 783316, 'dirty-pages-rate': 0, 'normal-bytes': 1599483904, 'normal': 390499}}
QMP cmd [src9] query-migrate args={}
QMP reply [src9] query-migrate: {'expected-downtime': 300, 'status': 'active', 'setup-time': 1, 'total-time': 12050, 'ram': {'total': 8607571968, 'postcopy-requests': 0, 'dirty-sync-count': 1, 'multifd-bytes': 0, 'pages-per-second': 32960, 'downtime-bytes': 0, 'page-size': 4096, 'remaining': 3772616704, 'postcopy-bytes': 0, 'mbps': 1082.1441599999998, 'transferred': 1636713828, 'dirty-sync-missed-zero-copy': 0, 'precopy-bytes': 1636712301, 'duplicate': 783318, 'dirty-pages-rate': 0, 'normal-bytes': 1626484736, 'normal': 397091}}
QMP cmd [src9] query-migrate args={}
QMP reply [src9] query-migrate: {'expected-downtime': 300, 'status': 'active', 'setup-time': 1, 'total-time': 12251, 'ram': {'total': 8607571968, 'postcopy-requests': 0, 'dirty-sync-count': 1, 'multifd-bytes': 0, 'pages-per-second': 33020, 'downtime-bytes': 0, 'page-size': 4096, 'remaining': 3745574912, 'postcopy-bytes': 0, 'mbps': 1082.14848, 'transferred': 1663767522, 'dirty-sync-missed-zero-copy': 0, 'precopy-bytes': 1663765975, 'duplicate': 783328, 'dirty-pages-rate': 0, 'normal-bytes': 1653485568, 'normal': 403683}}
QMP cmd [src9] query-migrate args={}
QMP reply [src9] query-migrate: {'expected-downtime': 300, 'status': 'active', 'setup-time': 1, 'total-time': 12451, 'ram': {'total': 8607571968, 'postcopy-requests': 0, 'dirty-sync-count': 1, 'multifd-bytes': 0, 'pages-per-second': 33020, 'downtime-bytes': 0, 'page-size': 4096, 'remaining': 3718541312, 'postcopy-bytes': 0, 'mbps': 1082.14848, 'transferred': 1690821198, 'dirty-sync-missed-zero-copy': 0, 'precopy-bytes': 1690819631, 'duplicate': 783336, 'dirty-pages-rate': 0, 'normal-bytes': 1680486400, 'normal': 410275}}
QMP cmd [src9] query-migrate args={}
QMP reply [src9] query-migrate: {'expected-downtime': 300, 'status': 'active', 'setup-time': 1, 'total-time': 12652, 'ram': {'total': 8607571968, 'postcopy-requests': 0, 'dirty-sync-count': 1, 'multifd-bytes': 0, 'pages-per-second': 32980, 'downtime-bytes': 0, 'page-size': 4096, 'remaining': 3691524096, 'postcopy-bytes': 0, 'mbps': 1082.1456, 'transferred': 1717874838, 'dirty-sync-missed-zero-copy': 0, 'precopy-bytes': 1717873251, 'duplicate': 783340, 'dirty-pages-rate': 0, 'normal-bytes': 1707487232, 'normal': 416867}}
QMP cmd [src9] query-migrate args={}
QMP reply [src9] query-migrate: {'expected-downtime': 300, 'status': 'active', 'setup-time': 1, 'total-time': 12853, 'ram': {'total': 8607571968, 'postcopy-requests': 0, 'dirty-sync-count': 1, 'multifd-bytes': 0, 'pages-per-second': 33540, 'downtime-bytes': 0, 'page-size': 4096, 'remaining': 3664146432, 'postcopy-bytes': 0, 'mbps': 1082.18592, 'transferred': 1744929270, 'dirty-sync-missed-zero-copy': 0, 'precopy-bytes': 1744927663, 'duplicate': 783432, 'dirty-pages-rate': 0, 'normal-bytes': 1734488064, 'normal': 423459}}
QMP cmd [src9] query-migrate args={}
QMP reply [src9] query-migrate: {'expected-downtime': 300, 'status': 'active', 'setup-time': 1, 'total-time': 13054, 'ram': {'total': 8607571968, 'postcopy-requests': 0, 'dirty-sync-count': 1, 'multifd-bytes': 0, 'pages-per-second': 32980, 'downtime-bytes': 0, 'page-size': 4096, 'remaining': 3637121024, 'postcopy-bytes': 0, 'mbps': 1082.1456, 'transferred': 1771982928, 'dirty-sync-missed-zero-copy': 0, 'precopy-bytes': 1771981301, 'duplicate': 783438, 'dirty-pages-rate': 0, 'normal-bytes': 1761488896, 'normal': 430051}}
QMP cmd [src9] query-migrate args={}
QMP reply [src9] query-migrate: {'expected-downtime': 300, 'status': 'active', 'setup-time': 1, 'total-time': 13255, 'ram': {'total': 8607571968, 'postcopy-requests': 0, 'dirty-sync-count': 1, 'multifd-bytes': 0, 'pages-per-second': 33040, 'downtime-bytes': 0, 'page-size': 4096, 'remaining': 3610071040, 'postcopy-bytes': 0, 'mbps': 1082.1499199999998, 'transferred': 1799036640, 'dirty-sync-missed-zero-copy': 0, 'precopy-bytes': 1799034993, 'duplicate': 783450, 'dirty-pages-rate': 0, 'normal-bytes': 1788489728, 'normal': 436643}}
2026-07-15 02:36:38.976232SSH command: ssh -o BatchMode=yes -o StrictHostKeyChecking=no -o UserKnownHostsFile=/dev/null -o ConnectTimeout=1 -o LogLevel=ERROR -p 2230 -i /home/max/.ssh/pgvm_bench user@127.0.0.1 test -f /tmp/bench.done
Return code: 1
Stdout: 
Stderr: 
QMP cmd [src9] query-migrate args={}
QMP reply [src9] query-migrate: {'expected-downtime': 300, 'status': 'active', 'setup-time': 1, 'total-time': 13456, 'ram': {'total': 8607571968, 'postcopy-requests': 0, 'dirty-sync-count': 1, 'multifd-bytes': 0, 'pages-per-second': 33020, 'downtime-bytes': 0, 'page-size': 4096, 'remaining': 3583037440, 'postcopy-bytes': 0, 'mbps': 1082.14848, 'transferred': 1826090316, 'dirty-sync-missed-zero-copy': 0, 'precopy-bytes': 1826088649, 'duplicate': 783458, 'dirty-pages-rate': 0, 'normal-bytes': 1815490560, 'normal': 443235}}
QMP cmd [src9] query-migrate args={}
QMP reply [src9] query-migrate: {'expected-downtime': 300, 'status': 'active', 'setup-time': 1, 'total-time': 13657, 'ram': {'total': 8607571968, 'postcopy-requests': 0, 'dirty-sync-count': 1, 'multifd-bytes': 0, 'pages-per-second': 33000, 'downtime-bytes': 0, 'page-size': 4096, 'remaining': 3556012032, 'postcopy-bytes': 0, 'mbps': 1082.14704, 'transferred': 1853143974, 'dirty-sync-missed-zero-copy': 0, 'precopy-bytes': 1853142287, 'duplicate': 783464, 'dirty-pages-rate': 0, 'normal-bytes': 1842491392, 'normal': 449827}}
QMP cmd [src9] query-migrate args={}
QMP reply [src9] query-migrate: {'expected-downtime': 300, 'status': 'active', 'setup-time': 1, 'total-time': 13858, 'ram': {'total': 8607571968, 'postcopy-requests': 0, 'dirty-sync-count': 1, 'multifd-bytes': 0, 'pages-per-second': 32980, 'downtime-bytes': 0, 'page-size': 4096, 'remaining': 3528986624, 'postcopy-bytes': 0, 'mbps': 1082.1456, 'transferred': 1880197632, 'dirty-sync-missed-zero-copy': 0, 'precopy-bytes': 1880195925, 'duplicate': 783470, 'dirty-pages-rate': 0, 'normal-bytes': 1869492224, 'normal': 456419}}
QMP cmd [src9] query-migrate args={}
QMP reply [src9] query-migrate: {'expected-downtime': 300, 'status': 'active', 'setup-time': 1, 'total-time': 14059, 'ram': {'total': 8607571968, 'postcopy-requests': 0, 'dirty-sync-count': 1, 'multifd-bytes': 0, 'pages-per-second': 33000, 'downtime-bytes': 0, 'page-size': 4096, 'remaining': 3501953024, 'postcopy-bytes': 0, 'mbps': 1082.14704, 'transferred': 1907251308, 'dirty-sync-missed-zero-copy': 0, 'precopy-bytes': 1907249581, 'duplicate': 783478, 'dirty-pages-rate': 0, 'normal-bytes': 1896493056, 'normal': 463011}}
QMP cmd [src9] query-migrate args={}
QMP reply [src9] query-migrate: {'expected-downtime': 300, 'status': 'active', 'setup-time': 1, 'total-time': 14259, 'ram': {'total': 8607571968, 'postcopy-requests': 0, 'dirty-sync-count': 1, 'multifd-bytes': 0, 'pages-per-second': 32980, 'downtime-bytes': 0, 'page-size': 4096, 'remaining': 3474935808, 'postcopy-bytes': 0, 'mbps': 1082.1456, 'transferred': 1934304948, 'dirty-sync-missed-zero-copy': 0, 'precopy-bytes': 1934303201, 'duplicate': 783482, 'dirty-pages-rate': 0, 'normal-bytes': 1923493888, 'normal': 469603}}
QMP cmd [src9] query-migrate args={}
QMP reply [src9] query-migrate: {'expected-downtime': 300, 'status': 'active', 'setup-time': 1, 'total-time': 14460, 'ram': {'total': 8607571968, 'postcopy-requests': 0, 'dirty-sync-count': 1, 'multifd-bytes': 0, 'pages-per-second': 33000, 'downtime-bytes': 0, 'page-size': 4096, 'remaining': 3447877632, 'postcopy-bytes': 0, 'mbps': 1082.14704, 'transferred': 1961358678, 'dirty-sync-missed-zero-copy': 0, 'precopy-bytes': 1961356911, 'duplicate': 783496, 'dirty-pages-rate': 0, 'normal-bytes': 1950494720, 'normal': 476195}}
QMP cmd [src9] query-migrate args={}
QMP reply [src9] query-migrate: {'expected-downtime': 300, 'status': 'active', 'setup-time': 1, 'total-time': 14661, 'ram': {'total': 8607571968, 'postcopy-requests': 0, 'dirty-sync-count': 1, 'multifd-bytes': 0, 'pages-per-second': 32980, 'downtime-bytes': 0, 'page-size': 4096, 'remaining': 3420844032, 'postcopy-bytes': 0, 'mbps': 1082.1456, 'transferred': 1988412354, 'dirty-sync-missed-zero-copy': 0, 'precopy-bytes': 1988410567, 'duplicate': 783504, 'dirty-pages-rate': 0, 'normal-bytes': 1977495552, 'normal': 482787}}
QMP cmd [src9] query-migrate args={}
QMP reply [src9] query-migrate: {'expected-downtime': 300, 'status': 'active', 'setup-time': 1, 'total-time': 14862, 'ram': {'total': 8607571968, 'postcopy-requests': 0, 'dirty-sync-count': 1, 'multifd-bytes': 0, 'pages-per-second': 33000, 'downtime-bytes': 0, 'page-size': 4096, 'remaining': 3393818624, 'postcopy-bytes': 0, 'mbps': 1082.14704, 'transferred': 2015466012, 'dirty-sync-missed-zero-copy': 0, 'precopy-bytes': 2015464205, 'duplicate': 783510, 'dirty-pages-rate': 0, 'normal-bytes': 2004496384, 'normal': 489379}}
QMP cmd [src9] query-migrate args={}
QMP reply [src9] query-migrate: {'expected-downtime': 300, 'status': 'active', 'setup-time': 1, 'total-time': 15062, 'ram': {'total': 8607571968, 'postcopy-requests': 0, 'dirty-sync-count': 1, 'multifd-bytes': 0, 'pages-per-second': 32980, 'downtime-bytes': 0, 'page-size': 4096, 'remaining': 3366801408, 'postcopy-bytes': 0, 'mbps': 1082.1456, 'transferred': 2042519652, 'dirty-sync-missed-zero-copy': 0, 'precopy-bytes': 2042517825, 'duplicate': 783514, 'dirty-pages-rate': 0, 'normal-bytes': 2031497216, 'normal': 495971}}
QMP cmd [src9] query-migrate args={}
QMP reply [src9] query-migrate: {'expected-downtime': 300, 'status': 'active', 'setup-time': 1, 'total-time': 15263, 'ram': {'total': 8607571968, 'postcopy-requests': 0, 'dirty-sync-count': 1, 'multifd-bytes': 0, 'pages-per-second': 32980, 'downtime-bytes': 0, 'page-size': 4096, 'remaining': 3339776000, 'postcopy-bytes': 0, 'mbps': 1082.1456, 'transferred': 2069573310, 'dirty-sync-missed-zero-copy': 0, 'precopy-bytes': 2069571463, 'duplicate': 783520, 'dirty-pages-rate': 0, 'normal-bytes': 2058498048, 'normal': 502563}}
QMP cmd [src9] query-migrate args={}
QMP reply [src9] query-migrate: {'expected-downtime': 300, 'status': 'active', 'setup-time': 1, 'total-time': 15464, 'ram': {'total': 8607571968, 'postcopy-requests': 0, 'dirty-sync-count': 1, 'multifd-bytes': 0, 'pages-per-second': 32980, 'downtime-bytes': 0, 'page-size': 4096, 'remaining': 3312758784, 'postcopy-bytes': 0, 'mbps': 1082.1456, 'transferred': 2096626950, 'dirty-sync-missed-zero-copy': 0, 'precopy-bytes': 2096625083, 'duplicate': 783524, 'dirty-pages-rate': 0, 'normal-bytes': 2085498880, 'normal': 509155}}
2026-07-15 02:36:41.184917SSH command: ssh -o BatchMode=yes -o StrictHostKeyChecking=no -o UserKnownHostsFile=/dev/null -o ConnectTimeout=1 -o LogLevel=ERROR -p 2230 -i /home/max/.ssh/pgvm_bench user@127.0.0.1 test -f /tmp/bench.done
Return code: 1
Stdout: 
Stderr: 
QMP cmd [src9] query-migrate args={}
QMP reply [src9] query-migrate: {'expected-downtime': 300, 'status': 'active', 'setup-time': 1, 'total-time': 15665, 'ram': {'total': 8607571968, 'postcopy-requests': 0, 'dirty-sync-count': 1, 'multifd-bytes': 0, 'pages-per-second': 33000, 'downtime-bytes': 0, 'page-size': 4096, 'remaining': 3285725184, 'postcopy-bytes': 0, 'mbps': 1082.14704, 'transferred': 2123680626, 'dirty-sync-missed-zero-copy': 0, 'precopy-bytes': 2123678739, 'duplicate': 783532, 'dirty-pages-rate': 0, 'normal-bytes': 2112499712, 'normal': 515747}}
QMP cmd [src9] query-migrate args={}
QMP reply [src9] query-migrate: {'expected-downtime': 300, 'status': 'active', 'setup-time': 1, 'total-time': 15865, 'ram': {'total': 8607571968, 'postcopy-requests': 0, 'dirty-sync-count': 1, 'multifd-bytes': 0, 'pages-per-second': 33020, 'downtime-bytes': 0, 'page-size': 4096, 'remaining': 3258494976, 'postcopy-bytes': 0, 'mbps': 1082.14848, 'transferred': 2150734734, 'dirty-sync-missed-zero-copy': 0, 'precopy-bytes': 2150732827, 'duplicate': 783588, 'dirty-pages-rate': 0, 'normal-bytes': 2139500544, 'normal': 522339}}
QMP cmd [src9] query-migrate args={}
QMP reply [src9] query-migrate: {'expected-downtime': 300, 'status': 'active', 'setup-time': 1, 'total-time': 16066, 'ram': {'total': 8607571968, 'postcopy-requests': 0, 'dirty-sync-count': 1, 'multifd-bytes': 0, 'pages-per-second': 33000, 'downtime-bytes': 0, 'page-size': 4096, 'remaining': 3231453184, 'postcopy-bytes': 0, 'mbps': 1082.14704, 'transferred': 2177788428, 'dirty-sync-missed-zero-copy': 0, 'precopy-bytes': 2177786501, 'duplicate': 783598, 'dirty-pages-rate': 0, 'normal-bytes': 2166501376, 'normal': 528931}}
QMP cmd [src9] query-migrate args={}
QMP reply [src9] query-migrate: {'expected-downtime': 300, 'status': 'active', 'setup-time': 1, 'total-time': 16267, 'ram': {'total': 8607571968, 'postcopy-requests': 0, 'dirty-sync-count': 1, 'multifd-bytes': 0, 'pages-per-second': 33000, 'downtime-bytes': 0, 'page-size': 4096, 'remaining': 3204419584, 'postcopy-bytes': 0, 'mbps': 1082.14704, 'transferred': 2204842104, 'dirty-sync-missed-zero-copy': 0, 'precopy-bytes': 2204840157, 'duplicate': 783606, 'dirty-pages-rate': 0, 'normal-bytes': 2193502208, 'normal': 535523}}
QMP cmd [src9] query-migrate args={}
QMP reply [src9] query-migrate: {'expected-downtime': 300, 'status': 'active', 'setup-time': 1, 'total-time': 16468, 'ram': {'total': 8607571968, 'postcopy-requests': 0, 'dirty-sync-count': 1, 'multifd-bytes': 0, 'pages-per-second': 32980, 'downtime-bytes': 0, 'page-size': 4096, 'remaining': 3177402368, 'postcopy-bytes': 0, 'mbps': 1082.1456, 'transferred': 2231895744, 'dirty-sync-missed-zero-copy': 0, 'precopy-bytes': 2231893777, 'duplicate': 783610, 'dirty-pages-rate': 0, 'normal-bytes': 2220503040, 'normal': 542115}}
QMP cmd [src9] query-migrate args={}
QMP reply [src9] query-migrate: {'expected-downtime': 300, 'status': 'active', 'setup-time': 1, 'total-time': 16669, 'ram': {'total': 8607571968, 'postcopy-requests': 0, 'dirty-sync-count': 1, 'multifd-bytes': 0, 'pages-per-second': 33000, 'downtime-bytes': 0, 'page-size': 4096, 'remaining': 3150213120, 'postcopy-bytes': 0, 'mbps': 1082.14704, 'transferred': 2258949762, 'dirty-sync-missed-zero-copy': 0, 'precopy-bytes': 2258947775, 'duplicate': 783656, 'dirty-pages-rate': 0, 'normal-bytes': 2247503872, 'normal': 548707}}
QMP cmd [src9] query-migrate args={}
QMP reply [src9] query-migrate: {'expected-downtime': 300, 'status': 'active', 'setup-time': 1, 'total-time': 16870, 'ram': {'total': 8607571968, 'postcopy-requests': 0, 'dirty-sync-count': 1, 'multifd-bytes': 0, 'pages-per-second': 32980, 'downtime-bytes': 0, 'page-size': 4096, 'remaining': 3123179520, 'postcopy-bytes': 0, 'mbps': 1082.1456, 'transferred': 2286003438, 'dirty-sync-missed-zero-copy': 0, 'precopy-bytes': 2286001431, 'duplicate': 783664, 'dirty-pages-rate': 0, 'normal-bytes': 2274504704, 'normal': 555299}}
QMP cmd [src9] query-migrate args={}
QMP reply [src9] query-migrate: {'expected-downtime': 300, 'status': 'active', 'setup-time': 1, 'total-time': 17070, 'ram': {'total': 8607571968, 'postcopy-requests': 0, 'dirty-sync-count': 1, 'multifd-bytes': 0, 'pages-per-second': 32980, 'downtime-bytes': 0, 'page-size': 4096, 'remaining': 3096162304, 'postcopy-bytes': 0, 'mbps': 1082.1456, 'transferred': 2313057078, 'dirty-sync-missed-zero-copy': 0, 'precopy-bytes': 2313055051, 'duplicate': 783668, 'dirty-pages-rate': 0, 'normal-bytes': 2301505536, 'normal': 561891}}
QMP cmd [src9] query-migrate args={}
QMP reply [src9] query-migrate: {'expected-downtime': 300, 'status': 'active', 'setup-time': 1, 'total-time': 17271, 'ram': {'total': 8607571968, 'postcopy-requests': 0, 'dirty-sync-count': 1, 'multifd-bytes': 0, 'pages-per-second': 32980, 'downtime-bytes': 0, 'page-size': 4096, 'remaining': 3069128704, 'postcopy-bytes': 0, 'mbps': 1082.1456, 'transferred': 2340110754, 'dirty-sync-missed-zero-copy': 0, 'precopy-bytes': 2340108707, 'duplicate': 783676, 'dirty-pages-rate': 0, 'normal-bytes': 2328506368, 'normal': 568483}}
QMP cmd [src9] query-migrate args={}
QMP reply [src9] query-migrate: {'expected-downtime': 300, 'status': 'active', 'setup-time': 1, 'total-time': 17472, 'ram': {'total': 8607571968, 'postcopy-requests': 0, 'dirty-sync-count': 1, 'multifd-bytes': 0, 'pages-per-second': 33000, 'downtime-bytes': 0, 'page-size': 4096, 'remaining': 3042078720, 'postcopy-bytes': 0, 'mbps': 1082.14704, 'transferred': 2367164466, 'dirty-sync-missed-zero-copy': 0, 'precopy-bytes': 2367162399, 'duplicate': 783688, 'dirty-pages-rate': 0, 'normal-bytes': 2355507200, 'normal': 575075}}
QMP cmd [src9] query-migrate args={}
QMP reply [src9] query-migrate: {'expected-downtime': 300, 'status': 'active', 'setup-time': 1, 'total-time': 17672, 'ram': {'total': 8607571968, 'postcopy-requests': 0, 'dirty-sync-count': 1, 'multifd-bytes': 0, 'pages-per-second': 32980, 'downtime-bytes': 0, 'page-size': 4096, 'remaining': 3015045120, 'postcopy-bytes': 0, 'mbps': 1082.1456, 'transferred': 2394218142, 'dirty-sync-missed-zero-copy': 0, 'precopy-bytes': 2394216055, 'duplicate': 783696, 'dirty-pages-rate': 0, 'normal-bytes': 2382508032, 'normal': 581667}}
2026-07-15 02:36:43.358864SSH command: ssh -o BatchMode=yes -o StrictHostKeyChecking=no -o UserKnownHostsFile=/dev/null -o ConnectTimeout=1 -o LogLevel=ERROR -p 2230 -i /home/max/.ssh/pgvm_bench user@127.0.0.1 test -f /tmp/bench.done
Return code: 1
Stdout: 
Stderr: 
QMP cmd [src9] query-migrate args={}
QMP reply [src9] query-migrate: {'expected-downtime': 300, 'status': 'active', 'setup-time': 1, 'total-time': 17874, 'ram': {'total': 8607571968, 'postcopy-requests': 0, 'dirty-sync-count': 1, 'multifd-bytes': 0, 'pages-per-second': 33020, 'downtime-bytes': 0, 'page-size': 4096, 'remaining': 2988011520, 'postcopy-bytes': 0, 'mbps': 1082.14848, 'transferred': 2421271818, 'dirty-sync-missed-zero-copy': 0, 'precopy-bytes': 2421269711, 'duplicate': 783704, 'dirty-pages-rate': 0, 'normal-bytes': 2409508864, 'normal': 588259}}
QMP cmd [src9] query-migrate args={}
QMP reply [src9] query-migrate: {'expected-downtime': 300, 'status': 'active', 'setup-time': 1, 'total-time': 18074, 'ram': {'total': 8607571968, 'postcopy-requests': 0, 'dirty-sync-count': 1, 'multifd-bytes': 0, 'pages-per-second': 32980, 'downtime-bytes': 0, 'page-size': 4096, 'remaining': 2960994304, 'postcopy-bytes': 0, 'mbps': 1082.1456, 'transferred': 2448325458, 'dirty-sync-missed-zero-copy': 0, 'precopy-bytes': 2448323331, 'duplicate': 783708, 'dirty-pages-rate': 0, 'normal-bytes': 2436509696, 'normal': 594851}}
QMP cmd [src9] query-migrate args={}
QMP reply [src9] query-migrate: {'expected-downtime': 300, 'status': 'active', 'setup-time': 1, 'total-time': 18275, 'ram': {'total': 8607571968, 'postcopy-requests': 0, 'dirty-sync-count': 1, 'multifd-bytes': 0, 'pages-per-second': 32980, 'downtime-bytes': 0, 'page-size': 4096, 'remaining': 2933952512, 'postcopy-bytes': 0, 'mbps': 1082.1456, 'transferred': 2475379152, 'dirty-sync-missed-zero-copy': 0, 'precopy-bytes': 2475377005, 'duplicate': 783718, 'dirty-pages-rate': 0, 'normal-bytes': 2463510528, 'normal': 601443}}
QMP cmd [src9] query-migrate args={}
QMP reply [src9] query-migrate: {'expected-downtime': 300, 'status': 'active', 'setup-time': 1, 'total-time': 18476, 'ram': {'total': 8607571968, 'postcopy-requests': 0, 'dirty-sync-count': 1, 'multifd-bytes': 0, 'pages-per-second': 33000, 'downtime-bytes': 0, 'page-size': 4096, 'remaining': 2906902528, 'postcopy-bytes': 0, 'mbps': 1082.14704, 'transferred': 2502432864, 'dirty-sync-missed-zero-copy': 0, 'precopy-bytes': 2502430697, 'duplicate': 783730, 'dirty-pages-rate': 0, 'normal-bytes': 2490511360, 'normal': 608035}}
QMP cmd [src9] query-migrate args={}
QMP reply [src9] query-migrate: {'expected-downtime': 300, 'status': 'active', 'setup-time': 1, 'total-time': 18677, 'ram': {'total': 8607571968, 'postcopy-requests': 0, 'dirty-sync-count': 1, 'multifd-bytes': 0, 'pages-per-second': 33040, 'downtime-bytes': 0, 'page-size': 4096, 'remaining': 2879836160, 'postcopy-bytes': 0, 'mbps': 1082.1499199999998, 'transferred': 2529486612, 'dirty-sync-missed-zero-copy': 0, 'precopy-bytes': 2529484425, 'duplicate': 783746, 'dirty-pages-rate': 0, 'normal-bytes': 2517512192, 'normal': 614627}}
QMP cmd [src9] query-migrate args={}
QMP reply [src9] query-migrate: {'expected-downtime': 300, 'status': 'active', 'setup-time': 1, 'total-time': 18877, 'ram': {'total': 8607571968, 'postcopy-requests': 0, 'dirty-sync-count': 1, 'multifd-bytes': 0, 'pages-per-second': 33020, 'downtime-bytes': 0, 'page-size': 4096, 'remaining': 2852737024, 'postcopy-bytes': 0, 'mbps': 1082.14848, 'transferred': 2556540432, 'dirty-sync-missed-zero-copy': 0, 'precopy-bytes': 2556538225, 'duplicate': 783770, 'dirty-pages-rate': 0, 'normal-bytes': 2544513024, 'normal': 621219}}
QMP cmd [src9] query-migrate args={}
QMP reply [src9] query-migrate: {'expected-downtime': 300, 'status': 'active', 'setup-time': 1, 'total-time': 19078, 'ram': {'total': 8607571968, 'postcopy-requests': 0, 'dirty-sync-count': 1, 'multifd-bytes': 0, 'pages-per-second': 33080, 'downtime-bytes': 0, 'page-size': 4096, 'remaining': 2825596928, 'postcopy-bytes': 0, 'mbps': 1082.1528, 'transferred': 2583594342, 'dirty-sync-missed-zero-copy': 0, 'precopy-bytes': 2583592115, 'duplicate': 783804, 'dirty-pages-rate': 0, 'normal-bytes': 2571513856, 'normal': 627811}}
QMP cmd [src9] query-migrate args={}
QMP reply [src9] query-migrate: {'expected-downtime': 300, 'status': 'active', 'setup-time': 1, 'total-time': 19279, 'ram': {'total': 8607571968, 'postcopy-requests': 0, 'dirty-sync-count': 1, 'multifd-bytes': 0, 'pages-per-second': 33140, 'downtime-bytes': 0, 'page-size': 4096, 'remaining': 2798268416, 'postcopy-bytes': 0, 'mbps': 1082.15712, 'transferred': 2610648666, 'dirty-sync-missed-zero-copy': 0, 'precopy-bytes': 2610646419, 'duplicate': 783884, 'dirty-pages-rate': 0, 'normal-bytes': 2598514688, 'normal': 634403}}
QMP cmd [src9] query-migrate args={}
QMP reply [src9] query-migrate: {'expected-downtime': 300, 'status': 'active', 'setup-time': 1, 'total-time': 19480, 'ram': {'total': 8607571968, 'postcopy-requests': 0, 'dirty-sync-count': 1, 'multifd-bytes': 0, 'pages-per-second': 33400, 'downtime-bytes': 0, 'page-size': 4096, 'remaining': 2768924672, 'postcopy-bytes': 0, 'mbps': 1082.17584, 'transferred': 2637707418, 'dirty-sync-missed-zero-copy': 0, 'precopy-bytes': 2637705151, 'duplicate': 784456, 'dirty-pages-rate': 0, 'normal-bytes': 2625515520, 'normal': 640995}}
QMP cmd [src9] query-migrate args={}
QMP reply [src9] query-migrate: {'expected-downtime': 300, 'status': 'active', 'setup-time': 1, 'total-time': 19681, 'ram': {'total': 8607571968, 'postcopy-requests': 0, 'dirty-sync-count': 1, 'multifd-bytes': 0, 'pages-per-second': 36180, 'downtime-bytes': 0, 'page-size': 4096, 'remaining': 2739941376, 'postcopy-bytes': 0, 'mbps': 1082.376, 'transferred': 2664765378, 'dirty-sync-missed-zero-copy': 0, 'precopy-bytes': 2664763091, 'duplicate': 784940, 'dirty-pages-rate': 0, 'normal-bytes': 2652516352, 'normal': 647587}}
QMP cmd [src9] query-migrate args={}
QMP reply [src9] query-migrate: {'expected-downtime': 300, 'status': 'active', 'setup-time': 1, 'total-time': 19881, 'ram': {'total': 8607571968, 'postcopy-requests': 0, 'dirty-sync-count': 1, 'multifd-bytes': 0, 'pages-per-second': 35560, 'downtime-bytes': 0, 'page-size': 4096, 'remaining': 2710654976, 'postcopy-bytes': 0, 'mbps': 1082.3313600000001, 'transferred': 2691824004, 'dirty-sync-missed-zero-copy': 0, 'precopy-bytes': 2691821697, 'duplicate': 785498, 'dirty-pages-rate': 0, 'normal-bytes': 2679517184, 'normal': 654179}}
2026-07-15 02:36:45.525872SSH command: ssh -o BatchMode=yes -o StrictHostKeyChecking=no -o UserKnownHostsFile=/dev/null -o ConnectTimeout=1 -o LogLevel=ERROR -p 2230 -i /home/max/.ssh/pgvm_bench user@127.0.0.1 test -f /tmp/bench.done
Return code: 1
Stdout: 
Stderr: 
QMP cmd [src9] query-migrate args={}
QMP reply [src9] query-migrate: {'expected-downtime': 300, 'status': 'active', 'setup-time': 1, 'total-time': 20083, 'ram': {'total': 8607571968, 'postcopy-requests': 0, 'dirty-sync-count': 1, 'multifd-bytes': 0, 'pages-per-second': 34440, 'downtime-bytes': 0, 'page-size': 4096, 'remaining': 2682073088, 'postcopy-bytes': 0, 'mbps': 1082.25072, 'transferred': 2718881082, 'dirty-sync-missed-zero-copy': 0, 'precopy-bytes': 2718878755, 'duplicate': 785884, 'dirty-pages-rate': 0, 'normal-bytes': 2706518016, 'normal': 660771}}
QMP cmd [src9] query-migrate args={}
QMP reply [src9] query-migrate: {'expected-downtime': 300, 'status': 'active', 'setup-time': 1, 'total-time': 20284, 'ram': {'total': 8607571968, 'postcopy-requests': 0, 'dirty-sync-count': 1, 'multifd-bytes': 0, 'pages-per-second': 36440, 'downtime-bytes': 0, 'page-size': 4096, 'remaining': 2652958720, 'postcopy-bytes': 0, 'mbps': 1082.39472, 'transferred': 2745939330, 'dirty-sync-missed-zero-copy': 0, 'precopy-bytes': 2745936983, 'duplicate': 786400, 'dirty-pages-rate': 0, 'normal-bytes': 2733518848, 'normal': 667363}}
QMP cmd [src9] query-migrate args={}
QMP reply [src9] query-migrate: {'expected-downtime': 300, 'status': 'active', 'setup-time': 1, 'total-time': 20484, 'ram': {'total': 8607571968, 'postcopy-requests': 0, 'dirty-sync-count': 1, 'multifd-bytes': 0, 'pages-per-second': 34350, 'downtime-bytes': 0, 'page-size': 4096, 'remaining': 2625380352, 'postcopy-bytes': 0, 'mbps': 1082.24424, 'transferred': 2772994203, 'dirty-sync-missed-zero-copy': 0, 'precopy-bytes': 2772991836, 'duplicate': 786541, 'dirty-pages-rate': 0, 'normal-bytes': 2760519680, 'normal': 673955}}
QMP cmd [src9] query-migrate args={}
QMP reply [src9] query-migrate: {'expected-downtime': 300, 'status': 'active', 'setup-time': 1, 'total-time': 20685, 'ram': {'total': 8607571968, 'postcopy-requests': 0, 'dirty-sync-count': 1, 'multifd-bytes': 0, 'pages-per-second': 33160, 'downtime-bytes': 0, 'page-size': 4096, 'remaining': 2598117376, 'postcopy-bytes': 0, 'mbps': 1082.15856, 'transferred': 2800048383, 'dirty-sync-missed-zero-copy': 0, 'precopy-bytes': 2800045996, 'duplicate': 786605, 'dirty-pages-rate': 0, 'normal-bytes': 2787520512, 'normal': 680547}}
QMP cmd [src9] query-migrate args={}
QMP reply [src9] query-migrate: {'expected-downtime': 300, 'status': 'active', 'setup-time': 1, 'total-time': 20886, 'ram': {'total': 8607571968, 'postcopy-requests': 0, 'dirty-sync-count': 1, 'multifd-bytes': 0, 'pages-per-second': 39340, 'downtime-bytes': 0, 'page-size': 4096, 'remaining': 2566406144, 'postcopy-bytes': 0, 'mbps': 1082.6035200000001, 'transferred': 2827112337, 'dirty-sync-missed-zero-copy': 0, 'precopy-bytes': 2827109930, 'duplicate': 787755, 'dirty-pages-rate': 0, 'normal-bytes': 2814521344, 'normal': 687139}}
QMP cmd [src9] query-migrate args={}
QMP reply [src9] query-migrate: {'expected-downtime': 300, 'status': 'active', 'setup-time': 1, 'total-time': 21087, 'ram': {'total': 8607571968, 'postcopy-requests': 0, 'dirty-sync-count': 1, 'multifd-bytes': 0, 'pages-per-second': 39040, 'downtime-bytes': 0, 'page-size': 4096, 'remaining': 2536824832, 'postcopy-bytes': 0, 'mbps': 1082.5819199999999, 'transferred': 2854171611, 'dirty-sync-missed-zero-copy': 0, 'precopy-bytes': 2854169184, 'duplicate': 788385, 'dirty-pages-rate': 0, 'normal-bytes': 2841522176, 'normal': 693731}}
QMP cmd [src9] query-migrate args={}
QMP reply [src9] query-migrate: {'expected-downtime': 300, 'status': 'active', 'setup-time': 1, 'total-time': 21287, 'ram': {'total': 8607571968, 'postcopy-requests': 0, 'dirty-sync-count': 1, 'multifd-bytes': 0, 'pages-per-second': 33140, 'downtime-bytes': 0, 'page-size': 4096, 'remaining': 2509660160, 'postcopy-bytes': 0, 'mbps': 1082.15712, 'transferred': 2881225575, 'dirty-sync-missed-zero-copy': 0, 'precopy-bytes': 2881223128, 'duplicate': 788425, 'dirty-pages-rate': 0, 'normal-bytes': 2868523008, 'normal': 700323}}
QMP cmd [src9] query-migrate args={}
QMP reply [src9] query-migrate: {'expected-downtime': 300, 'status': 'active', 'setup-time': 1, 'total-time': 21488, 'ram': {'total': 8607571968, 'postcopy-requests': 0, 'dirty-sync-count': 1, 'multifd-bytes': 0, 'pages-per-second': 33740, 'downtime-bytes': 0, 'page-size': 4096, 'remaining': 2482192384, 'postcopy-bytes': 0, 'mbps': 1082.2003200000001, 'transferred': 2908280205, 'dirty-sync-missed-zero-copy': 0, 'precopy-bytes': 2908277738, 'duplicate': 788539, 'dirty-pages-rate': 0, 'normal-bytes': 2895523840, 'normal': 706915}}
QMP cmd [src9] query-migrate args={}
QMP reply [src9] query-migrate: {'expected-downtime': 300, 'status': 'active', 'setup-time': 1, 'total-time': 21689, 'ram': {'total': 8607571968, 'postcopy-requests': 0, 'dirty-sync-count': 1, 'multifd-bytes': 0, 'pages-per-second': 33600, 'downtime-bytes': 0, 'page-size': 4096, 'remaining': 2454659072, 'postcopy-bytes': 0, 'mbps': 1082.19024, 'transferred': 2935334979, 'dirty-sync-missed-zero-copy': 0, 'precopy-bytes': 2935332492, 'duplicate': 788669, 'dirty-pages-rate': 0, 'normal-bytes': 2922524672, 'normal': 713507}}
QMP cmd [src9] query-migrate args={}
QMP reply [src9] query-migrate: {'expected-downtime': 300, 'status': 'active', 'setup-time': 1, 'total-time': 21890, 'ram': {'total': 8607571968, 'postcopy-requests': 0, 'dirty-sync-count': 1, 'multifd-bytes': 0, 'pages-per-second': 32960, 'downtime-bytes': 0, 'page-size': 4096, 'remaining': 2427576320, 'postcopy-bytes': 0, 'mbps': 1082.1441599999998, 'transferred': 2962388763, 'dirty-sync-missed-zero-copy': 0, 'precopy-bytes': 2962386256, 'duplicate': 788689, 'dirty-pages-rate': 0, 'normal-bytes': 2949525504, 'normal': 720099}}
QMP cmd [src9] query-migrate args={}
QMP reply [src9] query-migrate: {'expected-downtime': 300, 'status': 'active', 'setup-time': 1, 'total-time': 22091, 'ram': {'total': 8607571968, 'postcopy-requests': 0, 'dirty-sync-count': 1, 'multifd-bytes': 0, 'pages-per-second': 43920, 'downtime-bytes': 0, 'page-size': 4096, 'remaining': 2395783168, 'postcopy-bytes': 0, 'mbps': 1082.93328, 'transferred': 2989452897, 'dirty-sync-missed-zero-copy': 0, 'precopy-bytes': 2989450370, 'duplicate': 789859, 'dirty-pages-rate': 0, 'normal-bytes': 2976526336, 'normal': 726691}}
2026-07-15 02:36:47.696747SSH command: ssh -o BatchMode=yes -o StrictHostKeyChecking=no -o UserKnownHostsFile=/dev/null -o ConnectTimeout=1 -o LogLevel=ERROR -p 2230 -i /home/max/.ssh/pgvm_bench user@127.0.0.1 test -f /tmp/bench.done
Return code: 1
Stdout: 
Stderr: 
QMP cmd [src9] query-migrate args={}
QMP reply [src9] query-migrate: {'expected-downtime': 300, 'status': 'active', 'setup-time': 1, 'total-time': 22292, 'ram': {'total': 8607571968, 'postcopy-requests': 0, 'dirty-sync-count': 1, 'multifd-bytes': 0, 'pages-per-second': 33700, 'downtime-bytes': 0, 'page-size': 4096, 'remaining': 2368176128, 'postcopy-bytes': 0, 'mbps': 1082.19744, 'transferred': 3016507833, 'dirty-sync-missed-zero-copy': 0, 'precopy-bytes': 3016505286, 'duplicate': 790007, 'dirty-pages-rate': 0, 'normal-bytes': 3003527168, 'normal': 733283}}
QMP cmd [src9] query-migrate args={}
QMP reply [src9] query-migrate: {'expected-downtime': 300, 'status': 'active', 'setup-time': 1, 'total-time': 22492, 'ram': {'total': 8607571968, 'postcopy-requests': 0, 'dirty-sync-count': 1, 'multifd-bytes': 0, 'pages-per-second': 33820, 'downtime-bytes': 0, 'page-size': 4096, 'remaining': 2340519936, 'postcopy-bytes': 0, 'mbps': 1082.2060800000002, 'transferred': 3043562877, 'dirty-sync-missed-zero-copy': 0, 'precopy-bytes': 3043560310, 'duplicate': 790167, 'dirty-pages-rate': 0, 'normal-bytes': 3030528000, 'normal': 739875}}
QMP cmd [src9] query-migrate args={}
QMP reply [src9] query-migrate: {'expected-downtime': 300, 'status': 'active', 'setup-time': 1, 'total-time': 22693, 'ram': {'total': 8607571968, 'postcopy-requests': 0, 'dirty-sync-count': 1, 'multifd-bytes': 0, 'pages-per-second': 33500, 'downtime-bytes': 0, 'page-size': 4096, 'remaining': 2312749056, 'postcopy-bytes': 0, 'mbps': 1082.1830400000001, 'transferred': 3070618173, 'dirty-sync-missed-zero-copy': 0, 'precopy-bytes': 3070615586, 'duplicate': 790355, 'dirty-pages-rate': 0, 'normal-bytes': 3057528832, 'normal': 746467}}
QMP cmd [src9] query-migrate args={}
QMP reply [src9] query-migrate: {'expected-downtime': 300, 'status': 'active', 'setup-time': 1, 'total-time': 22894, 'ram': {'total': 8607571968, 'postcopy-requests': 0, 'dirty-sync-count': 1, 'multifd-bytes': 0, 'pages-per-second': 34330, 'downtime-bytes': 0, 'page-size': 4096, 'remaining': 2282987520, 'postcopy-bytes': 0, 'mbps': 1082.2428, 'transferred': 3097677843, 'dirty-sync-missed-zero-copy': 0, 'precopy-bytes': 3097675236, 'duplicate': 791029, 'dirty-pages-rate': 0, 'normal-bytes': 3084529664, 'normal': 753059}}
QMP cmd [src9] query-migrate args={}
QMP reply [src9] query-migrate: {'expected-downtime': 300, 'status': 'active', 'setup-time': 1, 'total-time': 23095, 'ram': {'total': 8607571968, 'postcopy-requests': 0, 'dirty-sync-count': 1, 'multifd-bytes': 0, 'pages-per-second': 5154960, 'downtime-bytes': 0, 'page-size': 4096, 'remaining': 156884992, 'postcopy-bytes': 0, 'mbps': 1075.17096, 'transferred': 3124646766, 'dirty-sync-missed-zero-copy': 0, 'precopy-bytes': 3124644139, 'duplicate': 1304652, 'dirty-pages-rate': 0, 'normal-bytes': 3106832384, 'normal': 758504}}
QMP cmd [src9] query-migrate args={}
QMP reply [src9] query-migrate: {'expected-downtime': 300, 'status': 'active', 'setup-time': 1, 'total-time': 23296, 'ram': {'total': 8607571968, 'postcopy-requests': 0, 'dirty-sync-count': 1, 'multifd-bytes': 0, 'pages-per-second': 34010, 'downtime-bytes': 0, 'page-size': 4096, 'remaining': 129454080, 'postcopy-bytes': 0, 'mbps': 1082.21976, 'transferred': 3151701315, 'dirty-sync-missed-zero-copy': 0, 'precopy-bytes': 3151698668, 'duplicate': 1304757, 'dirty-pages-rate': 0, 'normal-bytes': 3133833216, 'normal': 765096}}
QMP cmd [src9] query-migrate args={}
QMP reply [src9] query-migrate: {'expected-downtime': 300, 'status': 'active', 'setup-time': 1, 'total-time': 23497, 'ram': {'total': 8607571968, 'postcopy-requests': 0, 'dirty-sync-count': 1, 'multifd-bytes': 0, 'pages-per-second': 32960, 'downtime-bytes': 0, 'page-size': 4096, 'remaining': 102453248, 'postcopy-bytes': 0, 'mbps': 1082.1441599999998, 'transferred': 3178754919, 'dirty-sync-missed-zero-copy': 0, 'precopy-bytes': 3178752252, 'duplicate': 1304757, 'dirty-pages-rate': 0, 'normal-bytes': 3160834048, 'normal': 771688}}
QMP cmd [src9] query-migrate args={}
QMP reply [src9] query-migrate: {'expected-downtime': 300, 'status': 'active', 'setup-time': 1, 'total-time': 23697, 'ram': {'total': 8607571968, 'postcopy-requests': 0, 'dirty-sync-count': 1, 'multifd-bytes': 0, 'pages-per-second': 32960, 'downtime-bytes': 0, 'page-size': 4096, 'remaining': 75452416, 'postcopy-bytes': 0, 'mbps': 1082.1441599999998, 'transferred': 3205808523, 'dirty-sync-missed-zero-copy': 0, 'precopy-bytes': 3205805836, 'duplicate': 1304757, 'dirty-pages-rate': 0, 'normal-bytes': 3187834880, 'normal': 778280}}
QMP cmd [src9] query-migrate args={}
QMP reply [src9] query-migrate: {'expected-downtime': 300, 'status': 'active', 'setup-time': 1, 'total-time': 23898, 'ram': {'total': 8607571968, 'postcopy-requests': 0, 'dirty-sync-count': 1, 'multifd-bytes': 0, 'pages-per-second': 32960, 'downtime-bytes': 0, 'page-size': 4096, 'remaining': 48451584, 'postcopy-bytes': 0, 'mbps': 1082.1441599999998, 'transferred': 3232862127, 'dirty-sync-missed-zero-copy': 0, 'precopy-bytes': 3232859420, 'duplicate': 1304757, 'dirty-pages-rate': 0, 'normal-bytes': 3214835712, 'normal': 784872}}
QMP cmd [src9] query-migrate args={}
QMP reply [src9] query-migrate: {'expected-downtime': 300, 'status': 'active', 'setup-time': 1, 'total-time': 24099, 'ram': {'total': 8607571968, 'postcopy-requests': 0, 'dirty-sync-count': 2, 'multifd-bytes': 0, 'pages-per-second': 32960, 'downtime-bytes': 0, 'page-size': 4096, 'remaining': 1075699712, 'postcopy-bytes': 0, 'mbps': 1082.1441599999998, 'transferred': 3259915731, 'dirty-sync-missed-zero-copy': 0, 'precopy-bytes': 3259913004, 'duplicate': 1304757, 'dirty-pages-rate': 10723, 'normal-bytes': 3241836544, 'normal': 791464}}
2026-07-15 02:36:49.869177SSH command: ssh -o BatchMode=yes -o StrictHostKeyChecking=no -o UserKnownHostsFile=/dev/null -o ConnectTimeout=1 -o LogLevel=ERROR -p 2230 -i /home/max/.ssh/pgvm_bench user@127.0.0.1 test -f /tmp/bench.done
Return code: 1
Stdout: 
Stderr: 
qemu-system-x86_64: terminating on signal 15 from pid 51735 (/home/max/Bachelor-Thesis/Repo/.venv/bin/python)
QMP cmd [src9] query-migrate args={}
QMP reply [src9] query-migrate: {'expected-downtime': 8056, 'status': 'active', 'setup-time': 1, 'total-time': 24300, 'ram': {'total': 8607571968, 'postcopy-requests': 0, 'dirty-sync-count': 2, 'multifd-bytes': 0, 'pages-per-second': 79930, 'downtime-bytes': 0, 'page-size': 4096, 'remaining': 1028145152, 'postcopy-bytes': 0, 'mbps': 1081.6068, 'transferred': 3286965507, 'dirty-sync-missed-zero-copy': 0, 'precopy-bytes': 3286962760, 'duplicate': 1309787, 'dirty-pages-rate': 10723, 'normal-bytes': 3268788224, 'normal': 798044}}
QMP cmd [src9] query-migrate args={}
QMP reply [src9] query-migrate: {'expected-downtime': 8049, 'status': 'active', 'setup-time': 1, 'total-time': 24501, 'ram': {'total': 8607571968, 'postcopy-requests': 0, 'dirty-sync-count': 2, 'multifd-bytes': 0, 'pages-per-second': 38770, 'downtime-bytes': 0, 'page-size': 4096, 'remaining': 998469632, 'postcopy-bytes': 0, 'mbps': 1082.56248, 'transferred': 3314024988, 'dirty-sync-missed-zero-copy': 0, 'precopy-bytes': 3314022221, 'duplicate': 1310440, 'dirty-pages-rate': 10723, 'normal-bytes': 3295789056, 'normal': 804636}}
QMP cmd [src9] query-migrate args={}
QMP reply [src9] query-migrate: {'expected-downtime': 8051, 'status': 'active', 'setup-time': 1, 'total-time': 24701, 'ram': {'total': 8607571968, 'postcopy-requests': 0, 'dirty-sync-count': 2, 'multifd-bytes': 0, 'pages-per-second': 34030, 'downtime-bytes': 0, 'page-size': 4096, 'remaining': 970825728, 'postcopy-bytes': 0, 'mbps': 1082.2212, 'transferred': 3341080005, 'dirty-sync-missed-zero-copy': 0, 'precopy-bytes': 3341077218, 'duplicate': 1310597, 'dirty-pages-rate': 10723, 'normal-bytes': 3322789888, 'normal': 811228}}
QMP cmd [src9] query-migrate args={}
QMP reply [src9] query-migrate: {'expected-downtime': 8052, 'status': 'active', 'setup-time': 1, 'total-time': 24902, 'ram': {'total': 8607571968, 'postcopy-requests': 0, 'dirty-sync-count': 2, 'multifd-bytes': 0, 'pages-per-second': 32960, 'downtime-bytes': 0, 'page-size': 4096, 'remaining': 943820800, 'postcopy-bytes': 0, 'mbps': 1082.1441599999998, 'transferred': 3368133618, 'dirty-sync-missed-zero-copy': 0, 'precopy-bytes': 3368130811, 'duplicate': 1310598, 'dirty-pages-rate': 10723, 'normal-bytes': 3349790720, 'normal': 817820}}
QMP cmd [src9] query-migrate args={}
QMP reply [src9] query-migrate: {'expected-downtime': 8052, 'status': 'active', 'setup-time': 1, 'total-time': 25103, 'ram': {'total': 8607571968, 'postcopy-requests': 0, 'dirty-sync-count': 2, 'multifd-bytes': 0, 'pages-per-second': 32960, 'downtime-bytes': 0, 'page-size': 4096, 'remaining': 911446016, 'postcopy-bytes': 0, 'mbps': 1082.1441599999998, 'transferred': 3400440352, 'dirty-sync-missed-zero-copy': 0, 'precopy-bytes': 3400564747, 'duplicate': 1310598, 'dirty-pages-rate': 10723, 'normal-bytes': 3382161408, 'normal': 825723}}
QMP cmd [src9] migrate-start-postcopy args={}
QMP reply [src9] migrate-start-postcopy: {}
QMP cmd [src9] query-migrate args={}
QMP reply [src9] query-migrate: {'status': 'postcopy-device', 'setup-time': 1, 'downtime': 67, 'total-time': 25304, 'ram': {'total': 8607571968, 'postcopy-requests': 0, 'dirty-sync-count': 3, 'multifd-bytes': 0, 'pages-per-second': 32960, 'downtime-bytes': 0, 'page-size': 4096, 'remaining': 898170880, 'postcopy-bytes': 89827170, 'mbps': 1082.1441599999998, 'transferred': 3499538461, 'dirty-sync-missed-zero-copy': 0, 'precopy-bytes': 3408711187, 'duplicate': 1310921, 'dirty-pages-rate': 17432, 'normal-bytes': 3479941120, 'normal': 849595}}
QMP cmd [src9] query-migrate args={}
QMP reply [src9] query-migrate: {'status': 'postcopy-active', 'setup-time': 1, 'downtime': 67, 'total-time': 25506, 'ram': {'total': 8607571968, 'postcopy-requests': 0, 'dirty-sync-count': 3, 'multifd-bytes': 0, 'pages-per-second': 641274, 'downtime-bytes': 0, 'page-size': 4096, 'remaining': 368168960, 'postcopy-bytes': 617645612, 'mbps': 20944.164, 'transferred': 4027356943, 'dirty-sync-missed-zero-copy': 0, 'precopy-bytes': 3408711187, 'duplicate': 1311707, 'dirty-pages-rate': 17432, 'normal-bytes': 4006723584, 'normal': 978204}}
QMP cmd [src9] query-migrate args={}
QMP reply [src9] query-migrate: {'status': 'completed', 'setup-time': 1, 'downtime': 67, 'total-time': 25697, 'ram': {'total': 8607571968, 'postcopy-requests': 0, 'dirty-sync-count': 3, 'multifd-bytes': 0, 'pages-per-second': 633184, 'downtime-bytes': 0, 'page-size': 4096, 'remaining': 0, 'postcopy-bytes': 975071802, 'mbps': 1365.1651366749688, 'transferred': 4384910419, 'dirty-sync-missed-zero-copy': 0, 'precopy-bytes': 3408711187, 'duplicate': 1314507, 'dirty-pages-rate': 0, 'normal-bytes': 4363427840, 'normal': 1065290}}
