2026-07-15 02:14:51.044474SSH command: ssh -o BatchMode=yes -o StrictHostKeyChecking=no -o UserKnownHostsFile=/dev/null -o ConnectTimeout=1 -o LogLevel=ERROR -p 2225 -i /home/max/.ssh/pgvm_bench user@127.0.0.1 systemd-analyze
Return code: 0
Stdout: Startup finished in 837ms (kernel) + 3.174s (userspace) = 4.012s 
graphical.target reached after 3.174s in userspace.

Stderr: 
2026-07-15 02:14:51.192244SSH command: ssh -o BatchMode=yes -o StrictHostKeyChecking=no -o UserKnownHostsFile=/dev/null -o ConnectTimeout=1 -o LogLevel=ERROR -p 2225 -i /home/max/.ssh/pgvm_bench user@127.0.0.1 rm -f /tmp/bench.done /tmp/pg-buffer-hit-ratio.csv /tmp/pg-buffer-sampler.log; nohup bash /home/user/pg_sampler.sh /tmp/bench.done /tmp/pg-buffer-hit-ratio.csv ycsb >/tmp/pg-buffer-sampler.log 2>&1 &
Return code: 0
Stdout: 
Stderr: 
QMP cmd [src4] migrate-set-capabilities args={'capabilities': [{'capability': 'auto-converge', 'state': False}, {'capability': 'events', 'state': True}, {'capability': 'postcopy-blocktime', 'state': True}, {'capability': 'postcopy-ram', 'state': True}]}
QMP cmd [src4] query-migrate args={}
QMP reply [src4] migrate-set-capabilities: {}
QMP cmd [src4] migrate args={'uri': 'unix:/tmp/mig.sock'}
QMP reply [src4] query-migrate: {}
QMP reply [src4] migrate: {}
QMP cmd [src4] query-migrate args={}
QMP reply [src4] query-migrate: {'expected-downtime': 300, 'status': 'active', 'setup-time': 2, 'total-time': 201, 'ram': {'total': 8607571968, 'postcopy-requests': 0, 'dirty-sync-count': 1, 'multifd-bytes': 0, 'pages-per-second': 35530, 'downtime-bytes': 0, 'page-size': 4096, 'remaining': 8572612608, 'postcopy-bytes': 0, 'mbps': 1082.3292, 'transferred': 30868669, 'dirty-sync-missed-zero-copy': 0, 'precopy-bytes': 30895799, 'duplicate': 1008, 'dirty-pages-rate': 0, 'normal-bytes': 30826496, 'normal': 7526}}
2026-07-15 02:16:31.682800SSH command: ssh -o BatchMode=yes -o StrictHostKeyChecking=no -o UserKnownHostsFile=/dev/null -o ConnectTimeout=1 -o LogLevel=ERROR -p 2225 -i /home/max/.ssh/pgvm_bench user@127.0.0.1 test -f /tmp/bench.done
Return code: 1
Stdout: 
Stderr: 
QMP cmd [src4] query-migrate args={}
QMP reply [src4] query-migrate: {'expected-downtime': 300, 'status': 'active', 'setup-time': 2, 'total-time': 403, 'ram': {'total': 8607571968, 'postcopy-requests': 0, 'dirty-sync-count': 1, 'multifd-bytes': 0, 'pages-per-second': 2045870, 'downtime-bytes': 0, 'page-size': 4096, 'remaining': 7620624384, 'postcopy-bytes': 0, 'mbps': 1074.08448, 'transferred': 62389198, 'dirty-sync-missed-zero-copy': 0, 'precopy-bytes': 62389686, 'duplicate': 226247, 'dirty-pages-rate': 0, 'normal-bytes': 60235776, 'normal': 14706}}
QMP cmd [src4] query-migrate args={}
QMP reply [src4] query-migrate: {'expected-downtime': 300, 'status': 'active', 'setup-time': 2, 'total-time': 603, 'ram': {'total': 8607571968, 'postcopy-requests': 0, 'dirty-sync-count': 1, 'multifd-bytes': 0, 'pages-per-second': 163060, 'downtime-bytes': 0, 'page-size': 4096, 'remaining': 5343637504, 'postcopy-bytes': 0, 'mbps': 1074.47616, 'transferred': 91127476, 'dirty-sync-missed-zero-copy': 0, 'precopy-bytes': 91299457, 'duplicate': 776314, 'dirty-pages-rate': 0, 'normal-bytes': 84148224, 'normal': 20544}}
QMP cmd [src4] query-migrate args={}
QMP reply [src4] query-migrate: {'expected-downtime': 300, 'status': 'active', 'setup-time': 2, 'total-time': 804, 'ram': {'total': 8607571968, 'postcopy-requests': 0, 'dirty-sync-count': 1, 'multifd-bytes': 0, 'pages-per-second': 41210, 'downtime-bytes': 0, 'page-size': 4096, 'remaining': 5308592128, 'postcopy-bytes': 0, 'mbps': 1082.7381599999999, 'transferred': 121344111, 'dirty-sync-missed-zero-copy': 0, 'precopy-bytes': 121343704, 'duplicate': 777553, 'dirty-pages-rate': 0, 'normal-bytes': 114122752, 'normal': 27862}}
QMP cmd [src4] query-migrate args={}
QMP reply [src4] query-migrate: {'expected-downtime': 300, 'status': 'active', 'setup-time': 2, 'total-time': 1005, 'ram': {'total': 8607571968, 'postcopy-requests': 0, 'dirty-sync-count': 1, 'multifd-bytes': 0, 'pages-per-second': 46590, 'downtime-bytes': 0, 'page-size': 4096, 'remaining': 5271273472, 'postcopy-bytes': 0, 'mbps': 1083.12552, 'transferred': 148420386, 'dirty-sync-missed-zero-copy': 0, 'precopy-bytes': 148419959, 'duplicate': 780072, 'dirty-pages-rate': 0, 'normal-bytes': 141123584, 'normal': 34454}}
QMP cmd [src4] query-migrate args={}
QMP reply [src4] query-migrate: {'expected-downtime': 300, 'status': 'active', 'setup-time': 2, 'total-time': 1206, 'ram': {'total': 8607571968, 'postcopy-requests': 0, 'dirty-sync-count': 1, 'multifd-bytes': 0, 'pages-per-second': 33310, 'downtime-bytes': 0, 'page-size': 4096, 'remaining': 5244116992, 'postcopy-bytes': 0, 'mbps': 1082.16936, 'transferred': 175474332, 'dirty-sync-missed-zero-copy': 0, 'precopy-bytes': 175473885, 'duplicate': 780110, 'dirty-pages-rate': 0, 'normal-bytes': 168124416, 'normal': 41046}}
QMP cmd [src4] query-migrate args={}
QMP reply [src4] query-migrate: {'expected-downtime': 300, 'status': 'active', 'setup-time': 2, 'total-time': 1407, 'ram': {'total': 8607571968, 'postcopy-requests': 0, 'dirty-sync-count': 1, 'multifd-bytes': 0, 'pages-per-second': 32930, 'downtime-bytes': 0, 'page-size': 4096, 'remaining': 5216698368, 'postcopy-bytes': 0, 'mbps': 1071.4512475247523, 'transferred': 202528854, 'dirty-sync-missed-zero-copy': 0, 'precopy-bytes': 202528387, 'duplicate': 780212, 'dirty-pages-rate': 0, 'normal-bytes': 195125248, 'normal': 47638}}
QMP cmd [src4] query-migrate args={}
QMP reply [src4] query-migrate: {'expected-downtime': 300, 'status': 'active', 'setup-time': 2, 'total-time': 1607, 'ram': {'total': 8607571968, 'postcopy-requests': 0, 'dirty-sync-count': 1, 'multifd-bytes': 0, 'pages-per-second': 54800, 'downtime-bytes': 0, 'page-size': 4096, 'remaining': 5180747776, 'postcopy-bytes': 0, 'mbps': 1083.7166399999999, 'transferred': 229602123, 'dirty-sync-missed-zero-copy': 0, 'precopy-bytes': 229601636, 'duplicate': 782397, 'dirty-pages-rate': 0, 'normal-bytes': 222126080, 'normal': 54230}}
QMP cmd [src4] query-migrate args={}
QMP reply [src4] query-migrate: {'expected-downtime': 300, 'status': 'active', 'setup-time': 2, 'total-time': 1808, 'ram': {'total': 8607571968, 'postcopy-requests': 0, 'dirty-sync-count': 1, 'multifd-bytes': 0, 'pages-per-second': 79620, 'downtime-bytes': 0, 'page-size': 4096, 'remaining': 5131186176, 'postcopy-bytes': 0, 'mbps': 1080.58968, 'transferred': 256643874, 'dirty-sync-missed-zero-copy': 0, 'precopy-bytes': 256643367, 'duplicate': 787920, 'dirty-pages-rate': 0, 'normal-bytes': 249065472, 'normal': 60807}}
QMP cmd [src4] query-migrate args={}
QMP reply [src4] query-migrate: {'expected-downtime': 300, 'status': 'active', 'setup-time': 2, 'total-time': 2009, 'ram': {'total': 8607571968, 'postcopy-requests': 0, 'dirty-sync-count': 1, 'multifd-bytes': 0, 'pages-per-second': 33010, 'downtime-bytes': 0, 'page-size': 4096, 'remaining': 5102628864, 'postcopy-bytes': 0, 'mbps': 1082.14776, 'transferred': 283700898, 'dirty-sync-missed-zero-copy': 0, 'precopy-bytes': 283700371, 'duplicate': 788300, 'dirty-pages-rate': 0, 'normal-bytes': 276066304, 'normal': 67399}}
QMP cmd [src4] query-migrate args={}
QMP reply [src4] query-migrate: {'expected-downtime': 300, 'status': 'active', 'setup-time': 2, 'total-time': 2210, 'ram': {'total': 8607571968, 'postcopy-requests': 0, 'dirty-sync-count': 1, 'multifd-bytes': 0, 'pages-per-second': 33420, 'downtime-bytes': 0, 'page-size': 4096, 'remaining': 5075087360, 'postcopy-bytes': 0, 'mbps': 1082.17728, 'transferred': 310755690, 'dirty-sync-missed-zero-copy': 0, 'precopy-bytes': 310755143, 'duplicate': 788432, 'dirty-pages-rate': 0, 'normal-bytes': 303067136, 'normal': 73991}}
2026-07-15 02:16:33.843775SSH command: ssh -o BatchMode=yes -o StrictHostKeyChecking=no -o UserKnownHostsFile=/dev/null -o ConnectTimeout=1 -o LogLevel=ERROR -p 2225 -i /home/max/.ssh/pgvm_bench user@127.0.0.1 test -f /tmp/bench.done
Return code: 1
Stdout: 
Stderr: 
QMP cmd [src4] query-migrate args={}
QMP reply [src4] query-migrate: {'expected-downtime': 300, 'status': 'active', 'setup-time': 2, 'total-time': 2410, 'ram': {'total': 8607571968, 'postcopy-requests': 0, 'dirty-sync-count': 1, 'multifd-bytes': 0, 'pages-per-second': 40360, 'downtime-bytes': 0, 'page-size': 4096, 'remaining': 5040578560, 'postcopy-bytes': 0, 'mbps': 1082.67696, 'transferred': 337825791, 'dirty-sync-missed-zero-copy': 0, 'precopy-bytes': 337825224, 'duplicate': 790265, 'dirty-pages-rate': 0, 'normal-bytes': 330067968, 'normal': 80583}}
QMP cmd [src4] query-migrate args={}
QMP reply [src4] query-migrate: {'expected-downtime': 300, 'status': 'active', 'setup-time': 2, 'total-time': 2611, 'ram': {'total': 8607571968, 'postcopy-requests': 0, 'dirty-sync-count': 1, 'multifd-bytes': 0, 'pages-per-second': 44020, 'downtime-bytes': 0, 'page-size': 4096, 'remaining': 5007151104, 'postcopy-bytes': 0, 'mbps': 1082.94048, 'transferred': 364893516, 'dirty-sync-missed-zero-copy': 0, 'precopy-bytes': 364892929, 'duplicate': 791834, 'dirty-pages-rate': 0, 'normal-bytes': 357068800, 'normal': 87175}}
QMP cmd [src4] query-migrate args={}
QMP reply [src4] query-migrate: {'expected-downtime': 300, 'status': 'active', 'setup-time': 2, 'total-time': 2812, 'ram': {'total': 8607571968, 'postcopy-requests': 0, 'dirty-sync-count': 1, 'multifd-bytes': 0, 'pages-per-second': 32970, 'downtime-bytes': 0, 'page-size': 4096, 'remaining': 4980146176, 'postcopy-bytes': 0, 'mbps': 1082.1448799999998, 'transferred': 391947129, 'dirty-sync-missed-zero-copy': 0, 'precopy-bytes': 391946522, 'duplicate': 791835, 'dirty-pages-rate': 0, 'normal-bytes': 384069632, 'normal': 93767}}
QMP cmd [src4] query-migrate args={}
QMP reply [src4] query-migrate: {'expected-downtime': 300, 'status': 'active', 'setup-time': 2, 'total-time': 3013, 'ram': {'total': 8607571968, 'postcopy-requests': 0, 'dirty-sync-count': 1, 'multifd-bytes': 0, 'pages-per-second': 33480, 'downtime-bytes': 0, 'page-size': 4096, 'remaining': 4952088576, 'postcopy-bytes': 0, 'mbps': 1082.1816000000001, 'transferred': 419003055, 'dirty-sync-missed-zero-copy': 0, 'precopy-bytes': 419002428, 'duplicate': 792093, 'dirty-pages-rate': 0, 'normal-bytes': 411070464, 'normal': 100359}}
QMP cmd [src4] query-migrate args={}
QMP reply [src4] query-migrate: {'expected-downtime': 300, 'status': 'active', 'setup-time': 2, 'total-time': 3213, 'ram': {'total': 8607571968, 'postcopy-requests': 0, 'dirty-sync-count': 1, 'multifd-bytes': 0, 'pages-per-second': 38490, 'downtime-bytes': 0, 'page-size': 4096, 'remaining': 4922527744, 'postcopy-bytes': 0, 'mbps': 1082.54232, 'transferred': 446062284, 'dirty-sync-missed-zero-copy': 0, 'precopy-bytes': 446061637, 'duplicate': 792718, 'dirty-pages-rate': 0, 'normal-bytes': 438071296, 'normal': 106951}}
QMP cmd [src4] query-migrate args={}
QMP reply [src4] query-migrate: {'expected-downtime': 300, 'status': 'active', 'setup-time': 2, 'total-time': 3414, 'ram': {'total': 8607571968, 'postcopy-requests': 0, 'dirty-sync-count': 1, 'multifd-bytes': 0, 'pages-per-second': 33110, 'downtime-bytes': 0, 'page-size': 4096, 'remaining': 4894867456, 'postcopy-bytes': 0, 'mbps': 1082.15496, 'transferred': 473117337, 'dirty-sync-missed-zero-copy': 0, 'precopy-bytes': 473116670, 'duplicate': 792879, 'dirty-pages-rate': 0, 'normal-bytes': 465072128, 'normal': 113543}}
QMP cmd [src4] query-migrate args={}
QMP reply [src4] query-migrate: {'expected-downtime': 300, 'status': 'active', 'setup-time': 2, 'total-time': 3615, 'ram': {'total': 8607571968, 'postcopy-requests': 0, 'dirty-sync-count': 1, 'multifd-bytes': 0, 'pages-per-second': 33860, 'downtime-bytes': 0, 'page-size': 4096, 'remaining': 4867018752, 'postcopy-bytes': 0, 'mbps': 1082.20896, 'transferred': 500172804, 'dirty-sync-missed-zero-copy': 0, 'precopy-bytes': 500172117, 'duplicate': 793086, 'dirty-pages-rate': 0, 'normal-bytes': 492072960, 'normal': 120135}}
QMP cmd [src4] query-migrate args={}
QMP reply [src4] query-migrate: {'expected-downtime': 300, 'status': 'active', 'setup-time': 2, 'total-time': 3816, 'ram': {'total': 8607571968, 'postcopy-requests': 0, 'dirty-sync-count': 1, 'multifd-bytes': 0, 'pages-per-second': 33040, 'downtime-bytes': 0, 'page-size': 4096, 'remaining': 4839628800, 'postcopy-bytes': 0, 'mbps': 1082.1499199999998, 'transferred': 527227263, 'dirty-sync-missed-zero-copy': 0, 'precopy-bytes': 527226556, 'duplicate': 793181, 'dirty-pages-rate': 0, 'normal-bytes': 519073792, 'normal': 126727}}
QMP cmd [src4] query-migrate args={}
QMP reply [src4] query-migrate: {'expected-downtime': 300, 'status': 'active', 'setup-time': 2, 'total-time': 4016, 'ram': {'total': 8607571968, 'postcopy-requests': 0, 'dirty-sync-count': 1, 'multifd-bytes': 0, 'pages-per-second': 33050, 'downtime-bytes': 0, 'page-size': 4096, 'remaining': 4812550144, 'postcopy-bytes': 0, 'mbps': 1082.1506399999998, 'transferred': 554281038, 'dirty-sync-missed-zero-copy': 0, 'precopy-bytes': 554280311, 'duplicate': 793200, 'dirty-pages-rate': 0, 'normal-bytes': 546074624, 'normal': 133319}}
QMP cmd [src4] query-migrate args={}
QMP reply [src4] query-migrate: {'expected-downtime': 300, 'status': 'active', 'setup-time': 2, 'total-time': 4217, 'ram': {'total': 8607571968, 'postcopy-requests': 0, 'dirty-sync-count': 1, 'multifd-bytes': 0, 'pages-per-second': 32990, 'downtime-bytes': 0, 'page-size': 4096, 'remaining': 4785512448, 'postcopy-bytes': 0, 'mbps': 1082.14632, 'transferred': 581334723, 'dirty-sync-missed-zero-copy': 0, 'precopy-bytes': 581333976, 'duplicate': 793209, 'dirty-pages-rate': 0, 'normal-bytes': 573075456, 'normal': 139911}}
QMP cmd [src4] query-migrate args={}
QMP reply [src4] query-migrate: {'expected-downtime': 300, 'status': 'active', 'setup-time': 2, 'total-time': 4418, 'ram': {'total': 8607571968, 'postcopy-requests': 0, 'dirty-sync-count': 1, 'multifd-bytes': 0, 'pages-per-second': 33050, 'downtime-bytes': 0, 'page-size': 4096, 'remaining': 4758437888, 'postcopy-bytes': 0, 'mbps': 1082.1506399999998, 'transferred': 608388489, 'dirty-sync-missed-zero-copy': 0, 'precopy-bytes': 608387722, 'duplicate': 793227, 'dirty-pages-rate': 0, 'normal-bytes': 600076288, 'normal': 146503}}
2026-07-15 02:16:36.009317SSH command: ssh -o BatchMode=yes -o StrictHostKeyChecking=no -o UserKnownHostsFile=/dev/null -o ConnectTimeout=1 -o LogLevel=ERROR -p 2225 -i /home/max/.ssh/pgvm_bench user@127.0.0.1 test -f /tmp/bench.done
Return code: 1
Stdout: 
Stderr: 
QMP cmd [src4] query-migrate args={}
QMP reply [src4] query-migrate: {'expected-downtime': 300, 'status': 'active', 'setup-time': 2, 'total-time': 4619, 'ram': {'total': 8607571968, 'postcopy-requests': 0, 'dirty-sync-count': 1, 'multifd-bytes': 0, 'pages-per-second': 32960, 'downtime-bytes': 0, 'page-size': 4096, 'remaining': 4731428864, 'postcopy-bytes': 0, 'mbps': 1082.1441599999998, 'transferred': 635442111, 'dirty-sync-missed-zero-copy': 0, 'precopy-bytes': 635441324, 'duplicate': 793229, 'dirty-pages-rate': 0, 'normal-bytes': 627077120, 'normal': 153095}}
QMP cmd [src4] query-migrate args={}
QMP reply [src4] query-migrate: {'expected-downtime': 300, 'status': 'active', 'setup-time': 2, 'total-time': 4820, 'ram': {'total': 8607571968, 'postcopy-requests': 0, 'dirty-sync-count': 1, 'multifd-bytes': 0, 'pages-per-second': 33650, 'downtime-bytes': 0, 'page-size': 4096, 'remaining': 4703907840, 'postcopy-bytes': 0, 'mbps': 1082.1938400000001, 'transferred': 662496858, 'dirty-sync-missed-zero-copy': 0, 'precopy-bytes': 662496051, 'duplicate': 793356, 'dirty-pages-rate': 0, 'normal-bytes': 654077952, 'normal': 159687}}
QMP cmd [src4] query-migrate args={}
QMP reply [src4] query-migrate: {'expected-downtime': 300, 'status': 'active', 'setup-time': 2, 'total-time': 5021, 'ram': {'total': 8607571968, 'postcopy-requests': 0, 'dirty-sync-count': 1, 'multifd-bytes': 0, 'pages-per-second': 33000, 'downtime-bytes': 0, 'page-size': 4096, 'remaining': 4676874240, 'postcopy-bytes': 0, 'mbps': 1082.14704, 'transferred': 689550534, 'dirty-sync-missed-zero-copy': 0, 'precopy-bytes': 689549707, 'duplicate': 793364, 'dirty-pages-rate': 0, 'normal-bytes': 681078784, 'normal': 166279}}
QMP cmd [src4] query-migrate args={}
QMP reply [src4] query-migrate: {'expected-downtime': 300, 'status': 'active', 'setup-time': 2, 'total-time': 5221, 'ram': {'total': 8607571968, 'postcopy-requests': 0, 'dirty-sync-count': 1, 'multifd-bytes': 0, 'pages-per-second': 33000, 'downtime-bytes': 0, 'page-size': 4096, 'remaining': 4649566208, 'postcopy-bytes': 0, 'mbps': 1082.14704, 'transferred': 716604813, 'dirty-sync-missed-zero-copy': 0, 'precopy-bytes': 716603966, 'duplicate': 793439, 'dirty-pages-rate': 0, 'normal-bytes': 708079616, 'normal': 172871}}
QMP cmd [src4] query-migrate args={}
QMP reply [src4] query-migrate: {'expected-downtime': 300, 'status': 'active', 'setup-time': 2, 'total-time': 5422, 'ram': {'total': 8607571968, 'postcopy-requests': 0, 'dirty-sync-count': 1, 'multifd-bytes': 0, 'pages-per-second': 33440, 'downtime-bytes': 0, 'page-size': 4096, 'remaining': 4622008320, 'postcopy-bytes': 0, 'mbps': 1082.1787199999999, 'transferred': 743659641, 'dirty-sync-missed-zero-copy': 0, 'precopy-bytes': 743658774, 'duplicate': 793575, 'dirty-pages-rate': 0, 'normal-bytes': 735080448, 'normal': 179463}}
QMP cmd [src4] query-migrate args={}
QMP reply [src4] query-migrate: {'expected-downtime': 300, 'status': 'active', 'setup-time': 2, 'total-time': 5623, 'ram': {'total': 8607571968, 'postcopy-requests': 0, 'dirty-sync-count': 1, 'multifd-bytes': 0, 'pages-per-second': 40840, 'downtime-bytes': 0, 'page-size': 4096, 'remaining': 4591247360, 'postcopy-bytes': 0, 'mbps': 1082.71152, 'transferred': 770721507, 'dirty-sync-missed-zero-copy': 0, 'precopy-bytes': 770720620, 'duplicate': 794493, 'dirty-pages-rate': 0, 'normal-bytes': 762081280, 'normal': 186055}}
QMP cmd [src4] query-migrate args={}
QMP reply [src4] query-migrate: {'expected-downtime': 300, 'status': 'active', 'setup-time': 2, 'total-time': 5824, 'ram': {'total': 8607571968, 'postcopy-requests': 0, 'dirty-sync-count': 1, 'multifd-bytes': 0, 'pages-per-second': 33040, 'downtime-bytes': 0, 'page-size': 4096, 'remaining': 4564197376, 'postcopy-bytes': 0, 'mbps': 1082.1499199999998, 'transferred': 797775219, 'dirty-sync-missed-zero-copy': 0, 'precopy-bytes': 797774312, 'duplicate': 794505, 'dirty-pages-rate': 0, 'normal-bytes': 789082112, 'normal': 192647}}
QMP cmd [src4] query-migrate args={}
QMP reply [src4] query-migrate: {'expected-downtime': 300, 'status': 'active', 'setup-time': 2, 'total-time': 6024, 'ram': {'total': 8607571968, 'postcopy-requests': 0, 'dirty-sync-count': 1, 'multifd-bytes': 0, 'pages-per-second': 33570, 'downtime-bytes': 0, 'page-size': 4096, 'remaining': 4536803328, 'postcopy-bytes': 0, 'mbps': 1082.1880800000001, 'transferred': 824829687, 'dirty-sync-missed-zero-copy': 0, 'precopy-bytes': 824828760, 'duplicate': 794601, 'dirty-pages-rate': 0, 'normal-bytes': 816082944, 'normal': 199239}}
QMP cmd [src4] query-migrate args={}
QMP reply [src4] query-migrate: {'expected-downtime': 300, 'status': 'active', 'setup-time': 2, 'total-time': 6225, 'ram': {'total': 8607571968, 'postcopy-requests': 0, 'dirty-sync-count': 1, 'multifd-bytes': 0, 'pages-per-second': 36780, 'downtime-bytes': 0, 'page-size': 4096, 'remaining': 4508209152, 'postcopy-bytes': 0, 'mbps': 1082.4192, 'transferred': 851886792, 'dirty-sync-missed-zero-copy': 0, 'precopy-bytes': 851885845, 'duplicate': 794990, 'dirty-pages-rate': 0, 'normal-bytes': 843083776, 'normal': 205831}}
QMP cmd [src4] query-migrate args={}
QMP reply [src4] query-migrate: {'expected-downtime': 300, 'status': 'active', 'setup-time': 2, 'total-time': 6426, 'ram': {'total': 8607571968, 'postcopy-requests': 0, 'dirty-sync-count': 1, 'multifd-bytes': 0, 'pages-per-second': 32960, 'downtime-bytes': 0, 'page-size': 4096, 'remaining': 4481200128, 'postcopy-bytes': 0, 'mbps': 1082.1441599999998, 'transferred': 878940414, 'dirty-sync-missed-zero-copy': 0, 'precopy-bytes': 878939447, 'duplicate': 794992, 'dirty-pages-rate': 0, 'normal-bytes': 870084608, 'normal': 212423}}
QMP cmd [src4] query-migrate args={}
QMP reply [src4] query-migrate: {'expected-downtime': 300, 'status': 'active', 'setup-time': 2, 'total-time': 6627, 'ram': {'total': 8607571968, 'postcopy-requests': 0, 'dirty-sync-count': 1, 'multifd-bytes': 0, 'pages-per-second': 32980, 'downtime-bytes': 0, 'page-size': 4096, 'remaining': 4454182912, 'postcopy-bytes': 0, 'mbps': 1082.1456, 'transferred': 905994054, 'dirty-sync-missed-zero-copy': 0, 'precopy-bytes': 905993067, 'duplicate': 794996, 'dirty-pages-rate': 0, 'normal-bytes': 897085440, 'normal': 219015}}
2026-07-15 02:16:38.178813SSH command: ssh -o BatchMode=yes -o StrictHostKeyChecking=no -o UserKnownHostsFile=/dev/null -o ConnectTimeout=1 -o LogLevel=ERROR -p 2225 -i /home/max/.ssh/pgvm_bench user@127.0.0.1 test -f /tmp/bench.done
Return code: 1
Stdout: 
Stderr: 
QMP cmd [src4] query-migrate args={}
QMP reply [src4] query-migrate: {'expected-downtime': 300, 'status': 'active', 'setup-time': 2, 'total-time': 6828, 'ram': {'total': 8607571968, 'postcopy-requests': 0, 'dirty-sync-count': 1, 'multifd-bytes': 0, 'pages-per-second': 32980, 'downtime-bytes': 0, 'page-size': 4096, 'remaining': 4427165696, 'postcopy-bytes': 0, 'mbps': 1082.1456, 'transferred': 933047694, 'dirty-sync-missed-zero-copy': 0, 'precopy-bytes': 933046687, 'duplicate': 795000, 'dirty-pages-rate': 0, 'normal-bytes': 924086272, 'normal': 225607}}
QMP cmd [src4] query-migrate args={}
QMP reply [src4] query-migrate: {'expected-downtime': 300, 'status': 'active', 'setup-time': 2, 'total-time': 7029, 'ram': {'total': 8607571968, 'postcopy-requests': 0, 'dirty-sync-count': 1, 'multifd-bytes': 0, 'pages-per-second': 32980, 'downtime-bytes': 0, 'page-size': 4096, 'remaining': 4400148480, 'postcopy-bytes': 0, 'mbps': 1082.1456, 'transferred': 960101334, 'dirty-sync-missed-zero-copy': 0, 'precopy-bytes': 960100307, 'duplicate': 795004, 'dirty-pages-rate': 0, 'normal-bytes': 951087104, 'normal': 232199}}
QMP cmd [src4] query-migrate args={}
QMP reply [src4] query-migrate: {'expected-downtime': 300, 'status': 'active', 'setup-time': 2, 'total-time': 7230, 'ram': {'total': 8607571968, 'postcopy-requests': 0, 'dirty-sync-count': 1, 'multifd-bytes': 0, 'pages-per-second': 32980, 'downtime-bytes': 0, 'page-size': 4096, 'remaining': 4373131264, 'postcopy-bytes': 0, 'mbps': 1082.1456, 'transferred': 987154974, 'dirty-sync-missed-zero-copy': 0, 'precopy-bytes': 987153927, 'duplicate': 795008, 'dirty-pages-rate': 0, 'normal-bytes': 978087936, 'normal': 238791}}
QMP cmd [src4] query-migrate args={}
QMP reply [src4] query-migrate: {'expected-downtime': 300, 'status': 'active', 'setup-time': 2, 'total-time': 7431, 'ram': {'total': 8607571968, 'postcopy-requests': 0, 'dirty-sync-count': 1, 'multifd-bytes': 0, 'pages-per-second': 32980, 'downtime-bytes': 0, 'page-size': 4096, 'remaining': 4346114048, 'postcopy-bytes': 0, 'mbps': 1082.1456, 'transferred': 1014208614, 'dirty-sync-missed-zero-copy': 0, 'precopy-bytes': 1014207547, 'duplicate': 795012, 'dirty-pages-rate': 0, 'normal-bytes': 1005088768, 'normal': 245383}}
QMP cmd [src4] query-migrate args={}
QMP reply [src4] query-migrate: {'expected-downtime': 300, 'status': 'active', 'setup-time': 2, 'total-time': 7631, 'ram': {'total': 8607571968, 'postcopy-requests': 0, 'dirty-sync-count': 1, 'multifd-bytes': 0, 'pages-per-second': 32980, 'downtime-bytes': 0, 'page-size': 4096, 'remaining': 4310716416, 'postcopy-bytes': 0, 'mbps': 1082.1456, 'transferred': 1041280668, 'dirty-sync-missed-zero-copy': 0, 'precopy-bytes': 1041279581, 'duplicate': 797062, 'dirty-pages-rate': 0, 'normal-bytes': 1032089600, 'normal': 251975}}
QMP cmd [src4] query-migrate args={}
QMP reply [src4] query-migrate: {'expected-downtime': 300, 'status': 'active', 'setup-time': 2, 'total-time': 7832, 'ram': {'total': 8607571968, 'postcopy-requests': 0, 'dirty-sync-count': 1, 'multifd-bytes': 0, 'pages-per-second': 32960, 'downtime-bytes': 0, 'page-size': 4096, 'remaining': 4283715584, 'postcopy-bytes': 0, 'mbps': 1082.1441599999998, 'transferred': 1068334272, 'dirty-sync-missed-zero-copy': 0, 'precopy-bytes': 1068333165, 'duplicate': 797062, 'dirty-pages-rate': 0, 'normal-bytes': 1059090432, 'normal': 258567}}
QMP cmd [src4] query-migrate args={}
QMP reply [src4] query-migrate: {'expected-downtime': 300, 'status': 'active', 'setup-time': 2, 'total-time': 8033, 'ram': {'total': 8607571968, 'postcopy-requests': 0, 'dirty-sync-count': 1, 'multifd-bytes': 0, 'pages-per-second': 32980, 'downtime-bytes': 0, 'page-size': 4096, 'remaining': 4256690176, 'postcopy-bytes': 0, 'mbps': 1082.1456, 'transferred': 1095387930, 'dirty-sync-missed-zero-copy': 0, 'precopy-bytes': 1095386803, 'duplicate': 797068, 'dirty-pages-rate': 0, 'normal-bytes': 1086091264, 'normal': 265159}}
QMP cmd [src4] query-migrate args={}
QMP reply [src4] query-migrate: {'expected-downtime': 300, 'status': 'active', 'setup-time': 2, 'total-time': 8233, 'ram': {'total': 8607571968, 'postcopy-requests': 0, 'dirty-sync-count': 1, 'multifd-bytes': 0, 'pages-per-second': 32960, 'downtime-bytes': 0, 'page-size': 4096, 'remaining': 4227309568, 'postcopy-bytes': 0, 'mbps': 1082.1441599999998, 'transferred': 1122446763, 'dirty-sync-missed-zero-copy': 0, 'precopy-bytes': 1122445616, 'duplicate': 797649, 'dirty-pages-rate': 0, 'normal-bytes': 1113092096, 'normal': 271751}}
QMP cmd [src4] query-migrate args={}
QMP reply [src4] query-migrate: {'expected-downtime': 300, 'status': 'active', 'setup-time': 2, 'total-time': 8434, 'ram': {'total': 8607571968, 'postcopy-requests': 0, 'dirty-sync-count': 1, 'multifd-bytes': 0, 'pages-per-second': 32960, 'downtime-bytes': 0, 'page-size': 4096, 'remaining': 4200308736, 'postcopy-bytes': 0, 'mbps': 1082.1441599999998, 'transferred': 1149500367, 'dirty-sync-missed-zero-copy': 0, 'precopy-bytes': 1149499200, 'duplicate': 797649, 'dirty-pages-rate': 0, 'normal-bytes': 1140092928, 'normal': 278343}}
QMP cmd [src4] query-migrate args={}
QMP reply [src4] query-migrate: {'expected-downtime': 300, 'status': 'active', 'setup-time': 2, 'total-time': 8635, 'ram': {'total': 8607571968, 'postcopy-requests': 0, 'dirty-sync-count': 1, 'multifd-bytes': 0, 'pages-per-second': 32980, 'downtime-bytes': 0, 'page-size': 4096, 'remaining': 4173299712, 'postcopy-bytes': 0, 'mbps': 1082.1456, 'transferred': 1176553989, 'dirty-sync-missed-zero-copy': 0, 'precopy-bytes': 1176552802, 'duplicate': 797651, 'dirty-pages-rate': 0, 'normal-bytes': 1167093760, 'normal': 284935}}
QMP cmd [src4] query-migrate args={}
QMP reply [src4] query-migrate: {'expected-downtime': 300, 'status': 'active', 'setup-time': 2, 'total-time': 8836, 'ram': {'total': 8607571968, 'postcopy-requests': 0, 'dirty-sync-count': 1, 'multifd-bytes': 0, 'pages-per-second': 32960, 'downtime-bytes': 0, 'page-size': 4096, 'remaining': 4146298880, 'postcopy-bytes': 0, 'mbps': 1082.1441599999998, 'transferred': 1203607593, 'dirty-sync-missed-zero-copy': 0, 'precopy-bytes': 1203606386, 'duplicate': 797651, 'dirty-pages-rate': 0, 'normal-bytes': 1194094592, 'normal': 291527}}
2026-07-15 02:16:40.360797SSH command: ssh -o BatchMode=yes -o StrictHostKeyChecking=no -o UserKnownHostsFile=/dev/null -o ConnectTimeout=1 -o LogLevel=ERROR -p 2225 -i /home/max/.ssh/pgvm_bench user@127.0.0.1 test -f /tmp/bench.done
Return code: 1
Stdout: 
Stderr: 
QMP cmd [src4] query-migrate args={}
QMP reply [src4] query-migrate: {'expected-downtime': 300, 'status': 'active', 'setup-time': 2, 'total-time': 9037, 'ram': {'total': 8607571968, 'postcopy-requests': 0, 'dirty-sync-count': 1, 'multifd-bytes': 0, 'pages-per-second': 32960, 'downtime-bytes': 0, 'page-size': 4096, 'remaining': 4119289856, 'postcopy-bytes': 0, 'mbps': 1082.1441599999998, 'transferred': 1230661215, 'dirty-sync-missed-zero-copy': 0, 'precopy-bytes': 1230659988, 'duplicate': 797653, 'dirty-pages-rate': 0, 'normal-bytes': 1221095424, 'normal': 298119}}
QMP cmd [src4] query-migrate args={}
QMP reply [src4] query-migrate: {'expected-downtime': 300, 'status': 'active', 'setup-time': 2, 'total-time': 9237, 'ram': {'total': 8607571968, 'postcopy-requests': 0, 'dirty-sync-count': 1, 'multifd-bytes': 0, 'pages-per-second': 32960, 'downtime-bytes': 0, 'page-size': 4096, 'remaining': 4092289024, 'postcopy-bytes': 0, 'mbps': 1082.1441599999998, 'transferred': 1257714819, 'dirty-sync-missed-zero-copy': 0, 'precopy-bytes': 1257713572, 'duplicate': 797653, 'dirty-pages-rate': 0, 'normal-bytes': 1248096256, 'normal': 304711}}
QMP cmd [src4] query-migrate args={}
QMP reply [src4] query-migrate: {'expected-downtime': 300, 'status': 'active', 'setup-time': 2, 'total-time': 9438, 'ram': {'total': 8607571968, 'postcopy-requests': 0, 'dirty-sync-count': 1, 'multifd-bytes': 0, 'pages-per-second': 32960, 'downtime-bytes': 0, 'page-size': 4096, 'remaining': 4065263616, 'postcopy-bytes': 0, 'mbps': 1082.1441599999998, 'transferred': 1284768477, 'dirty-sync-missed-zero-copy': 0, 'precopy-bytes': 1284767210, 'duplicate': 797659, 'dirty-pages-rate': 0, 'normal-bytes': 1275097088, 'normal': 311303}}
QMP cmd [src4] query-migrate args={}
QMP reply [src4] query-migrate: {'expected-downtime': 300, 'status': 'active', 'setup-time': 2, 'total-time': 9639, 'ram': {'total': 8607571968, 'postcopy-requests': 0, 'dirty-sync-count': 1, 'multifd-bytes': 0, 'pages-per-second': 32980, 'downtime-bytes': 0, 'page-size': 4096, 'remaining': 4038230016, 'postcopy-bytes': 0, 'mbps': 1082.1456, 'transferred': 1311822153, 'dirty-sync-missed-zero-copy': 0, 'precopy-bytes': 1311820866, 'duplicate': 797667, 'dirty-pages-rate': 0, 'normal-bytes': 1302097920, 'normal': 317895}}
QMP cmd [src4] query-migrate args={}
QMP reply [src4] query-migrate: {'expected-downtime': 300, 'status': 'active', 'setup-time': 2, 'total-time': 9840, 'ram': {'total': 8607571968, 'postcopy-requests': 0, 'dirty-sync-count': 1, 'multifd-bytes': 0, 'pages-per-second': 33020, 'downtime-bytes': 0, 'page-size': 4096, 'remaining': 4011196416, 'postcopy-bytes': 0, 'mbps': 1082.14848, 'transferred': 1338875829, 'dirty-sync-missed-zero-copy': 0, 'precopy-bytes': 1338874522, 'duplicate': 797675, 'dirty-pages-rate': 0, 'normal-bytes': 1329098752, 'normal': 324487}}
QMP cmd [src4] query-migrate args={}
QMP reply [src4] query-migrate: {'expected-downtime': 300, 'status': 'active', 'setup-time': 2, 'total-time': 10040, 'ram': {'total': 8607571968, 'postcopy-requests': 0, 'dirty-sync-count': 1, 'multifd-bytes': 0, 'pages-per-second': 33000, 'downtime-bytes': 0, 'page-size': 4096, 'remaining': 3984162816, 'postcopy-bytes': 0, 'mbps': 1082.14704, 'transferred': 1365929505, 'dirty-sync-missed-zero-copy': 0, 'precopy-bytes': 1365928178, 'duplicate': 797683, 'dirty-pages-rate': 0, 'normal-bytes': 1356099584, 'normal': 331079}}
QMP cmd [src4] query-migrate args={}
QMP reply [src4] query-migrate: {'expected-downtime': 300, 'status': 'active', 'setup-time': 2, 'total-time': 10241, 'ram': {'total': 8607571968, 'postcopy-requests': 0, 'dirty-sync-count': 1, 'multifd-bytes': 0, 'pages-per-second': 32980, 'downtime-bytes': 0, 'page-size': 4096, 'remaining': 3957145600, 'postcopy-bytes': 0, 'mbps': 1082.1456, 'transferred': 1392983145, 'dirty-sync-missed-zero-copy': 0, 'precopy-bytes': 1392981798, 'duplicate': 797687, 'dirty-pages-rate': 0, 'normal-bytes': 1383100416, 'normal': 337671}}
QMP cmd [src4] query-migrate args={}
QMP reply [src4] query-migrate: {'expected-downtime': 300, 'status': 'active', 'setup-time': 2, 'total-time': 10442, 'ram': {'total': 8607571968, 'postcopy-requests': 0, 'dirty-sync-count': 1, 'multifd-bytes': 0, 'pages-per-second': 32980, 'downtime-bytes': 0, 'page-size': 4096, 'remaining': 3930128384, 'postcopy-bytes': 0, 'mbps': 1082.1456, 'transferred': 1420036785, 'dirty-sync-missed-zero-copy': 0, 'precopy-bytes': 1420035418, 'duplicate': 797691, 'dirty-pages-rate': 0, 'normal-bytes': 1410101248, 'normal': 344263}}
QMP cmd [src4] query-migrate args={}
QMP reply [src4] query-migrate: {'expected-downtime': 300, 'status': 'active', 'setup-time': 2, 'total-time': 10643, 'ram': {'total': 8607571968, 'postcopy-requests': 0, 'dirty-sync-count': 1, 'multifd-bytes': 0, 'pages-per-second': 33000, 'downtime-bytes': 0, 'page-size': 4096, 'remaining': 3903086592, 'postcopy-bytes': 0, 'mbps': 1082.14704, 'transferred': 1447090479, 'dirty-sync-missed-zero-copy': 0, 'precopy-bytes': 1447089092, 'duplicate': 797701, 'dirty-pages-rate': 0, 'normal-bytes': 1437102080, 'normal': 350855}}
QMP cmd [src4] query-migrate args={}
QMP reply [src4] query-migrate: {'expected-downtime': 300, 'status': 'active', 'setup-time': 2, 'total-time': 10843, 'ram': {'total': 8607571968, 'postcopy-requests': 0, 'dirty-sync-count': 1, 'multifd-bytes': 0, 'pages-per-second': 32980, 'downtime-bytes': 0, 'page-size': 4096, 'remaining': 3876069376, 'postcopy-bytes': 0, 'mbps': 1082.1456, 'transferred': 1474144119, 'dirty-sync-missed-zero-copy': 0, 'precopy-bytes': 1474142712, 'duplicate': 797705, 'dirty-pages-rate': 0, 'normal-bytes': 1464102912, 'normal': 357447}}
QMP cmd [src4] query-migrate args={}
QMP reply [src4] query-migrate: {'expected-downtime': 300, 'status': 'active', 'setup-time': 2, 'total-time': 11044, 'ram': {'total': 8607571968, 'postcopy-requests': 0, 'dirty-sync-count': 1, 'multifd-bytes': 0, 'pages-per-second': 33020, 'downtime-bytes': 0, 'page-size': 4096, 'remaining': 3849035776, 'postcopy-bytes': 0, 'mbps': 1082.14848, 'transferred': 1501197795, 'dirty-sync-missed-zero-copy': 0, 'precopy-bytes': 1501196368, 'duplicate': 797713, 'dirty-pages-rate': 0, 'normal-bytes': 1491103744, 'normal': 364039}}
2026-07-15 02:16:42.534662SSH command: ssh -o BatchMode=yes -o StrictHostKeyChecking=no -o UserKnownHostsFile=/dev/null -o ConnectTimeout=1 -o LogLevel=ERROR -p 2225 -i /home/max/.ssh/pgvm_bench user@127.0.0.1 test -f /tmp/bench.done
Return code: 1
Stdout: 
Stderr: 
QMP cmd [src4] query-migrate args={}
QMP reply [src4] query-migrate: {'expected-downtime': 300, 'status': 'active', 'setup-time': 2, 'total-time': 11245, 'ram': {'total': 8607571968, 'postcopy-requests': 0, 'dirty-sync-count': 1, 'multifd-bytes': 0, 'pages-per-second': 32980, 'downtime-bytes': 0, 'page-size': 4096, 'remaining': 3822010368, 'postcopy-bytes': 0, 'mbps': 1082.1456, 'transferred': 1528251453, 'dirty-sync-missed-zero-copy': 0, 'precopy-bytes': 1528250006, 'duplicate': 797719, 'dirty-pages-rate': 0, 'normal-bytes': 1518104576, 'normal': 370631}}
QMP cmd [src4] query-migrate args={}
QMP reply [src4] query-migrate: {'expected-downtime': 300, 'status': 'active', 'setup-time': 2, 'total-time': 11446, 'ram': {'total': 8607571968, 'postcopy-requests': 0, 'dirty-sync-count': 1, 'multifd-bytes': 0, 'pages-per-second': 32980, 'downtime-bytes': 0, 'page-size': 4096, 'remaining': 3794993152, 'postcopy-bytes': 0, 'mbps': 1082.1456, 'transferred': 1555305093, 'dirty-sync-missed-zero-copy': 0, 'precopy-bytes': 1555303626, 'duplicate': 797723, 'dirty-pages-rate': 0, 'normal-bytes': 1545105408, 'normal': 377223}}
QMP cmd [src4] query-migrate args={}
QMP reply [src4] query-migrate: {'expected-downtime': 300, 'status': 'active', 'setup-time': 2, 'total-time': 11647, 'ram': {'total': 8607571968, 'postcopy-requests': 0, 'dirty-sync-count': 1, 'multifd-bytes': 0, 'pages-per-second': 32980, 'downtime-bytes': 0, 'page-size': 4096, 'remaining': 3766226944, 'postcopy-bytes': 0, 'mbps': 1082.1456, 'transferred': 1582362576, 'dirty-sync-missed-zero-copy': 0, 'precopy-bytes': 1582361089, 'duplicate': 798154, 'dirty-pages-rate': 0, 'normal-bytes': 1572106240, 'normal': 383815}}
QMP cmd [src4] query-migrate args={}
QMP reply [src4] query-migrate: {'expected-downtime': 300, 'status': 'active', 'setup-time': 2, 'total-time': 11848, 'ram': {'total': 8607571968, 'postcopy-requests': 0, 'dirty-sync-count': 1, 'multifd-bytes': 0, 'pages-per-second': 32980, 'downtime-bytes': 0, 'page-size': 4096, 'remaining': 3739201536, 'postcopy-bytes': 0, 'mbps': 1082.1456, 'transferred': 1609416234, 'dirty-sync-missed-zero-copy': 0, 'precopy-bytes': 1609414727, 'duplicate': 798160, 'dirty-pages-rate': 0, 'normal-bytes': 1599107072, 'normal': 390407}}
QMP cmd [src4] query-migrate args={}
QMP reply [src4] query-migrate: {'expected-downtime': 300, 'status': 'active', 'setup-time': 2, 'total-time': 12048, 'ram': {'total': 8607571968, 'postcopy-requests': 0, 'dirty-sync-count': 1, 'multifd-bytes': 0, 'pages-per-second': 33000, 'downtime-bytes': 0, 'page-size': 4096, 'remaining': 3712167936, 'postcopy-bytes': 0, 'mbps': 1082.14704, 'transferred': 1636469910, 'dirty-sync-missed-zero-copy': 0, 'precopy-bytes': 1636468383, 'duplicate': 798168, 'dirty-pages-rate': 0, 'normal-bytes': 1626107904, 'normal': 396999}}
QMP cmd [src4] query-migrate args={}
QMP reply [src4] query-migrate: {'expected-downtime': 300, 'status': 'active', 'setup-time': 2, 'total-time': 12249, 'ram': {'total': 8607571968, 'postcopy-requests': 0, 'dirty-sync-count': 1, 'multifd-bytes': 0, 'pages-per-second': 33020, 'downtime-bytes': 0, 'page-size': 4096, 'remaining': 3685126144, 'postcopy-bytes': 0, 'mbps': 1082.14848, 'transferred': 1663523604, 'dirty-sync-missed-zero-copy': 0, 'precopy-bytes': 1663522057, 'duplicate': 798178, 'dirty-pages-rate': 0, 'normal-bytes': 1653108736, 'normal': 403591}}
QMP cmd [src4] query-migrate args={}
QMP reply [src4] query-migrate: {'expected-downtime': 300, 'status': 'active', 'setup-time': 2, 'total-time': 12450, 'ram': {'total': 8607571968, 'postcopy-requests': 0, 'dirty-sync-count': 1, 'multifd-bytes': 0, 'pages-per-second': 32980, 'downtime-bytes': 0, 'page-size': 4096, 'remaining': 3658108928, 'postcopy-bytes': 0, 'mbps': 1082.1456, 'transferred': 1690577244, 'dirty-sync-missed-zero-copy': 0, 'precopy-bytes': 1690575677, 'duplicate': 798182, 'dirty-pages-rate': 0, 'normal-bytes': 1680109568, 'normal': 410183}}
QMP cmd [src4] query-migrate args={}
QMP reply [src4] query-migrate: {'expected-downtime': 300, 'status': 'active', 'setup-time': 2, 'total-time': 12650, 'ram': {'total': 8607571968, 'postcopy-requests': 0, 'dirty-sync-count': 1, 'multifd-bytes': 0, 'pages-per-second': 33000, 'downtime-bytes': 0, 'page-size': 4096, 'remaining': 3630878720, 'postcopy-bytes': 0, 'mbps': 1082.14704, 'transferred': 1717631352, 'dirty-sync-missed-zero-copy': 0, 'precopy-bytes': 1717629765, 'duplicate': 798238, 'dirty-pages-rate': 0, 'normal-bytes': 1707110400, 'normal': 416775}}
QMP cmd [src4] query-migrate args={}
QMP reply [src4] query-migrate: {'expected-downtime': 300, 'status': 'active', 'setup-time': 2, 'total-time': 12851, 'ram': {'total': 8607571968, 'postcopy-requests': 0, 'dirty-sync-count': 1, 'multifd-bytes': 0, 'pages-per-second': 33000, 'downtime-bytes': 0, 'page-size': 4096, 'remaining': 3603853312, 'postcopy-bytes': 0, 'mbps': 1082.14704, 'transferred': 1744685010, 'dirty-sync-missed-zero-copy': 0, 'precopy-bytes': 1744683403, 'duplicate': 798244, 'dirty-pages-rate': 0, 'normal-bytes': 1734111232, 'normal': 423367}}
QMP cmd [src4] query-migrate args={}
QMP reply [src4] query-migrate: {'expected-downtime': 300, 'status': 'active', 'setup-time': 2, 'total-time': 13052, 'ram': {'total': 8607571968, 'postcopy-requests': 0, 'dirty-sync-count': 1, 'multifd-bytes': 0, 'pages-per-second': 32980, 'downtime-bytes': 0, 'page-size': 4096, 'remaining': 3576827904, 'postcopy-bytes': 0, 'mbps': 1082.1456, 'transferred': 1771738668, 'dirty-sync-missed-zero-copy': 0, 'precopy-bytes': 1771737041, 'duplicate': 798250, 'dirty-pages-rate': 0, 'normal-bytes': 1761112064, 'normal': 429959}}
2026-07-15 02:16:44.691937SSH command: ssh -o BatchMode=yes -o StrictHostKeyChecking=no -o UserKnownHostsFile=/dev/null -o ConnectTimeout=1 -o LogLevel=ERROR -p 2225 -i /home/max/.ssh/pgvm_bench user@127.0.0.1 test -f /tmp/bench.done
Return code: 1
Stdout: 
Stderr: 
QMP cmd [src4] query-migrate args={}
QMP reply [src4] query-migrate: {'expected-downtime': 300, 'status': 'active', 'setup-time': 2, 'total-time': 13253, 'ram': {'total': 8607571968, 'postcopy-requests': 0, 'dirty-sync-count': 1, 'multifd-bytes': 0, 'pages-per-second': 32653, 'downtime-bytes': 0, 'page-size': 4096, 'remaining': 3549794304, 'postcopy-bytes': 0, 'mbps': 1071.4312871287127, 'transferred': 1798792344, 'dirty-sync-missed-zero-copy': 0, 'precopy-bytes': 1798790697, 'duplicate': 798258, 'dirty-pages-rate': 0, 'normal-bytes': 1788112896, 'normal': 436551}}
QMP cmd [src4] query-migrate args={}
QMP reply [src4] query-migrate: {'expected-downtime': 300, 'status': 'active', 'setup-time': 2, 'total-time': 13453, 'ram': {'total': 8607571968, 'postcopy-requests': 0, 'dirty-sync-count': 1, 'multifd-bytes': 0, 'pages-per-second': 33020, 'downtime-bytes': 0, 'page-size': 4096, 'remaining': 3522760704, 'postcopy-bytes': 0, 'mbps': 1082.14848, 'transferred': 1825846020, 'dirty-sync-missed-zero-copy': 0, 'precopy-bytes': 1825844353, 'duplicate': 798266, 'dirty-pages-rate': 0, 'normal-bytes': 1815113728, 'normal': 443143}}
QMP cmd [src4] query-migrate args={}
QMP reply [src4] query-migrate: {'expected-downtime': 300, 'status': 'active', 'setup-time': 2, 'total-time': 13654, 'ram': {'total': 8607571968, 'postcopy-requests': 0, 'dirty-sync-count': 1, 'multifd-bytes': 0, 'pages-per-second': 32980, 'downtime-bytes': 0, 'page-size': 4096, 'remaining': 3495735296, 'postcopy-bytes': 0, 'mbps': 1082.1456, 'transferred': 1852899678, 'dirty-sync-missed-zero-copy': 0, 'precopy-bytes': 1852897991, 'duplicate': 798272, 'dirty-pages-rate': 0, 'normal-bytes': 1842114560, 'normal': 449735}}
QMP cmd [src4] query-migrate args={}
QMP reply [src4] query-migrate: {'expected-downtime': 300, 'status': 'active', 'setup-time': 2, 'total-time': 13855, 'ram': {'total': 8607571968, 'postcopy-requests': 0, 'dirty-sync-count': 1, 'multifd-bytes': 0, 'pages-per-second': 33000, 'downtime-bytes': 0, 'page-size': 4096, 'remaining': 3468685312, 'postcopy-bytes': 0, 'mbps': 1082.14704, 'transferred': 1879953390, 'dirty-sync-missed-zero-copy': 0, 'precopy-bytes': 1879951683, 'duplicate': 798284, 'dirty-pages-rate': 0, 'normal-bytes': 1869115392, 'normal': 456327}}
QMP cmd [src4] query-migrate args={}
QMP reply [src4] query-migrate: {'expected-downtime': 300, 'status': 'active', 'setup-time': 2, 'total-time': 14055, 'ram': {'total': 8607571968, 'postcopy-requests': 0, 'dirty-sync-count': 1, 'multifd-bytes': 0, 'pages-per-second': 32980, 'downtime-bytes': 0, 'page-size': 4096, 'remaining': 3441668096, 'postcopy-bytes': 0, 'mbps': 1082.1456, 'transferred': 1907007030, 'dirty-sync-missed-zero-copy': 0, 'precopy-bytes': 1907005303, 'duplicate': 798288, 'dirty-pages-rate': 0, 'normal-bytes': 1896116224, 'normal': 462919}}
QMP cmd [src4] query-migrate args={}
QMP reply [src4] query-migrate: {'expected-downtime': 300, 'status': 'active', 'setup-time': 2, 'total-time': 14256, 'ram': {'total': 8607571968, 'postcopy-requests': 0, 'dirty-sync-count': 1, 'multifd-bytes': 0, 'pages-per-second': 33620, 'downtime-bytes': 0, 'page-size': 4096, 'remaining': 3414380544, 'postcopy-bytes': 0, 'mbps': 1082.19168, 'transferred': 1934061264, 'dirty-sync-missed-zero-copy': 0, 'precopy-bytes': 1934059517, 'duplicate': 798358, 'dirty-pages-rate': 0, 'normal-bytes': 1923117056, 'normal': 469511}}
QMP cmd [src4] query-migrate args={}
QMP reply [src4] query-migrate: {'expected-downtime': 300, 'status': 'active', 'setup-time': 2, 'total-time': 14457, 'ram': {'total': 8607571968, 'postcopy-requests': 0, 'dirty-sync-count': 1, 'multifd-bytes': 0, 'pages-per-second': 32673, 'downtime-bytes': 0, 'page-size': 4096, 'remaining': 3387355136, 'postcopy-bytes': 0, 'mbps': 1071.432712871287, 'transferred': 1961114922, 'dirty-sync-missed-zero-copy': 0, 'precopy-bytes': 1961113155, 'duplicate': 798364, 'dirty-pages-rate': 0, 'normal-bytes': 1950117888, 'normal': 476103}}
QMP cmd [src4] query-migrate args={}
QMP reply [src4] query-migrate: {'expected-downtime': 300, 'status': 'active', 'setup-time': 2, 'total-time': 14658, 'ram': {'total': 8607571968, 'postcopy-requests': 0, 'dirty-sync-count': 1, 'multifd-bytes': 0, 'pages-per-second': 33000, 'downtime-bytes': 0, 'page-size': 4096, 'remaining': 3360329728, 'postcopy-bytes': 0, 'mbps': 1082.14704, 'transferred': 1988168580, 'dirty-sync-missed-zero-copy': 0, 'precopy-bytes': 1988166793, 'duplicate': 798370, 'dirty-pages-rate': 0, 'normal-bytes': 1977118720, 'normal': 482695}}
QMP cmd [src4] query-migrate args={}
QMP reply [src4] query-migrate: {'expected-downtime': 300, 'status': 'active', 'setup-time': 2, 'total-time': 14859, 'ram': {'total': 8607571968, 'postcopy-requests': 0, 'dirty-sync-count': 1, 'multifd-bytes': 0, 'pages-per-second': 33000, 'downtime-bytes': 0, 'page-size': 4096, 'remaining': 3333296128, 'postcopy-bytes': 0, 'mbps': 1082.14704, 'transferred': 2015222256, 'dirty-sync-missed-zero-copy': 0, 'precopy-bytes': 2015220449, 'duplicate': 798378, 'dirty-pages-rate': 0, 'normal-bytes': 2004119552, 'normal': 489287}}
QMP cmd [src4] query-migrate args={}
QMP reply [src4] query-migrate: {'expected-downtime': 300, 'status': 'active', 'setup-time': 2, 'total-time': 15059, 'ram': {'total': 8607571968, 'postcopy-requests': 0, 'dirty-sync-count': 1, 'multifd-bytes': 0, 'pages-per-second': 33000, 'downtime-bytes': 0, 'page-size': 4096, 'remaining': 3306270720, 'postcopy-bytes': 0, 'mbps': 1082.14704, 'transferred': 2042275914, 'dirty-sync-missed-zero-copy': 0, 'precopy-bytes': 2042274087, 'duplicate': 798384, 'dirty-pages-rate': 0, 'normal-bytes': 2031120384, 'normal': 495879}}
QMP cmd [src4] query-migrate args={}
QMP reply [src4] query-migrate: {'expected-downtime': 300, 'status': 'active', 'setup-time': 2, 'total-time': 15261, 'ram': {'total': 8607571968, 'postcopy-requests': 0, 'dirty-sync-count': 1, 'multifd-bytes': 0, 'pages-per-second': 33000, 'downtime-bytes': 0, 'page-size': 4096, 'remaining': 3279228928, 'postcopy-bytes': 0, 'mbps': 1082.14704, 'transferred': 2069329608, 'dirty-sync-missed-zero-copy': 0, 'precopy-bytes': 2069327761, 'duplicate': 798394, 'dirty-pages-rate': 0, 'normal-bytes': 2058121216, 'normal': 502471}}
2026-07-15 02:16:46.849420SSH command: ssh -o BatchMode=yes -o StrictHostKeyChecking=no -o UserKnownHostsFile=/dev/null -o ConnectTimeout=1 -o LogLevel=ERROR -p 2225 -i /home/max/.ssh/pgvm_bench user@127.0.0.1 test -f /tmp/bench.done
Return code: 1
Stdout: 
Stderr: 
QMP cmd [src4] query-migrate args={}
QMP reply [src4] query-migrate: {'expected-downtime': 300, 'status': 'active', 'setup-time': 2, 'total-time': 15462, 'ram': {'total': 8607571968, 'postcopy-requests': 0, 'dirty-sync-count': 1, 'multifd-bytes': 0, 'pages-per-second': 33020, 'downtime-bytes': 0, 'page-size': 4096, 'remaining': 3252195328, 'postcopy-bytes': 0, 'mbps': 1082.14848, 'transferred': 2096383284, 'dirty-sync-missed-zero-copy': 0, 'precopy-bytes': 2096381417, 'duplicate': 798402, 'dirty-pages-rate': 0, 'normal-bytes': 2085122048, 'normal': 509063}}
QMP cmd [src4] query-migrate args={}
QMP reply [src4] query-migrate: {'expected-downtime': 300, 'status': 'active', 'setup-time': 2, 'total-time': 15663, 'ram': {'total': 8607571968, 'postcopy-requests': 0, 'dirty-sync-count': 1, 'multifd-bytes': 0, 'pages-per-second': 33000, 'downtime-bytes': 0, 'page-size': 4096, 'remaining': 3225153536, 'postcopy-bytes': 0, 'mbps': 1082.14704, 'transferred': 2123436978, 'dirty-sync-missed-zero-copy': 0, 'precopy-bytes': 2123435091, 'duplicate': 798412, 'dirty-pages-rate': 0, 'normal-bytes': 2112122880, 'normal': 515655}}
QMP cmd [src4] query-migrate args={}
QMP reply [src4] query-migrate: {'expected-downtime': 300, 'status': 'active', 'setup-time': 2, 'total-time': 15864, 'ram': {'total': 8607571968, 'postcopy-requests': 0, 'dirty-sync-count': 1, 'multifd-bytes': 0, 'pages-per-second': 33000, 'downtime-bytes': 0, 'page-size': 4096, 'remaining': 3198128128, 'postcopy-bytes': 0, 'mbps': 1082.14704, 'transferred': 2150490636, 'dirty-sync-missed-zero-copy': 0, 'precopy-bytes': 2150488729, 'duplicate': 798418, 'dirty-pages-rate': 0, 'normal-bytes': 2139123712, 'normal': 522247}}
QMP cmd [src4] query-migrate args={}
QMP reply [src4] query-migrate: {'expected-downtime': 300, 'status': 'active', 'setup-time': 2, 'total-time': 16065, 'ram': {'total': 8607571968, 'postcopy-requests': 0, 'dirty-sync-count': 1, 'multifd-bytes': 0, 'pages-per-second': 32980, 'downtime-bytes': 0, 'page-size': 4096, 'remaining': 3171094528, 'postcopy-bytes': 0, 'mbps': 1082.1456, 'transferred': 2177544312, 'dirty-sync-missed-zero-copy': 0, 'precopy-bytes': 2177542385, 'duplicate': 798426, 'dirty-pages-rate': 0, 'normal-bytes': 2166124544, 'normal': 528839}}
QMP cmd [src4] query-migrate args={}
QMP reply [src4] query-migrate: {'expected-downtime': 300, 'status': 'active', 'setup-time': 2, 'total-time': 16265, 'ram': {'total': 8607571968, 'postcopy-requests': 0, 'dirty-sync-count': 1, 'multifd-bytes': 0, 'pages-per-second': 39680, 'downtime-bytes': 0, 'page-size': 4096, 'remaining': 3141316608, 'postcopy-bytes': 0, 'mbps': 1082.628, 'transferred': 2204604018, 'dirty-sync-missed-zero-copy': 0, 'precopy-bytes': 2204602071, 'duplicate': 799104, 'dirty-pages-rate': 0, 'normal-bytes': 2193125376, 'normal': 535431}}
QMP cmd [src4] query-migrate args={}
QMP reply [src4] query-migrate: {'expected-downtime': 300, 'status': 'active', 'setup-time': 2, 'total-time': 16466, 'ram': {'total': 8607571968, 'postcopy-requests': 0, 'dirty-sync-count': 1, 'multifd-bytes': 0, 'pages-per-second': 33000, 'downtime-bytes': 0, 'page-size': 4096, 'remaining': 3114291200, 'postcopy-bytes': 0, 'mbps': 1082.14704, 'transferred': 2231657676, 'dirty-sync-missed-zero-copy': 0, 'precopy-bytes': 2231655709, 'duplicate': 799110, 'dirty-pages-rate': 0, 'normal-bytes': 2220126208, 'normal': 542023}}
QMP cmd [src4] query-migrate args={}
QMP reply [src4] query-migrate: {'expected-downtime': 300, 'status': 'active', 'setup-time': 2, 'total-time': 16667, 'ram': {'total': 8607571968, 'postcopy-requests': 0, 'dirty-sync-count': 1, 'multifd-bytes': 0, 'pages-per-second': 33000, 'downtime-bytes': 0, 'page-size': 4096, 'remaining': 3087257600, 'postcopy-bytes': 0, 'mbps': 1082.14704, 'transferred': 2258711352, 'dirty-sync-missed-zero-copy': 0, 'precopy-bytes': 2258709365, 'duplicate': 799118, 'dirty-pages-rate': 0, 'normal-bytes': 2247127040, 'normal': 548615}}
QMP cmd [src4] query-migrate args={}
QMP reply [src4] query-migrate: {'expected-downtime': 300, 'status': 'active', 'setup-time': 2, 'total-time': 16868, 'ram': {'total': 8607571968, 'postcopy-requests': 0, 'dirty-sync-count': 1, 'multifd-bytes': 0, 'pages-per-second': 33080, 'downtime-bytes': 0, 'page-size': 4096, 'remaining': 3060199424, 'postcopy-bytes': 0, 'mbps': 1082.1528, 'transferred': 2285765082, 'dirty-sync-missed-zero-copy': 0, 'precopy-bytes': 2285763075, 'duplicate': 799132, 'dirty-pages-rate': 0, 'normal-bytes': 2274127872, 'normal': 555207}}
QMP cmd [src4] query-migrate args={}
QMP reply [src4] query-migrate: {'expected-downtime': 300, 'status': 'active', 'setup-time': 2, 'total-time': 17068, 'ram': {'total': 8607571968, 'postcopy-requests': 0, 'dirty-sync-count': 1, 'multifd-bytes': 0, 'pages-per-second': 32980, 'downtime-bytes': 0, 'page-size': 4096, 'remaining': 3033174016, 'postcopy-bytes': 0, 'mbps': 1082.1456, 'transferred': 2312818740, 'dirty-sync-missed-zero-copy': 0, 'precopy-bytes': 2312816713, 'duplicate': 799138, 'dirty-pages-rate': 0, 'normal-bytes': 2301128704, 'normal': 561799}}
QMP cmd [src4] query-migrate args={}
QMP reply [src4] query-migrate: {'expected-downtime': 300, 'status': 'active', 'setup-time': 2, 'total-time': 17269, 'ram': {'total': 8607571968, 'postcopy-requests': 0, 'dirty-sync-count': 1, 'multifd-bytes': 0, 'pages-per-second': 33020, 'downtime-bytes': 0, 'page-size': 4096, 'remaining': 3006132224, 'postcopy-bytes': 0, 'mbps': 1082.14848, 'transferred': 2339872434, 'dirty-sync-missed-zero-copy': 0, 'precopy-bytes': 2339870387, 'duplicate': 799148, 'dirty-pages-rate': 0, 'normal-bytes': 2328129536, 'normal': 568391}}
QMP cmd [src4] query-migrate args={}
QMP reply [src4] query-migrate: {'expected-downtime': 300, 'status': 'active', 'setup-time': 2, 'total-time': 17470, 'ram': {'total': 8607571968, 'postcopy-requests': 0, 'dirty-sync-count': 1, 'multifd-bytes': 0, 'pages-per-second': 32980, 'downtime-bytes': 0, 'page-size': 4096, 'remaining': 2979115008, 'postcopy-bytes': 0, 'mbps': 1082.1456, 'transferred': 2366926074, 'dirty-sync-missed-zero-copy': 0, 'precopy-bytes': 2366924007, 'duplicate': 799152, 'dirty-pages-rate': 0, 'normal-bytes': 2355130368, 'normal': 574983}}
2026-07-15 02:16:49.013968SSH command: ssh -o BatchMode=yes -o StrictHostKeyChecking=no -o UserKnownHostsFile=/dev/null -o ConnectTimeout=1 -o LogLevel=ERROR -p 2225 -i /home/max/.ssh/pgvm_bench user@127.0.0.1 test -f /tmp/bench.done
Return code: 1
Stdout: 
Stderr: 
QMP cmd [src4] query-migrate args={}
QMP reply [src4] query-migrate: {'expected-downtime': 300, 'status': 'active', 'setup-time': 2, 'total-time': 17671, 'ram': {'total': 8607571968, 'postcopy-requests': 0, 'dirty-sync-count': 1, 'multifd-bytes': 0, 'pages-per-second': 33000, 'downtime-bytes': 0, 'page-size': 4096, 'remaining': 2952089600, 'postcopy-bytes': 0, 'mbps': 1082.14704, 'transferred': 2393979732, 'dirty-sync-missed-zero-copy': 0, 'precopy-bytes': 2393977645, 'duplicate': 799158, 'dirty-pages-rate': 0, 'normal-bytes': 2382131200, 'normal': 581575}}
QMP cmd [src4] query-migrate args={}
QMP reply [src4] query-migrate: {'expected-downtime': 300, 'status': 'active', 'setup-time': 2, 'total-time': 17871, 'ram': {'total': 8607571968, 'postcopy-requests': 0, 'dirty-sync-count': 1, 'multifd-bytes': 0, 'pages-per-second': 33020, 'downtime-bytes': 0, 'page-size': 4096, 'remaining': 2925056000, 'postcopy-bytes': 0, 'mbps': 1082.14848, 'transferred': 2421033408, 'dirty-sync-missed-zero-copy': 0, 'precopy-bytes': 2421031301, 'duplicate': 799166, 'dirty-pages-rate': 0, 'normal-bytes': 2409132032, 'normal': 588167}}
QMP cmd [src4] query-migrate args={}
QMP reply [src4] query-migrate: {'expected-downtime': 300, 'status': 'active', 'setup-time': 2, 'total-time': 18072, 'ram': {'total': 8607571968, 'postcopy-requests': 0, 'dirty-sync-count': 1, 'multifd-bytes': 0, 'pages-per-second': 33000, 'downtime-bytes': 0, 'page-size': 4096, 'remaining': 2898022400, 'postcopy-bytes': 0, 'mbps': 1082.14704, 'transferred': 2448087084, 'dirty-sync-missed-zero-copy': 0, 'precopy-bytes': 2448084957, 'duplicate': 799174, 'dirty-pages-rate': 0, 'normal-bytes': 2436132864, 'normal': 594759}}
QMP cmd [src4] query-migrate args={}
QMP reply [src4] query-migrate: {'expected-downtime': 300, 'status': 'active', 'setup-time': 2, 'total-time': 18273, 'ram': {'total': 8607571968, 'postcopy-requests': 0, 'dirty-sync-count': 1, 'multifd-bytes': 0, 'pages-per-second': 33000, 'downtime-bytes': 0, 'page-size': 4096, 'remaining': 2871005184, 'postcopy-bytes': 0, 'mbps': 1082.14704, 'transferred': 2475140724, 'dirty-sync-missed-zero-copy': 0, 'precopy-bytes': 2475138577, 'duplicate': 799178, 'dirty-pages-rate': 0, 'normal-bytes': 2463133696, 'normal': 601351}}
QMP cmd [src4] query-migrate args={}
QMP reply [src4] query-migrate: {'expected-downtime': 300, 'status': 'active', 'setup-time': 2, 'total-time': 18474, 'ram': {'total': 8607571968, 'postcopy-requests': 0, 'dirty-sync-count': 1, 'multifd-bytes': 0, 'pages-per-second': 33040, 'downtime-bytes': 0, 'page-size': 4096, 'remaining': 2843938816, 'postcopy-bytes': 0, 'mbps': 1082.1499199999998, 'transferred': 2502194472, 'dirty-sync-missed-zero-copy': 0, 'precopy-bytes': 2502192305, 'duplicate': 799194, 'dirty-pages-rate': 0, 'normal-bytes': 2490134528, 'normal': 607943}}
QMP cmd [src4] query-migrate args={}
QMP reply [src4] query-migrate: {'expected-downtime': 300, 'status': 'active', 'setup-time': 2, 'total-time': 18675, 'ram': {'total': 8607571968, 'postcopy-requests': 0, 'dirty-sync-count': 1, 'multifd-bytes': 0, 'pages-per-second': 33020, 'downtime-bytes': 0, 'page-size': 4096, 'remaining': 2816888832, 'postcopy-bytes': 0, 'mbps': 1082.14848, 'transferred': 2529248184, 'dirty-sync-missed-zero-copy': 0, 'precopy-bytes': 2529245997, 'duplicate': 799206, 'dirty-pages-rate': 0, 'normal-bytes': 2517135360, 'normal': 614535}}
QMP cmd [src4] query-migrate args={}
QMP reply [src4] query-migrate: {'expected-downtime': 300, 'status': 'active', 'setup-time': 2, 'total-time': 18875, 'ram': {'total': 8607571968, 'postcopy-requests': 0, 'dirty-sync-count': 1, 'multifd-bytes': 0, 'pages-per-second': 33000, 'downtime-bytes': 0, 'page-size': 4096, 'remaining': 2789838848, 'postcopy-bytes': 0, 'mbps': 1082.14704, 'transferred': 2556301896, 'dirty-sync-missed-zero-copy': 0, 'precopy-bytes': 2556299689, 'duplicate': 799218, 'dirty-pages-rate': 0, 'normal-bytes': 2544136192, 'normal': 621127}}
QMP cmd [src4] query-migrate args={}
QMP reply [src4] query-migrate: {'expected-downtime': 300, 'status': 'active', 'setup-time': 2, 'total-time': 19076, 'ram': {'total': 8607571968, 'postcopy-requests': 0, 'dirty-sync-count': 1, 'multifd-bytes': 0, 'pages-per-second': 33520, 'downtime-bytes': 0, 'page-size': 4096, 'remaining': 2762584064, 'postcopy-bytes': 0, 'mbps': 1082.18448, 'transferred': 2583356058, 'dirty-sync-missed-zero-copy': 0, 'precopy-bytes': 2583353831, 'duplicate': 799280, 'dirty-pages-rate': 0, 'normal-bytes': 2571137024, 'normal': 627719}}
QMP cmd [src4] query-migrate args={}
QMP reply [src4] query-migrate: {'expected-downtime': 300, 'status': 'active', 'setup-time': 2, 'total-time': 19277, 'ram': {'total': 8607571968, 'postcopy-requests': 0, 'dirty-sync-count': 1, 'multifd-bytes': 0, 'pages-per-second': 32960, 'downtime-bytes': 0, 'page-size': 4096, 'remaining': 2735542272, 'postcopy-bytes': 0, 'mbps': 1082.1441599999998, 'transferred': 2610409752, 'dirty-sync-missed-zero-copy': 0, 'precopy-bytes': 2610407505, 'duplicate': 799290, 'dirty-pages-rate': 0, 'normal-bytes': 2598137856, 'normal': 634311}}
QMP cmd [src4] query-migrate args={}
QMP reply [src4] query-migrate: {'expected-downtime': 300, 'status': 'active', 'setup-time': 2, 'total-time': 19477, 'ram': {'total': 8607571968, 'postcopy-requests': 0, 'dirty-sync-count': 1, 'multifd-bytes': 0, 'pages-per-second': 33020, 'downtime-bytes': 0, 'page-size': 4096, 'remaining': 2708492288, 'postcopy-bytes': 0, 'mbps': 1082.14848, 'transferred': 2637463464, 'dirty-sync-missed-zero-copy': 0, 'precopy-bytes': 2637461197, 'duplicate': 799302, 'dirty-pages-rate': 0, 'normal-bytes': 2625138688, 'normal': 640903}}
QMP cmd [src4] query-migrate args={}
QMP reply [src4] query-migrate: {'expected-downtime': 300, 'status': 'active', 'setup-time': 2, 'total-time': 19678, 'ram': {'total': 8607571968, 'postcopy-requests': 0, 'dirty-sync-count': 1, 'multifd-bytes': 0, 'pages-per-second': 33000, 'downtime-bytes': 0, 'page-size': 4096, 'remaining': 2681442304, 'postcopy-bytes': 0, 'mbps': 1082.14704, 'transferred': 2664517176, 'dirty-sync-missed-zero-copy': 0, 'precopy-bytes': 2664514889, 'duplicate': 799314, 'dirty-pages-rate': 0, 'normal-bytes': 2652139520, 'normal': 647495}}
2026-07-15 02:16:51.194427SSH command: ssh -o BatchMode=yes -o StrictHostKeyChecking=no -o UserKnownHostsFile=/dev/null -o ConnectTimeout=1 -o LogLevel=ERROR -p 2225 -i /home/max/.ssh/pgvm_bench user@127.0.0.1 test -f /tmp/bench.done
Return code: 1
Stdout: 
Stderr: 
QMP cmd [src4] query-migrate args={}
QMP reply [src4] query-migrate: {'expected-downtime': 300, 'status': 'active', 'setup-time': 2, 'total-time': 19879, 'ram': {'total': 8607571968, 'postcopy-requests': 0, 'dirty-sync-count': 1, 'multifd-bytes': 0, 'pages-per-second': 32980, 'downtime-bytes': 0, 'page-size': 4096, 'remaining': 2654416896, 'postcopy-bytes': 0, 'mbps': 1082.1456, 'transferred': 2691570834, 'dirty-sync-missed-zero-copy': 0, 'precopy-bytes': 2691568527, 'duplicate': 799320, 'dirty-pages-rate': 0, 'normal-bytes': 2679140352, 'normal': 654087}}
QMP cmd [src4] query-migrate args={}
QMP reply [src4] query-migrate: {'expected-downtime': 300, 'status': 'active', 'setup-time': 2, 'total-time': 20080, 'ram': {'total': 8607571968, 'postcopy-requests': 0, 'dirty-sync-count': 1, 'multifd-bytes': 0, 'pages-per-second': 32980, 'downtime-bytes': 0, 'page-size': 4096, 'remaining': 2627383296, 'postcopy-bytes': 0, 'mbps': 1082.1456, 'transferred': 2718624510, 'dirty-sync-missed-zero-copy': 0, 'precopy-bytes': 2718622183, 'duplicate': 799328, 'dirty-pages-rate': 0, 'normal-bytes': 2706141184, 'normal': 660679}}
QMP cmd [src4] query-migrate args={}
QMP reply [src4] query-migrate: {'expected-downtime': 300, 'status': 'active', 'setup-time': 2, 'total-time': 20281, 'ram': {'total': 8607571968, 'postcopy-requests': 0, 'dirty-sync-count': 1, 'multifd-bytes': 0, 'pages-per-second': 33120, 'downtime-bytes': 0, 'page-size': 4096, 'remaining': 2600161280, 'postcopy-bytes': 0, 'mbps': 1082.1556799999998, 'transferred': 2745678600, 'dirty-sync-missed-zero-copy': 0, 'precopy-bytes': 2745676253, 'duplicate': 799382, 'dirty-pages-rate': 0, 'normal-bytes': 2733142016, 'normal': 667271}}
QMP cmd [src4] query-migrate args={}
QMP reply [src4] query-migrate: {'expected-downtime': 300, 'status': 'active', 'setup-time': 2, 'total-time': 20481, 'ram': {'total': 8607571968, 'postcopy-requests': 0, 'dirty-sync-count': 1, 'multifd-bytes': 0, 'pages-per-second': 33400, 'downtime-bytes': 0, 'page-size': 4096, 'remaining': 2572906496, 'postcopy-bytes': 0, 'mbps': 1082.17584, 'transferred': 2772732762, 'dirty-sync-missed-zero-copy': 0, 'precopy-bytes': 2772730395, 'duplicate': 799444, 'dirty-pages-rate': 0, 'normal-bytes': 2760142848, 'normal': 673863}}
QMP cmd [src4] query-migrate args={}
QMP reply [src4] query-migrate: {'expected-downtime': 300, 'status': 'active', 'setup-time': 2, 'total-time': 20682, 'ram': {'total': 8607571968, 'postcopy-requests': 0, 'dirty-sync-count': 1, 'multifd-bytes': 0, 'pages-per-second': 33980, 'downtime-bytes': 0, 'page-size': 4096, 'remaining': 2544553984, 'postcopy-bytes': 0, 'mbps': 1082.2176000000002, 'transferred': 2799789336, 'dirty-sync-missed-zero-copy': 0, 'precopy-bytes': 2799786949, 'duplicate': 799774, 'dirty-pages-rate': 0, 'normal-bytes': 2787143680, 'normal': 680455}}
QMP cmd [src4] query-migrate args={}
QMP reply [src4] query-migrate: {'expected-downtime': 300, 'status': 'active', 'setup-time': 2, 'total-time': 20883, 'ram': {'total': 8607571968, 'postcopy-requests': 0, 'dirty-sync-count': 1, 'multifd-bytes': 0, 'pages-per-second': 35540, 'downtime-bytes': 0, 'page-size': 4096, 'remaining': 2515292160, 'postcopy-bytes': 0, 'mbps': 1082.32992, 'transferred': 2826847908, 'dirty-sync-missed-zero-copy': 0, 'precopy-bytes': 2826845501, 'duplicate': 800326, 'dirty-pages-rate': 0, 'normal-bytes': 2814144512, 'normal': 687047}}
QMP cmd [src4] query-migrate args={}
QMP reply [src4] query-migrate: {'expected-downtime': 300, 'status': 'active', 'setup-time': 2, 'total-time': 21084, 'ram': {'total': 8607571968, 'postcopy-requests': 0, 'dirty-sync-count': 1, 'multifd-bytes': 0, 'pages-per-second': 40810, 'downtime-bytes': 0, 'page-size': 4096, 'remaining': 2484068352, 'postcopy-bytes': 0, 'mbps': 1082.70936, 'transferred': 2853910791, 'dirty-sync-missed-zero-copy': 0, 'precopy-bytes': 2853908364, 'duplicate': 801357, 'dirty-pages-rate': 0, 'normal-bytes': 2841145344, 'normal': 693639}}
QMP cmd [src4] query-migrate args={}
QMP reply [src4] query-migrate: {'expected-downtime': 300, 'status': 'active', 'setup-time': 2, 'total-time': 21284, 'ram': {'total': 8607571968, 'postcopy-requests': 0, 'dirty-sync-count': 1, 'multifd-bytes': 0, 'pages-per-second': 34720, 'downtime-bytes': 0, 'page-size': 4096, 'remaining': 2455445504, 'postcopy-bytes': 0, 'mbps': 1082.2708799999998, 'transferred': 2880967959, 'dirty-sync-missed-zero-copy': 0, 'precopy-bytes': 2880965512, 'duplicate': 801753, 'dirty-pages-rate': 0, 'normal-bytes': 2868146176, 'normal': 700231}}
QMP cmd [src4] query-migrate args={}
QMP reply [src4] query-migrate: {'expected-downtime': 300, 'status': 'active', 'setup-time': 2, 'total-time': 21485, 'ram': {'total': 8607571968, 'postcopy-requests': 0, 'dirty-sync-count': 1, 'multifd-bytes': 0, 'pages-per-second': 36320, 'downtime-bytes': 0, 'page-size': 4096, 'remaining': 2426363904, 'postcopy-bytes': 0, 'mbps': 1082.38608, 'transferred': 2908026135, 'dirty-sync-missed-zero-copy': 0, 'precopy-bytes': 2908023668, 'duplicate': 802261, 'dirty-pages-rate': 0, 'normal-bytes': 2895147008, 'normal': 706823}}
QMP cmd [src4] query-migrate args={}
QMP reply [src4] query-migrate: {'expected-downtime': 300, 'status': 'active', 'setup-time': 2, 'total-time': 21686, 'ram': {'total': 8607571968, 'postcopy-requests': 0, 'dirty-sync-count': 1, 'multifd-bytes': 0, 'pages-per-second': 34130, 'downtime-bytes': 0, 'page-size': 4096, 'remaining': 2398883840, 'postcopy-bytes': 0, 'mbps': 1082.2284, 'transferred': 2935080792, 'dirty-sync-missed-zero-copy': 0, 'precopy-bytes': 2935078305, 'duplicate': 802378, 'dirty-pages-rate': 0, 'normal-bytes': 2922147840, 'normal': 713415}}
QMP cmd [src4] query-migrate args={}
QMP reply [src4] query-migrate: {'expected-downtime': 300, 'status': 'active', 'setup-time': 2, 'total-time': 21887, 'ram': {'total': 8607571968, 'postcopy-requests': 0, 'dirty-sync-count': 1, 'multifd-bytes': 0, 'pages-per-second': 33120, 'downtime-bytes': 0, 'page-size': 4096, 'remaining': 2370953216, 'postcopy-bytes': 0, 'mbps': 1082.1556799999998, 'transferred': 2962136439, 'dirty-sync-missed-zero-copy': 0, 'precopy-bytes': 2962133932, 'duplicate': 802605, 'dirty-pages-rate': 0, 'normal-bytes': 2949148672, 'normal': 720007}}
2026-07-15 02:16:53.363827SSH command: ssh -o BatchMode=yes -o StrictHostKeyChecking=no -o UserKnownHostsFile=/dev/null -o ConnectTimeout=1 -o LogLevel=ERROR -p 2225 -i /home/max/.ssh/pgvm_bench user@127.0.0.1 test -f /tmp/bench.done
Return code: 1
Stdout: 
Stderr: 
QMP cmd [src4] query-migrate args={}
QMP reply [src4] query-migrate: {'expected-downtime': 300, 'status': 'active', 'setup-time': 2, 'total-time': 22088, 'ram': {'total': 8607571968, 'postcopy-requests': 0, 'dirty-sync-count': 1, 'multifd-bytes': 0, 'pages-per-second': 39530, 'downtime-bytes': 0, 'page-size': 4096, 'remaining': 2340761600, 'postcopy-bytes': 0, 'mbps': 1082.6172, 'transferred': 2989197054, 'dirty-sync-missed-zero-copy': 0, 'precopy-bytes': 2989194527, 'duplicate': 803384, 'dirty-pages-rate': 0, 'normal-bytes': 2976149504, 'normal': 726599}}
QMP cmd [src4] query-migrate args={}
QMP reply [src4] query-migrate: {'expected-downtime': 300, 'status': 'active', 'setup-time': 2, 'total-time': 22289, 'ram': {'total': 8607571968, 'postcopy-requests': 0, 'dirty-sync-count': 1, 'multifd-bytes': 0, 'pages-per-second': 33200, 'downtime-bytes': 0, 'page-size': 4096, 'remaining': 2313474048, 'postcopy-bytes': 0, 'mbps': 1082.1614399999999, 'transferred': 3016251288, 'dirty-sync-missed-zero-copy': 0, 'precopy-bytes': 3016248741, 'duplicate': 803454, 'dirty-pages-rate': 0, 'normal-bytes': 3003150336, 'normal': 733191}}
QMP cmd [src4] query-migrate args={}
QMP reply [src4] query-migrate: {'expected-downtime': 300, 'status': 'active', 'setup-time': 2, 'total-time': 22489, 'ram': {'total': 8607571968, 'postcopy-requests': 0, 'dirty-sync-count': 1, 'multifd-bytes': 0, 'pages-per-second': 32960, 'downtime-bytes': 0, 'page-size': 4096, 'remaining': 2286473216, 'postcopy-bytes': 0, 'mbps': 1082.1441599999998, 'transferred': 3043304892, 'dirty-sync-missed-zero-copy': 0, 'precopy-bytes': 3043302325, 'duplicate': 803454, 'dirty-pages-rate': 0, 'normal-bytes': 3030151168, 'normal': 739783}}
QMP cmd [src4] query-migrate args={}
QMP reply [src4] query-migrate: {'expected-downtime': 300, 'status': 'active', 'setup-time': 2, 'total-time': 22690, 'ram': {'total': 8607571968, 'postcopy-requests': 0, 'dirty-sync-count': 1, 'multifd-bytes': 0, 'pages-per-second': 32960, 'downtime-bytes': 0, 'page-size': 4096, 'remaining': 2259382272, 'postcopy-bytes': 0, 'mbps': 1082.1441599999998, 'transferred': 3070358694, 'dirty-sync-missed-zero-copy': 0, 'precopy-bytes': 3070356107, 'duplicate': 803476, 'dirty-pages-rate': 0, 'normal-bytes': 3057152000, 'normal': 746375}}
QMP cmd [src4] query-migrate args={}
QMP reply [src4] query-migrate: {'expected-downtime': 300, 'status': 'active', 'setup-time': 2, 'total-time': 22891, 'ram': {'total': 8607571968, 'postcopy-requests': 0, 'dirty-sync-count': 1, 'multifd-bytes': 0, 'pages-per-second': 33240, 'downtime-bytes': 0, 'page-size': 4096, 'remaining': 2229972992, 'postcopy-bytes': 0, 'mbps': 1082.16432, 'transferred': 3097417590, 'dirty-sync-missed-zero-copy': 0, 'precopy-bytes': 3097414983, 'duplicate': 804064, 'dirty-pages-rate': 0, 'normal-bytes': 3084152832, 'normal': 752967}}
QMP cmd [src4] query-migrate args={}
QMP reply [src4] query-migrate: {'expected-downtime': 300, 'status': 'active', 'setup-time': 2, 'total-time': 23091, 'ram': {'total': 8607571968, 'postcopy-requests': 0, 'dirty-sync-count': 1, 'multifd-bytes': 0, 'pages-per-second': 33340, 'downtime-bytes': 0, 'page-size': 4096, 'remaining': 2202390528, 'postcopy-bytes': 0, 'mbps': 1082.17152, 'transferred': 3124472472, 'dirty-sync-missed-zero-copy': 0, 'precopy-bytes': 3124469845, 'duplicate': 804206, 'dirty-pages-rate': 0, 'normal-bytes': 3111153664, 'normal': 759559}}
QMP cmd [src4] query-migrate args={}
QMP reply [src4] query-migrate: {'expected-downtime': 300, 'status': 'active', 'setup-time': 2, 'total-time': 23292, 'ram': {'total': 8607571968, 'postcopy-requests': 0, 'dirty-sync-count': 1, 'multifd-bytes': 0, 'pages-per-second': 32960, 'downtime-bytes': 0, 'page-size': 4096, 'remaining': 2174988288, 'postcopy-bytes': 0, 'mbps': 1082.1441599999998, 'transferred': 3151526958, 'dirty-sync-missed-zero-copy': 0, 'precopy-bytes': 3151524311, 'duplicate': 804304, 'dirty-pages-rate': 0, 'normal-bytes': 3138154496, 'normal': 766151}}
QMP cmd [src4] query-migrate args={}
QMP reply [src4] query-migrate: {'expected-downtime': 300, 'status': 'active', 'setup-time': 2, 'total-time': 23493, 'ram': {'total': 8607571968, 'postcopy-requests': 0, 'dirty-sync-count': 1, 'multifd-bytes': 0, 'pages-per-second': 33780, 'downtime-bytes': 0, 'page-size': 4096, 'remaining': 2147536896, 'postcopy-bytes': 0, 'mbps': 1082.2032, 'transferred': 3178581552, 'dirty-sync-missed-zero-copy': 0, 'precopy-bytes': 3178578885, 'duplicate': 804414, 'dirty-pages-rate': 0, 'normal-bytes': 3165155328, 'normal': 772743}}
QMP cmd [src4] query-migrate args={}
QMP reply [src4] query-migrate: {'expected-downtime': 300, 'status': 'active', 'setup-time': 2, 'total-time': 23694, 'ram': {'total': 8607571968, 'postcopy-requests': 0, 'dirty-sync-count': 1, 'multifd-bytes': 0, 'pages-per-second': 33220, 'downtime-bytes': 0, 'page-size': 4096, 'remaining': 2120085504, 'postcopy-bytes': 0, 'mbps': 1082.1628799999999, 'transferred': 3205636146, 'dirty-sync-missed-zero-copy': 0, 'precopy-bytes': 3205633459, 'duplicate': 804524, 'dirty-pages-rate': 0, 'normal-bytes': 3192156160, 'normal': 779335}}
QMP cmd [src4] query-migrate args={}
QMP reply [src4] query-migrate: {'expected-downtime': 300, 'status': 'active', 'setup-time': 2, 'total-time': 23894, 'ram': {'total': 8607571968, 'postcopy-requests': 0, 'dirty-sync-count': 1, 'multifd-bytes': 0, 'pages-per-second': 32960, 'downtime-bytes': 0, 'page-size': 4096, 'remaining': 2092994560, 'postcopy-bytes': 0, 'mbps': 1082.1441599999998, 'transferred': 3232689948, 'dirty-sync-missed-zero-copy': 0, 'precopy-bytes': 3232687241, 'duplicate': 804546, 'dirty-pages-rate': 0, 'normal-bytes': 3219156992, 'normal': 785927}}
2026-07-15 02:16:55.530759SSH command: ssh -o BatchMode=yes -o StrictHostKeyChecking=no -o UserKnownHostsFile=/dev/null -o ConnectTimeout=1 -o LogLevel=ERROR -p 2225 -i /home/max/.ssh/pgvm_bench user@127.0.0.1 test -f /tmp/bench.done
Return code: 1
Stdout: 
Stderr: 
qemu-system-x86_64: terminating on signal 15 from pid 51735 (/home/max/Bachelor-Thesis/Repo/.venv/bin/python)
QMP cmd [src4] query-migrate args={}
QMP reply [src4] query-migrate: {'expected-downtime': 300, 'status': 'active', 'setup-time': 2, 'total-time': 24095, 'ram': {'total': 8607571968, 'postcopy-requests': 0, 'dirty-sync-count': 1, 'multifd-bytes': 0, 'pages-per-second': 32960, 'downtime-bytes': 0, 'page-size': 4096, 'remaining': 2065993728, 'postcopy-bytes': 0, 'mbps': 1082.1441599999998, 'transferred': 3259743552, 'dirty-sync-missed-zero-copy': 0, 'precopy-bytes': 3259740825, 'duplicate': 804546, 'dirty-pages-rate': 0, 'normal-bytes': 3246157824, 'normal': 792519}}
QMP cmd [src4] query-migrate args={}
QMP reply [src4] query-migrate: {'expected-downtime': 300, 'status': 'active', 'setup-time': 2, 'total-time': 24296, 'ram': {'total': 8607571968, 'postcopy-requests': 0, 'dirty-sync-count': 1, 'multifd-bytes': 0, 'pages-per-second': 33220, 'downtime-bytes': 0, 'page-size': 4096, 'remaining': 2038484992, 'postcopy-bytes': 0, 'mbps': 1082.1628799999999, 'transferred': 3286798272, 'dirty-sync-missed-zero-copy': 0, 'precopy-bytes': 3286795525, 'duplicate': 804670, 'dirty-pages-rate': 0, 'normal-bytes': 3273158656, 'normal': 799111}}
QMP cmd [src4] query-migrate args={}
QMP reply [src4] query-migrate: {'expected-downtime': 300, 'status': 'active', 'setup-time': 2, 'total-time': 24497, 'ram': {'total': 8607571968, 'postcopy-requests': 0, 'dirty-sync-count': 1, 'multifd-bytes': 0, 'pages-per-second': 32960, 'downtime-bytes': 0, 'page-size': 4096, 'remaining': 2011467776, 'postcopy-bytes': 0, 'mbps': 1082.1441599999998, 'transferred': 3313851912, 'dirty-sync-missed-zero-copy': 0, 'precopy-bytes': 3313849145, 'duplicate': 804674, 'dirty-pages-rate': 0, 'normal-bytes': 3300159488, 'normal': 805703}}
QMP cmd [src4] query-migrate args={}
QMP reply [src4] query-migrate: {'expected-downtime': 300, 'status': 'active', 'setup-time': 2, 'total-time': 24698, 'ram': {'total': 8607571968, 'postcopy-requests': 0, 'dirty-sync-count': 1, 'multifd-bytes': 0, 'pages-per-second': 33740, 'downtime-bytes': 0, 'page-size': 4096, 'remaining': 1984049152, 'postcopy-bytes': 0, 'mbps': 1082.2003200000001, 'transferred': 3340906434, 'dirty-sync-missed-zero-copy': 0, 'precopy-bytes': 3340903647, 'duplicate': 804776, 'dirty-pages-rate': 0, 'normal-bytes': 3327160320, 'normal': 812295}}
QMP cmd [src4] query-migrate args={}
QMP reply [src4] query-migrate: {'expected-downtime': 300, 'status': 'active', 'setup-time': 2, 'total-time': 24899, 'ram': {'total': 8607571968, 'postcopy-requests': 0, 'dirty-sync-count': 1, 'multifd-bytes': 0, 'pages-per-second': 33860, 'downtime-bytes': 0, 'page-size': 4096, 'remaining': 1956589568, 'postcopy-bytes': 0, 'mbps': 1082.20896, 'transferred': 3367961046, 'dirty-sync-missed-zero-copy': 0, 'precopy-bytes': 3367958239, 'duplicate': 804888, 'dirty-pages-rate': 0, 'normal-bytes': 3354161152, 'normal': 818887}}
QMP cmd [src4] query-migrate args={}
QMP reply [src4] query-migrate: {'expected-downtime': 300, 'status': 'active', 'setup-time': 2, 'total-time': 25099, 'ram': {'total': 8607571968, 'postcopy-requests': 0, 'dirty-sync-count': 1, 'multifd-bytes': 0, 'pages-per-second': 33080, 'downtime-bytes': 0, 'page-size': 4096, 'remaining': 1928908800, 'postcopy-bytes': 0, 'mbps': 1082.1528, 'transferred': 3395016144, 'dirty-sync-missed-zero-copy': 0, 'precopy-bytes': 3395013317, 'duplicate': 805054, 'dirty-pages-rate': 0, 'normal-bytes': 3381161984, 'normal': 825479}}
QMP cmd [src4] migrate-start-postcopy args={}
QMP reply [src4] migrate-start-postcopy: {}
QMP cmd [src4] query-migrate args={}
QMP reply [src4] query-migrate: {'status': 'postcopy-active', 'setup-time': 2, 'downtime': 77, 'total-time': 25301, 'ram': {'total': 8607571968, 'postcopy-requests': 0, 'dirty-sync-count': 2, 'multifd-bytes': 0, 'pages-per-second': 257507, 'downtime-bytes': 0, 'page-size': 4096, 'remaining': 2775437312, 'postcopy-bytes': 311556073, 'mbps': 8219.5835625, 'transferred': 3707620858, 'dirty-sync-missed-zero-copy': 0, 'precopy-bytes': 3395013317, 'duplicate': 806520, 'dirty-pages-rate': 11314, 'normal-bytes': 3692097536, 'normal': 901391}}
QMP cmd [src4] query-migrate args={}
QMP reply [src4] query-migrate: {'status': 'postcopy-active', 'setup-time': 2, 'downtime': 77, 'total-time': 25502, 'ram': {'total': 8607571968, 'postcopy-requests': 0, 'dirty-sync-count': 2, 'multifd-bytes': 0, 'pages-per-second': 635627, 'downtime-bytes': 0, 'page-size': 4096, 'remaining': 2255503360, 'postcopy-bytes': 829331928, 'mbps': 20801.797411764706, 'transferred': 4225396753, 'dirty-sync-missed-zero-copy': 0, 'precopy-bytes': 3395013317, 'duplicate': 807295, 'dirty-pages-rate': 11314, 'normal-bytes': 4208857088, 'normal': 1027553}}
QMP cmd [src4] query-migrate args={}
QMP reply [src4] query-migrate: {'status': 'postcopy-active', 'setup-time': 2, 'downtime': 77, 'total-time': 25703, 'ram': {'total': 8607571968, 'postcopy-requests': 200, 'dirty-sync-count': 2, 'multifd-bytes': 0, 'pages-per-second': 749823, 'downtime-bytes': 0, 'page-size': 4096, 'remaining': 1555357696, 'postcopy-bytes': 1241824358, 'mbps': 18462.240470588236, 'transferred': 4637889223, 'dirty-sync-missed-zero-copy': 0, 'precopy-bytes': 3395013317, 'duplicate': 877874, 'dirty-pages-rate': 11314, 'normal-bytes': 4619911168, 'normal': 1127908}}
QMP cmd [src4] query-migrate args={}
QMP reply [src4] query-migrate: {'status': 'postcopy-active', 'setup-time': 2, 'downtime': 77, 'total-time': 25904, 'ram': {'total': 8607571968, 'postcopy-requests': 231, 'dirty-sync-count': 2, 'multifd-bytes': 0, 'pages-per-second': 1528844, 'downtime-bytes': 0, 'page-size': 4096, 'remaining': 219455488, 'postcopy-bytes': 1410619491, 'mbps': 5564.619310344828, 'transferred': 4806778858, 'dirty-sync-missed-zero-copy': 0, 'precopy-bytes': 3395013317, 'duplicate': 1163520, 'dirty-pages-rate': 11314, 'normal-bytes': 4785811456, 'normal': 1168411}}
QMP cmd [src4] query-migrate args={}
QMP reply [src4] query-migrate: {'status': 'completed', 'setup-time': 2, 'downtime': 77, 'total-time': 25944, 'ram': {'total': 8607571968, 'postcopy-requests': 231, 'dirty-sync-count': 2, 'multifd-bytes': 0, 'pages-per-second': 1528844, 'downtime-bytes': 0, 'page-size': 4096, 'remaining': 0, 'postcopy-bytes': 1411285993, 'mbps': 1482.5312324416004, 'transferred': 4807478154, 'dirty-sync-missed-zero-copy': 0, 'precopy-bytes': 3395013317, 'duplicate': 1217053, 'dirty-pages-rate': 0, 'normal-bytes': 4785995776, 'normal': 1168456}}
