2026-07-14 22:17:44.385721SSH command: ssh -o BatchMode=yes -o StrictHostKeyChecking=no -o UserKnownHostsFile=/dev/null -o ConnectTimeout=1 -o LogLevel=ERROR -p 2222 -i /home/max/.ssh/pgvm_bench user@127.0.0.1 systemd-analyze
Return code: 0
Stdout: Startup finished in 769ms (kernel) + 2.178s (userspace) = 2.948s 
graphical.target reached after 2.178s in userspace.

Stderr: 
2026-07-14 22:17:44.517064SSH command: ssh -o BatchMode=yes -o StrictHostKeyChecking=no -o UserKnownHostsFile=/dev/null -o ConnectTimeout=1 -o LogLevel=ERROR -p 2222 -i /home/max/.ssh/pgvm_bench user@127.0.0.1 rm -f /tmp/bench.done /tmp/pg-buffer-hit-ratio.csv /tmp/pg-buffer-sampler.log; nohup bash /home/user/pg_sampler.sh /tmp/bench.done /tmp/pg-buffer-hit-ratio.csv ycsb >/tmp/pg-buffer-sampler.log 2>&1 &
Return code: 0
Stdout: 
Stderr: 
QMP cmd [src1] migrate-set-capabilities args={'capabilities': [{'capability': 'auto-converge', 'state': False}, {'capability': 'events', 'state': True}, {'capability': 'postcopy-blocktime', 'state': True}, {'capability': 'postcopy-ram', 'state': True}]}
QMP cmd [src1] query-migrate args={}
QMP reply [src1] migrate-set-capabilities: {}
QMP cmd [src1] migrate args={'uri': 'unix:/tmp/mig.sock'}
QMP reply [src1] query-migrate: {}
QMP reply [src1] migrate: {}
2026-07-14 22:20:14.912868SSH command: ssh -o BatchMode=yes -o StrictHostKeyChecking=no -o UserKnownHostsFile=/dev/null -o ConnectTimeout=1 -o LogLevel=ERROR -p 2222 -i /home/max/.ssh/pgvm_bench user@127.0.0.1 test -f /tmp/bench.done
Return code: 1
Stdout: 
Stderr: 
qemu-system-x86_64: terminating on signal 15 from pid 28842 (/home/max/Bachelor-Thesis/Repo/.venv/bin/python)
QMP cmd [src1] query-migrate args={}
QMP reply [src1] query-migrate: {'expected-downtime': 300, 'status': 'active', 'setup-time': 1, 'total-time': 201, 'ram': {'total': 8607571968, 'postcopy-requests': 0, 'dirty-sync-count': 1, 'multifd-bytes': 0, 'pages-per-second': 35530, 'downtime-bytes': 0, 'page-size': 4096, 'remaining': 8574726144, 'postcopy-bytes': 0, 'mbps': 1082.3292, 'transferred': 29949373, 'dirty-sync-missed-zero-copy': 0, 'precopy-bytes': 30076258, 'duplicate': 691, 'dirty-pages-rate': 0, 'normal-bytes': 30011392, 'normal': 7327}}
QMP cmd [src1] migrate-start-postcopy args={}
QMP reply [src1] migrate-start-postcopy: {}
QMP cmd [src1] query-migrate args={}
QMP reply [src1] query-migrate: {'status': 'postcopy-active', 'setup-time': 1, 'downtime': 5, 'total-time': 403, 'ram': {'total': 8607571968, 'postcopy-requests': 4, 'dirty-sync-count': 2, 'multifd-bytes': 0, 'pages-per-second': 124370, 'downtime-bytes': 0, 'page-size': 4096, 'remaining': 7805386752, 'postcopy-bytes': 13182198, 'mbps': 1080.20808, 'transferred': 54295391, 'dirty-sync-missed-zero-copy': 0, 'precopy-bytes': 40562401, 'duplicate': 183151, 'dirty-pages-rate': 0, 'normal-bytes': 51994624, 'normal': 12694}}
QMP cmd [src1] query-migrate args={}
QMP reply [src1] query-migrate: {'status': 'postcopy-active', 'setup-time': 1, 'downtime': 5, 'total-time': 604, 'ram': {'total': 8607571968, 'postcopy-requests': 4, 'dirty-sync-count': 2, 'multifd-bytes': 0, 'pages-per-second': 1862854, 'downtime-bytes': 0, 'page-size': 4096, 'remaining': 6462201856, 'postcopy-bytes': 21174509, 'mbps': 134.12831067961167, 'transferred': 62243477, 'dirty-sync-missed-zero-copy': 0, 'precopy-bytes': 40562401, 'duplicate': 509848, 'dirty-pages-rate': 0, 'normal-bytes': 57036800, 'normal': 13925}}
QMP cmd [src1] query-migrate args={}
QMP reply [src1] query-migrate: {'status': 'postcopy-active', 'setup-time': 1, 'downtime': 5, 'total-time': 805, 'ram': {'total': 8607571968, 'postcopy-requests': 2029, 'dirty-sync-count': 2, 'multifd-bytes': 0, 'pages-per-second': 640019, 'downtime-bytes': 0, 'page-size': 4096, 'remaining': 5796945920, 'postcopy-bytes': 427988145, 'mbps': 17247.018117647058, 'transferred': 468965516, 'dirty-sync-missed-zero-copy': 0, 'precopy-bytes': 40562401, 'duplicate': 573277, 'dirty-pages-rate': 0, 'normal-bytes': 462487552, 'normal': 112912}}
QMP cmd [src1] query-migrate args={}
QMP reply [src1] query-migrate: {'status': 'postcopy-active', 'setup-time': 1, 'downtime': 5, 'total-time': 1006, 'ram': {'total': 8607571968, 'postcopy-requests': 2338, 'dirty-sync-count': 2, 'multifd-bytes': 0, 'pages-per-second': 828882, 'downtime-bytes': 0, 'page-size': 4096, 'remaining': 5192597504, 'postcopy-bytes': 906137891, 'mbps': 19030.291764705882, 'transferred': 947124860, 'dirty-sync-missed-zero-copy': 0, 'precopy-bytes': 40562401, 'duplicate': 604383, 'dirty-pages-rate': 0, 'normal-bytes': 939425792, 'normal': 229352}}
QMP cmd [src1] query-migrate args={}
QMP reply [src1] query-migrate: {'status': 'postcopy-active', 'setup-time': 1, 'downtime': 5, 'total-time': 1207, 'ram': {'total': 8607571968, 'postcopy-requests': 2420, 'dirty-sync-count': 2, 'multifd-bytes': 0, 'pages-per-second': 744176, 'downtime-bytes': 0, 'page-size': 4096, 'remaining': 4351406080, 'postcopy-bytes': 1325741764, 'mbps': 23615.089411764708, 'transferred': 1366713040, 'dirty-sync-missed-zero-copy': 0, 'precopy-bytes': 40562401, 'duplicate': 707736, 'dirty-pages-rate': 0, 'normal-bytes': 1357283328, 'normal': 331368}}
QMP cmd [src1] query-migrate args={}
QMP reply [src1] query-migrate: {'status': 'postcopy-active', 'setup-time': 1, 'downtime': 5, 'total-time': 1408, 'ram': {'total': 8607571968, 'postcopy-requests': 2592, 'dirty-sync-count': 2, 'multifd-bytes': 0, 'pages-per-second': 965944, 'downtime-bytes': 0, 'page-size': 4096, 'remaining': 3370881024, 'postcopy-bytes': 1725148289, 'mbps': 21038.680666666667, 'transferred': 1766229800, 'dirty-sync-missed-zero-copy': 0, 'precopy-bytes': 40562401, 'duplicate': 850114, 'dirty-pages-rate': 0, 'normal-bytes': 1754632192, 'normal': 428377}}
QMP cmd [src1] query-migrate args={}
QMP reply [src1] query-migrate: {'status': 'postcopy-active', 'setup-time': 1, 'downtime': 5, 'total-time': 1609, 'ram': {'total': 8607571968, 'postcopy-requests': 2592, 'dirty-sync-count': 2, 'multifd-bytes': 0, 'pages-per-second': 2022921, 'downtime-bytes': 0, 'page-size': 4096, 'remaining': 1750581248, 'postcopy-bytes': 1728708550, 'mbps': 145.65317647058822, 'transferred': 1769790100, 'dirty-sync-missed-zero-copy': 0, 'precopy-bytes': 40562401, 'duplicate': 1245695, 'dirty-pages-rate': 0, 'normal-bytes': 1754632192, 'normal': 428377}}
QMP cmd [src1] query-migrate args={}
QMP reply [src1] query-migrate: {'status': 'postcopy-active', 'setup-time': 1, 'downtime': 5, 'total-time': 1810, 'ram': {'total': 8607571968, 'postcopy-requests': 2592, 'dirty-sync-count': 2, 'multifd-bytes': 0, 'pages-per-second': 1727403, 'downtime-bytes': 0, 'page-size': 4096, 'remaining': 339275776, 'postcopy-bytes': 1830843083, 'mbps': 7722.490846153847, 'transferred': 1871830202, 'dirty-sync-missed-zero-copy': 0, 'precopy-bytes': 40562401, 'duplicate': 1566067, 'dirty-pages-rate': 0, 'normal-bytes': 1853689856, 'normal': 452561}}
QMP cmd [src1] query-migrate args={}
QMP reply [src1] query-migrate: {'status': 'completed', 'setup-time': 1, 'downtime': 5, 'total-time': 1859, 'ram': {'total': 8607571968, 'postcopy-requests': 2592, 'dirty-sync-count': 2, 'multifd-bytes': 0, 'pages-per-second': 1727403, 'downtime-bytes': 0, 'page-size': 4096, 'remaining': 0, 'postcopy-bytes': 1854266689, 'mbps': 8160.951879440258, 'transferred': 1895381074, 'dirty-sync-missed-zero-copy': 0, 'precopy-bytes': 40562401, 'duplicate': 1643361, 'dirty-pages-rate': 0, 'normal-bytes': 1876373504, 'normal': 458099}}
