2026-07-14 22:41:45.506448SSH command: ssh -o BatchMode=yes -o StrictHostKeyChecking=no -o UserKnownHostsFile=/dev/null -o ConnectTimeout=1 -o LogLevel=ERROR -p 2226 -i /home/max/.ssh/pgvm_bench user@127.0.0.1 systemd-analyze
Return code: 0
Stdout: Startup finished in 789ms (kernel) + 2.233s (userspace) = 3.023s 
graphical.target reached after 2.233s in userspace.

Stderr: 
2026-07-14 22:41:45.642177SSH command: ssh -o BatchMode=yes -o StrictHostKeyChecking=no -o UserKnownHostsFile=/dev/null -o ConnectTimeout=1 -o LogLevel=ERROR -p 2226 -i /home/max/.ssh/pgvm_bench user@127.0.0.1 rm -f /tmp/bench.done /tmp/pg-buffer-hit-ratio.csv /tmp/pg-buffer-sampler.log; nohup bash /home/user/pg_sampler.sh /tmp/bench.done /tmp/pg-buffer-hit-ratio.csv ycsb >/tmp/pg-buffer-sampler.log 2>&1 &
Return code: 0
Stdout: 
Stderr: 
QMP cmd [src5] migrate-set-capabilities args={'capabilities': [{'capability': 'auto-converge', 'state': False}, {'capability': 'events', 'state': True}, {'capability': 'postcopy-blocktime', 'state': True}, {'capability': 'postcopy-ram', 'state': True}]}
QMP cmd [src5] query-migrate args={}
QMP reply [src5] migrate-set-capabilities: {}
QMP cmd [src5] migrate args={'uri': 'unix:/tmp/mig.sock'}
QMP reply [src5] query-migrate: {}
QMP reply [src5] migrate: {}
2026-07-14 22:44:16.048317SSH command: ssh -o BatchMode=yes -o StrictHostKeyChecking=no -o UserKnownHostsFile=/dev/null -o ConnectTimeout=1 -o LogLevel=ERROR -p 2226 -i /home/max/.ssh/pgvm_bench user@127.0.0.1 test -f /tmp/bench.done
Return code: 1
Stdout: 
Stderr: 
qemu-system-x86_64: terminating on signal 15 from pid 28842 (/home/max/Bachelor-Thesis/Repo/.venv/bin/python)
QMP cmd [src5] query-migrate args={}
QMP reply [src5] query-migrate: {'expected-downtime': 300, 'status': 'active', 'setup-time': 1, 'total-time': 201, 'ram': {'total': 8607571968, 'postcopy-requests': 0, 'dirty-sync-count': 1, 'multifd-bytes': 0, 'pages-per-second': 35530, 'downtime-bytes': 0, 'page-size': 4096, 'remaining': 8566743040, 'postcopy-bytes': 0, 'mbps': 1082.3292, 'transferred': 30868669, 'dirty-sync-missed-zero-copy': 0, 'precopy-bytes': 30908705, 'duplicate': 2441, 'dirty-pages-rate': 0, 'normal-bytes': 30826496, 'normal': 7526}}
QMP cmd [src5] migrate-start-postcopy args={}
QMP reply [src5] migrate-start-postcopy: {}
QMP cmd [src5] query-migrate args={}
QMP reply [src5] query-migrate: {'status': 'postcopy-active', 'setup-time': 1, 'downtime': 5, 'total-time': 403, 'ram': {'total': 8607571968, 'postcopy-requests': 3, 'dirty-sync-count': 2, 'multifd-bytes': 0, 'pages-per-second': 124370, 'downtime-bytes': 0, 'page-size': 4096, 'remaining': 7820009472, 'postcopy-bytes': 13150068, 'mbps': 1080.20808, 'transferred': 54252959, 'dirty-sync-missed-zero-copy': 0, 'precopy-bytes': 40562401, 'duplicate': 179583, 'dirty-pages-rate': 0, 'normal-bytes': 51994624, 'normal': 12694}}
QMP cmd [src5] query-migrate args={}
QMP reply [src5] query-migrate: {'status': 'postcopy-active', 'setup-time': 1, 'downtime': 5, 'total-time': 603, 'ram': {'total': 8607571968, 'postcopy-requests': 3, 'dirty-sync-count': 2, 'multifd-bytes': 0, 'pages-per-second': 1606233, 'downtime-bytes': 0, 'page-size': 4096, 'remaining': 6819188736, 'postcopy-bytes': 211864132, 'mbps': 693.8814757281554, 'transferred': 252850940, 'dirty-sync-missed-zero-copy': 0, 'precopy-bytes': 40562401, 'duplicate': 375935, 'dirty-pages-rate': 0, 'normal-bytes': 248557568, 'normal': 60683}}
QMP cmd [src5] query-migrate args={}
QMP reply [src5] query-migrate: {'status': 'postcopy-active', 'setup-time': 1, 'downtime': 5, 'total-time': 805, 'ram': {'total': 8607571968, 'postcopy-requests': 1435, 'dirty-sync-count': 2, 'multifd-bytes': 0, 'pages-per-second': 619514, 'downtime-bytes': 0, 'page-size': 4096, 'remaining': 6193356800, 'postcopy-bytes': 612829514, 'mbps': 17574.39922330097, 'transferred': 653814165, 'dirty-sync-missed-zero-copy': 0, 'precopy-bytes': 40562401, 'duplicate': 431146, 'dirty-pages-rate': 0, 'normal-bytes': 648245248, 'normal': 158263}}
QMP cmd [src5] query-migrate args={}
QMP reply [src5] query-migrate: {'status': 'postcopy-active', 'setup-time': 1, 'downtime': 5, 'total-time': 1006, 'ram': {'total': 8607571968, 'postcopy-requests': 1748, 'dirty-sync-count': 2, 'multifd-bytes': 0, 'pages-per-second': 897883, 'downtime-bytes': 0, 'page-size': 4096, 'remaining': 5469962240, 'postcopy-bytes': 1021904304, 'mbps': 14527.077203883495, 'transferred': 1062891273, 'dirty-sync-missed-zero-copy': 0, 'precopy-bytes': 40562401, 'duplicate': 508248, 'dirty-pages-rate': 0, 'normal-bytes': 1055830016, 'normal': 257771}}
QMP cmd [src5] query-migrate args={}
QMP reply [src5] query-migrate: {'status': 'postcopy-active', 'setup-time': 1, 'downtime': 5, 'total-time': 1207, 'ram': {'total': 8607571968, 'postcopy-requests': 1872, 'dirty-sync-count': 2, 'multifd-bytes': 0, 'pages-per-second': 1174303, 'downtime-bytes': 0, 'page-size': 4096, 'remaining': 4661862400, 'postcopy-bytes': 1466664920, 'mbps': 13474.324928571428, 'transferred': 1507651929, 'dirty-sync-missed-zero-copy': 0, 'precopy-bytes': 40562401, 'duplicate': 597361, 'dirty-pages-rate': 0, 'normal-bytes': 1498923008, 'normal': 365948}}
QMP cmd [src5] query-migrate args={}
QMP reply [src5] query-migrate: {'status': 'postcopy-active', 'setup-time': 1, 'downtime': 5, 'total-time': 1408, 'ram': {'total': 8607571968, 'postcopy-requests': 1907, 'dirty-sync-count': 2, 'multifd-bytes': 0, 'pages-per-second': 973905, 'downtime-bytes': 0, 'page-size': 4096, 'remaining': 3594219520, 'postcopy-bytes': 1808400353, 'mbps': 18769.593735849056, 'transferred': 1849485272, 'dirty-sync-missed-zero-copy': 0, 'precopy-bytes': 40562401, 'duplicate': 775138, 'dirty-pages-rate': 0, 'normal-bytes': 1838395392, 'normal': 448827}}
QMP cmd [src5] query-migrate args={}
QMP reply [src5] query-migrate: {'status': 'postcopy-active', 'setup-time': 1, 'downtime': 5, 'total-time': 1609, 'ram': {'total': 8607571968, 'postcopy-requests': 1907, 'dirty-sync-count': 2, 'multifd-bytes': 0, 'pages-per-second': 1926537, 'downtime-bytes': 0, 'page-size': 4096, 'remaining': 1931603968, 'postcopy-bytes': 1812053576, 'mbps': 138.71333333333334, 'transferred': 1853135121, 'dirty-sync-missed-zero-copy': 0, 'precopy-bytes': 40562401, 'duplicate': 1181050, 'dirty-pages-rate': 0, 'normal-bytes': 1838395392, 'normal': 448827}}
QMP cmd [src5] query-migrate args={}
QMP reply [src5] query-migrate: {'status': 'postcopy-active', 'setup-time': 1, 'downtime': 5, 'total-time': 1810, 'ram': {'total': 8607571968, 'postcopy-requests': 1907, 'dirty-sync-count': 2, 'multifd-bytes': 0, 'pages-per-second': 1903873, 'downtime-bytes': 0, 'page-size': 4096, 'remaining': 523419648, 'postcopy-bytes': 1896949483, 'mbps': 1033.9971891891892, 'transferred': 1938049525, 'dirty-sync-missed-zero-copy': 0, 'precopy-bytes': 40562401, 'duplicate': 1504868, 'dirty-pages-rate': 0, 'normal-bytes': 1920217088, 'normal': 468803}}
QMP cmd [src5] query-migrate args={}
QMP reply [src5] query-migrate: {'status': 'completed', 'setup-time': 1, 'downtime': 5, 'total-time': 1881, 'ram': {'total': 8607571968, 'postcopy-requests': 1907, 'dirty-sync-count': 2, 'multifd-bytes': 0, 'pages-per-second': 1903873, 'downtime-bytes': 0, 'page-size': 4096, 'remaining': 0, 'postcopy-bytes': 1904999675, 'mbps': 8281.336425531914, 'transferred': 1946114060, 'dirty-sync-missed-zero-copy': 0, 'precopy-bytes': 40562401, 'duplicate': 1630972, 'dirty-pages-rate': 0, 'normal-bytes': 1927118848, 'normal': 470488}}
