2026-07-14 22:59:44.581664SSH command: ssh -o BatchMode=yes -o StrictHostKeyChecking=no -o UserKnownHostsFile=/dev/null -o ConnectTimeout=1 -o LogLevel=ERROR -p 2229 -i /home/max/.ssh/pgvm_bench user@127.0.0.1 systemd-analyze
Return code: 0
Stdout: Startup finished in 790ms (kernel) + 2.222s (userspace) = 3.013s 
graphical.target reached after 2.221s in userspace.

Stderr: 
2026-07-14 22:59:44.726539SSH command: ssh -o BatchMode=yes -o StrictHostKeyChecking=no -o UserKnownHostsFile=/dev/null -o ConnectTimeout=1 -o LogLevel=ERROR -p 2229 -i /home/max/.ssh/pgvm_bench user@127.0.0.1 rm -f /tmp/bench.done /tmp/pg-buffer-hit-ratio.csv /tmp/pg-buffer-sampler.log; nohup bash /home/user/pg_sampler.sh /tmp/bench.done /tmp/pg-buffer-hit-ratio.csv ycsb >/tmp/pg-buffer-sampler.log 2>&1 &
Return code: 0
Stdout: 
Stderr: 
QMP cmd [src8] migrate-set-capabilities args={'capabilities': [{'capability': 'auto-converge', 'state': False}, {'capability': 'events', 'state': True}, {'capability': 'postcopy-blocktime', 'state': True}, {'capability': 'postcopy-ram', 'state': True}]}
QMP cmd [src8] query-migrate args={}
QMP reply [src8] migrate-set-capabilities: {}
QMP cmd [src8] migrate args={'uri': 'unix:/tmp/mig.sock'}
QMP reply [src8] query-migrate: {}
QMP reply [src8] migrate: {}
2026-07-14 23:02:15.143050SSH command: ssh -o BatchMode=yes -o StrictHostKeyChecking=no -o UserKnownHostsFile=/dev/null -o ConnectTimeout=1 -o LogLevel=ERROR -p 2229 -i /home/max/.ssh/pgvm_bench user@127.0.0.1 test -f /tmp/bench.done
Return code: 1
Stdout: 
Stderr: 
qemu-system-x86_64: terminating on signal 15 from pid 28842 (/home/max/Bachelor-Thesis/Repo/.venv/bin/python)
QMP cmd [src8] query-migrate args={}
QMP reply [src8] query-migrate: {'expected-downtime': 300, 'status': 'active', 'setup-time': 1, 'total-time': 201, 'ram': {'total': 8607571968, 'postcopy-requests': 0, 'dirty-sync-count': 1, 'multifd-bytes': 0, 'pages-per-second': 37300, 'downtime-bytes': 0, 'page-size': 4096, 'remaining': 8577740800, 'postcopy-bytes': 0, 'mbps': 1082.4825600000001, 'transferred': 27060147, 'dirty-sync-missed-zero-copy': 0, 'precopy-bytes': 27059810, 'duplicate': 691, 'dirty-pages-rate': 0, 'normal-bytes': 27000832, 'normal': 6592}}
QMP cmd [src8] migrate-start-postcopy args={}
QMP reply [src8] migrate-start-postcopy: {}
QMP cmd [src8] query-migrate args={}
QMP reply [src8] query-migrate: {'status': 'postcopy-active', 'setup-time': 1, 'downtime': 5, 'total-time': 402, 'ram': {'total': 8607571968, 'postcopy-requests': 4, 'dirty-sync-count': 2, 'multifd-bytes': 0, 'pages-per-second': 124370, 'downtime-bytes': 0, 'page-size': 4096, 'remaining': 8196902912, 'postcopy-bytes': 193157141, 'mbps': 1080.20808, 'transferred': 234143990, 'dirty-sync-missed-zero-copy': 0, 'precopy-bytes': 40562401, 'duplicate': 43408, 'dirty-pages-rate': 0, 'normal-bytes': 232873984, 'normal': 56854}}
QMP cmd [src8] query-migrate args={}
QMP reply [src8] query-migrate: {'status': 'postcopy-active', 'setup-time': 1, 'downtime': 5, 'total-time': 603, 'ram': {'total': 8607571968, 'postcopy-requests': 4, 'dirty-sync-count': 2, 'multifd-bytes': 0, 'pages-per-second': 873160, 'downtime-bytes': 0, 'page-size': 4096, 'remaining': 7160901632, 'postcopy-bytes': 456039335, 'mbps': 17526.87514285714, 'transferred': 497120691, 'dirty-sync-missed-zero-copy': 0, 'precopy-bytes': 40562401, 'duplicate': 232699, 'dirty-pages-rate': 0, 'normal-bytes': 493543424, 'normal': 120494}}
QMP cmd [src8] query-migrate args={}
QMP reply [src8] query-migrate: {'status': 'postcopy-active', 'setup-time': 1, 'downtime': 5, 'total-time': 805, 'ram': {'total': 8607571968, 'postcopy-requests': 2301, 'dirty-sync-count': 2, 'multifd-bytes': 0, 'pages-per-second': 934921, 'downtime-bytes': 0, 'page-size': 4096, 'remaining': 6405836800, 'postcopy-bytes': 733574662, 'mbps': 9338.088078431374, 'transferred': 774561591, 'dirty-sync-missed-zero-copy': 0, 'precopy-bytes': 40562401, 'duplicate': 349671, 'dirty-pages-rate': 0, 'normal-bytes': 769486848, 'normal': 187863}}
QMP cmd [src8] query-migrate args={}
QMP reply [src8] query-migrate: {'status': 'postcopy-active', 'setup-time': 1, 'downtime': 5, 'total-time': 1006, 'ram': {'total': 8607571968, 'postcopy-requests': 2671, 'dirty-sync-count': 2, 'multifd-bytes': 0, 'pages-per-second': 680176, 'downtime-bytes': 0, 'page-size': 4096, 'remaining': 5840064512, 'postcopy-bytes': 1274940148, 'mbps': 21884.157882352945, 'transferred': 1315926828, 'dirty-sync-missed-zero-copy': 0, 'precopy-bytes': 40562401, 'duplicate': 355900, 'dirty-pages-rate': 0, 'normal-bytes': 1309741056, 'normal': 319761}}
QMP cmd [src8] query-migrate args={}
QMP reply [src8] query-migrate: {'status': 'postcopy-active', 'setup-time': 1, 'downtime': 5, 'total-time': 1207, 'ram': {'total': 8607571968, 'postcopy-requests': 2706, 'dirty-sync-count': 2, 'multifd-bytes': 0, 'pages-per-second': 756098, 'downtime-bytes': 0, 'page-size': 4096, 'remaining': 4886876160, 'postcopy-bytes': 1666497753, 'mbps': 22575.978352941176, 'transferred': 1707579232, 'dirty-sync-missed-zero-copy': 0, 'precopy-bytes': 40562401, 'duplicate': 493507, 'dirty-pages-rate': 0, 'normal-bytes': 1699299328, 'normal': 414868}}
QMP cmd [src8] query-migrate args={}
QMP reply [src8] query-migrate: {'status': 'postcopy-active', 'setup-time': 1, 'downtime': 5, 'total-time': 1408, 'ram': {'total': 8607571968, 'postcopy-requests': 2749, 'dirty-sync-count': 2, 'multifd-bytes': 0, 'pages-per-second': 1881865, 'downtime-bytes': 0, 'page-size': 4096, 'remaining': 3509264384, 'postcopy-bytes': 1784381423, 'mbps': 3271.952076923077, 'transferred': 1825490474, 'dirty-sync-missed-zero-copy': 0, 'precopy-bytes': 40562401, 'duplicate': 801789, 'dirty-pages-rate': 0, 'normal-bytes': 1814183936, 'normal': 442916}}
QMP cmd [src8] query-migrate args={}
QMP reply [src8] query-migrate: {'status': 'postcopy-active', 'setup-time': 1, 'downtime': 5, 'total-time': 1609, 'ram': {'total': 8607571968, 'postcopy-requests': 2749, 'dirty-sync-count': 2, 'multifd-bytes': 0, 'pages-per-second': 1698660, 'downtime-bytes': 0, 'page-size': 4096, 'remaining': 1966198784, 'postcopy-bytes': 1871764526, 'mbps': 5374.726018348624, 'transferred': 1912873769, 'dirty-sync-missed-zero-copy': 0, 'precopy-bytes': 40562401, 'duplicate': 1158003, 'dirty-pages-rate': 0, 'normal-bytes': 1898196992, 'normal': 463427}}
QMP cmd [src8] query-migrate args={}
QMP reply [src8] query-migrate: {'status': 'postcopy-active', 'setup-time': 1, 'downtime': 5, 'total-time': 1810, 'ram': {'total': 8607571968, 'postcopy-requests': 2749, 'dirty-sync-count': 2, 'multifd-bytes': 0, 'pages-per-second': 1991651, 'downtime-bytes': 0, 'page-size': 4096, 'remaining': 356483072, 'postcopy-bytes': 1875301522, 'mbps': 143.40154128440366, 'transferred': 1916383112, 'dirty-sync-missed-zero-copy': 0, 'precopy-bytes': 40562401, 'duplicate': 1551001, 'dirty-pages-rate': 0, 'normal-bytes': 1898196992, 'normal': 463427}}
QMP cmd [src8] query-migrate args={}
QMP reply [src8] query-migrate: {'status': 'completed', 'setup-time': 1, 'downtime': 5, 'total-time': 1868, 'ram': {'total': 8607571968, 'postcopy-requests': 2749, 'dirty-sync-count': 2, 'multifd-bytes': 0, 'pages-per-second': 1991651, 'downtime-bytes': 0, 'page-size': 4096, 'remaining': 0, 'postcopy-bytes': 1880658950, 'mbps': 8234.700953401178, 'transferred': 1921773335, 'dirty-sync-missed-zero-copy': 0, 'precopy-bytes': 40562401, 'duplicate': 1636916, 'dirty-pages-rate': 0, 'normal-bytes': 1902772224, 'normal': 464544}}
