2026-07-14 22:29:45.838986SSH command: ssh -o BatchMode=yes -o StrictHostKeyChecking=no -o UserKnownHostsFile=/dev/null -o ConnectTimeout=1 -o LogLevel=ERROR -p 2224 -i /home/max/.ssh/pgvm_bench user@127.0.0.1 systemd-analyze
Return code: 0
Stdout: Startup finished in 800ms (kernel) + 2.220s (userspace) = 3.021s 
graphical.target reached after 2.220s in userspace.

Stderr: 
2026-07-14 22:29:45.981796SSH command: ssh -o BatchMode=yes -o StrictHostKeyChecking=no -o UserKnownHostsFile=/dev/null -o ConnectTimeout=1 -o LogLevel=ERROR -p 2224 -i /home/max/.ssh/pgvm_bench user@127.0.0.1 rm -f /tmp/bench.done /tmp/pg-buffer-hit-ratio.csv /tmp/pg-buffer-sampler.log; nohup bash /home/user/pg_sampler.sh /tmp/bench.done /tmp/pg-buffer-hit-ratio.csv ycsb >/tmp/pg-buffer-sampler.log 2>&1 &
Return code: 0
Stdout: 
Stderr: 
QMP cmd [src3] migrate-set-capabilities args={'capabilities': [{'capability': 'auto-converge', 'state': False}, {'capability': 'events', 'state': True}, {'capability': 'postcopy-blocktime', 'state': True}, {'capability': 'postcopy-ram', 'state': True}]}
QMP cmd [src3] query-migrate args={}
QMP reply [src3] migrate-set-capabilities: {}
QMP cmd [src3] migrate args={'uri': 'unix:/tmp/mig.sock'}
QMP reply [src3] query-migrate: {}
QMP reply [src3] migrate: {}
2026-07-14 22:32:16.403222SSH command: ssh -o BatchMode=yes -o StrictHostKeyChecking=no -o UserKnownHostsFile=/dev/null -o ConnectTimeout=1 -o LogLevel=ERROR -p 2224 -i /home/max/.ssh/pgvm_bench user@127.0.0.1 test -f /tmp/bench.done
Return code: 1
Stdout: 
Stderr: 
qemu-system-x86_64: terminating on signal 15 from pid 28842 (/home/max/Bachelor-Thesis/Repo/.venv/bin/python)
QMP cmd [src3] query-migrate args={}
QMP reply [src3] query-migrate: {'expected-downtime': 300, 'status': 'active', 'setup-time': 2, 'total-time': 201, 'ram': {'total': 8607571968, 'postcopy-requests': 0, 'dirty-sync-count': 1, 'multifd-bytes': 0, 'pages-per-second': 35530, 'downtime-bytes': 0, 'page-size': 4096, 'remaining': 8569073664, 'postcopy-bytes': 0, 'mbps': 1082.3292, 'transferred': 30868669, 'dirty-sync-missed-zero-copy': 0, 'precopy-bytes': 30903575, 'duplicate': 1872, 'dirty-pages-rate': 0, 'normal-bytes': 30826496, 'normal': 7526}}
QMP cmd [src3] migrate-start-postcopy args={}
QMP reply [src3] migrate-start-postcopy: {}
QMP cmd [src3] query-migrate args={}
QMP reply [src3] query-migrate: {'status': 'postcopy-active', 'setup-time': 2, 'downtime': 4, 'total-time': 403, 'ram': {'total': 8607571968, 'postcopy-requests': 3, 'dirty-sync-count': 2, 'multifd-bytes': 0, 'pages-per-second': 124370, 'downtime-bytes': 0, 'page-size': 4096, 'remaining': 7849857024, 'postcopy-bytes': 13240103, 'mbps': 1080.20808, 'transferred': 54226952, 'dirty-sync-missed-zero-copy': 0, 'precopy-bytes': 40562401, 'duplicate': 172258, 'dirty-pages-rate': 0, 'normal-bytes': 52150272, 'normal': 12732}}
QMP cmd [src3] query-migrate args={}
QMP reply [src3] query-migrate: {'status': 'postcopy-active', 'setup-time': 2, 'downtime': 4, 'total-time': 604, 'ram': {'total': 8607571968, 'postcopy-requests': 3, 'dirty-sync-count': 2, 'multifd-bytes': 0, 'pages-per-second': 1804462, 'downtime-bytes': 0, 'page-size': 4096, 'remaining': 6405521408, 'postcopy-bytes': 28600436, 'mbps': 689.2706666666667, 'transferred': 69681797, 'dirty-sync-missed-zero-copy': 0, 'precopy-bytes': 40562401, 'duplicate': 521904, 'dirty-pages-rate': 0, 'normal-bytes': 64339968, 'normal': 15708}}
QMP cmd [src3] query-migrate args={}
QMP reply [src3] query-migrate: {'status': 'postcopy-active', 'setup-time': 2, 'downtime': 4, 'total-time': 806, 'ram': {'total': 8607571968, 'postcopy-requests': 2598, 'dirty-sync-count': 2, 'multifd-bytes': 0, 'pages-per-second': 943705, 'downtime-bytes': 0, 'page-size': 4096, 'remaining': 5665095680, 'postcopy-bytes': 326406599, 'mbps': 8589.737019607845, 'transferred': 367470450, 'dirty-sync-missed-zero-copy': 0, 'precopy-bytes': 40562401, 'duplicate': 630344, 'dirty-pages-rate': 0, 'normal-bytes': 360591360, 'normal': 88035}}
QMP cmd [src3] query-migrate args={}
QMP reply [src3] query-migrate: {'status': 'postcopy-active', 'setup-time': 2, 'downtime': 4, 'total-time': 1006, 'ram': {'total': 8607571968, 'postcopy-requests': 2951, 'dirty-sync-count': 2, 'multifd-bytes': 0, 'pages-per-second': 953117, 'downtime-bytes': 0, 'page-size': 4096, 'remaining': 4761485312, 'postcopy-bytes': 596078166, 'mbps': 12485.630823529413, 'transferred': 637065135, 'dirty-sync-missed-zero-copy': 0, 'precopy-bytes': 40562401, 'duplicate': 785583, 'dirty-pages-rate': 0, 'normal-bytes': 628342784, 'normal': 153404}}
QMP cmd [src3] query-migrate args={}
QMP reply [src3] query-migrate: {'status': 'postcopy-active', 'setup-time': 2, 'downtime': 4, 'total-time': 1207, 'ram': {'total': 8607571968, 'postcopy-requests': 3135, 'dirty-sync-count': 2, 'multifd-bytes': 0, 'pages-per-second': 735392, 'downtime-bytes': 0, 'page-size': 4096, 'remaining': 4051783680, 'postcopy-bytes': 1089975455, 'mbps': 22662.489882352944, 'transferred': 1130962464, 'dirty-sync-missed-zero-copy': 0, 'precopy-bytes': 40562401, 'duplicate': 838621, 'dirty-pages-rate': 0, 'normal-bytes': 1120800768, 'normal': 273633}}
QMP cmd [src3] query-migrate args={}
QMP reply [src3] query-migrate: {'status': 'postcopy-active', 'setup-time': 2, 'downtime': 4, 'total-time': 1408, 'ram': {'total': 8607571968, 'postcopy-requests': 3332, 'dirty-sync-count': 2, 'multifd-bytes': 0, 'pages-per-second': 731980, 'downtime-bytes': 0, 'page-size': 4096, 'remaining': 3198779392, 'postcopy-bytes': 1547533166, 'mbps': 22939.223067961168, 'transferred': 1588645247, 'dirty-sync-missed-zero-copy': 0, 'precopy-bytes': 40562401, 'duplicate': 935596, 'dirty-pages-rate': 0, 'normal-bytes': 1576595456, 'normal': 384911}}
QMP cmd [src3] query-migrate args={}
QMP reply [src3] query-migrate: {'status': 'postcopy-active', 'setup-time': 2, 'downtime': 4, 'total-time': 1609, 'ram': {'total': 8607571968, 'postcopy-requests': 3340, 'dirty-sync-count': 2, 'multifd-bytes': 0, 'pages-per-second': 1565883, 'downtime-bytes': 0, 'page-size': 4096, 'remaining': 1827708928, 'postcopy-bytes': 1718936291, 'mbps': 9627.888, 'transferred': 1760017839, 'dirty-sync-missed-zero-copy': 0, 'precopy-bytes': 40562401, 'duplicate': 1229210, 'dirty-pages-rate': 0, 'normal-bytes': 1745027072, 'normal': 426032}}
QMP cmd [src3] query-migrate args={}
QMP reply [src3] query-migrate: {'status': 'postcopy-active', 'setup-time': 2, 'downtime': 4, 'total-time': 1810, 'ram': {'total': 8607571968, 'postcopy-requests': 3343, 'dirty-sync-count': 2, 'multifd-bytes': 0, 'pages-per-second': 1995600, 'downtime-bytes': 0, 'page-size': 4096, 'remaining': 452079616, 'postcopy-bytes': 1802053059, 'mbps': 143.68594285714286, 'transferred': 1843040178, 'dirty-sync-missed-zero-copy': 0, 'precopy-bytes': 40562401, 'duplicate': 1545497, 'dirty-pages-rate': 0, 'normal-bytes': 1825140736, 'normal': 445591}}
QMP cmd [src3] query-migrate args={}
QMP reply [src3] query-migrate: {'status': 'completed', 'setup-time': 2, 'downtime': 4, 'total-time': 1880, 'ram': {'total': 8607571968, 'postcopy-requests': 3343, 'dirty-sync-count': 2, 'multifd-bytes': 0, 'pages-per-second': 1995600, 'downtime-bytes': 0, 'page-size': 4096, 'remaining': 0, 'postcopy-bytes': 1861936610, 'mbps': 8106.71350372737, 'transferred': 1903050995, 'dirty-sync-missed-zero-copy': 0, 'precopy-bytes': 40562401, 'duplicate': 1641488, 'dirty-pages-rate': 0, 'normal-bytes': 1884045312, 'normal': 459972}}
