2026-07-14 20:48:27.487874SSH command: ssh -o BatchMode=yes -o StrictHostKeyChecking=no -o UserKnownHostsFile=/dev/null -o ConnectTimeout=1 -o LogLevel=ERROR -p 2230 -i /home/max/.ssh/pgvm_bench user@127.0.0.1 systemd-analyze
Return code: 0
Stdout: Startup finished in 828ms (kernel) + 3.174s (userspace) = 4.002s 
graphical.target reached after 3.174s in userspace.

Stderr: 
2026-07-14 20:48:27.634477SSH command: ssh -o BatchMode=yes -o StrictHostKeyChecking=no -o UserKnownHostsFile=/dev/null -o ConnectTimeout=1 -o LogLevel=ERROR -p 2230 -i /home/max/.ssh/pgvm_bench user@127.0.0.1 rm -f /tmp/bench.done /tmp/pg-buffer-hit-ratio.csv /tmp/pg-buffer-sampler.log; nohup bash /home/user/pg_sampler.sh /tmp/bench.done /tmp/pg-buffer-hit-ratio.csv ycsb >/tmp/pg-buffer-sampler.log 2>&1 &
Return code: 0
Stdout: 
Stderr: 
QMP cmd [src9] migrate-set-capabilities args={'capabilities': [{'capability': 'auto-converge', 'state': False}, {'capability': 'events', 'state': True}, {'capability': 'postcopy-blocktime', 'state': False}, {'capability': 'postcopy-ram', 'state': False}]}
QMP cmd [src9] query-migrate args={}
QMP reply [src9] migrate-set-capabilities: {}
QMP cmd [src9] migrate args={'uri': 'unix:/tmp/mig.sock'}
QMP reply [src9] query-migrate: {}
QMP reply [src9] migrate: {}
2026-07-14 20:50:58.037908SSH command: ssh -o BatchMode=yes -o StrictHostKeyChecking=no -o UserKnownHostsFile=/dev/null -o ConnectTimeout=1 -o LogLevel=ERROR -p 2230 -i /home/max/.ssh/pgvm_bench user@127.0.0.1 test -f /tmp/bench.done
Return code: 1
Stdout: 
Stderr: 
QMP cmd [src9] query-migrate args={}
QMP reply [src9] query-migrate: {'expected-downtime': 300, 'status': 'active', 'setup-time': 3, 'total-time': 201, 'ram': {'total': 8607571968, 'postcopy-requests': 0, 'dirty-sync-count': 1, 'multifd-bytes': 0, 'pages-per-second': 35530, 'downtime-bytes': 0, 'page-size': 4096, 'remaining': 8565125120, 'postcopy-bytes': 0, 'mbps': 1082.3292, 'transferred': 30868634, 'dirty-sync-missed-zero-copy': 0, 'precopy-bytes': 30912251, 'duplicate': 2835, 'dirty-pages-rate': 0, 'normal-bytes': 30826496, 'normal': 7526}}
QMP cmd [src9] query-migrate args={}
QMP reply [src9] query-migrate: {'expected-downtime': 300, 'status': 'active', 'setup-time': 3, 'total-time': 401, 'ram': {'total': 8607571968, 'postcopy-requests': 0, 'dirty-sync-count': 1, 'multifd-bytes': 0, 'pages-per-second': 2045870, 'downtime-bytes': 0, 'page-size': 4096, 'remaining': 7682519040, 'postcopy-bytes': 0, 'mbps': 1074.08448, 'transferred': 60161195, 'dirty-sync-missed-zero-copy': 0, 'precopy-bytes': 60288095, 'duplicate': 211616, 'dirty-pages-rate': 0, 'normal-bytes': 58269696, 'normal': 14226}}
QMP cmd [src9] query-migrate args={}
QMP reply [src9] query-migrate: {'expected-downtime': 300, 'status': 'active', 'setup-time': 3, 'total-time': 602, 'ram': {'total': 8607571968, 'postcopy-requests': 0, 'dirty-sync-count': 1, 'multifd-bytes': 0, 'pages-per-second': 144800, 'downtime-bytes': 0, 'page-size': 4096, 'remaining': 5350424576, 'postcopy-bytes': 0, 'mbps': 1083.64464, 'transferred': 88630769, 'dirty-sync-missed-zero-copy': 0, 'precopy-bytes': 88757937, 'duplicate': 775274, 'dirty-pages-rate': 0, 'normal-bytes': 81620992, 'normal': 19927}}
QMP cmd [src9] query-migrate args={}
QMP reply [src9] query-migrate: {'expected-downtime': 300, 'status': 'active', 'setup-time': 3, 'total-time': 803, 'ram': {'total': 8607571968, 'postcopy-requests': 0, 'dirty-sync-count': 1, 'multifd-bytes': 0, 'pages-per-second': 42790, 'downtime-bytes': 0, 'page-size': 4096, 'remaining': 5310898176, 'postcopy-bytes': 0, 'mbps': 1082.8519199999998, 'transferred': 121478239, 'dirty-sync-missed-zero-copy': 0, 'precopy-bytes': 121477867, 'duplicate': 776956, 'dirty-pages-rate': 0, 'normal-bytes': 114262016, 'normal': 27896}}
QMP cmd [src9] query-migrate args={}
QMP reply [src9] query-migrate: {'expected-downtime': 300, 'status': 'active', 'setup-time': 3, 'total-time': 1004, 'ram': {'total': 8607571968, 'postcopy-requests': 0, 'dirty-sync-count': 1, 'multifd-bytes': 0, 'pages-per-second': 45150, 'downtime-bytes': 0, 'page-size': 4096, 'remaining': 5270581248, 'postcopy-bytes': 0, 'mbps': 1083.02184, 'transferred': 148429766, 'dirty-sync-missed-zero-copy': 0, 'precopy-bytes': 148556606, 'duplicate': 780207, 'dirty-pages-rate': 0, 'normal-bytes': 141258752, 'normal': 34487}}
QMP cmd [src9] query-migrate args={}
QMP reply [src9] query-migrate: {'expected-downtime': 300, 'status': 'active', 'setup-time': 3, 'total-time': 1204, 'ram': {'total': 8607571968, 'postcopy-requests': 0, 'dirty-sync-count': 1, 'multifd-bytes': 0, 'pages-per-second': 33020, 'downtime-bytes': 0, 'page-size': 4096, 'remaining': 5242454016, 'postcopy-bytes': 0, 'mbps': 1082.14848, 'transferred': 175617181, 'dirty-sync-missed-zero-copy': 0, 'precopy-bytes': 175616769, 'duplicate': 780482, 'dirty-pages-rate': 0, 'normal-bytes': 168263680, 'normal': 41080}}
QMP cmd [src9] query-migrate args={}
QMP reply [src9] query-migrate: {'expected-downtime': 300, 'status': 'active', 'setup-time': 3, 'total-time': 1405, 'ram': {'total': 8607571968, 'postcopy-requests': 0, 'dirty-sync-count': 1, 'multifd-bytes': 0, 'pages-per-second': 33950, 'downtime-bytes': 0, 'page-size': 4096, 'remaining': 5213093888, 'postcopy-bytes': 0, 'mbps': 1082.21544, 'transferred': 202675969, 'dirty-sync-missed-zero-copy': 0, 'precopy-bytes': 202675537, 'duplicate': 781058, 'dirty-pages-rate': 0, 'normal-bytes': 195264512, 'normal': 47672}}
QMP cmd [src9] query-migrate args={}
QMP reply [src9] query-migrate: {'expected-downtime': 300, 'status': 'active', 'setup-time': 3, 'total-time': 1606, 'ram': {'total': 8607571968, 'postcopy-requests': 0, 'dirty-sync-count': 1, 'multifd-bytes': 0, 'pages-per-second': 49240, 'downtime-bytes': 0, 'page-size': 4096, 'remaining': 5177212928, 'postcopy-bytes': 0, 'mbps': 1083.3163200000001, 'transferred': 229749085, 'dirty-sync-missed-zero-copy': 0, 'precopy-bytes': 229748633, 'duplicate': 783226, 'dirty-pages-rate': 0, 'normal-bytes': 222265344, 'normal': 54264}}
QMP cmd [src9] query-migrate args={}
QMP reply [src9] query-migrate: {'expected-downtime': 300, 'status': 'active', 'setup-time': 3, 'total-time': 1807, 'ram': {'total': 8607571968, 'postcopy-requests': 0, 'dirty-sync-count': 1, 'multifd-bytes': 0, 'pages-per-second': 81670, 'downtime-bytes': 0, 'page-size': 4096, 'remaining': 5124763648, 'postcopy-bytes': 0, 'mbps': 1076.15088, 'transferred': 256739851, 'dirty-sync-missed-zero-copy': 0, 'precopy-bytes': 256739379, 'duplicate': 789468, 'dirty-pages-rate': 0, 'normal-bytes': 249147392, 'normal': 60827}}
QMP cmd [src9] query-migrate args={}
QMP reply [src9] query-migrate: {'expected-downtime': 300, 'status': 'active', 'setup-time': 3, 'total-time': 2008, 'ram': {'total': 8607571968, 'postcopy-requests': 0, 'dirty-sync-count': 1, 'multifd-bytes': 0, 'pages-per-second': 43630, 'downtime-bytes': 0, 'page-size': 4096, 'remaining': 5093343232, 'postcopy-bytes': 0, 'mbps': 1082.9124, 'transferred': 283803166, 'dirty-sync-missed-zero-copy': 0, 'precopy-bytes': 283802674, 'duplicate': 790547, 'dirty-pages-rate': 0, 'normal-bytes': 276148224, 'normal': 67419}}
QMP cmd [src9] query-migrate args={}
QMP reply [src9] query-migrate: {'expected-downtime': 300, 'status': 'active', 'setup-time': 3, 'total-time': 2209, 'ram': {'total': 8607571968, 'postcopy-requests': 0, 'dirty-sync-count': 1, 'multifd-bytes': 0, 'pages-per-second': 34060, 'downtime-bytes': 0, 'page-size': 4096, 'remaining': 5065682944, 'postcopy-bytes': 0, 'mbps': 1082.2233600000002, 'transferred': 310858219, 'dirty-sync-missed-zero-copy': 0, 'precopy-bytes': 310857707, 'duplicate': 790708, 'dirty-pages-rate': 0, 'normal-bytes': 303149056, 'normal': 74011}}
2026-07-14 20:51:00.207965SSH command: ssh -o BatchMode=yes -o StrictHostKeyChecking=no -o UserKnownHostsFile=/dev/null -o ConnectTimeout=1 -o LogLevel=ERROR -p 2230 -i /home/max/.ssh/pgvm_bench user@127.0.0.1 test -f /tmp/bench.done
Return code: 1
Stdout: 
Stderr: 
QMP cmd [src9] query-migrate args={}
QMP reply [src9] query-migrate: {'expected-downtime': 300, 'status': 'active', 'setup-time': 3, 'total-time': 2410, 'ram': {'total': 8607571968, 'postcopy-requests': 0, 'dirty-sync-count': 1, 'multifd-bytes': 0, 'pages-per-second': 32980, 'downtime-bytes': 0, 'page-size': 4096, 'remaining': 5034176512, 'postcopy-bytes': 0, 'mbps': 1082.1456, 'transferred': 337921723, 'dirty-sync-missed-zero-copy': 0, 'precopy-bytes': 337921191, 'duplicate': 791808, 'dirty-pages-rate': 0, 'normal-bytes': 330149888, 'normal': 80603}}
QMP cmd [src9] query-migrate args={}
QMP reply [src9] query-migrate: {'expected-downtime': 300, 'status': 'active', 'setup-time': 3, 'total-time': 2611, 'ram': {'total': 8607571968, 'postcopy-requests': 0, 'dirty-sync-count': 1, 'multifd-bytes': 0, 'pages-per-second': 48810, 'downtime-bytes': 0, 'page-size': 4096, 'remaining': 4996100096, 'postcopy-bytes': 0, 'mbps': 1083.28536, 'transferred': 364999663, 'dirty-sync-missed-zero-copy': 0, 'precopy-bytes': 364999111, 'duplicate': 794512, 'dirty-pages-rate': 0, 'normal-bytes': 357150720, 'normal': 87195}}
QMP cmd [src9] query-migrate args={}
QMP reply [src9] query-migrate: {'expected-downtime': 300, 'status': 'active', 'setup-time': 3, 'total-time': 2811, 'ram': {'total': 8607571968, 'postcopy-requests': 0, 'dirty-sync-count': 1, 'multifd-bytes': 0, 'pages-per-second': 33000, 'downtime-bytes': 0, 'page-size': 4096, 'remaining': 4969078784, 'postcopy-bytes': 0, 'mbps': 1082.14704, 'transferred': 392053312, 'dirty-sync-missed-zero-copy': 0, 'precopy-bytes': 392052740, 'duplicate': 794517, 'dirty-pages-rate': 0, 'normal-bytes': 384151552, 'normal': 93787}}
QMP cmd [src9] query-migrate args={}
QMP reply [src9] query-migrate: {'expected-downtime': 300, 'status': 'active', 'setup-time': 3, 'total-time': 3012, 'ram': {'total': 8607571968, 'postcopy-requests': 0, 'dirty-sync-count': 1, 'multifd-bytes': 0, 'pages-per-second': 33640, 'downtime-bytes': 0, 'page-size': 4096, 'remaining': 4941799424, 'postcopy-bytes': 0, 'mbps': 1082.1931200000001, 'transferred': 419107528, 'dirty-sync-missed-zero-copy': 0, 'precopy-bytes': 419106936, 'duplicate': 794585, 'dirty-pages-rate': 0, 'normal-bytes': 411152384, 'normal': 100379}}
QMP cmd [src9] query-migrate args={}
QMP reply [src9] query-migrate: {'expected-downtime': 300, 'status': 'active', 'setup-time': 3, 'total-time': 3213, 'ram': {'total': 8607571968, 'postcopy-requests': 0, 'dirty-sync-count': 1, 'multifd-bytes': 0, 'pages-per-second': 34740, 'downtime-bytes': 0, 'page-size': 4096, 'remaining': 4913967104, 'postcopy-bytes': 0, 'mbps': 1082.27232, 'transferred': 446162959, 'dirty-sync-missed-zero-copy': 0, 'precopy-bytes': 446162347, 'duplicate': 794788, 'dirty-pages-rate': 0, 'normal-bytes': 438153216, 'normal': 106971}}
QMP cmd [src9] query-migrate args={}
QMP reply [src9] query-migrate: {'expected-downtime': 300, 'status': 'active', 'setup-time': 3, 'total-time': 3414, 'ram': {'total': 8607571968, 'postcopy-requests': 0, 'dirty-sync-count': 1, 'multifd-bytes': 0, 'pages-per-second': 33980, 'downtime-bytes': 0, 'page-size': 4096, 'remaining': 4886540288, 'postcopy-bytes': 0, 'mbps': 1082.2176000000002, 'transferred': 473217499, 'dirty-sync-missed-zero-copy': 0, 'precopy-bytes': 473216867, 'duplicate': 794892, 'dirty-pages-rate': 0, 'normal-bytes': 465154048, 'normal': 113563}}
QMP cmd [src9] query-migrate args={}
QMP reply [src9] query-migrate: {'expected-downtime': 300, 'status': 'active', 'setup-time': 3, 'total-time': 3615, 'ram': {'total': 8607571968, 'postcopy-requests': 0, 'dirty-sync-count': 1, 'multifd-bytes': 0, 'pages-per-second': 33980, 'downtime-bytes': 0, 'page-size': 4096, 'remaining': 4858802176, 'postcopy-bytes': 0, 'mbps': 1082.2176000000002, 'transferred': 500272723, 'dirty-sync-missed-zero-copy': 0, 'precopy-bytes': 500272071, 'duplicate': 795072, 'dirty-pages-rate': 0, 'normal-bytes': 492154880, 'normal': 120155}}
QMP cmd [src9] query-migrate args={}
QMP reply [src9] query-migrate: {'expected-downtime': 300, 'status': 'active', 'setup-time': 3, 'total-time': 3816, 'ram': {'total': 8607571968, 'postcopy-requests': 0, 'dirty-sync-count': 1, 'multifd-bytes': 0, 'pages-per-second': 33320, 'downtime-bytes': 0, 'page-size': 4096, 'remaining': 4831260672, 'postcopy-bytes': 0, 'mbps': 1082.17008, 'transferred': 527327515, 'dirty-sync-missed-zero-copy': 0, 'precopy-bytes': 527326843, 'duplicate': 795204, 'dirty-pages-rate': 0, 'normal-bytes': 519155712, 'normal': 126747}}
QMP cmd [src9] query-migrate args={}
QMP reply [src9] query-migrate: {'expected-downtime': 300, 'status': 'active', 'setup-time': 3, 'total-time': 4016, 'ram': {'total': 8607571968, 'postcopy-requests': 0, 'dirty-sync-count': 1, 'multifd-bytes': 0, 'pages-per-second': 33870, 'downtime-bytes': 0, 'page-size': 4096, 'remaining': 4803833856, 'postcopy-bytes': 0, 'mbps': 1082.20968, 'transferred': 554382055, 'dirty-sync-missed-zero-copy': 0, 'precopy-bytes': 554381363, 'duplicate': 795308, 'dirty-pages-rate': 0, 'normal-bytes': 546156544, 'normal': 133339}}
QMP cmd [src9] query-migrate args={}
QMP reply [src9] query-migrate: {'expected-downtime': 300, 'status': 'active', 'setup-time': 3, 'total-time': 4217, 'ram': {'total': 8607571968, 'postcopy-requests': 0, 'dirty-sync-count': 1, 'multifd-bytes': 0, 'pages-per-second': 33720, 'downtime-bytes': 0, 'page-size': 4096, 'remaining': 4775936000, 'postcopy-bytes': 0, 'mbps': 1082.19888, 'transferred': 581437630, 'dirty-sync-missed-zero-copy': 0, 'precopy-bytes': 581436918, 'duplicate': 795527, 'dirty-pages-rate': 0, 'normal-bytes': 573157376, 'normal': 139931}}
QMP cmd [src9] query-migrate args={}
QMP reply [src9] query-migrate: {'expected-downtime': 300, 'status': 'active', 'setup-time': 3, 'total-time': 4418, 'ram': {'total': 8607571968, 'postcopy-requests': 0, 'dirty-sync-count': 1, 'multifd-bytes': 0, 'pages-per-second': 32811, 'downtime-bytes': 0, 'page-size': 4096, 'remaining': 4748746752, 'postcopy-bytes': 0, 'mbps': 1071.4426930693069, 'transferred': 608491648, 'dirty-sync-missed-zero-copy': 0, 'precopy-bytes': 608490916, 'duplicate': 795573, 'dirty-pages-rate': 0, 'normal-bytes': 600158208, 'normal': 146523}}
2026-07-14 20:51:02.372963SSH command: ssh -o BatchMode=yes -o StrictHostKeyChecking=no -o UserKnownHostsFile=/dev/null -o ConnectTimeout=1 -o LogLevel=ERROR -p 2230 -i /home/max/.ssh/pgvm_bench user@127.0.0.1 test -f /tmp/bench.done
Return code: 1
Stdout: 
Stderr: 
QMP cmd [src9] query-migrate args={}
QMP reply [src9] query-migrate: {'expected-downtime': 300, 'status': 'active', 'setup-time': 3, 'total-time': 4619, 'ram': {'total': 8607571968, 'postcopy-requests': 0, 'dirty-sync-count': 1, 'multifd-bytes': 0, 'pages-per-second': 33350, 'downtime-bytes': 0, 'page-size': 4096, 'remaining': 4721192960, 'postcopy-bytes': 0, 'mbps': 1082.17224, 'transferred': 635546467, 'dirty-sync-missed-zero-copy': 0, 'precopy-bytes': 635545715, 'duplicate': 795708, 'dirty-pages-rate': 0, 'normal-bytes': 627159040, 'normal': 153115}}
QMP cmd [src9] query-migrate args={}
QMP reply [src9] query-migrate: {'expected-downtime': 300, 'status': 'active', 'setup-time': 3, 'total-time': 4819, 'ram': {'total': 8607571968, 'postcopy-requests': 0, 'dirty-sync-count': 1, 'multifd-bytes': 0, 'pages-per-second': 33560, 'downtime-bytes': 0, 'page-size': 4096, 'remaining': 4693929984, 'postcopy-bytes': 0, 'mbps': 1082.1873600000001, 'transferred': 662600647, 'dirty-sync-missed-zero-copy': 0, 'precopy-bytes': 662599875, 'duplicate': 795772, 'dirty-pages-rate': 0, 'normal-bytes': 654159872, 'normal': 159707}}
QMP cmd [src9] query-migrate args={}
QMP reply [src9] query-migrate: {'expected-downtime': 300, 'status': 'active', 'setup-time': 3, 'total-time': 5020, 'ram': {'total': 8607571968, 'postcopy-requests': 0, 'dirty-sync-count': 1, 'multifd-bytes': 0, 'pages-per-second': 33140, 'downtime-bytes': 0, 'page-size': 4096, 'remaining': 4666724352, 'postcopy-bytes': 0, 'mbps': 1082.15712, 'transferred': 689654701, 'dirty-sync-missed-zero-copy': 0, 'precopy-bytes': 689653909, 'duplicate': 795822, 'dirty-pages-rate': 0, 'normal-bytes': 681160704, 'normal': 166299}}
QMP cmd [src9] query-migrate args={}
QMP reply [src9] query-migrate: {'expected-downtime': 300, 'status': 'active', 'setup-time': 3, 'total-time': 5221, 'ram': {'total': 8607571968, 'postcopy-requests': 0, 'dirty-sync-count': 1, 'multifd-bytes': 0, 'pages-per-second': 33100, 'downtime-bytes': 0, 'page-size': 4096, 'remaining': 4639666176, 'postcopy-bytes': 0, 'mbps': 1082.15424, 'transferred': 716708431, 'dirty-sync-missed-zero-copy': 0, 'precopy-bytes': 716707619, 'duplicate': 795836, 'dirty-pages-rate': 0, 'normal-bytes': 708161536, 'normal': 172891}}
QMP cmd [src9] query-migrate args={}
QMP reply [src9] query-migrate: {'expected-downtime': 300, 'status': 'active', 'setup-time': 3, 'total-time': 5422, 'ram': {'total': 8607571968, 'postcopy-requests': 0, 'dirty-sync-count': 1, 'multifd-bytes': 0, 'pages-per-second': 33020, 'downtime-bytes': 0, 'page-size': 4096, 'remaining': 4612632576, 'postcopy-bytes': 0, 'mbps': 1082.14848, 'transferred': 743762107, 'dirty-sync-missed-zero-copy': 0, 'precopy-bytes': 743761275, 'duplicate': 795844, 'dirty-pages-rate': 0, 'normal-bytes': 735162368, 'normal': 179483}}
QMP cmd [src9] query-migrate args={}
QMP reply [src9] query-migrate: {'expected-downtime': 300, 'status': 'active', 'setup-time': 3, 'total-time': 5622, 'ram': {'total': 8607571968, 'postcopy-requests': 0, 'dirty-sync-count': 1, 'multifd-bytes': 0, 'pages-per-second': 33950, 'downtime-bytes': 0, 'page-size': 4096, 'remaining': 4585185280, 'postcopy-bytes': 0, 'mbps': 1082.21544, 'transferred': 770816692, 'dirty-sync-missed-zero-copy': 0, 'precopy-bytes': 770815840, 'duplicate': 795953, 'dirty-pages-rate': 0, 'normal-bytes': 762163200, 'normal': 186075}}
QMP cmd [src9] query-migrate args={}
QMP reply [src9] query-migrate: {'expected-downtime': 300, 'status': 'active', 'setup-time': 3, 'total-time': 5823, 'ram': {'total': 8607571968, 'postcopy-requests': 0, 'dirty-sync-count': 1, 'multifd-bytes': 0, 'pages-per-second': 43200, 'downtime-bytes': 0, 'page-size': 4096, 'remaining': 4553990144, 'postcopy-bytes': 0, 'mbps': 1082.8814399999999, 'transferred': 797879512, 'dirty-sync-missed-zero-copy': 0, 'precopy-bytes': 797878640, 'duplicate': 796977, 'dirty-pages-rate': 0, 'normal-bytes': 789164032, 'normal': 192667}}
QMP cmd [src9] query-migrate args={}
QMP reply [src9] query-migrate: {'expected-downtime': 300, 'status': 'active', 'setup-time': 3, 'total-time': 6024, 'ram': {'total': 8607571968, 'postcopy-requests': 0, 'dirty-sync-count': 1, 'multifd-bytes': 0, 'pages-per-second': 36200, 'downtime-bytes': 0, 'page-size': 4096, 'remaining': 4525654016, 'postcopy-bytes': 0, 'mbps': 1082.37744, 'transferred': 824936050, 'dirty-sync-missed-zero-copy': 0, 'precopy-bytes': 824935158, 'duplicate': 797303, 'dirty-pages-rate': 0, 'normal-bytes': 816164864, 'normal': 199259}}
QMP cmd [src9] query-migrate args={}
QMP reply [src9] query-migrate: {'expected-downtime': 300, 'status': 'active', 'setup-time': 3, 'total-time': 6225, 'ram': {'total': 8607571968, 'postcopy-requests': 0, 'dirty-sync-count': 1, 'multifd-bytes': 0, 'pages-per-second': 33040, 'downtime-bytes': 0, 'page-size': 4096, 'remaining': 4498604032, 'postcopy-bytes': 0, 'mbps': 1082.1499199999998, 'transferred': 851989762, 'dirty-sync-missed-zero-copy': 0, 'precopy-bytes': 851988850, 'duplicate': 797315, 'dirty-pages-rate': 0, 'normal-bytes': 843165696, 'normal': 205851}}
QMP cmd [src9] query-migrate args={}
QMP reply [src9] query-migrate: {'expected-downtime': 300, 'status': 'active', 'setup-time': 3, 'total-time': 6425, 'ram': {'total': 8607571968, 'postcopy-requests': 0, 'dirty-sync-count': 1, 'multifd-bytes': 0, 'pages-per-second': 33020, 'downtime-bytes': 0, 'page-size': 4096, 'remaining': 4471570432, 'postcopy-bytes': 0, 'mbps': 1082.14848, 'transferred': 879043438, 'dirty-sync-missed-zero-copy': 0, 'precopy-bytes': 879042506, 'duplicate': 797323, 'dirty-pages-rate': 0, 'normal-bytes': 870166528, 'normal': 212443}}
QMP cmd [src9] query-migrate args={}
QMP reply [src9] query-migrate: {'expected-downtime': 300, 'status': 'active', 'setup-time': 3, 'total-time': 6626, 'ram': {'total': 8607571968, 'postcopy-requests': 0, 'dirty-sync-count': 1, 'multifd-bytes': 0, 'pages-per-second': 32960, 'downtime-bytes': 0, 'page-size': 4096, 'remaining': 4444553216, 'postcopy-bytes': 0, 'mbps': 1082.1441599999998, 'transferred': 906097078, 'dirty-sync-missed-zero-copy': 0, 'precopy-bytes': 906096126, 'duplicate': 797327, 'dirty-pages-rate': 0, 'normal-bytes': 897167360, 'normal': 219035}}
2026-07-14 20:51:04.540532SSH command: ssh -o BatchMode=yes -o StrictHostKeyChecking=no -o UserKnownHostsFile=/dev/null -o ConnectTimeout=1 -o LogLevel=ERROR -p 2230 -i /home/max/.ssh/pgvm_bench user@127.0.0.1 test -f /tmp/bench.done
Return code: 1
Stdout: 
Stderr: 
QMP cmd [src9] query-migrate args={}
QMP reply [src9] query-migrate: {'expected-downtime': 300, 'status': 'active', 'setup-time': 3, 'total-time': 6827, 'ram': {'total': 8607571968, 'postcopy-requests': 0, 'dirty-sync-count': 1, 'multifd-bytes': 0, 'pages-per-second': 43990, 'downtime-bytes': 0, 'page-size': 4096, 'remaining': 4413026304, 'postcopy-bytes': 0, 'mbps': 1082.93832, 'transferred': 933160627, 'dirty-sync-missed-zero-copy': 0, 'precopy-bytes': 933159655, 'duplicate': 798432, 'dirty-pages-rate': 0, 'normal-bytes': 924168192, 'normal': 225627}}
QMP cmd [src9] query-migrate args={}
QMP reply [src9] query-migrate: {'expected-downtime': 300, 'status': 'active', 'setup-time': 3, 'total-time': 7028, 'ram': {'total': 8607571968, 'postcopy-requests': 0, 'dirty-sync-count': 1, 'multifd-bytes': 0, 'pages-per-second': 32960, 'downtime-bytes': 0, 'page-size': 4096, 'remaining': 4386000896, 'postcopy-bytes': 0, 'mbps': 1082.1441599999998, 'transferred': 960214285, 'dirty-sync-missed-zero-copy': 0, 'precopy-bytes': 960213293, 'duplicate': 798438, 'dirty-pages-rate': 0, 'normal-bytes': 951169024, 'normal': 232219}}
QMP cmd [src9] query-migrate args={}
QMP reply [src9] query-migrate: {'expected-downtime': 300, 'status': 'active', 'setup-time': 3, 'total-time': 7229, 'ram': {'total': 8607571968, 'postcopy-requests': 0, 'dirty-sync-count': 1, 'multifd-bytes': 0, 'pages-per-second': 32980, 'downtime-bytes': 0, 'page-size': 4096, 'remaining': 4358991872, 'postcopy-bytes': 0, 'mbps': 1082.1456, 'transferred': 987267907, 'dirty-sync-missed-zero-copy': 0, 'precopy-bytes': 987266895, 'duplicate': 798440, 'dirty-pages-rate': 0, 'normal-bytes': 978169856, 'normal': 238811}}
QMP cmd [src9] query-migrate args={}
QMP reply [src9] query-migrate: {'expected-downtime': 300, 'status': 'active', 'setup-time': 3, 'total-time': 7430, 'ram': {'total': 8607571968, 'postcopy-requests': 0, 'dirty-sync-count': 1, 'multifd-bytes': 0, 'pages-per-second': 33000, 'downtime-bytes': 0, 'page-size': 4096, 'remaining': 4331958272, 'postcopy-bytes': 0, 'mbps': 1082.14704, 'transferred': 1014321583, 'dirty-sync-missed-zero-copy': 0, 'precopy-bytes': 1014320551, 'duplicate': 798448, 'dirty-pages-rate': 0, 'normal-bytes': 1005170688, 'normal': 245403}}
QMP cmd [src9] query-migrate args={}
QMP reply [src9] query-migrate: {'expected-downtime': 300, 'status': 'active', 'setup-time': 3, 'total-time': 7630, 'ram': {'total': 8607571968, 'postcopy-requests': 0, 'dirty-sync-count': 1, 'multifd-bytes': 0, 'pages-per-second': 32960, 'downtime-bytes': 0, 'page-size': 4096, 'remaining': 4304744448, 'postcopy-bytes': 0, 'mbps': 1082.1441599999998, 'transferred': 1041375655, 'dirty-sync-missed-zero-copy': 0, 'precopy-bytes': 1041374603, 'duplicate': 798500, 'dirty-pages-rate': 0, 'normal-bytes': 1032171520, 'normal': 251995}}
QMP cmd [src9] query-migrate args={}
QMP reply [src9] query-migrate: {'expected-downtime': 300, 'status': 'active', 'setup-time': 3, 'total-time': 7831, 'ram': {'total': 8607571968, 'postcopy-requests': 0, 'dirty-sync-count': 1, 'multifd-bytes': 0, 'pages-per-second': 33020, 'downtime-bytes': 0, 'page-size': 4096, 'remaining': 4277719040, 'postcopy-bytes': 0, 'mbps': 1082.14848, 'transferred': 1068429313, 'dirty-sync-missed-zero-copy': 0, 'precopy-bytes': 1068428241, 'duplicate': 798506, 'dirty-pages-rate': 0, 'normal-bytes': 1059172352, 'normal': 258587}}
QMP cmd [src9] query-migrate args={}
QMP reply [src9] query-migrate: {'expected-downtime': 300, 'status': 'active', 'setup-time': 3, 'total-time': 8032, 'ram': {'total': 8607571968, 'postcopy-requests': 0, 'dirty-sync-count': 1, 'multifd-bytes': 0, 'pages-per-second': 32980, 'downtime-bytes': 0, 'page-size': 4096, 'remaining': 4250710016, 'postcopy-bytes': 0, 'mbps': 1082.1456, 'transferred': 1095482935, 'dirty-sync-missed-zero-copy': 0, 'precopy-bytes': 1095481843, 'duplicate': 798508, 'dirty-pages-rate': 0, 'normal-bytes': 1086173184, 'normal': 265179}}
QMP cmd [src9] query-migrate args={}
QMP reply [src9] query-migrate: {'expected-downtime': 300, 'status': 'active', 'setup-time': 3, 'total-time': 8233, 'ram': {'total': 8607571968, 'postcopy-requests': 0, 'dirty-sync-count': 1, 'multifd-bytes': 0, 'pages-per-second': 32980, 'downtime-bytes': 0, 'page-size': 4096, 'remaining': 4223700992, 'postcopy-bytes': 0, 'mbps': 1082.1456, 'transferred': 1122536557, 'dirty-sync-missed-zero-copy': 0, 'precopy-bytes': 1122535445, 'duplicate': 798510, 'dirty-pages-rate': 0, 'normal-bytes': 1113174016, 'normal': 271771}}
QMP cmd [src9] query-migrate args={}
QMP reply [src9] query-migrate: {'expected-downtime': 300, 'status': 'active', 'setup-time': 3, 'total-time': 8434, 'ram': {'total': 8607571968, 'postcopy-requests': 0, 'dirty-sync-count': 1, 'multifd-bytes': 0, 'pages-per-second': 33400, 'downtime-bytes': 0, 'page-size': 4096, 'remaining': 4196519936, 'postcopy-bytes': 0, 'mbps': 1082.17584, 'transferred': 1149590557, 'dirty-sync-missed-zero-copy': 0, 'precopy-bytes': 1149589425, 'duplicate': 798554, 'dirty-pages-rate': 0, 'normal-bytes': 1140174848, 'normal': 278363}}
QMP cmd [src9] query-migrate args={}
QMP reply [src9] query-migrate: {'expected-downtime': 300, 'status': 'active', 'setup-time': 3, 'total-time': 8635, 'ram': {'total': 8607571968, 'postcopy-requests': 0, 'dirty-sync-count': 1, 'multifd-bytes': 0, 'pages-per-second': 33000, 'downtime-bytes': 0, 'page-size': 4096, 'remaining': 4169474048, 'postcopy-bytes': 0, 'mbps': 1082.14704, 'transferred': 1176644260, 'dirty-sync-missed-zero-copy': 0, 'precopy-bytes': 1176643108, 'duplicate': 798565, 'dirty-pages-rate': 0, 'normal-bytes': 1167175680, 'normal': 284955}}
2026-07-14 20:51:06.693402SSH command: ssh -o BatchMode=yes -o StrictHostKeyChecking=no -o UserKnownHostsFile=/dev/null -o ConnectTimeout=1 -o LogLevel=ERROR -p 2230 -i /home/max/.ssh/pgvm_bench user@127.0.0.1 test -f /tmp/bench.done
Return code: 1
Stdout: 
Stderr: 
QMP cmd [src9] query-migrate args={}
QMP reply [src9] query-migrate: {'expected-downtime': 300, 'status': 'active', 'setup-time': 3, 'total-time': 8836, 'ram': {'total': 8607571968, 'postcopy-requests': 0, 'dirty-sync-count': 1, 'multifd-bytes': 0, 'pages-per-second': 32980, 'downtime-bytes': 0, 'page-size': 4096, 'remaining': 4142465024, 'postcopy-bytes': 0, 'mbps': 1082.1456, 'transferred': 1203697882, 'dirty-sync-missed-zero-copy': 0, 'precopy-bytes': 1203696710, 'duplicate': 798567, 'dirty-pages-rate': 0, 'normal-bytes': 1194176512, 'normal': 291547}}
QMP cmd [src9] query-migrate args={}
QMP reply [src9] query-migrate: {'expected-downtime': 300, 'status': 'active', 'setup-time': 3, 'total-time': 9037, 'ram': {'total': 8607571968, 'postcopy-requests': 0, 'dirty-sync-count': 1, 'multifd-bytes': 0, 'pages-per-second': 32960, 'downtime-bytes': 0, 'page-size': 4096, 'remaining': 4115275776, 'postcopy-bytes': 0, 'mbps': 1082.1441599999998, 'transferred': 1230751900, 'dirty-sync-missed-zero-copy': 0, 'precopy-bytes': 1230750708, 'duplicate': 798613, 'dirty-pages-rate': 0, 'normal-bytes': 1221177344, 'normal': 298139}}
QMP cmd [src9] query-migrate args={}
QMP reply [src9] query-migrate: {'expected-downtime': 300, 'status': 'active', 'setup-time': 3, 'total-time': 9238, 'ram': {'total': 8607571968, 'postcopy-requests': 0, 'dirty-sync-count': 1, 'multifd-bytes': 0, 'pages-per-second': 32980, 'downtime-bytes': 0, 'page-size': 4096, 'remaining': 4088250368, 'postcopy-bytes': 0, 'mbps': 1082.1456, 'transferred': 1257805558, 'dirty-sync-missed-zero-copy': 0, 'precopy-bytes': 1257804346, 'duplicate': 798619, 'dirty-pages-rate': 0, 'normal-bytes': 1248178176, 'normal': 304731}}
QMP cmd [src9] query-migrate args={}
QMP reply [src9] query-migrate: {'expected-downtime': 300, 'status': 'active', 'setup-time': 3, 'total-time': 9438, 'ram': {'total': 8607571968, 'postcopy-requests': 0, 'dirty-sync-count': 1, 'multifd-bytes': 0, 'pages-per-second': 33020, 'downtime-bytes': 0, 'page-size': 4096, 'remaining': 4061224960, 'postcopy-bytes': 0, 'mbps': 1082.14848, 'transferred': 1284859216, 'dirty-sync-missed-zero-copy': 0, 'precopy-bytes': 1284857984, 'duplicate': 798625, 'dirty-pages-rate': 0, 'normal-bytes': 1275179008, 'normal': 311323}}
QMP cmd [src9] query-migrate args={}
QMP reply [src9] query-migrate: {'expected-downtime': 300, 'status': 'active', 'setup-time': 3, 'total-time': 9639, 'ram': {'total': 8607571968, 'postcopy-requests': 0, 'dirty-sync-count': 1, 'multifd-bytes': 0, 'pages-per-second': 33000, 'downtime-bytes': 0, 'page-size': 4096, 'remaining': 4034191360, 'postcopy-bytes': 0, 'mbps': 1082.14704, 'transferred': 1311912892, 'dirty-sync-missed-zero-copy': 0, 'precopy-bytes': 1311911640, 'duplicate': 798633, 'dirty-pages-rate': 0, 'normal-bytes': 1302179840, 'normal': 317915}}
QMP cmd [src9] query-migrate args={}
QMP reply [src9] query-migrate: {'expected-downtime': 300, 'status': 'active', 'setup-time': 3, 'total-time': 9840, 'ram': {'total': 8607571968, 'postcopy-requests': 0, 'dirty-sync-count': 1, 'multifd-bytes': 0, 'pages-per-second': 32960, 'downtime-bytes': 0, 'page-size': 4096, 'remaining': 4007182336, 'postcopy-bytes': 0, 'mbps': 1082.1441599999998, 'transferred': 1338966514, 'dirty-sync-missed-zero-copy': 0, 'precopy-bytes': 1338965242, 'duplicate': 798635, 'dirty-pages-rate': 0, 'normal-bytes': 1329180672, 'normal': 324507}}
QMP cmd [src9] query-migrate args={}
QMP reply [src9] query-migrate: {'expected-downtime': 300, 'status': 'active', 'setup-time': 3, 'total-time': 10041, 'ram': {'total': 8607571968, 'postcopy-requests': 0, 'dirty-sync-count': 1, 'multifd-bytes': 0, 'pages-per-second': 33000, 'downtime-bytes': 0, 'page-size': 4096, 'remaining': 3980140544, 'postcopy-bytes': 0, 'mbps': 1082.14704, 'transferred': 1366020208, 'dirty-sync-missed-zero-copy': 0, 'precopy-bytes': 1366018916, 'duplicate': 798645, 'dirty-pages-rate': 0, 'normal-bytes': 1356181504, 'normal': 331099}}
QMP cmd [src9] query-migrate args={}
QMP reply [src9] query-migrate: {'expected-downtime': 300, 'status': 'active', 'setup-time': 3, 'total-time': 10242, 'ram': {'total': 8607571968, 'postcopy-requests': 0, 'dirty-sync-count': 1, 'multifd-bytes': 0, 'pages-per-second': 32980, 'downtime-bytes': 0, 'page-size': 4096, 'remaining': 3953115136, 'postcopy-bytes': 0, 'mbps': 1082.1456, 'transferred': 1393073866, 'dirty-sync-missed-zero-copy': 0, 'precopy-bytes': 1393072554, 'duplicate': 798651, 'dirty-pages-rate': 0, 'normal-bytes': 1383182336, 'normal': 337691}}
QMP cmd [src9] query-migrate args={}
QMP reply [src9] query-migrate: {'expected-downtime': 300, 'status': 'active', 'setup-time': 3, 'total-time': 10443, 'ram': {'total': 8607571968, 'postcopy-requests': 0, 'dirty-sync-count': 1, 'multifd-bytes': 0, 'pages-per-second': 33000, 'downtime-bytes': 0, 'page-size': 4096, 'remaining': 3926056960, 'postcopy-bytes': 0, 'mbps': 1082.14704, 'transferred': 1420127596, 'dirty-sync-missed-zero-copy': 0, 'precopy-bytes': 1420126264, 'duplicate': 798665, 'dirty-pages-rate': 0, 'normal-bytes': 1410183168, 'normal': 344283}}
QMP cmd [src9] query-migrate args={}
QMP reply [src9] query-migrate: {'expected-downtime': 300, 'status': 'active', 'setup-time': 3, 'total-time': 10643, 'ram': {'total': 8607571968, 'postcopy-requests': 0, 'dirty-sync-count': 1, 'multifd-bytes': 0, 'pages-per-second': 32980, 'downtime-bytes': 0, 'page-size': 4096, 'remaining': 3899039744, 'postcopy-bytes': 0, 'mbps': 1082.1456, 'transferred': 1447181236, 'dirty-sync-missed-zero-copy': 0, 'precopy-bytes': 1447179884, 'duplicate': 798669, 'dirty-pages-rate': 0, 'normal-bytes': 1437184000, 'normal': 350875}}
QMP cmd [src9] query-migrate args={}
QMP reply [src9] query-migrate: {'expected-downtime': 300, 'status': 'active', 'setup-time': 3, 'total-time': 10844, 'ram': {'total': 8607571968, 'postcopy-requests': 0, 'dirty-sync-count': 1, 'multifd-bytes': 0, 'pages-per-second': 33000, 'downtime-bytes': 0, 'page-size': 4096, 'remaining': 3872006144, 'postcopy-bytes': 0, 'mbps': 1082.14704, 'transferred': 1474234912, 'dirty-sync-missed-zero-copy': 0, 'precopy-bytes': 1474233540, 'duplicate': 798677, 'dirty-pages-rate': 0, 'normal-bytes': 1464184832, 'normal': 357467}}
2026-07-14 20:51:08.857368SSH command: ssh -o BatchMode=yes -o StrictHostKeyChecking=no -o UserKnownHostsFile=/dev/null -o ConnectTimeout=1 -o LogLevel=ERROR -p 2230 -i /home/max/.ssh/pgvm_bench user@127.0.0.1 test -f /tmp/bench.done
Return code: 1
Stdout: 
Stderr: 
QMP cmd [src9] query-migrate args={}
QMP reply [src9] query-migrate: {'expected-downtime': 300, 'status': 'active', 'setup-time': 3, 'total-time': 11045, 'ram': {'total': 8607571968, 'postcopy-requests': 0, 'dirty-sync-count': 1, 'multifd-bytes': 0, 'pages-per-second': 33000, 'downtime-bytes': 0, 'page-size': 4096, 'remaining': 3844956160, 'postcopy-bytes': 0, 'mbps': 1082.14704, 'transferred': 1501288624, 'dirty-sync-missed-zero-copy': 0, 'precopy-bytes': 1501287232, 'duplicate': 798689, 'dirty-pages-rate': 0, 'normal-bytes': 1491185664, 'normal': 364059}}
QMP cmd [src9] query-migrate args={}
QMP reply [src9] query-migrate: {'expected-downtime': 300, 'status': 'active', 'setup-time': 3, 'total-time': 11246, 'ram': {'total': 8607571968, 'postcopy-requests': 0, 'dirty-sync-count': 1, 'multifd-bytes': 0, 'pages-per-second': 33000, 'downtime-bytes': 0, 'page-size': 4096, 'remaining': 3817914368, 'postcopy-bytes': 0, 'mbps': 1082.14704, 'transferred': 1528342318, 'dirty-sync-missed-zero-copy': 0, 'precopy-bytes': 1528340906, 'duplicate': 798699, 'dirty-pages-rate': 0, 'normal-bytes': 1518186496, 'normal': 370651}}
QMP cmd [src9] query-migrate args={}
QMP reply [src9] query-migrate: {'expected-downtime': 300, 'status': 'active', 'setup-time': 3, 'total-time': 11447, 'ram': {'total': 8607571968, 'postcopy-requests': 0, 'dirty-sync-count': 1, 'multifd-bytes': 0, 'pages-per-second': 33060, 'downtime-bytes': 0, 'page-size': 4096, 'remaining': 3790200832, 'postcopy-bytes': 0, 'mbps': 1082.15136, 'transferred': 1555397488, 'dirty-sync-missed-zero-copy': 0, 'precopy-bytes': 1555396056, 'duplicate': 798873, 'dirty-pages-rate': 0, 'normal-bytes': 1545187328, 'normal': 377243}}
QMP cmd [src9] query-migrate args={}
QMP reply [src9] query-migrate: {'expected-downtime': 300, 'status': 'active', 'setup-time': 3, 'total-time': 11647, 'ram': {'total': 8607571968, 'postcopy-requests': 0, 'dirty-sync-count': 1, 'multifd-bytes': 0, 'pages-per-second': 33360, 'downtime-bytes': 0, 'page-size': 4096, 'remaining': 3762921472, 'postcopy-bytes': 0, 'mbps': 1082.1729599999999, 'transferred': 1582451704, 'dirty-sync-missed-zero-copy': 0, 'precopy-bytes': 1582450252, 'duplicate': 798941, 'dirty-pages-rate': 0, 'normal-bytes': 1572188160, 'normal': 383835}}
QMP cmd [src9] query-migrate args={}
QMP reply [src9] query-migrate: {'expected-downtime': 300, 'status': 'active', 'setup-time': 3, 'total-time': 11848, 'ram': {'total': 8607571968, 'postcopy-requests': 0, 'dirty-sync-count': 1, 'multifd-bytes': 0, 'pages-per-second': 33400, 'downtime-bytes': 0, 'page-size': 4096, 'remaining': 3735388160, 'postcopy-bytes': 0, 'mbps': 1082.17584, 'transferred': 1609506478, 'dirty-sync-missed-zero-copy': 0, 'precopy-bytes': 1609505006, 'duplicate': 799071, 'dirty-pages-rate': 0, 'normal-bytes': 1599188992, 'normal': 390427}}
QMP cmd [src9] query-migrate args={}
QMP reply [src9] query-migrate: {'expected-downtime': 300, 'status': 'active', 'setup-time': 3, 'total-time': 12049, 'ram': {'total': 8607571968, 'postcopy-requests': 0, 'dirty-sync-count': 1, 'multifd-bytes': 0, 'pages-per-second': 34200, 'downtime-bytes': 0, 'page-size': 4096, 'remaining': 3706527744, 'postcopy-bytes': 0, 'mbps': 1082.23344, 'transferred': 1636564168, 'dirty-sync-missed-zero-copy': 0, 'precopy-bytes': 1636562676, 'duplicate': 799525, 'dirty-pages-rate': 0, 'normal-bytes': 1626189824, 'normal': 397019}}
QMP cmd [src9] query-migrate args={}
QMP reply [src9] query-migrate: {'expected-downtime': 300, 'status': 'active', 'setup-time': 3, 'total-time': 12249, 'ram': {'total': 8607571968, 'postcopy-requests': 0, 'dirty-sync-count': 1, 'multifd-bytes': 0, 'pages-per-second': 35820, 'downtime-bytes': 0, 'page-size': 4096, 'remaining': 3676315648, 'postcopy-bytes': 0, 'mbps': 1082.3500800000002, 'transferred': 1663624828, 'dirty-sync-missed-zero-copy': 0, 'precopy-bytes': 1663623316, 'duplicate': 800309, 'dirty-pages-rate': 0, 'normal-bytes': 1653190656, 'normal': 403611}}
QMP cmd [src9] query-migrate args={}
QMP reply [src9] query-migrate: {'expected-downtime': 300, 'status': 'active', 'setup-time': 3, 'total-time': 12450, 'ram': {'total': 8607571968, 'postcopy-requests': 0, 'dirty-sync-count': 1, 'multifd-bytes': 0, 'pages-per-second': 36860, 'downtime-bytes': 0, 'page-size': 4096, 'remaining': 3645865984, 'postcopy-bytes': 0, 'mbps': 1082.42496, 'transferred': 1690686010, 'dirty-sync-missed-zero-copy': 0, 'precopy-bytes': 1690684478, 'duplicate': 801151, 'dirty-pages-rate': 0, 'normal-bytes': 1680191488, 'normal': 410203}}
QMP cmd [src9] query-migrate args={}
QMP reply [src9] query-migrate: {'expected-downtime': 300, 'status': 'active', 'setup-time': 3, 'total-time': 12651, 'ram': {'total': 8607571968, 'postcopy-requests': 0, 'dirty-sync-count': 1, 'multifd-bytes': 0, 'pages-per-second': 37380, 'downtime-bytes': 0, 'page-size': 4096, 'remaining': 3615555584, 'postcopy-bytes': 0, 'mbps': 1082.4624, 'transferred': 1717746886, 'dirty-sync-missed-zero-copy': 0, 'precopy-bytes': 1717745334, 'duplicate': 801959, 'dirty-pages-rate': 0, 'normal-bytes': 1707192320, 'normal': 416795}}
QMP cmd [src9] query-migrate args={}
QMP reply [src9] query-migrate: {'expected-downtime': 300, 'status': 'active', 'setup-time': 3, 'total-time': 12852, 'ram': {'total': 8607571968, 'postcopy-requests': 0, 'dirty-sync-count': 1, 'multifd-bytes': 0, 'pages-per-second': 38140, 'downtime-bytes': 0, 'page-size': 4096, 'remaining': 3584573440, 'postcopy-bytes': 0, 'mbps': 1082.5171200000002, 'transferred': 1744809238, 'dirty-sync-missed-zero-copy': 0, 'precopy-bytes': 1744807666, 'duplicate': 802931, 'dirty-pages-rate': 0, 'normal-bytes': 1734193152, 'normal': 423387}}
QMP cmd [src9] query-migrate args={}
QMP reply [src9] query-migrate: {'expected-downtime': 300, 'status': 'active', 'setup-time': 3, 'total-time': 13053, 'ram': {'total': 8607571968, 'postcopy-requests': 0, 'dirty-sync-count': 1, 'multifd-bytes': 0, 'pages-per-second': 328600, 'downtime-bytes': 0, 'page-size': 4096, 'remaining': 1107623936, 'postcopy-bytes': 0, 'mbps': 1075.91184, 'transferred': 1763402712, 'dirty-sync-missed-zero-copy': 0, 'precopy-bytes': 1763403321, 'duplicate': 1404443, 'dirty-pages-rate': 0, 'normal-bytes': 1747349504, 'normal': 426599}}
2026-07-14 20:51:11.018976SSH command: ssh -o BatchMode=yes -o StrictHostKeyChecking=no -o UserKnownHostsFile=/dev/null -o ConnectTimeout=1 -o LogLevel=ERROR -p 2230 -i /home/max/.ssh/pgvm_bench user@127.0.0.1 test -f /tmp/bench.done
Return code: 1
Stdout: 
Stderr: 
QMP cmd [src9] query-migrate args={}
QMP reply [src9] query-migrate: {'expected-downtime': 300, 'status': 'active', 'setup-time': 3, 'total-time': 13254, 'ram': {'total': 8607571968, 'postcopy-requests': 0, 'dirty-sync-count': 1, 'multifd-bytes': 0, 'pages-per-second': 32960, 'downtime-bytes': 0, 'page-size': 4096, 'remaining': 491024384, 'postcopy-bytes': 0, 'mbps': 1082.1441599999998, 'transferred': 1798830217, 'dirty-sync-missed-zero-copy': 0, 'precopy-bytes': 1798828595, 'duplicate': 1546660, 'dirty-pages-rate': 0, 'normal-bytes': 1781428224, 'normal': 434919}}
QMP cmd [src9] query-migrate args={}
QMP reply [src9] query-migrate: {'expected-downtime': 300, 'status': 'active', 'setup-time': 3, 'total-time': 13454, 'ram': {'total': 8607571968, 'postcopy-requests': 0, 'dirty-sync-count': 1, 'multifd-bytes': 0, 'pages-per-second': 35290, 'downtime-bytes': 0, 'page-size': 4096, 'remaining': 460324864, 'postcopy-bytes': 0, 'mbps': 1082.3119199999999, 'transferred': 1825891948, 'dirty-sync-missed-zero-copy': 0, 'precopy-bytes': 1825890306, 'duplicate': 1547563, 'dirty-pages-rate': 0, 'normal-bytes': 1808429056, 'normal': 441511}}
QMP cmd [src9] query-migrate args={}
QMP reply [src9] query-migrate: {'expected-downtime': 300, 'status': 'active', 'setup-time': 3, 'total-time': 13655, 'ram': {'total': 8607571968, 'postcopy-requests': 0, 'dirty-sync-count': 1, 'multifd-bytes': 0, 'pages-per-second': 727110, 'downtime-bytes': 0, 'page-size': 4096, 'remaining': 148512768, 'postcopy-bytes': 0, 'mbps': 1081.01736, 'transferred': 1852932538, 'dirty-sync-missed-zero-copy': 0, 'precopy-bytes': 1852930876, 'duplicate': 1617253, 'dirty-pages-rate': 0, 'normal-bytes': 1834790912, 'normal': 447947}}
QMP cmd [src9] query-migrate args={}
QMP reply [src9] query-migrate: {'expected-downtime': 300, 'status': 'active', 'setup-time': 3, 'total-time': 13856, 'ram': {'total': 8607571968, 'postcopy-requests': 0, 'dirty-sync-count': 1, 'multifd-bytes': 0, 'pages-per-second': 32960, 'downtime-bytes': 0, 'page-size': 4096, 'remaining': 121511936, 'postcopy-bytes': 0, 'mbps': 1082.1441599999998, 'transferred': 1879986142, 'dirty-sync-missed-zero-copy': 0, 'precopy-bytes': 1879984460, 'duplicate': 1617253, 'dirty-pages-rate': 0, 'normal-bytes': 1861791744, 'normal': 454539}}
QMP cmd [src9] query-migrate args={}
QMP reply [src9] query-migrate: {'expected-downtime': 300, 'status': 'active', 'setup-time': 3, 'total-time': 14057, 'ram': {'total': 8607571968, 'postcopy-requests': 0, 'dirty-sync-count': 1, 'multifd-bytes': 0, 'pages-per-second': 32960, 'downtime-bytes': 0, 'page-size': 4096, 'remaining': 94511104, 'postcopy-bytes': 0, 'mbps': 1082.1441599999998, 'transferred': 1907039746, 'dirty-sync-missed-zero-copy': 0, 'precopy-bytes': 1907038044, 'duplicate': 1617253, 'dirty-pages-rate': 0, 'normal-bytes': 1888792576, 'normal': 461131}}
QMP cmd [src9] query-migrate args={}
QMP reply [src9] query-migrate: {'expected-downtime': 300, 'status': 'active', 'setup-time': 3, 'total-time': 14258, 'ram': {'total': 8607571968, 'postcopy-requests': 0, 'dirty-sync-count': 1, 'multifd-bytes': 0, 'pages-per-second': 32960, 'downtime-bytes': 0, 'page-size': 4096, 'remaining': 67510272, 'postcopy-bytes': 0, 'mbps': 1082.1441599999998, 'transferred': 1934093350, 'dirty-sync-missed-zero-copy': 0, 'precopy-bytes': 1934091628, 'duplicate': 1617253, 'dirty-pages-rate': 0, 'normal-bytes': 1915793408, 'normal': 467723}}
QMP cmd [src9] query-migrate args={}
QMP reply [src9] query-migrate: {'expected-downtime': 300, 'status': 'active', 'setup-time': 3, 'total-time': 14459, 'ram': {'total': 8607571968, 'postcopy-requests': 0, 'dirty-sync-count': 1, 'multifd-bytes': 0, 'pages-per-second': 32960, 'downtime-bytes': 0, 'page-size': 4096, 'remaining': 40509440, 'postcopy-bytes': 0, 'mbps': 1082.1441599999998, 'transferred': 1961146954, 'dirty-sync-missed-zero-copy': 0, 'precopy-bytes': 1961145212, 'duplicate': 1617253, 'dirty-pages-rate': 0, 'normal-bytes': 1942794240, 'normal': 474315}}
QMP cmd [src9] query-migrate args={}
QMP reply [src9] query-migrate: {'expected-downtime': 2380, 'status': 'active', 'setup-time': 3, 'total-time': 14660, 'ram': {'total': 8607571968, 'postcopy-requests': 0, 'dirty-sync-count': 2, 'multifd-bytes': 0, 'pages-per-second': 32960, 'downtime-bytes': 0, 'page-size': 4096, 'remaining': 277647360, 'postcopy-bytes': 0, 'mbps': 1082.1441599999998, 'transferred': 1988111770, 'dirty-sync-missed-zero-copy': 0, 'precopy-bytes': 1988110008, 'duplicate': 1621507, 'dirty-pages-rate': 4738, 'normal-bytes': 1969668096, 'normal': 480876}}
QMP cmd [src9] query-migrate args={}
QMP reply [src9] query-migrate: {'expected-downtime': 2379, 'status': 'active', 'setup-time': 3, 'total-time': 14861, 'ram': {'total': 8607571968, 'postcopy-requests': 0, 'dirty-sync-count': 2, 'multifd-bytes': 0, 'pages-per-second': 38800, 'downtime-bytes': 0, 'page-size': 4096, 'remaining': 245297152, 'postcopy-bytes': 0, 'mbps': 1082.5646399999998, 'transferred': 2015177128, 'dirty-sync-missed-zero-copy': 0, 'precopy-bytes': 2015175346, 'duplicate': 1622813, 'dirty-pages-rate': 4738, 'normal-bytes': 1996668928, 'normal': 487468}}
QMP cmd [src9] query-migrate args={}
QMP reply [src9] query-migrate: {'expected-downtime': 2379, 'status': 'active', 'setup-time': 3, 'total-time': 15062, 'ram': {'total': 8607571968, 'postcopy-requests': 0, 'dirty-sync-count': 2, 'multifd-bytes': 0, 'pages-per-second': 35000, 'downtime-bytes': 0, 'page-size': 4096, 'remaining': 217079808, 'postcopy-bytes': 0, 'mbps': 1082.29104, 'transferred': 2042233405, 'dirty-sync-missed-zero-copy': 0, 'precopy-bytes': 2042231603, 'duplicate': 1623110, 'dirty-pages-rate': 4738, 'normal-bytes': 2023669760, 'normal': 494060}}
QMP cmd [src9] query-migrate args={}
QMP reply [src9] query-migrate: {'expected-downtime': 2379, 'status': 'active', 'setup-time': 3, 'total-time': 15263, 'ram': {'total': 8607571968, 'postcopy-requests': 0, 'dirty-sync-count': 2, 'multifd-bytes': 0, 'pages-per-second': 34260, 'downtime-bytes': 0, 'page-size': 4096, 'remaining': 189145088, 'postcopy-bytes': 0, 'mbps': 1082.23776, 'transferred': 2069289061, 'dirty-sync-missed-zero-copy': 0, 'precopy-bytes': 2069287239, 'duplicate': 1623338, 'dirty-pages-rate': 4738, 'normal-bytes': 2050670592, 'normal': 500652}}
2026-07-14 20:51:13.187747SSH command: ssh -o BatchMode=yes -o StrictHostKeyChecking=no -o UserKnownHostsFile=/dev/null -o ConnectTimeout=1 -o LogLevel=ERROR -p 2230 -i /home/max/.ssh/pgvm_bench user@127.0.0.1 test -f /tmp/bench.done
Return code: 1
Stdout: 
Stderr: 
qemu-system-x86_64: terminating on signal 15 from pid 15322 (/home/max/Bachelor-Thesis/Repo/.venv/bin/python)
QMP cmd [src9] query-migrate args={}
QMP reply [src9] query-migrate: {'expected-downtime': 2380, 'status': 'active', 'setup-time': 3, 'total-time': 15463, 'ram': {'total': 8607571968, 'postcopy-requests': 0, 'dirty-sync-count': 2, 'multifd-bytes': 0, 'pages-per-second': 32960, 'downtime-bytes': 0, 'page-size': 4096, 'remaining': 162144256, 'postcopy-bytes': 0, 'mbps': 1082.1441599999998, 'transferred': 2096342665, 'dirty-sync-missed-zero-copy': 0, 'precopy-bytes': 2096340823, 'duplicate': 1623338, 'dirty-pages-rate': 4738, 'normal-bytes': 2077671424, 'normal': 507244}}
QMP cmd [src9] query-migrate args={}
QMP reply [src9] query-migrate: {'expected-downtime': 2380, 'status': 'active', 'setup-time': 3, 'total-time': 15664, 'ram': {'total': 8607571968, 'postcopy-requests': 0, 'dirty-sync-count': 2, 'multifd-bytes': 0, 'pages-per-second': 32960, 'downtime-bytes': 0, 'page-size': 4096, 'remaining': 135143424, 'postcopy-bytes': 0, 'mbps': 1082.1441599999998, 'transferred': 2123396269, 'dirty-sync-missed-zero-copy': 0, 'precopy-bytes': 2123394407, 'duplicate': 1623338, 'dirty-pages-rate': 4738, 'normal-bytes': 2104672256, 'normal': 513836}}
QMP cmd [src9] query-migrate args={}
QMP reply [src9] query-migrate: {'expected-downtime': 2379, 'status': 'active', 'setup-time': 3, 'total-time': 15865, 'ram': {'total': 8607571968, 'postcopy-requests': 0, 'dirty-sync-count': 2, 'multifd-bytes': 0, 'pages-per-second': 33330, 'downtime-bytes': 0, 'page-size': 4096, 'remaining': 107798528, 'postcopy-bytes': 0, 'mbps': 1082.1708, 'transferred': 2150450629, 'dirty-sync-missed-zero-copy': 0, 'precopy-bytes': 2150448747, 'duplicate': 1623422, 'dirty-pages-rate': 4738, 'normal-bytes': 2131673088, 'normal': 520428}}
QMP cmd [src9] query-migrate args={}
QMP reply [src9] query-migrate: {'expected-downtime': 2379, 'status': 'active', 'setup-time': 3, 'total-time': 16066, 'ram': {'total': 8607571968, 'postcopy-requests': 0, 'dirty-sync-count': 2, 'multifd-bytes': 0, 'pages-per-second': 33740, 'downtime-bytes': 0, 'page-size': 4096, 'remaining': 80478208, 'postcopy-bytes': 0, 'mbps': 1082.2003200000001, 'transferred': 2177504935, 'dirty-sync-missed-zero-copy': 0, 'precopy-bytes': 2177503033, 'duplicate': 1623500, 'dirty-pages-rate': 4738, 'normal-bytes': 2158673920, 'normal': 527020}}
QMP cmd [src9] query-migrate args={}
QMP reply [src9] query-migrate: {'expected-downtime': 2380, 'status': 'active', 'setup-time': 3, 'total-time': 16267, 'ram': {'total': 8607571968, 'postcopy-requests': 0, 'dirty-sync-count': 2, 'multifd-bytes': 0, 'pages-per-second': 32960, 'downtime-bytes': 0, 'page-size': 4096, 'remaining': 53444608, 'postcopy-bytes': 0, 'mbps': 1082.1441599999998, 'transferred': 2204558611, 'dirty-sync-missed-zero-copy': 0, 'precopy-bytes': 2204556689, 'duplicate': 1623508, 'dirty-pages-rate': 4738, 'normal-bytes': 2185674752, 'normal': 533612}}
QMP cmd [src9] query-migrate args={}
QMP reply [src9] query-migrate: {'expected-downtime': 2380, 'status': 'active', 'setup-time': 3, 'total-time': 16468, 'ram': {'total': 8607571968, 'postcopy-requests': 0, 'dirty-sync-count': 3, 'multifd-bytes': 0, 'pages-per-second': 32960, 'downtime-bytes': 0, 'page-size': 4096, 'remaining': 94961664, 'postcopy-bytes': 0, 'mbps': 1082.1441599999998, 'transferred': 2231614123, 'dirty-sync-missed-zero-copy': 0, 'precopy-bytes': 2231612181, 'duplicate': 1623720, 'dirty-pages-rate': 8915, 'normal-bytes': 2212675584, 'normal': 540204}}
QMP cmd [src9] query-migrate args={}
QMP reply [src9] query-migrate: {'expected-downtime': 807, 'status': 'active', 'setup-time': 3, 'total-time': 16669, 'ram': {'total': 8607571968, 'postcopy-requests': 0, 'dirty-sync-count': 3, 'multifd-bytes': 0, 'pages-per-second': 37670, 'downtime-bytes': 0, 'page-size': 4096, 'remaining': 65298432, 'postcopy-bytes': 0, 'mbps': 1082.48328, 'transferred': 2258673577, 'dirty-sync-missed-zero-copy': 0, 'precopy-bytes': 2258671615, 'duplicate': 1624370, 'dirty-pages-rate': 8915, 'normal-bytes': 2239676416, 'normal': 546796}}
QMP cmd [src9] query-migrate args={}
QMP reply [src9] query-migrate: {'expected-downtime': 808, 'status': 'active', 'setup-time': 3, 'total-time': 16870, 'ram': {'total': 8607571968, 'postcopy-requests': 0, 'dirty-sync-count': 3, 'multifd-bytes': 0, 'pages-per-second': 34390, 'downtime-bytes': 0, 'page-size': 4096, 'remaining': 36524032, 'postcopy-bytes': 0, 'mbps': 1082.24944, 'transferred': 2285731107, 'dirty-sync-missed-zero-copy': 0, 'precopy-bytes': 2285729125, 'duplicate': 1624803, 'dirty-pages-rate': 8915, 'normal-bytes': 2266677248, 'normal': 553388}}
QMP cmd [src9] query-migrate args={}
QMP reply [src9] query-migrate: {'expected-downtime': 459, 'status': 'active', 'setup-time': 3, 'total-time': 17070, 'ram': {'total': 8607571968, 'postcopy-requests': 0, 'dirty-sync-count': 4, 'multifd-bytes': 0, 'pages-per-second': 33250, 'downtime-bytes': 0, 'page-size': 4096, 'remaining': 34635776, 'postcopy-bytes': 0, 'mbps': 1082.16504, 'transferred': 2312785827, 'dirty-sync-missed-zero-copy': 0, 'precopy-bytes': 2312783825, 'duplicate': 1624927, 'dirty-pages-rate': 8915, 'normal-bytes': 2293678080, 'normal': 559980}}
QMP cmd [src9] query-migrate args={}
QMP reply [src9] query-migrate: {'status': 'completed', 'setup-time': 3, 'downtime': 32, 'total-time': 17236, 'ram': {'total': 8607571968, 'postcopy-requests': 0, 'dirty-sync-count': 7, 'multifd-bytes': 0, 'pages-per-second': 33680, 'downtime-bytes': 33946454, 'page-size': 4096, 'remaining': 0, 'postcopy-bytes': 0, 'mbps': 1095.8874930656298, 'transferred': 2360678646, 'dirty-sync-missed-zero-copy': 0, 'precopy-bytes': 2326311265, 'duplicate': 1625248, 'dirty-pages-rate': 0, 'normal-bytes': 2341056512, 'normal': 571547}}
