2026-07-14 20:01:12.813850SSH command: ssh -o BatchMode=yes -o StrictHostKeyChecking=no -o UserKnownHostsFile=/dev/null -o ConnectTimeout=1 -o LogLevel=ERROR -p 2222 -i /home/max/.ssh/pgvm_bench user@127.0.0.1 systemd-analyze
Return code: 0
Stdout: Startup finished in 738ms (kernel) + 2.990s (userspace) = 3.729s 
graphical.target reached after 2.990s in userspace.

Stderr: 
2026-07-14 20:01:12.952673SSH command: ssh -o BatchMode=yes -o StrictHostKeyChecking=no -o UserKnownHostsFile=/dev/null -o ConnectTimeout=1 -o LogLevel=ERROR -p 2222 -i /home/max/.ssh/pgvm_bench user@127.0.0.1 rm -f /tmp/bench.done /tmp/pg-buffer-hit-ratio.csv /tmp/pg-buffer-sampler.log; nohup bash /home/user/pg_sampler.sh /tmp/bench.done /tmp/pg-buffer-hit-ratio.csv ycsb >/tmp/pg-buffer-sampler.log 2>&1 &
Return code: 0
Stdout: 
Stderr: 
QMP cmd [src1] migrate-set-capabilities args={'capabilities': [{'capability': 'auto-converge', 'state': False}, {'capability': 'events', 'state': True}, {'capability': 'postcopy-blocktime', 'state': False}, {'capability': 'postcopy-ram', 'state': False}]}
QMP cmd [src1] query-migrate args={}
QMP reply [src1] migrate-set-capabilities: {}
QMP cmd [src1] migrate args={'uri': 'unix:/tmp/mig.sock'}
QMP reply [src1] query-migrate: {}
QMP reply [src1] migrate: {}
2026-07-14 20:03:43.355351SSH command: ssh -o BatchMode=yes -o StrictHostKeyChecking=no -o UserKnownHostsFile=/dev/null -o ConnectTimeout=1 -o LogLevel=ERROR -p 2222 -i /home/max/.ssh/pgvm_bench user@127.0.0.1 test -f /tmp/bench.done
Return code: 1
Stdout: 
Stderr: 
QMP cmd [src1] query-migrate args={}
QMP reply [src1] query-migrate: {'expected-downtime': 300, 'status': 'active', 'setup-time': 1, 'total-time': 200, 'ram': {'total': 8607571968, 'postcopy-requests': 0, 'dirty-sync-count': 1, 'multifd-bytes': 0, 'pages-per-second': 35530, 'downtime-bytes': 0, 'page-size': 4096, 'remaining': 8577740800, 'postcopy-bytes': 0, 'mbps': 1082.3292, 'transferred': 27060112, 'dirty-sync-missed-zero-copy': 0, 'precopy-bytes': 27059810, 'duplicate': 691, 'dirty-pages-rate': 0, 'normal-bytes': 27000832, 'normal': 6592}}
QMP cmd [src1] query-migrate args={}
QMP reply [src1] query-migrate: {'expected-downtime': 300, 'status': 'active', 'setup-time': 1, 'total-time': 401, 'ram': {'total': 8607571968, 'postcopy-requests': 0, 'dirty-sync-count': 1, 'multifd-bytes': 0, 'pages-per-second': 2045870, 'downtime-bytes': 0, 'page-size': 4096, 'remaining': 7684878336, 'postcopy-bytes': 0, 'mbps': 1073.75688, 'transferred': 57793196, 'dirty-sync-missed-zero-copy': 0, 'precopy-bytes': 57920096, 'duplicate': 211617, 'dirty-pages-rate': 0, 'normal-bytes': 55906304, 'normal': 13649}}
QMP cmd [src1] query-migrate args={}
QMP reply [src1] query-migrate: {'expected-downtime': 300, 'status': 'active', 'setup-time': 1, 'total-time': 602, 'ram': {'total': 8607571968, 'postcopy-requests': 0, 'dirty-sync-count': 1, 'multifd-bytes': 0, 'pages-per-second': 32960, 'downtime-bytes': 0, 'page-size': 4096, 'remaining': 5560279040, 'postcopy-bytes': 0, 'mbps': 1082.1441599999998, 'transferred': 92072486, 'dirty-sync-missed-zero-copy': 0, 'precopy-bytes': 92199366, 'duplicate': 723087, 'dirty-pages-rate': 0, 'normal-bytes': 85524480, 'normal': 20880}}
QMP cmd [src1] query-migrate args={}
QMP reply [src1] query-migrate: {'expected-downtime': 300, 'status': 'active', 'setup-time': 1, 'total-time': 803, 'ram': {'total': 8607571968, 'postcopy-requests': 0, 'dirty-sync-count': 1, 'multifd-bytes': 0, 'pages-per-second': 33120, 'downtime-bytes': 0, 'page-size': 4096, 'remaining': 5529669632, 'postcopy-bytes': 0, 'mbps': 1082.1556799999998, 'transferred': 121624075, 'dirty-sync-missed-zero-copy': 0, 'precopy-bytes': 121623703, 'duplicate': 723392, 'dirty-pages-rate': 0, 'normal-bytes': 114888704, 'normal': 28049}}
QMP cmd [src1] query-migrate args={}
QMP reply [src1] query-migrate: {'expected-downtime': 300, 'status': 'active', 'setup-time': 1, 'total-time': 1004, 'ram': {'total': 8607571968, 'postcopy-requests': 0, 'dirty-sync-count': 1, 'multifd-bytes': 0, 'pages-per-second': 370990, 'downtime-bytes': 0, 'page-size': 4096, 'remaining': 5349584896, 'postcopy-bytes': 0, 'mbps': 1079.61912, 'transferred': 148547215, 'dirty-sync-missed-zero-copy': 0, 'precopy-bytes': 148546823, 'duplicate': 760880, 'dirty-pages-rate': 0, 'normal-bytes': 141422592, 'normal': 34527}}
QMP cmd [src1] query-migrate args={}
QMP reply [src1] query-migrate: {'expected-downtime': 300, 'status': 'active', 'setup-time': 1, 'total-time': 1205, 'ram': {'total': 8607571968, 'postcopy-requests': 0, 'dirty-sync-count': 1, 'multifd-bytes': 0, 'pages-per-second': 46160, 'downtime-bytes': 0, 'page-size': 4096, 'remaining': 5312696320, 'postcopy-bytes': 0, 'mbps': 1083.09456, 'transferred': 175622545, 'dirty-sync-missed-zero-copy': 0, 'precopy-bytes': 175622133, 'duplicate': 763294, 'dirty-pages-rate': 0, 'normal-bytes': 168423424, 'normal': 41119}}
QMP cmd [src1] query-migrate args={}
QMP reply [src1] query-migrate: {'expected-downtime': 300, 'status': 'active', 'setup-time': 1, 'total-time': 1406, 'ram': {'total': 8607571968, 'postcopy-requests': 0, 'dirty-sync-count': 1, 'multifd-bytes': 0, 'pages-per-second': 43450, 'downtime-bytes': 0, 'page-size': 4096, 'remaining': 5281026048, 'postcopy-bytes': 0, 'mbps': 1082.89944, 'transferred': 202686409, 'dirty-sync-missed-zero-copy': 0, 'precopy-bytes': 202685977, 'duplicate': 764434, 'dirty-pages-rate': 0, 'normal-bytes': 195424256, 'normal': 47711}}
QMP cmd [src1] query-migrate args={}
QMP reply [src1] query-migrate: {'expected-downtime': 300, 'status': 'active', 'setup-time': 1, 'total-time': 1607, 'ram': {'total': 8607571968, 'postcopy-requests': 0, 'dirty-sync-count': 1, 'multifd-bytes': 0, 'pages-per-second': 50430, 'downtime-bytes': 0, 'page-size': 4096, 'remaining': 5246271488, 'postcopy-bytes': 0, 'mbps': 1083.402, 'transferred': 229757050, 'dirty-sync-missed-zero-copy': 0, 'precopy-bytes': 229756598, 'duplicate': 766327, 'dirty-pages-rate': 0, 'normal-bytes': 222425088, 'normal': 54303}}
QMP cmd [src1] query-migrate args={}
QMP reply [src1] query-migrate: {'expected-downtime': 300, 'status': 'active', 'setup-time': 1, 'total-time': 1807, 'ram': {'total': 8607571968, 'postcopy-requests': 0, 'dirty-sync-count': 1, 'multifd-bytes': 0, 'pages-per-second': 33010, 'downtime-bytes': 0, 'page-size': 4096, 'remaining': 5218897920, 'postcopy-bytes': 0, 'mbps': 1082.14776, 'transferred': 256811473, 'dirty-sync-missed-zero-copy': 0, 'precopy-bytes': 256811001, 'duplicate': 766418, 'dirty-pages-rate': 0, 'normal-bytes': 249425920, 'normal': 60895}}
QMP cmd [src1] query-migrate args={}
QMP reply [src1] query-migrate: {'expected-downtime': 300, 'status': 'active', 'setup-time': 1, 'total-time': 2008, 'ram': {'total': 8607571968, 'postcopy-requests': 0, 'dirty-sync-count': 1, 'multifd-bytes': 0, 'pages-per-second': 44610, 'downtime-bytes': 0, 'page-size': 4096, 'remaining': 5183541248, 'postcopy-bytes': 0, 'mbps': 1082.98296, 'transferred': 283883437, 'dirty-sync-missed-zero-copy': 0, 'precopy-bytes': 283882945, 'duplicate': 768458, 'dirty-pages-rate': 0, 'normal-bytes': 276426752, 'normal': 67487}}
QMP cmd [src1] query-migrate args={}
QMP reply [src1] query-migrate: {'expected-downtime': 300, 'status': 'active', 'setup-time': 1, 'total-time': 2209, 'ram': {'total': 8607571968, 'postcopy-requests': 0, 'dirty-sync-count': 1, 'multifd-bytes': 0, 'pages-per-second': 33290, 'downtime-bytes': 0, 'page-size': 4096, 'remaining': 5135568896, 'postcopy-bytes': 0, 'mbps': 1082.1679199999999, 'transferred': 310921696, 'dirty-sync-missed-zero-copy': 0, 'precopy-bytes': 310921184, 'duplicate': 773593, 'dirty-pages-rate': 0, 'normal-bytes': 303366144, 'normal': 74064}}
2026-07-14 20:03:45.531201SSH command: ssh -o BatchMode=yes -o StrictHostKeyChecking=no -o UserKnownHostsFile=/dev/null -o ConnectTimeout=1 -o LogLevel=ERROR -p 2222 -i /home/max/.ssh/pgvm_bench user@127.0.0.1 test -f /tmp/bench.done
Return code: 1
Stdout: 
Stderr: 
QMP cmd [src1] query-migrate args={}
QMP reply [src1] query-migrate: {'expected-downtime': 300, 'status': 'active', 'setup-time': 1, 'total-time': 2411, 'ram': {'total': 8607571968, 'postcopy-requests': 0, 'dirty-sync-count': 1, 'multifd-bytes': 0, 'pages-per-second': 36350, 'downtime-bytes': 0, 'page-size': 4096, 'remaining': 5107118080, 'postcopy-bytes': 0, 'mbps': 1082.38824, 'transferred': 337978486, 'dirty-sync-missed-zero-copy': 0, 'precopy-bytes': 337977954, 'duplicate': 773947, 'dirty-pages-rate': 0, 'normal-bytes': 330366976, 'normal': 80656}}
QMP cmd [src1] query-migrate args={}
QMP reply [src1] query-migrate: {'expected-downtime': 300, 'status': 'active', 'setup-time': 1, 'total-time': 2612, 'ram': {'total': 8607571968, 'postcopy-requests': 0, 'dirty-sync-count': 1, 'multifd-bytes': 0, 'pages-per-second': 33030, 'downtime-bytes': 0, 'page-size': 4096, 'remaining': 5078544384, 'postcopy-bytes': 0, 'mbps': 1082.1492, 'transferred': 365035546, 'dirty-sync-missed-zero-copy': 0, 'precopy-bytes': 365034994, 'duplicate': 774331, 'dirty-pages-rate': 0, 'normal-bytes': 357367808, 'normal': 87248}}
QMP cmd [src1] query-migrate args={}
QMP reply [src1] query-migrate: {'expected-downtime': 300, 'status': 'active', 'setup-time': 1, 'total-time': 2813, 'ram': {'total': 8607571968, 'postcopy-requests': 0, 'dirty-sync-count': 1, 'multifd-bytes': 0, 'pages-per-second': 33340, 'downtime-bytes': 0, 'page-size': 4096, 'remaining': 5047275520, 'postcopy-bytes': 0, 'mbps': 1082.17152, 'transferred': 392098528, 'dirty-sync-missed-zero-copy': 0, 'precopy-bytes': 392097956, 'duplicate': 775373, 'dirty-pages-rate': 0, 'normal-bytes': 384368640, 'normal': 93840}}
QMP cmd [src1] query-migrate args={}
QMP reply [src1] query-migrate: {'expected-downtime': 300, 'status': 'active', 'setup-time': 1, 'total-time': 3013, 'ram': {'total': 8607571968, 'postcopy-requests': 0, 'dirty-sync-count': 1, 'multifd-bytes': 0, 'pages-per-second': 46710, 'downtime-bytes': 0, 'page-size': 4096, 'remaining': 5008912384, 'postcopy-bytes': 0, 'mbps': 1083.1341599999998, 'transferred': 419177098, 'dirty-sync-missed-zero-copy': 0, 'precopy-bytes': 419176506, 'duplicate': 778147, 'dirty-pages-rate': 0, 'normal-bytes': 411369472, 'normal': 100432}}
QMP cmd [src1] query-migrate args={}
QMP reply [src1] query-migrate: {'expected-downtime': 300, 'status': 'active', 'setup-time': 1, 'total-time': 3214, 'ram': {'total': 8607571968, 'postcopy-requests': 0, 'dirty-sync-count': 1, 'multifd-bytes': 0, 'pages-per-second': 33430, 'downtime-bytes': 0, 'page-size': 4096, 'remaining': 4981714944, 'postcopy-bytes': 0, 'mbps': 1082.178, 'transferred': 446231134, 'dirty-sync-missed-zero-copy': 0, 'precopy-bytes': 446230522, 'duplicate': 778195, 'dirty-pages-rate': 0, 'normal-bytes': 438370304, 'normal': 107024}}
QMP cmd [src1] query-migrate args={}
QMP reply [src1] query-migrate: {'expected-downtime': 300, 'status': 'active', 'setup-time': 1, 'total-time': 3415, 'ram': {'total': 8607571968, 'postcopy-requests': 0, 'dirty-sync-count': 1, 'multifd-bytes': 0, 'pages-per-second': 33280, 'downtime-bytes': 0, 'page-size': 4096, 'remaining': 4954578944, 'postcopy-bytes': 0, 'mbps': 1082.1671999999999, 'transferred': 473285035, 'dirty-sync-missed-zero-copy': 0, 'precopy-bytes': 473284403, 'duplicate': 778228, 'dirty-pages-rate': 0, 'normal-bytes': 465371136, 'normal': 113616}}
QMP cmd [src1] query-migrate args={}
QMP reply [src1] query-migrate: {'expected-downtime': 300, 'status': 'active', 'setup-time': 1, 'total-time': 3616, 'ram': {'total': 8607571968, 'postcopy-requests': 0, 'dirty-sync-count': 1, 'multifd-bytes': 0, 'pages-per-second': 34120, 'downtime-bytes': 0, 'page-size': 4096, 'remaining': 4924416000, 'postcopy-bytes': 0, 'mbps': 1082.22768, 'transferred': 500345587, 'dirty-sync-missed-zero-copy': 0, 'precopy-bytes': 500344935, 'duplicate': 779000, 'dirty-pages-rate': 0, 'normal-bytes': 492371968, 'normal': 120208}}
QMP cmd [src1] query-migrate args={}
QMP reply [src1] query-migrate: {'expected-downtime': 300, 'status': 'active', 'setup-time': 1, 'total-time': 3817, 'ram': {'total': 8607571968, 'postcopy-requests': 0, 'dirty-sync-count': 1, 'multifd-bytes': 0, 'pages-per-second': 33140, 'downtime-bytes': 0, 'page-size': 4096, 'remaining': 4897083392, 'postcopy-bytes': 0, 'mbps': 1082.15712, 'transferred': 527399920, 'dirty-sync-missed-zero-copy': 0, 'precopy-bytes': 527399248, 'duplicate': 779081, 'dirty-pages-rate': 0, 'normal-bytes': 519372800, 'normal': 126800}}
QMP cmd [src1] query-migrate args={}
QMP reply [src1] query-migrate: {'expected-downtime': 300, 'status': 'active', 'setup-time': 1, 'total-time': 4018, 'ram': {'total': 8607571968, 'postcopy-requests': 0, 'dirty-sync-count': 1, 'multifd-bytes': 0, 'pages-per-second': 33090, 'downtime-bytes': 0, 'page-size': 4096, 'remaining': 4869550080, 'postcopy-bytes': 0, 'mbps': 1082.15352, 'transferred': 554454694, 'dirty-sync-missed-zero-copy': 0, 'precopy-bytes': 554454002, 'duplicate': 779211, 'dirty-pages-rate': 0, 'normal-bytes': 546373632, 'normal': 133392}}
QMP cmd [src1] query-migrate args={}
QMP reply [src1] query-migrate: {'expected-downtime': 300, 'status': 'active', 'setup-time': 1, 'total-time': 4218, 'ram': {'total': 8607571968, 'postcopy-requests': 0, 'dirty-sync-count': 1, 'multifd-bytes': 0, 'pages-per-second': 34130, 'downtime-bytes': 0, 'page-size': 4096, 'remaining': 4841947136, 'postcopy-bytes': 0, 'mbps': 1082.2284, 'transferred': 581509621, 'dirty-sync-missed-zero-copy': 0, 'precopy-bytes': 581508909, 'duplicate': 779358, 'dirty-pages-rate': 0, 'normal-bytes': 573374464, 'normal': 139984}}
QMP cmd [src1] query-migrate args={}
QMP reply [src1] query-migrate: {'expected-downtime': 300, 'status': 'active', 'setup-time': 1, 'total-time': 4419, 'ram': {'total': 8607571968, 'postcopy-requests': 0, 'dirty-sync-count': 1, 'multifd-bytes': 0, 'pages-per-second': 34070, 'downtime-bytes': 0, 'page-size': 4096, 'remaining': 4814098432, 'postcopy-bytes': 0, 'mbps': 1082.2240800000002, 'transferred': 608565088, 'dirty-sync-missed-zero-copy': 0, 'precopy-bytes': 608564356, 'duplicate': 779565, 'dirty-pages-rate': 0, 'normal-bytes': 600375296, 'normal': 146576}}
2026-07-14 20:03:47.692322SSH command: ssh -o BatchMode=yes -o StrictHostKeyChecking=no -o UserKnownHostsFile=/dev/null -o ConnectTimeout=1 -o LogLevel=ERROR -p 2222 -i /home/max/.ssh/pgvm_bench user@127.0.0.1 test -f /tmp/bench.done
Return code: 1
Stdout: 
Stderr: 
QMP cmd [src1] query-migrate args={}
QMP reply [src1] query-migrate: {'expected-downtime': 300, 'status': 'active', 'setup-time': 1, 'total-time': 4620, 'ram': {'total': 8607571968, 'postcopy-requests': 0, 'dirty-sync-count': 1, 'multifd-bytes': 0, 'pages-per-second': 33870, 'downtime-bytes': 0, 'page-size': 4096, 'remaining': 4786679808, 'postcopy-bytes': 0, 'mbps': 1082.20968, 'transferred': 635619610, 'dirty-sync-missed-zero-copy': 0, 'precopy-bytes': 635618858, 'duplicate': 779667, 'dirty-pages-rate': 0, 'normal-bytes': 627376128, 'normal': 153168}}
QMP cmd [src1] query-migrate args={}
QMP reply [src1] query-migrate: {'expected-downtime': 300, 'status': 'active', 'setup-time': 1, 'total-time': 4821, 'ram': {'total': 8607571968, 'postcopy-requests': 0, 'dirty-sync-count': 1, 'multifd-bytes': 0, 'pages-per-second': 32980, 'downtime-bytes': 0, 'page-size': 4096, 'remaining': 4759498752, 'postcopy-bytes': 0, 'mbps': 1082.1456, 'transferred': 662673610, 'dirty-sync-missed-zero-copy': 0, 'precopy-bytes': 662672838, 'duplicate': 779711, 'dirty-pages-rate': 0, 'normal-bytes': 654376960, 'normal': 159760}}
QMP cmd [src1] query-migrate args={}
QMP reply [src1] query-migrate: {'expected-downtime': 300, 'status': 'active', 'setup-time': 1, 'total-time': 5022, 'ram': {'total': 8607571968, 'postcopy-requests': 0, 'dirty-sync-count': 1, 'multifd-bytes': 0, 'pages-per-second': 33000, 'downtime-bytes': 0, 'page-size': 4096, 'remaining': 4732301312, 'postcopy-bytes': 0, 'mbps': 1082.14704, 'transferred': 689727646, 'dirty-sync-missed-zero-copy': 0, 'precopy-bytes': 689726854, 'duplicate': 779759, 'dirty-pages-rate': 0, 'normal-bytes': 681377792, 'normal': 166352}}
QMP cmd [src1] query-migrate args={}
QMP reply [src1] query-migrate: {'expected-downtime': 300, 'status': 'active', 'setup-time': 1, 'total-time': 5222, 'ram': {'total': 8607571968, 'postcopy-requests': 0, 'dirty-sync-count': 1, 'multifd-bytes': 0, 'pages-per-second': 33090, 'downtime-bytes': 0, 'page-size': 4096, 'remaining': 4705239040, 'postcopy-bytes': 0, 'mbps': 1082.15352, 'transferred': 716781385, 'dirty-sync-missed-zero-copy': 0, 'precopy-bytes': 716780573, 'duplicate': 779774, 'dirty-pages-rate': 0, 'normal-bytes': 708378624, 'normal': 172944}}
QMP cmd [src1] query-migrate args={}
QMP reply [src1] query-migrate: {'expected-downtime': 300, 'status': 'active', 'setup-time': 1, 'total-time': 5423, 'ram': {'total': 8607571968, 'postcopy-requests': 0, 'dirty-sync-count': 1, 'multifd-bytes': 0, 'pages-per-second': 35450, 'downtime-bytes': 0, 'page-size': 4096, 'remaining': 4675928064, 'postcopy-bytes': 0, 'mbps': 1082.32344, 'transferred': 743840065, 'dirty-sync-missed-zero-copy': 0, 'precopy-bytes': 743839233, 'duplicate': 780338, 'dirty-pages-rate': 0, 'normal-bytes': 735379456, 'normal': 179536}}
QMP cmd [src1] query-migrate args={}
QMP reply [src1] query-migrate: {'expected-downtime': 300, 'status': 'active', 'setup-time': 1, 'total-time': 5624, 'ram': {'total': 8607571968, 'postcopy-requests': 0, 'dirty-sync-count': 1, 'multifd-bytes': 0, 'pages-per-second': 33190, 'downtime-bytes': 0, 'page-size': 4096, 'remaining': 4648833024, 'postcopy-bytes': 0, 'mbps': 1082.16072, 'transferred': 770893876, 'dirty-sync-missed-zero-copy': 0, 'precopy-bytes': 770893024, 'duplicate': 780361, 'dirty-pages-rate': 0, 'normal-bytes': 762380288, 'normal': 186128}}
QMP cmd [src1] query-migrate args={}
QMP reply [src1] query-migrate: {'expected-downtime': 300, 'status': 'active', 'setup-time': 1, 'total-time': 5825, 'ram': {'total': 8607571968, 'postcopy-requests': 0, 'dirty-sync-count': 1, 'multifd-bytes': 0, 'pages-per-second': 32980, 'downtime-bytes': 0, 'page-size': 4096, 'remaining': 4621799424, 'postcopy-bytes': 0, 'mbps': 1082.1456, 'transferred': 797947552, 'dirty-sync-missed-zero-copy': 0, 'precopy-bytes': 797946680, 'duplicate': 780369, 'dirty-pages-rate': 0, 'normal-bytes': 789381120, 'normal': 192720}}
QMP cmd [src1] query-migrate args={}
QMP reply [src1] query-migrate: {'expected-downtime': 300, 'status': 'active', 'setup-time': 1, 'total-time': 6026, 'ram': {'total': 8607571968, 'postcopy-requests': 0, 'dirty-sync-count': 1, 'multifd-bytes': 0, 'pages-per-second': 33000, 'downtime-bytes': 0, 'page-size': 4096, 'remaining': 4594511872, 'postcopy-bytes': 0, 'mbps': 1082.14704, 'transferred': 825001786, 'dirty-sync-missed-zero-copy': 0, 'precopy-bytes': 825000894, 'duplicate': 780439, 'dirty-pages-rate': 0, 'normal-bytes': 816381952, 'normal': 199312}}
QMP cmd [src1] query-migrate args={}
QMP reply [src1] query-migrate: {'expected-downtime': 300, 'status': 'active', 'setup-time': 1, 'total-time': 6227, 'ram': {'total': 8607571968, 'postcopy-requests': 0, 'dirty-sync-count': 1, 'multifd-bytes': 0, 'pages-per-second': 33840, 'downtime-bytes': 0, 'page-size': 4096, 'remaining': 4564430848, 'postcopy-bytes': 0, 'mbps': 1082.20752, 'transferred': 852062158, 'dirty-sync-missed-zero-copy': 0, 'precopy-bytes': 852061246, 'duplicate': 781191, 'dirty-pages-rate': 0, 'normal-bytes': 843382784, 'normal': 205904}}
QMP cmd [src1] query-migrate args={}
QMP reply [src1] query-migrate: {'expected-downtime': 300, 'status': 'active', 'setup-time': 1, 'total-time': 6427, 'ram': {'total': 8607571968, 'postcopy-requests': 0, 'dirty-sync-count': 1, 'multifd-bytes': 0, 'pages-per-second': 35890, 'downtime-bytes': 0, 'page-size': 4096, 'remaining': 4536229888, 'postcopy-bytes': 0, 'mbps': 1082.3551200000002, 'transferred': 879118399, 'dirty-sync-missed-zero-copy': 0, 'precopy-bytes': 879117467, 'duplicate': 781484, 'dirty-pages-rate': 0, 'normal-bytes': 870383616, 'normal': 212496}}
QMP cmd [src1] query-migrate args={}
QMP reply [src1] query-migrate: {'expected-downtime': 300, 'status': 'active', 'setup-time': 1, 'total-time': 6628, 'ram': {'total': 8607571968, 'postcopy-requests': 0, 'dirty-sync-count': 1, 'multifd-bytes': 0, 'pages-per-second': 33040, 'downtime-bytes': 0, 'page-size': 4096, 'remaining': 4509188096, 'postcopy-bytes': 0, 'mbps': 1082.1499199999998, 'transferred': 906172093, 'dirty-sync-missed-zero-copy': 0, 'precopy-bytes': 906171141, 'duplicate': 781494, 'dirty-pages-rate': 0, 'normal-bytes': 897384448, 'normal': 219088}}
2026-07-14 20:03:49.855709SSH command: ssh -o BatchMode=yes -o StrictHostKeyChecking=no -o UserKnownHostsFile=/dev/null -o ConnectTimeout=1 -o LogLevel=ERROR -p 2222 -i /home/max/.ssh/pgvm_bench user@127.0.0.1 test -f /tmp/bench.done
Return code: 1
Stdout: 
Stderr: 
QMP cmd [src1] query-migrate args={}
QMP reply [src1] query-migrate: {'expected-downtime': 300, 'status': 'active', 'setup-time': 1, 'total-time': 6830, 'ram': {'total': 8607571968, 'postcopy-requests': 0, 'dirty-sync-count': 1, 'multifd-bytes': 0, 'pages-per-second': 33580, 'downtime-bytes': 0, 'page-size': 4096, 'remaining': 4481900544, 'postcopy-bytes': 0, 'mbps': 1082.1888000000001, 'transferred': 933226327, 'dirty-sync-missed-zero-copy': 0, 'precopy-bytes': 933225355, 'duplicate': 781564, 'dirty-pages-rate': 0, 'normal-bytes': 924385280, 'normal': 225680}}
QMP cmd [src1] query-migrate args={}
QMP reply [src1] query-migrate: {'expected-downtime': 300, 'status': 'active', 'setup-time': 1, 'total-time': 7030, 'ram': {'total': 8607571968, 'postcopy-requests': 0, 'dirty-sync-count': 1, 'multifd-bytes': 0, 'pages-per-second': 33060, 'downtime-bytes': 0, 'page-size': 4096, 'remaining': 4454858752, 'postcopy-bytes': 0, 'mbps': 1082.15136, 'transferred': 960280021, 'dirty-sync-missed-zero-copy': 0, 'precopy-bytes': 960279029, 'duplicate': 781574, 'dirty-pages-rate': 0, 'normal-bytes': 951386112, 'normal': 232272}}
QMP cmd [src1] query-migrate args={}
QMP reply [src1] query-migrate: {'expected-downtime': 300, 'status': 'active', 'setup-time': 1, 'total-time': 7231, 'ram': {'total': 8607571968, 'postcopy-requests': 0, 'dirty-sync-count': 1, 'multifd-bytes': 0, 'pages-per-second': 32653, 'downtime-bytes': 0, 'page-size': 4096, 'remaining': 4427841536, 'postcopy-bytes': 0, 'mbps': 1071.4312871287127, 'transferred': 987333661, 'dirty-sync-missed-zero-copy': 0, 'precopy-bytes': 987332649, 'duplicate': 781578, 'dirty-pages-rate': 0, 'normal-bytes': 978386944, 'normal': 238864}}
QMP cmd [src1] query-migrate args={}
QMP reply [src1] query-migrate: {'expected-downtime': 300, 'status': 'active', 'setup-time': 1, 'total-time': 7432, 'ram': {'total': 8607571968, 'postcopy-requests': 0, 'dirty-sync-count': 1, 'multifd-bytes': 0, 'pages-per-second': 33000, 'downtime-bytes': 0, 'page-size': 4096, 'remaining': 4400791552, 'postcopy-bytes': 0, 'mbps': 1082.14704, 'transferred': 1014387373, 'dirty-sync-missed-zero-copy': 0, 'precopy-bytes': 1014386341, 'duplicate': 781590, 'dirty-pages-rate': 0, 'normal-bytes': 1005387776, 'normal': 245456}}
QMP cmd [src1] query-migrate args={}
QMP reply [src1] query-migrate: {'expected-downtime': 300, 'status': 'active', 'setup-time': 1, 'total-time': 7633, 'ram': {'total': 8607571968, 'postcopy-requests': 0, 'dirty-sync-count': 1, 'multifd-bytes': 0, 'pages-per-second': 38960, 'downtime-bytes': 0, 'page-size': 4096, 'remaining': 4371292160, 'postcopy-bytes': 0, 'mbps': 1082.5761599999998, 'transferred': 1041446467, 'dirty-sync-missed-zero-copy': 0, 'precopy-bytes': 1041445415, 'duplicate': 782200, 'dirty-pages-rate': 0, 'normal-bytes': 1032388608, 'normal': 252048}}
QMP cmd [src1] query-migrate args={}
QMP reply [src1] query-migrate: {'expected-downtime': 300, 'status': 'active', 'setup-time': 1, 'total-time': 7834, 'ram': {'total': 8607571968, 'postcopy-requests': 0, 'dirty-sync-count': 1, 'multifd-bytes': 0, 'pages-per-second': 33000, 'downtime-bytes': 0, 'page-size': 4096, 'remaining': 4344266752, 'postcopy-bytes': 0, 'mbps': 1082.14704, 'transferred': 1068500125, 'dirty-sync-missed-zero-copy': 0, 'precopy-bytes': 1068499053, 'duplicate': 782206, 'dirty-pages-rate': 0, 'normal-bytes': 1059389440, 'normal': 258640}}
QMP cmd [src1] query-migrate args={}
QMP reply [src1] query-migrate: {'expected-downtime': 300, 'status': 'active', 'setup-time': 1, 'total-time': 8034, 'ram': {'total': 8607571968, 'postcopy-requests': 0, 'dirty-sync-count': 1, 'multifd-bytes': 0, 'pages-per-second': 32980, 'downtime-bytes': 0, 'page-size': 4096, 'remaining': 4317257728, 'postcopy-bytes': 0, 'mbps': 1082.1456, 'transferred': 1095553747, 'dirty-sync-missed-zero-copy': 0, 'precopy-bytes': 1095552655, 'duplicate': 782208, 'dirty-pages-rate': 0, 'normal-bytes': 1086390272, 'normal': 265232}}
QMP cmd [src1] query-migrate args={}
QMP reply [src1] query-migrate: {'expected-downtime': 300, 'status': 'active', 'setup-time': 1, 'total-time': 8235, 'ram': {'total': 8607571968, 'postcopy-requests': 0, 'dirty-sync-count': 1, 'multifd-bytes': 0, 'pages-per-second': 38340, 'downtime-bytes': 0, 'page-size': 4096, 'remaining': 4288012288, 'postcopy-bytes': 0, 'mbps': 1082.53152, 'transferred': 1122612283, 'dirty-sync-missed-zero-copy': 0, 'precopy-bytes': 1122611171, 'duplicate': 782756, 'dirty-pages-rate': 0, 'normal-bytes': 1113391104, 'normal': 271824}}
QMP cmd [src1] query-migrate args={}
QMP reply [src1] query-migrate: {'expected-downtime': 300, 'status': 'active', 'setup-time': 1, 'total-time': 8436, 'ram': {'total': 8607571968, 'postcopy-requests': 0, 'dirty-sync-count': 1, 'multifd-bytes': 0, 'pages-per-second': 33060, 'downtime-bytes': 0, 'page-size': 4096, 'remaining': 4260962304, 'postcopy-bytes': 0, 'mbps': 1082.15136, 'transferred': 1149665995, 'dirty-sync-missed-zero-copy': 0, 'precopy-bytes': 1149664863, 'duplicate': 782768, 'dirty-pages-rate': 0, 'normal-bytes': 1140391936, 'normal': 278416}}
QMP cmd [src1] query-migrate args={}
QMP reply [src1] query-migrate: {'expected-downtime': 300, 'status': 'active', 'setup-time': 1, 'total-time': 8637, 'ram': {'total': 8607571968, 'postcopy-requests': 0, 'dirty-sync-count': 1, 'multifd-bytes': 0, 'pages-per-second': 32960, 'downtime-bytes': 0, 'page-size': 4096, 'remaining': 4233936896, 'postcopy-bytes': 0, 'mbps': 1082.1441599999998, 'transferred': 1176719653, 'dirty-sync-missed-zero-copy': 0, 'precopy-bytes': 1176718501, 'duplicate': 782774, 'dirty-pages-rate': 0, 'normal-bytes': 1167392768, 'normal': 285008}}
QMP cmd [src1] query-migrate args={}
QMP reply [src1] query-migrate: {'expected-downtime': 300, 'status': 'active', 'setup-time': 1, 'total-time': 8838, 'ram': {'total': 8607571968, 'postcopy-requests': 0, 'dirty-sync-count': 1, 'multifd-bytes': 0, 'pages-per-second': 32960, 'downtime-bytes': 0, 'page-size': 4096, 'remaining': 4206936064, 'postcopy-bytes': 0, 'mbps': 1082.1441599999998, 'transferred': 1203773257, 'dirty-sync-missed-zero-copy': 0, 'precopy-bytes': 1203772085, 'duplicate': 782774, 'dirty-pages-rate': 0, 'normal-bytes': 1194393600, 'normal': 291600}}
2026-07-14 20:03:52.038184SSH command: ssh -o BatchMode=yes -o StrictHostKeyChecking=no -o UserKnownHostsFile=/dev/null -o ConnectTimeout=1 -o LogLevel=ERROR -p 2222 -i /home/max/.ssh/pgvm_bench user@127.0.0.1 test -f /tmp/bench.done
Return code: 1
Stdout: 
Stderr: 
QMP cmd [src1] query-migrate args={}
QMP reply [src1] query-migrate: {'expected-downtime': 300, 'status': 'active', 'setup-time': 1, 'total-time': 9039, 'ram': {'total': 8607571968, 'postcopy-requests': 0, 'dirty-sync-count': 1, 'multifd-bytes': 0, 'pages-per-second': 32960, 'downtime-bytes': 0, 'page-size': 4096, 'remaining': 4179927040, 'postcopy-bytes': 0, 'mbps': 1082.1441599999998, 'transferred': 1230826879, 'dirty-sync-missed-zero-copy': 0, 'precopy-bytes': 1230825687, 'duplicate': 782776, 'dirty-pages-rate': 0, 'normal-bytes': 1221394432, 'normal': 298192}}
QMP cmd [src1] query-migrate args={}
QMP reply [src1] query-migrate: {'expected-downtime': 300, 'status': 'active', 'setup-time': 1, 'total-time': 9240, 'ram': {'total': 8607571968, 'postcopy-requests': 0, 'dirty-sync-count': 1, 'multifd-bytes': 0, 'pages-per-second': 34020, 'downtime-bytes': 0, 'page-size': 4096, 'remaining': 4149514240, 'postcopy-bytes': 0, 'mbps': 1082.22048, 'transferred': 1257887980, 'dirty-sync-missed-zero-copy': 0, 'precopy-bytes': 1257886768, 'duplicate': 783609, 'dirty-pages-rate': 0, 'normal-bytes': 1248395264, 'normal': 304784}}
QMP cmd [src1] query-migrate args={}
QMP reply [src1] query-migrate: {'expected-downtime': 300, 'status': 'active', 'setup-time': 1, 'total-time': 9441, 'ram': {'total': 8607571968, 'postcopy-requests': 0, 'dirty-sync-count': 1, 'multifd-bytes': 0, 'pages-per-second': 32980, 'downtime-bytes': 0, 'page-size': 4096, 'remaining': 4122505216, 'postcopy-bytes': 0, 'mbps': 1082.1456, 'transferred': 1284941602, 'dirty-sync-missed-zero-copy': 0, 'precopy-bytes': 1284940370, 'duplicate': 783611, 'dirty-pages-rate': 0, 'normal-bytes': 1275396096, 'normal': 311376}}
QMP cmd [src1] query-migrate args={}
QMP reply [src1] query-migrate: {'expected-downtime': 300, 'status': 'active', 'setup-time': 1, 'total-time': 9641, 'ram': {'total': 8607571968, 'postcopy-requests': 0, 'dirty-sync-count': 1, 'multifd-bytes': 0, 'pages-per-second': 32960, 'downtime-bytes': 0, 'page-size': 4096, 'remaining': 4095496192, 'postcopy-bytes': 0, 'mbps': 1082.1441599999998, 'transferred': 1311995224, 'dirty-sync-missed-zero-copy': 0, 'precopy-bytes': 1311993972, 'duplicate': 783613, 'dirty-pages-rate': 0, 'normal-bytes': 1302396928, 'normal': 317968}}
QMP cmd [src1] query-migrate args={}
QMP reply [src1] query-migrate: {'expected-downtime': 300, 'status': 'active', 'setup-time': 1, 'total-time': 9842, 'ram': {'total': 8607571968, 'postcopy-requests': 0, 'dirty-sync-count': 1, 'multifd-bytes': 0, 'pages-per-second': 32980, 'downtime-bytes': 0, 'page-size': 4096, 'remaining': 4068478976, 'postcopy-bytes': 0, 'mbps': 1082.1456, 'transferred': 1339048864, 'dirty-sync-missed-zero-copy': 0, 'precopy-bytes': 1339047592, 'duplicate': 783617, 'dirty-pages-rate': 0, 'normal-bytes': 1329397760, 'normal': 324560}}
QMP cmd [src1] query-migrate args={}
QMP reply [src1] query-migrate: {'expected-downtime': 300, 'status': 'active', 'setup-time': 1, 'total-time': 10043, 'ram': {'total': 8607571968, 'postcopy-requests': 0, 'dirty-sync-count': 1, 'multifd-bytes': 0, 'pages-per-second': 33040, 'downtime-bytes': 0, 'page-size': 4096, 'remaining': 4041428992, 'postcopy-bytes': 0, 'mbps': 1082.1499199999998, 'transferred': 1366102576, 'dirty-sync-missed-zero-copy': 0, 'precopy-bytes': 1366101284, 'duplicate': 783629, 'dirty-pages-rate': 0, 'normal-bytes': 1356398592, 'normal': 331152}}
QMP cmd [src1] query-migrate args={}
QMP reply [src1] query-migrate: {'expected-downtime': 300, 'status': 'active', 'setup-time': 1, 'total-time': 10244, 'ram': {'total': 8607571968, 'postcopy-requests': 0, 'dirty-sync-count': 1, 'multifd-bytes': 0, 'pages-per-second': 33000, 'downtime-bytes': 0, 'page-size': 4096, 'remaining': 4014403584, 'postcopy-bytes': 0, 'mbps': 1082.14704, 'transferred': 1393156234, 'dirty-sync-missed-zero-copy': 0, 'precopy-bytes': 1393154922, 'duplicate': 783635, 'dirty-pages-rate': 0, 'normal-bytes': 1383399424, 'normal': 337744}}
QMP cmd [src1] query-migrate args={}
QMP reply [src1] query-migrate: {'expected-downtime': 300, 'status': 'active', 'setup-time': 1, 'total-time': 10444, 'ram': {'total': 8607571968, 'postcopy-requests': 0, 'dirty-sync-count': 1, 'multifd-bytes': 0, 'pages-per-second': 33020, 'downtime-bytes': 0, 'page-size': 4096, 'remaining': 3987361792, 'postcopy-bytes': 0, 'mbps': 1082.14848, 'transferred': 1420209928, 'dirty-sync-missed-zero-copy': 0, 'precopy-bytes': 1420208596, 'duplicate': 783645, 'dirty-pages-rate': 0, 'normal-bytes': 1410400256, 'normal': 344336}}
QMP cmd [src1] query-migrate args={}
QMP reply [src1] query-migrate: {'expected-downtime': 300, 'status': 'active', 'setup-time': 1, 'total-time': 10645, 'ram': {'total': 8607571968, 'postcopy-requests': 0, 'dirty-sync-count': 1, 'multifd-bytes': 0, 'pages-per-second': 33000, 'downtime-bytes': 0, 'page-size': 4096, 'remaining': 3960336384, 'postcopy-bytes': 0, 'mbps': 1082.14704, 'transferred': 1447263586, 'dirty-sync-missed-zero-copy': 0, 'precopy-bytes': 1447262234, 'duplicate': 783651, 'dirty-pages-rate': 0, 'normal-bytes': 1437401088, 'normal': 350928}}
QMP cmd [src1] query-migrate args={}
QMP reply [src1] query-migrate: {'expected-downtime': 300, 'status': 'active', 'setup-time': 1, 'total-time': 10846, 'ram': {'total': 8607571968, 'postcopy-requests': 0, 'dirty-sync-count': 1, 'multifd-bytes': 0, 'pages-per-second': 33020, 'downtime-bytes': 0, 'page-size': 4096, 'remaining': 3933278208, 'postcopy-bytes': 0, 'mbps': 1082.14848, 'transferred': 1474317316, 'dirty-sync-missed-zero-copy': 0, 'precopy-bytes': 1474315944, 'duplicate': 783665, 'dirty-pages-rate': 0, 'normal-bytes': 1464401920, 'normal': 357520}}
2026-07-14 20:03:54.215935SSH command: ssh -o BatchMode=yes -o StrictHostKeyChecking=no -o UserKnownHostsFile=/dev/null -o ConnectTimeout=1 -o LogLevel=ERROR -p 2222 -i /home/max/.ssh/pgvm_bench user@127.0.0.1 test -f /tmp/bench.done
Return code: 1
Stdout: 
Stderr: 
QMP cmd [src1] query-migrate args={}
QMP reply [src1] query-migrate: {'expected-downtime': 300, 'status': 'active', 'setup-time': 1, 'total-time': 11049, 'ram': {'total': 8607571968, 'postcopy-requests': 0, 'dirty-sync-count': 1, 'multifd-bytes': 0, 'pages-per-second': 33060, 'downtime-bytes': 0, 'page-size': 4096, 'remaining': 3906228224, 'postcopy-bytes': 0, 'mbps': 1082.15136, 'transferred': 1501371028, 'dirty-sync-missed-zero-copy': 0, 'precopy-bytes': 1501369636, 'duplicate': 783677, 'dirty-pages-rate': 0, 'normal-bytes': 1491402752, 'normal': 364112}}
QMP cmd [src1] query-migrate args={}
QMP reply [src1] query-migrate: {'expected-downtime': 300, 'status': 'active', 'setup-time': 1, 'total-time': 11249, 'ram': {'total': 8607571968, 'postcopy-requests': 0, 'dirty-sync-count': 1, 'multifd-bytes': 0, 'pages-per-second': 32980, 'downtime-bytes': 0, 'page-size': 4096, 'remaining': 3879202816, 'postcopy-bytes': 0, 'mbps': 1082.1456, 'transferred': 1528424686, 'dirty-sync-missed-zero-copy': 0, 'precopy-bytes': 1528423274, 'duplicate': 783683, 'dirty-pages-rate': 0, 'normal-bytes': 1518403584, 'normal': 370704}}
QMP cmd [src1] query-migrate args={}
QMP reply [src1] query-migrate: {'expected-downtime': 300, 'status': 'active', 'setup-time': 1, 'total-time': 11450, 'ram': {'total': 8607571968, 'postcopy-requests': 0, 'dirty-sync-count': 1, 'multifd-bytes': 0, 'pages-per-second': 32980, 'downtime-bytes': 0, 'page-size': 4096, 'remaining': 3852169216, 'postcopy-bytes': 0, 'mbps': 1082.1456, 'transferred': 1555478362, 'dirty-sync-missed-zero-copy': 0, 'precopy-bytes': 1555476930, 'duplicate': 783691, 'dirty-pages-rate': 0, 'normal-bytes': 1545404416, 'normal': 377296}}
QMP cmd [src1] query-migrate args={}
QMP reply [src1] query-migrate: {'expected-downtime': 300, 'status': 'active', 'setup-time': 1, 'total-time': 11651, 'ram': {'total': 8607571968, 'postcopy-requests': 0, 'dirty-sync-count': 1, 'multifd-bytes': 0, 'pages-per-second': 33000, 'downtime-bytes': 0, 'page-size': 4096, 'remaining': 3825119232, 'postcopy-bytes': 0, 'mbps': 1082.14704, 'transferred': 1582532074, 'dirty-sync-missed-zero-copy': 0, 'precopy-bytes': 1582530622, 'duplicate': 783703, 'dirty-pages-rate': 0, 'normal-bytes': 1572405248, 'normal': 383888}}
QMP cmd [src1] query-migrate args={}
QMP reply [src1] query-migrate: {'expected-downtime': 300, 'status': 'active', 'setup-time': 1, 'total-time': 11851, 'ram': {'total': 8607571968, 'postcopy-requests': 0, 'dirty-sync-count': 1, 'multifd-bytes': 0, 'pages-per-second': 32980, 'downtime-bytes': 0, 'page-size': 4096, 'remaining': 3798085632, 'postcopy-bytes': 0, 'mbps': 1082.1456, 'transferred': 1609585750, 'dirty-sync-missed-zero-copy': 0, 'precopy-bytes': 1609584278, 'duplicate': 783711, 'dirty-pages-rate': 0, 'normal-bytes': 1599406080, 'normal': 390480}}
QMP cmd [src1] query-migrate args={}
QMP reply [src1] query-migrate: {'expected-downtime': 300, 'status': 'active', 'setup-time': 1, 'total-time': 12052, 'ram': {'total': 8607571968, 'postcopy-requests': 0, 'dirty-sync-count': 1, 'multifd-bytes': 0, 'pages-per-second': 33180, 'downtime-bytes': 0, 'page-size': 4096, 'remaining': 3770986496, 'postcopy-bytes': 0, 'mbps': 1082.16, 'transferred': 1636639570, 'dirty-sync-missed-zero-copy': 0, 'precopy-bytes': 1636638078, 'duplicate': 783735, 'dirty-pages-rate': 0, 'normal-bytes': 1626406912, 'normal': 397072}}
QMP cmd [src1] query-migrate args={}
QMP reply [src1] query-migrate: {'expected-downtime': 300, 'status': 'active', 'setup-time': 1, 'total-time': 12253, 'ram': {'total': 8607571968, 'postcopy-requests': 0, 'dirty-sync-count': 1, 'multifd-bytes': 0, 'pages-per-second': 33310, 'downtime-bytes': 0, 'page-size': 4096, 'remaining': 3743776768, 'postcopy-bytes': 0, 'mbps': 1082.16936, 'transferred': 1663693633, 'dirty-sync-missed-zero-copy': 0, 'precopy-bytes': 1663692121, 'duplicate': 783786, 'dirty-pages-rate': 0, 'normal-bytes': 1653407744, 'normal': 403664}}
QMP cmd [src1] query-migrate args={}
QMP reply [src1] query-migrate: {'expected-downtime': 300, 'status': 'active', 'setup-time': 1, 'total-time': 12454, 'ram': {'total': 8607571968, 'postcopy-requests': 0, 'dirty-sync-count': 1, 'multifd-bytes': 0, 'pages-per-second': 33280, 'downtime-bytes': 0, 'page-size': 4096, 'remaining': 3716513792, 'postcopy-bytes': 0, 'mbps': 1082.1671999999999, 'transferred': 1690747813, 'dirty-sync-missed-zero-copy': 0, 'precopy-bytes': 1690746281, 'duplicate': 783850, 'dirty-pages-rate': 0, 'normal-bytes': 1680408576, 'normal': 410256}}
QMP cmd [src1] query-migrate args={}
QMP reply [src1] query-migrate: {'expected-downtime': 300, 'status': 'active', 'setup-time': 1, 'total-time': 12654, 'ram': {'total': 8607571968, 'postcopy-requests': 0, 'dirty-sync-count': 1, 'multifd-bytes': 0, 'pages-per-second': 33500, 'downtime-bytes': 0, 'page-size': 4096, 'remaining': 3689070592, 'postcopy-bytes': 0, 'mbps': 1082.1830400000001, 'transferred': 1717802389, 'dirty-sync-missed-zero-copy': 0, 'precopy-bytes': 1717800837, 'duplicate': 783958, 'dirty-pages-rate': 0, 'normal-bytes': 1707409408, 'normal': 416848}}
QMP cmd [src1] query-migrate args={}
QMP reply [src1] query-migrate: {'expected-downtime': 300, 'status': 'active', 'setup-time': 1, 'total-time': 12855, 'ram': {'total': 8607571968, 'postcopy-requests': 0, 'dirty-sync-count': 1, 'multifd-bytes': 0, 'pages-per-second': 36500, 'downtime-bytes': 0, 'page-size': 4096, 'remaining': 3657170944, 'postcopy-bytes': 0, 'mbps': 1082.39904, 'transferred': 1744866757, 'dirty-sync-missed-zero-copy': 0, 'precopy-bytes': 1744865185, 'duplicate': 785154, 'dirty-pages-rate': 0, 'normal-bytes': 1734410240, 'normal': 423440}}
QMP cmd [src1] query-migrate args={}
QMP reply [src1] query-migrate: {'expected-downtime': 300, 'status': 'active', 'setup-time': 1, 'total-time': 13056, 'ram': {'total': 8607571968, 'postcopy-requests': 0, 'dirty-sync-count': 1, 'multifd-bytes': 0, 'pages-per-second': 35940, 'downtime-bytes': 0, 'page-size': 4096, 'remaining': 3627220992, 'postcopy-bytes': 0, 'mbps': 1082.35872, 'transferred': 1771926841, 'dirty-sync-missed-zero-copy': 0, 'precopy-bytes': 1771925249, 'duplicate': 785874, 'dirty-pages-rate': 0, 'normal-bytes': 1761411072, 'normal': 430032}}
2026-07-14 20:03:56.376760SSH command: ssh -o BatchMode=yes -o StrictHostKeyChecking=no -o UserKnownHostsFile=/dev/null -o ConnectTimeout=1 -o LogLevel=ERROR -p 2222 -i /home/max/.ssh/pgvm_bench user@127.0.0.1 test -f /tmp/bench.done
Return code: 1
Stdout: 
Stderr: 
QMP cmd [src1] query-migrate args={}
QMP reply [src1] query-migrate: {'expected-downtime': 300, 'status': 'active', 'setup-time': 1, 'total-time': 13258, 'ram': {'total': 8607571968, 'postcopy-requests': 0, 'dirty-sync-count': 1, 'multifd-bytes': 0, 'pages-per-second': 36880, 'downtime-bytes': 0, 'page-size': 4096, 'remaining': 3596713984, 'postcopy-bytes': 0, 'mbps': 1082.4263999999998, 'transferred': 1798988149, 'dirty-sync-missed-zero-copy': 0, 'precopy-bytes': 1798986537, 'duplicate': 786730, 'dirty-pages-rate': 0, 'normal-bytes': 1788411904, 'normal': 436624}}
QMP cmd [src1] query-migrate args={}
QMP reply [src1] query-migrate: {'expected-downtime': 300, 'status': 'active', 'setup-time': 1, 'total-time': 13459, 'ram': {'total': 8607571968, 'postcopy-requests': 0, 'dirty-sync-count': 1, 'multifd-bytes': 0, 'pages-per-second': 38100, 'downtime-bytes': 0, 'page-size': 4096, 'remaining': 3562561536, 'postcopy-bytes': 0, 'mbps': 1082.51424, 'transferred': 1826057467, 'dirty-sync-missed-zero-copy': 0, 'precopy-bytes': 1826055835, 'duplicate': 788476, 'dirty-pages-rate': 0, 'normal-bytes': 1815412736, 'normal': 443216}}
QMP cmd [src1] query-migrate args={}
QMP reply [src1] query-migrate: {'expected-downtime': 300, 'status': 'active', 'setup-time': 1, 'total-time': 13660, 'ram': {'total': 8607571968, 'postcopy-requests': 0, 'dirty-sync-count': 1, 'multifd-bytes': 0, 'pages-per-second': 36960, 'downtime-bytes': 0, 'page-size': 4096, 'remaining': 3532136448, 'postcopy-bytes': 0, 'mbps': 1082.4321599999998, 'transferred': 1853118595, 'dirty-sync-missed-zero-copy': 0, 'precopy-bytes': 1853116943, 'duplicate': 789312, 'dirty-pages-rate': 0, 'normal-bytes': 1842413568, 'normal': 449808}}
QMP cmd [src1] query-migrate args={}
QMP reply [src1] query-migrate: {'expected-downtime': 300, 'status': 'active', 'setup-time': 1, 'total-time': 13861, 'ram': {'total': 8607571968, 'postcopy-requests': 0, 'dirty-sync-count': 1, 'multifd-bytes': 0, 'pages-per-second': 8206730, 'downtime-bytes': 0, 'page-size': 4096, 'remaining': 156004352, 'postcopy-bytes': 0, 'mbps': 1083.92544, 'transferred': 1880197003, 'dirty-sync-missed-zero-copy': 0, 'precopy-bytes': 1880195321, 'duplicate': 1608762, 'dirty-pages-rate': 0, 'normal-bytes': 1862078464, 'normal': 454609}}
QMP cmd [src1] query-migrate args={}
QMP reply [src1] query-migrate: {'expected-downtime': 300, 'status': 'active', 'setup-time': 1, 'total-time': 14062, 'ram': {'total': 8607571968, 'postcopy-requests': 0, 'dirty-sync-count': 1, 'multifd-bytes': 0, 'pages-per-second': 33980, 'downtime-bytes': 0, 'page-size': 4096, 'remaining': 128585728, 'postcopy-bytes': 0, 'mbps': 1082.2176000000002, 'transferred': 1907251525, 'dirty-sync-missed-zero-copy': 0, 'precopy-bytes': 1907249823, 'duplicate': 1608864, 'dirty-pages-rate': 0, 'normal-bytes': 1889079296, 'normal': 461201}}
QMP cmd [src1] query-migrate args={}
QMP reply [src1] query-migrate: {'expected-downtime': 300, 'status': 'active', 'setup-time': 1, 'total-time': 14263, 'ram': {'total': 8607571968, 'postcopy-requests': 0, 'dirty-sync-count': 1, 'multifd-bytes': 0, 'pages-per-second': 32960, 'downtime-bytes': 0, 'page-size': 4096, 'remaining': 101584896, 'postcopy-bytes': 0, 'mbps': 1082.1441599999998, 'transferred': 1934305129, 'dirty-sync-missed-zero-copy': 0, 'precopy-bytes': 1934303407, 'duplicate': 1608864, 'dirty-pages-rate': 0, 'normal-bytes': 1916080128, 'normal': 467793}}
QMP cmd [src1] query-migrate args={}
QMP reply [src1] query-migrate: {'expected-downtime': 300, 'status': 'active', 'setup-time': 1, 'total-time': 14464, 'ram': {'total': 8607571968, 'postcopy-requests': 0, 'dirty-sync-count': 1, 'multifd-bytes': 0, 'pages-per-second': 32960, 'downtime-bytes': 0, 'page-size': 4096, 'remaining': 74584064, 'postcopy-bytes': 0, 'mbps': 1082.1441599999998, 'transferred': 1961358733, 'dirty-sync-missed-zero-copy': 0, 'precopy-bytes': 1961356991, 'duplicate': 1608864, 'dirty-pages-rate': 0, 'normal-bytes': 1943080960, 'normal': 474385}}
QMP cmd [src1] query-migrate args={}
QMP reply [src1] query-migrate: {'expected-downtime': 300, 'status': 'active', 'setup-time': 1, 'total-time': 14664, 'ram': {'total': 8607571968, 'postcopy-requests': 0, 'dirty-sync-count': 1, 'multifd-bytes': 0, 'pages-per-second': 32960, 'downtime-bytes': 0, 'page-size': 4096, 'remaining': 47583232, 'postcopy-bytes': 0, 'mbps': 1082.1441599999998, 'transferred': 1988412337, 'dirty-sync-missed-zero-copy': 0, 'precopy-bytes': 1988410575, 'duplicate': 1608864, 'dirty-pages-rate': 0, 'normal-bytes': 1970081792, 'normal': 480977}}
QMP cmd [src1] query-migrate args={}
QMP reply [src1] query-migrate: {'expected-downtime': 300, 'status': 'active', 'setup-time': 1, 'total-time': 14865, 'ram': {'total': 8607571968, 'postcopy-requests': 0, 'dirty-sync-count': 2, 'multifd-bytes': 0, 'pages-per-second': 32633, 'downtime-bytes': 0, 'page-size': 4096, 'remaining': 308064256, 'postcopy-bytes': 0, 'mbps': 1071.4298613861386, 'transferred': 2015465941, 'dirty-sync-missed-zero-copy': 0, 'precopy-bytes': 2015464159, 'duplicate': 1608864, 'dirty-pages-rate': 4741, 'normal-bytes': 1997082624, 'normal': 487569}}
QMP cmd [src1] query-migrate args={}
QMP reply [src1] query-migrate: {'expected-downtime': 2393, 'status': 'active', 'setup-time': 1, 'total-time': 15066, 'ram': {'total': 8607571968, 'postcopy-requests': 0, 'dirty-sync-count': 2, 'multifd-bytes': 0, 'pages-per-second': 79540, 'downtime-bytes': 0, 'page-size': 4096, 'remaining': 261341184, 'postcopy-bytes': 0, 'mbps': 1074.6991200000002, 'transferred': 2042427895, 'dirty-sync-missed-zero-copy': 0, 'precopy-bytes': 2042426093, 'duplicate': 1613712, 'dirty-pages-rate': 4741, 'normal-bytes': 2023948288, 'normal': 494128}}
QMP cmd [src1] query-migrate args={}
QMP reply [src1] query-migrate: {'expected-downtime': 2376, 'status': 'active', 'setup-time': 1, 'total-time': 15267, 'ram': {'total': 8607571968, 'postcopy-requests': 0, 'dirty-sync-count': 2, 'multifd-bytes': 0, 'pages-per-second': 39690, 'downtime-bytes': 0, 'page-size': 4096, 'remaining': 231264256, 'postcopy-bytes': 0, 'mbps': 1082.62872, 'transferred': 2069488258, 'dirty-sync-missed-zero-copy': 0, 'precopy-bytes': 2069486436, 'duplicate': 1614463, 'dirty-pages-rate': 4741, 'normal-bytes': 2050949120, 'normal': 500720}}
2026-07-14 20:03:58.542572SSH command: ssh -o BatchMode=yes -o StrictHostKeyChecking=no -o UserKnownHostsFile=/dev/null -o ConnectTimeout=1 -o LogLevel=ERROR -p 2222 -i /home/max/.ssh/pgvm_bench user@127.0.0.1 test -f /tmp/bench.done
Return code: 1
Stdout: 
Stderr: 
QMP cmd [src1] query-migrate args={}
QMP reply [src1] query-migrate: {'expected-downtime': 2376, 'status': 'active', 'setup-time': 1, 'total-time': 15468, 'ram': {'total': 8607571968, 'postcopy-requests': 0, 'dirty-sync-count': 2, 'multifd-bytes': 0, 'pages-per-second': 34670, 'downtime-bytes': 0, 'page-size': 4096, 'remaining': 203001856, 'postcopy-bytes': 0, 'mbps': 1082.26728, 'transferred': 2096544634, 'dirty-sync-missed-zero-copy': 0, 'precopy-bytes': 2096542792, 'duplicate': 1614771, 'dirty-pages-rate': 4741, 'normal-bytes': 2077949952, 'normal': 507312}}
QMP cmd [src1] query-migrate args={}
QMP reply [src1] query-migrate: {'expected-downtime': 2377, 'status': 'active', 'setup-time': 1, 'total-time': 15669, 'ram': {'total': 8607571968, 'postcopy-requests': 0, 'dirty-sync-count': 2, 'multifd-bytes': 0, 'pages-per-second': 32970, 'downtime-bytes': 0, 'page-size': 4096, 'remaining': 175996928, 'postcopy-bytes': 0, 'mbps': 1082.1448799999998, 'transferred': 2123598247, 'dirty-sync-missed-zero-copy': 0, 'precopy-bytes': 2123596385, 'duplicate': 1614772, 'dirty-pages-rate': 4741, 'normal-bytes': 2104950784, 'normal': 513904}}
QMP cmd [src1] query-migrate args={}
QMP reply [src1] query-migrate: {'expected-downtime': 2377, 'status': 'active', 'setup-time': 1, 'total-time': 15870, 'ram': {'total': 8607571968, 'postcopy-requests': 0, 'dirty-sync-count': 2, 'multifd-bytes': 0, 'pages-per-second': 32970, 'downtime-bytes': 0, 'page-size': 4096, 'remaining': 148992000, 'postcopy-bytes': 0, 'mbps': 1082.1448799999998, 'transferred': 2150651860, 'dirty-sync-missed-zero-copy': 0, 'precopy-bytes': 2150649978, 'duplicate': 1614773, 'dirty-pages-rate': 4741, 'normal-bytes': 2131951616, 'normal': 520496}}
QMP cmd [src1] query-migrate args={}
QMP reply [src1] query-migrate: {'expected-downtime': 2377, 'status': 'active', 'setup-time': 1, 'total-time': 16071, 'ram': {'total': 8607571968, 'postcopy-requests': 0, 'dirty-sync-count': 2, 'multifd-bytes': 0, 'pages-per-second': 32960, 'downtime-bytes': 0, 'page-size': 4096, 'remaining': 121303040, 'postcopy-bytes': 0, 'mbps': 1082.1441599999998, 'transferred': 2177706976, 'dirty-sync-missed-zero-copy': 0, 'precopy-bytes': 2177705074, 'duplicate': 1614941, 'dirty-pages-rate': 4741, 'normal-bytes': 2158952448, 'normal': 527088}}
QMP cmd [src1] query-migrate args={}
QMP reply [src1] query-migrate: {'expected-downtime': 2377, 'status': 'active', 'setup-time': 1, 'total-time': 16271, 'ram': {'total': 8607571968, 'postcopy-requests': 0, 'dirty-sync-count': 2, 'multifd-bytes': 0, 'pages-per-second': 33440, 'downtime-bytes': 0, 'page-size': 4096, 'remaining': 94105600, 'postcopy-bytes': 0, 'mbps': 1082.1787199999999, 'transferred': 2204761012, 'dirty-sync-missed-zero-copy': 0, 'precopy-bytes': 2204759090, 'duplicate': 1614989, 'dirty-pages-rate': 4741, 'normal-bytes': 2185953280, 'normal': 533680}}
QMP cmd [src1] query-migrate args={}
QMP reply [src1] query-migrate: {'expected-downtime': 2377, 'status': 'active', 'setup-time': 1, 'total-time': 16472, 'ram': {'total': 8607571968, 'postcopy-requests': 0, 'dirty-sync-count': 2, 'multifd-bytes': 0, 'pages-per-second': 33840, 'downtime-bytes': 0, 'page-size': 4096, 'remaining': 66727936, 'postcopy-bytes': 0, 'mbps': 1082.20752, 'transferred': 2231815444, 'dirty-sync-missed-zero-copy': 0, 'precopy-bytes': 2231813502, 'duplicate': 1615081, 'dirty-pages-rate': 4741, 'normal-bytes': 2212954112, 'normal': 540272}}
QMP cmd [src1] query-migrate args={}
QMP reply [src1] query-migrate: {'expected-downtime': 2377, 'status': 'active', 'setup-time': 1, 'total-time': 16673, 'ram': {'total': 8607571968, 'postcopy-requests': 0, 'dirty-sync-count': 2, 'multifd-bytes': 0, 'pages-per-second': 33000, 'downtime-bytes': 0, 'page-size': 4096, 'remaining': 39710720, 'postcopy-bytes': 0, 'mbps': 1082.14704, 'transferred': 2258869084, 'dirty-sync-missed-zero-copy': 0, 'precopy-bytes': 2258867122, 'duplicate': 1615085, 'dirty-pages-rate': 4741, 'normal-bytes': 2239954944, 'normal': 546864}}
QMP cmd [src1] query-migrate args={}
QMP reply [src1] query-migrate: {'expected-downtime': 870, 'status': 'active', 'setup-time': 1, 'total-time': 16874, 'ram': {'total': 8607571968, 'postcopy-requests': 0, 'dirty-sync-count': 3, 'multifd-bytes': 0, 'pages-per-second': 34960, 'downtime-bytes': 0, 'page-size': 4096, 'remaining': 88506368, 'postcopy-bytes': 0, 'mbps': 1082.2881599999998, 'transferred': 2285927683, 'dirty-sync-missed-zero-copy': 0, 'precopy-bytes': 2285925701, 'duplicate': 1615640, 'dirty-pages-rate': 10031, 'normal-bytes': 2266955776, 'normal': 553456}}
QMP cmd [src1] query-migrate args={}
QMP reply [src1] query-migrate: {'expected-downtime': 870, 'status': 'active', 'setup-time': 1, 'total-time': 17074, 'ram': {'total': 8607571968, 'postcopy-requests': 0, 'dirty-sync-count': 3, 'multifd-bytes': 0, 'pages-per-second': 35900, 'downtime-bytes': 0, 'page-size': 4096, 'remaining': 60182528, 'postcopy-bytes': 0, 'mbps': 1082.3558400000002, 'transferred': 2312984223, 'dirty-sync-missed-zero-copy': 0, 'precopy-bytes': 2312982221, 'duplicate': 1615963, 'dirty-pages-rate': 10031, 'normal-bytes': 2293956608, 'normal': 560048}}
QMP cmd [src1] query-migrate args={}
QMP reply [src1] query-migrate: {'expected-downtime': 870, 'status': 'active', 'setup-time': 1, 'total-time': 17275, 'ram': {'total': 8607571968, 'postcopy-requests': 0, 'dirty-sync-count': 3, 'multifd-bytes': 0, 'pages-per-second': 35830, 'downtime-bytes': 0, 'page-size': 4096, 'remaining': 31379456, 'postcopy-bytes': 0, 'mbps': 1082.3508, 'transferred': 2340041787, 'dirty-sync-missed-zero-copy': 0, 'precopy-bytes': 2340039765, 'duplicate': 1616403, 'dirty-pages-rate': 10031, 'normal-bytes': 2320957440, 'normal': 566640}}
QMP cmd [src1] query-migrate args={}
QMP reply [src1] query-migrate: {'expected-downtime': 471, 'status': 'active', 'setup-time': 1, 'total-time': 17476, 'ram': {'total': 8607571968, 'postcopy-requests': 0, 'dirty-sync-count': 4, 'multifd-bytes': 0, 'pages-per-second': 32960, 'downtime-bytes': 0, 'page-size': 4096, 'remaining': 36663296, 'postcopy-bytes': 0, 'mbps': 1082.1441599999998, 'transferred': 2367095589, 'dirty-sync-missed-zero-copy': 0, 'precopy-bytes': 2367093547, 'duplicate': 1616425, 'dirty-pages-rate': 10031, 'normal-bytes': 2347958272, 'normal': 573232}}
2026-07-14 20:04:00.708124SSH command: ssh -o BatchMode=yes -o StrictHostKeyChecking=no -o UserKnownHostsFile=/dev/null -o ConnectTimeout=1 -o LogLevel=ERROR -p 2222 -i /home/max/.ssh/pgvm_bench user@127.0.0.1 test -f /tmp/bench.done
Return code: 1
Stdout: 
Stderr: 
qemu-system-x86_64: terminating on signal 15 from pid 15322 (/home/max/Bachelor-Thesis/Repo/.venv/bin/python)
QMP cmd [src1] query-migrate args={}
QMP reply [src1] query-migrate: {'expected-downtime': 382, 'status': 'active', 'setup-time': 1, 'total-time': 17678, 'ram': {'total': 8607571968, 'postcopy-requests': 0, 'dirty-sync-count': 6, 'multifd-bytes': 0, 'pages-per-second': 33250, 'downtime-bytes': 0, 'page-size': 4096, 'remaining': 32911360, 'postcopy-bytes': 0, 'mbps': 1082.16504, 'transferred': 2394150678, 'dirty-sync-missed-zero-copy': 0, 'precopy-bytes': 2394148616, 'duplicate': 1616590, 'dirty-pages-rate': 10031, 'normal-bytes': 2374959104, 'normal': 579824}}
QMP cmd [src1] query-migrate args={}
QMP reply [src1] query-migrate: {'status': 'completed', 'setup-time': 1, 'downtime': 13, 'total-time': 17717, 'ram': {'total': 8607571968, 'postcopy-requests': 0, 'dirty-sync-count': 8, 'multifd-bytes': 0, 'pages-per-second': 34320, 'downtime-bytes': 33844457, 'page-size': 4096, 'remaining': 0, 'postcopy-bytes': 0, 'mbps': 1096.5970598329193, 'transferred': 2428414189, 'dirty-sync-missed-zero-copy': 0, 'precopy-bytes': 2394148616, 'duplicate': 1616906, 'dirty-pages-rate': 0, 'normal-bytes': 2408734720, 'normal': 588070}}
