2026-07-14 20:24:45.847149SSH command: ssh -o BatchMode=yes -o StrictHostKeyChecking=no -o UserKnownHostsFile=/dev/null -o ConnectTimeout=1 -o LogLevel=ERROR -p 2226 -i /home/max/.ssh/pgvm_bench user@127.0.0.1 systemd-analyze
Return code: 0
Stdout: Startup finished in 783ms (kernel) + 2.248s (userspace) = 3.031s 
graphical.target reached after 2.247s in userspace.

Stderr: 
2026-07-14 20:24:45.989798SSH command: ssh -o BatchMode=yes -o StrictHostKeyChecking=no -o UserKnownHostsFile=/dev/null -o ConnectTimeout=1 -o LogLevel=ERROR -p 2226 -i /home/max/.ssh/pgvm_bench user@127.0.0.1 rm -f /tmp/bench.done /tmp/pg-buffer-hit-ratio.csv /tmp/pg-buffer-sampler.log; nohup bash /home/user/pg_sampler.sh /tmp/bench.done /tmp/pg-buffer-hit-ratio.csv ycsb >/tmp/pg-buffer-sampler.log 2>&1 &
Return code: 0
Stdout: 
Stderr: 
QMP cmd [src5] migrate-set-capabilities args={'capabilities': [{'capability': 'auto-converge', 'state': False}, {'capability': 'events', 'state': True}, {'capability': 'postcopy-blocktime', 'state': False}, {'capability': 'postcopy-ram', 'state': False}]}
QMP cmd [src5] query-migrate args={}
QMP reply [src5] migrate-set-capabilities: {}
QMP cmd [src5] migrate args={'uri': 'unix:/tmp/mig.sock'}
QMP reply [src5] query-migrate: {}
QMP reply [src5] migrate: {}
2026-07-14 20:27:16.402806SSH command: ssh -o BatchMode=yes -o StrictHostKeyChecking=no -o UserKnownHostsFile=/dev/null -o ConnectTimeout=1 -o LogLevel=ERROR -p 2226 -i /home/max/.ssh/pgvm_bench user@127.0.0.1 test -f /tmp/bench.done
Return code: 1
Stdout: 
Stderr: 
QMP cmd [src5] query-migrate args={}
QMP reply [src5] query-migrate: {'expected-downtime': 300, 'status': 'active', 'setup-time': 1, 'total-time': 202, 'ram': {'total': 8607571968, 'postcopy-requests': 0, 'dirty-sync-count': 1, 'multifd-bytes': 0, 'pages-per-second': 35530, 'downtime-bytes': 0, 'page-size': 4096, 'remaining': 8573939712, 'postcopy-bytes': 0, 'mbps': 1082.3292, 'transferred': 30737306, 'dirty-sync-missed-zero-copy': 0, 'precopy-bytes': 30864226, 'duplicate': 691, 'dirty-pages-rate': 0, 'normal-bytes': 30797824, 'normal': 7519}}
QMP cmd [src5] query-migrate args={}
QMP reply [src5] query-migrate: {'expected-downtime': 300, 'status': 'active', 'setup-time': 1, 'total-time': 403, 'ram': {'total': 8607571968, 'postcopy-requests': 0, 'dirty-sync-count': 1, 'multifd-bytes': 0, 'pages-per-second': 2045870, 'downtime-bytes': 0, 'page-size': 4096, 'remaining': 7672414208, 'postcopy-bytes': 0, 'mbps': 1074.08448, 'transferred': 62131115, 'dirty-sync-missed-zero-copy': 0, 'precopy-bytes': 62275890, 'duplicate': 213602, 'dirty-pages-rate': 0, 'normal-bytes': 60235776, 'normal': 14706}}
QMP cmd [src5] query-migrate args={}
QMP reply [src5] query-migrate: {'expected-downtime': 300, 'status': 'active', 'setup-time': 1, 'total-time': 603, 'ram': {'total': 8607571968, 'postcopy-requests': 0, 'dirty-sync-count': 1, 'multifd-bytes': 0, 'pages-per-second': 158510, 'downtime-bytes': 0, 'page-size': 4096, 'remaining': 5346701312, 'postcopy-bytes': 0, 'mbps': 1078.07976, 'transferred': 92083286, 'dirty-sync-missed-zero-copy': 0, 'precopy-bytes': 92136295, 'duplicate': 775360, 'dirty-pages-rate': 0, 'normal-bytes': 84992000, 'normal': 20750}}
QMP cmd [src5] query-migrate args={}
QMP reply [src5] query-migrate: {'expected-downtime': 300, 'status': 'active', 'setup-time': 1, 'total-time': 804, 'ram': {'total': 8607571968, 'postcopy-requests': 0, 'dirty-sync-count': 1, 'multifd-bytes': 0, 'pages-per-second': 52200, 'downtime-bytes': 0, 'page-size': 4096, 'remaining': 5305626624, 'postcopy-bytes': 0, 'mbps': 1083.52944, 'transferred': 121395637, 'dirty-sync-missed-zero-copy': 0, 'precopy-bytes': 121395265, 'duplicate': 778266, 'dirty-pages-rate': 0, 'normal-bytes': 114167808, 'normal': 27873}}
QMP cmd [src5] query-migrate args={}
QMP reply [src5] query-migrate: {'expected-downtime': 300, 'status': 'active', 'setup-time': 1, 'total-time': 1005, 'ram': {'total': 8607571968, 'postcopy-requests': 0, 'dirty-sync-count': 1, 'multifd-bytes': 0, 'pages-per-second': 37860, 'downtime-bytes': 0, 'page-size': 4096, 'remaining': 5276401664, 'postcopy-bytes': 0, 'mbps': 1082.49696, 'transferred': 148454128, 'dirty-sync-missed-zero-copy': 0, 'precopy-bytes': 148453736, 'duplicate': 778809, 'dirty-pages-rate': 0, 'normal-bytes': 141168640, 'normal': 34465}}
QMP cmd [src5] query-migrate args={}
QMP reply [src5] query-migrate: {'expected-downtime': 300, 'status': 'active', 'setup-time': 1, 'total-time': 1206, 'ram': {'total': 8607571968, 'postcopy-requests': 0, 'dirty-sync-count': 1, 'multifd-bytes': 0, 'pages-per-second': 39820, 'downtime-bytes': 0, 'page-size': 4096, 'remaining': 5246590976, 'postcopy-bytes': 0, 'mbps': 1082.6380800000002, 'transferred': 175513906, 'dirty-sync-missed-zero-copy': 0, 'precopy-bytes': 175513494, 'duplicate': 779495, 'dirty-pages-rate': 0, 'normal-bytes': 168169472, 'normal': 41057}}
QMP cmd [src5] query-migrate args={}
QMP reply [src5] query-migrate: {'expected-downtime': 300, 'status': 'active', 'setup-time': 1, 'total-time': 1407, 'ram': {'total': 8607571968, 'postcopy-requests': 0, 'dirty-sync-count': 1, 'multifd-bytes': 0, 'pages-per-second': 33070, 'downtime-bytes': 0, 'page-size': 4096, 'remaining': 5218902016, 'postcopy-bytes': 0, 'mbps': 1082.15208, 'transferred': 202569022, 'dirty-sync-missed-zero-copy': 0, 'precopy-bytes': 202568590, 'duplicate': 779663, 'dirty-pages-rate': 0, 'normal-bytes': 195170304, 'normal': 47649}}
QMP cmd [src5] query-migrate args={}
QMP reply [src5] query-migrate: {'expected-downtime': 300, 'status': 'active', 'setup-time': 1, 'total-time': 1607, 'ram': {'total': 8607571968, 'postcopy-requests': 0, 'dirty-sync-count': 1, 'multifd-bytes': 0, 'pages-per-second': 45360, 'downtime-bytes': 0, 'page-size': 4096, 'remaining': 5166362624, 'postcopy-bytes': 0, 'mbps': 1083.03696, 'transferred': 229637791, 'dirty-sync-missed-zero-copy': 0, 'precopy-bytes': 229637339, 'duplicate': 785908, 'dirty-pages-rate': 0, 'normal-bytes': 222130176, 'normal': 54231}}
QMP cmd [src5] query-migrate args={}
QMP reply [src5] query-migrate: {'expected-downtime': 300, 'status': 'active', 'setup-time': 1, 'total-time': 1808, 'ram': {'total': 8607571968, 'postcopy-requests': 0, 'dirty-sync-count': 1, 'multifd-bytes': 0, 'pages-per-second': 40050, 'downtime-bytes': 0, 'page-size': 4096, 'remaining': 5131673600, 'postcopy-bytes': 0, 'mbps': 1082.65464, 'transferred': 256708288, 'dirty-sync-missed-zero-copy': 0, 'precopy-bytes': 256707816, 'duplicate': 787785, 'dirty-pages-rate': 0, 'normal-bytes': 249131008, 'normal': 60823}}
QMP cmd [src5] query-migrate args={}
QMP reply [src5] query-migrate: {'expected-downtime': 300, 'status': 'active', 'setup-time': 1, 'total-time': 2009, 'ram': {'total': 8607571968, 'postcopy-requests': 0, 'dirty-sync-count': 1, 'multifd-bytes': 0, 'pages-per-second': 33030, 'downtime-bytes': 0, 'page-size': 4096, 'remaining': 5104615424, 'postcopy-bytes': 0, 'mbps': 1082.1492, 'transferred': 283762018, 'dirty-sync-missed-zero-copy': 0, 'precopy-bytes': 283761526, 'duplicate': 787799, 'dirty-pages-rate': 0, 'normal-bytes': 276131840, 'normal': 67415}}
QMP cmd [src5] query-migrate args={}
QMP reply [src5] query-migrate: {'expected-downtime': 300, 'status': 'active', 'setup-time': 1, 'total-time': 2210, 'ram': {'total': 8607571968, 'postcopy-requests': 0, 'dirty-sync-count': 1, 'multifd-bytes': 0, 'pages-per-second': 36890, 'downtime-bytes': 0, 'page-size': 4096, 'remaining': 5072662528, 'postcopy-bytes': 0, 'mbps': 1082.42712, 'transferred': 310826503, 'dirty-sync-missed-zero-copy': 0, 'precopy-bytes': 310825991, 'duplicate': 789008, 'dirty-pages-rate': 0, 'normal-bytes': 303132672, 'normal': 74007}}
2026-07-14 20:27:18.570219SSH command: ssh -o BatchMode=yes -o StrictHostKeyChecking=no -o UserKnownHostsFile=/dev/null -o ConnectTimeout=1 -o LogLevel=ERROR -p 2226 -i /home/max/.ssh/pgvm_bench user@127.0.0.1 test -f /tmp/bench.done
Return code: 1
Stdout: 
Stderr: 
QMP cmd [src5] query-migrate args={}
QMP reply [src5] query-migrate: {'expected-downtime': 300, 'status': 'active', 'setup-time': 1, 'total-time': 2411, 'ram': {'total': 8607571968, 'postcopy-requests': 0, 'dirty-sync-count': 1, 'multifd-bytes': 0, 'pages-per-second': 37660, 'downtime-bytes': 0, 'page-size': 4096, 'remaining': 5038235648, 'postcopy-bytes': 0, 'mbps': 1082.4825600000001, 'transferred': 337896424, 'dirty-sync-missed-zero-copy': 0, 'precopy-bytes': 337895892, 'duplicate': 790821, 'dirty-pages-rate': 0, 'normal-bytes': 330133504, 'normal': 80599}}
QMP cmd [src5] query-migrate args={}
QMP reply [src5] query-migrate: {'expected-downtime': 300, 'status': 'active', 'setup-time': 1, 'total-time': 2612, 'ram': {'total': 8607571968, 'postcopy-requests': 0, 'dirty-sync-count': 1, 'multifd-bytes': 0, 'pages-per-second': 52300, 'downtime-bytes': 0, 'page-size': 4096, 'remaining': 5003288576, 'postcopy-bytes': 0, 'mbps': 1083.5366399999998, 'transferred': 364967488, 'dirty-sync-missed-zero-copy': 0, 'precopy-bytes': 364966936, 'duplicate': 792761, 'dirty-pages-rate': 0, 'normal-bytes': 357134336, 'normal': 87191}}
QMP cmd [src5] query-migrate args={}
QMP reply [src5] query-migrate: {'expected-downtime': 300, 'status': 'active', 'setup-time': 1, 'total-time': 2813, 'ram': {'total': 8607571968, 'postcopy-requests': 0, 'dirty-sync-count': 1, 'multifd-bytes': 0, 'pages-per-second': 32970, 'downtime-bytes': 0, 'page-size': 4096, 'remaining': 4975992832, 'postcopy-bytes': 0, 'mbps': 1082.1448799999998, 'transferred': 392021740, 'dirty-sync-missed-zero-copy': 0, 'precopy-bytes': 392021168, 'duplicate': 792833, 'dirty-pages-rate': 0, 'normal-bytes': 384135168, 'normal': 93783}}
QMP cmd [src5] query-migrate args={}
QMP reply [src5] query-migrate: {'expected-downtime': 300, 'status': 'active', 'setup-time': 1, 'total-time': 3013, 'ram': {'total': 8607571968, 'postcopy-requests': 0, 'dirty-sync-count': 1, 'multifd-bytes': 0, 'pages-per-second': 33710, 'downtime-bytes': 0, 'page-size': 4096, 'remaining': 4948660224, 'postcopy-bytes': 0, 'mbps': 1082.19816, 'transferred': 419076073, 'dirty-sync-missed-zero-copy': 0, 'precopy-bytes': 419075481, 'duplicate': 792914, 'dirty-pages-rate': 0, 'normal-bytes': 411136000, 'normal': 100375}}
QMP cmd [src5] query-migrate args={}
QMP reply [src5] query-migrate: {'expected-downtime': 300, 'status': 'active', 'setup-time': 1, 'total-time': 3214, 'ram': {'total': 8607571968, 'postcopy-requests': 0, 'dirty-sync-count': 1, 'multifd-bytes': 0, 'pages-per-second': 39620, 'downtime-bytes': 0, 'page-size': 4096, 'remaining': 4918792192, 'postcopy-bytes': 0, 'mbps': 1082.62368, 'transferred': 446135977, 'dirty-sync-missed-zero-copy': 0, 'precopy-bytes': 446135365, 'duplicate': 793614, 'dirty-pages-rate': 0, 'normal-bytes': 438136832, 'normal': 106967}}
QMP cmd [src5] query-migrate args={}
QMP reply [src5] query-migrate: {'expected-downtime': 300, 'status': 'active', 'setup-time': 1, 'total-time': 3415, 'ram': {'total': 8607571968, 'postcopy-requests': 0, 'dirty-sync-count': 1, 'multifd-bytes': 0, 'pages-per-second': 34390, 'downtime-bytes': 0, 'page-size': 4096, 'remaining': 4890648576, 'postcopy-bytes': 0, 'mbps': 1082.2471200000002, 'transferred': 473192092, 'dirty-sync-missed-zero-copy': 0, 'precopy-bytes': 473191460, 'duplicate': 793893, 'dirty-pages-rate': 0, 'normal-bytes': 465137664, 'normal': 113559}}
QMP cmd [src5] query-migrate args={}
QMP reply [src5] query-migrate: {'expected-downtime': 300, 'status': 'active', 'setup-time': 1, 'total-time': 3615, 'ram': {'total': 8607571968, 'postcopy-requests': 0, 'dirty-sync-count': 1, 'multifd-bytes': 0, 'pages-per-second': 33000, 'downtime-bytes': 0, 'page-size': 4096, 'remaining': 4863549440, 'postcopy-bytes': 0, 'mbps': 1082.14704, 'transferred': 500245912, 'dirty-sync-missed-zero-copy': 0, 'precopy-bytes': 500245260, 'duplicate': 793917, 'dirty-pages-rate': 0, 'normal-bytes': 492138496, 'normal': 120151}}
QMP cmd [src5] query-migrate args={}
QMP reply [src5] query-migrate: {'expected-downtime': 300, 'status': 'active', 'setup-time': 1, 'total-time': 3816, 'ram': {'total': 8607571968, 'postcopy-requests': 0, 'dirty-sync-count': 1, 'multifd-bytes': 0, 'pages-per-second': 34070, 'downtime-bytes': 0, 'page-size': 4096, 'remaining': 4835397632, 'postcopy-bytes': 0, 'mbps': 1082.2240800000002, 'transferred': 527302045, 'dirty-sync-missed-zero-copy': 0, 'precopy-bytes': 527301373, 'duplicate': 794198, 'dirty-pages-rate': 0, 'normal-bytes': 519139328, 'normal': 126743}}
QMP cmd [src5] query-migrate args={}
QMP reply [src5] query-migrate: {'expected-downtime': 300, 'status': 'active', 'setup-time': 1, 'total-time': 4017, 'ram': {'total': 8607571968, 'postcopy-requests': 0, 'dirty-sync-count': 1, 'multifd-bytes': 0, 'pages-per-second': 33840, 'downtime-bytes': 0, 'page-size': 4096, 'remaining': 4807913472, 'postcopy-bytes': 0, 'mbps': 1082.20752, 'transferred': 554356711, 'dirty-sync-missed-zero-copy': 0, 'precopy-bytes': 554356019, 'duplicate': 794316, 'dirty-pages-rate': 0, 'normal-bytes': 546140160, 'normal': 133335}}
QMP cmd [src5] query-migrate args={}
QMP reply [src5] query-migrate: {'expected-downtime': 300, 'status': 'active', 'setup-time': 1, 'total-time': 4218, 'ram': {'total': 8607571968, 'postcopy-requests': 0, 'dirty-sync-count': 1, 'multifd-bytes': 0, 'pages-per-second': 33580, 'downtime-bytes': 0, 'page-size': 4096, 'remaining': 4780589056, 'postcopy-bytes': 0, 'mbps': 1082.1888000000001, 'transferred': 581411026, 'dirty-sync-missed-zero-copy': 0, 'precopy-bytes': 581410314, 'duplicate': 794395, 'dirty-pages-rate': 0, 'normal-bytes': 573140992, 'normal': 139927}}
QMP cmd [src5] query-migrate args={}
QMP reply [src5] query-migrate: {'expected-downtime': 300, 'status': 'active', 'setup-time': 1, 'total-time': 4419, 'ram': {'total': 8607571968, 'postcopy-requests': 0, 'dirty-sync-count': 1, 'multifd-bytes': 0, 'pages-per-second': 33370, 'downtime-bytes': 0, 'page-size': 4096, 'remaining': 4753301504, 'postcopy-bytes': 0, 'mbps': 1082.1736799999999, 'transferred': 608465260, 'dirty-sync-missed-zero-copy': 0, 'precopy-bytes': 608464528, 'duplicate': 794465, 'dirty-pages-rate': 0, 'normal-bytes': 600141824, 'normal': 146519}}
2026-07-14 20:27:20.744957SSH command: ssh -o BatchMode=yes -o StrictHostKeyChecking=no -o UserKnownHostsFile=/dev/null -o ConnectTimeout=1 -o LogLevel=ERROR -p 2226 -i /home/max/.ssh/pgvm_bench user@127.0.0.1 test -f /tmp/bench.done
Return code: 1
Stdout: 
Stderr: 
QMP cmd [src5] query-migrate args={}
QMP reply [src5] query-migrate: {'expected-downtime': 300, 'status': 'active', 'setup-time': 1, 'total-time': 4620, 'ram': {'total': 8607571968, 'postcopy-requests': 0, 'dirty-sync-count': 1, 'multifd-bytes': 0, 'pages-per-second': 33670, 'downtime-bytes': 0, 'page-size': 4096, 'remaining': 4725993472, 'postcopy-bytes': 0, 'mbps': 1082.1952800000001, 'transferred': 635519539, 'dirty-sync-missed-zero-copy': 0, 'precopy-bytes': 635518787, 'duplicate': 794540, 'dirty-pages-rate': 0, 'normal-bytes': 627142656, 'normal': 153111}}
QMP cmd [src5] query-migrate args={}
QMP reply [src5] query-migrate: {'expected-downtime': 300, 'status': 'active', 'setup-time': 1, 'total-time': 4821, 'ram': {'total': 8607571968, 'postcopy-requests': 0, 'dirty-sync-count': 1, 'multifd-bytes': 0, 'pages-per-second': 33220, 'downtime-bytes': 0, 'page-size': 4096, 'remaining': 4696686592, 'postcopy-bytes': 0, 'mbps': 1082.1628799999999, 'transferred': 662578210, 'dirty-sync-missed-zero-copy': 0, 'precopy-bytes': 662577438, 'duplicate': 795103, 'dirty-pages-rate': 0, 'normal-bytes': 654143488, 'normal': 159703}}
QMP cmd [src5] query-migrate args={}
QMP reply [src5] query-migrate: {'expected-downtime': 300, 'status': 'active', 'setup-time': 1, 'total-time': 5021, 'ram': {'total': 8607571968, 'postcopy-requests': 0, 'dirty-sync-count': 1, 'multifd-bytes': 0, 'pages-per-second': 33270, 'downtime-bytes': 0, 'page-size': 4096, 'remaining': 4669542400, 'postcopy-bytes': 0, 'mbps': 1082.16648, 'transferred': 689632129, 'dirty-sync-missed-zero-copy': 0, 'precopy-bytes': 689631337, 'duplicate': 795138, 'dirty-pages-rate': 0, 'normal-bytes': 681144320, 'normal': 166295}}
QMP cmd [src5] query-migrate args={}
QMP reply [src5] query-migrate: {'expected-downtime': 300, 'status': 'active', 'setup-time': 1, 'total-time': 5222, 'ram': {'total': 8607571968, 'postcopy-requests': 0, 'dirty-sync-count': 1, 'multifd-bytes': 0, 'pages-per-second': 33050, 'downtime-bytes': 0, 'page-size': 4096, 'remaining': 4642504704, 'postcopy-bytes': 0, 'mbps': 1082.1506399999998, 'transferred': 716685814, 'dirty-sync-missed-zero-copy': 0, 'precopy-bytes': 716685002, 'duplicate': 795147, 'dirty-pages-rate': 0, 'normal-bytes': 708145152, 'normal': 172887}}
QMP cmd [src5] query-migrate args={}
QMP reply [src5] query-migrate: {'expected-downtime': 300, 'status': 'active', 'setup-time': 1, 'total-time': 5423, 'ram': {'total': 8607571968, 'postcopy-requests': 0, 'dirty-sync-count': 1, 'multifd-bytes': 0, 'pages-per-second': 32980, 'downtime-bytes': 0, 'page-size': 4096, 'remaining': 4615008256, 'postcopy-bytes': 0, 'mbps': 1082.1456, 'transferred': 743740507, 'dirty-sync-missed-zero-copy': 0, 'precopy-bytes': 743739675, 'duplicate': 795268, 'dirty-pages-rate': 0, 'normal-bytes': 735145984, 'normal': 179479}}
QMP cmd [src5] query-migrate args={}
QMP reply [src5] query-migrate: {'expected-downtime': 300, 'status': 'active', 'setup-time': 1, 'total-time': 5624, 'ram': {'total': 8607571968, 'postcopy-requests': 0, 'dirty-sync-count': 1, 'multifd-bytes': 0, 'pages-per-second': 38300, 'downtime-bytes': 0, 'page-size': 4096, 'remaining': 4585803776, 'postcopy-bytes': 0, 'mbps': 1082.52864, 'transferred': 770798953, 'dirty-sync-missed-zero-copy': 0, 'precopy-bytes': 770798101, 'duplicate': 795806, 'dirty-pages-rate': 0, 'normal-bytes': 762146816, 'normal': 186071}}
QMP cmd [src5] query-migrate args={}
QMP reply [src5] query-migrate: {'expected-downtime': 300, 'status': 'active', 'setup-time': 1, 'total-time': 5825, 'ram': {'total': 8607571968, 'postcopy-requests': 0, 'dirty-sync-count': 1, 'multifd-bytes': 0, 'pages-per-second': 33000, 'downtime-bytes': 0, 'page-size': 4096, 'remaining': 4558417920, 'postcopy-bytes': 0, 'mbps': 1082.14704, 'transferred': 797853403, 'dirty-sync-missed-zero-copy': 0, 'precopy-bytes': 797852531, 'duplicate': 795900, 'dirty-pages-rate': 0, 'normal-bytes': 789147648, 'normal': 192663}}
QMP cmd [src5] query-migrate args={}
QMP reply [src5] query-migrate: {'expected-downtime': 300, 'status': 'active', 'setup-time': 1, 'total-time': 6025, 'ram': {'total': 8607571968, 'postcopy-requests': 0, 'dirty-sync-count': 1, 'multifd-bytes': 0, 'pages-per-second': 32960, 'downtime-bytes': 0, 'page-size': 4096, 'remaining': 4531220480, 'postcopy-bytes': 0, 'mbps': 1082.1441599999998, 'transferred': 824907439, 'dirty-sync-missed-zero-copy': 0, 'precopy-bytes': 824906547, 'duplicate': 795948, 'dirty-pages-rate': 0, 'normal-bytes': 816148480, 'normal': 199255}}
QMP cmd [src5] query-migrate args={}
QMP reply [src5] query-migrate: {'expected-downtime': 300, 'status': 'active', 'setup-time': 1, 'total-time': 6226, 'ram': {'total': 8607571968, 'postcopy-requests': 0, 'dirty-sync-count': 1, 'multifd-bytes': 0, 'pages-per-second': 33020, 'downtime-bytes': 0, 'page-size': 4096, 'remaining': 4504186880, 'postcopy-bytes': 0, 'mbps': 1082.14848, 'transferred': 851961115, 'dirty-sync-missed-zero-copy': 0, 'precopy-bytes': 851960203, 'duplicate': 795956, 'dirty-pages-rate': 0, 'normal-bytes': 843149312, 'normal': 205847}}
QMP cmd [src5] query-migrate args={}
QMP reply [src5] query-migrate: {'expected-downtime': 300, 'status': 'active', 'setup-time': 1, 'total-time': 6427, 'ram': {'total': 8607571968, 'postcopy-requests': 0, 'dirty-sync-count': 1, 'multifd-bytes': 0, 'pages-per-second': 32960, 'downtime-bytes': 0, 'page-size': 4096, 'remaining': 4477145088, 'postcopy-bytes': 0, 'mbps': 1082.1441599999998, 'transferred': 879014809, 'dirty-sync-missed-zero-copy': 0, 'precopy-bytes': 879013877, 'duplicate': 795966, 'dirty-pages-rate': 0, 'normal-bytes': 870150144, 'normal': 212439}}
QMP cmd [src5] query-migrate args={}
QMP reply [src5] query-migrate: {'expected-downtime': 300, 'status': 'active', 'setup-time': 1, 'total-time': 6628, 'ram': {'total': 8607571968, 'postcopy-requests': 0, 'dirty-sync-count': 1, 'multifd-bytes': 0, 'pages-per-second': 32960, 'downtime-bytes': 0, 'page-size': 4096, 'remaining': 4450136064, 'postcopy-bytes': 0, 'mbps': 1082.1441599999998, 'transferred': 906068431, 'dirty-sync-missed-zero-copy': 0, 'precopy-bytes': 906067479, 'duplicate': 795968, 'dirty-pages-rate': 0, 'normal-bytes': 897150976, 'normal': 219031}}
2026-07-14 20:27:22.915855SSH command: ssh -o BatchMode=yes -o StrictHostKeyChecking=no -o UserKnownHostsFile=/dev/null -o ConnectTimeout=1 -o LogLevel=ERROR -p 2226 -i /home/max/.ssh/pgvm_bench user@127.0.0.1 test -f /tmp/bench.done
Return code: 1
Stdout: 
Stderr: 
QMP cmd [src5] query-migrate args={}
QMP reply [src5] query-migrate: {'expected-downtime': 300, 'status': 'active', 'setup-time': 1, 'total-time': 6829, 'ram': {'total': 8607571968, 'postcopy-requests': 0, 'dirty-sync-count': 1, 'multifd-bytes': 0, 'pages-per-second': 32960, 'downtime-bytes': 0, 'page-size': 4096, 'remaining': 4423118848, 'postcopy-bytes': 0, 'mbps': 1082.1441599999998, 'transferred': 933122071, 'dirty-sync-missed-zero-copy': 0, 'precopy-bytes': 933121099, 'duplicate': 795972, 'dirty-pages-rate': 0, 'normal-bytes': 924151808, 'normal': 225623}}
QMP cmd [src5] query-migrate args={}
QMP reply [src5] query-migrate: {'expected-downtime': 300, 'status': 'active', 'setup-time': 1, 'total-time': 7029, 'ram': {'total': 8607571968, 'postcopy-requests': 0, 'dirty-sync-count': 1, 'multifd-bytes': 0, 'pages-per-second': 33060, 'downtime-bytes': 0, 'page-size': 4096, 'remaining': 4396077056, 'postcopy-bytes': 0, 'mbps': 1082.15136, 'transferred': 960175765, 'dirty-sync-missed-zero-copy': 0, 'precopy-bytes': 960174773, 'duplicate': 795982, 'dirty-pages-rate': 0, 'normal-bytes': 951152640, 'normal': 232215}}
QMP cmd [src5] query-migrate args={}
QMP reply [src5] query-migrate: {'expected-downtime': 300, 'status': 'active', 'setup-time': 1, 'total-time': 7230, 'ram': {'total': 8607571968, 'postcopy-requests': 0, 'dirty-sync-count': 1, 'multifd-bytes': 0, 'pages-per-second': 32960, 'downtime-bytes': 0, 'page-size': 4096, 'remaining': 4369059840, 'postcopy-bytes': 0, 'mbps': 1082.1441599999998, 'transferred': 987229405, 'dirty-sync-missed-zero-copy': 0, 'precopy-bytes': 987228393, 'duplicate': 795986, 'dirty-pages-rate': 0, 'normal-bytes': 978153472, 'normal': 238807}}
QMP cmd [src5] query-migrate args={}
QMP reply [src5] query-migrate: {'expected-downtime': 300, 'status': 'active', 'setup-time': 1, 'total-time': 7431, 'ram': {'total': 8607571968, 'postcopy-requests': 0, 'dirty-sync-count': 1, 'multifd-bytes': 0, 'pages-per-second': 41370, 'downtime-bytes': 0, 'page-size': 4096, 'remaining': 4338597888, 'postcopy-bytes': 0, 'mbps': 1082.74968, 'transferred': 1014290614, 'dirty-sync-missed-zero-copy': 0, 'precopy-bytes': 1014289582, 'duplicate': 796831, 'dirty-pages-rate': 0, 'normal-bytes': 1005154304, 'normal': 245399}}
QMP cmd [src5] query-migrate args={}
QMP reply [src5] query-migrate: {'expected-downtime': 300, 'status': 'active', 'setup-time': 1, 'total-time': 7632, 'ram': {'total': 8607571968, 'postcopy-requests': 0, 'dirty-sync-count': 1, 'multifd-bytes': 0, 'pages-per-second': 32980, 'downtime-bytes': 0, 'page-size': 4096, 'remaining': 4311580672, 'postcopy-bytes': 0, 'mbps': 1082.1456, 'transferred': 1041344254, 'dirty-sync-missed-zero-copy': 0, 'precopy-bytes': 1041343202, 'duplicate': 796835, 'dirty-pages-rate': 0, 'normal-bytes': 1032155136, 'normal': 251991}}
QMP cmd [src5] query-migrate args={}
QMP reply [src5] query-migrate: {'expected-downtime': 300, 'status': 'active', 'setup-time': 1, 'total-time': 7832, 'ram': {'total': 8607571968, 'postcopy-requests': 0, 'dirty-sync-count': 1, 'multifd-bytes': 0, 'pages-per-second': 32980, 'downtime-bytes': 0, 'page-size': 4096, 'remaining': 4284571648, 'postcopy-bytes': 0, 'mbps': 1082.1456, 'transferred': 1068397876, 'dirty-sync-missed-zero-copy': 0, 'precopy-bytes': 1068396804, 'duplicate': 796837, 'dirty-pages-rate': 0, 'normal-bytes': 1059155968, 'normal': 258583}}
QMP cmd [src5] query-migrate args={}
QMP reply [src5] query-migrate: {'expected-downtime': 300, 'status': 'active', 'setup-time': 1, 'total-time': 8033, 'ram': {'total': 8607571968, 'postcopy-requests': 0, 'dirty-sync-count': 1, 'multifd-bytes': 0, 'pages-per-second': 32960, 'downtime-bytes': 0, 'page-size': 4096, 'remaining': 4257562624, 'postcopy-bytes': 0, 'mbps': 1082.1441599999998, 'transferred': 1095451498, 'dirty-sync-missed-zero-copy': 0, 'precopy-bytes': 1095450406, 'duplicate': 796839, 'dirty-pages-rate': 0, 'normal-bytes': 1086156800, 'normal': 265175}}
QMP cmd [src5] query-migrate args={}
QMP reply [src5] query-migrate: {'expected-downtime': 300, 'status': 'active', 'setup-time': 1, 'total-time': 8234, 'ram': {'total': 8607571968, 'postcopy-requests': 0, 'dirty-sync-count': 1, 'multifd-bytes': 0, 'pages-per-second': 32960, 'downtime-bytes': 0, 'page-size': 4096, 'remaining': 4230340608, 'postcopy-bytes': 0, 'mbps': 1082.1441599999998, 'transferred': 1122505588, 'dirty-sync-missed-zero-copy': 0, 'precopy-bytes': 1122504476, 'duplicate': 796893, 'dirty-pages-rate': 0, 'normal-bytes': 1113157632, 'normal': 271767}}
QMP cmd [src5] query-migrate args={}
QMP reply [src5] query-migrate: {'expected-downtime': 300, 'status': 'active', 'setup-time': 1, 'total-time': 8435, 'ram': {'total': 8607571968, 'postcopy-requests': 0, 'dirty-sync-count': 1, 'multifd-bytes': 0, 'pages-per-second': 32980, 'downtime-bytes': 0, 'page-size': 4096, 'remaining': 4203331584, 'postcopy-bytes': 0, 'mbps': 1082.1456, 'transferred': 1149559210, 'dirty-sync-missed-zero-copy': 0, 'precopy-bytes': 1149558078, 'duplicate': 796895, 'dirty-pages-rate': 0, 'normal-bytes': 1140158464, 'normal': 278359}}
QMP cmd [src5] query-migrate args={}
QMP reply [src5] query-migrate: {'expected-downtime': 300, 'status': 'active', 'setup-time': 1, 'total-time': 8635, 'ram': {'total': 8607571968, 'postcopy-requests': 0, 'dirty-sync-count': 1, 'multifd-bytes': 0, 'pages-per-second': 32980, 'downtime-bytes': 0, 'page-size': 4096, 'remaining': 4176281600, 'postcopy-bytes': 0, 'mbps': 1082.1456, 'transferred': 1176612922, 'dirty-sync-missed-zero-copy': 0, 'precopy-bytes': 1176611770, 'duplicate': 796907, 'dirty-pages-rate': 0, 'normal-bytes': 1167159296, 'normal': 284951}}
QMP cmd [src5] query-migrate args={}
QMP reply [src5] query-migrate: {'expected-downtime': 300, 'status': 'active', 'setup-time': 1, 'total-time': 8836, 'ram': {'total': 8607571968, 'postcopy-requests': 0, 'dirty-sync-count': 1, 'multifd-bytes': 0, 'pages-per-second': 32980, 'downtime-bytes': 0, 'page-size': 4096, 'remaining': 4149272576, 'postcopy-bytes': 0, 'mbps': 1082.1456, 'transferred': 1203666544, 'dirty-sync-missed-zero-copy': 0, 'precopy-bytes': 1203665372, 'duplicate': 796909, 'dirty-pages-rate': 0, 'normal-bytes': 1194160128, 'normal': 291543}}
2026-07-14 20:27:25.083130SSH command: ssh -o BatchMode=yes -o StrictHostKeyChecking=no -o UserKnownHostsFile=/dev/null -o ConnectTimeout=1 -o LogLevel=ERROR -p 2226 -i /home/max/.ssh/pgvm_bench user@127.0.0.1 test -f /tmp/bench.done
Return code: 1
Stdout: 
Stderr: 
QMP cmd [src5] query-migrate args={}
QMP reply [src5] query-migrate: {'expected-downtime': 300, 'status': 'active', 'setup-time': 1, 'total-time': 9038, 'ram': {'total': 8607571968, 'postcopy-requests': 0, 'dirty-sync-count': 1, 'multifd-bytes': 0, 'pages-per-second': 32960, 'downtime-bytes': 0, 'page-size': 4096, 'remaining': 4122263552, 'postcopy-bytes': 0, 'mbps': 1082.1441599999998, 'transferred': 1230720166, 'dirty-sync-missed-zero-copy': 0, 'precopy-bytes': 1230718974, 'duplicate': 796911, 'dirty-pages-rate': 0, 'normal-bytes': 1221160960, 'normal': 298135}}
QMP cmd [src5] query-migrate args={}
QMP reply [src5] query-migrate: {'expected-downtime': 300, 'status': 'active', 'setup-time': 1, 'total-time': 9239, 'ram': {'total': 8607571968, 'postcopy-requests': 0, 'dirty-sync-count': 1, 'multifd-bytes': 0, 'pages-per-second': 32980, 'downtime-bytes': 0, 'page-size': 4096, 'remaining': 4095246336, 'postcopy-bytes': 0, 'mbps': 1082.1456, 'transferred': 1257773806, 'dirty-sync-missed-zero-copy': 0, 'precopy-bytes': 1257772594, 'duplicate': 796915, 'dirty-pages-rate': 0, 'normal-bytes': 1248161792, 'normal': 304727}}
QMP cmd [src5] query-migrate args={}
QMP reply [src5] query-migrate: {'expected-downtime': 300, 'status': 'active', 'setup-time': 1, 'total-time': 9439, 'ram': {'total': 8607571968, 'postcopy-requests': 0, 'dirty-sync-count': 1, 'multifd-bytes': 0, 'pages-per-second': 32980, 'downtime-bytes': 0, 'page-size': 4096, 'remaining': 4068229120, 'postcopy-bytes': 0, 'mbps': 1082.1456, 'transferred': 1284827446, 'dirty-sync-missed-zero-copy': 0, 'precopy-bytes': 1284826214, 'duplicate': 796919, 'dirty-pages-rate': 0, 'normal-bytes': 1275162624, 'normal': 311319}}
QMP cmd [src5] query-migrate args={}
QMP reply [src5] query-migrate: {'expected-downtime': 300, 'status': 'active', 'setup-time': 1, 'total-time': 9640, 'ram': {'total': 8607571968, 'postcopy-requests': 0, 'dirty-sync-count': 1, 'multifd-bytes': 0, 'pages-per-second': 32980, 'downtime-bytes': 0, 'page-size': 4096, 'remaining': 4041195520, 'postcopy-bytes': 0, 'mbps': 1082.1456, 'transferred': 1311881122, 'dirty-sync-missed-zero-copy': 0, 'precopy-bytes': 1311879870, 'duplicate': 796927, 'dirty-pages-rate': 0, 'normal-bytes': 1302163456, 'normal': 317911}}
QMP cmd [src5] query-migrate args={}
QMP reply [src5] query-migrate: {'expected-downtime': 300, 'status': 'active', 'setup-time': 1, 'total-time': 9841, 'ram': {'total': 8607571968, 'postcopy-requests': 0, 'dirty-sync-count': 1, 'multifd-bytes': 0, 'pages-per-second': 32960, 'downtime-bytes': 0, 'page-size': 4096, 'remaining': 4014170112, 'postcopy-bytes': 0, 'mbps': 1082.1441599999998, 'transferred': 1338934780, 'dirty-sync-missed-zero-copy': 0, 'precopy-bytes': 1338933508, 'duplicate': 796933, 'dirty-pages-rate': 0, 'normal-bytes': 1329164288, 'normal': 324503}}
QMP cmd [src5] query-migrate args={}
QMP reply [src5] query-migrate: {'expected-downtime': 300, 'status': 'active', 'setup-time': 1, 'total-time': 10042, 'ram': {'total': 8607571968, 'postcopy-requests': 0, 'dirty-sync-count': 1, 'multifd-bytes': 0, 'pages-per-second': 33000, 'downtime-bytes': 0, 'page-size': 4096, 'remaining': 3987136512, 'postcopy-bytes': 0, 'mbps': 1082.14704, 'transferred': 1365988456, 'dirty-sync-missed-zero-copy': 0, 'precopy-bytes': 1365987164, 'duplicate': 796941, 'dirty-pages-rate': 0, 'normal-bytes': 1356165120, 'normal': 331095}}
QMP cmd [src5] query-migrate args={}
QMP reply [src5] query-migrate: {'expected-downtime': 300, 'status': 'active', 'setup-time': 1, 'total-time': 10242, 'ram': {'total': 8607571968, 'postcopy-requests': 0, 'dirty-sync-count': 1, 'multifd-bytes': 0, 'pages-per-second': 33460, 'downtime-bytes': 0, 'page-size': 4096, 'remaining': 3959898112, 'postcopy-bytes': 0, 'mbps': 1082.18016, 'transferred': 1393042582, 'dirty-sync-missed-zero-copy': 0, 'precopy-bytes': 1393041270, 'duplicate': 796999, 'dirty-pages-rate': 0, 'normal-bytes': 1383165952, 'normal': 337687}}
QMP cmd [src5] query-migrate args={}
QMP reply [src5] query-migrate: {'expected-downtime': 300, 'status': 'active', 'setup-time': 1, 'total-time': 10443, 'ram': {'total': 8607571968, 'postcopy-requests': 0, 'dirty-sync-count': 1, 'multifd-bytes': 0, 'pages-per-second': 32980, 'downtime-bytes': 0, 'page-size': 4096, 'remaining': 3932872704, 'postcopy-bytes': 0, 'mbps': 1082.1456, 'transferred': 1420096240, 'dirty-sync-missed-zero-copy': 0, 'precopy-bytes': 1420094908, 'duplicate': 797005, 'dirty-pages-rate': 0, 'normal-bytes': 1410166784, 'normal': 344279}}
QMP cmd [src5] query-migrate args={}
QMP reply [src5] query-migrate: {'expected-downtime': 300, 'status': 'active', 'setup-time': 1, 'total-time': 10644, 'ram': {'total': 8607571968, 'postcopy-requests': 0, 'dirty-sync-count': 1, 'multifd-bytes': 0, 'pages-per-second': 33020, 'downtime-bytes': 0, 'page-size': 4096, 'remaining': 3905814528, 'postcopy-bytes': 0, 'mbps': 1082.14848, 'transferred': 1447149970, 'dirty-sync-missed-zero-copy': 0, 'precopy-bytes': 1447148618, 'duplicate': 797019, 'dirty-pages-rate': 0, 'normal-bytes': 1437167616, 'normal': 350871}}
QMP cmd [src5] query-migrate args={}
QMP reply [src5] query-migrate: {'expected-downtime': 300, 'status': 'active', 'setup-time': 1, 'total-time': 10845, 'ram': {'total': 8607571968, 'postcopy-requests': 0, 'dirty-sync-count': 1, 'multifd-bytes': 0, 'pages-per-second': 33000, 'downtime-bytes': 0, 'page-size': 4096, 'remaining': 3878772736, 'postcopy-bytes': 0, 'mbps': 1082.14704, 'transferred': 1474203664, 'dirty-sync-missed-zero-copy': 0, 'precopy-bytes': 1474202292, 'duplicate': 797029, 'dirty-pages-rate': 0, 'normal-bytes': 1464168448, 'normal': 357463}}
2026-07-14 20:27:27.243603SSH command: ssh -o BatchMode=yes -o StrictHostKeyChecking=no -o UserKnownHostsFile=/dev/null -o ConnectTimeout=1 -o LogLevel=ERROR -p 2226 -i /home/max/.ssh/pgvm_bench user@127.0.0.1 test -f /tmp/bench.done
Return code: 1
Stdout: 
Stderr: 
QMP cmd [src5] query-migrate args={}
QMP reply [src5] query-migrate: {'expected-downtime': 300, 'status': 'active', 'setup-time': 1, 'total-time': 11045, 'ram': {'total': 8607571968, 'postcopy-requests': 0, 'dirty-sync-count': 1, 'multifd-bytes': 0, 'pages-per-second': 33060, 'downtime-bytes': 0, 'page-size': 4096, 'remaining': 3851714560, 'postcopy-bytes': 0, 'mbps': 1082.15136, 'transferred': 1501257394, 'dirty-sync-missed-zero-copy': 0, 'precopy-bytes': 1501256002, 'duplicate': 797043, 'dirty-pages-rate': 0, 'normal-bytes': 1491169280, 'normal': 364055}}
QMP cmd [src5] query-migrate args={}
QMP reply [src5] query-migrate: {'expected-downtime': 300, 'status': 'active', 'setup-time': 1, 'total-time': 11246, 'ram': {'total': 8607571968, 'postcopy-requests': 0, 'dirty-sync-count': 1, 'multifd-bytes': 0, 'pages-per-second': 33140, 'downtime-bytes': 0, 'page-size': 4096, 'remaining': 3824599040, 'postcopy-bytes': 0, 'mbps': 1082.15712, 'transferred': 1528311250, 'dirty-sync-missed-zero-copy': 0, 'precopy-bytes': 1528309838, 'duplicate': 797071, 'dirty-pages-rate': 0, 'normal-bytes': 1518170112, 'normal': 370647}}
QMP cmd [src5] query-migrate args={}
QMP reply [src5] query-migrate: {'expected-downtime': 300, 'status': 'active', 'setup-time': 1, 'total-time': 11447, 'ram': {'total': 8607571968, 'postcopy-requests': 0, 'dirty-sync-count': 1, 'multifd-bytes': 0, 'pages-per-second': 33040, 'downtime-bytes': 0, 'page-size': 4096, 'remaining': 3797450752, 'postcopy-bytes': 0, 'mbps': 1082.1499199999998, 'transferred': 1555365178, 'dirty-sync-missed-zero-copy': 0, 'precopy-bytes': 1555363746, 'duplicate': 797107, 'dirty-pages-rate': 0, 'normal-bytes': 1545170944, 'normal': 377239}}
QMP cmd [src5] query-migrate args={}
QMP reply [src5] query-migrate: {'expected-downtime': 300, 'status': 'active', 'setup-time': 1, 'total-time': 11648, 'ram': {'total': 8607571968, 'postcopy-requests': 0, 'dirty-sync-count': 1, 'multifd-bytes': 0, 'pages-per-second': 33180, 'downtime-bytes': 0, 'page-size': 4096, 'remaining': 3769536512, 'postcopy-bytes': 0, 'mbps': 1082.16, 'transferred': 1582420789, 'dirty-sync-missed-zero-copy': 0, 'precopy-bytes': 1582419337, 'duplicate': 797330, 'dirty-pages-rate': 0, 'normal-bytes': 1572171776, 'normal': 383831}}
QMP cmd [src5] query-migrate args={}
QMP reply [src5] query-migrate: {'expected-downtime': 300, 'status': 'active', 'setup-time': 1, 'total-time': 11848, 'ram': {'total': 8607571968, 'postcopy-requests': 0, 'dirty-sync-count': 1, 'multifd-bytes': 0, 'pages-per-second': 34080, 'downtime-bytes': 0, 'page-size': 4096, 'remaining': 3741487104, 'postcopy-bytes': 0, 'mbps': 1082.2248, 'transferred': 1609476697, 'dirty-sync-missed-zero-copy': 0, 'precopy-bytes': 1609475225, 'duplicate': 797586, 'dirty-pages-rate': 0, 'normal-bytes': 1599172608, 'normal': 390423}}
QMP cmd [src5] query-migrate args={}
QMP reply [src5] query-migrate: {'expected-downtime': 300, 'status': 'active', 'setup-time': 1, 'total-time': 12049, 'ram': {'total': 8607571968, 'postcopy-requests': 0, 'dirty-sync-count': 1, 'multifd-bytes': 0, 'pages-per-second': 36900, 'downtime-bytes': 0, 'page-size': 4096, 'remaining': 3711004672, 'postcopy-bytes': 0, 'mbps': 1082.42784, 'transferred': 1636537951, 'dirty-sync-missed-zero-copy': 0, 'precopy-bytes': 1636536459, 'duplicate': 798436, 'dirty-pages-rate': 0, 'normal-bytes': 1626173440, 'normal': 397015}}
QMP cmd [src5] query-migrate args={}
QMP reply [src5] query-migrate: {'expected-downtime': 300, 'status': 'active', 'setup-time': 1, 'total-time': 12250, 'ram': {'total': 8607571968, 'postcopy-requests': 0, 'dirty-sync-count': 1, 'multifd-bytes': 0, 'pages-per-second': 36980, 'downtime-bytes': 0, 'page-size': 4096, 'remaining': 3680514048, 'postcopy-bytes': 0, 'mbps': 1082.4336, 'transferred': 1663599223, 'dirty-sync-missed-zero-copy': 0, 'precopy-bytes': 1663597711, 'duplicate': 799288, 'dirty-pages-rate': 0, 'normal-bytes': 1653174272, 'normal': 403607}}
QMP cmd [src5] query-migrate args={}
QMP reply [src5] query-migrate: {'expected-downtime': 300, 'status': 'active', 'setup-time': 1, 'total-time': 12451, 'ram': {'total': 8607571968, 'postcopy-requests': 0, 'dirty-sync-count': 1, 'multifd-bytes': 0, 'pages-per-second': 36620, 'downtime-bytes': 0, 'page-size': 4096, 'remaining': 3650301952, 'postcopy-bytes': 0, 'mbps': 1082.40768, 'transferred': 1690659883, 'dirty-sync-missed-zero-copy': 0, 'precopy-bytes': 1690658351, 'duplicate': 800072, 'dirty-pages-rate': 0, 'normal-bytes': 1680175104, 'normal': 410199}}
QMP cmd [src5] query-migrate args={}
QMP reply [src5] query-migrate: {'expected-downtime': 300, 'status': 'active', 'setup-time': 1, 'total-time': 12651, 'ram': {'total': 8607571968, 'postcopy-requests': 0, 'dirty-sync-count': 1, 'multifd-bytes': 0, 'pages-per-second': 37500, 'downtime-bytes': 0, 'page-size': 4096, 'remaining': 3619905536, 'postcopy-bytes': 0, 'mbps': 1082.4710400000001, 'transferred': 1717720948, 'dirty-sync-missed-zero-copy': 0, 'precopy-bytes': 1717719396, 'duplicate': 800901, 'dirty-pages-rate': 0, 'normal-bytes': 1707175936, 'normal': 416791}}
QMP cmd [src5] query-migrate args={}
QMP reply [src5] query-migrate: {'expected-downtime': 300, 'status': 'active', 'setup-time': 1, 'total-time': 12852, 'ram': {'total': 8607571968, 'postcopy-requests': 0, 'dirty-sync-count': 1, 'multifd-bytes': 0, 'pages-per-second': 36330, 'downtime-bytes': 0, 'page-size': 4096, 'remaining': 2479820800, 'postcopy-bytes': 0, 'mbps': 1082.3868, 'transferred': 1744730533, 'dirty-sync-missed-zero-copy': 0, 'precopy-bytes': 1744728961, 'duplicate': 1073258, 'dirty-pages-rate': 0, 'normal-bytes': 1731686400, 'normal': 422775}}
QMP cmd [src5] query-migrate args={}
QMP reply [src5] query-migrate: {'expected-downtime': 300, 'status': 'active', 'setup-time': 1, 'total-time': 13053, 'ram': {'total': 8607571968, 'postcopy-requests': 0, 'dirty-sync-count': 1, 'multifd-bytes': 0, 'pages-per-second': 32960, 'downtime-bytes': 0, 'page-size': 4096, 'remaining': 2452819968, 'postcopy-bytes': 0, 'mbps': 1082.1441599999998, 'transferred': 1771784137, 'dirty-sync-missed-zero-copy': 0, 'precopy-bytes': 1771782545, 'duplicate': 1073258, 'dirty-pages-rate': 0, 'normal-bytes': 1758687232, 'normal': 429367}}
2026-07-14 20:27:29.424266SSH command: ssh -o BatchMode=yes -o StrictHostKeyChecking=no -o UserKnownHostsFile=/dev/null -o ConnectTimeout=1 -o LogLevel=ERROR -p 2226 -i /home/max/.ssh/pgvm_bench user@127.0.0.1 test -f /tmp/bench.done
Return code: 1
Stdout: 
Stderr: 
QMP cmd [src5] query-migrate args={}
QMP reply [src5] query-migrate: {'expected-downtime': 300, 'status': 'active', 'setup-time': 1, 'total-time': 13254, 'ram': {'total': 8607571968, 'postcopy-requests': 0, 'dirty-sync-count': 1, 'multifd-bytes': 0, 'pages-per-second': 35260, 'downtime-bytes': 0, 'page-size': 4096, 'remaining': 2422276096, 'postcopy-bytes': 0, 'mbps': 1082.30976, 'transferred': 1798845526, 'dirty-sync-missed-zero-copy': 0, 'precopy-bytes': 1798843914, 'duplicate': 1074123, 'dirty-pages-rate': 0, 'normal-bytes': 1785688064, 'normal': 435959}}
QMP cmd [src5] query-migrate args={}
QMP reply [src5] query-migrate: {'expected-downtime': 300, 'status': 'active', 'setup-time': 1, 'total-time': 13455, 'ram': {'total': 8607571968, 'postcopy-requests': 0, 'dirty-sync-count': 1, 'multifd-bytes': 0, 'pages-per-second': 5496000, 'downtime-bytes': 0, 'page-size': 4096, 'remaining': 156450816, 'postcopy-bytes': 0, 'mbps': 1078.75944, 'transferred': 1825859377, 'dirty-sync-missed-zero-copy': 0, 'precopy-bytes': 1825857745, 'duplicate': 1621922, 'dirty-pages-rate': 0, 'normal-bytes': 1807728640, 'normal': 441340}}
QMP cmd [src5] query-migrate args={}
QMP reply [src5] query-migrate: {'expected-downtime': 300, 'status': 'active', 'setup-time': 1, 'total-time': 13655, 'ram': {'total': 8607571968, 'postcopy-requests': 0, 'dirty-sync-count': 1, 'multifd-bytes': 0, 'pages-per-second': 34000, 'downtime-bytes': 0, 'page-size': 4096, 'remaining': 129024000, 'postcopy-bytes': 0, 'mbps': 1082.21904, 'transferred': 1852913917, 'dirty-sync-missed-zero-copy': 0, 'precopy-bytes': 1852912265, 'duplicate': 1622026, 'dirty-pages-rate': 0, 'normal-bytes': 1834729472, 'normal': 447932}}
QMP cmd [src5] query-migrate args={}
QMP reply [src5] query-migrate: {'expected-downtime': 300, 'status': 'active', 'setup-time': 1, 'total-time': 13856, 'ram': {'total': 8607571968, 'postcopy-requests': 0, 'dirty-sync-count': 1, 'multifd-bytes': 0, 'pages-per-second': 32960, 'downtime-bytes': 0, 'page-size': 4096, 'remaining': 102023168, 'postcopy-bytes': 0, 'mbps': 1082.1441599999998, 'transferred': 1879967521, 'dirty-sync-missed-zero-copy': 0, 'precopy-bytes': 1879965849, 'duplicate': 1622026, 'dirty-pages-rate': 0, 'normal-bytes': 1861730304, 'normal': 454524}}
QMP cmd [src5] query-migrate args={}
QMP reply [src5] query-migrate: {'expected-downtime': 300, 'status': 'active', 'setup-time': 1, 'total-time': 14057, 'ram': {'total': 8607571968, 'postcopy-requests': 0, 'dirty-sync-count': 1, 'multifd-bytes': 0, 'pages-per-second': 32960, 'downtime-bytes': 0, 'page-size': 4096, 'remaining': 75022336, 'postcopy-bytes': 0, 'mbps': 1082.1441599999998, 'transferred': 1907021125, 'dirty-sync-missed-zero-copy': 0, 'precopy-bytes': 1907019433, 'duplicate': 1622026, 'dirty-pages-rate': 0, 'normal-bytes': 1888731136, 'normal': 461116}}
QMP cmd [src5] query-migrate args={}
QMP reply [src5] query-migrate: {'expected-downtime': 300, 'status': 'active', 'setup-time': 1, 'total-time': 14258, 'ram': {'total': 8607571968, 'postcopy-requests': 0, 'dirty-sync-count': 1, 'multifd-bytes': 0, 'pages-per-second': 32960, 'downtime-bytes': 0, 'page-size': 4096, 'remaining': 48021504, 'postcopy-bytes': 0, 'mbps': 1082.1441599999998, 'transferred': 1934074729, 'dirty-sync-missed-zero-copy': 0, 'precopy-bytes': 1934073017, 'duplicate': 1622026, 'dirty-pages-rate': 0, 'normal-bytes': 1915731968, 'normal': 467708}}
QMP cmd [src5] query-migrate args={}
QMP reply [src5] query-migrate: {'expected-downtime': 300, 'status': 'active', 'setup-time': 1, 'total-time': 14459, 'ram': {'total': 8607571968, 'postcopy-requests': 0, 'dirty-sync-count': 2, 'multifd-bytes': 0, 'pages-per-second': 32960, 'downtime-bytes': 0, 'page-size': 4096, 'remaining': 304918528, 'postcopy-bytes': 0, 'mbps': 1082.1441599999998, 'transferred': 1961128333, 'dirty-sync-missed-zero-copy': 0, 'precopy-bytes': 1961126601, 'duplicate': 1622026, 'dirty-pages-rate': 4813, 'normal-bytes': 1942732800, 'normal': 474300}}
QMP cmd [src5] query-migrate args={}
QMP reply [src5] query-migrate: {'expected-downtime': 2361, 'status': 'active', 'setup-time': 1, 'total-time': 14659, 'ram': {'total': 8607571968, 'postcopy-requests': 0, 'dirty-sync-count': 2, 'multifd-bytes': 0, 'pages-per-second': 80480, 'downtime-bytes': 0, 'page-size': 4096, 'remaining': 257662976, 'postcopy-bytes': 0, 'mbps': 1078.698, 'transferred': 1988140597, 'dirty-sync-missed-zero-copy': 0, 'precopy-bytes': 1988138845, 'duplicate': 1626992, 'dirty-pages-rate': 4813, 'normal-bytes': 1969647616, 'normal': 480871}}
QMP cmd [src5] query-migrate args={}
QMP reply [src5] query-migrate: {'expected-downtime': 2353, 'status': 'active', 'setup-time': 1, 'total-time': 14860, 'ram': {'total': 8607571968, 'postcopy-requests': 0, 'dirty-sync-count': 2, 'multifd-bytes': 0, 'pages-per-second': 38930, 'downtime-bytes': 0, 'page-size': 4096, 'remaining': 227303424, 'postcopy-bytes': 0, 'mbps': 1082.574, 'transferred': 2015201581, 'dirty-sync-missed-zero-copy': 0, 'precopy-bytes': 2015199809, 'duplicate': 1627812, 'dirty-pages-rate': 4813, 'normal-bytes': 1996648448, 'normal': 487463}}
QMP cmd [src5] query-migrate args={}
QMP reply [src5] query-migrate: {'expected-downtime': 2353, 'status': 'active', 'setup-time': 1, 'total-time': 15061, 'ram': {'total': 8607571968, 'postcopy-requests': 0, 'dirty-sync-count': 2, 'multifd-bytes': 0, 'pages-per-second': 33930, 'downtime-bytes': 0, 'page-size': 4096, 'remaining': 199282688, 'postcopy-bytes': 0, 'mbps': 1082.214, 'transferred': 2042257426, 'dirty-sync-missed-zero-copy': 0, 'precopy-bytes': 2042255634, 'duplicate': 1628061, 'dirty-pages-rate': 4813, 'normal-bytes': 2023649280, 'normal': 494055}}
QMP cmd [src5] query-migrate args={}
QMP reply [src5] query-migrate: {'expected-downtime': 2353, 'status': 'active', 'setup-time': 1, 'total-time': 15263, 'ram': {'total': 8607571968, 'postcopy-requests': 0, 'dirty-sync-count': 2, 'multifd-bytes': 0, 'pages-per-second': 33870, 'downtime-bytes': 0, 'page-size': 4096, 'remaining': 171909120, 'postcopy-bytes': 0, 'mbps': 1082.20968, 'transferred': 2069311849, 'dirty-sync-missed-zero-copy': 0, 'precopy-bytes': 2069310037, 'duplicate': 1628152, 'dirty-pages-rate': 4813, 'normal-bytes': 2050650112, 'normal': 500647}}
2026-07-14 20:27:31.683428SSH command: ssh -o BatchMode=yes -o StrictHostKeyChecking=no -o UserKnownHostsFile=/dev/null -o ConnectTimeout=1 -o LogLevel=ERROR -p 2226 -i /home/max/.ssh/pgvm_bench user@127.0.0.1 test -f /tmp/bench.done
Return code: 1
Stdout: 
Stderr: 
qemu-system-x86_64: terminating on signal 15 from pid 15322 (/home/max/Bachelor-Thesis/Repo/.venv/bin/python)
QMP cmd [src5] query-migrate args={}
QMP reply [src5] query-migrate: {'expected-downtime': 2353, 'status': 'active', 'setup-time': 1, 'total-time': 15464, 'ram': {'total': 8607571968, 'postcopy-requests': 0, 'dirty-sync-count': 2, 'multifd-bytes': 0, 'pages-per-second': 32960, 'downtime-bytes': 0, 'page-size': 4096, 'remaining': 144908288, 'postcopy-bytes': 0, 'mbps': 1082.1441599999998, 'transferred': 2096365453, 'dirty-sync-missed-zero-copy': 0, 'precopy-bytes': 2096363621, 'duplicate': 1628152, 'dirty-pages-rate': 4813, 'normal-bytes': 2077650944, 'normal': 507239}}
QMP cmd [src5] query-migrate args={}
QMP reply [src5] query-migrate: {'expected-downtime': 2353, 'status': 'active', 'setup-time': 1, 'total-time': 15665, 'ram': {'total': 8607571968, 'postcopy-requests': 0, 'dirty-sync-count': 2, 'multifd-bytes': 0, 'pages-per-second': 32960, 'downtime-bytes': 0, 'page-size': 4096, 'remaining': 117657600, 'postcopy-bytes': 0, 'mbps': 1082.1441599999998, 'transferred': 2123419606, 'dirty-sync-missed-zero-copy': 0, 'precopy-bytes': 2123417754, 'duplicate': 1628213, 'dirty-pages-rate': 4813, 'normal-bytes': 2104651776, 'normal': 513831}}
QMP cmd [src5] query-migrate args={}
QMP reply [src5] query-migrate: {'expected-downtime': 2353, 'status': 'active', 'setup-time': 1, 'total-time': 15865, 'ram': {'total': 8607571968, 'postcopy-requests': 0, 'dirty-sync-count': 2, 'multifd-bytes': 0, 'pages-per-second': 33740, 'downtime-bytes': 0, 'page-size': 4096, 'remaining': 90337280, 'postcopy-bytes': 0, 'mbps': 1082.2003200000001, 'transferred': 2150473912, 'dirty-sync-missed-zero-copy': 0, 'precopy-bytes': 2150472040, 'duplicate': 1628291, 'dirty-pages-rate': 4813, 'normal-bytes': 2131652608, 'normal': 520423}}
QMP cmd [src5] query-migrate args={}
QMP reply [src5] query-migrate: {'expected-downtime': 2353, 'status': 'active', 'setup-time': 1, 'total-time': 16066, 'ram': {'total': 8607571968, 'postcopy-requests': 0, 'dirty-sync-count': 2, 'multifd-bytes': 0, 'pages-per-second': 33430, 'downtime-bytes': 0, 'page-size': 4096, 'remaining': 63094784, 'postcopy-bytes': 0, 'mbps': 1082.178, 'transferred': 2177528047, 'dirty-sync-missed-zero-copy': 0, 'precopy-bytes': 2177526155, 'duplicate': 1628350, 'dirty-pages-rate': 4813, 'normal-bytes': 2158653440, 'normal': 527015}}
QMP cmd [src5] query-migrate args={}
QMP reply [src5] query-migrate: {'expected-downtime': 2353, 'status': 'active', 'setup-time': 1, 'total-time': 16267, 'ram': {'total': 8607571968, 'postcopy-requests': 0, 'dirty-sync-count': 2, 'multifd-bytes': 0, 'pages-per-second': 32980, 'downtime-bytes': 0, 'page-size': 4096, 'remaining': 36081664, 'postcopy-bytes': 0, 'mbps': 1082.1456, 'transferred': 2204581678, 'dirty-sync-missed-zero-copy': 0, 'precopy-bytes': 2204579766, 'duplicate': 1628353, 'dirty-pages-rate': 4813, 'normal-bytes': 2185654272, 'normal': 533607}}
QMP cmd [src5] query-migrate args={}
QMP reply [src5] query-migrate: {'expected-downtime': 830, 'status': 'active', 'setup-time': 1, 'total-time': 16468, 'ram': {'total': 8607571968, 'postcopy-requests': 0, 'dirty-sync-count': 3, 'multifd-bytes': 0, 'pages-per-second': 35870, 'downtime-bytes': 0, 'page-size': 4096, 'remaining': 82395136, 'postcopy-bytes': 0, 'mbps': 1082.35368, 'transferred': 2231641663, 'dirty-sync-missed-zero-copy': 0, 'precopy-bytes': 2231639731, 'duplicate': 1629062, 'dirty-pages-rate': 9793, 'normal-bytes': 2212655104, 'normal': 540199}}
QMP cmd [src5] query-migrate args={}
QMP reply [src5] query-migrate: {'expected-downtime': 830, 'status': 'active', 'setup-time': 1, 'total-time': 16669, 'ram': {'total': 8607571968, 'postcopy-requests': 0, 'dirty-sync-count': 3, 'multifd-bytes': 0, 'pages-per-second': 33680, 'downtime-bytes': 0, 'page-size': 4096, 'remaining': 54386688, 'postcopy-bytes': 0, 'mbps': 1082.196, 'transferred': 2258697510, 'dirty-sync-missed-zero-copy': 0, 'precopy-bytes': 2258695558, 'duplicate': 1629308, 'dirty-pages-rate': 9793, 'normal-bytes': 2239655936, 'normal': 546791}}
QMP cmd [src5] query-migrate args={}
QMP reply [src5] query-migrate: {'expected-downtime': 830, 'status': 'active', 'setup-time': 1, 'total-time': 16869, 'ram': {'total': 8607571968, 'postcopy-requests': 0, 'dirty-sync-count': 3, 'multifd-bytes': 0, 'pages-per-second': 33560, 'downtime-bytes': 0, 'page-size': 4096, 'remaining': 26603520, 'postcopy-bytes': 0, 'mbps': 1082.1873600000001, 'transferred': 2285752833, 'dirty-sync-missed-zero-copy': 0, 'precopy-bytes': 2285750861, 'duplicate': 1629499, 'dirty-pages-rate': 9793, 'normal-bytes': 2266656768, 'normal': 553383}}
QMP cmd [src5] query-migrate args={}
QMP reply [src5] query-migrate: {'expected-downtime': 352, 'status': 'active', 'setup-time': 1, 'total-time': 17071, 'ram': {'total': 8607571968, 'postcopy-requests': 0, 'dirty-sync-count': 5, 'multifd-bytes': 0, 'pages-per-second': 34160, 'downtime-bytes': 0, 'page-size': 4096, 'remaining': 34127872, 'postcopy-bytes': 0, 'mbps': 1082.23056, 'transferred': 2312807526, 'dirty-sync-missed-zero-copy': 0, 'precopy-bytes': 2312805534, 'duplicate': 1629620, 'dirty-pages-rate': 9793, 'normal-bytes': 2293657600, 'normal': 559975}}
QMP cmd [src5] query-migrate args={}
QMP reply [src5] query-migrate: {'status': 'completed', 'setup-time': 1, 'downtime': 14, 'total-time': 17115, 'ram': {'total': 8607571968, 'postcopy-requests': 0, 'dirty-sync-count': 7, 'multifd-bytes': 0, 'pages-per-second': 32970, 'downtime-bytes': 36044534, 'page-size': 4096, 'remaining': 0, 'postcopy-bytes': 0, 'mbps': 1098.1751146429824, 'transferred': 2349271114, 'dirty-sync-missed-zero-copy': 0, 'precopy-bytes': 2312805534, 'duplicate': 1629973, 'dirty-pages-rate': 0, 'normal-bytes': 2329628672, 'normal': 568757}}
