2026-07-14 20:54:19.978718SSH command: ssh -o BatchMode=yes -o StrictHostKeyChecking=no -o UserKnownHostsFile=/dev/null -o ConnectTimeout=1 -o LogLevel=ERROR -p 2231 -i /home/max/.ssh/pgvm_bench user@127.0.0.1 systemd-analyze
Return code: 0
Stdout: Startup finished in 810ms (kernel) + 3.163s (userspace) = 3.974s 
graphical.target reached after 3.162s in userspace.

Stderr: 
2026-07-14 20:54:20.124516SSH command: ssh -o BatchMode=yes -o StrictHostKeyChecking=no -o UserKnownHostsFile=/dev/null -o ConnectTimeout=1 -o LogLevel=ERROR -p 2231 -i /home/max/.ssh/pgvm_bench user@127.0.0.1 rm -f /tmp/bench.done /tmp/pg-buffer-hit-ratio.csv /tmp/pg-buffer-sampler.log; nohup bash /home/user/pg_sampler.sh /tmp/bench.done /tmp/pg-buffer-hit-ratio.csv ycsb >/tmp/pg-buffer-sampler.log 2>&1 &
Return code: 0
Stdout: 
Stderr: 
QMP cmd [src10] migrate-set-capabilities args={'capabilities': [{'capability': 'auto-converge', 'state': False}, {'capability': 'events', 'state': True}, {'capability': 'postcopy-blocktime', 'state': False}, {'capability': 'postcopy-ram', 'state': False}]}
QMP cmd [src10] query-migrate args={}
QMP reply [src10] migrate-set-capabilities: {}
QMP cmd [src10] migrate args={'uri': 'unix:/tmp/mig.sock'}
QMP reply [src10] query-migrate: {}
QMP reply [src10] migrate: {}
2026-07-14 20:56:50.529825SSH command: ssh -o BatchMode=yes -o StrictHostKeyChecking=no -o UserKnownHostsFile=/dev/null -o ConnectTimeout=1 -o LogLevel=ERROR -p 2231 -i /home/max/.ssh/pgvm_bench user@127.0.0.1 test -f /tmp/bench.done
Return code: 1
Stdout: 
Stderr: 
QMP cmd [src10] query-migrate args={}
QMP reply [src10] query-migrate: {'expected-downtime': 300, 'status': 'active', 'setup-time': 1, 'total-time': 201, 'ram': {'total': 8607571968, 'postcopy-requests': 0, 'dirty-sync-count': 1, 'multifd-bytes': 0, 'pages-per-second': 35530, 'downtime-bytes': 0, 'page-size': 4096, 'remaining': 8574070784, 'postcopy-bytes': 0, 'mbps': 1082.3292, 'transferred': 30605978, 'dirty-sync-missed-zero-copy': 0, 'precopy-bytes': 30732898, 'duplicate': 691, 'dirty-pages-rate': 0, 'normal-bytes': 30666752, 'normal': 7487}}
QMP cmd [src10] query-migrate args={}
QMP reply [src10] query-migrate: {'expected-downtime': 300, 'status': 'active', 'setup-time': 1, 'total-time': 401, 'ram': {'total': 8607571968, 'postcopy-requests': 0, 'dirty-sync-count': 1, 'multifd-bytes': 0, 'pages-per-second': 123138, 'downtime-bytes': 0, 'page-size': 4096, 'remaining': 7789420544, 'postcopy-bytes': 0, 'mbps': 1069.5129504950496, 'transferred': 54025687, 'dirty-sync-missed-zero-copy': 0, 'precopy-bytes': 54025365, 'duplicate': 186990, 'dirty-pages-rate': 0, 'normal-bytes': 52240384, 'normal': 12754}}
QMP cmd [src10] query-migrate args={}
QMP reply [src10] query-migrate: {'expected-downtime': 300, 'status': 'active', 'setup-time': 1, 'total-time': 602, 'ram': {'total': 8607571968, 'postcopy-requests': 0, 'dirty-sync-count': 1, 'multifd-bytes': 0, 'pages-per-second': 32960, 'downtime-bytes': 0, 'page-size': 4096, 'remaining': 7756849152, 'postcopy-bytes': 0, 'mbps': 1082.1441599999998, 'transferred': 86463893, 'dirty-sync-missed-zero-copy': 0, 'precopy-bytes': 86590773, 'duplicate': 187006, 'dirty-pages-rate': 0, 'normal-bytes': 84742144, 'normal': 20689}}
QMP cmd [src10] query-migrate args={}
QMP reply [src10] query-migrate: {'expected-downtime': 300, 'status': 'active', 'setup-time': 1, 'total-time': 803, 'ram': {'total': 8607571968, 'postcopy-requests': 0, 'dirty-sync-count': 1, 'multifd-bytes': 0, 'pages-per-second': 59720, 'downtime-bytes': 0, 'page-size': 4096, 'remaining': 7686975488, 'postcopy-bytes': 0, 'mbps': 1084.07088, 'transferred': 114438890, 'dirty-sync-missed-zero-copy': 0, 'precopy-bytes': 114565750, 'duplicate': 197271, 'dirty-pages-rate': 0, 'normal-bytes': 112570368, 'normal': 27483}}
QMP cmd [src10] query-migrate args={}
QMP reply [src10] query-migrate: {'expected-downtime': 300, 'status': 'active', 'setup-time': 1, 'total-time': 1004, 'ram': {'total': 8607571968, 'postcopy-requests': 0, 'dirty-sync-count': 1, 'multifd-bytes': 0, 'pages-per-second': 4966870, 'downtime-bytes': 0, 'page-size': 4096, 'remaining': 5352689664, 'postcopy-bytes': 0, 'mbps': 1076.04432, 'transferred': 147807083, 'dirty-sync-missed-zero-copy': 0, 'precopy-bytes': 147933940, 'duplicate': 760269, 'dirty-pages-rate': 0, 'normal-bytes': 140816384, 'normal': 34379}}
QMP cmd [src10] query-migrate args={}
QMP reply [src10] query-migrate: {'expected-downtime': 300, 'status': 'active', 'setup-time': 1, 'total-time': 1205, 'ram': {'total': 8607571968, 'postcopy-requests': 0, 'dirty-sync-count': 1, 'multifd-bytes': 0, 'pages-per-second': 47400, 'downtime-bytes': 0, 'page-size': 4096, 'remaining': 5316780032, 'postcopy-bytes': 0, 'mbps': 1083.1838400000001, 'transferred': 175535785, 'dirty-sync-missed-zero-copy': 0, 'precopy-bytes': 175535363, 'duplicate': 762316, 'dirty-pages-rate': 0, 'normal-bytes': 168345600, 'normal': 41100}}
QMP cmd [src10] query-migrate args={}
QMP reply [src10] query-migrate: {'expected-downtime': 300, 'status': 'active', 'setup-time': 1, 'total-time': 1405, 'ram': {'total': 8607571968, 'postcopy-requests': 0, 'dirty-sync-count': 1, 'multifd-bytes': 0, 'pages-per-second': 47330, 'downtime-bytes': 0, 'page-size': 4096, 'remaining': 5282844672, 'postcopy-bytes': 0, 'mbps': 1083.1788000000001, 'transferred': 202604626, 'dirty-sync-missed-zero-copy': 0, 'precopy-bytes': 202604184, 'duplicate': 764009, 'dirty-pages-rate': 0, 'normal-bytes': 195346432, 'normal': 47692}}
QMP cmd [src10] query-migrate args={}
QMP reply [src10] query-migrate: {'expected-downtime': 300, 'status': 'active', 'setup-time': 1, 'total-time': 1606, 'ram': {'total': 8607571968, 'postcopy-requests': 0, 'dirty-sync-count': 1, 'multifd-bytes': 0, 'pages-per-second': 44752, 'downtime-bytes': 0, 'page-size': 4096, 'remaining': 5250310144, 'postcopy-bytes': 0, 'mbps': 1072.3024158415842, 'transferred': 229670389, 'dirty-sync-missed-zero-copy': 0, 'precopy-bytes': 229669927, 'duplicate': 765360, 'dirty-pages-rate': 0, 'normal-bytes': 222347264, 'normal': 54284}}
QMP cmd [src10] query-migrate args={}
QMP reply [src10] query-migrate: {'expected-downtime': 300, 'status': 'active', 'setup-time': 1, 'total-time': 1807, 'ram': {'total': 8607571968, 'postcopy-requests': 0, 'dirty-sync-count': 1, 'multifd-bytes': 0, 'pages-per-second': 33010, 'downtime-bytes': 0, 'page-size': 4096, 'remaining': 5221777408, 'postcopy-bytes': 0, 'mbps': 1082.14776, 'transferred': 256727359, 'dirty-sync-missed-zero-copy': 0, 'precopy-bytes': 256726877, 'duplicate': 765734, 'dirty-pages-rate': 0, 'normal-bytes': 249348096, 'normal': 60876}}
QMP cmd [src10] query-migrate args={}
QMP reply [src10] query-migrate: {'expected-downtime': 300, 'status': 'active', 'setup-time': 1, 'total-time': 2008, 'ram': {'total': 8607571968, 'postcopy-requests': 0, 'dirty-sync-count': 1, 'multifd-bytes': 0, 'pages-per-second': 42210, 'downtime-bytes': 0, 'page-size': 4096, 'remaining': 5190017024, 'postcopy-bytes': 0, 'mbps': 1082.81016, 'transferred': 283791421, 'dirty-sync-missed-zero-copy': 0, 'precopy-bytes': 283790919, 'duplicate': 766896, 'dirty-pages-rate': 0, 'normal-bytes': 276348928, 'normal': 67468}}
QMP cmd [src10] query-migrate args={}
QMP reply [src10] query-migrate: {'expected-downtime': 300, 'status': 'active', 'setup-time': 1, 'total-time': 2208, 'ram': {'total': 8607571968, 'postcopy-requests': 0, 'dirty-sync-count': 1, 'multifd-bytes': 0, 'pages-per-second': 42980, 'downtime-bytes': 0, 'page-size': 4096, 'remaining': 5158612992, 'postcopy-bytes': 0, 'mbps': 1082.8656, 'transferred': 310854700, 'dirty-sync-missed-zero-copy': 0, 'precopy-bytes': 310854178, 'duplicate': 767971, 'dirty-pages-rate': 0, 'normal-bytes': 303349760, 'normal': 74060}}
2026-07-14 20:56:52.694379SSH command: ssh -o BatchMode=yes -o StrictHostKeyChecking=no -o UserKnownHostsFile=/dev/null -o ConnectTimeout=1 -o LogLevel=ERROR -p 2231 -i /home/max/.ssh/pgvm_bench user@127.0.0.1 test -f /tmp/bench.done
Return code: 1
Stdout: 
Stderr: 
QMP cmd [src10] query-migrate args={}
QMP reply [src10] query-migrate: {'expected-downtime': 300, 'status': 'active', 'setup-time': 1, 'total-time': 2410, 'ram': {'total': 8607571968, 'postcopy-requests': 0, 'dirty-sync-count': 1, 'multifd-bytes': 0, 'pages-per-second': 80890, 'downtime-bytes': 0, 'page-size': 4096, 'remaining': 5108453376, 'postcopy-bytes': 0, 'mbps': 1081.66392, 'transferred': 337910050, 'dirty-sync-missed-zero-copy': 0, 'precopy-bytes': 337909508, 'duplicate': 773637, 'dirty-pages-rate': 0, 'normal-bytes': 330301440, 'normal': 80640}}
QMP cmd [src10] query-migrate args={}
QMP reply [src10] query-migrate: {'expected-downtime': 300, 'status': 'active', 'setup-time': 1, 'total-time': 2611, 'ram': {'total': 8607571968, 'postcopy-requests': 0, 'dirty-sync-count': 1, 'multifd-bytes': 0, 'pages-per-second': 43280, 'downtime-bytes': 0, 'page-size': 4096, 'remaining': 5077131264, 'postcopy-bytes': 0, 'mbps': 1082.8872, 'transferred': 364973149, 'dirty-sync-missed-zero-copy': 0, 'precopy-bytes': 364972587, 'duplicate': 774692, 'dirty-pages-rate': 0, 'normal-bytes': 357302272, 'normal': 87232}}
QMP cmd [src10] query-migrate args={}
QMP reply [src10] query-migrate: {'expected-downtime': 300, 'status': 'active', 'setup-time': 1, 'total-time': 2812, 'ram': {'total': 8607571968, 'postcopy-requests': 0, 'dirty-sync-count': 1, 'multifd-bytes': 0, 'pages-per-second': 33240, 'downtime-bytes': 0, 'page-size': 4096, 'remaining': 5049888768, 'postcopy-bytes': 0, 'mbps': 1082.16432, 'transferred': 392027284, 'dirty-sync-missed-zero-copy': 0, 'precopy-bytes': 392026702, 'duplicate': 774751, 'dirty-pages-rate': 0, 'normal-bytes': 384303104, 'normal': 93824}}
QMP cmd [src10] query-migrate args={}
QMP reply [src10] query-migrate: {'expected-downtime': 300, 'status': 'active', 'setup-time': 1, 'total-time': 3012, 'ram': {'total': 8607571968, 'postcopy-requests': 0, 'dirty-sync-count': 1, 'multifd-bytes': 0, 'pages-per-second': 32980, 'downtime-bytes': 0, 'page-size': 4096, 'remaining': 5017067520, 'postcopy-bytes': 0, 'mbps': 1082.1456, 'transferred': 419093677, 'dirty-sync-missed-zero-copy': 0, 'precopy-bytes': 419093075, 'duplicate': 776172, 'dirty-pages-rate': 0, 'normal-bytes': 411303936, 'normal': 100416}}
QMP cmd [src10] query-migrate args={}
QMP reply [src10] query-migrate: {'expected-downtime': 300, 'status': 'active', 'setup-time': 1, 'total-time': 3213, 'ram': {'total': 8607571968, 'postcopy-requests': 0, 'dirty-sync-count': 1, 'multifd-bytes': 0, 'pages-per-second': 71650, 'downtime-bytes': 0, 'page-size': 4096, 'remaining': 4969603072, 'postcopy-bytes': 0, 'mbps': 1074.44664, 'transferred': 446061205, 'dirty-sync-missed-zero-copy': 0, 'precopy-bytes': 446060583, 'duplicate': 781200, 'dirty-pages-rate': 0, 'normal-bytes': 438173696, 'normal': 106976}}
QMP cmd [src10] query-migrate args={}
QMP reply [src10] query-migrate: {'expected-downtime': 300, 'status': 'active', 'setup-time': 1, 'total-time': 3414, 'ram': {'total': 8607571968, 'postcopy-requests': 0, 'dirty-sync-count': 1, 'multifd-bytes': 0, 'pages-per-second': 33730, 'downtime-bytes': 0, 'page-size': 4096, 'remaining': 4942282752, 'postcopy-bytes': 0, 'mbps': 1082.1996000000001, 'transferred': 473115511, 'dirty-sync-missed-zero-copy': 0, 'precopy-bytes': 473114869, 'duplicate': 781278, 'dirty-pages-rate': 0, 'normal-bytes': 465174528, 'normal': 113568}}
QMP cmd [src10] query-migrate args={}
QMP reply [src10] query-migrate: {'expected-downtime': 300, 'status': 'active', 'setup-time': 1, 'total-time': 3614, 'ram': {'total': 8607571968, 'postcopy-requests': 0, 'dirty-sync-count': 1, 'multifd-bytes': 0, 'pages-per-second': 33280, 'downtime-bytes': 0, 'page-size': 4096, 'remaining': 4915150848, 'postcopy-bytes': 0, 'mbps': 1082.1671999999999, 'transferred': 500169403, 'dirty-sync-missed-zero-copy': 0, 'precopy-bytes': 500168741, 'duplicate': 781310, 'dirty-pages-rate': 0, 'normal-bytes': 492175360, 'normal': 120160}}
QMP cmd [src10] query-migrate args={}
QMP reply [src10] query-migrate: {'expected-downtime': 300, 'status': 'active', 'setup-time': 1, 'total-time': 3815, 'ram': {'total': 8607571968, 'postcopy-requests': 0, 'dirty-sync-count': 1, 'multifd-bytes': 0, 'pages-per-second': 33560, 'downtime-bytes': 0, 'page-size': 4096, 'remaining': 4887793664, 'postcopy-bytes': 0, 'mbps': 1082.1873600000001, 'transferred': 527223790, 'dirty-sync-missed-zero-copy': 0, 'precopy-bytes': 527223108, 'duplicate': 781397, 'dirty-pages-rate': 0, 'normal-bytes': 519176192, 'normal': 126752}}
QMP cmd [src10] query-migrate args={}
QMP reply [src10] query-migrate: {'expected-downtime': 300, 'status': 'active', 'setup-time': 1, 'total-time': 4016, 'ram': {'total': 8607571968, 'postcopy-requests': 0, 'dirty-sync-count': 1, 'multifd-bytes': 0, 'pages-per-second': 33030, 'downtime-bytes': 0, 'page-size': 4096, 'remaining': 4859944960, 'postcopy-bytes': 0, 'mbps': 1082.1492, 'transferred': 554279257, 'dirty-sync-missed-zero-copy': 0, 'precopy-bytes': 554278555, 'duplicate': 781604, 'dirty-pages-rate': 0, 'normal-bytes': 546177024, 'normal': 133344}}
QMP cmd [src10] query-migrate args={}
QMP reply [src10] query-migrate: {'expected-downtime': 300, 'status': 'active', 'setup-time': 1, 'total-time': 4217, 'ram': {'total': 8607571968, 'postcopy-requests': 0, 'dirty-sync-count': 1, 'multifd-bytes': 0, 'pages-per-second': 44140, 'downtime-bytes': 0, 'page-size': 4096, 'remaining': 4828344320, 'postcopy-bytes': 0, 'mbps': 1082.9491200000002, 'transferred': 581342968, 'dirty-sync-missed-zero-copy': 0, 'precopy-bytes': 581342246, 'duplicate': 782727, 'dirty-pages-rate': 0, 'normal-bytes': 573177856, 'normal': 139936}}
QMP cmd [src10] query-migrate args={}
QMP reply [src10] query-migrate: {'expected-downtime': 300, 'status': 'active', 'setup-time': 1, 'total-time': 4418, 'ram': {'total': 8607571968, 'postcopy-requests': 0, 'dirty-sync-count': 1, 'multifd-bytes': 0, 'pages-per-second': 33220, 'downtime-bytes': 0, 'page-size': 4096, 'remaining': 4800819200, 'postcopy-bytes': 0, 'mbps': 1082.1628799999999, 'transferred': 608397724, 'dirty-sync-missed-zero-copy': 0, 'precopy-bytes': 608396982, 'duplicate': 782855, 'dirty-pages-rate': 0, 'normal-bytes': 600178688, 'normal': 146528}}
2026-07-14 20:56:54.862612SSH command: ssh -o BatchMode=yes -o StrictHostKeyChecking=no -o UserKnownHostsFile=/dev/null -o ConnectTimeout=1 -o LogLevel=ERROR -p 2231 -i /home/max/.ssh/pgvm_bench user@127.0.0.1 test -f /tmp/bench.done
Return code: 1
Stdout: 
Stderr: 
QMP cmd [src10] query-migrate args={}
QMP reply [src10] query-migrate: {'expected-downtime': 300, 'status': 'active', 'setup-time': 1, 'total-time': 4618, 'ram': {'total': 8607571968, 'postcopy-requests': 0, 'dirty-sync-count': 1, 'multifd-bytes': 0, 'pages-per-second': 33080, 'downtime-bytes': 0, 'page-size': 4096, 'remaining': 4773400576, 'postcopy-bytes': 0, 'mbps': 1082.1528, 'transferred': 635452246, 'dirty-sync-missed-zero-copy': 0, 'precopy-bytes': 635451484, 'duplicate': 782957, 'dirty-pages-rate': 0, 'normal-bytes': 627179520, 'normal': 153120}}
QMP cmd [src10] query-migrate args={}
QMP reply [src10] query-migrate: {'expected-downtime': 300, 'status': 'active', 'setup-time': 1, 'total-time': 4819, 'ram': {'total': 8607571968, 'postcopy-requests': 0, 'dirty-sync-count': 1, 'multifd-bytes': 0, 'pages-per-second': 33230, 'downtime-bytes': 0, 'page-size': 4096, 'remaining': 4745932800, 'postcopy-bytes': 0, 'mbps': 1082.1636, 'transferred': 662506876, 'dirty-sync-missed-zero-copy': 0, 'precopy-bytes': 662506094, 'duplicate': 783071, 'dirty-pages-rate': 0, 'normal-bytes': 654180352, 'normal': 159712}}
QMP cmd [src10] query-migrate args={}
QMP reply [src10] query-migrate: {'expected-downtime': 300, 'status': 'active', 'setup-time': 1, 'total-time': 5020, 'ram': {'total': 8607571968, 'postcopy-requests': 0, 'dirty-sync-count': 1, 'multifd-bytes': 0, 'pages-per-second': 33030, 'downtime-bytes': 0, 'page-size': 4096, 'remaining': 4718514176, 'postcopy-bytes': 0, 'mbps': 1082.1492, 'transferred': 689561398, 'dirty-sync-missed-zero-copy': 0, 'precopy-bytes': 689560596, 'duplicate': 783173, 'dirty-pages-rate': 0, 'normal-bytes': 681181184, 'normal': 166304}}
QMP cmd [src10] query-migrate args={}
QMP reply [src10] query-migrate: {'expected-downtime': 300, 'status': 'active', 'setup-time': 1, 'total-time': 5221, 'ram': {'total': 8607571968, 'postcopy-requests': 0, 'dirty-sync-count': 1, 'multifd-bytes': 0, 'pages-per-second': 33020, 'downtime-bytes': 0, 'page-size': 4096, 'remaining': 4691447808, 'postcopy-bytes': 0, 'mbps': 1082.14848, 'transferred': 716615146, 'dirty-sync-missed-zero-copy': 0, 'precopy-bytes': 716614324, 'duplicate': 783189, 'dirty-pages-rate': 0, 'normal-bytes': 708182016, 'normal': 172896}}
QMP cmd [src10] query-migrate args={}
QMP reply [src10] query-migrate: {'expected-downtime': 300, 'status': 'active', 'setup-time': 1, 'total-time': 5422, 'ram': {'total': 8607571968, 'postcopy-requests': 0, 'dirty-sync-count': 1, 'multifd-bytes': 0, 'pages-per-second': 33120, 'downtime-bytes': 0, 'page-size': 4096, 'remaining': 4664320000, 'postcopy-bytes': 0, 'mbps': 1082.1556799999998, 'transferred': 743669029, 'dirty-sync-missed-zero-copy': 0, 'precopy-bytes': 743668187, 'duplicate': 783220, 'dirty-pages-rate': 0, 'normal-bytes': 735182848, 'normal': 179488}}
QMP cmd [src10] query-migrate args={}
QMP reply [src10] query-migrate: {'expected-downtime': 300, 'status': 'active', 'setup-time': 1, 'total-time': 5622, 'ram': {'total': 8607571968, 'postcopy-requests': 0, 'dirty-sync-count': 1, 'multifd-bytes': 0, 'pages-per-second': 38070, 'downtime-bytes': 0, 'page-size': 4096, 'remaining': 4635201536, 'postcopy-bytes': 0, 'mbps': 1082.51208, 'transferred': 770727286, 'dirty-sync-missed-zero-copy': 0, 'precopy-bytes': 770726424, 'duplicate': 783737, 'dirty-pages-rate': 0, 'normal-bytes': 762183680, 'normal': 186080}}
QMP cmd [src10] query-migrate args={}
QMP reply [src10] query-migrate: {'expected-downtime': 300, 'status': 'active', 'setup-time': 1, 'total-time': 5823, 'ram': {'total': 8607571968, 'postcopy-requests': 0, 'dirty-sync-count': 1, 'multifd-bytes': 0, 'pages-per-second': 33670, 'downtime-bytes': 0, 'page-size': 4096, 'remaining': 4607877120, 'postcopy-bytes': 0, 'mbps': 1082.1952800000001, 'transferred': 797781601, 'dirty-sync-missed-zero-copy': 0, 'precopy-bytes': 797780719, 'duplicate': 783816, 'dirty-pages-rate': 0, 'normal-bytes': 789184512, 'normal': 192672}}
QMP cmd [src10] query-migrate args={}
QMP reply [src10] query-migrate: {'expected-downtime': 300, 'status': 'active', 'setup-time': 1, 'total-time': 6024, 'ram': {'total': 8607571968, 'postcopy-requests': 0, 'dirty-sync-count': 1, 'multifd-bytes': 0, 'pages-per-second': 32980, 'downtime-bytes': 0, 'page-size': 4096, 'remaining': 4580835328, 'postcopy-bytes': 0, 'mbps': 1082.1456, 'transferred': 824835295, 'dirty-sync-missed-zero-copy': 0, 'precopy-bytes': 824834393, 'duplicate': 783826, 'dirty-pages-rate': 0, 'normal-bytes': 816185344, 'normal': 199264}}
QMP cmd [src10] query-migrate args={}
QMP reply [src10] query-migrate: {'expected-downtime': 300, 'status': 'active', 'setup-time': 1, 'total-time': 6224, 'ram': {'total': 8607571968, 'postcopy-requests': 0, 'dirty-sync-count': 1, 'multifd-bytes': 0, 'pages-per-second': 32633, 'downtime-bytes': 0, 'page-size': 4096, 'remaining': 4553379840, 'postcopy-bytes': 0, 'mbps': 1071.4298613861386, 'transferred': 851889898, 'dirty-sync-missed-zero-copy': 0, 'precopy-bytes': 851888976, 'duplicate': 783937, 'dirty-pages-rate': 0, 'normal-bytes': 843186176, 'normal': 205856}}
QMP cmd [src10] query-migrate args={}
QMP reply [src10] query-migrate: {'expected-downtime': 300, 'status': 'active', 'setup-time': 1, 'total-time': 6425, 'ram': {'total': 8607571968, 'postcopy-requests': 0, 'dirty-sync-count': 1, 'multifd-bytes': 0, 'pages-per-second': 38120, 'downtime-bytes': 0, 'page-size': 4096, 'remaining': 4524249088, 'postcopy-bytes': 0, 'mbps': 1082.51568, 'transferred': 878948182, 'dirty-sync-missed-zero-copy': 0, 'precopy-bytes': 878947240, 'duplicate': 784457, 'dirty-pages-rate': 0, 'normal-bytes': 870187008, 'normal': 212448}}
QMP cmd [src10] query-migrate args={}
QMP reply [src10] query-migrate: {'expected-downtime': 300, 'status': 'active', 'setup-time': 1, 'total-time': 6626, 'ram': {'total': 8607571968, 'postcopy-requests': 0, 'dirty-sync-count': 1, 'multifd-bytes': 0, 'pages-per-second': 33160, 'downtime-bytes': 0, 'page-size': 4096, 'remaining': 4497162240, 'postcopy-bytes': 0, 'mbps': 1082.15856, 'transferred': 906001975, 'dirty-sync-missed-zero-copy': 0, 'precopy-bytes': 906001013, 'duplicate': 784478, 'dirty-pages-rate': 0, 'normal-bytes': 897187840, 'normal': 219040}}
2026-07-14 20:56:57.023755SSH command: ssh -o BatchMode=yes -o StrictHostKeyChecking=no -o UserKnownHostsFile=/dev/null -o ConnectTimeout=1 -o LogLevel=ERROR -p 2231 -i /home/max/.ssh/pgvm_bench user@127.0.0.1 test -f /tmp/bench.done
Return code: 1
Stdout: 
Stderr: 
QMP cmd [src10] query-migrate args={}
QMP reply [src10] query-migrate: {'expected-downtime': 300, 'status': 'active', 'setup-time': 1, 'total-time': 6828, 'ram': {'total': 8607571968, 'postcopy-requests': 0, 'dirty-sync-count': 1, 'multifd-bytes': 0, 'pages-per-second': 33020, 'downtime-bytes': 0, 'page-size': 4096, 'remaining': 4470128640, 'postcopy-bytes': 0, 'mbps': 1082.14848, 'transferred': 933055651, 'dirty-sync-missed-zero-copy': 0, 'precopy-bytes': 933054669, 'duplicate': 784486, 'dirty-pages-rate': 0, 'normal-bytes': 924188672, 'normal': 225632}}
QMP cmd [src10] query-migrate args={}
QMP reply [src10] query-migrate: {'expected-downtime': 300, 'status': 'active', 'setup-time': 1, 'total-time': 7028, 'ram': {'total': 8607571968, 'postcopy-requests': 0, 'dirty-sync-count': 1, 'multifd-bytes': 0, 'pages-per-second': 33040, 'downtime-bytes': 0, 'page-size': 4096, 'remaining': 4443095040, 'postcopy-bytes': 0, 'mbps': 1082.1499199999998, 'transferred': 960109327, 'dirty-sync-missed-zero-copy': 0, 'precopy-bytes': 960108325, 'duplicate': 784494, 'dirty-pages-rate': 0, 'normal-bytes': 951189504, 'normal': 232224}}
QMP cmd [src10] query-migrate args={}
QMP reply [src10] query-migrate: {'expected-downtime': 300, 'status': 'active', 'setup-time': 1, 'total-time': 7229, 'ram': {'total': 8607571968, 'postcopy-requests': 0, 'dirty-sync-count': 1, 'multifd-bytes': 0, 'pages-per-second': 32960, 'downtime-bytes': 0, 'page-size': 4096, 'remaining': 4416086016, 'postcopy-bytes': 0, 'mbps': 1082.1441599999998, 'transferred': 987162949, 'dirty-sync-missed-zero-copy': 0, 'precopy-bytes': 987161927, 'duplicate': 784496, 'dirty-pages-rate': 0, 'normal-bytes': 978190336, 'normal': 238816}}
QMP cmd [src10] query-migrate args={}
QMP reply [src10] query-migrate: {'expected-downtime': 300, 'status': 'active', 'setup-time': 1, 'total-time': 7430, 'ram': {'total': 8607571968, 'postcopy-requests': 0, 'dirty-sync-count': 1, 'multifd-bytes': 0, 'pages-per-second': 32960, 'downtime-bytes': 0, 'page-size': 4096, 'remaining': 4389052416, 'postcopy-bytes': 0, 'mbps': 1082.1441599999998, 'transferred': 1014216625, 'dirty-sync-missed-zero-copy': 0, 'precopy-bytes': 1014215583, 'duplicate': 784504, 'dirty-pages-rate': 0, 'normal-bytes': 1005191168, 'normal': 245408}}
QMP cmd [src10] query-migrate args={}
QMP reply [src10] query-migrate: {'expected-downtime': 300, 'status': 'active', 'setup-time': 1, 'total-time': 7631, 'ram': {'total': 8607571968, 'postcopy-requests': 0, 'dirty-sync-count': 1, 'multifd-bytes': 0, 'pages-per-second': 32673, 'downtime-bytes': 0, 'page-size': 4096, 'remaining': 4362002432, 'postcopy-bytes': 0, 'mbps': 1071.432712871287, 'transferred': 1041270337, 'dirty-sync-missed-zero-copy': 0, 'precopy-bytes': 1041269275, 'duplicate': 784516, 'dirty-pages-rate': 0, 'normal-bytes': 1032192000, 'normal': 252000}}
QMP cmd [src10] query-migrate args={}
QMP reply [src10] query-migrate: {'expected-downtime': 300, 'status': 'active', 'setup-time': 1, 'total-time': 7831, 'ram': {'total': 8607571968, 'postcopy-requests': 0, 'dirty-sync-count': 1, 'multifd-bytes': 0, 'pages-per-second': 33000, 'downtime-bytes': 0, 'page-size': 4096, 'remaining': 4334960640, 'postcopy-bytes': 0, 'mbps': 1082.14704, 'transferred': 1068324031, 'dirty-sync-missed-zero-copy': 0, 'precopy-bytes': 1068322949, 'duplicate': 784526, 'dirty-pages-rate': 0, 'normal-bytes': 1059192832, 'normal': 258592}}
QMP cmd [src10] query-migrate args={}
QMP reply [src10] query-migrate: {'expected-downtime': 300, 'status': 'active', 'setup-time': 1, 'total-time': 8032, 'ram': {'total': 8607571968, 'postcopy-requests': 0, 'dirty-sync-count': 1, 'multifd-bytes': 0, 'pages-per-second': 33000, 'downtime-bytes': 0, 'page-size': 4096, 'remaining': 4304678912, 'postcopy-bytes': 0, 'mbps': 1082.14704, 'transferred': 1095384844, 'dirty-sync-missed-zero-copy': 0, 'precopy-bytes': 1095383742, 'duplicate': 785327, 'dirty-pages-rate': 0, 'normal-bytes': 1086193664, 'normal': 265184}}
QMP cmd [src10] query-migrate args={}
QMP reply [src10] query-migrate: {'expected-downtime': 300, 'status': 'active', 'setup-time': 1, 'total-time': 8233, 'ram': {'total': 8607571968, 'postcopy-requests': 0, 'dirty-sync-count': 1, 'multifd-bytes': 0, 'pages-per-second': 32980, 'downtime-bytes': 0, 'page-size': 4096, 'remaining': 4277669888, 'postcopy-bytes': 0, 'mbps': 1082.1456, 'transferred': 1122438466, 'dirty-sync-missed-zero-copy': 0, 'precopy-bytes': 1122437344, 'duplicate': 785329, 'dirty-pages-rate': 0, 'normal-bytes': 1113194496, 'normal': 271776}}
QMP cmd [src10] query-migrate args={}
QMP reply [src10] query-migrate: {'expected-downtime': 300, 'status': 'active', 'setup-time': 1, 'total-time': 8434, 'ram': {'total': 8607571968, 'postcopy-requests': 0, 'dirty-sync-count': 1, 'multifd-bytes': 0, 'pages-per-second': 33000, 'downtime-bytes': 0, 'page-size': 4096, 'remaining': 4250652672, 'postcopy-bytes': 0, 'mbps': 1082.14704, 'transferred': 1149492106, 'dirty-sync-missed-zero-copy': 0, 'precopy-bytes': 1149490964, 'duplicate': 785333, 'dirty-pages-rate': 0, 'normal-bytes': 1140195328, 'normal': 278368}}
QMP cmd [src10] query-migrate args={}
QMP reply [src10] query-migrate: {'expected-downtime': 300, 'status': 'active', 'setup-time': 1, 'total-time': 8634, 'ram': {'total': 8607571968, 'postcopy-requests': 0, 'dirty-sync-count': 1, 'multifd-bytes': 0, 'pages-per-second': 32960, 'downtime-bytes': 0, 'page-size': 4096, 'remaining': 4223627264, 'postcopy-bytes': 0, 'mbps': 1082.1441599999998, 'transferred': 1176545764, 'dirty-sync-missed-zero-copy': 0, 'precopy-bytes': 1176544602, 'duplicate': 785339, 'dirty-pages-rate': 0, 'normal-bytes': 1167196160, 'normal': 284960}}
2026-07-14 20:56:59.180387SSH command: ssh -o BatchMode=yes -o StrictHostKeyChecking=no -o UserKnownHostsFile=/dev/null -o ConnectTimeout=1 -o LogLevel=ERROR -p 2231 -i /home/max/.ssh/pgvm_bench user@127.0.0.1 test -f /tmp/bench.done
Return code: 1
Stdout: 
Stderr: 
QMP cmd [src10] query-migrate args={}
QMP reply [src10] query-migrate: {'expected-downtime': 300, 'status': 'active', 'setup-time': 1, 'total-time': 8835, 'ram': {'total': 8607571968, 'postcopy-requests': 0, 'dirty-sync-count': 1, 'multifd-bytes': 0, 'pages-per-second': 32980, 'downtime-bytes': 0, 'page-size': 4096, 'remaining': 4196413440, 'postcopy-bytes': 0, 'mbps': 1082.1456, 'transferred': 1203599836, 'dirty-sync-missed-zero-copy': 0, 'precopy-bytes': 1203598654, 'duplicate': 785391, 'dirty-pages-rate': 0, 'normal-bytes': 1194196992, 'normal': 291552}}
QMP cmd [src10] query-migrate args={}
QMP reply [src10] query-migrate: {'expected-downtime': 300, 'status': 'active', 'setup-time': 1, 'total-time': 9036, 'ram': {'total': 8607571968, 'postcopy-requests': 0, 'dirty-sync-count': 1, 'multifd-bytes': 0, 'pages-per-second': 33000, 'downtime-bytes': 0, 'page-size': 4096, 'remaining': 4169379840, 'postcopy-bytes': 0, 'mbps': 1082.14704, 'transferred': 1230653512, 'dirty-sync-missed-zero-copy': 0, 'precopy-bytes': 1230652310, 'duplicate': 785399, 'dirty-pages-rate': 0, 'normal-bytes': 1221197824, 'normal': 298144}}
QMP cmd [src10] query-migrate args={}
QMP reply [src10] query-migrate: {'expected-downtime': 300, 'status': 'active', 'setup-time': 1, 'total-time': 9236, 'ram': {'total': 8607571968, 'postcopy-requests': 0, 'dirty-sync-count': 1, 'multifd-bytes': 0, 'pages-per-second': 32960, 'downtime-bytes': 0, 'page-size': 4096, 'remaining': 4142354432, 'postcopy-bytes': 0, 'mbps': 1082.1441599999998, 'transferred': 1257707170, 'dirty-sync-missed-zero-copy': 0, 'precopy-bytes': 1257705948, 'duplicate': 785405, 'dirty-pages-rate': 0, 'normal-bytes': 1248198656, 'normal': 304736}}
QMP cmd [src10] query-migrate args={}
QMP reply [src10] query-migrate: {'expected-downtime': 300, 'status': 'active', 'setup-time': 1, 'total-time': 9437, 'ram': {'total': 8607571968, 'postcopy-requests': 0, 'dirty-sync-count': 1, 'multifd-bytes': 0, 'pages-per-second': 32960, 'downtime-bytes': 0, 'page-size': 4096, 'remaining': 4115345408, 'postcopy-bytes': 0, 'mbps': 1082.1441599999998, 'transferred': 1284760792, 'dirty-sync-missed-zero-copy': 0, 'precopy-bytes': 1284759550, 'duplicate': 785407, 'dirty-pages-rate': 0, 'normal-bytes': 1275199488, 'normal': 311328}}
QMP cmd [src10] query-migrate args={}
QMP reply [src10] query-migrate: {'expected-downtime': 300, 'status': 'active', 'setup-time': 1, 'total-time': 9638, 'ram': {'total': 8607571968, 'postcopy-requests': 0, 'dirty-sync-count': 1, 'multifd-bytes': 0, 'pages-per-second': 32960, 'downtime-bytes': 0, 'page-size': 4096, 'remaining': 4088344576, 'postcopy-bytes': 0, 'mbps': 1082.1441599999998, 'transferred': 1311814396, 'dirty-sync-missed-zero-copy': 0, 'precopy-bytes': 1311813134, 'duplicate': 785407, 'dirty-pages-rate': 0, 'normal-bytes': 1302200320, 'normal': 317920}}
QMP cmd [src10] query-migrate args={}
QMP reply [src10] query-migrate: {'expected-downtime': 300, 'status': 'active', 'setup-time': 1, 'total-time': 9839, 'ram': {'total': 8607571968, 'postcopy-requests': 0, 'dirty-sync-count': 1, 'multifd-bytes': 0, 'pages-per-second': 32980, 'downtime-bytes': 0, 'page-size': 4096, 'remaining': 4061335552, 'postcopy-bytes': 0, 'mbps': 1082.1456, 'transferred': 1338868018, 'dirty-sync-missed-zero-copy': 0, 'precopy-bytes': 1338866736, 'duplicate': 785409, 'dirty-pages-rate': 0, 'normal-bytes': 1329201152, 'normal': 324512}}
QMP cmd [src10] query-migrate args={}
QMP reply [src10] query-migrate: {'expected-downtime': 300, 'status': 'active', 'setup-time': 1, 'total-time': 10040, 'ram': {'total': 8607571968, 'postcopy-requests': 0, 'dirty-sync-count': 1, 'multifd-bytes': 0, 'pages-per-second': 33420, 'downtime-bytes': 0, 'page-size': 4096, 'remaining': 4034138112, 'postcopy-bytes': 0, 'mbps': 1082.17728, 'transferred': 1365922054, 'dirty-sync-missed-zero-copy': 0, 'precopy-bytes': 1365920752, 'duplicate': 785457, 'dirty-pages-rate': 0, 'normal-bytes': 1356201984, 'normal': 331104}}
QMP cmd [src10] query-migrate args={}
QMP reply [src10] query-migrate: {'expected-downtime': 300, 'status': 'active', 'setup-time': 1, 'total-time': 10240, 'ram': {'total': 8607571968, 'postcopy-requests': 0, 'dirty-sync-count': 1, 'multifd-bytes': 0, 'pages-per-second': 32980, 'downtime-bytes': 0, 'page-size': 4096, 'remaining': 4007120896, 'postcopy-bytes': 0, 'mbps': 1082.1456, 'transferred': 1392975694, 'dirty-sync-missed-zero-copy': 0, 'precopy-bytes': 1392974372, 'duplicate': 785461, 'dirty-pages-rate': 0, 'normal-bytes': 1383202816, 'normal': 337696}}
QMP cmd [src10] query-migrate args={}
QMP reply [src10] query-migrate: {'expected-downtime': 300, 'status': 'active', 'setup-time': 1, 'total-time': 10441, 'ram': {'total': 8607571968, 'postcopy-requests': 0, 'dirty-sync-count': 1, 'multifd-bytes': 0, 'pages-per-second': 32980, 'downtime-bytes': 0, 'page-size': 4096, 'remaining': 3980095488, 'postcopy-bytes': 0, 'mbps': 1082.1456, 'transferred': 1420029352, 'dirty-sync-missed-zero-copy': 0, 'precopy-bytes': 1420028010, 'duplicate': 785467, 'dirty-pages-rate': 0, 'normal-bytes': 1410203648, 'normal': 344288}}
QMP cmd [src10] query-migrate args={}
QMP reply [src10] query-migrate: {'expected-downtime': 300, 'status': 'active', 'setup-time': 1, 'total-time': 10642, 'ram': {'total': 8607571968, 'postcopy-requests': 0, 'dirty-sync-count': 1, 'multifd-bytes': 0, 'pages-per-second': 32980, 'downtime-bytes': 0, 'page-size': 4096, 'remaining': 3953078272, 'postcopy-bytes': 0, 'mbps': 1082.1456, 'transferred': 1447082992, 'dirty-sync-missed-zero-copy': 0, 'precopy-bytes': 1447081630, 'duplicate': 785471, 'dirty-pages-rate': 0, 'normal-bytes': 1437204480, 'normal': 350880}}
QMP cmd [src10] query-migrate args={}
QMP reply [src10] query-migrate: {'expected-downtime': 300, 'status': 'active', 'setup-time': 1, 'total-time': 10843, 'ram': {'total': 8607571968, 'postcopy-requests': 0, 'dirty-sync-count': 1, 'multifd-bytes': 0, 'pages-per-second': 32980, 'downtime-bytes': 0, 'page-size': 4096, 'remaining': 3926061056, 'postcopy-bytes': 0, 'mbps': 1082.1456, 'transferred': 1474136632, 'dirty-sync-missed-zero-copy': 0, 'precopy-bytes': 1474135250, 'duplicate': 785475, 'dirty-pages-rate': 0, 'normal-bytes': 1464205312, 'normal': 357472}}
2026-07-14 20:57:01.368569SSH command: ssh -o BatchMode=yes -o StrictHostKeyChecking=no -o UserKnownHostsFile=/dev/null -o ConnectTimeout=1 -o LogLevel=ERROR -p 2231 -i /home/max/.ssh/pgvm_bench user@127.0.0.1 test -f /tmp/bench.done
Return code: 1
Stdout: 
Stderr: 
QMP cmd [src10] query-migrate args={}
QMP reply [src10] query-migrate: {'expected-downtime': 300, 'status': 'active', 'setup-time': 1, 'total-time': 11044, 'ram': {'total': 8607571968, 'postcopy-requests': 0, 'dirty-sync-count': 1, 'multifd-bytes': 0, 'pages-per-second': 32980, 'downtime-bytes': 0, 'page-size': 4096, 'remaining': 3899027456, 'postcopy-bytes': 0, 'mbps': 1082.1456, 'transferred': 1501190308, 'dirty-sync-missed-zero-copy': 0, 'precopy-bytes': 1501188906, 'duplicate': 785483, 'dirty-pages-rate': 0, 'normal-bytes': 1491206144, 'normal': 364064}}
QMP cmd [src10] query-migrate args={}
QMP reply [src10] query-migrate: {'expected-downtime': 300, 'status': 'active', 'setup-time': 1, 'total-time': 11245, 'ram': {'total': 8607571968, 'postcopy-requests': 0, 'dirty-sync-count': 1, 'multifd-bytes': 0, 'pages-per-second': 32980, 'downtime-bytes': 0, 'page-size': 4096, 'remaining': 3871985664, 'postcopy-bytes': 0, 'mbps': 1082.1456, 'transferred': 1528244002, 'dirty-sync-missed-zero-copy': 0, 'precopy-bytes': 1528242580, 'duplicate': 785493, 'dirty-pages-rate': 0, 'normal-bytes': 1518206976, 'normal': 370656}}
QMP cmd [src10] query-migrate args={}
QMP reply [src10] query-migrate: {'expected-downtime': 300, 'status': 'active', 'setup-time': 1, 'total-time': 11446, 'ram': {'total': 8607571968, 'postcopy-requests': 0, 'dirty-sync-count': 1, 'multifd-bytes': 0, 'pages-per-second': 32980, 'downtime-bytes': 0, 'page-size': 4096, 'remaining': 3844960256, 'postcopy-bytes': 0, 'mbps': 1082.1456, 'transferred': 1555297660, 'dirty-sync-missed-zero-copy': 0, 'precopy-bytes': 1555296218, 'duplicate': 785499, 'dirty-pages-rate': 0, 'normal-bytes': 1545207808, 'normal': 377248}}
QMP cmd [src10] query-migrate args={}
QMP reply [src10] query-migrate: {'expected-downtime': 300, 'status': 'active', 'setup-time': 1, 'total-time': 11647, 'ram': {'total': 8607571968, 'postcopy-requests': 0, 'dirty-sync-count': 1, 'multifd-bytes': 0, 'pages-per-second': 32980, 'downtime-bytes': 0, 'page-size': 4096, 'remaining': 3817926656, 'postcopy-bytes': 0, 'mbps': 1082.1456, 'transferred': 1582351336, 'dirty-sync-missed-zero-copy': 0, 'precopy-bytes': 1582349874, 'duplicate': 785507, 'dirty-pages-rate': 0, 'normal-bytes': 1572208640, 'normal': 383840}}
QMP cmd [src10] query-migrate args={}
QMP reply [src10] query-migrate: {'expected-downtime': 300, 'status': 'active', 'setup-time': 1, 'total-time': 11847, 'ram': {'total': 8607571968, 'postcopy-requests': 0, 'dirty-sync-count': 1, 'multifd-bytes': 0, 'pages-per-second': 33080, 'downtime-bytes': 0, 'page-size': 4096, 'remaining': 3790852096, 'postcopy-bytes': 0, 'mbps': 1082.1528, 'transferred': 1609405102, 'dirty-sync-missed-zero-copy': 0, 'precopy-bytes': 1609403620, 'duplicate': 785525, 'dirty-pages-rate': 0, 'normal-bytes': 1599209472, 'normal': 390432}}
QMP cmd [src10] query-migrate args={}
QMP reply [src10] query-migrate: {'expected-downtime': 300, 'status': 'active', 'setup-time': 1, 'total-time': 12048, 'ram': {'total': 8607571968, 'postcopy-requests': 0, 'dirty-sync-count': 1, 'multifd-bytes': 0, 'pages-per-second': 33080, 'downtime-bytes': 0, 'page-size': 4096, 'remaining': 3763744768, 'postcopy-bytes': 0, 'mbps': 1082.1528, 'transferred': 1636458940, 'dirty-sync-missed-zero-copy': 0, 'precopy-bytes': 1636457438, 'duplicate': 785551, 'dirty-pages-rate': 0, 'normal-bytes': 1626210304, 'normal': 397024}}
QMP cmd [src10] query-migrate args={}
QMP reply [src10] query-migrate: {'expected-downtime': 300, 'status': 'active', 'setup-time': 1, 'total-time': 12249, 'ram': {'total': 8607571968, 'postcopy-requests': 0, 'dirty-sync-count': 1, 'multifd-bytes': 0, 'pages-per-second': 33180, 'downtime-bytes': 0, 'page-size': 4096, 'remaining': 3736465408, 'postcopy-bytes': 0, 'mbps': 1082.16, 'transferred': 1663513156, 'dirty-sync-missed-zero-copy': 0, 'precopy-bytes': 1663511634, 'duplicate': 785619, 'dirty-pages-rate': 0, 'normal-bytes': 1653211136, 'normal': 403616}}
QMP cmd [src10] query-migrate args={}
QMP reply [src10] query-migrate: {'expected-downtime': 300, 'status': 'active', 'setup-time': 1, 'total-time': 12450, 'ram': {'total': 8607571968, 'postcopy-requests': 0, 'dirty-sync-count': 1, 'multifd-bytes': 0, 'pages-per-second': 33720, 'downtime-bytes': 0, 'page-size': 4096, 'remaining': 3708133376, 'postcopy-bytes': 0, 'mbps': 1082.19888, 'transferred': 1690569685, 'dirty-sync-missed-zero-copy': 0, 'precopy-bytes': 1690568143, 'duplicate': 785944, 'dirty-pages-rate': 0, 'normal-bytes': 1680211968, 'normal': 410208}}
QMP cmd [src10] query-migrate args={}
QMP reply [src10] query-migrate: {'expected-downtime': 300, 'status': 'active', 'setup-time': 1, 'total-time': 12651, 'ram': {'total': 8607571968, 'postcopy-requests': 0, 'dirty-sync-count': 1, 'multifd-bytes': 0, 'pages-per-second': 36260, 'downtime-bytes': 0, 'page-size': 4096, 'remaining': 3678666752, 'postcopy-bytes': 0, 'mbps': 1082.38176, 'transferred': 1717628707, 'dirty-sync-missed-zero-copy': 0, 'precopy-bytes': 1717627145, 'duplicate': 786546, 'dirty-pages-rate': 0, 'normal-bytes': 1707212800, 'normal': 416800}}
QMP cmd [src10] query-migrate args={}
QMP reply [src10] query-migrate: {'expected-downtime': 300, 'status': 'active', 'setup-time': 1, 'total-time': 12851, 'ram': {'total': 8607571968, 'postcopy-requests': 0, 'dirty-sync-count': 1, 'multifd-bytes': 0, 'pages-per-second': 38220, 'downtime-bytes': 0, 'page-size': 4096, 'remaining': 3647610880, 'postcopy-bytes': 0, 'mbps': 1082.52288, 'transferred': 1744691221, 'dirty-sync-missed-zero-copy': 0, 'precopy-bytes': 1744689639, 'duplicate': 787536, 'dirty-pages-rate': 0, 'normal-bytes': 1734213632, 'normal': 423392}}
QMP cmd [src10] query-migrate args={}
QMP reply [src10] query-migrate: {'expected-downtime': 300, 'status': 'active', 'setup-time': 1, 'total-time': 13053, 'ram': {'total': 8607571968, 'postcopy-requests': 0, 'dirty-sync-count': 1, 'multifd-bytes': 0, 'pages-per-second': 37120, 'downtime-bytes': 0, 'page-size': 4096, 'remaining': 3617579008, 'postcopy-bytes': 0, 'mbps': 1082.4436799999999, 'transferred': 1771751485, 'dirty-sync-missed-zero-copy': 0, 'precopy-bytes': 1771749883, 'duplicate': 788276, 'dirty-pages-rate': 0, 'normal-bytes': 1761214464, 'normal': 429984}}
2026-07-14 20:57:03.534782SSH command: ssh -o BatchMode=yes -o StrictHostKeyChecking=no -o UserKnownHostsFile=/dev/null -o ConnectTimeout=1 -o LogLevel=ERROR -p 2231 -i /home/max/.ssh/pgvm_bench user@127.0.0.1 test -f /tmp/bench.done
Return code: 1
Stdout: 
Stderr: 
QMP cmd [src10] query-migrate args={}
QMP reply [src10] query-migrate: {'expected-downtime': 300, 'status': 'active', 'setup-time': 1, 'total-time': 13254, 'ram': {'total': 8607571968, 'postcopy-requests': 0, 'dirty-sync-count': 1, 'multifd-bytes': 0, 'pages-per-second': 37020, 'downtime-bytes': 0, 'page-size': 4096, 'remaining': 3587280896, 'postcopy-bytes': 0, 'mbps': 1082.43648, 'transferred': 1798812334, 'dirty-sync-missed-zero-copy': 0, 'precopy-bytes': 1798810712, 'duplicate': 789081, 'dirty-pages-rate': 0, 'normal-bytes': 1788215296, 'normal': 436576}}
QMP cmd [src10] query-migrate args={}
QMP reply [src10] query-migrate: {'expected-downtime': 300, 'status': 'active', 'setup-time': 1, 'total-time': 13455, 'ram': {'total': 8607571968, 'postcopy-requests': 0, 'dirty-sync-count': 1, 'multifd-bytes': 0, 'pages-per-second': 37240, 'downtime-bytes': 0, 'page-size': 4096, 'remaining': 3552342016, 'postcopy-bytes': 0, 'mbps': 1082.45232, 'transferred': 1825883380, 'dirty-sync-missed-zero-copy': 0, 'precopy-bytes': 1825881738, 'duplicate': 791019, 'dirty-pages-rate': 0, 'normal-bytes': 1815216128, 'normal': 443168}}
QMP cmd [src10] query-migrate args={}
QMP reply [src10] query-migrate: {'expected-downtime': 300, 'status': 'active', 'setup-time': 1, 'total-time': 13656, 'ram': {'total': 8607571968, 'postcopy-requests': 0, 'dirty-sync-count': 1, 'multifd-bytes': 0, 'pages-per-second': 8255280, 'downtime-bytes': 0, 'page-size': 4096, 'remaining': 156295168, 'postcopy-bytes': 0, 'mbps': 1073.9894399999998, 'transferred': 1852837651, 'dirty-sync-missed-zero-copy': 0, 'precopy-bytes': 1852835979, 'duplicate': 1615372, 'dirty-pages-rate': 0, 'normal-bytes': 1834713088, 'normal': 447928}}
QMP cmd [src10] query-migrate args={}
QMP reply [src10] query-migrate: {'expected-downtime': 300, 'status': 'active', 'setup-time': 1, 'total-time': 13857, 'ram': {'total': 8607571968, 'postcopy-requests': 0, 'dirty-sync-count': 1, 'multifd-bytes': 0, 'pages-per-second': 34110, 'downtime-bytes': 0, 'page-size': 4096, 'remaining': 128823296, 'postcopy-bytes': 0, 'mbps': 1082.22696, 'transferred': 1879892290, 'dirty-sync-missed-zero-copy': 0, 'precopy-bytes': 1879890598, 'duplicate': 1615487, 'dirty-pages-rate': 0, 'normal-bytes': 1861713920, 'normal': 454520}}
QMP cmd [src10] query-migrate args={}
QMP reply [src10] query-migrate: {'expected-downtime': 300, 'status': 'active', 'setup-time': 1, 'total-time': 14058, 'ram': {'total': 8607571968, 'postcopy-requests': 0, 'dirty-sync-count': 1, 'multifd-bytes': 0, 'pages-per-second': 32960, 'downtime-bytes': 0, 'page-size': 4096, 'remaining': 101822464, 'postcopy-bytes': 0, 'mbps': 1082.1441599999998, 'transferred': 1906945894, 'dirty-sync-missed-zero-copy': 0, 'precopy-bytes': 1906944182, 'duplicate': 1615487, 'dirty-pages-rate': 0, 'normal-bytes': 1888714752, 'normal': 461112}}
QMP cmd [src10] query-migrate args={}
QMP reply [src10] query-migrate: {'expected-downtime': 300, 'status': 'active', 'setup-time': 1, 'total-time': 14259, 'ram': {'total': 8607571968, 'postcopy-requests': 0, 'dirty-sync-count': 1, 'multifd-bytes': 0, 'pages-per-second': 32960, 'downtime-bytes': 0, 'page-size': 4096, 'remaining': 74821632, 'postcopy-bytes': 0, 'mbps': 1082.1441599999998, 'transferred': 1933999498, 'dirty-sync-missed-zero-copy': 0, 'precopy-bytes': 1933997766, 'duplicate': 1615487, 'dirty-pages-rate': 0, 'normal-bytes': 1915715584, 'normal': 467704}}
QMP cmd [src10] query-migrate args={}
QMP reply [src10] query-migrate: {'expected-downtime': 300, 'status': 'active', 'setup-time': 1, 'total-time': 14459, 'ram': {'total': 8607571968, 'postcopy-requests': 0, 'dirty-sync-count': 1, 'multifd-bytes': 0, 'pages-per-second': 32960, 'downtime-bytes': 0, 'page-size': 4096, 'remaining': 47820800, 'postcopy-bytes': 0, 'mbps': 1082.1441599999998, 'transferred': 1961053102, 'dirty-sync-missed-zero-copy': 0, 'precopy-bytes': 1961051350, 'duplicate': 1615487, 'dirty-pages-rate': 0, 'normal-bytes': 1942716416, 'normal': 474296}}
QMP cmd [src10] query-migrate args={}
QMP reply [src10] query-migrate: {'expected-downtime': 300, 'status': 'active', 'setup-time': 1, 'total-time': 14661, 'ram': {'total': 8607571968, 'postcopy-requests': 0, 'dirty-sync-count': 2, 'multifd-bytes': 0, 'pages-per-second': 32960, 'downtime-bytes': 0, 'page-size': 4096, 'remaining': 299077632, 'postcopy-bytes': 0, 'mbps': 1082.1441599999998, 'transferred': 1988106706, 'dirty-sync-missed-zero-copy': 0, 'precopy-bytes': 1988104934, 'duplicate': 1615487, 'dirty-pages-rate': 4651, 'normal-bytes': 1969717248, 'normal': 480888}}
QMP cmd [src10] query-migrate args={}
QMP reply [src10] query-migrate: {'expected-downtime': 2309, 'status': 'active', 'setup-time': 1, 'total-time': 14861, 'ram': {'total': 8607571968, 'postcopy-requests': 0, 'dirty-sync-count': 2, 'multifd-bytes': 0, 'pages-per-second': 79740, 'downtime-bytes': 0, 'page-size': 4096, 'remaining': 252137472, 'postcopy-bytes': 0, 'mbps': 1082.57592, 'transferred': 2015167417, 'dirty-sync-missed-zero-copy': 0, 'precopy-bytes': 2015165625, 'duplicate': 1620364, 'dirty-pages-rate': 4651, 'normal-bytes': 1996681216, 'normal': 487471}}
QMP cmd [src10] query-migrate args={}
QMP reply [src10] query-migrate: {'expected-downtime': 2309, 'status': 'active', 'setup-time': 1, 'total-time': 15062, 'ram': {'total': 8607571968, 'postcopy-requests': 0, 'dirty-sync-count': 2, 'multifd-bytes': 0, 'pages-per-second': 39120, 'downtime-bytes': 0, 'page-size': 4096, 'remaining': 221360128, 'postcopy-bytes': 0, 'mbps': 1082.5876799999999, 'transferred': 2042229319, 'dirty-sync-missed-zero-copy': 0, 'precopy-bytes': 2042227507, 'duplicate': 1621286, 'dirty-pages-rate': 4651, 'normal-bytes': 2023682048, 'normal': 494063}}
QMP cmd [src10] query-migrate args={}
QMP reply [src10] query-migrate: {'expected-downtime': 2310, 'status': 'active', 'setup-time': 1, 'total-time': 15263, 'ram': {'total': 8607571968, 'postcopy-requests': 0, 'dirty-sync-count': 2, 'multifd-bytes': 0, 'pages-per-second': 33870, 'downtime-bytes': 0, 'page-size': 4096, 'remaining': 193740800, 'postcopy-bytes': 0, 'mbps': 1082.20968, 'transferred': 2069284282, 'dirty-sync-missed-zero-copy': 0, 'precopy-bytes': 2069282450, 'duplicate': 1621437, 'dirty-pages-rate': 4651, 'normal-bytes': 2050682880, 'normal': 500655}}
2026-07-14 20:57:05.698763SSH command: ssh -o BatchMode=yes -o StrictHostKeyChecking=no -o UserKnownHostsFile=/dev/null -o ConnectTimeout=1 -o LogLevel=ERROR -p 2231 -i /home/max/.ssh/pgvm_bench user@127.0.0.1 test -f /tmp/bench.done
Return code: 1
Stdout: 
Stderr: 
QMP cmd [src10] query-migrate args={}
QMP reply [src10] query-migrate: {'expected-downtime': 2310, 'status': 'active', 'setup-time': 1, 'total-time': 15464, 'ram': {'total': 8607571968, 'postcopy-requests': 0, 'dirty-sync-count': 2, 'multifd-bytes': 0, 'pages-per-second': 33120, 'downtime-bytes': 0, 'page-size': 4096, 'remaining': 166674432, 'postcopy-bytes': 0, 'mbps': 1082.1556799999998, 'transferred': 2096338030, 'dirty-sync-missed-zero-copy': 0, 'precopy-bytes': 2096336178, 'duplicate': 1621453, 'dirty-pages-rate': 4651, 'normal-bytes': 2077683712, 'normal': 507247}}
QMP cmd [src10] query-migrate args={}
QMP reply [src10] query-migrate: {'expected-downtime': 2310, 'status': 'active', 'setup-time': 1, 'total-time': 15665, 'ram': {'total': 8607571968, 'postcopy-requests': 0, 'dirty-sync-count': 2, 'multifd-bytes': 0, 'pages-per-second': 32960, 'downtime-bytes': 0, 'page-size': 4096, 'remaining': 139390976, 'postcopy-bytes': 0, 'mbps': 1082.1441599999998, 'transferred': 2123392255, 'dirty-sync-missed-zero-copy': 0, 'precopy-bytes': 2123390383, 'duplicate': 1621522, 'dirty-pages-rate': 4651, 'normal-bytes': 2104684544, 'normal': 513839}}
QMP cmd [src10] query-migrate args={}
QMP reply [src10] query-migrate: {'expected-downtime': 2310, 'status': 'active', 'setup-time': 1, 'total-time': 15866, 'ram': {'total': 8607571968, 'postcopy-requests': 0, 'dirty-sync-count': 2, 'multifd-bytes': 0, 'pages-per-second': 32960, 'downtime-bytes': 0, 'page-size': 4096, 'remaining': 111988736, 'postcopy-bytes': 0, 'mbps': 1082.1441599999998, 'transferred': 2150446741, 'dirty-sync-missed-zero-copy': 0, 'precopy-bytes': 2150444849, 'duplicate': 1621620, 'dirty-pages-rate': 4651, 'normal-bytes': 2131685376, 'normal': 520431}}
QMP cmd [src10] query-migrate args={}
QMP reply [src10] query-migrate: {'expected-downtime': 2310, 'status': 'active', 'setup-time': 1, 'total-time': 16067, 'ram': {'total': 8607571968, 'postcopy-requests': 0, 'dirty-sync-count': 2, 'multifd-bytes': 0, 'pages-per-second': 32970, 'downtime-bytes': 0, 'page-size': 4096, 'remaining': 84983808, 'postcopy-bytes': 0, 'mbps': 1082.1448799999998, 'transferred': 2177500354, 'dirty-sync-missed-zero-copy': 0, 'precopy-bytes': 2177498442, 'duplicate': 1621621, 'dirty-pages-rate': 4651, 'normal-bytes': 2158686208, 'normal': 527023}}
QMP cmd [src10] query-migrate args={}
QMP reply [src10] query-migrate: {'expected-downtime': 2310, 'status': 'active', 'setup-time': 1, 'total-time': 16268, 'ram': {'total': 8607571968, 'postcopy-requests': 0, 'dirty-sync-count': 2, 'multifd-bytes': 0, 'pages-per-second': 32960, 'downtime-bytes': 0, 'page-size': 4096, 'remaining': 57962496, 'postcopy-bytes': 0, 'mbps': 1082.1441599999998, 'transferred': 2204554003, 'dirty-sync-missed-zero-copy': 0, 'precopy-bytes': 2204552071, 'duplicate': 1621626, 'dirty-pages-rate': 4651, 'normal-bytes': 2185687040, 'normal': 533615}}
QMP cmd [src10] query-migrate args={}
QMP reply [src10] query-migrate: {'expected-downtime': 2310, 'status': 'active', 'setup-time': 1, 'total-time': 16468, 'ram': {'total': 8607571968, 'postcopy-requests': 0, 'dirty-sync-count': 2, 'multifd-bytes': 0, 'pages-per-second': 33050, 'downtime-bytes': 0, 'page-size': 4096, 'remaining': 30875648, 'postcopy-bytes': 0, 'mbps': 1082.1506399999998, 'transferred': 2231607796, 'dirty-sync-missed-zero-copy': 0, 'precopy-bytes': 2231605844, 'duplicate': 1621647, 'dirty-pages-rate': 4651, 'normal-bytes': 2212687872, 'normal': 540207}}
QMP cmd [src10] query-migrate args={}
QMP reply [src10] query-migrate: {'expected-downtime': 781, 'status': 'active', 'setup-time': 1, 'total-time': 16670, 'ram': {'total': 8607571968, 'postcopy-requests': 0, 'dirty-sync-count': 3, 'multifd-bytes': 0, 'pages-per-second': 36930, 'downtime-bytes': 0, 'page-size': 4096, 'remaining': 75534336, 'postcopy-bytes': 0, 'mbps': 1082.43, 'transferred': 2258668564, 'dirty-sync-missed-zero-copy': 0, 'precopy-bytes': 2258666592, 'duplicate': 1622443, 'dirty-pages-rate': 9626, 'normal-bytes': 2239688704, 'normal': 546799}}
QMP cmd [src10] query-migrate args={}
QMP reply [src10] query-migrate: {'expected-downtime': 782, 'status': 'active', 'setup-time': 1, 'total-time': 16871, 'ram': {'total': 8607571968, 'postcopy-requests': 0, 'dirty-sync-count': 3, 'multifd-bytes': 0, 'pages-per-second': 33850, 'downtime-bytes': 0, 'page-size': 4096, 'remaining': 47427584, 'postcopy-bytes': 0, 'mbps': 1082.20824, 'transferred': 2285724627, 'dirty-sync-missed-zero-copy': 0, 'precopy-bytes': 2285722635, 'duplicate': 1622713, 'dirty-pages-rate': 9626, 'normal-bytes': 2266689536, 'normal': 553391}}
QMP cmd [src10] query-migrate args={}
QMP reply [src10] query-migrate: {'expected-downtime': 781, 'status': 'active', 'setup-time': 1, 'total-time': 17073, 'ram': {'total': 8607571968, 'postcopy-requests': 0, 'dirty-sync-count': 4, 'multifd-bytes': 0, 'pages-per-second': 36340, 'downtime-bytes': 0, 'page-size': 4096, 'remaining': 50892800, 'postcopy-bytes': 0, 'mbps': 1082.38752, 'transferred': 2312781948, 'dirty-sync-missed-zero-copy': 0, 'precopy-bytes': 2312779936, 'duplicate': 1623126, 'dirty-pages-rate': 9626, 'normal-bytes': 2293690368, 'normal': 559983}}
QMP cmd [src10] query-migrate args={}
QMP reply [src10] query-migrate: {'expected-downtime': 478, 'status': 'active', 'setup-time': 1, 'total-time': 17274, 'ram': {'total': 8607571968, 'postcopy-requests': 0, 'dirty-sync-count': 5, 'multifd-bytes': 0, 'pages-per-second': 32970, 'downtime-bytes': 0, 'page-size': 4096, 'remaining': 30588928, 'postcopy-bytes': 0, 'mbps': 1082.1448799999998, 'transferred': 2339835597, 'dirty-sync-missed-zero-copy': 0, 'precopy-bytes': 2339833565, 'duplicate': 1623131, 'dirty-pages-rate': 9626, 'normal-bytes': 2320691200, 'normal': 566575}}
QMP cmd [src10] query-migrate args={}
QMP reply [src10] query-migrate: {'status': 'completed', 'setup-time': 1, 'downtime': 12, 'total-time': 17317, 'ram': {'total': 8607571968, 'postcopy-requests': 0, 'dirty-sync-count': 7, 'multifd-bytes': 0, 'pages-per-second': 33000, 'downtime-bytes': 31046303, 'page-size': 4096, 'remaining': 0, 'postcopy-bytes': 0, 'mbps': 1095.5422005082005, 'transferred': 2371301093, 'dirty-sync-missed-zero-copy': 0, 'precopy-bytes': 2339833565, 'duplicate': 1623533, 'dirty-pages-rate': 0, 'normal-bytes': 2351673344, 'normal': 574139}}
2026-07-14 20:57:08.703870SSH command: ssh -o BatchMode=yes -o StrictHostKeyChecking=no -o UserKnownHostsFile=/dev/null -o ConnectTimeout=1 -o LogLevel=ERROR -p 2231 -i /home/max/.ssh/pgvm_bench user@127.0.0.1 test -f /tmp/bench.done
Return code: 255
Stdout: 
Stderr: Connection timed out during banner exchange

qemu-system-x86_64: terminating on signal 15 from pid 15322 (/home/max/Bachelor-Thesis/Repo/.venv/bin/python)
