2026-07-14 20:30:40.823298SSH command: ssh -o BatchMode=yes -o StrictHostKeyChecking=no -o UserKnownHostsFile=/dev/null -o ConnectTimeout=1 -o LogLevel=ERROR -p 2227 -i /home/max/.ssh/pgvm_bench user@127.0.0.1 systemd-analyze
Return code: 0
Stdout: Startup finished in 792ms (kernel) + 2.221s (userspace) = 3.013s 
graphical.target reached after 2.221s in userspace.

Stderr: 
2026-07-14 20:30:40.965589SSH command: ssh -o BatchMode=yes -o StrictHostKeyChecking=no -o UserKnownHostsFile=/dev/null -o ConnectTimeout=1 -o LogLevel=ERROR -p 2227 -i /home/max/.ssh/pgvm_bench user@127.0.0.1 rm -f /tmp/bench.done /tmp/pg-buffer-hit-ratio.csv /tmp/pg-buffer-sampler.log; nohup bash /home/user/pg_sampler.sh /tmp/bench.done /tmp/pg-buffer-hit-ratio.csv ycsb >/tmp/pg-buffer-sampler.log 2>&1 &
Return code: 0
Stdout: 
Stderr: 
QMP cmd [src6] migrate-set-capabilities args={'capabilities': [{'capability': 'auto-converge', 'state': False}, {'capability': 'events', 'state': True}, {'capability': 'postcopy-blocktime', 'state': False}, {'capability': 'postcopy-ram', 'state': False}]}
QMP cmd [src6] query-migrate args={}
QMP reply [src6] migrate-set-capabilities: {}
QMP cmd [src6] migrate args={'uri': 'unix:/tmp/mig.sock'}
QMP reply [src6] query-migrate: {}
QMP reply [src6] migrate: {}
2026-07-14 20:33:11.382160SSH command: ssh -o BatchMode=yes -o StrictHostKeyChecking=no -o UserKnownHostsFile=/dev/null -o ConnectTimeout=1 -o LogLevel=ERROR -p 2227 -i /home/max/.ssh/pgvm_bench user@127.0.0.1 test -f /tmp/bench.done
Return code: 1
Stdout: 
Stderr: 
QMP cmd [src6] query-migrate args={}
QMP reply [src6] query-migrate: {'expected-downtime': 300, 'status': 'active', 'setup-time': 1, 'total-time': 201, 'ram': {'total': 8607571968, 'postcopy-requests': 0, 'dirty-sync-count': 1, 'multifd-bytes': 0, 'pages-per-second': 35530, 'downtime-bytes': 0, 'page-size': 4096, 'remaining': 8575905792, 'postcopy-bytes': 0, 'mbps': 1082.3292, 'transferred': 28767386, 'dirty-sync-missed-zero-copy': 0, 'precopy-bytes': 28894306, 'duplicate': 691, 'dirty-pages-rate': 0, 'normal-bytes': 28831744, 'normal': 7039}}
QMP cmd [src6] query-migrate args={}
QMP reply [src6] query-migrate: {'expected-downtime': 300, 'status': 'active', 'setup-time': 1, 'total-time': 402, 'ram': {'total': 8607571968, 'postcopy-requests': 0, 'dirty-sync-count': 1, 'multifd-bytes': 0, 'pages-per-second': 2045870, 'downtime-bytes': 0, 'page-size': 4096, 'remaining': 7681601536, 'postcopy-bytes': 0, 'mbps': 1074.08448, 'transferred': 61080491, 'dirty-sync-missed-zero-copy': 0, 'precopy-bytes': 61207391, 'duplicate': 211616, 'dirty-pages-rate': 0, 'normal-bytes': 59187200, 'normal': 14450}}
QMP cmd [src6] query-migrate args={}
QMP reply [src6] query-migrate: {'expected-downtime': 300, 'status': 'active', 'setup-time': 1, 'total-time': 603, 'ram': {'total': 8607571968, 'postcopy-requests': 0, 'dirty-sync-count': 1, 'multifd-bytes': 0, 'pages-per-second': 199050, 'downtime-bytes': 0, 'page-size': 4096, 'remaining': 5346754560, 'postcopy-bytes': 0, 'mbps': 1076.4122399999999, 'transferred': 92455589, 'dirty-sync-missed-zero-copy': 0, 'precopy-bytes': 92582541, 'duplicate': 775238, 'dirty-pages-rate': 0, 'normal-bytes': 85438464, 'normal': 20859}}
QMP cmd [src6] query-migrate args={}
QMP reply [src6] query-migrate: {'expected-downtime': 300, 'status': 'active', 'setup-time': 1, 'total-time': 803, 'ram': {'total': 8607571968, 'postcopy-requests': 0, 'dirty-sync-count': 1, 'multifd-bytes': 0, 'pages-per-second': 50630, 'downtime-bytes': 0, 'page-size': 4096, 'remaining': 5306818560, 'postcopy-bytes': 0, 'mbps': 1083.4163999999998, 'transferred': 121372543, 'dirty-sync-missed-zero-copy': 0, 'precopy-bytes': 121372171, 'duplicate': 777980, 'dirty-pages-rate': 0, 'normal-bytes': 114147328, 'normal': 27868}}
QMP cmd [src6] query-migrate args={}
QMP reply [src6] query-migrate: {'expected-downtime': 300, 'status': 'active', 'setup-time': 1, 'total-time': 1004, 'ram': {'total': 8607571968, 'postcopy-requests': 0, 'dirty-sync-count': 1, 'multifd-bytes': 0, 'pages-per-second': 51790, 'downtime-bytes': 0, 'page-size': 4096, 'remaining': 5267599360, 'postcopy-bytes': 0, 'mbps': 1083.49992, 'transferred': 148452994, 'dirty-sync-missed-zero-copy': 0, 'precopy-bytes': 148452602, 'duplicate': 780963, 'dirty-pages-rate': 0, 'normal-bytes': 141148160, 'normal': 34460}}
QMP cmd [src6] query-migrate args={}
QMP reply [src6] query-migrate: {'expected-downtime': 300, 'status': 'active', 'setup-time': 1, 'total-time': 1205, 'ram': {'total': 8607571968, 'postcopy-requests': 0, 'dirty-sync-count': 1, 'multifd-bytes': 0, 'pages-per-second': 33090, 'downtime-bytes': 0, 'page-size': 4096, 'remaining': 5240434688, 'postcopy-bytes': 0, 'mbps': 1082.15352, 'transferred': 175506958, 'dirty-sync-missed-zero-copy': 0, 'precopy-bytes': 175506546, 'duplicate': 781003, 'dirty-pages-rate': 0, 'normal-bytes': 168148992, 'normal': 41052}}
QMP cmd [src6] query-migrate args={}
QMP reply [src6] query-migrate: {'expected-downtime': 300, 'status': 'active', 'setup-time': 1, 'total-time': 1405, 'ram': {'total': 8607571968, 'postcopy-requests': 0, 'dirty-sync-count': 1, 'multifd-bytes': 0, 'pages-per-second': 34650, 'downtime-bytes': 0, 'page-size': 4096, 'remaining': 5211836416, 'postcopy-bytes': 0, 'mbps': 1082.26584, 'transferred': 202564072, 'dirty-sync-missed-zero-copy': 0, 'precopy-bytes': 202563640, 'duplicate': 781393, 'dirty-pages-rate': 0, 'normal-bytes': 195149824, 'normal': 47644}}
QMP cmd [src6] query-migrate args={}
QMP reply [src6] query-migrate: {'expected-downtime': 300, 'status': 'active', 'setup-time': 1, 'total-time': 1606, 'ram': {'total': 8607571968, 'postcopy-requests': 0, 'dirty-sync-count': 1, 'multifd-bytes': 0, 'pages-per-second': 48010, 'downtime-bytes': 0, 'page-size': 4096, 'remaining': 5177143296, 'postcopy-bytes': 0, 'mbps': 1083.22776, 'transferred': 229634578, 'dirty-sync-missed-zero-copy': 0, 'precopy-bytes': 229634126, 'duplicate': 783271, 'dirty-pages-rate': 0, 'normal-bytes': 222150656, 'normal': 54236}}
QMP cmd [src6] query-migrate args={}
QMP reply [src6] query-migrate: {'expected-downtime': 300, 'status': 'active', 'setup-time': 1, 'total-time': 1807, 'ram': {'total': 8607571968, 'postcopy-requests': 0, 'dirty-sync-count': 1, 'multifd-bytes': 0, 'pages-per-second': 75120, 'downtime-bytes': 0, 'page-size': 4096, 'remaining': 5125804032, 'postcopy-bytes': 0, 'mbps': 1074.69648, 'transferred': 256610620, 'dirty-sync-missed-zero-copy': 0, 'precopy-bytes': 256610148, 'duplicate': 789245, 'dirty-pages-rate': 0, 'normal-bytes': 249020416, 'normal': 60796}}
QMP cmd [src6] query-migrate args={}
QMP reply [src6] query-migrate: {'expected-downtime': 300, 'status': 'active', 'setup-time': 1, 'total-time': 2008, 'ram': {'total': 8607571968, 'postcopy-requests': 0, 'dirty-sync-count': 1, 'multifd-bytes': 0, 'pages-per-second': 40920, 'downtime-bytes': 0, 'page-size': 4096, 'remaining': 5095387136, 'postcopy-bytes': 0, 'mbps': 1082.71728, 'transferred': 283671730, 'dirty-sync-missed-zero-copy': 0, 'precopy-bytes': 283671238, 'duplicate': 790079, 'dirty-pages-rate': 0, 'normal-bytes': 276021248, 'normal': 67388}}
QMP cmd [src6] query-migrate args={}
QMP reply [src6] query-migrate: {'expected-downtime': 300, 'status': 'active', 'setup-time': 1, 'total-time': 2209, 'ram': {'total': 8607571968, 'postcopy-requests': 0, 'dirty-sync-count': 1, 'multifd-bytes': 0, 'pages-per-second': 36690, 'downtime-bytes': 0, 'page-size': 4096, 'remaining': 5066682368, 'postcopy-bytes': 0, 'mbps': 1082.41272, 'transferred': 310729078, 'dirty-sync-missed-zero-copy': 0, 'precopy-bytes': 310728566, 'duplicate': 790495, 'dirty-pages-rate': 0, 'normal-bytes': 303022080, 'normal': 73980}}
2026-07-14 20:33:13.532426SSH command: ssh -o BatchMode=yes -o StrictHostKeyChecking=no -o UserKnownHostsFile=/dev/null -o ConnectTimeout=1 -o LogLevel=ERROR -p 2227 -i /home/max/.ssh/pgvm_bench user@127.0.0.1 test -f /tmp/bench.done
Return code: 1
Stdout: 
Stderr: 
QMP cmd [src6] query-migrate args={}
QMP reply [src6] query-migrate: {'expected-downtime': 300, 'status': 'active', 'setup-time': 1, 'total-time': 2410, 'ram': {'total': 8607571968, 'postcopy-requests': 0, 'dirty-sync-count': 1, 'multifd-bytes': 0, 'pages-per-second': 32980, 'downtime-bytes': 0, 'page-size': 4096, 'remaining': 5036228608, 'postcopy-bytes': 0, 'mbps': 1082.1456, 'transferred': 337790269, 'dirty-sync-missed-zero-copy': 0, 'precopy-bytes': 337789737, 'duplicate': 791338, 'dirty-pages-rate': 0, 'normal-bytes': 330022912, 'normal': 80572}}
QMP cmd [src6] query-migrate args={}
QMP reply [src6] query-migrate: {'expected-downtime': 300, 'status': 'active', 'setup-time': 1, 'total-time': 2611, 'ram': {'total': 8607571968, 'postcopy-requests': 0, 'dirty-sync-count': 1, 'multifd-bytes': 0, 'pages-per-second': 57120, 'downtime-bytes': 0, 'page-size': 4096, 'remaining': 4994408448, 'postcopy-bytes': 0, 'mbps': 1083.88368, 'transferred': 364876435, 'dirty-sync-missed-zero-copy': 0, 'precopy-bytes': 364875883, 'duplicate': 794956, 'dirty-pages-rate': 0, 'normal-bytes': 357023744, 'normal': 87164}}
QMP cmd [src6] query-migrate args={}
QMP reply [src6] query-migrate: {'expected-downtime': 300, 'status': 'active', 'setup-time': 1, 'total-time': 2812, 'ram': {'total': 8607571968, 'postcopy-requests': 0, 'dirty-sync-count': 1, 'multifd-bytes': 0, 'pages-per-second': 41670, 'downtime-bytes': 0, 'page-size': 4096, 'remaining': 4963835904, 'postcopy-bytes': 0, 'mbps': 1082.77128, 'transferred': 391937887, 'dirty-sync-missed-zero-copy': 0, 'precopy-bytes': 391937315, 'duplicate': 795828, 'dirty-pages-rate': 0, 'normal-bytes': 384024576, 'normal': 93756}}
QMP cmd [src6] query-migrate args={}
QMP reply [src6] query-migrate: {'expected-downtime': 300, 'status': 'active', 'setup-time': 1, 'total-time': 3013, 'ram': {'total': 8607571968, 'postcopy-requests': 0, 'dirty-sync-count': 1, 'multifd-bytes': 0, 'pages-per-second': 33640, 'downtime-bytes': 0, 'page-size': 4096, 'remaining': 4936552448, 'postcopy-bytes': 0, 'mbps': 1082.1931200000001, 'transferred': 418992112, 'dirty-sync-missed-zero-copy': 0, 'precopy-bytes': 418991520, 'duplicate': 795897, 'dirty-pages-rate': 0, 'normal-bytes': 411025408, 'normal': 100348}}
QMP cmd [src6] query-migrate args={}
QMP reply [src6] query-migrate: {'expected-downtime': 300, 'status': 'active', 'setup-time': 1, 'total-time': 3213, 'ram': {'total': 8607571968, 'postcopy-requests': 0, 'dirty-sync-count': 1, 'multifd-bytes': 0, 'pages-per-second': 33010, 'downtime-bytes': 0, 'page-size': 4096, 'remaining': 4906766336, 'postcopy-bytes': 0, 'mbps': 1082.14776, 'transferred': 446051836, 'dirty-sync-missed-zero-copy': 0, 'precopy-bytes': 446051224, 'duplicate': 796577, 'dirty-pages-rate': 0, 'normal-bytes': 438026240, 'normal': 106940}}
QMP cmd [src6] query-migrate args={}
QMP reply [src6] query-migrate: {'expected-downtime': 300, 'status': 'active', 'setup-time': 1, 'total-time': 3414, 'ram': {'total': 8607571968, 'postcopy-requests': 0, 'dirty-sync-count': 1, 'multifd-bytes': 0, 'pages-per-second': 33110, 'downtime-bytes': 0, 'page-size': 4096, 'remaining': 4879585280, 'postcopy-bytes': 0, 'mbps': 1082.15496, 'transferred': 473105836, 'dirty-sync-missed-zero-copy': 0, 'precopy-bytes': 473105204, 'duplicate': 796621, 'dirty-pages-rate': 0, 'normal-bytes': 465027072, 'normal': 113532}}
QMP cmd [src6] query-migrate args={}
QMP reply [src6] query-migrate: {'expected-downtime': 300, 'status': 'active', 'setup-time': 1, 'total-time': 3615, 'ram': {'total': 8607571968, 'postcopy-requests': 0, 'dirty-sync-count': 1, 'multifd-bytes': 0, 'pages-per-second': 34460, 'downtime-bytes': 0, 'page-size': 4096, 'remaining': 4851671040, 'postcopy-bytes': 0, 'mbps': 1082.25216, 'transferred': 500161447, 'dirty-sync-missed-zero-copy': 0, 'precopy-bytes': 500160795, 'duplicate': 796844, 'dirty-pages-rate': 0, 'normal-bytes': 492027904, 'normal': 120124}}
QMP cmd [src6] query-migrate args={}
QMP reply [src6] query-migrate: {'expected-downtime': 300, 'status': 'active', 'setup-time': 1, 'total-time': 3815, 'ram': {'total': 8607571968, 'postcopy-requests': 0, 'dirty-sync-count': 1, 'multifd-bytes': 0, 'pages-per-second': 33240, 'downtime-bytes': 0, 'page-size': 4096, 'remaining': 4824293376, 'postcopy-bytes': 0, 'mbps': 1082.16432, 'transferred': 527215879, 'dirty-sync-missed-zero-copy': 0, 'precopy-bytes': 527215207, 'duplicate': 796936, 'dirty-pages-rate': 0, 'normal-bytes': 519028736, 'normal': 126716}}
QMP cmd [src6] query-migrate args={}
QMP reply [src6] query-migrate: {'expected-downtime': 300, 'status': 'active', 'setup-time': 1, 'total-time': 4016, 'ram': {'total': 8607571968, 'postcopy-requests': 0, 'dirty-sync-count': 1, 'multifd-bytes': 0, 'pages-per-second': 33370, 'downtime-bytes': 0, 'page-size': 4096, 'remaining': 4797067264, 'postcopy-bytes': 0, 'mbps': 1082.1736799999999, 'transferred': 554269978, 'dirty-sync-missed-zero-copy': 0, 'precopy-bytes': 554269286, 'duplicate': 796991, 'dirty-pages-rate': 0, 'normal-bytes': 546029568, 'normal': 133308}}
QMP cmd [src6] query-migrate args={}
QMP reply [src6] query-migrate: {'expected-downtime': 300, 'status': 'active', 'setup-time': 1, 'total-time': 4217, 'ram': {'total': 8607571968, 'postcopy-requests': 0, 'dirty-sync-count': 1, 'multifd-bytes': 0, 'pages-per-second': 33280, 'downtime-bytes': 0, 'page-size': 4096, 'remaining': 4769824768, 'postcopy-bytes': 0, 'mbps': 1082.1671999999999, 'transferred': 581324113, 'dirty-sync-missed-zero-copy': 0, 'precopy-bytes': 581323401, 'duplicate': 797050, 'dirty-pages-rate': 0, 'normal-bytes': 573030400, 'normal': 139900}}
QMP cmd [src6] query-migrate args={}
QMP reply [src6] query-migrate: {'expected-downtime': 300, 'status': 'active', 'setup-time': 1, 'total-time': 4418, 'ram': {'total': 8607571968, 'postcopy-requests': 0, 'dirty-sync-count': 1, 'multifd-bytes': 0, 'pages-per-second': 33160, 'downtime-bytes': 0, 'page-size': 4096, 'remaining': 4742668288, 'postcopy-bytes': 0, 'mbps': 1082.15856, 'transferred': 608378059, 'dirty-sync-missed-zero-copy': 0, 'precopy-bytes': 608377327, 'duplicate': 797088, 'dirty-pages-rate': 0, 'normal-bytes': 600031232, 'normal': 146492}}
2026-07-14 20:33:15.695349SSH command: ssh -o BatchMode=yes -o StrictHostKeyChecking=no -o UserKnownHostsFile=/dev/null -o ConnectTimeout=1 -o LogLevel=ERROR -p 2227 -i /home/max/.ssh/pgvm_bench user@127.0.0.1 test -f /tmp/bench.done
Return code: 1
Stdout: 
Stderr: 
QMP cmd [src6] query-migrate args={}
QMP reply [src6] query-migrate: {'expected-downtime': 300, 'status': 'active', 'setup-time': 1, 'total-time': 4619, 'ram': {'total': 8607571968, 'postcopy-requests': 0, 'dirty-sync-count': 1, 'multifd-bytes': 0, 'pages-per-second': 33110, 'downtime-bytes': 0, 'page-size': 4096, 'remaining': 4715372544, 'postcopy-bytes': 0, 'mbps': 1082.15496, 'transferred': 635432311, 'dirty-sync-missed-zero-copy': 0, 'precopy-bytes': 635431559, 'duplicate': 797160, 'dirty-pages-rate': 0, 'normal-bytes': 627032064, 'normal': 153084}}
QMP cmd [src6] query-migrate args={}
QMP reply [src6] query-migrate: {'expected-downtime': 300, 'status': 'active', 'setup-time': 1, 'total-time': 4820, 'ram': {'total': 8607571968, 'postcopy-requests': 0, 'dirty-sync-count': 1, 'multifd-bytes': 0, 'pages-per-second': 33060, 'downtime-bytes': 0, 'page-size': 4096, 'remaining': 4687421440, 'postcopy-bytes': 0, 'mbps': 1082.15136, 'transferred': 662488003, 'dirty-sync-missed-zero-copy': 0, 'precopy-bytes': 662487231, 'duplicate': 797392, 'dirty-pages-rate': 0, 'normal-bytes': 654032896, 'normal': 159676}}
QMP cmd [src6] query-migrate args={}
QMP reply [src6] query-migrate: {'expected-downtime': 300, 'status': 'active', 'setup-time': 1, 'total-time': 5020, 'ram': {'total': 8607571968, 'postcopy-requests': 0, 'dirty-sync-count': 1, 'multifd-bytes': 0, 'pages-per-second': 35290, 'downtime-bytes': 0, 'page-size': 4096, 'remaining': 4659429376, 'postcopy-bytes': 0, 'mbps': 1082.3119199999999, 'transferred': 689543785, 'dirty-sync-missed-zero-copy': 0, 'precopy-bytes': 689542993, 'duplicate': 797634, 'dirty-pages-rate': 0, 'normal-bytes': 681033728, 'normal': 166268}}
QMP cmd [src6] query-migrate args={}
QMP reply [src6] query-migrate: {'expected-downtime': 300, 'status': 'active', 'setup-time': 1, 'total-time': 5221, 'ram': {'total': 8607571968, 'postcopy-requests': 0, 'dirty-sync-count': 1, 'multifd-bytes': 0, 'pages-per-second': 33040, 'downtime-bytes': 0, 'page-size': 4096, 'remaining': 4632371200, 'postcopy-bytes': 0, 'mbps': 1082.1499199999998, 'transferred': 716597515, 'dirty-sync-missed-zero-copy': 0, 'precopy-bytes': 716596703, 'duplicate': 797648, 'dirty-pages-rate': 0, 'normal-bytes': 708034560, 'normal': 172860}}
QMP cmd [src6] query-migrate args={}
QMP reply [src6] query-migrate: {'expected-downtime': 300, 'status': 'active', 'setup-time': 1, 'total-time': 5422, 'ram': {'total': 8607571968, 'postcopy-requests': 0, 'dirty-sync-count': 1, 'multifd-bytes': 0, 'pages-per-second': 33020, 'downtime-bytes': 0, 'page-size': 4096, 'remaining': 4603252736, 'postcopy-bytes': 0, 'mbps': 1082.14848, 'transferred': 743655772, 'dirty-sync-missed-zero-copy': 0, 'precopy-bytes': 743654940, 'duplicate': 798165, 'dirty-pages-rate': 0, 'normal-bytes': 735035392, 'normal': 179452}}
QMP cmd [src6] query-migrate args={}
QMP reply [src6] query-migrate: {'expected-downtime': 300, 'status': 'active', 'setup-time': 1, 'total-time': 5623, 'ram': {'total': 8607571968, 'postcopy-requests': 0, 'dirty-sync-count': 1, 'multifd-bytes': 0, 'pages-per-second': 36590, 'downtime-bytes': 0, 'page-size': 4096, 'remaining': 4574547968, 'postcopy-bytes': 0, 'mbps': 1082.40552, 'transferred': 770713120, 'dirty-sync-missed-zero-copy': 0, 'precopy-bytes': 770712268, 'duplicate': 798581, 'dirty-pages-rate': 0, 'normal-bytes': 762036224, 'normal': 186044}}
QMP cmd [src6] query-migrate args={}
QMP reply [src6] query-migrate: {'expected-downtime': 300, 'status': 'active', 'setup-time': 1, 'total-time': 5823, 'ram': {'total': 8607571968, 'postcopy-requests': 0, 'dirty-sync-count': 1, 'multifd-bytes': 0, 'pages-per-second': 33000, 'downtime-bytes': 0, 'page-size': 4096, 'remaining': 4547497984, 'postcopy-bytes': 0, 'mbps': 1082.14704, 'transferred': 797766832, 'dirty-sync-missed-zero-copy': 0, 'precopy-bytes': 797765960, 'duplicate': 798593, 'dirty-pages-rate': 0, 'normal-bytes': 789037056, 'normal': 192636}}
QMP cmd [src6] query-migrate args={}
QMP reply [src6] query-migrate: {'expected-downtime': 300, 'status': 'active', 'setup-time': 1, 'total-time': 6024, 'ram': {'total': 8607571968, 'postcopy-requests': 0, 'dirty-sync-count': 1, 'multifd-bytes': 0, 'pages-per-second': 33160, 'downtime-bytes': 0, 'page-size': 4096, 'remaining': 4520411136, 'postcopy-bytes': 0, 'mbps': 1082.15856, 'transferred': 824820625, 'dirty-sync-missed-zero-copy': 0, 'precopy-bytes': 824819733, 'duplicate': 798614, 'dirty-pages-rate': 0, 'normal-bytes': 816037888, 'normal': 199228}}
QMP cmd [src6] query-migrate args={}
QMP reply [src6] query-migrate: {'expected-downtime': 300, 'status': 'active', 'setup-time': 1, 'total-time': 6225, 'ram': {'total': 8607571968, 'postcopy-requests': 0, 'dirty-sync-count': 1, 'multifd-bytes': 0, 'pages-per-second': 33000, 'downtime-bytes': 0, 'page-size': 4096, 'remaining': 4493393920, 'postcopy-bytes': 0, 'mbps': 1082.14704, 'transferred': 851874265, 'dirty-sync-missed-zero-copy': 0, 'precopy-bytes': 851873353, 'duplicate': 798618, 'dirty-pages-rate': 0, 'normal-bytes': 843038720, 'normal': 205820}}
QMP cmd [src6] query-migrate args={}
QMP reply [src6] query-migrate: {'expected-downtime': 300, 'status': 'active', 'setup-time': 1, 'total-time': 6426, 'ram': {'total': 8607571968, 'postcopy-requests': 0, 'dirty-sync-count': 1, 'multifd-bytes': 0, 'pages-per-second': 33000, 'downtime-bytes': 0, 'page-size': 4096, 'remaining': 4466122752, 'postcopy-bytes': 0, 'mbps': 1082.14704, 'transferred': 878928463, 'dirty-sync-missed-zero-copy': 0, 'precopy-bytes': 878927531, 'duplicate': 798684, 'dirty-pages-rate': 0, 'normal-bytes': 870039552, 'normal': 212412}}
QMP cmd [src6] query-migrate args={}
QMP reply [src6] query-migrate: {'expected-downtime': 300, 'status': 'active', 'setup-time': 1, 'total-time': 6627, 'ram': {'total': 8607571968, 'postcopy-requests': 0, 'dirty-sync-count': 1, 'multifd-bytes': 0, 'pages-per-second': 33520, 'downtime-bytes': 0, 'page-size': 4096, 'remaining': 4438876160, 'postcopy-bytes': 0, 'mbps': 1082.18448, 'transferred': 905982607, 'dirty-sync-missed-zero-copy': 0, 'precopy-bytes': 905981655, 'duplicate': 798744, 'dirty-pages-rate': 0, 'normal-bytes': 897040384, 'normal': 219004}}
2026-07-14 20:33:17.858656SSH command: ssh -o BatchMode=yes -o StrictHostKeyChecking=no -o UserKnownHostsFile=/dev/null -o ConnectTimeout=1 -o LogLevel=ERROR -p 2227 -i /home/max/.ssh/pgvm_bench user@127.0.0.1 test -f /tmp/bench.done
Return code: 1
Stdout: 
Stderr: 
QMP cmd [src6] query-migrate args={}
QMP reply [src6] query-migrate: {'expected-downtime': 300, 'status': 'active', 'setup-time': 1, 'total-time': 6828, 'ram': {'total': 8607571968, 'postcopy-requests': 0, 'dirty-sync-count': 1, 'multifd-bytes': 0, 'pages-per-second': 32960, 'downtime-bytes': 0, 'page-size': 4096, 'remaining': 4411834368, 'postcopy-bytes': 0, 'mbps': 1082.1441599999998, 'transferred': 933036301, 'dirty-sync-missed-zero-copy': 0, 'precopy-bytes': 933035329, 'duplicate': 798754, 'dirty-pages-rate': 0, 'normal-bytes': 924041216, 'normal': 225596}}
QMP cmd [src6] query-migrate args={}
QMP reply [src6] query-migrate: {'expected-downtime': 300, 'status': 'active', 'setup-time': 1, 'total-time': 7029, 'ram': {'total': 8607571968, 'postcopy-requests': 0, 'dirty-sync-count': 1, 'multifd-bytes': 0, 'pages-per-second': 32980, 'downtime-bytes': 0, 'page-size': 4096, 'remaining': 4384808960, 'postcopy-bytes': 0, 'mbps': 1082.1456, 'transferred': 960089959, 'dirty-sync-missed-zero-copy': 0, 'precopy-bytes': 960088967, 'duplicate': 798760, 'dirty-pages-rate': 0, 'normal-bytes': 951042048, 'normal': 232188}}
QMP cmd [src6] query-migrate args={}
QMP reply [src6] query-migrate: {'expected-downtime': 300, 'status': 'active', 'setup-time': 1, 'total-time': 7230, 'ram': {'total': 8607571968, 'postcopy-requests': 0, 'dirty-sync-count': 1, 'multifd-bytes': 0, 'pages-per-second': 33040, 'downtime-bytes': 0, 'page-size': 4096, 'remaining': 4357742592, 'postcopy-bytes': 0, 'mbps': 1082.1499199999998, 'transferred': 987143707, 'dirty-sync-missed-zero-copy': 0, 'precopy-bytes': 987142695, 'duplicate': 798776, 'dirty-pages-rate': 0, 'normal-bytes': 978042880, 'normal': 238780}}
QMP cmd [src6] query-migrate args={}
QMP reply [src6] query-migrate: {'expected-downtime': 300, 'status': 'active', 'setup-time': 1, 'total-time': 7431, 'ram': {'total': 8607571968, 'postcopy-requests': 0, 'dirty-sync-count': 1, 'multifd-bytes': 0, 'pages-per-second': 33020, 'downtime-bytes': 0, 'page-size': 4096, 'remaining': 4328292352, 'postcopy-bytes': 0, 'mbps': 1082.14848, 'transferred': 1014202693, 'dirty-sync-missed-zero-copy': 0, 'precopy-bytes': 1014201661, 'duplicate': 799374, 'dirty-pages-rate': 0, 'normal-bytes': 1005043712, 'normal': 245372}}
QMP cmd [src6] query-migrate args={}
QMP reply [src6] query-migrate: {'expected-downtime': 300, 'status': 'active', 'setup-time': 1, 'total-time': 7632, 'ram': {'total': 8607571968, 'postcopy-requests': 0, 'dirty-sync-count': 1, 'multifd-bytes': 0, 'pages-per-second': 32960, 'downtime-bytes': 0, 'page-size': 4096, 'remaining': 4301275136, 'postcopy-bytes': 0, 'mbps': 1082.1441599999998, 'transferred': 1041256333, 'dirty-sync-missed-zero-copy': 0, 'precopy-bytes': 1041255281, 'duplicate': 799378, 'dirty-pages-rate': 0, 'normal-bytes': 1032044544, 'normal': 251964}}
QMP cmd [src6] query-migrate args={}
QMP reply [src6] query-migrate: {'expected-downtime': 300, 'status': 'active', 'setup-time': 1, 'total-time': 7832, 'ram': {'total': 8607571968, 'postcopy-requests': 0, 'dirty-sync-count': 1, 'multifd-bytes': 0, 'pages-per-second': 33040, 'downtime-bytes': 0, 'page-size': 4096, 'remaining': 4274233344, 'postcopy-bytes': 0, 'mbps': 1082.1499199999998, 'transferred': 1068310027, 'dirty-sync-missed-zero-copy': 0, 'precopy-bytes': 1068308955, 'duplicate': 799388, 'dirty-pages-rate': 0, 'normal-bytes': 1059045376, 'normal': 258556}}
QMP cmd [src6] query-migrate args={}
QMP reply [src6] query-migrate: {'expected-downtime': 300, 'status': 'active', 'setup-time': 1, 'total-time': 8033, 'ram': {'total': 8607571968, 'postcopy-requests': 0, 'dirty-sync-count': 1, 'multifd-bytes': 0, 'pages-per-second': 33000, 'downtime-bytes': 0, 'page-size': 4096, 'remaining': 4247191552, 'postcopy-bytes': 0, 'mbps': 1082.14704, 'transferred': 1095363721, 'dirty-sync-missed-zero-copy': 0, 'precopy-bytes': 1095362629, 'duplicate': 799398, 'dirty-pages-rate': 0, 'normal-bytes': 1086046208, 'normal': 265148}}
QMP cmd [src6] query-migrate args={}
QMP reply [src6] query-migrate: {'expected-downtime': 300, 'status': 'active', 'setup-time': 1, 'total-time': 8234, 'ram': {'total': 8607571968, 'postcopy-requests': 0, 'dirty-sync-count': 1, 'multifd-bytes': 0, 'pages-per-second': 33000, 'downtime-bytes': 0, 'page-size': 4096, 'remaining': 4220166144, 'postcopy-bytes': 0, 'mbps': 1082.14704, 'transferred': 1122417379, 'dirty-sync-missed-zero-copy': 0, 'precopy-bytes': 1122416267, 'duplicate': 799404, 'dirty-pages-rate': 0, 'normal-bytes': 1113047040, 'normal': 271740}}
QMP cmd [src6] query-migrate args={}
QMP reply [src6] query-migrate: {'expected-downtime': 300, 'status': 'active', 'setup-time': 1, 'total-time': 8434, 'ram': {'total': 8607571968, 'postcopy-requests': 0, 'dirty-sync-count': 1, 'multifd-bytes': 0, 'pages-per-second': 33880, 'downtime-bytes': 0, 'page-size': 4096, 'remaining': 4192788480, 'postcopy-bytes': 0, 'mbps': 1082.2104, 'transferred': 1149471811, 'dirty-sync-missed-zero-copy': 0, 'precopy-bytes': 1149470679, 'duplicate': 799496, 'dirty-pages-rate': 0, 'normal-bytes': 1140047872, 'normal': 278332}}
QMP cmd [src6] query-migrate args={}
QMP reply [src6] query-migrate: {'expected-downtime': 300, 'status': 'active', 'setup-time': 1, 'total-time': 8635, 'ram': {'total': 8607571968, 'postcopy-requests': 0, 'dirty-sync-count': 1, 'multifd-bytes': 0, 'pages-per-second': 32960, 'downtime-bytes': 0, 'page-size': 4096, 'remaining': 4165787648, 'postcopy-bytes': 0, 'mbps': 1082.1441599999998, 'transferred': 1176525415, 'dirty-sync-missed-zero-copy': 0, 'precopy-bytes': 1176524263, 'duplicate': 799496, 'dirty-pages-rate': 0, 'normal-bytes': 1167048704, 'normal': 284924}}
2026-07-14 20:33:20.022932SSH command: ssh -o BatchMode=yes -o StrictHostKeyChecking=no -o UserKnownHostsFile=/dev/null -o ConnectTimeout=1 -o LogLevel=ERROR -p 2227 -i /home/max/.ssh/pgvm_bench user@127.0.0.1 test -f /tmp/bench.done
Return code: 1
Stdout: 
Stderr: 
QMP cmd [src6] query-migrate args={}
QMP reply [src6] query-migrate: {'expected-downtime': 300, 'status': 'active', 'setup-time': 1, 'total-time': 8837, 'ram': {'total': 8607571968, 'postcopy-requests': 0, 'dirty-sync-count': 1, 'multifd-bytes': 0, 'pages-per-second': 32960, 'downtime-bytes': 0, 'page-size': 4096, 'remaining': 4138786816, 'postcopy-bytes': 0, 'mbps': 1082.1441599999998, 'transferred': 1203579019, 'dirty-sync-missed-zero-copy': 0, 'precopy-bytes': 1203577847, 'duplicate': 799496, 'dirty-pages-rate': 0, 'normal-bytes': 1194049536, 'normal': 291516}}
QMP cmd [src6] query-migrate args={}
QMP reply [src6] query-migrate: {'expected-downtime': 300, 'status': 'active', 'setup-time': 1, 'total-time': 9037, 'ram': {'total': 8607571968, 'postcopy-requests': 0, 'dirty-sync-count': 1, 'multifd-bytes': 0, 'pages-per-second': 32980, 'downtime-bytes': 0, 'page-size': 4096, 'remaining': 4111753216, 'postcopy-bytes': 0, 'mbps': 1082.1456, 'transferred': 1230632695, 'dirty-sync-missed-zero-copy': 0, 'precopy-bytes': 1230631503, 'duplicate': 799504, 'dirty-pages-rate': 0, 'normal-bytes': 1221050368, 'normal': 298108}}
QMP cmd [src6] query-migrate args={}
QMP reply [src6] query-migrate: {'expected-downtime': 300, 'status': 'active', 'setup-time': 1, 'total-time': 9238, 'ram': {'total': 8607571968, 'postcopy-requests': 0, 'dirty-sync-count': 1, 'multifd-bytes': 0, 'pages-per-second': 32960, 'downtime-bytes': 0, 'page-size': 4096, 'remaining': 4084736000, 'postcopy-bytes': 0, 'mbps': 1082.1441599999998, 'transferred': 1257686335, 'dirty-sync-missed-zero-copy': 0, 'precopy-bytes': 1257685123, 'duplicate': 799508, 'dirty-pages-rate': 0, 'normal-bytes': 1248051200, 'normal': 304700}}
QMP cmd [src6] query-migrate args={}
QMP reply [src6] query-migrate: {'expected-downtime': 300, 'status': 'active', 'setup-time': 1, 'total-time': 9439, 'ram': {'total': 8607571968, 'postcopy-requests': 0, 'dirty-sync-count': 1, 'multifd-bytes': 0, 'pages-per-second': 32653, 'downtime-bytes': 0, 'page-size': 4096, 'remaining': 4057718784, 'postcopy-bytes': 0, 'mbps': 1071.4312871287127, 'transferred': 1284739975, 'dirty-sync-missed-zero-copy': 0, 'precopy-bytes': 1284738743, 'duplicate': 799512, 'dirty-pages-rate': 0, 'normal-bytes': 1275052032, 'normal': 311292}}
QMP cmd [src6] query-migrate args={}
QMP reply [src6] query-migrate: {'expected-downtime': 300, 'status': 'active', 'setup-time': 1, 'total-time': 9640, 'ram': {'total': 8607571968, 'postcopy-requests': 0, 'dirty-sync-count': 1, 'multifd-bytes': 0, 'pages-per-second': 32980, 'downtime-bytes': 0, 'page-size': 4096, 'remaining': 4030701568, 'postcopy-bytes': 0, 'mbps': 1082.1456, 'transferred': 1311793615, 'dirty-sync-missed-zero-copy': 0, 'precopy-bytes': 1311792363, 'duplicate': 799516, 'dirty-pages-rate': 0, 'normal-bytes': 1302052864, 'normal': 317884}}
QMP cmd [src6] query-migrate args={}
QMP reply [src6] query-migrate: {'expected-downtime': 300, 'status': 'active', 'setup-time': 1, 'total-time': 9840, 'ram': {'total': 8607571968, 'postcopy-requests': 0, 'dirty-sync-count': 1, 'multifd-bytes': 0, 'pages-per-second': 32980, 'downtime-bytes': 0, 'page-size': 4096, 'remaining': 4003672064, 'postcopy-bytes': 0, 'mbps': 1082.1456, 'transferred': 1338847282, 'dirty-sync-missed-zero-copy': 0, 'precopy-bytes': 1338846010, 'duplicate': 799523, 'dirty-pages-rate': 0, 'normal-bytes': 1329053696, 'normal': 324476}}
QMP cmd [src6] query-migrate args={}
QMP reply [src6] query-migrate: {'expected-downtime': 300, 'status': 'active', 'setup-time': 1, 'total-time': 10041, 'ram': {'total': 8607571968, 'postcopy-requests': 0, 'dirty-sync-count': 1, 'multifd-bytes': 0, 'pages-per-second': 33000, 'downtime-bytes': 0, 'page-size': 4096, 'remaining': 3976638464, 'postcopy-bytes': 0, 'mbps': 1082.14704, 'transferred': 1365900958, 'dirty-sync-missed-zero-copy': 0, 'precopy-bytes': 1365899666, 'duplicate': 799531, 'dirty-pages-rate': 0, 'normal-bytes': 1356054528, 'normal': 331068}}
QMP cmd [src6] query-migrate args={}
QMP reply [src6] query-migrate: {'expected-downtime': 300, 'status': 'active', 'setup-time': 1, 'total-time': 10242, 'ram': {'total': 8607571968, 'postcopy-requests': 0, 'dirty-sync-count': 1, 'multifd-bytes': 0, 'pages-per-second': 32980, 'downtime-bytes': 0, 'page-size': 4096, 'remaining': 3949588480, 'postcopy-bytes': 0, 'mbps': 1082.1456, 'transferred': 1392954670, 'dirty-sync-missed-zero-copy': 0, 'precopy-bytes': 1392953358, 'duplicate': 799543, 'dirty-pages-rate': 0, 'normal-bytes': 1383055360, 'normal': 337660}}
QMP cmd [src6] query-migrate args={}
QMP reply [src6] query-migrate: {'expected-downtime': 300, 'status': 'active', 'setup-time': 1, 'total-time': 10443, 'ram': {'total': 8607571968, 'postcopy-requests': 0, 'dirty-sync-count': 1, 'multifd-bytes': 0, 'pages-per-second': 33040, 'downtime-bytes': 0, 'page-size': 4096, 'remaining': 3922513920, 'postcopy-bytes': 0, 'mbps': 1082.1499199999998, 'transferred': 1420008436, 'dirty-sync-missed-zero-copy': 0, 'precopy-bytes': 1420007104, 'duplicate': 799561, 'dirty-pages-rate': 0, 'normal-bytes': 1410056192, 'normal': 344252}}
QMP cmd [src6] query-migrate args={}
QMP reply [src6] query-migrate: {'expected-downtime': 300, 'status': 'active', 'setup-time': 1, 'total-time': 10643, 'ram': {'total': 8607571968, 'postcopy-requests': 0, 'dirty-sync-count': 1, 'multifd-bytes': 0, 'pages-per-second': 33000, 'downtime-bytes': 0, 'page-size': 4096, 'remaining': 3895488512, 'postcopy-bytes': 0, 'mbps': 1082.14704, 'transferred': 1447062094, 'dirty-sync-missed-zero-copy': 0, 'precopy-bytes': 1447060742, 'duplicate': 799567, 'dirty-pages-rate': 0, 'normal-bytes': 1437057024, 'normal': 350844}}
QMP cmd [src6] query-migrate args={}
QMP reply [src6] query-migrate: {'expected-downtime': 300, 'status': 'active', 'setup-time': 1, 'total-time': 10844, 'ram': {'total': 8607571968, 'postcopy-requests': 0, 'dirty-sync-count': 1, 'multifd-bytes': 0, 'pages-per-second': 32980, 'downtime-bytes': 0, 'page-size': 4096, 'remaining': 3868381184, 'postcopy-bytes': 0, 'mbps': 1082.1456, 'transferred': 1474115932, 'dirty-sync-missed-zero-copy': 0, 'precopy-bytes': 1474114560, 'duplicate': 799593, 'dirty-pages-rate': 0, 'normal-bytes': 1464057856, 'normal': 357436}}
2026-07-14 20:33:22.175440SSH command: ssh -o BatchMode=yes -o StrictHostKeyChecking=no -o UserKnownHostsFile=/dev/null -o ConnectTimeout=1 -o LogLevel=ERROR -p 2227 -i /home/max/.ssh/pgvm_bench user@127.0.0.1 test -f /tmp/bench.done
Return code: 1
Stdout: 
Stderr: 
QMP cmd [src6] query-migrate args={}
QMP reply [src6] query-migrate: {'expected-downtime': 300, 'status': 'active', 'setup-time': 1, 'total-time': 11045, 'ram': {'total': 8607571968, 'postcopy-requests': 0, 'dirty-sync-count': 1, 'multifd-bytes': 0, 'pages-per-second': 33080, 'downtime-bytes': 0, 'page-size': 4096, 'remaining': 3841306624, 'postcopy-bytes': 0, 'mbps': 1082.1528, 'transferred': 1501169698, 'dirty-sync-missed-zero-copy': 0, 'precopy-bytes': 1501168306, 'duplicate': 799611, 'dirty-pages-rate': 0, 'normal-bytes': 1491058688, 'normal': 364028}}
QMP cmd [src6] query-migrate args={}
QMP reply [src6] query-migrate: {'expected-downtime': 300, 'status': 'active', 'setup-time': 1, 'total-time': 11246, 'ram': {'total': 8607571968, 'postcopy-requests': 0, 'dirty-sync-count': 1, 'multifd-bytes': 0, 'pages-per-second': 33020, 'downtime-bytes': 0, 'page-size': 4096, 'remaining': 3814248448, 'postcopy-bytes': 0, 'mbps': 1082.14848, 'transferred': 1528223428, 'dirty-sync-missed-zero-copy': 0, 'precopy-bytes': 1528222016, 'duplicate': 799625, 'dirty-pages-rate': 0, 'normal-bytes': 1518059520, 'normal': 370620}}
QMP cmd [src6] query-migrate args={}
QMP reply [src6] query-migrate: {'expected-downtime': 300, 'status': 'active', 'setup-time': 1, 'total-time': 11447, 'ram': {'total': 8607571968, 'postcopy-requests': 0, 'dirty-sync-count': 1, 'multifd-bytes': 0, 'pages-per-second': 33000, 'downtime-bytes': 0, 'page-size': 4096, 'remaining': 3787149312, 'postcopy-bytes': 0, 'mbps': 1082.14704, 'transferred': 1555277248, 'dirty-sync-missed-zero-copy': 0, 'precopy-bytes': 1555275816, 'duplicate': 799649, 'dirty-pages-rate': 0, 'normal-bytes': 1545060352, 'normal': 377212}}
QMP cmd [src6] query-migrate args={}
QMP reply [src6] query-migrate: {'expected-downtime': 300, 'status': 'active', 'setup-time': 1, 'total-time': 11647, 'ram': {'total': 8607571968, 'postcopy-requests': 0, 'dirty-sync-count': 1, 'multifd-bytes': 0, 'pages-per-second': 33380, 'downtime-bytes': 0, 'page-size': 4096, 'remaining': 3759845376, 'postcopy-bytes': 0, 'mbps': 1082.1743999999999, 'transferred': 1582331518, 'dirty-sync-missed-zero-copy': 0, 'precopy-bytes': 1582330066, 'duplicate': 799723, 'dirty-pages-rate': 0, 'normal-bytes': 1572061184, 'normal': 383804}}
QMP cmd [src6] query-migrate args={}
QMP reply [src6] query-migrate: {'expected-downtime': 300, 'status': 'active', 'setup-time': 1, 'total-time': 11848, 'ram': {'total': 8607571968, 'postcopy-requests': 0, 'dirty-sync-count': 1, 'multifd-bytes': 0, 'pages-per-second': 33740, 'downtime-bytes': 0, 'page-size': 4096, 'remaining': 3731853312, 'postcopy-bytes': 0, 'mbps': 1082.2003200000001, 'transferred': 1609387300, 'dirty-sync-missed-zero-copy': 0, 'precopy-bytes': 1609385828, 'duplicate': 799965, 'dirty-pages-rate': 0, 'normal-bytes': 1599062016, 'normal': 390396}}
QMP cmd [src6] query-migrate args={}
QMP reply [src6] query-migrate: {'expected-downtime': 300, 'status': 'active', 'setup-time': 1, 'total-time': 12049, 'ram': {'total': 8607571968, 'postcopy-requests': 0, 'dirty-sync-count': 1, 'multifd-bytes': 0, 'pages-per-second': 38780, 'downtime-bytes': 0, 'page-size': 4096, 'remaining': 3701624832, 'postcopy-bytes': 0, 'mbps': 1082.5632, 'transferred': 1636447996, 'dirty-sync-missed-zero-copy': 0, 'precopy-bytes': 1636446504, 'duplicate': 800753, 'dirty-pages-rate': 0, 'normal-bytes': 1626062848, 'normal': 396988}}
QMP cmd [src6] query-migrate args={}
QMP reply [src6] query-migrate: {'expected-downtime': 300, 'status': 'active', 'setup-time': 1, 'total-time': 12250, 'ram': {'total': 8607571968, 'postcopy-requests': 0, 'dirty-sync-count': 1, 'multifd-bytes': 0, 'pages-per-second': 37680, 'downtime-bytes': 0, 'page-size': 4096, 'remaining': 3670732800, 'postcopy-bytes': 0, 'mbps': 1082.484, 'transferred': 1663510150, 'dirty-sync-missed-zero-copy': 0, 'precopy-bytes': 1663508638, 'duplicate': 801703, 'dirty-pages-rate': 0, 'normal-bytes': 1653063680, 'normal': 403580}}
QMP cmd [src6] query-migrate args={}
QMP reply [src6] query-migrate: {'expected-downtime': 300, 'status': 'active', 'setup-time': 1, 'total-time': 12451, 'ram': {'total': 8607571968, 'postcopy-requests': 0, 'dirty-sync-count': 1, 'multifd-bytes': 0, 'pages-per-second': 35900, 'downtime-bytes': 0, 'page-size': 4096, 'remaining': 3640520704, 'postcopy-bytes': 0, 'mbps': 1082.3558400000002, 'transferred': 1690570810, 'dirty-sync-missed-zero-copy': 0, 'precopy-bytes': 1690569278, 'duplicate': 802487, 'dirty-pages-rate': 0, 'normal-bytes': 1680064512, 'normal': 410172}}
QMP cmd [src6] query-migrate args={}
QMP reply [src6] query-migrate: {'expected-downtime': 300, 'status': 'active', 'setup-time': 1, 'total-time': 12651, 'ram': {'total': 8607571968, 'postcopy-requests': 0, 'dirty-sync-count': 1, 'multifd-bytes': 0, 'pages-per-second': 38300, 'downtime-bytes': 0, 'page-size': 4096, 'remaining': 3610243072, 'postcopy-bytes': 0, 'mbps': 1082.52864, 'transferred': 1717631614, 'dirty-sync-missed-zero-copy': 0, 'precopy-bytes': 1717630062, 'duplicate': 803287, 'dirty-pages-rate': 0, 'normal-bytes': 1707065344, 'normal': 416764}}
QMP cmd [src6] query-migrate args={}
QMP reply [src6] query-migrate: {'expected-downtime': 300, 'status': 'active', 'setup-time': 1, 'total-time': 12852, 'ram': {'total': 8607571968, 'postcopy-requests': 0, 'dirty-sync-count': 1, 'multifd-bytes': 0, 'pages-per-second': 47500, 'downtime-bytes': 0, 'page-size': 4096, 'remaining': 3576086528, 'postcopy-bytes': 0, 'mbps': 1083.19104, 'transferred': 1744700941, 'dirty-sync-missed-zero-copy': 0, 'precopy-bytes': 1744699369, 'duplicate': 805034, 'dirty-pages-rate': 0, 'normal-bytes': 1734066176, 'normal': 423356}}
QMP cmd [src6] query-migrate args={}
QMP reply [src6] query-migrate: {'expected-downtime': 300, 'status': 'active', 'setup-time': 1, 'total-time': 13053, 'ram': {'total': 8607571968, 'postcopy-requests': 0, 'dirty-sync-count': 1, 'multifd-bytes': 0, 'pages-per-second': 3013430, 'downtime-bytes': 0, 'page-size': 4096, 'remaining': 2328285184, 'postcopy-bytes': 0, 'mbps': 1083.4704, 'transferred': 1771771123, 'dirty-sync-missed-zero-copy': 0, 'precopy-bytes': 1771769531, 'duplicate': 1103732, 'dirty-pages-rate': 0, 'normal-bytes': 1758400512, 'normal': 429297}}
2026-07-14 20:33:24.357289SSH command: ssh -o BatchMode=yes -o StrictHostKeyChecking=no -o UserKnownHostsFile=/dev/null -o ConnectTimeout=1 -o LogLevel=ERROR -p 2227 -i /home/max/.ssh/pgvm_bench user@127.0.0.1 test -f /tmp/bench.done
Return code: 1
Stdout: 
Stderr: 
QMP cmd [src6] query-migrate args={}
QMP reply [src6] query-migrate: {'expected-downtime': 300, 'status': 'active', 'setup-time': 1, 'total-time': 13254, 'ram': {'total': 8607571968, 'postcopy-requests': 0, 'dirty-sync-count': 1, 'multifd-bytes': 0, 'pages-per-second': 33120, 'downtime-bytes': 0, 'page-size': 4096, 'remaining': 2300358656, 'postcopy-bytes': 0, 'mbps': 1082.1556799999998, 'transferred': 1798826761, 'dirty-sync-missed-zero-copy': 0, 'precopy-bytes': 1798825149, 'duplicate': 1103958, 'dirty-pages-rate': 0, 'normal-bytes': 1785401344, 'normal': 435889}}
QMP cmd [src6] query-migrate args={}
QMP reply [src6] query-migrate: {'expected-downtime': 300, 'status': 'active', 'setup-time': 1, 'total-time': 13455, 'ram': {'total': 8607571968, 'postcopy-requests': 0, 'dirty-sync-count': 1, 'multifd-bytes': 0, 'pages-per-second': 39520, 'downtime-bytes': 0, 'page-size': 4096, 'remaining': 165982208, 'postcopy-bytes': 0, 'mbps': 1082.61648, 'transferred': 1825830244, 'dirty-sync-missed-zero-copy': 0, 'precopy-bytes': 1825828612, 'duplicate': 1619597, 'dirty-pages-rate': 0, 'normal-bytes': 1807720448, 'normal': 441338}}
QMP cmd [src6] query-migrate args={}
QMP reply [src6] query-migrate: {'expected-downtime': 300, 'status': 'active', 'setup-time': 1, 'total-time': 13656, 'ram': {'total': 8607571968, 'postcopy-requests': 0, 'dirty-sync-count': 1, 'multifd-bytes': 0, 'pages-per-second': 34240, 'downtime-bytes': 0, 'page-size': 4096, 'remaining': 138457088, 'postcopy-bytes': 0, 'mbps': 1082.23632, 'transferred': 1852885000, 'dirty-sync-missed-zero-copy': 0, 'precopy-bytes': 1852883348, 'duplicate': 1619725, 'dirty-pages-rate': 0, 'normal-bytes': 1834721280, 'normal': 447930}}
QMP cmd [src6] query-migrate args={}
QMP reply [src6] query-migrate: {'expected-downtime': 300, 'status': 'active', 'setup-time': 1, 'total-time': 13857, 'ram': {'total': 8607571968, 'postcopy-requests': 0, 'dirty-sync-count': 1, 'multifd-bytes': 0, 'pages-per-second': 32960, 'downtime-bytes': 0, 'page-size': 4096, 'remaining': 111456256, 'postcopy-bytes': 0, 'mbps': 1082.1441599999998, 'transferred': 1879938604, 'dirty-sync-missed-zero-copy': 0, 'precopy-bytes': 1879936932, 'duplicate': 1619725, 'dirty-pages-rate': 0, 'normal-bytes': 1861722112, 'normal': 454522}}
QMP cmd [src6] query-migrate args={}
QMP reply [src6] query-migrate: {'expected-downtime': 300, 'status': 'active', 'setup-time': 1, 'total-time': 14057, 'ram': {'total': 8607571968, 'postcopy-requests': 0, 'dirty-sync-count': 1, 'multifd-bytes': 0, 'pages-per-second': 32960, 'downtime-bytes': 0, 'page-size': 4096, 'remaining': 84455424, 'postcopy-bytes': 0, 'mbps': 1082.1441599999998, 'transferred': 1906992208, 'dirty-sync-missed-zero-copy': 0, 'precopy-bytes': 1906990516, 'duplicate': 1619725, 'dirty-pages-rate': 0, 'normal-bytes': 1888722944, 'normal': 461114}}
QMP cmd [src6] query-migrate args={}
QMP reply [src6] query-migrate: {'expected-downtime': 300, 'status': 'active', 'setup-time': 1, 'total-time': 14258, 'ram': {'total': 8607571968, 'postcopy-requests': 0, 'dirty-sync-count': 1, 'multifd-bytes': 0, 'pages-per-second': 32960, 'downtime-bytes': 0, 'page-size': 4096, 'remaining': 57454592, 'postcopy-bytes': 0, 'mbps': 1082.1441599999998, 'transferred': 1934045812, 'dirty-sync-missed-zero-copy': 0, 'precopy-bytes': 1934044100, 'duplicate': 1619725, 'dirty-pages-rate': 0, 'normal-bytes': 1915723776, 'normal': 467706}}
QMP cmd [src6] query-migrate args={}
QMP reply [src6] query-migrate: {'expected-downtime': 300, 'status': 'active', 'setup-time': 1, 'total-time': 14459, 'ram': {'total': 8607571968, 'postcopy-requests': 0, 'dirty-sync-count': 1, 'multifd-bytes': 0, 'pages-per-second': 32960, 'downtime-bytes': 0, 'page-size': 4096, 'remaining': 30453760, 'postcopy-bytes': 0, 'mbps': 1082.1441599999998, 'transferred': 1961099416, 'dirty-sync-missed-zero-copy': 0, 'precopy-bytes': 1961097684, 'duplicate': 1619725, 'dirty-pages-rate': 0, 'normal-bytes': 1942724608, 'normal': 474298}}
QMP cmd [src6] query-migrate args={}
QMP reply [src6] query-migrate: {'expected-downtime': 2337, 'status': 'active', 'setup-time': 1, 'total-time': 14660, 'ram': {'total': 8607571968, 'postcopy-requests': 0, 'dirty-sync-count': 2, 'multifd-bytes': 0, 'pages-per-second': 75040, 'downtime-bytes': 0, 'page-size': 4096, 'remaining': 268238848, 'postcopy-bytes': 0, 'mbps': 1078.3063200000001, 'transferred': 1988110690, 'dirty-sync-missed-zero-copy': 0, 'precopy-bytes': 1988108938, 'duplicate': 1624581, 'dirty-pages-rate': 4791, 'normal-bytes': 1969639424, 'normal': 480869}}
QMP cmd [src6] query-migrate args={}
QMP reply [src6] query-migrate: {'expected-downtime': 2328, 'status': 'active', 'setup-time': 1, 'total-time': 14861, 'ram': {'total': 8607571968, 'postcopy-requests': 0, 'dirty-sync-count': 2, 'multifd-bytes': 0, 'pages-per-second': 37370, 'downtime-bytes': 0, 'page-size': 4096, 'remaining': 237731840, 'postcopy-bytes': 0, 'mbps': 1082.46168, 'transferred': 2015171998, 'dirty-sync-missed-zero-copy': 0, 'precopy-bytes': 2015170226, 'duplicate': 1625437, 'dirty-pages-rate': 4791, 'normal-bytes': 1996640256, 'normal': 487461}}
QMP cmd [src6] query-migrate args={}
QMP reply [src6] query-migrate: {'expected-downtime': 2328, 'status': 'active', 'setup-time': 1, 'total-time': 15061, 'ram': {'total': 8607571968, 'postcopy-requests': 0, 'dirty-sync-count': 2, 'multifd-bytes': 0, 'pages-per-second': 34060, 'downtime-bytes': 0, 'page-size': 4096, 'remaining': 209747968, 'postcopy-bytes': 0, 'mbps': 1082.2233600000002, 'transferred': 2042227762, 'dirty-sync-missed-zero-copy': 0, 'precopy-bytes': 2042225970, 'duplicate': 1625677, 'dirty-pages-rate': 4791, 'normal-bytes': 2023641088, 'normal': 494053}}
QMP cmd [src6] query-migrate args={}
QMP reply [src6] query-migrate: {'expected-downtime': 2328, 'status': 'active', 'setup-time': 1, 'total-time': 15262, 'ram': {'total': 8607571968, 'postcopy-requests': 0, 'dirty-sync-count': 2, 'multifd-bytes': 0, 'pages-per-second': 33990, 'downtime-bytes': 0, 'page-size': 4096, 'remaining': 182321152, 'postcopy-bytes': 0, 'mbps': 1082.2183200000002, 'transferred': 2069282302, 'dirty-sync-missed-zero-copy': 0, 'precopy-bytes': 2069280490, 'duplicate': 1625781, 'dirty-pages-rate': 4791, 'normal-bytes': 2050641920, 'normal': 500645}}
2026-07-14 20:33:26.559211SSH command: ssh -o BatchMode=yes -o StrictHostKeyChecking=no -o UserKnownHostsFile=/dev/null -o ConnectTimeout=1 -o LogLevel=ERROR -p 2227 -i /home/max/.ssh/pgvm_bench user@127.0.0.1 test -f /tmp/bench.done
Return code: 1
Stdout: 
Stderr: 
qemu-system-x86_64: terminating on signal 15 from pid 15322 (/home/max/Bachelor-Thesis/Repo/.venv/bin/python)
QMP cmd [src6] query-migrate args={}
QMP reply [src6] query-migrate: {'expected-downtime': 2329, 'status': 'active', 'setup-time': 1, 'total-time': 15463, 'ram': {'total': 8607571968, 'postcopy-requests': 0, 'dirty-sync-count': 2, 'multifd-bytes': 0, 'pages-per-second': 32960, 'downtime-bytes': 0, 'page-size': 4096, 'remaining': 155320320, 'postcopy-bytes': 0, 'mbps': 1082.1441599999998, 'transferred': 2096335906, 'dirty-sync-missed-zero-copy': 0, 'precopy-bytes': 2096334074, 'duplicate': 1625781, 'dirty-pages-rate': 4791, 'normal-bytes': 2077642752, 'normal': 507237}}
QMP cmd [src6] query-migrate args={}
QMP reply [src6] query-migrate: {'expected-downtime': 2329, 'status': 'active', 'setup-time': 1, 'total-time': 15664, 'ram': {'total': 8607571968, 'postcopy-requests': 0, 'dirty-sync-count': 2, 'multifd-bytes': 0, 'pages-per-second': 32960, 'downtime-bytes': 0, 'page-size': 4096, 'remaining': 127946752, 'postcopy-bytes': 0, 'mbps': 1082.1441599999998, 'transferred': 2123390329, 'dirty-sync-missed-zero-copy': 0, 'precopy-bytes': 2123388477, 'duplicate': 1625872, 'dirty-pages-rate': 4791, 'normal-bytes': 2104643584, 'normal': 513829}}
QMP cmd [src6] query-migrate args={}
QMP reply [src6] query-migrate: {'expected-downtime': 2329, 'status': 'active', 'setup-time': 1, 'total-time': 15864, 'ram': {'total': 8607571968, 'postcopy-requests': 0, 'dirty-sync-count': 2, 'multifd-bytes': 0, 'pages-per-second': 32960, 'downtime-bytes': 0, 'page-size': 4096, 'remaining': 100876288, 'postcopy-bytes': 0, 'mbps': 1082.1441599999998, 'transferred': 2150444086, 'dirty-sync-missed-zero-copy': 0, 'precopy-bytes': 2150442214, 'duplicate': 1625889, 'dirty-pages-rate': 4791, 'normal-bytes': 2131644416, 'normal': 520421}}
QMP cmd [src6] query-migrate args={}
QMP reply [src6] query-migrate: {'expected-downtime': 2328, 'status': 'active', 'setup-time': 1, 'total-time': 16065, 'ram': {'total': 8607571968, 'postcopy-requests': 0, 'dirty-sync-count': 2, 'multifd-bytes': 0, 'pages-per-second': 33660, 'downtime-bytes': 0, 'page-size': 4096, 'remaining': 73588736, 'postcopy-bytes': 0, 'mbps': 1082.1945600000001, 'transferred': 2177498320, 'dirty-sync-missed-zero-copy': 0, 'precopy-bytes': 2177496428, 'duplicate': 1625959, 'dirty-pages-rate': 4791, 'normal-bytes': 2158645248, 'normal': 527013}}
QMP cmd [src6] query-migrate args={}
QMP reply [src6] query-migrate: {'expected-downtime': 2329, 'status': 'active', 'setup-time': 1, 'total-time': 16266, 'ram': {'total': 8607571968, 'postcopy-requests': 0, 'dirty-sync-count': 2, 'multifd-bytes': 0, 'pages-per-second': 33080, 'downtime-bytes': 0, 'page-size': 4096, 'remaining': 46538752, 'postcopy-bytes': 0, 'mbps': 1082.1528, 'transferred': 2204552032, 'dirty-sync-missed-zero-copy': 0, 'precopy-bytes': 2204550120, 'duplicate': 1625971, 'dirty-pages-rate': 4791, 'normal-bytes': 2185646080, 'normal': 533605}}
QMP cmd [src6] query-migrate args={}
QMP reply [src6] query-migrate: {'expected-downtime': 2328, 'status': 'active', 'setup-time': 1, 'total-time': 16467, 'ram': {'total': 8607571968, 'postcopy-requests': 0, 'dirty-sync-count': 3, 'multifd-bytes': 0, 'pages-per-second': 33480, 'downtime-bytes': 0, 'page-size': 4096, 'remaining': 91070464, 'postcopy-bytes': 0, 'mbps': 1082.1816000000001, 'transferred': 2231608984, 'dirty-sync-missed-zero-copy': 0, 'precopy-bytes': 2231607052, 'duplicate': 1626343, 'dirty-pages-rate': 9387, 'normal-bytes': 2212646912, 'normal': 540197}}
QMP cmd [src6] query-migrate args={}
QMP reply [src6] query-migrate: {'expected-downtime': 782, 'status': 'active', 'setup-time': 1, 'total-time': 16668, 'ram': {'total': 8607571968, 'postcopy-requests': 0, 'dirty-sync-count': 3, 'multifd-bytes': 0, 'pages-per-second': 37220, 'downtime-bytes': 0, 'page-size': 4096, 'remaining': 62287872, 'postcopy-bytes': 0, 'mbps': 1082.4508799999999, 'transferred': 2258666503, 'dirty-sync-missed-zero-copy': 0, 'precopy-bytes': 2258664551, 'duplicate': 1626778, 'dirty-pages-rate': 9387, 'normal-bytes': 2239647744, 'normal': 546789}}
QMP cmd [src6] query-migrate args={}
QMP reply [src6] query-migrate: {'expected-downtime': 782, 'status': 'active', 'setup-time': 1, 'total-time': 16869, 'ram': {'total': 8607571968, 'postcopy-requests': 0, 'dirty-sync-count': 3, 'multifd-bytes': 0, 'pages-per-second': 34650, 'downtime-bytes': 0, 'page-size': 4096, 'remaining': 33828864, 'postcopy-bytes': 0, 'mbps': 1082.2681599999999, 'transferred': 2285723340, 'dirty-sync-missed-zero-copy': 0, 'precopy-bytes': 2285721368, 'duplicate': 1627134, 'dirty-pages-rate': 9387, 'normal-bytes': 2266648576, 'normal': 553381}}
QMP cmd [src6] query-migrate args={}
QMP reply [src6] query-migrate: {'expected-downtime': 375, 'status': 'active', 'setup-time': 1, 'total-time': 17070, 'ram': {'total': 8607571968, 'postcopy-requests': 0, 'dirty-sync-count': 5, 'multifd-bytes': 0, 'pages-per-second': 33410, 'downtime-bytes': 0, 'page-size': 4096, 'remaining': 35110912, 'postcopy-bytes': 0, 'mbps': 1082.17656, 'transferred': 2312778096, 'dirty-sync-missed-zero-copy': 0, 'precopy-bytes': 2312776104, 'duplicate': 1627262, 'dirty-pages-rate': 9387, 'normal-bytes': 2293649408, 'normal': 559973}}
QMP cmd [src6] query-migrate args={}
QMP reply [src6] query-migrate: {'status': 'completed', 'setup-time': 1, 'downtime': 14, 'total-time': 17216, 'ram': {'total': 8607571968, 'postcopy-requests': 0, 'dirty-sync-count': 8, 'multifd-bytes': 0, 'pages-per-second': 33060, 'downtime-bytes': 31251287, 'page-size': 4096, 'remaining': 0, 'postcopy-bytes': 0, 'mbps': 1095.7770916061575, 'transferred': 2357975329, 'dirty-sync-missed-zero-copy': 0, 'precopy-bytes': 2326302986, 'duplicate': 1627650, 'dirty-pages-rate': 0, 'normal-bytes': 2338336768, 'normal': 570883}}
