2026-07-14 20:42:30.552219SSH command: ssh -o BatchMode=yes -o StrictHostKeyChecking=no -o UserKnownHostsFile=/dev/null -o ConnectTimeout=1 -o LogLevel=ERROR -p 2229 -i /home/max/.ssh/pgvm_bench user@127.0.0.1 systemd-analyze
Return code: 0
Stdout: Startup finished in 816ms (kernel) + 3.186s (userspace) = 4.002s 
graphical.target reached after 3.185s in userspace.

Stderr: 
2026-07-14 20:42:30.694994SSH command: ssh -o BatchMode=yes -o StrictHostKeyChecking=no -o UserKnownHostsFile=/dev/null -o ConnectTimeout=1 -o LogLevel=ERROR -p 2229 -i /home/max/.ssh/pgvm_bench user@127.0.0.1 rm -f /tmp/bench.done /tmp/pg-buffer-hit-ratio.csv /tmp/pg-buffer-sampler.log; nohup bash /home/user/pg_sampler.sh /tmp/bench.done /tmp/pg-buffer-hit-ratio.csv ycsb >/tmp/pg-buffer-sampler.log 2>&1 &
Return code: 0
Stdout: 
Stderr: 
QMP cmd [src8] migrate-set-capabilities args={'capabilities': [{'capability': 'auto-converge', 'state': False}, {'capability': 'events', 'state': True}, {'capability': 'postcopy-blocktime', 'state': False}, {'capability': 'postcopy-ram', 'state': False}]}
QMP cmd [src8] query-migrate args={}
QMP reply [src8] migrate-set-capabilities: {}
QMP cmd [src8] migrate args={'uri': 'unix:/tmp/mig.sock'}
QMP reply [src8] query-migrate: {}
QMP reply [src8] migrate: {}
2026-07-14 20:45:01.095831SSH command: ssh -o BatchMode=yes -o StrictHostKeyChecking=no -o UserKnownHostsFile=/dev/null -o ConnectTimeout=1 -o LogLevel=ERROR -p 2229 -i /home/max/.ssh/pgvm_bench user@127.0.0.1 test -f /tmp/bench.done
Return code: 1
Stdout: 
Stderr: 
QMP cmd [src8] query-migrate args={}
QMP reply [src8] query-migrate: {'expected-downtime': 300, 'status': 'active', 'setup-time': 2, 'total-time': 201, 'ram': {'total': 8607571968, 'postcopy-requests': 0, 'dirty-sync-count': 1, 'multifd-bytes': 0, 'pages-per-second': 35530, 'downtime-bytes': 0, 'page-size': 4096, 'remaining': 8575774720, 'postcopy-bytes': 0, 'mbps': 1082.3292, 'transferred': 28898714, 'dirty-sync-missed-zero-copy': 0, 'precopy-bytes': 29025634, 'duplicate': 691, 'dirty-pages-rate': 0, 'normal-bytes': 28962816, 'normal': 7071}}
QMP cmd [src8] query-migrate args={}
QMP reply [src8] query-migrate: {'expected-downtime': 300, 'status': 'active', 'setup-time': 2, 'total-time': 402, 'ram': {'total': 8607571968, 'postcopy-requests': 0, 'dirty-sync-count': 1, 'multifd-bytes': 0, 'pages-per-second': 2045870, 'downtime-bytes': 0, 'page-size': 4096, 'remaining': 7681339392, 'postcopy-bytes': 0, 'mbps': 1073.75688, 'transferred': 61339052, 'dirty-sync-missed-zero-copy': 0, 'precopy-bytes': 61465952, 'duplicate': 211617, 'dirty-pages-rate': 0, 'normal-bytes': 59445248, 'normal': 14513}}
QMP cmd [src8] query-migrate args={}
QMP reply [src8] query-migrate: {'expected-downtime': 300, 'status': 'active', 'setup-time': 2, 'total-time': 603, 'ram': {'total': 8607571968, 'postcopy-requests': 0, 'dirty-sync-count': 1, 'multifd-bytes': 0, 'pages-per-second': 32960, 'downtime-bytes': 0, 'page-size': 4096, 'remaining': 6804414464, 'postcopy-bytes': 0, 'mbps': 1082.1441599999998, 'transferred': 90911270, 'dirty-sync-missed-zero-copy': 0, 'precopy-bytes': 91038150, 'duplicate': 418959, 'dirty-pages-rate': 0, 'normal-bytes': 87097344, 'normal': 21264}}
QMP cmd [src8] query-migrate args={}
QMP reply [src8] query-migrate: {'expected-downtime': 300, 'status': 'active', 'setup-time': 2, 'total-time': 804, 'ram': {'total': 8607571968, 'postcopy-requests': 0, 'dirty-sync-count': 1, 'multifd-bytes': 0, 'pages-per-second': 35210, 'downtime-bytes': 0, 'page-size': 4096, 'remaining': 6761984000, 'postcopy-bytes': 0, 'mbps': 1082.3061599999999, 'transferred': 121668193, 'dirty-sync-missed-zero-copy': 0, 'precopy-bytes': 121667821, 'duplicate': 421862, 'dirty-pages-rate': 0, 'normal-bytes': 117641216, 'normal': 28721}}
QMP cmd [src8] query-migrate args={}
QMP reply [src8] query-migrate: {'expected-downtime': 300, 'status': 'active', 'setup-time': 2, 'total-time': 1005, 'ram': {'total': 8607571968, 'postcopy-requests': 0, 'dirty-sync-count': 1, 'multifd-bytes': 0, 'pages-per-second': 3379590, 'downtime-bytes': 0, 'page-size': 4096, 'remaining': 5351198720, 'postcopy-bytes': 0, 'mbps': 1076.41872, 'transferred': 148547764, 'dirty-sync-missed-zero-copy': 0, 'precopy-bytes': 148547372, 'duplicate': 760485, 'dirty-pages-rate': 0, 'normal-bytes': 141426688, 'normal': 34528}}
QMP cmd [src8] query-migrate args={}
QMP reply [src8] query-migrate: {'expected-downtime': 300, 'status': 'active', 'setup-time': 2, 'total-time': 1206, 'ram': {'total': 8607571968, 'postcopy-requests': 0, 'dirty-sync-count': 1, 'multifd-bytes': 0, 'pages-per-second': 36020, 'downtime-bytes': 0, 'page-size': 4096, 'remaining': 5318201344, 'postcopy-bytes': 0, 'mbps': 1082.36448, 'transferred': 175614544, 'dirty-sync-missed-zero-copy': 0, 'precopy-bytes': 175614132, 'duplicate': 761949, 'dirty-pages-rate': 0, 'normal-bytes': 168427520, 'normal': 41120}}
QMP cmd [src8] query-migrate args={}
QMP reply [src8] query-migrate: {'expected-downtime': 300, 'status': 'active', 'setup-time': 2, 'total-time': 1407, 'ram': {'total': 8607571968, 'postcopy-requests': 0, 'dirty-sync-count': 1, 'multifd-bytes': 0, 'pages-per-second': 45890, 'downtime-bytes': 0, 'page-size': 4096, 'remaining': 5285076992, 'postcopy-bytes': 0, 'mbps': 1083.0751200000002, 'transferred': 202681603, 'dirty-sync-missed-zero-copy': 0, 'precopy-bytes': 202681171, 'duplicate': 763444, 'dirty-pages-rate': 0, 'normal-bytes': 195428352, 'normal': 47712}}
QMP cmd [src8] query-migrate args={}
QMP reply [src8] query-migrate: {'expected-downtime': 300, 'status': 'active', 'setup-time': 2, 'total-time': 1607, 'ram': {'total': 8607571968, 'postcopy-requests': 0, 'dirty-sync-count': 1, 'multifd-bytes': 0, 'pages-per-second': 49910, 'downtime-bytes': 0, 'page-size': 4096, 'remaining': 5251051520, 'postcopy-bytes': 0, 'mbps': 1083.36456, 'transferred': 229750642, 'dirty-sync-missed-zero-copy': 0, 'precopy-bytes': 229750190, 'duplicate': 765159, 'dirty-pages-rate': 0, 'normal-bytes': 222429184, 'normal': 54304}}
QMP cmd [src8] query-migrate args={}
QMP reply [src8] query-migrate: {'expected-downtime': 300, 'status': 'active', 'setup-time': 2, 'total-time': 1808, 'ram': {'total': 8607571968, 'postcopy-requests': 0, 'dirty-sync-count': 1, 'multifd-bytes': 0, 'pages-per-second': 33280, 'downtime-bytes': 0, 'page-size': 4096, 'remaining': 5222772736, 'postcopy-bytes': 0, 'mbps': 1082.1671999999999, 'transferred': 256807054, 'dirty-sync-missed-zero-copy': 0, 'precopy-bytes': 256806582, 'duplicate': 765471, 'dirty-pages-rate': 0, 'normal-bytes': 249430016, 'normal': 60896}}
QMP cmd [src8] query-migrate args={}
QMP reply [src8] query-migrate: {'expected-downtime': 300, 'status': 'active', 'setup-time': 2, 'total-time': 2009, 'ram': {'total': 8607571968, 'postcopy-requests': 0, 'dirty-sync-count': 1, 'multifd-bytes': 0, 'pages-per-second': 36770, 'downtime-bytes': 0, 'page-size': 4096, 'remaining': 5190205440, 'postcopy-bytes': 0, 'mbps': 1082.41848, 'transferred': 283872889, 'dirty-sync-missed-zero-copy': 0, 'precopy-bytes': 283872397, 'duplicate': 766830, 'dirty-pages-rate': 0, 'normal-bytes': 276430848, 'normal': 67488}}
QMP cmd [src8] query-migrate args={}
QMP reply [src8] query-migrate: {'expected-downtime': 300, 'status': 'active', 'setup-time': 2, 'total-time': 2210, 'ram': {'total': 8607571968, 'postcopy-requests': 0, 'dirty-sync-count': 1, 'multifd-bytes': 0, 'pages-per-second': 32980, 'downtime-bytes': 0, 'page-size': 4096, 'remaining': 5142978560, 'postcopy-bytes': 0, 'mbps': 1082.1456, 'transferred': 310880845, 'dirty-sync-missed-zero-copy': 0, 'precopy-bytes': 310880333, 'duplicate': 771790, 'dirty-pages-rate': 0, 'normal-bytes': 303341568, 'normal': 74058}}
2026-07-14 20:45:03.262560SSH command: ssh -o BatchMode=yes -o StrictHostKeyChecking=no -o UserKnownHostsFile=/dev/null -o ConnectTimeout=1 -o LogLevel=ERROR -p 2229 -i /home/max/.ssh/pgvm_bench user@127.0.0.1 test -f /tmp/bench.done
Return code: 1
Stdout: 
Stderr: 
QMP cmd [src8] query-migrate args={}
QMP reply [src8] query-migrate: {'expected-downtime': 300, 'status': 'active', 'setup-time': 2, 'total-time': 2411, 'ram': {'total': 8607571968, 'postcopy-requests': 0, 'dirty-sync-count': 1, 'multifd-bytes': 0, 'pages-per-second': 49980, 'downtime-bytes': 0, 'page-size': 4096, 'remaining': 5108985856, 'postcopy-bytes': 0, 'mbps': 1083.3696, 'transferred': 337949812, 'dirty-sync-missed-zero-copy': 0, 'precopy-bytes': 337949280, 'duplicate': 773497, 'dirty-pages-rate': 0, 'normal-bytes': 330342400, 'normal': 80650}}
QMP cmd [src8] query-migrate args={}
QMP reply [src8] query-migrate: {'expected-downtime': 300, 'status': 'active', 'setup-time': 2, 'total-time': 2612, 'ram': {'total': 8607571968, 'postcopy-requests': 0, 'dirty-sync-count': 1, 'multifd-bytes': 0, 'pages-per-second': 33010, 'downtime-bytes': 0, 'page-size': 4096, 'remaining': 5081051136, 'postcopy-bytes': 0, 'mbps': 1082.14776, 'transferred': 365005468, 'dirty-sync-missed-zero-copy': 0, 'precopy-bytes': 365004916, 'duplicate': 773725, 'dirty-pages-rate': 0, 'normal-bytes': 357343232, 'normal': 87242}}
QMP cmd [src8] query-migrate args={}
QMP reply [src8] query-migrate: {'expected-downtime': 300, 'status': 'active', 'setup-time': 2, 'total-time': 2813, 'ram': {'total': 8607571968, 'postcopy-requests': 0, 'dirty-sync-count': 1, 'multifd-bytes': 0, 'pages-per-second': 33080, 'downtime-bytes': 0, 'page-size': 4096, 'remaining': 5051256832, 'postcopy-bytes': 0, 'mbps': 1082.1528, 'transferred': 392065210, 'dirty-sync-missed-zero-copy': 0, 'precopy-bytes': 392064638, 'duplicate': 774407, 'dirty-pages-rate': 0, 'normal-bytes': 384344064, 'normal': 93834}}
QMP cmd [src8] query-migrate args={}
QMP reply [src8] query-migrate: {'expected-downtime': 300, 'status': 'active', 'setup-time': 2, 'total-time': 3014, 'ram': {'total': 8607571968, 'postcopy-requests': 0, 'dirty-sync-count': 1, 'multifd-bytes': 0, 'pages-per-second': 46140, 'downtime-bytes': 0, 'page-size': 4096, 'remaining': 5016444928, 'postcopy-bytes': 0, 'mbps': 1083.09312, 'transferred': 419135977, 'dirty-sync-missed-zero-copy': 0, 'precopy-bytes': 419135385, 'duplicate': 776314, 'dirty-pages-rate': 0, 'normal-bytes': 411344896, 'normal': 100426}}
QMP cmd [src8] query-migrate args={}
QMP reply [src8] query-migrate: {'expected-downtime': 300, 'status': 'active', 'setup-time': 2, 'total-time': 3215, 'ram': {'total': 8607571968, 'postcopy-requests': 0, 'dirty-sync-count': 1, 'multifd-bytes': 0, 'pages-per-second': 43850, 'downtime-bytes': 0, 'page-size': 4096, 'remaining': 4984979456, 'postcopy-bytes': 0, 'mbps': 1082.92824, 'transferred': 446199391, 'dirty-sync-missed-zero-copy': 0, 'precopy-bytes': 446198779, 'duplicate': 777404, 'dirty-pages-rate': 0, 'normal-bytes': 438345728, 'normal': 107018}}
QMP cmd [src8] query-migrate args={}
QMP reply [src8] query-migrate: {'expected-downtime': 300, 'status': 'active', 'setup-time': 2, 'total-time': 3415, 'ram': {'total': 8607571968, 'postcopy-requests': 0, 'dirty-sync-count': 1, 'multifd-bytes': 0, 'pages-per-second': 33280, 'downtime-bytes': 0, 'page-size': 4096, 'remaining': 4957847552, 'postcopy-bytes': 0, 'mbps': 1082.1671999999999, 'transferred': 473253283, 'dirty-sync-missed-zero-copy': 0, 'precopy-bytes': 473252651, 'duplicate': 777436, 'dirty-pages-rate': 0, 'normal-bytes': 465346560, 'normal': 113610}}
QMP cmd [src8] query-migrate args={}
QMP reply [src8] query-migrate: {'expected-downtime': 300, 'status': 'active', 'setup-time': 2, 'total-time': 3616, 'ram': {'total': 8607571968, 'postcopy-requests': 0, 'dirty-sync-count': 1, 'multifd-bytes': 0, 'pages-per-second': 33540, 'downtime-bytes': 0, 'page-size': 4096, 'remaining': 4929740800, 'postcopy-bytes': 0, 'mbps': 1082.18592, 'transferred': 500309317, 'dirty-sync-missed-zero-copy': 0, 'precopy-bytes': 500308665, 'duplicate': 777706, 'dirty-pages-rate': 0, 'normal-bytes': 492347392, 'normal': 120202}}
QMP cmd [src8] query-migrate args={}
QMP reply [src8] query-migrate: {'expected-downtime': 300, 'status': 'active', 'setup-time': 2, 'total-time': 3817, 'ram': {'total': 8607571968, 'postcopy-requests': 0, 'dirty-sync-count': 1, 'multifd-bytes': 0, 'pages-per-second': 39130, 'downtime-bytes': 0, 'page-size': 4096, 'remaining': 4900159488, 'postcopy-bytes': 0, 'mbps': 1082.5883999999999, 'transferred': 527368591, 'dirty-sync-missed-zero-copy': 0, 'precopy-bytes': 527367919, 'duplicate': 778336, 'dirty-pages-rate': 0, 'normal-bytes': 519348224, 'normal': 126794}}
QMP cmd [src8] query-migrate args={}
QMP reply [src8] query-migrate: {'expected-downtime': 300, 'status': 'active', 'setup-time': 2, 'total-time': 4018, 'ram': {'total': 8607571968, 'postcopy-requests': 0, 'dirty-sync-count': 1, 'multifd-bytes': 0, 'pages-per-second': 33280, 'downtime-bytes': 0, 'page-size': 4096, 'remaining': 4872228864, 'postcopy-bytes': 0, 'mbps': 1082.1671999999999, 'transferred': 554424238, 'dirty-sync-missed-zero-copy': 0, 'precopy-bytes': 554423546, 'duplicate': 778563, 'dirty-pages-rate': 0, 'normal-bytes': 546349056, 'normal': 133386}}
QMP cmd [src8] query-migrate args={}
QMP reply [src8] query-migrate: {'expected-downtime': 300, 'status': 'active', 'setup-time': 2, 'total-time': 4218, 'ram': {'total': 8607571968, 'postcopy-requests': 0, 'dirty-sync-count': 1, 'multifd-bytes': 0, 'pages-per-second': 33170, 'downtime-bytes': 0, 'page-size': 4096, 'remaining': 4844691456, 'postcopy-bytes': 0, 'mbps': 1082.15928, 'transferred': 581479021, 'dirty-sync-missed-zero-copy': 0, 'precopy-bytes': 581478309, 'duplicate': 778694, 'dirty-pages-rate': 0, 'normal-bytes': 573349888, 'normal': 139978}}
QMP cmd [src8] query-migrate args={}
QMP reply [src8] query-migrate: {'expected-downtime': 300, 'status': 'active', 'setup-time': 2, 'total-time': 4419, 'ram': {'total': 8607571968, 'postcopy-requests': 0, 'dirty-sync-count': 1, 'multifd-bytes': 0, 'pages-per-second': 34000, 'downtime-bytes': 0, 'page-size': 4096, 'remaining': 4817133568, 'postcopy-bytes': 0, 'mbps': 1082.21904, 'transferred': 608533849, 'dirty-sync-missed-zero-copy': 0, 'precopy-bytes': 608533117, 'duplicate': 778830, 'dirty-pages-rate': 0, 'normal-bytes': 600350720, 'normal': 146570}}
2026-07-14 20:45:05.442354SSH command: ssh -o BatchMode=yes -o StrictHostKeyChecking=no -o UserKnownHostsFile=/dev/null -o ConnectTimeout=1 -o LogLevel=ERROR -p 2229 -i /home/max/.ssh/pgvm_bench user@127.0.0.1 test -f /tmp/bench.done
Return code: 1
Stdout: 
Stderr: 
QMP cmd [src8] query-migrate args={}
QMP reply [src8] query-migrate: {'expected-downtime': 300, 'status': 'active', 'setup-time': 2, 'total-time': 4620, 'ram': {'total': 8607571968, 'postcopy-requests': 0, 'dirty-sync-count': 1, 'multifd-bytes': 0, 'pages-per-second': 34150, 'downtime-bytes': 0, 'page-size': 4096, 'remaining': 4789420032, 'postcopy-bytes': 0, 'mbps': 1082.2298400000002, 'transferred': 635589019, 'dirty-sync-missed-zero-copy': 0, 'precopy-bytes': 635588267, 'duplicate': 779004, 'dirty-pages-rate': 0, 'normal-bytes': 627351552, 'normal': 153162}}
QMP cmd [src8] query-migrate args={}
QMP reply [src8] query-migrate: {'expected-downtime': 300, 'status': 'active', 'setup-time': 2, 'total-time': 4821, 'ram': {'total': 8607571968, 'postcopy-requests': 0, 'dirty-sync-count': 1, 'multifd-bytes': 0, 'pages-per-second': 32960, 'downtime-bytes': 0, 'page-size': 4096, 'remaining': 4762263552, 'postcopy-bytes': 0, 'mbps': 1082.1441599999998, 'transferred': 662642965, 'dirty-sync-missed-zero-copy': 0, 'precopy-bytes': 662642193, 'duplicate': 779042, 'dirty-pages-rate': 0, 'normal-bytes': 654352384, 'normal': 159754}}
QMP cmd [src8] query-migrate args={}
QMP reply [src8] query-migrate: {'expected-downtime': 300, 'status': 'active', 'setup-time': 2, 'total-time': 5022, 'ram': {'total': 8607571968, 'postcopy-requests': 0, 'dirty-sync-count': 1, 'multifd-bytes': 0, 'pages-per-second': 33350, 'downtime-bytes': 0, 'page-size': 4096, 'remaining': 4735078400, 'postcopy-bytes': 0, 'mbps': 1082.17224, 'transferred': 689696974, 'dirty-sync-missed-zero-copy': 0, 'precopy-bytes': 689696182, 'duplicate': 779087, 'dirty-pages-rate': 0, 'normal-bytes': 681353216, 'normal': 166346}}
QMP cmd [src8] query-migrate args={}
QMP reply [src8] query-migrate: {'expected-downtime': 300, 'status': 'active', 'setup-time': 2, 'total-time': 5222, 'ram': {'total': 8607571968, 'postcopy-requests': 0, 'dirty-sync-count': 1, 'multifd-bytes': 0, 'pages-per-second': 35000, 'downtime-bytes': 0, 'page-size': 4096, 'remaining': 4707176448, 'postcopy-bytes': 0, 'mbps': 1082.29104, 'transferred': 716752558, 'dirty-sync-missed-zero-copy': 0, 'precopy-bytes': 716751746, 'duplicate': 779307, 'dirty-pages-rate': 0, 'normal-bytes': 708354048, 'normal': 172938}}
QMP cmd [src8] query-migrate args={}
QMP reply [src8] query-migrate: {'expected-downtime': 300, 'status': 'active', 'setup-time': 2, 'total-time': 5423, 'ram': {'total': 8607571968, 'postcopy-requests': 0, 'dirty-sync-count': 1, 'multifd-bytes': 0, 'pages-per-second': 33460, 'downtime-bytes': 0, 'page-size': 4096, 'remaining': 4679868416, 'postcopy-bytes': 0, 'mbps': 1082.18016, 'transferred': 743806837, 'dirty-sync-missed-zero-copy': 0, 'precopy-bytes': 743806005, 'duplicate': 779382, 'dirty-pages-rate': 0, 'normal-bytes': 735354880, 'normal': 179530}}
QMP cmd [src8] query-migrate args={}
QMP reply [src8] query-migrate: {'expected-downtime': 300, 'status': 'active', 'setup-time': 2, 'total-time': 5624, 'ram': {'total': 8607571968, 'postcopy-requests': 0, 'dirty-sync-count': 1, 'multifd-bytes': 0, 'pages-per-second': 33000, 'downtime-bytes': 0, 'page-size': 4096, 'remaining': 4652793856, 'postcopy-bytes': 0, 'mbps': 1082.14704, 'transferred': 770860603, 'dirty-sync-missed-zero-copy': 0, 'precopy-bytes': 770859751, 'duplicate': 779400, 'dirty-pages-rate': 0, 'normal-bytes': 762355712, 'normal': 186122}}
QMP cmd [src8] query-migrate args={}
QMP reply [src8] query-migrate: {'expected-downtime': 300, 'status': 'active', 'setup-time': 2, 'total-time': 5825, 'ram': {'total': 8607571968, 'postcopy-requests': 0, 'dirty-sync-count': 1, 'multifd-bytes': 0, 'pages-per-second': 39730, 'downtime-bytes': 0, 'page-size': 4096, 'remaining': 4622995456, 'postcopy-bytes': 0, 'mbps': 1082.6316000000002, 'transferred': 797920354, 'dirty-sync-missed-zero-copy': 0, 'precopy-bytes': 797919482, 'duplicate': 780083, 'dirty-pages-rate': 0, 'normal-bytes': 789356544, 'normal': 192714}}
QMP cmd [src8] query-migrate args={}
QMP reply [src8] query-migrate: {'expected-downtime': 300, 'status': 'active', 'setup-time': 2, 'total-time': 6025, 'ram': {'total': 8607571968, 'postcopy-requests': 0, 'dirty-sync-count': 1, 'multifd-bytes': 0, 'pages-per-second': 33740, 'downtime-bytes': 0, 'page-size': 4096, 'remaining': 4595650560, 'postcopy-bytes': 0, 'mbps': 1082.2003200000001, 'transferred': 824974714, 'dirty-sync-missed-zero-copy': 0, 'precopy-bytes': 824973822, 'duplicate': 780167, 'dirty-pages-rate': 0, 'normal-bytes': 816357376, 'normal': 199306}}
QMP cmd [src8] query-migrate args={}
QMP reply [src8] query-migrate: {'expected-downtime': 300, 'status': 'active', 'setup-time': 2, 'total-time': 6226, 'ram': {'total': 8607571968, 'postcopy-requests': 0, 'dirty-sync-count': 1, 'multifd-bytes': 0, 'pages-per-second': 33020, 'downtime-bytes': 0, 'page-size': 4096, 'remaining': 4568608768, 'postcopy-bytes': 0, 'mbps': 1082.14848, 'transferred': 852028408, 'dirty-sync-missed-zero-copy': 0, 'precopy-bytes': 852027496, 'duplicate': 780177, 'dirty-pages-rate': 0, 'normal-bytes': 843358208, 'normal': 205898}}
QMP cmd [src8] query-migrate args={}
QMP reply [src8] query-migrate: {'expected-downtime': 300, 'status': 'active', 'setup-time': 2, 'total-time': 6427, 'ram': {'total': 8607571968, 'postcopy-requests': 0, 'dirty-sync-count': 1, 'multifd-bytes': 0, 'pages-per-second': 38810, 'downtime-bytes': 0, 'page-size': 4096, 'remaining': 4539158528, 'postcopy-bytes': 0, 'mbps': 1082.56536, 'transferred': 879087394, 'dirty-sync-missed-zero-copy': 0, 'precopy-bytes': 879086462, 'duplicate': 780775, 'dirty-pages-rate': 0, 'normal-bytes': 870359040, 'normal': 212490}}
QMP cmd [src8] query-migrate args={}
QMP reply [src8] query-migrate: {'expected-downtime': 300, 'status': 'active', 'setup-time': 2, 'total-time': 6628, 'ram': {'total': 8607571968, 'postcopy-requests': 0, 'dirty-sync-count': 1, 'multifd-bytes': 0, 'pages-per-second': 33600, 'downtime-bytes': 0, 'page-size': 4096, 'remaining': 4511887360, 'postcopy-bytes': 0, 'mbps': 1082.19024, 'transferred': 906141592, 'dirty-sync-missed-zero-copy': 0, 'precopy-bytes': 906140640, 'duplicate': 780841, 'dirty-pages-rate': 0, 'normal-bytes': 897359872, 'normal': 219082}}
2026-07-14 20:45:07.603283SSH command: ssh -o BatchMode=yes -o StrictHostKeyChecking=no -o UserKnownHostsFile=/dev/null -o ConnectTimeout=1 -o LogLevel=ERROR -p 2229 -i /home/max/.ssh/pgvm_bench user@127.0.0.1 test -f /tmp/bench.done
Return code: 1
Stdout: 
Stderr: 
QMP cmd [src8] query-migrate args={}
QMP reply [src8] query-migrate: {'expected-downtime': 300, 'status': 'active', 'setup-time': 2, 'total-time': 6829, 'ram': {'total': 8607571968, 'postcopy-requests': 0, 'dirty-sync-count': 1, 'multifd-bytes': 0, 'pages-per-second': 38280, 'downtime-bytes': 0, 'page-size': 4096, 'remaining': 4482699264, 'postcopy-bytes': 0, 'mbps': 1082.5272, 'transferred': 933200002, 'dirty-sync-missed-zero-copy': 0, 'precopy-bytes': 933199030, 'duplicate': 781375, 'dirty-pages-rate': 0, 'normal-bytes': 924360704, 'normal': 225674}}
QMP cmd [src8] query-migrate args={}
QMP reply [src8] query-migrate: {'expected-downtime': 300, 'status': 'active', 'setup-time': 2, 'total-time': 7030, 'ram': {'total': 8607571968, 'postcopy-requests': 0, 'dirty-sync-count': 1, 'multifd-bytes': 0, 'pages-per-second': 32980, 'downtime-bytes': 0, 'page-size': 4096, 'remaining': 4455690240, 'postcopy-bytes': 0, 'mbps': 1082.1456, 'transferred': 960253624, 'dirty-sync-missed-zero-copy': 0, 'precopy-bytes': 960252632, 'duplicate': 781377, 'dirty-pages-rate': 0, 'normal-bytes': 951361536, 'normal': 232266}}
QMP cmd [src8] query-migrate args={}
QMP reply [src8] query-migrate: {'expected-downtime': 300, 'status': 'active', 'setup-time': 2, 'total-time': 7231, 'ram': {'total': 8607571968, 'postcopy-requests': 0, 'dirty-sync-count': 1, 'multifd-bytes': 0, 'pages-per-second': 32980, 'downtime-bytes': 0, 'page-size': 4096, 'remaining': 4428681216, 'postcopy-bytes': 0, 'mbps': 1082.1456, 'transferred': 987307246, 'dirty-sync-missed-zero-copy': 0, 'precopy-bytes': 987306234, 'duplicate': 781379, 'dirty-pages-rate': 0, 'normal-bytes': 978362368, 'normal': 238858}}
QMP cmd [src8] query-migrate args={}
QMP reply [src8] query-migrate: {'expected-downtime': 300, 'status': 'active', 'setup-time': 2, 'total-time': 7431, 'ram': {'total': 8607571968, 'postcopy-requests': 0, 'dirty-sync-count': 1, 'multifd-bytes': 0, 'pages-per-second': 33000, 'downtime-bytes': 0, 'page-size': 4096, 'remaining': 4401664000, 'postcopy-bytes': 0, 'mbps': 1082.14704, 'transferred': 1014360886, 'dirty-sync-missed-zero-copy': 0, 'precopy-bytes': 1014359854, 'duplicate': 781383, 'dirty-pages-rate': 0, 'normal-bytes': 1005363200, 'normal': 245450}}
QMP cmd [src8] query-migrate args={}
QMP reply [src8] query-migrate: {'expected-downtime': 300, 'status': 'active', 'setup-time': 2, 'total-time': 7632, 'ram': {'total': 8607571968, 'postcopy-requests': 0, 'dirty-sync-count': 1, 'multifd-bytes': 0, 'pages-per-second': 32980, 'downtime-bytes': 0, 'page-size': 4096, 'remaining': 4374646784, 'postcopy-bytes': 0, 'mbps': 1082.1456, 'transferred': 1041414526, 'dirty-sync-missed-zero-copy': 0, 'precopy-bytes': 1041413474, 'duplicate': 781387, 'dirty-pages-rate': 0, 'normal-bytes': 1032364032, 'normal': 252042}}
QMP cmd [src8] query-migrate args={}
QMP reply [src8] query-migrate: {'expected-downtime': 300, 'status': 'active', 'setup-time': 2, 'total-time': 7833, 'ram': {'total': 8607571968, 'postcopy-requests': 0, 'dirty-sync-count': 1, 'multifd-bytes': 0, 'pages-per-second': 33020, 'downtime-bytes': 0, 'page-size': 4096, 'remaining': 4347613184, 'postcopy-bytes': 0, 'mbps': 1082.14848, 'transferred': 1068468202, 'dirty-sync-missed-zero-copy': 0, 'precopy-bytes': 1068467130, 'duplicate': 781395, 'dirty-pages-rate': 0, 'normal-bytes': 1059364864, 'normal': 258634}}
QMP cmd [src8] query-migrate args={}
QMP reply [src8] query-migrate: {'expected-downtime': 300, 'status': 'active', 'setup-time': 2, 'total-time': 8034, 'ram': {'total': 8607571968, 'postcopy-requests': 0, 'dirty-sync-count': 1, 'multifd-bytes': 0, 'pages-per-second': 41810, 'downtime-bytes': 0, 'page-size': 4096, 'remaining': 4316954624, 'postcopy-bytes': 0, 'mbps': 1082.7813600000002, 'transferred': 1095529843, 'dirty-sync-missed-zero-copy': 0, 'precopy-bytes': 1095528751, 'duplicate': 782288, 'dirty-pages-rate': 0, 'normal-bytes': 1086365696, 'normal': 265226}}
QMP cmd [src8] query-migrate args={}
QMP reply [src8] query-migrate: {'expected-downtime': 300, 'status': 'active', 'setup-time': 2, 'total-time': 8234, 'ram': {'total': 8607571968, 'postcopy-requests': 0, 'dirty-sync-count': 1, 'multifd-bytes': 0, 'pages-per-second': 33020, 'downtime-bytes': 0, 'page-size': 4096, 'remaining': 4289921024, 'postcopy-bytes': 0, 'mbps': 1082.14848, 'transferred': 1122583519, 'dirty-sync-missed-zero-copy': 0, 'precopy-bytes': 1122582407, 'duplicate': 782296, 'dirty-pages-rate': 0, 'normal-bytes': 1113366528, 'normal': 271818}}
QMP cmd [src8] query-migrate args={}
QMP reply [src8] query-migrate: {'expected-downtime': 300, 'status': 'active', 'setup-time': 2, 'total-time': 8435, 'ram': {'total': 8607571968, 'postcopy-requests': 0, 'dirty-sync-count': 1, 'multifd-bytes': 0, 'pages-per-second': 32980, 'downtime-bytes': 0, 'page-size': 4096, 'remaining': 4262895616, 'postcopy-bytes': 0, 'mbps': 1082.1456, 'transferred': 1149637177, 'dirty-sync-missed-zero-copy': 0, 'precopy-bytes': 1149636045, 'duplicate': 782302, 'dirty-pages-rate': 0, 'normal-bytes': 1140367360, 'normal': 278410}}
QMP cmd [src8] query-migrate args={}
QMP reply [src8] query-migrate: {'expected-downtime': 300, 'status': 'active', 'setup-time': 2, 'total-time': 8636, 'ram': {'total': 8607571968, 'postcopy-requests': 0, 'dirty-sync-count': 1, 'multifd-bytes': 0, 'pages-per-second': 32960, 'downtime-bytes': 0, 'page-size': 4096, 'remaining': 4235698176, 'postcopy-bytes': 0, 'mbps': 1082.1441599999998, 'transferred': 1176691213, 'dirty-sync-missed-zero-copy': 0, 'precopy-bytes': 1176690061, 'duplicate': 782350, 'dirty-pages-rate': 0, 'normal-bytes': 1167368192, 'normal': 285002}}
2026-07-14 20:45:09.762499SSH command: ssh -o BatchMode=yes -o StrictHostKeyChecking=no -o UserKnownHostsFile=/dev/null -o ConnectTimeout=1 -o LogLevel=ERROR -p 2229 -i /home/max/.ssh/pgvm_bench user@127.0.0.1 test -f /tmp/bench.done
Return code: 1
Stdout: 
Stderr: 
QMP cmd [src8] query-migrate args={}
QMP reply [src8] query-migrate: {'expected-downtime': 300, 'status': 'active', 'setup-time': 2, 'total-time': 8837, 'ram': {'total': 8607571968, 'postcopy-requests': 0, 'dirty-sync-count': 1, 'multifd-bytes': 0, 'pages-per-second': 33000, 'downtime-bytes': 0, 'page-size': 4096, 'remaining': 4208680960, 'postcopy-bytes': 0, 'mbps': 1082.14704, 'transferred': 1203744853, 'dirty-sync-missed-zero-copy': 0, 'precopy-bytes': 1203743681, 'duplicate': 782354, 'dirty-pages-rate': 0, 'normal-bytes': 1194369024, 'normal': 291594}}
QMP cmd [src8] query-migrate args={}
QMP reply [src8] query-migrate: {'expected-downtime': 300, 'status': 'active', 'setup-time': 2, 'total-time': 9038, 'ram': {'total': 8607571968, 'postcopy-requests': 0, 'dirty-sync-count': 1, 'multifd-bytes': 0, 'pages-per-second': 32980, 'downtime-bytes': 0, 'page-size': 4096, 'remaining': 4181651456, 'postcopy-bytes': 0, 'mbps': 1082.1456, 'transferred': 1230798520, 'dirty-sync-missed-zero-copy': 0, 'precopy-bytes': 1230797328, 'duplicate': 782361, 'dirty-pages-rate': 0, 'normal-bytes': 1221369856, 'normal': 298186}}
QMP cmd [src8] query-migrate args={}
QMP reply [src8] query-migrate: {'expected-downtime': 300, 'status': 'active', 'setup-time': 2, 'total-time': 9239, 'ram': {'total': 8607571968, 'postcopy-requests': 0, 'dirty-sync-count': 1, 'multifd-bytes': 0, 'pages-per-second': 33000, 'downtime-bytes': 0, 'page-size': 4096, 'remaining': 4154634240, 'postcopy-bytes': 0, 'mbps': 1082.14704, 'transferred': 1257852160, 'dirty-sync-missed-zero-copy': 0, 'precopy-bytes': 1257850948, 'duplicate': 782365, 'dirty-pages-rate': 0, 'normal-bytes': 1248370688, 'normal': 304778}}
QMP cmd [src8] query-migrate args={}
QMP reply [src8] query-migrate: {'expected-downtime': 300, 'status': 'active', 'setup-time': 2, 'total-time': 9440, 'ram': {'total': 8607571968, 'postcopy-requests': 0, 'dirty-sync-count': 1, 'multifd-bytes': 0, 'pages-per-second': 32960, 'downtime-bytes': 0, 'page-size': 4096, 'remaining': 4127617024, 'postcopy-bytes': 0, 'mbps': 1082.1441599999998, 'transferred': 1284905800, 'dirty-sync-missed-zero-copy': 0, 'precopy-bytes': 1284904568, 'duplicate': 782369, 'dirty-pages-rate': 0, 'normal-bytes': 1275371520, 'normal': 311370}}
QMP cmd [src8] query-migrate args={}
QMP reply [src8] query-migrate: {'expected-downtime': 300, 'status': 'active', 'setup-time': 2, 'total-time': 9640, 'ram': {'total': 8607571968, 'postcopy-requests': 0, 'dirty-sync-count': 1, 'multifd-bytes': 0, 'pages-per-second': 33020, 'downtime-bytes': 0, 'page-size': 4096, 'remaining': 4100567040, 'postcopy-bytes': 0, 'mbps': 1082.14848, 'transferred': 1311959512, 'dirty-sync-missed-zero-copy': 0, 'precopy-bytes': 1311958260, 'duplicate': 782381, 'dirty-pages-rate': 0, 'normal-bytes': 1302372352, 'normal': 317962}}
QMP cmd [src8] query-migrate args={}
QMP reply [src8] query-migrate: {'expected-downtime': 300, 'status': 'active', 'setup-time': 2, 'total-time': 9841, 'ram': {'total': 8607571968, 'postcopy-requests': 0, 'dirty-sync-count': 1, 'multifd-bytes': 0, 'pages-per-second': 32960, 'downtime-bytes': 0, 'page-size': 4096, 'remaining': 4073525248, 'postcopy-bytes': 0, 'mbps': 1082.1441599999998, 'transferred': 1339013206, 'dirty-sync-missed-zero-copy': 0, 'precopy-bytes': 1339011934, 'duplicate': 782391, 'dirty-pages-rate': 0, 'normal-bytes': 1329373184, 'normal': 324554}}
QMP cmd [src8] query-migrate args={}
QMP reply [src8] query-migrate: {'expected-downtime': 300, 'status': 'active', 'setup-time': 2, 'total-time': 10042, 'ram': {'total': 8607571968, 'postcopy-requests': 0, 'dirty-sync-count': 1, 'multifd-bytes': 0, 'pages-per-second': 33000, 'downtime-bytes': 0, 'page-size': 4096, 'remaining': 4046499840, 'postcopy-bytes': 0, 'mbps': 1082.14704, 'transferred': 1366066864, 'dirty-sync-missed-zero-copy': 0, 'precopy-bytes': 1366065572, 'duplicate': 782397, 'dirty-pages-rate': 0, 'normal-bytes': 1356374016, 'normal': 331146}}
QMP cmd [src8] query-migrate args={}
QMP reply [src8] query-migrate: {'expected-downtime': 300, 'status': 'active', 'setup-time': 2, 'total-time': 10243, 'ram': {'total': 8607571968, 'postcopy-requests': 0, 'dirty-sync-count': 1, 'multifd-bytes': 0, 'pages-per-second': 32980, 'downtime-bytes': 0, 'page-size': 4096, 'remaining': 4019474432, 'postcopy-bytes': 0, 'mbps': 1082.1456, 'transferred': 1393120522, 'dirty-sync-missed-zero-copy': 0, 'precopy-bytes': 1393119210, 'duplicate': 782403, 'dirty-pages-rate': 0, 'normal-bytes': 1383374848, 'normal': 337738}}
QMP cmd [src8] query-migrate args={}
QMP reply [src8] query-migrate: {'expected-downtime': 300, 'status': 'active', 'setup-time': 2, 'total-time': 10443, 'ram': {'total': 8607571968, 'postcopy-requests': 0, 'dirty-sync-count': 1, 'multifd-bytes': 0, 'pages-per-second': 33200, 'downtime-bytes': 0, 'page-size': 4096, 'remaining': 3992342528, 'postcopy-bytes': 0, 'mbps': 1082.1614399999999, 'transferred': 1420174414, 'dirty-sync-missed-zero-copy': 0, 'precopy-bytes': 1420173082, 'duplicate': 782435, 'dirty-pages-rate': 0, 'normal-bytes': 1410375680, 'normal': 344330}}
QMP cmd [src8] query-migrate args={}
QMP reply [src8] query-migrate: {'expected-downtime': 300, 'status': 'active', 'setup-time': 2, 'total-time': 10644, 'ram': {'total': 8607571968, 'postcopy-requests': 0, 'dirty-sync-count': 1, 'multifd-bytes': 0, 'pages-per-second': 33900, 'downtime-bytes': 0, 'page-size': 4096, 'remaining': 3964936192, 'postcopy-bytes': 0, 'mbps': 1082.2118400000002, 'transferred': 1447228909, 'dirty-sync-missed-zero-copy': 0, 'precopy-bytes': 1447227557, 'duplicate': 782534, 'dirty-pages-rate': 0, 'normal-bytes': 1437376512, 'normal': 350922}}
QMP cmd [src8] query-migrate args={}
QMP reply [src8] query-migrate: {'expected-downtime': 300, 'status': 'active', 'setup-time': 2, 'total-time': 10845, 'ram': {'total': 8607571968, 'postcopy-requests': 0, 'dirty-sync-count': 1, 'multifd-bytes': 0, 'pages-per-second': 32980, 'downtime-bytes': 0, 'page-size': 4096, 'remaining': 3937894400, 'postcopy-bytes': 0, 'mbps': 1082.1456, 'transferred': 1474282603, 'dirty-sync-missed-zero-copy': 0, 'precopy-bytes': 1474281231, 'duplicate': 782544, 'dirty-pages-rate': 0, 'normal-bytes': 1464377344, 'normal': 357514}}
2026-07-14 20:45:11.924774SSH command: ssh -o BatchMode=yes -o StrictHostKeyChecking=no -o UserKnownHostsFile=/dev/null -o ConnectTimeout=1 -o LogLevel=ERROR -p 2229 -i /home/max/.ssh/pgvm_bench user@127.0.0.1 test -f /tmp/bench.done
Return code: 1
Stdout: 
Stderr: 
QMP cmd [src8] query-migrate args={}
QMP reply [src8] query-migrate: {'expected-downtime': 300, 'status': 'active', 'setup-time': 2, 'total-time': 11046, 'ram': {'total': 8607571968, 'postcopy-requests': 0, 'dirty-sync-count': 1, 'multifd-bytes': 0, 'pages-per-second': 33020, 'downtime-bytes': 0, 'page-size': 4096, 'remaining': 3910844416, 'postcopy-bytes': 0, 'mbps': 1082.14848, 'transferred': 1501336315, 'dirty-sync-missed-zero-copy': 0, 'precopy-bytes': 1501334923, 'duplicate': 782556, 'dirty-pages-rate': 0, 'normal-bytes': 1491378176, 'normal': 364106}}
QMP cmd [src8] query-migrate args={}
QMP reply [src8] query-migrate: {'expected-downtime': 300, 'status': 'active', 'setup-time': 2, 'total-time': 11247, 'ram': {'total': 8607571968, 'postcopy-requests': 0, 'dirty-sync-count': 1, 'multifd-bytes': 0, 'pages-per-second': 32980, 'downtime-bytes': 0, 'page-size': 4096, 'remaining': 3883819008, 'postcopy-bytes': 0, 'mbps': 1082.1456, 'transferred': 1528389973, 'dirty-sync-missed-zero-copy': 0, 'precopy-bytes': 1528388561, 'duplicate': 782562, 'dirty-pages-rate': 0, 'normal-bytes': 1518379008, 'normal': 370698}}
QMP cmd [src8] query-migrate args={}
QMP reply [src8] query-migrate: {'expected-downtime': 300, 'status': 'active', 'setup-time': 2, 'total-time': 11448, 'ram': {'total': 8607571968, 'postcopy-requests': 0, 'dirty-sync-count': 1, 'multifd-bytes': 0, 'pages-per-second': 33060, 'downtime-bytes': 0, 'page-size': 4096, 'remaining': 3856769024, 'postcopy-bytes': 0, 'mbps': 1082.15136, 'transferred': 1555443685, 'dirty-sync-missed-zero-copy': 0, 'precopy-bytes': 1555442253, 'duplicate': 782574, 'dirty-pages-rate': 0, 'normal-bytes': 1545379840, 'normal': 377290}}
QMP cmd [src8] query-migrate args={}
QMP reply [src8] query-migrate: {'expected-downtime': 300, 'status': 'active', 'setup-time': 2, 'total-time': 11649, 'ram': {'total': 8607571968, 'postcopy-requests': 0, 'dirty-sync-count': 1, 'multifd-bytes': 0, 'pages-per-second': 32980, 'downtime-bytes': 0, 'page-size': 4096, 'remaining': 3829710848, 'postcopy-bytes': 0, 'mbps': 1082.1456, 'transferred': 1582497415, 'dirty-sync-missed-zero-copy': 0, 'precopy-bytes': 1582495963, 'duplicate': 782588, 'dirty-pages-rate': 0, 'normal-bytes': 1572380672, 'normal': 383882}}
QMP cmd [src8] query-migrate args={}
QMP reply [src8] query-migrate: {'expected-downtime': 300, 'status': 'active', 'setup-time': 2, 'total-time': 11850, 'ram': {'total': 8607571968, 'postcopy-requests': 0, 'dirty-sync-count': 1, 'multifd-bytes': 0, 'pages-per-second': 33160, 'downtime-bytes': 0, 'page-size': 4096, 'remaining': 3802464256, 'postcopy-bytes': 0, 'mbps': 1082.15856, 'transferred': 1609551559, 'dirty-sync-missed-zero-copy': 0, 'precopy-bytes': 1609550087, 'duplicate': 782648, 'dirty-pages-rate': 0, 'normal-bytes': 1599381504, 'normal': 390474}}
QMP cmd [src8] query-migrate args={}
QMP reply [src8] query-migrate: {'expected-downtime': 300, 'status': 'active', 'setup-time': 2, 'total-time': 12050, 'ram': {'total': 8607571968, 'postcopy-requests': 0, 'dirty-sync-count': 1, 'multifd-bytes': 0, 'pages-per-second': 33660, 'downtime-bytes': 0, 'page-size': 4096, 'remaining': 3775070208, 'postcopy-bytes': 0, 'mbps': 1082.1945600000001, 'transferred': 1636606027, 'dirty-sync-missed-zero-copy': 0, 'precopy-bytes': 1636604535, 'duplicate': 782744, 'dirty-pages-rate': 0, 'normal-bytes': 1626382336, 'normal': 397066}}
QMP cmd [src8] query-migrate args={}
QMP reply [src8] query-migrate: {'expected-downtime': 300, 'status': 'active', 'setup-time': 2, 'total-time': 12251, 'ram': {'total': 8607571968, 'postcopy-requests': 0, 'dirty-sync-count': 1, 'multifd-bytes': 0, 'pages-per-second': 35750, 'downtime-bytes': 0, 'page-size': 4096, 'remaining': 3746615296, 'postcopy-bytes': 0, 'mbps': 1082.34504, 'transferred': 1663662826, 'dirty-sync-missed-zero-copy': 0, 'precopy-bytes': 1663661314, 'duplicate': 783099, 'dirty-pages-rate': 0, 'normal-bytes': 1653383168, 'normal': 403658}}
QMP cmd [src8] query-migrate args={}
QMP reply [src8] query-migrate: {'expected-downtime': 300, 'status': 'active', 'setup-time': 2, 'total-time': 12452, 'ram': {'total': 8607571968, 'postcopy-requests': 0, 'dirty-sync-count': 1, 'multifd-bytes': 0, 'pages-per-second': 35840, 'downtime-bytes': 0, 'page-size': 4096, 'remaining': 3717013504, 'postcopy-bytes': 0, 'mbps': 1082.35152, 'transferred': 1690722145, 'dirty-sync-missed-zero-copy': 0, 'precopy-bytes': 1690720613, 'duplicate': 783734, 'dirty-pages-rate': 0, 'normal-bytes': 1680384000, 'normal': 410250}}
QMP cmd [src8] query-migrate args={}
QMP reply [src8] query-migrate: {'expected-downtime': 300, 'status': 'active', 'setup-time': 2, 'total-time': 12653, 'ram': {'total': 8607571968, 'postcopy-requests': 0, 'dirty-sync-count': 1, 'multifd-bytes': 0, 'pages-per-second': 36640, 'downtime-bytes': 0, 'page-size': 4096, 'remaining': 3686719488, 'postcopy-bytes': 0, 'mbps': 1082.40912, 'transferred': 1717782985, 'dirty-sync-missed-zero-copy': 0, 'precopy-bytes': 1717781433, 'duplicate': 784538, 'dirty-pages-rate': 0, 'normal-bytes': 1707384832, 'normal': 416842}}
QMP cmd [src8] query-migrate args={}
QMP reply [src8] query-migrate: {'expected-downtime': 300, 'status': 'active', 'setup-time': 2, 'total-time': 12853, 'ram': {'total': 8607571968, 'postcopy-requests': 0, 'dirty-sync-count': 1, 'multifd-bytes': 0, 'pages-per-second': 37640, 'downtime-bytes': 0, 'page-size': 4096, 'remaining': 3656089600, 'postcopy-bytes': 0, 'mbps': 1082.4811200000001, 'transferred': 1744844563, 'dirty-sync-missed-zero-copy': 0, 'precopy-bytes': 1744842991, 'duplicate': 785424, 'dirty-pages-rate': 0, 'normal-bytes': 1734385664, 'normal': 423434}}
QMP cmd [src8] query-migrate args={}
QMP reply [src8] query-migrate: {'expected-downtime': 300, 'status': 'active', 'setup-time': 2, 'total-time': 13054, 'ram': {'total': 8607571968, 'postcopy-requests': 0, 'dirty-sync-count': 1, 'multifd-bytes': 0, 'pages-per-second': 36760, 'downtime-bytes': 0, 'page-size': 4096, 'remaining': 3626246144, 'postcopy-bytes': 0, 'mbps': 1082.41776, 'transferred': 1771904413, 'dirty-sync-missed-zero-copy': 0, 'precopy-bytes': 1771902821, 'duplicate': 786118, 'dirty-pages-rate': 0, 'normal-bytes': 1761386496, 'normal': 430026}}
2026-07-14 20:45:14.079272SSH command: ssh -o BatchMode=yes -o StrictHostKeyChecking=no -o UserKnownHostsFile=/dev/null -o ConnectTimeout=1 -o LogLevel=ERROR -p 2229 -i /home/max/.ssh/pgvm_bench user@127.0.0.1 test -f /tmp/bench.done
Return code: 1
Stdout: 
Stderr: 
QMP cmd [src8] query-migrate args={}
QMP reply [src8] query-migrate: {'expected-downtime': 300, 'status': 'active', 'setup-time': 2, 'total-time': 13255, 'ram': {'total': 8607571968, 'postcopy-requests': 0, 'dirty-sync-count': 1, 'multifd-bytes': 0, 'pages-per-second': 37500, 'downtime-bytes': 0, 'page-size': 4096, 'remaining': 3595653120, 'postcopy-bytes': 0, 'mbps': 1082.4710400000001, 'transferred': 1798965910, 'dirty-sync-missed-zero-copy': 0, 'precopy-bytes': 1798964298, 'duplicate': 786995, 'dirty-pages-rate': 0, 'normal-bytes': 1788387328, 'normal': 436618}}
QMP cmd [src8] query-migrate args={}
QMP reply [src8] query-migrate: {'expected-downtime': 300, 'status': 'active', 'setup-time': 2, 'total-time': 13456, 'ram': {'total': 8607571968, 'postcopy-requests': 0, 'dirty-sync-count': 1, 'multifd-bytes': 0, 'pages-per-second': 8319220, 'downtime-bytes': 0, 'page-size': 4096, 'remaining': 158216192, 'postcopy-bytes': 0, 'mbps': 1076.29992, 'transferred': 1825851421, 'dirty-sync-missed-zero-copy': 0, 'precopy-bytes': 1825849779, 'duplicate': 1621492, 'dirty-pages-rate': 0, 'normal-bytes': 1807724544, 'normal': 441339}}
QMP cmd [src8] query-migrate args={}
QMP reply [src8] query-migrate: {'expected-downtime': 300, 'status': 'active', 'setup-time': 2, 'total-time': 13657, 'ram': {'total': 8607571968, 'postcopy-requests': 0, 'dirty-sync-count': 1, 'multifd-bytes': 0, 'pages-per-second': 34110, 'downtime-bytes': 0, 'page-size': 4096, 'remaining': 130744320, 'postcopy-bytes': 0, 'mbps': 1082.22696, 'transferred': 1852906060, 'dirty-sync-missed-zero-copy': 0, 'precopy-bytes': 1852904398, 'duplicate': 1621607, 'dirty-pages-rate': 0, 'normal-bytes': 1834725376, 'normal': 447931}}
QMP cmd [src8] query-migrate args={}
QMP reply [src8] query-migrate: {'expected-downtime': 300, 'status': 'active', 'setup-time': 2, 'total-time': 13858, 'ram': {'total': 8607571968, 'postcopy-requests': 0, 'dirty-sync-count': 1, 'multifd-bytes': 0, 'pages-per-second': 32960, 'downtime-bytes': 0, 'page-size': 4096, 'remaining': 103743488, 'postcopy-bytes': 0, 'mbps': 1082.1441599999998, 'transferred': 1879959664, 'dirty-sync-missed-zero-copy': 0, 'precopy-bytes': 1879957982, 'duplicate': 1621607, 'dirty-pages-rate': 0, 'normal-bytes': 1861726208, 'normal': 454523}}
QMP cmd [src8] query-migrate args={}
QMP reply [src8] query-migrate: {'expected-downtime': 300, 'status': 'active', 'setup-time': 2, 'total-time': 14058, 'ram': {'total': 8607571968, 'postcopy-requests': 0, 'dirty-sync-count': 1, 'multifd-bytes': 0, 'pages-per-second': 32960, 'downtime-bytes': 0, 'page-size': 4096, 'remaining': 76742656, 'postcopy-bytes': 0, 'mbps': 1082.1441599999998, 'transferred': 1907013268, 'dirty-sync-missed-zero-copy': 0, 'precopy-bytes': 1907011566, 'duplicate': 1621607, 'dirty-pages-rate': 0, 'normal-bytes': 1888727040, 'normal': 461115}}
QMP cmd [src8] query-migrate args={}
QMP reply [src8] query-migrate: {'expected-downtime': 300, 'status': 'active', 'setup-time': 2, 'total-time': 14259, 'ram': {'total': 8607571968, 'postcopy-requests': 0, 'dirty-sync-count': 1, 'multifd-bytes': 0, 'pages-per-second': 32960, 'downtime-bytes': 0, 'page-size': 4096, 'remaining': 49741824, 'postcopy-bytes': 0, 'mbps': 1082.1441599999998, 'transferred': 1934066872, 'dirty-sync-missed-zero-copy': 0, 'precopy-bytes': 1934065150, 'duplicate': 1621607, 'dirty-pages-rate': 0, 'normal-bytes': 1915727872, 'normal': 467707}}
QMP cmd [src8] query-migrate args={}
QMP reply [src8] query-migrate: {'expected-downtime': 300, 'status': 'active', 'setup-time': 2, 'total-time': 14460, 'ram': {'total': 8607571968, 'postcopy-requests': 0, 'dirty-sync-count': 2, 'multifd-bytes': 0, 'pages-per-second': 32960, 'downtime-bytes': 0, 'page-size': 4096, 'remaining': 295391232, 'postcopy-bytes': 0, 'mbps': 1082.1441599999998, 'transferred': 1961120476, 'dirty-sync-missed-zero-copy': 0, 'precopy-bytes': 1961118734, 'duplicate': 1621607, 'dirty-pages-rate': 4622, 'normal-bytes': 1942728704, 'normal': 474299}}
QMP cmd [src8] query-migrate args={}
QMP reply [src8] query-migrate: {'expected-downtime': 2290, 'status': 'active', 'setup-time': 2, 'total-time': 14661, 'ram': {'total': 8607571968, 'postcopy-requests': 0, 'dirty-sync-count': 2, 'multifd-bytes': 0, 'pages-per-second': 77570, 'downtime-bytes': 0, 'page-size': 4096, 'remaining': 248209408, 'postcopy-bytes': 0, 'mbps': 1078.81608, 'transferred': 1988136673, 'dirty-sync-missed-zero-copy': 0, 'precopy-bytes': 1988134911, 'duplicate': 1626554, 'dirty-pages-rate': 4622, 'normal-bytes': 1969647616, 'normal': 480871}}
QMP cmd [src8] query-migrate args={}
QMP reply [src8] query-migrate: {'expected-downtime': 2282, 'status': 'active', 'setup-time': 2, 'total-time': 14862, 'ram': {'total': 8607571968, 'postcopy-requests': 0, 'dirty-sync-count': 2, 'multifd-bytes': 0, 'pages-per-second': 37520, 'downtime-bytes': 0, 'page-size': 4096, 'remaining': 218501120, 'postcopy-bytes': 0, 'mbps': 1082.47248, 'transferred': 2015196226, 'dirty-sync-missed-zero-copy': 0, 'precopy-bytes': 2015194444, 'duplicate': 1627215, 'dirty-pages-rate': 4622, 'normal-bytes': 1996648448, 'normal': 487463}}
QMP cmd [src8] query-migrate args={}
QMP reply [src8] query-migrate: {'expected-downtime': 2283, 'status': 'active', 'setup-time': 2, 'total-time': 15063, 'ram': {'total': 8607571968, 'postcopy-requests': 0, 'dirty-sync-count': 2, 'multifd-bytes': 0, 'pages-per-second': 33810, 'downtime-bytes': 0, 'page-size': 4096, 'remaining': 190951424, 'postcopy-bytes': 0, 'mbps': 1082.2053600000002, 'transferred': 2042251036, 'dirty-sync-missed-zero-copy': 0, 'precopy-bytes': 2042249234, 'duplicate': 1627349, 'dirty-pages-rate': 4622, 'normal-bytes': 2023649280, 'normal': 494055}}
QMP cmd [src8] query-migrate args={}
QMP reply [src8] query-migrate: {'expected-downtime': 2283, 'status': 'active', 'setup-time': 2, 'total-time': 15264, 'ram': {'total': 8607571968, 'postcopy-requests': 0, 'dirty-sync-count': 2, 'multifd-bytes': 0, 'pages-per-second': 33510, 'downtime-bytes': 0, 'page-size': 4096, 'remaining': 163725312, 'postcopy-bytes': 0, 'mbps': 1082.1837600000001, 'transferred': 2069305135, 'dirty-sync-missed-zero-copy': 0, 'precopy-bytes': 2069303313, 'duplicate': 1627404, 'dirty-pages-rate': 4622, 'normal-bytes': 2050650112, 'normal': 500647}}
2026-07-14 20:45:16.259689SSH command: ssh -o BatchMode=yes -o StrictHostKeyChecking=no -o UserKnownHostsFile=/dev/null -o ConnectTimeout=1 -o LogLevel=ERROR -p 2229 -i /home/max/.ssh/pgvm_bench user@127.0.0.1 test -f /tmp/bench.done
Return code: 1
Stdout: 
Stderr: 
qemu-system-x86_64: terminating on signal 15 from pid 15322 (/home/max/Bachelor-Thesis/Repo/.venv/bin/python)
QMP cmd [src8] query-migrate args={}
QMP reply [src8] query-migrate: {'expected-downtime': 2283, 'status': 'active', 'setup-time': 2, 'total-time': 15465, 'ram': {'total': 8607571968, 'postcopy-requests': 0, 'dirty-sync-count': 2, 'multifd-bytes': 0, 'pages-per-second': 32960, 'downtime-bytes': 0, 'page-size': 4096, 'remaining': 136724480, 'postcopy-bytes': 0, 'mbps': 1082.1441599999998, 'transferred': 2096358739, 'dirty-sync-missed-zero-copy': 0, 'precopy-bytes': 2096356897, 'duplicate': 1627404, 'dirty-pages-rate': 4622, 'normal-bytes': 2077650944, 'normal': 507239}}
QMP cmd [src8] query-migrate args={}
QMP reply [src8] query-migrate: {'expected-downtime': 2283, 'status': 'active', 'setup-time': 2, 'total-time': 15666, 'ram': {'total': 8607571968, 'postcopy-requests': 0, 'dirty-sync-count': 2, 'multifd-bytes': 0, 'pages-per-second': 34570, 'downtime-bytes': 0, 'page-size': 4096, 'remaining': 109064192, 'postcopy-bytes': 0, 'mbps': 1082.26008, 'transferred': 2123413792, 'dirty-sync-missed-zero-copy': 0, 'precopy-bytes': 2123411930, 'duplicate': 1627565, 'dirty-pages-rate': 4622, 'normal-bytes': 2104651776, 'normal': 513831}}
QMP cmd [src8] query-migrate args={}
QMP reply [src8] query-migrate: {'expected-downtime': 2283, 'status': 'active', 'setup-time': 2, 'total-time': 15867, 'ram': {'total': 8607571968, 'postcopy-requests': 0, 'dirty-sync-count': 2, 'multifd-bytes': 0, 'pages-per-second': 33650, 'downtime-bytes': 0, 'page-size': 4096, 'remaining': 81428480, 'postcopy-bytes': 0, 'mbps': 1082.1938400000001, 'transferred': 2150468791, 'dirty-sync-missed-zero-copy': 0, 'precopy-bytes': 2150466909, 'duplicate': 1627720, 'dirty-pages-rate': 4622, 'normal-bytes': 2131652608, 'normal': 520423}}
QMP cmd [src8] query-migrate args={}
QMP reply [src8] query-migrate: {'expected-downtime': 2283, 'status': 'active', 'setup-time': 2, 'total-time': 16068, 'ram': {'total': 8607571968, 'postcopy-requests': 0, 'dirty-sync-count': 2, 'multifd-bytes': 0, 'pages-per-second': 33000, 'downtime-bytes': 0, 'page-size': 4096, 'remaining': 54411264, 'postcopy-bytes': 0, 'mbps': 1082.14704, 'transferred': 2177522431, 'dirty-sync-missed-zero-copy': 0, 'precopy-bytes': 2177520529, 'duplicate': 1627724, 'dirty-pages-rate': 4622, 'normal-bytes': 2158653440, 'normal': 527015}}
QMP cmd [src8] query-migrate args={}
QMP reply [src8] query-migrate: {'expected-downtime': 2283, 'status': 'active', 'setup-time': 2, 'total-time': 16268, 'ram': {'total': 8607571968, 'postcopy-requests': 0, 'dirty-sync-count': 2, 'multifd-bytes': 0, 'pages-per-second': 32960, 'downtime-bytes': 0, 'page-size': 4096, 'remaining': 27246592, 'postcopy-bytes': 0, 'mbps': 1082.1441599999998, 'transferred': 2204576395, 'dirty-sync-missed-zero-copy': 0, 'precopy-bytes': 2204574473, 'duplicate': 1627764, 'dirty-pages-rate': 4622, 'normal-bytes': 2185654272, 'normal': 533607}}
QMP cmd [src8] query-migrate args={}
QMP reply [src8] query-migrate: {'expected-downtime': 744, 'status': 'active', 'setup-time': 2, 'total-time': 16469, 'ram': {'total': 8607571968, 'postcopy-requests': 0, 'dirty-sync-count': 3, 'multifd-bytes': 0, 'pages-per-second': 36950, 'downtime-bytes': 0, 'page-size': 4096, 'remaining': 70594560, 'postcopy-bytes': 0, 'mbps': 1082.4314399999998, 'transferred': 2231636992, 'dirty-sync-missed-zero-copy': 0, 'precopy-bytes': 2231635050, 'duplicate': 1628541, 'dirty-pages-rate': 9448, 'normal-bytes': 2212655104, 'normal': 540199}}
QMP cmd [src8] query-migrate args={}
QMP reply [src8] query-migrate: {'expected-downtime': 745, 'status': 'active', 'setup-time': 2, 'total-time': 16670, 'ram': {'total': 8607571968, 'postcopy-requests': 0, 'dirty-sync-count': 3, 'multifd-bytes': 0, 'pages-per-second': 33070, 'downtime-bytes': 0, 'page-size': 4096, 'remaining': 42954752, 'postcopy-bytes': 0, 'mbps': 1082.1544, 'transferred': 2258692029, 'dirty-sync-missed-zero-copy': 0, 'precopy-bytes': 2258690067, 'duplicate': 1628697, 'dirty-pages-rate': 9448, 'normal-bytes': 2239655936, 'normal': 546791}}
QMP cmd [src8] query-migrate args={}
QMP reply [src8] query-migrate: {'expected-downtime': 744, 'status': 'active', 'setup-time': 2, 'total-time': 16871, 'ram': {'total': 8607571968, 'postcopy-requests': 0, 'dirty-sync-count': 4, 'multifd-bytes': 0, 'pages-per-second': 35880, 'downtime-bytes': 0, 'page-size': 4096, 'remaining': 37597184, 'postcopy-bytes': 0, 'mbps': 1082.3544, 'transferred': 2285748261, 'dirty-sync-missed-zero-copy': 0, 'precopy-bytes': 2285746279, 'duplicate': 1628989, 'dirty-pages-rate': 9448, 'normal-bytes': 2266656768, 'normal': 553383}}
QMP cmd [src8] query-migrate args={}
QMP reply [src8] query-migrate: {'status': 'completed', 'setup-time': 2, 'downtime': 12, 'total-time': 16915, 'ram': {'total': 8607571968, 'postcopy-requests': 0, 'dirty-sync-count': 6, 'multifd-bytes': 0, 'pages-per-second': 32960, 'downtime-bytes': 39346760, 'page-size': 4096, 'remaining': 0, 'postcopy-bytes': 0, 'mbps': 1099.9889197658606, 'transferred': 2325514075, 'dirty-sync-missed-zero-copy': 0, 'precopy-bytes': 2285746279, 'duplicate': 1629176, 'dirty-pages-rate': 0, 'normal-bytes': 2305925120, 'normal': 562970}}
