2026-07-14 20:12:53.226758SSH command: ssh -o BatchMode=yes -o StrictHostKeyChecking=no -o UserKnownHostsFile=/dev/null -o ConnectTimeout=1 -o LogLevel=ERROR -p 2224 -i /home/max/.ssh/pgvm_bench user@127.0.0.1 systemd-analyze
Return code: 0
Stdout: Startup finished in 803ms (kernel) + 2.240s (userspace) = 3.044s 
graphical.target reached after 2.240s in userspace.

Stderr: 
2026-07-14 20:12:53.367690SSH command: ssh -o BatchMode=yes -o StrictHostKeyChecking=no -o UserKnownHostsFile=/dev/null -o ConnectTimeout=1 -o LogLevel=ERROR -p 2224 -i /home/max/.ssh/pgvm_bench user@127.0.0.1 rm -f /tmp/bench.done /tmp/pg-buffer-hit-ratio.csv /tmp/pg-buffer-sampler.log; nohup bash /home/user/pg_sampler.sh /tmp/bench.done /tmp/pg-buffer-hit-ratio.csv ycsb >/tmp/pg-buffer-sampler.log 2>&1 &
Return code: 0
Stdout: 
Stderr: 
QMP cmd [src3] migrate-set-capabilities args={'capabilities': [{'capability': 'auto-converge', 'state': False}, {'capability': 'events', 'state': True}, {'capability': 'postcopy-blocktime', 'state': False}, {'capability': 'postcopy-ram', 'state': False}]}
QMP cmd [src3] query-migrate args={}
QMP reply [src3] migrate-set-capabilities: {}
QMP cmd [src3] migrate args={'uri': 'unix:/tmp/mig.sock'}
QMP reply [src3] query-migrate: {}
QMP reply [src3] migrate: {}
2026-07-14 20:15:23.788076SSH command: ssh -o BatchMode=yes -o StrictHostKeyChecking=no -o UserKnownHostsFile=/dev/null -o ConnectTimeout=1 -o LogLevel=ERROR -p 2224 -i /home/max/.ssh/pgvm_bench user@127.0.0.1 test -f /tmp/bench.done
Return code: 1
Stdout: 
Stderr: 
QMP cmd [src3] query-migrate args={}
QMP reply [src3] query-migrate: {'expected-downtime': 300, 'status': 'active', 'setup-time': 1, 'total-time': 202, 'ram': {'total': 8607571968, 'postcopy-requests': 0, 'dirty-sync-count': 1, 'multifd-bytes': 0, 'pages-per-second': 35530, 'downtime-bytes': 0, 'page-size': 4096, 'remaining': 8552386560, 'postcopy-bytes': 0, 'mbps': 1082.3292, 'transferred': 30925978, 'dirty-sync-missed-zero-copy': 0, 'precopy-bytes': 30940241, 'duplicate': 5946, 'dirty-pages-rate': 0, 'normal-bytes': 30826496, 'normal': 7526}}
QMP cmd [src3] query-migrate args={}
QMP reply [src3] query-migrate: {'expected-downtime': 300, 'status': 'active', 'setup-time': 1, 'total-time': 403, 'ram': {'total': 8607571968, 'postcopy-requests': 0, 'dirty-sync-count': 1, 'multifd-bytes': 0, 'pages-per-second': 2045870, 'downtime-bytes': 0, 'page-size': 4096, 'remaining': 7610425344, 'postcopy-bytes': 0, 'mbps': 1073.75688, 'transferred': 62385068, 'dirty-sync-missed-zero-copy': 0, 'precopy-bytes': 62408001, 'duplicate': 228737, 'dirty-pages-rate': 0, 'normal-bytes': 60231680, 'normal': 14705}}
QMP cmd [src3] query-migrate args={}
QMP reply [src3] query-migrate: {'expected-downtime': 300, 'status': 'active', 'setup-time': 1, 'total-time': 604, 'ram': {'total': 8607571968, 'postcopy-requests': 0, 'dirty-sync-count': 1, 'multifd-bytes': 0, 'pages-per-second': 32960, 'downtime-bytes': 0, 'page-size': 4096, 'remaining': 7324114944, 'postcopy-bytes': 0, 'mbps': 1082.1441599999998, 'transferred': 94487086, 'dirty-sync-missed-zero-copy': 0, 'precopy-bytes': 94486734, 'duplicate': 290959, 'dirty-pages-rate': 0, 'normal-bytes': 91688960, 'normal': 22385}}
QMP cmd [src3] query-migrate args={}
QMP reply [src3] query-migrate: {'expected-downtime': 300, 'status': 'active', 'setup-time': 1, 'total-time': 805, 'ram': {'total': 8607571968, 'postcopy-requests': 0, 'dirty-sync-count': 1, 'multifd-bytes': 0, 'pages-per-second': 35220, 'downtime-bytes': 0, 'page-size': 4096, 'remaining': 7285223424, 'postcopy-bytes': 0, 'mbps': 1082.3068799999999, 'transferred': 121566817, 'dirty-sync-missed-zero-copy': 0, 'precopy-bytes': 121566445, 'duplicate': 293862, 'dirty-pages-rate': 0, 'normal-bytes': 118689792, 'normal': 28977}}
QMP cmd [src3] query-migrate args={}
QMP reply [src3] query-migrate: {'expected-downtime': 300, 'status': 'active', 'setup-time': 1, 'total-time': 1005, 'ram': {'total': 8607571968, 'postcopy-requests': 0, 'dirty-sync-count': 1, 'multifd-bytes': 0, 'pages-per-second': 4656660, 'downtime-bytes': 0, 'page-size': 4096, 'remaining': 5352755200, 'postcopy-bytes': 0, 'mbps': 1075.3293600000002, 'transferred': 148560724, 'dirty-sync-missed-zero-copy': 0, 'precopy-bytes': 148560332, 'duplicate': 760101, 'dirty-pages-rate': 0, 'normal-bytes': 141443072, 'normal': 34532}}
QMP cmd [src3] query-migrate args={}
QMP reply [src3] query-migrate: {'expected-downtime': 300, 'status': 'active', 'setup-time': 1, 'total-time': 1206, 'ram': {'total': 8607571968, 'postcopy-requests': 0, 'dirty-sync-count': 1, 'multifd-bytes': 0, 'pages-per-second': 54780, 'downtime-bytes': 0, 'page-size': 4096, 'remaining': 5315080192, 'postcopy-bytes': 0, 'mbps': 1083.7151999999999, 'transferred': 175637782, 'dirty-sync-missed-zero-copy': 0, 'precopy-bytes': 175637370, 'duplicate': 762707, 'dirty-pages-rate': 0, 'normal-bytes': 168443904, 'normal': 41124}}
QMP cmd [src3] query-migrate args={}
QMP reply [src3] query-migrate: {'expected-downtime': 300, 'status': 'active', 'setup-time': 1, 'total-time': 1407, 'ram': {'total': 8607571968, 'postcopy-requests': 0, 'dirty-sync-count': 1, 'multifd-bytes': 0, 'pages-per-second': 55430, 'downtime-bytes': 0, 'page-size': 4096, 'remaining': 5277437952, 'postcopy-bytes': 0, 'mbps': 1083.762, 'transferred': 202714768, 'dirty-sync-missed-zero-copy': 0, 'precopy-bytes': 202714336, 'duplicate': 765305, 'dirty-pages-rate': 0, 'normal-bytes': 195444736, 'normal': 47716}}
QMP cmd [src3] query-migrate args={}
QMP reply [src3] query-migrate: {'expected-downtime': 300, 'status': 'active', 'setup-time': 1, 'total-time': 1608, 'ram': {'total': 8607571968, 'postcopy-requests': 0, 'dirty-sync-count': 1, 'multifd-bytes': 0, 'pages-per-second': 59960, 'downtime-bytes': 0, 'page-size': 4096, 'remaining': 5239324672, 'postcopy-bytes': 0, 'mbps': 1084.08816, 'transferred': 229792789, 'dirty-sync-missed-zero-copy': 0, 'precopy-bytes': 229792337, 'duplicate': 768018, 'dirty-pages-rate': 0, 'normal-bytes': 222445568, 'normal': 54308}}
QMP cmd [src3] query-migrate args={}
QMP reply [src3] query-migrate: {'expected-downtime': 300, 'status': 'active', 'setup-time': 1, 'total-time': 1808, 'ram': {'total': 8607571968, 'postcopy-requests': 0, 'dirty-sync-count': 1, 'multifd-bytes': 0, 'pages-per-second': 33160, 'downtime-bytes': 0, 'page-size': 4096, 'remaining': 5211791360, 'postcopy-bytes': 0, 'mbps': 1082.15856, 'transferred': 256847563, 'dirty-sync-missed-zero-copy': 0, 'precopy-bytes': 256847091, 'duplicate': 768148, 'dirty-pages-rate': 0, 'normal-bytes': 249446400, 'normal': 60900}}
QMP cmd [src3] query-migrate args={}
QMP reply [src3] query-migrate: {'expected-downtime': 300, 'status': 'active', 'setup-time': 1, 'total-time': 2009, 'ram': {'total': 8607571968, 'postcopy-requests': 0, 'dirty-sync-count': 1, 'multifd-bytes': 0, 'pages-per-second': 53240, 'downtime-bytes': 0, 'page-size': 4096, 'remaining': 5176352768, 'postcopy-bytes': 0, 'mbps': 1083.6043200000001, 'transferred': 283919707, 'dirty-sync-missed-zero-copy': 0, 'precopy-bytes': 283919215, 'duplicate': 770208, 'dirty-pages-rate': 0, 'normal-bytes': 276447232, 'normal': 67492}}
QMP cmd [src3] query-migrate args={}
QMP reply [src3] query-migrate: {'expected-downtime': 300, 'status': 'active', 'setup-time': 1, 'total-time': 2210, 'ram': {'total': 8607571968, 'postcopy-requests': 0, 'dirty-sync-count': 1, 'multifd-bytes': 0, 'pages-per-second': 59760, 'downtime-bytes': 0, 'page-size': 4096, 'remaining': 5136228352, 'postcopy-bytes': 0, 'mbps': 1084.07376, 'transferred': 311002147, 'dirty-sync-missed-zero-copy': 0, 'precopy-bytes': 311001635, 'duplicate': 773412, 'dirty-pages-rate': 0, 'normal-bytes': 303448064, 'normal': 74084}}
2026-07-14 20:15:25.950390SSH command: ssh -o BatchMode=yes -o StrictHostKeyChecking=no -o UserKnownHostsFile=/dev/null -o ConnectTimeout=1 -o LogLevel=ERROR -p 2224 -i /home/max/.ssh/pgvm_bench user@127.0.0.1 test -f /tmp/bench.done
Return code: 1
Stdout: 
Stderr: 
QMP cmd [src3] query-migrate args={}
QMP reply [src3] query-migrate: {'expected-downtime': 300, 'status': 'active', 'setup-time': 1, 'total-time': 2411, 'ram': {'total': 8607571968, 'postcopy-requests': 0, 'dirty-sync-count': 1, 'multifd-bytes': 0, 'pages-per-second': 39990, 'downtime-bytes': 0, 'page-size': 4096, 'remaining': 5105860608, 'postcopy-bytes': 0, 'mbps': 1082.65032, 'transferred': 338063149, 'dirty-sync-missed-zero-copy': 0, 'precopy-bytes': 338062617, 'duplicate': 774234, 'dirty-pages-rate': 0, 'normal-bytes': 330448896, 'normal': 80676}}
QMP cmd [src3] query-migrate args={}
QMP reply [src3] query-migrate: {'expected-downtime': 300, 'status': 'active', 'setup-time': 1, 'total-time': 2612, 'ram': {'total': 8607571968, 'postcopy-requests': 0, 'dirty-sync-count': 1, 'multifd-bytes': 0, 'pages-per-second': 33130, 'downtime-bytes': 0, 'page-size': 4096, 'remaining': 5077962752, 'postcopy-bytes': 0, 'mbps': 1082.1563999999998, 'transferred': 365118724, 'dirty-sync-missed-zero-copy': 0, 'precopy-bytes': 365118172, 'duplicate': 774453, 'dirty-pages-rate': 0, 'normal-bytes': 357449728, 'normal': 87268}}
QMP cmd [src3] query-migrate args={}
QMP reply [src3] query-migrate: {'expected-downtime': 300, 'status': 'active', 'setup-time': 1, 'total-time': 2813, 'ram': {'total': 8607571968, 'postcopy-requests': 0, 'dirty-sync-count': 1, 'multifd-bytes': 0, 'pages-per-second': 32980, 'downtime-bytes': 0, 'page-size': 4096, 'remaining': 5045972992, 'postcopy-bytes': 0, 'mbps': 1082.1456, 'transferred': 392183290, 'dirty-sync-missed-zero-copy': 0, 'precopy-bytes': 392182718, 'duplicate': 775671, 'dirty-pages-rate': 0, 'normal-bytes': 384450560, 'normal': 93860}}
QMP cmd [src3] query-migrate args={}
QMP reply [src3] query-migrate: {'expected-downtime': 300, 'status': 'active', 'setup-time': 1, 'total-time': 3013, 'ram': {'total': 8607571968, 'postcopy-requests': 0, 'dirty-sync-count': 1, 'multifd-bytes': 0, 'pages-per-second': 43820, 'downtime-bytes': 0, 'page-size': 4096, 'remaining': 5009977344, 'postcopy-bytes': 0, 'mbps': 1082.9260800000002, 'transferred': 419256658, 'dirty-sync-missed-zero-copy': 0, 'precopy-bytes': 419256066, 'duplicate': 777867, 'dirty-pages-rate': 0, 'normal-bytes': 411451392, 'normal': 100452}}
QMP cmd [src3] query-migrate args={}
QMP reply [src3] query-migrate: {'expected-downtime': 300, 'status': 'active', 'setup-time': 1, 'total-time': 3214, 'ram': {'total': 8607571968, 'postcopy-requests': 0, 'dirty-sync-count': 1, 'multifd-bytes': 0, 'pages-per-second': 38420, 'downtime-bytes': 0, 'page-size': 4096, 'remaining': 4980736000, 'postcopy-bytes': 0, 'mbps': 1082.53728, 'transferred': 446315185, 'dirty-sync-missed-zero-copy': 0, 'precopy-bytes': 446314573, 'duplicate': 778414, 'dirty-pages-rate': 0, 'normal-bytes': 438452224, 'normal': 107044}}
QMP cmd [src3] query-migrate args={}
QMP reply [src3] query-migrate: {'expected-downtime': 300, 'status': 'active', 'setup-time': 1, 'total-time': 3415, 'ram': {'total': 8607571968, 'postcopy-requests': 0, 'dirty-sync-count': 1, 'multifd-bytes': 0, 'pages-per-second': 33280, 'downtime-bytes': 0, 'page-size': 4096, 'remaining': 4953600000, 'postcopy-bytes': 0, 'mbps': 1082.1671999999999, 'transferred': 473369086, 'dirty-sync-missed-zero-copy': 0, 'precopy-bytes': 473368454, 'duplicate': 778447, 'dirty-pages-rate': 0, 'normal-bytes': 465453056, 'normal': 113636}}
QMP cmd [src3] query-migrate args={}
QMP reply [src3] query-migrate: {'expected-downtime': 300, 'status': 'active', 'setup-time': 1, 'total-time': 3616, 'ram': {'total': 8607571968, 'postcopy-requests': 0, 'dirty-sync-count': 1, 'multifd-bytes': 0, 'pages-per-second': 34770, 'downtime-bytes': 0, 'page-size': 4096, 'remaining': 4925788160, 'postcopy-bytes': 0, 'mbps': 1082.27448, 'transferred': 500424472, 'dirty-sync-missed-zero-copy': 0, 'precopy-bytes': 500423820, 'duplicate': 778645, 'dirty-pages-rate': 0, 'normal-bytes': 492453888, 'normal': 120228}}
QMP cmd [src3] query-migrate args={}
QMP reply [src3] query-migrate: {'expected-downtime': 300, 'status': 'active', 'setup-time': 1, 'total-time': 3816, 'ram': {'total': 8607571968, 'postcopy-requests': 0, 'dirty-sync-count': 1, 'multifd-bytes': 0, 'pages-per-second': 33320, 'downtime-bytes': 0, 'page-size': 4096, 'remaining': 4897767424, 'postcopy-bytes': 0, 'mbps': 1082.17008, 'transferred': 527480317, 'dirty-sync-missed-zero-copy': 0, 'precopy-bytes': 527479645, 'duplicate': 778894, 'dirty-pages-rate': 0, 'normal-bytes': 519454720, 'normal': 126820}}
QMP cmd [src3] query-migrate args={}
QMP reply [src3] query-migrate: {'expected-downtime': 300, 'status': 'active', 'setup-time': 1, 'total-time': 4017, 'ram': {'total': 8607571968, 'postcopy-requests': 0, 'dirty-sync-count': 1, 'multifd-bytes': 0, 'pages-per-second': 33770, 'downtime-bytes': 0, 'page-size': 4096, 'remaining': 4870426624, 'postcopy-bytes': 0, 'mbps': 1082.20248, 'transferred': 554534668, 'dirty-sync-missed-zero-copy': 0, 'precopy-bytes': 554533976, 'duplicate': 778977, 'dirty-pages-rate': 0, 'normal-bytes': 546455552, 'normal': 133412}}
QMP cmd [src3] query-migrate args={}
QMP reply [src3] query-migrate: {'expected-downtime': 300, 'status': 'active', 'setup-time': 1, 'total-time': 4218, 'ram': {'total': 8607571968, 'postcopy-requests': 0, 'dirty-sync-count': 1, 'multifd-bytes': 0, 'pages-per-second': 34020, 'downtime-bytes': 0, 'page-size': 4096, 'remaining': 4842864640, 'postcopy-bytes': 0, 'mbps': 1082.22048, 'transferred': 581589505, 'dirty-sync-missed-zero-copy': 0, 'precopy-bytes': 581588793, 'duplicate': 779114, 'dirty-pages-rate': 0, 'normal-bytes': 573456384, 'normal': 140004}}
QMP cmd [src3] query-migrate args={}
QMP reply [src3] query-migrate: {'expected-downtime': 300, 'status': 'active', 'setup-time': 1, 'total-time': 4419, 'ram': {'total': 8607571968, 'postcopy-requests': 0, 'dirty-sync-count': 1, 'multifd-bytes': 0, 'pages-per-second': 33020, 'downtime-bytes': 0, 'page-size': 4096, 'remaining': 4815781888, 'postcopy-bytes': 0, 'mbps': 1082.14848, 'transferred': 608643289, 'dirty-sync-missed-zero-copy': 0, 'precopy-bytes': 608642557, 'duplicate': 779134, 'dirty-pages-rate': 0, 'normal-bytes': 600457216, 'normal': 146596}}
2026-07-14 20:15:28.124370SSH command: ssh -o BatchMode=yes -o StrictHostKeyChecking=no -o UserKnownHostsFile=/dev/null -o ConnectTimeout=1 -o LogLevel=ERROR -p 2224 -i /home/max/.ssh/pgvm_bench user@127.0.0.1 test -f /tmp/bench.done
Return code: 1
Stdout: 
Stderr: 
QMP cmd [src3] query-migrate args={}
QMP reply [src3] query-migrate: {'expected-downtime': 300, 'status': 'active', 'setup-time': 1, 'total-time': 4620, 'ram': {'total': 8607571968, 'postcopy-requests': 0, 'dirty-sync-count': 1, 'multifd-bytes': 0, 'pages-per-second': 34720, 'downtime-bytes': 0, 'page-size': 4096, 'remaining': 4788027392, 'postcopy-bytes': 0, 'mbps': 1082.2708799999998, 'transferred': 635698549, 'dirty-sync-missed-zero-copy': 0, 'precopy-bytes': 635697797, 'duplicate': 779318, 'dirty-pages-rate': 0, 'normal-bytes': 627458048, 'normal': 153188}}
QMP cmd [src3] query-migrate args={}
QMP reply [src3] query-migrate: {'expected-downtime': 300, 'status': 'active', 'setup-time': 1, 'total-time': 4821, 'ram': {'total': 8607571968, 'postcopy-requests': 0, 'dirty-sync-count': 1, 'multifd-bytes': 0, 'pages-per-second': 33220, 'downtime-bytes': 0, 'page-size': 4096, 'remaining': 4760776704, 'postcopy-bytes': 0, 'mbps': 1082.1628799999999, 'transferred': 662752702, 'dirty-sync-missed-zero-copy': 0, 'precopy-bytes': 662751930, 'duplicate': 779379, 'dirty-pages-rate': 0, 'normal-bytes': 654458880, 'normal': 159780}}
QMP cmd [src3] query-migrate args={}
QMP reply [src3] query-migrate: {'expected-downtime': 300, 'status': 'active', 'setup-time': 1, 'total-time': 5022, 'ram': {'total': 8607571968, 'postcopy-requests': 0, 'dirty-sync-count': 1, 'multifd-bytes': 0, 'pages-per-second': 33080, 'downtime-bytes': 0, 'page-size': 4096, 'remaining': 4732858368, 'postcopy-bytes': 0, 'mbps': 1082.1528, 'transferred': 689808322, 'dirty-sync-missed-zero-copy': 0, 'precopy-bytes': 689807530, 'duplicate': 779603, 'dirty-pages-rate': 0, 'normal-bytes': 681459712, 'normal': 166372}}
QMP cmd [src3] query-migrate args={}
QMP reply [src3] query-migrate: {'expected-downtime': 300, 'status': 'active', 'setup-time': 1, 'total-time': 5222, 'ram': {'total': 8607571968, 'postcopy-requests': 0, 'dirty-sync-count': 1, 'multifd-bytes': 0, 'pages-per-second': 33020, 'downtime-bytes': 0, 'page-size': 4096, 'remaining': 4705767424, 'postcopy-bytes': 0, 'mbps': 1082.14848, 'transferred': 716862124, 'dirty-sync-missed-zero-copy': 0, 'precopy-bytes': 716861312, 'duplicate': 779625, 'dirty-pages-rate': 0, 'normal-bytes': 708460544, 'normal': 172964}}
QMP cmd [src3] query-migrate args={}
QMP reply [src3] query-migrate: {'expected-downtime': 300, 'status': 'active', 'setup-time': 1, 'total-time': 5423, 'ram': {'total': 8607571968, 'postcopy-requests': 0, 'dirty-sync-count': 1, 'multifd-bytes': 0, 'pages-per-second': 33480, 'downtime-bytes': 0, 'page-size': 4096, 'remaining': 4678045696, 'postcopy-bytes': 0, 'mbps': 1082.1816000000001, 'transferred': 743917312, 'dirty-sync-missed-zero-copy': 0, 'precopy-bytes': 743916480, 'duplicate': 779801, 'dirty-pages-rate': 0, 'normal-bytes': 735461376, 'normal': 179556}}
QMP cmd [src3] query-migrate args={}
QMP reply [src3] query-migrate: {'expected-downtime': 300, 'status': 'active', 'setup-time': 1, 'total-time': 5624, 'ram': {'total': 8607571968, 'postcopy-requests': 0, 'dirty-sync-count': 1, 'multifd-bytes': 0, 'pages-per-second': 33170, 'downtime-bytes': 0, 'page-size': 4096, 'remaining': 4646744064, 'postcopy-bytes': 0, 'mbps': 1082.15928, 'transferred': 770980366, 'dirty-sync-missed-zero-copy': 0, 'precopy-bytes': 770979514, 'duplicate': 780851, 'dirty-pages-rate': 0, 'normal-bytes': 762462208, 'normal': 186148}}
QMP cmd [src3] query-migrate args={}
QMP reply [src3] query-migrate: {'expected-downtime': 300, 'status': 'active', 'setup-time': 1, 'total-time': 5825, 'ram': {'total': 8607571968, 'postcopy-requests': 0, 'dirty-sync-count': 1, 'multifd-bytes': 0, 'pages-per-second': 33020, 'downtime-bytes': 0, 'page-size': 4096, 'remaining': 4619718656, 'postcopy-bytes': 0, 'mbps': 1082.14848, 'transferred': 798034024, 'dirty-sync-missed-zero-copy': 0, 'precopy-bytes': 798033152, 'duplicate': 780857, 'dirty-pages-rate': 0, 'normal-bytes': 789463040, 'normal': 192740}}
QMP cmd [src3] query-migrate args={}
QMP reply [src3] query-migrate: {'expected-downtime': 300, 'status': 'active', 'setup-time': 1, 'total-time': 6026, 'ram': {'total': 8607571968, 'postcopy-requests': 0, 'dirty-sync-count': 1, 'multifd-bytes': 0, 'pages-per-second': 33580, 'downtime-bytes': 0, 'page-size': 4096, 'remaining': 4592455680, 'postcopy-bytes': 0, 'mbps': 1082.1888000000001, 'transferred': 825088204, 'dirty-sync-missed-zero-copy': 0, 'precopy-bytes': 825087312, 'duplicate': 780921, 'dirty-pages-rate': 0, 'normal-bytes': 816463872, 'normal': 199332}}
QMP cmd [src3] query-migrate args={}
QMP reply [src3] query-migrate: {'expected-downtime': 300, 'status': 'active', 'setup-time': 1, 'total-time': 6226, 'ram': {'total': 8607571968, 'postcopy-requests': 0, 'dirty-sync-count': 1, 'multifd-bytes': 0, 'pages-per-second': 33020, 'downtime-bytes': 0, 'page-size': 4096, 'remaining': 4563333120, 'postcopy-bytes': 0, 'mbps': 1082.14848, 'transferred': 852146470, 'dirty-sync-missed-zero-copy': 0, 'precopy-bytes': 852145558, 'duplicate': 781439, 'dirty-pages-rate': 0, 'normal-bytes': 843464704, 'normal': 205924}}
QMP cmd [src3] query-migrate args={}
QMP reply [src3] query-migrate: {'expected-downtime': 300, 'status': 'active', 'setup-time': 1, 'total-time': 6427, 'ram': {'total': 8607571968, 'postcopy-requests': 0, 'dirty-sync-count': 1, 'multifd-bytes': 0, 'pages-per-second': 38950, 'downtime-bytes': 0, 'page-size': 4096, 'remaining': 4533862400, 'postcopy-bytes': 0, 'mbps': 1082.5754399999998, 'transferred': 879205501, 'dirty-sync-missed-zero-copy': 0, 'precopy-bytes': 879204569, 'duplicate': 782042, 'dirty-pages-rate': 0, 'normal-bytes': 870465536, 'normal': 212516}}
QMP cmd [src3] query-migrate args={}
QMP reply [src3] query-migrate: {'expected-downtime': 300, 'status': 'active', 'setup-time': 1, 'total-time': 6628, 'ram': {'total': 8607571968, 'postcopy-requests': 0, 'dirty-sync-count': 1, 'multifd-bytes': 0, 'pages-per-second': 33540, 'downtime-bytes': 0, 'page-size': 4096, 'remaining': 4506591232, 'postcopy-bytes': 0, 'mbps': 1082.18592, 'transferred': 906259699, 'dirty-sync-missed-zero-copy': 0, 'precopy-bytes': 906258747, 'duplicate': 782108, 'dirty-pages-rate': 0, 'normal-bytes': 897466368, 'normal': 219108}}
2026-07-14 20:15:30.290804SSH command: ssh -o BatchMode=yes -o StrictHostKeyChecking=no -o UserKnownHostsFile=/dev/null -o ConnectTimeout=1 -o LogLevel=ERROR -p 2224 -i /home/max/.ssh/pgvm_bench user@127.0.0.1 test -f /tmp/bench.done
Return code: 1
Stdout: 
Stderr: 
QMP cmd [src3] query-migrate args={}
QMP reply [src3] query-migrate: {'expected-downtime': 300, 'status': 'active', 'setup-time': 1, 'total-time': 6829, 'ram': {'total': 8607571968, 'postcopy-requests': 0, 'dirty-sync-count': 1, 'multifd-bytes': 0, 'pages-per-second': 33140, 'downtime-bytes': 0, 'page-size': 4096, 'remaining': 4479500288, 'postcopy-bytes': 0, 'mbps': 1082.15712, 'transferred': 933313501, 'dirty-sync-missed-zero-copy': 0, 'precopy-bytes': 933312529, 'duplicate': 782130, 'dirty-pages-rate': 0, 'normal-bytes': 924467200, 'normal': 225700}}
QMP cmd [src3] query-migrate args={}
QMP reply [src3] query-migrate: {'expected-downtime': 300, 'status': 'active', 'setup-time': 1, 'total-time': 7029, 'ram': {'total': 8607571968, 'postcopy-requests': 0, 'dirty-sync-count': 1, 'multifd-bytes': 0, 'pages-per-second': 33000, 'downtime-bytes': 0, 'page-size': 4096, 'remaining': 4452466688, 'postcopy-bytes': 0, 'mbps': 1082.14704, 'transferred': 960367177, 'dirty-sync-missed-zero-copy': 0, 'precopy-bytes': 960366185, 'duplicate': 782138, 'dirty-pages-rate': 0, 'normal-bytes': 951468032, 'normal': 232292}}
QMP cmd [src3] query-migrate args={}
QMP reply [src3] query-migrate: {'expected-downtime': 300, 'status': 'active', 'setup-time': 1, 'total-time': 7230, 'ram': {'total': 8607571968, 'postcopy-requests': 0, 'dirty-sync-count': 1, 'multifd-bytes': 0, 'pages-per-second': 33560, 'downtime-bytes': 0, 'page-size': 4096, 'remaining': 4425203712, 'postcopy-bytes': 0, 'mbps': 1082.1873600000001, 'transferred': 987421357, 'dirty-sync-missed-zero-copy': 0, 'precopy-bytes': 987420345, 'duplicate': 782202, 'dirty-pages-rate': 0, 'normal-bytes': 978468864, 'normal': 238884}}
QMP cmd [src3] query-migrate args={}
QMP reply [src3] query-migrate: {'expected-downtime': 300, 'status': 'active', 'setup-time': 1, 'total-time': 7431, 'ram': {'total': 8607571968, 'postcopy-requests': 0, 'dirty-sync-count': 1, 'multifd-bytes': 0, 'pages-per-second': 32960, 'downtime-bytes': 0, 'page-size': 4096, 'remaining': 4398202880, 'postcopy-bytes': 0, 'mbps': 1082.1441599999998, 'transferred': 1014474961, 'dirty-sync-missed-zero-copy': 0, 'precopy-bytes': 1014473929, 'duplicate': 782202, 'dirty-pages-rate': 0, 'normal-bytes': 1005469696, 'normal': 245476}}
QMP cmd [src3] query-migrate args={}
QMP reply [src3] query-migrate: {'expected-downtime': 300, 'status': 'active', 'setup-time': 1, 'total-time': 7632, 'ram': {'total': 8607571968, 'postcopy-requests': 0, 'dirty-sync-count': 1, 'multifd-bytes': 0, 'pages-per-second': 32980, 'downtime-bytes': 0, 'page-size': 4096, 'remaining': 4371177472, 'postcopy-bytes': 0, 'mbps': 1082.1456, 'transferred': 1041528619, 'dirty-sync-missed-zero-copy': 0, 'precopy-bytes': 1041527567, 'duplicate': 782208, 'dirty-pages-rate': 0, 'normal-bytes': 1032470528, 'normal': 252068}}
QMP cmd [src3] query-migrate args={}
QMP reply [src3] query-migrate: {'expected-downtime': 300, 'status': 'active', 'setup-time': 1, 'total-time': 7832, 'ram': {'total': 8607571968, 'postcopy-requests': 0, 'dirty-sync-count': 1, 'multifd-bytes': 0, 'pages-per-second': 32980, 'downtime-bytes': 0, 'page-size': 4096, 'remaining': 4340887552, 'postcopy-bytes': 0, 'mbps': 1082.1456, 'transferred': 1068589450, 'dirty-sync-missed-zero-copy': 0, 'precopy-bytes': 1068588378, 'duplicate': 783011, 'dirty-pages-rate': 0, 'normal-bytes': 1059471360, 'normal': 258660}}
QMP cmd [src3] query-migrate args={}
QMP reply [src3] query-migrate: {'expected-downtime': 300, 'status': 'active', 'setup-time': 1, 'total-time': 8033, 'ram': {'total': 8607571968, 'postcopy-requests': 0, 'dirty-sync-count': 1, 'multifd-bytes': 0, 'pages-per-second': 32980, 'downtime-bytes': 0, 'page-size': 4096, 'remaining': 4313870336, 'postcopy-bytes': 0, 'mbps': 1082.1456, 'transferred': 1095643090, 'dirty-sync-missed-zero-copy': 0, 'precopy-bytes': 1095641998, 'duplicate': 783015, 'dirty-pages-rate': 0, 'normal-bytes': 1086472192, 'normal': 265252}}
QMP cmd [src3] query-migrate args={}
QMP reply [src3] query-migrate: {'expected-downtime': 300, 'status': 'active', 'setup-time': 1, 'total-time': 8234, 'ram': {'total': 8607571968, 'postcopy-requests': 0, 'dirty-sync-count': 1, 'multifd-bytes': 0, 'pages-per-second': 32980, 'downtime-bytes': 0, 'page-size': 4096, 'remaining': 4286853120, 'postcopy-bytes': 0, 'mbps': 1082.1456, 'transferred': 1122696730, 'dirty-sync-missed-zero-copy': 0, 'precopy-bytes': 1122695618, 'duplicate': 783019, 'dirty-pages-rate': 0, 'normal-bytes': 1113473024, 'normal': 271844}}
QMP cmd [src3] query-migrate args={}
QMP reply [src3] query-migrate: {'expected-downtime': 300, 'status': 'active', 'setup-time': 1, 'total-time': 8435, 'ram': {'total': 8607571968, 'postcopy-requests': 0, 'dirty-sync-count': 1, 'multifd-bytes': 0, 'pages-per-second': 38670, 'downtime-bytes': 0, 'page-size': 4096, 'remaining': 4257505280, 'postcopy-bytes': 0, 'mbps': 1082.55528, 'transferred': 1149755491, 'dirty-sync-missed-zero-copy': 0, 'precopy-bytes': 1149754359, 'duplicate': 783592, 'dirty-pages-rate': 0, 'normal-bytes': 1140473856, 'normal': 278436}}
QMP cmd [src3] query-migrate args={}
QMP reply [src3] query-migrate: {'expected-downtime': 300, 'status': 'active', 'setup-time': 1, 'total-time': 8635, 'ram': {'total': 8607571968, 'postcopy-requests': 0, 'dirty-sync-count': 1, 'multifd-bytes': 0, 'pages-per-second': 33000, 'downtime-bytes': 0, 'page-size': 4096, 'remaining': 4230463488, 'postcopy-bytes': 0, 'mbps': 1082.14704, 'transferred': 1176809185, 'dirty-sync-missed-zero-copy': 0, 'precopy-bytes': 1176808033, 'duplicate': 783602, 'dirty-pages-rate': 0, 'normal-bytes': 1167474688, 'normal': 285028}}
QMP cmd [src3] query-migrate args={}
QMP reply [src3] query-migrate: {'expected-downtime': 300, 'status': 'active', 'setup-time': 1, 'total-time': 8836, 'ram': {'total': 8607571968, 'postcopy-requests': 0, 'dirty-sync-count': 1, 'multifd-bytes': 0, 'pages-per-second': 32980, 'downtime-bytes': 0, 'page-size': 4096, 'remaining': 4203446272, 'postcopy-bytes': 0, 'mbps': 1082.1456, 'transferred': 1203862825, 'dirty-sync-missed-zero-copy': 0, 'precopy-bytes': 1203861653, 'duplicate': 783606, 'dirty-pages-rate': 0, 'normal-bytes': 1194475520, 'normal': 291620}}
2026-07-14 20:15:32.454941SSH command: ssh -o BatchMode=yes -o StrictHostKeyChecking=no -o UserKnownHostsFile=/dev/null -o ConnectTimeout=1 -o LogLevel=ERROR -p 2224 -i /home/max/.ssh/pgvm_bench user@127.0.0.1 test -f /tmp/bench.done
Return code: 1
Stdout: 
Stderr: 
QMP cmd [src3] query-migrate args={}
QMP reply [src3] query-migrate: {'expected-downtime': 300, 'status': 'active', 'setup-time': 1, 'total-time': 9038, 'ram': {'total': 8607571968, 'postcopy-requests': 0, 'dirty-sync-count': 1, 'multifd-bytes': 0, 'pages-per-second': 32980, 'downtime-bytes': 0, 'page-size': 4096, 'remaining': 4176437248, 'postcopy-bytes': 0, 'mbps': 1082.1456, 'transferred': 1230916447, 'dirty-sync-missed-zero-copy': 0, 'precopy-bytes': 1230915255, 'duplicate': 783608, 'dirty-pages-rate': 0, 'normal-bytes': 1221476352, 'normal': 298212}}
QMP cmd [src3] query-migrate args={}
QMP reply [src3] query-migrate: {'expected-downtime': 300, 'status': 'active', 'setup-time': 1, 'total-time': 9239, 'ram': {'total': 8607571968, 'postcopy-requests': 0, 'dirty-sync-count': 1, 'multifd-bytes': 0, 'pages-per-second': 32960, 'downtime-bytes': 0, 'page-size': 4096, 'remaining': 4149436416, 'postcopy-bytes': 0, 'mbps': 1082.1441599999998, 'transferred': 1257970051, 'dirty-sync-missed-zero-copy': 0, 'precopy-bytes': 1257968839, 'duplicate': 783608, 'dirty-pages-rate': 0, 'normal-bytes': 1248477184, 'normal': 304804}}
QMP cmd [src3] query-migrate args={}
QMP reply [src3] query-migrate: {'expected-downtime': 300, 'status': 'active', 'setup-time': 1, 'total-time': 9439, 'ram': {'total': 8607571968, 'postcopy-requests': 0, 'dirty-sync-count': 1, 'multifd-bytes': 0, 'pages-per-second': 33020, 'downtime-bytes': 0, 'page-size': 4096, 'remaining': 4122411008, 'postcopy-bytes': 0, 'mbps': 1082.14848, 'transferred': 1285023709, 'dirty-sync-missed-zero-copy': 0, 'precopy-bytes': 1285022477, 'duplicate': 783614, 'dirty-pages-rate': 0, 'normal-bytes': 1275478016, 'normal': 311396}}
QMP cmd [src3] query-migrate args={}
QMP reply [src3] query-migrate: {'expected-downtime': 300, 'status': 'active', 'setup-time': 1, 'total-time': 9640, 'ram': {'total': 8607571968, 'postcopy-requests': 0, 'dirty-sync-count': 1, 'multifd-bytes': 0, 'pages-per-second': 32960, 'downtime-bytes': 0, 'page-size': 4096, 'remaining': 4095410176, 'postcopy-bytes': 0, 'mbps': 1082.1441599999998, 'transferred': 1312077313, 'dirty-sync-missed-zero-copy': 0, 'precopy-bytes': 1312076061, 'duplicate': 783614, 'dirty-pages-rate': 0, 'normal-bytes': 1302478848, 'normal': 317988}}
QMP cmd [src3] query-migrate args={}
QMP reply [src3] query-migrate: {'expected-downtime': 300, 'status': 'active', 'setup-time': 1, 'total-time': 9841, 'ram': {'total': 8607571968, 'postcopy-requests': 0, 'dirty-sync-count': 1, 'multifd-bytes': 0, 'pages-per-second': 32960, 'downtime-bytes': 0, 'page-size': 4096, 'remaining': 4068401152, 'postcopy-bytes': 0, 'mbps': 1082.1441599999998, 'transferred': 1339130935, 'dirty-sync-missed-zero-copy': 0, 'precopy-bytes': 1339129663, 'duplicate': 783616, 'dirty-pages-rate': 0, 'normal-bytes': 1329479680, 'normal': 324580}}
QMP cmd [src3] query-migrate args={}
QMP reply [src3] query-migrate: {'expected-downtime': 300, 'status': 'active', 'setup-time': 1, 'total-time': 10042, 'ram': {'total': 8607571968, 'postcopy-requests': 0, 'dirty-sync-count': 1, 'multifd-bytes': 0, 'pages-per-second': 32980, 'downtime-bytes': 0, 'page-size': 4096, 'remaining': 4041383936, 'postcopy-bytes': 0, 'mbps': 1082.1456, 'transferred': 1366184575, 'dirty-sync-missed-zero-copy': 0, 'precopy-bytes': 1366183283, 'duplicate': 783620, 'dirty-pages-rate': 0, 'normal-bytes': 1356480512, 'normal': 331172}}
QMP cmd [src3] query-migrate args={}
QMP reply [src3] query-migrate: {'expected-downtime': 300, 'status': 'active', 'setup-time': 1, 'total-time': 10243, 'ram': {'total': 8607571968, 'postcopy-requests': 0, 'dirty-sync-count': 1, 'multifd-bytes': 0, 'pages-per-second': 33160, 'downtime-bytes': 0, 'page-size': 4096, 'remaining': 4014292992, 'postcopy-bytes': 0, 'mbps': 1082.15856, 'transferred': 1393238377, 'dirty-sync-missed-zero-copy': 0, 'precopy-bytes': 1393237065, 'duplicate': 783642, 'dirty-pages-rate': 0, 'normal-bytes': 1383481344, 'normal': 337764}}
QMP cmd [src3] query-migrate args={}
QMP reply [src3] query-migrate: {'expected-downtime': 300, 'status': 'active', 'setup-time': 1, 'total-time': 10443, 'ram': {'total': 8607571968, 'postcopy-requests': 0, 'dirty-sync-count': 1, 'multifd-bytes': 0, 'pages-per-second': 35760, 'downtime-bytes': 0, 'page-size': 4096, 'remaining': 3986112512, 'postcopy-bytes': 0, 'mbps': 1082.34576, 'transferred': 1420294573, 'dirty-sync-missed-zero-copy': 0, 'precopy-bytes': 1420293241, 'duplicate': 783930, 'dirty-pages-rate': 0, 'normal-bytes': 1410482176, 'normal': 344356}}
QMP cmd [src3] query-migrate args={}
QMP reply [src3] query-migrate: {'expected-downtime': 300, 'status': 'active', 'setup-time': 1, 'total-time': 10644, 'ram': {'total': 8607571968, 'postcopy-requests': 0, 'dirty-sync-count': 1, 'multifd-bytes': 0, 'pages-per-second': 42740, 'downtime-bytes': 0, 'page-size': 4096, 'remaining': 3955097600, 'postcopy-bytes': 0, 'mbps': 1082.84832, 'transferred': 1447356997, 'dirty-sync-missed-zero-copy': 0, 'precopy-bytes': 1447355645, 'duplicate': 784910, 'dirty-pages-rate': 0, 'normal-bytes': 1437483008, 'normal': 350948}}
QMP cmd [src3] query-migrate args={}
QMP reply [src3] query-migrate: {'expected-downtime': 300, 'status': 'active', 'setup-time': 1, 'total-time': 10845, 'ram': {'total': 8607571968, 'postcopy-requests': 0, 'dirty-sync-count': 1, 'multifd-bytes': 0, 'pages-per-second': 33000, 'downtime-bytes': 0, 'page-size': 4096, 'remaining': 3928047616, 'postcopy-bytes': 0, 'mbps': 1082.14704, 'transferred': 1474410709, 'dirty-sync-missed-zero-copy': 0, 'precopy-bytes': 1474409337, 'duplicate': 784922, 'dirty-pages-rate': 0, 'normal-bytes': 1464483840, 'normal': 357540}}
2026-07-14 20:15:34.628376SSH command: ssh -o BatchMode=yes -o StrictHostKeyChecking=no -o UserKnownHostsFile=/dev/null -o ConnectTimeout=1 -o LogLevel=ERROR -p 2224 -i /home/max/.ssh/pgvm_bench user@127.0.0.1 test -f /tmp/bench.done
Return code: 1
Stdout: 
Stderr: 
QMP cmd [src3] query-migrate args={}
QMP reply [src3] query-migrate: {'expected-downtime': 300, 'status': 'active', 'setup-time': 1, 'total-time': 11046, 'ram': {'total': 8607571968, 'postcopy-requests': 0, 'dirty-sync-count': 1, 'multifd-bytes': 0, 'pages-per-second': 33000, 'downtime-bytes': 0, 'page-size': 4096, 'remaining': 3901014016, 'postcopy-bytes': 0, 'mbps': 1082.14704, 'transferred': 1501464385, 'dirty-sync-missed-zero-copy': 0, 'precopy-bytes': 1501462993, 'duplicate': 784930, 'dirty-pages-rate': 0, 'normal-bytes': 1491484672, 'normal': 364132}}
QMP cmd [src3] query-migrate args={}
QMP reply [src3] query-migrate: {'expected-downtime': 300, 'status': 'active', 'setup-time': 1, 'total-time': 11247, 'ram': {'total': 8607571968, 'postcopy-requests': 0, 'dirty-sync-count': 1, 'multifd-bytes': 0, 'pages-per-second': 33000, 'downtime-bytes': 0, 'page-size': 4096, 'remaining': 3873964032, 'postcopy-bytes': 0, 'mbps': 1082.14704, 'transferred': 1528518097, 'dirty-sync-missed-zero-copy': 0, 'precopy-bytes': 1528516685, 'duplicate': 784942, 'dirty-pages-rate': 0, 'normal-bytes': 1518485504, 'normal': 370724}}
QMP cmd [src3] query-migrate args={}
QMP reply [src3] query-migrate: {'expected-downtime': 300, 'status': 'active', 'setup-time': 1, 'total-time': 11448, 'ram': {'total': 8607571968, 'postcopy-requests': 0, 'dirty-sync-count': 1, 'multifd-bytes': 0, 'pages-per-second': 33020, 'downtime-bytes': 0, 'page-size': 4096, 'remaining': 3846914048, 'postcopy-bytes': 0, 'mbps': 1082.14848, 'transferred': 1555571809, 'dirty-sync-missed-zero-copy': 0, 'precopy-bytes': 1555570377, 'duplicate': 784954, 'dirty-pages-rate': 0, 'normal-bytes': 1545486336, 'normal': 377316}}
QMP cmd [src3] query-migrate args={}
QMP reply [src3] query-migrate: {'expected-downtime': 300, 'status': 'active', 'setup-time': 1, 'total-time': 11648, 'ram': {'total': 8607571968, 'postcopy-requests': 0, 'dirty-sync-count': 1, 'multifd-bytes': 0, 'pages-per-second': 33060, 'downtime-bytes': 0, 'page-size': 4096, 'remaining': 3819814912, 'postcopy-bytes': 0, 'mbps': 1082.15136, 'transferred': 1582625629, 'dirty-sync-missed-zero-copy': 0, 'precopy-bytes': 1582624177, 'duplicate': 784978, 'dirty-pages-rate': 0, 'normal-bytes': 1572487168, 'normal': 383908}}
QMP cmd [src3] query-migrate args={}
QMP reply [src3] query-migrate: {'expected-downtime': 300, 'status': 'active', 'setup-time': 1, 'total-time': 11849, 'ram': {'total': 8607571968, 'postcopy-requests': 0, 'dirty-sync-count': 1, 'multifd-bytes': 0, 'pages-per-second': 33100, 'downtime-bytes': 0, 'page-size': 4096, 'remaining': 3792707584, 'postcopy-bytes': 0, 'mbps': 1082.15424, 'transferred': 1609679467, 'dirty-sync-missed-zero-copy': 0, 'precopy-bytes': 1609677995, 'duplicate': 785004, 'dirty-pages-rate': 0, 'normal-bytes': 1599488000, 'normal': 390500}}
QMP cmd [src3] query-migrate args={}
QMP reply [src3] query-migrate: {'expected-downtime': 300, 'status': 'active', 'setup-time': 1, 'total-time': 12050, 'ram': {'total': 8607571968, 'postcopy-requests': 0, 'dirty-sync-count': 1, 'multifd-bytes': 0, 'pages-per-second': 33140, 'downtime-bytes': 0, 'page-size': 4096, 'remaining': 3765460992, 'postcopy-bytes': 0, 'mbps': 1082.15712, 'transferred': 1636733611, 'dirty-sync-missed-zero-copy': 0, 'precopy-bytes': 1636732119, 'duplicate': 785064, 'dirty-pages-rate': 0, 'normal-bytes': 1626488832, 'normal': 397092}}
QMP cmd [src3] query-migrate args={}
QMP reply [src3] query-migrate: {'expected-downtime': 300, 'status': 'active', 'setup-time': 1, 'total-time': 12251, 'ram': {'total': 8607571968, 'postcopy-requests': 0, 'dirty-sync-count': 1, 'multifd-bytes': 0, 'pages-per-second': 33240, 'downtime-bytes': 0, 'page-size': 4096, 'remaining': 3738075136, 'postcopy-bytes': 0, 'mbps': 1082.16432, 'transferred': 1663788061, 'dirty-sync-missed-zero-copy': 0, 'precopy-bytes': 1663786549, 'duplicate': 785158, 'dirty-pages-rate': 0, 'normal-bytes': 1653489664, 'normal': 403684}}
QMP cmd [src3] query-migrate args={}
QMP reply [src3] query-migrate: {'expected-downtime': 300, 'status': 'active', 'setup-time': 1, 'total-time': 12452, 'ram': {'total': 8607571968, 'postcopy-requests': 0, 'dirty-sync-count': 1, 'multifd-bytes': 0, 'pages-per-second': 33920, 'downtime-bytes': 0, 'page-size': 4096, 'remaining': 3709329408, 'postcopy-bytes': 0, 'mbps': 1082.21328, 'transferred': 1690845499, 'dirty-sync-missed-zero-copy': 0, 'precopy-bytes': 1690843967, 'duplicate': 785584, 'dirty-pages-rate': 0, 'normal-bytes': 1680490496, 'normal': 410276}}
QMP cmd [src3] query-migrate args={}
QMP reply [src3] query-migrate: {'expected-downtime': 300, 'status': 'active', 'setup-time': 1, 'total-time': 12652, 'ram': {'total': 8607571968, 'postcopy-requests': 0, 'dirty-sync-count': 1, 'multifd-bytes': 0, 'pages-per-second': 36920, 'downtime-bytes': 0, 'page-size': 4096, 'remaining': 3679109120, 'postcopy-bytes': 0, 'mbps': 1082.42928, 'transferred': 1717906177, 'dirty-sync-missed-zero-copy': 0, 'precopy-bytes': 1717904625, 'duplicate': 786370, 'dirty-pages-rate': 0, 'normal-bytes': 1707491328, 'normal': 416868}}
QMP cmd [src3] query-migrate args={}
QMP reply [src3] query-migrate: {'expected-downtime': 300, 'status': 'active', 'setup-time': 1, 'total-time': 12853, 'ram': {'total': 8607571968, 'postcopy-requests': 0, 'dirty-sync-count': 1, 'multifd-bytes': 0, 'pages-per-second': 36380, 'downtime-bytes': 0, 'page-size': 4096, 'remaining': 3648806912, 'postcopy-bytes': 0, 'mbps': 1082.3904, 'transferred': 1744967035, 'dirty-sync-missed-zero-copy': 0, 'precopy-bytes': 1744965463, 'duplicate': 787176, 'dirty-pages-rate': 0, 'normal-bytes': 1734492160, 'normal': 423460}}
QMP cmd [src3] query-migrate args={}
QMP reply [src3] query-migrate: {'expected-downtime': 300, 'status': 'active', 'setup-time': 1, 'total-time': 13054, 'ram': {'total': 8607571968, 'postcopy-requests': 0, 'dirty-sync-count': 1, 'multifd-bytes': 0, 'pages-per-second': 36340, 'downtime-bytes': 0, 'page-size': 4096, 'remaining': 3618521088, 'postcopy-bytes': 0, 'mbps': 1082.38752, 'transferred': 1772027857, 'dirty-sync-missed-zero-copy': 0, 'precopy-bytes': 1772026265, 'duplicate': 787978, 'dirty-pages-rate': 0, 'normal-bytes': 1761492992, 'normal': 430052}}
2026-07-14 20:15:36.794362SSH command: ssh -o BatchMode=yes -o StrictHostKeyChecking=no -o UserKnownHostsFile=/dev/null -o ConnectTimeout=1 -o LogLevel=ERROR -p 2224 -i /home/max/.ssh/pgvm_bench user@127.0.0.1 test -f /tmp/bench.done
Return code: 1
Stdout: 
Stderr: 
QMP cmd [src3] query-migrate args={}
QMP reply [src3] query-migrate: {'expected-downtime': 300, 'status': 'active', 'setup-time': 1, 'total-time': 13255, 'ram': {'total': 8607571968, 'postcopy-requests': 0, 'dirty-sync-count': 1, 'multifd-bytes': 0, 'pages-per-second': 37630, 'downtime-bytes': 0, 'page-size': 4096, 'remaining': 3587846144, 'postcopy-bytes': 0, 'mbps': 1082.4804, 'transferred': 1799089534, 'dirty-sync-missed-zero-copy': 0, 'precopy-bytes': 1799087922, 'duplicate': 788875, 'dirty-pages-rate': 0, 'normal-bytes': 1788493824, 'normal': 436644}}
QMP cmd [src3] query-migrate args={}
QMP reply [src3] query-migrate: {'expected-downtime': 300, 'status': 'active', 'setup-time': 1, 'total-time': 13456, 'ram': {'total': 8607571968, 'postcopy-requests': 0, 'dirty-sync-count': 1, 'multifd-bytes': 0, 'pages-per-second': 47340, 'downtime-bytes': 0, 'page-size': 4096, 'remaining': 978268160, 'postcopy-bytes': 0, 'mbps': 1083.17952, 'transferred': 1821324761, 'dirty-sync-missed-zero-copy': 0, 'precopy-bytes': 1821332905, 'duplicate': 1421945, 'dirty-pages-rate': 0, 'normal-bytes': 1805008896, 'normal': 440676}}
QMP cmd [src3] query-migrate args={}
QMP reply [src3] query-migrate: {'expected-downtime': 300, 'status': 'active', 'setup-time': 1, 'total-time': 13657, 'ram': {'total': 8607571968, 'postcopy-requests': 0, 'dirty-sync-count': 1, 'multifd-bytes': 0, 'pages-per-second': 34220, 'downtime-bytes': 0, 'page-size': 4096, 'remaining': 141217792, 'postcopy-bytes': 0, 'mbps': 1082.23488, 'transferred': 1853181982, 'dirty-sync-missed-zero-copy': 0, 'precopy-bytes': 1853180320, 'duplicate': 1618977, 'dirty-pages-rate': 0, 'normal-bytes': 1835024384, 'normal': 448004}}
QMP cmd [src3] query-migrate args={}
QMP reply [src3] query-migrate: {'expected-downtime': 300, 'status': 'active', 'setup-time': 1, 'total-time': 13858, 'ram': {'total': 8607571968, 'postcopy-requests': 0, 'dirty-sync-count': 1, 'multifd-bytes': 0, 'pages-per-second': 32960, 'downtime-bytes': 0, 'page-size': 4096, 'remaining': 114216960, 'postcopy-bytes': 0, 'mbps': 1082.1441599999998, 'transferred': 1880235586, 'dirty-sync-missed-zero-copy': 0, 'precopy-bytes': 1880233904, 'duplicate': 1618977, 'dirty-pages-rate': 0, 'normal-bytes': 1862025216, 'normal': 454596}}
QMP cmd [src3] query-migrate args={}
QMP reply [src3] query-migrate: {'expected-downtime': 300, 'status': 'active', 'setup-time': 1, 'total-time': 14059, 'ram': {'total': 8607571968, 'postcopy-requests': 0, 'dirty-sync-count': 1, 'multifd-bytes': 0, 'pages-per-second': 32960, 'downtime-bytes': 0, 'page-size': 4096, 'remaining': 87216128, 'postcopy-bytes': 0, 'mbps': 1082.1441599999998, 'transferred': 1907289190, 'dirty-sync-missed-zero-copy': 0, 'precopy-bytes': 1907287488, 'duplicate': 1618977, 'dirty-pages-rate': 0, 'normal-bytes': 1889026048, 'normal': 461188}}
QMP cmd [src3] query-migrate args={}
QMP reply [src3] query-migrate: {'expected-downtime': 300, 'status': 'active', 'setup-time': 1, 'total-time': 14259, 'ram': {'total': 8607571968, 'postcopy-requests': 0, 'dirty-sync-count': 1, 'multifd-bytes': 0, 'pages-per-second': 32960, 'downtime-bytes': 0, 'page-size': 4096, 'remaining': 60215296, 'postcopy-bytes': 0, 'mbps': 1082.1441599999998, 'transferred': 1934342794, 'dirty-sync-missed-zero-copy': 0, 'precopy-bytes': 1934341072, 'duplicate': 1618977, 'dirty-pages-rate': 0, 'normal-bytes': 1916026880, 'normal': 467780}}
QMP cmd [src3] query-migrate args={}
QMP reply [src3] query-migrate: {'expected-downtime': 300, 'status': 'active', 'setup-time': 1, 'total-time': 14460, 'ram': {'total': 8607571968, 'postcopy-requests': 0, 'dirty-sync-count': 1, 'multifd-bytes': 0, 'pages-per-second': 32960, 'downtime-bytes': 0, 'page-size': 4096, 'remaining': 33214464, 'postcopy-bytes': 0, 'mbps': 1082.1441599999998, 'transferred': 1961396398, 'dirty-sync-missed-zero-copy': 0, 'precopy-bytes': 1961394656, 'duplicate': 1618977, 'dirty-pages-rate': 0, 'normal-bytes': 1943027712, 'normal': 474372}}
QMP cmd [src3] query-migrate args={}
QMP reply [src3] query-migrate: {'expected-downtime': 2302, 'status': 'active', 'setup-time': 1, 'total-time': 14661, 'ram': {'total': 8607571968, 'postcopy-requests': 0, 'dirty-sync-count': 2, 'multifd-bytes': 0, 'pages-per-second': 32960, 'downtime-bytes': 0, 'page-size': 4096, 'remaining': 265953280, 'postcopy-bytes': 0, 'mbps': 1082.1441599999998, 'transferred': 1988409049, 'dirty-sync-missed-zero-copy': 0, 'precopy-bytes': 1988407287, 'duplicate': 1623530, 'dirty-pages-rate': 4686, 'normal-bytes': 1969946624, 'normal': 480944}}
QMP cmd [src3] query-migrate args={}
QMP reply [src3] query-migrate: {'expected-downtime': 2302, 'status': 'active', 'setup-time': 1, 'total-time': 14862, 'ram': {'total': 8607571968, 'postcopy-requests': 0, 'dirty-sync-count': 2, 'multifd-bytes': 0, 'pages-per-second': 35320, 'downtime-bytes': 0, 'page-size': 4096, 'remaining': 235380736, 'postcopy-bytes': 0, 'mbps': 1082.31408, 'transferred': 2015470501, 'dirty-sync-missed-zero-copy': 0, 'precopy-bytes': 2015468719, 'duplicate': 1624402, 'dirty-pages-rate': 4686, 'normal-bytes': 1996947456, 'normal': 487536}}
QMP cmd [src3] query-migrate args={}
QMP reply [src3] query-migrate: {'expected-downtime': 2302, 'status': 'active', 'setup-time': 1, 'total-time': 15063, 'ram': {'total': 8607571968, 'postcopy-requests': 0, 'dirty-sync-count': 2, 'multifd-bytes': 0, 'pages-per-second': 34870, 'downtime-bytes': 0, 'page-size': 4096, 'remaining': 207273984, 'postcopy-bytes': 0, 'mbps': 1082.2816799999998, 'transferred': 2042526535, 'dirty-sync-missed-zero-copy': 0, 'precopy-bytes': 2042524733, 'duplicate': 1624672, 'dirty-pages-rate': 4686, 'normal-bytes': 2023948288, 'normal': 494128}}
QMP cmd [src3] query-migrate args={}
QMP reply [src3] query-migrate: {'expected-downtime': 2302, 'status': 'active', 'setup-time': 1, 'total-time': 15264, 'ram': {'total': 8607571968, 'postcopy-requests': 0, 'dirty-sync-count': 2, 'multifd-bytes': 0, 'pages-per-second': 34460, 'downtime-bytes': 0, 'page-size': 4096, 'remaining': 179658752, 'postcopy-bytes': 0, 'mbps': 1082.25216, 'transferred': 2069581489, 'dirty-sync-missed-zero-copy': 0, 'precopy-bytes': 2069579667, 'duplicate': 1624822, 'dirty-pages-rate': 4686, 'normal-bytes': 2050949120, 'normal': 500720}}
2026-07-14 20:15:39.039742SSH command: ssh -o BatchMode=yes -o StrictHostKeyChecking=no -o UserKnownHostsFile=/dev/null -o ConnectTimeout=1 -o LogLevel=ERROR -p 2224 -i /home/max/.ssh/pgvm_bench user@127.0.0.1 test -f /tmp/bench.done
Return code: 1
Stdout: 
Stderr: 
qemu-system-x86_64: terminating on signal 15 from pid 15322 (/home/max/Bachelor-Thesis/Repo/.venv/bin/python)
QMP cmd [src3] query-migrate args={}
QMP reply [src3] query-migrate: {'expected-downtime': 2302, 'status': 'active', 'setup-time': 1, 'total-time': 15464, 'ram': {'total': 8607571968, 'postcopy-requests': 0, 'dirty-sync-count': 2, 'multifd-bytes': 0, 'pages-per-second': 32960, 'downtime-bytes': 0, 'page-size': 4096, 'remaining': 152645632, 'postcopy-bytes': 0, 'mbps': 1082.1441599999998, 'transferred': 2096635120, 'dirty-sync-missed-zero-copy': 0, 'precopy-bytes': 2096633278, 'duplicate': 1624825, 'dirty-pages-rate': 4686, 'normal-bytes': 2077949952, 'normal': 507312}}
QMP cmd [src3] query-migrate args={}
QMP reply [src3] query-migrate: {'expected-downtime': 2302, 'status': 'active', 'setup-time': 1, 'total-time': 15665, 'ram': {'total': 8607571968, 'postcopy-requests': 0, 'dirty-sync-count': 2, 'multifd-bytes': 0, 'pages-per-second': 32960, 'downtime-bytes': 0, 'page-size': 4096, 'remaining': 125550592, 'postcopy-bytes': 0, 'mbps': 1082.1441599999998, 'transferred': 2123688931, 'dirty-sync-missed-zero-copy': 0, 'precopy-bytes': 2123687069, 'duplicate': 1624848, 'dirty-pages-rate': 4686, 'normal-bytes': 2104950784, 'normal': 513904}}
QMP cmd [src3] query-migrate args={}
QMP reply [src3] query-migrate: {'expected-downtime': 2302, 'status': 'active', 'setup-time': 1, 'total-time': 15866, 'ram': {'total': 8607571968, 'postcopy-requests': 0, 'dirty-sync-count': 2, 'multifd-bytes': 0, 'pages-per-second': 33310, 'downtime-bytes': 0, 'page-size': 4096, 'remaining': 98402304, 'postcopy-bytes': 0, 'mbps': 1082.16936, 'transferred': 2150742859, 'dirty-sync-missed-zero-copy': 0, 'precopy-bytes': 2150740977, 'duplicate': 1624884, 'dirty-pages-rate': 4686, 'normal-bytes': 2131951616, 'normal': 520496}}
QMP cmd [src3] query-migrate args={}
QMP reply [src3] query-migrate: {'expected-downtime': 2302, 'status': 'active', 'setup-time': 1, 'total-time': 16067, 'ram': {'total': 8607571968, 'postcopy-requests': 0, 'dirty-sync-count': 2, 'multifd-bytes': 0, 'pages-per-second': 34160, 'downtime-bytes': 0, 'page-size': 4096, 'remaining': 70811648, 'postcopy-bytes': 0, 'mbps': 1082.23056, 'transferred': 2177797759, 'dirty-sync-missed-zero-copy': 0, 'precopy-bytes': 2177795857, 'duplicate': 1625028, 'dirty-pages-rate': 4686, 'normal-bytes': 2158952448, 'normal': 527088}}
QMP cmd [src3] query-migrate args={}
QMP reply [src3] query-migrate: {'expected-downtime': 2302, 'status': 'active', 'setup-time': 1, 'total-time': 16267, 'ram': {'total': 8607571968, 'postcopy-requests': 0, 'dirty-sync-count': 2, 'multifd-bytes': 0, 'pages-per-second': 32960, 'downtime-bytes': 0, 'page-size': 4096, 'remaining': 43810816, 'postcopy-bytes': 0, 'mbps': 1082.1441599999998, 'transferred': 2204851363, 'dirty-sync-missed-zero-copy': 0, 'precopy-bytes': 2204849441, 'duplicate': 1625028, 'dirty-pages-rate': 4686, 'normal-bytes': 2185953280, 'normal': 533680}}
QMP cmd [src3] query-migrate args={}
QMP reply [src3] query-migrate: {'expected-downtime': 2302, 'status': 'active', 'setup-time': 1, 'total-time': 16469, 'ram': {'total': 8607571968, 'postcopy-requests': 0, 'dirty-sync-count': 3, 'multifd-bytes': 0, 'pages-per-second': 34210, 'downtime-bytes': 0, 'page-size': 4096, 'remaining': 88289280, 'postcopy-bytes': 0, 'mbps': 1082.23416, 'transferred': 2231909053, 'dirty-sync-missed-zero-copy': 0, 'precopy-bytes': 2231907111, 'duplicate': 1625482, 'dirty-pages-rate': 9423, 'normal-bytes': 2212954112, 'normal': 540272}}
QMP cmd [src3] query-migrate args={}
QMP reply [src3] query-migrate: {'expected-downtime': 762, 'status': 'active', 'setup-time': 1, 'total-time': 16670, 'ram': {'total': 8607571968, 'postcopy-requests': 0, 'dirty-sync-count': 3, 'multifd-bytes': 0, 'pages-per-second': 36180, 'downtime-bytes': 0, 'page-size': 4096, 'remaining': 59969536, 'postcopy-bytes': 0, 'mbps': 1082.376, 'transferred': 2258965555, 'dirty-sync-missed-zero-copy': 0, 'precopy-bytes': 2258963593, 'duplicate': 1625804, 'dirty-pages-rate': 9423, 'normal-bytes': 2239954944, 'normal': 546864}}
QMP cmd [src3] query-migrate args={}
QMP reply [src3] query-migrate: {'expected-downtime': 762, 'status': 'active', 'setup-time': 1, 'total-time': 16871, 'ram': {'total': 8607571968, 'postcopy-requests': 0, 'dirty-sync-count': 3, 'multifd-bytes': 0, 'pages-per-second': 33990, 'downtime-bytes': 0, 'page-size': 4096, 'remaining': 31752192, 'postcopy-bytes': 0, 'mbps': 1082.22064, 'transferred': 2286021861, 'dirty-sync-missed-zero-copy': 0, 'precopy-bytes': 2286019879, 'duplicate': 1626101, 'dirty-pages-rate': 9423, 'normal-bytes': 2266955776, 'normal': 553456}}
QMP cmd [src3] query-migrate args={}
QMP reply [src3] query-migrate: {'expected-downtime': 378, 'status': 'active', 'setup-time': 1, 'total-time': 17073, 'ram': {'total': 8607571968, 'postcopy-requests': 0, 'dirty-sync-count': 5, 'multifd-bytes': 0, 'pages-per-second': 32990, 'downtime-bytes': 0, 'page-size': 4096, 'remaining': 38678528, 'postcopy-bytes': 0, 'mbps': 1082.14632, 'transferred': 2313076635, 'dirty-sync-missed-zero-copy': 0, 'precopy-bytes': 2313074633, 'duplicate': 1626231, 'dirty-pages-rate': 9423, 'normal-bytes': 2293956608, 'normal': 560048}}
QMP cmd [src3] query-migrate args={}
QMP reply [src3] query-migrate: {'status': 'completed', 'setup-time': 1, 'downtime': 19, 'total-time': 17219, 'ram': {'total': 8607571968, 'postcopy-requests': 0, 'dirty-sync-count': 8, 'multifd-bytes': 0, 'pages-per-second': 33420, 'downtime-bytes': 31517453, 'page-size': 4096, 'remaining': 0, 'postcopy-bytes': 0, 'mbps': 1095.8486969450576, 'transferred': 2358540358, 'dirty-sync-missed-zero-copy': 0, 'precopy-bytes': 2326601839, 'duplicate': 1626589, 'dirty-pages-rate': 0, 'normal-bytes': 2338910208, 'normal': 571023}}
