2026-07-14 20:18:48.118634SSH command: ssh -o BatchMode=yes -o StrictHostKeyChecking=no -o UserKnownHostsFile=/dev/null -o ConnectTimeout=1 -o LogLevel=ERROR -p 2225 -i /home/max/.ssh/pgvm_bench user@127.0.0.1 systemd-analyze
Return code: 0
Stdout: Startup finished in 795ms (kernel) + 2.257s (userspace) = 3.053s 
graphical.target reached after 2.257s in userspace.

Stderr: 
2026-07-14 20:18:48.261250SSH command: ssh -o BatchMode=yes -o StrictHostKeyChecking=no -o UserKnownHostsFile=/dev/null -o ConnectTimeout=1 -o LogLevel=ERROR -p 2225 -i /home/max/.ssh/pgvm_bench user@127.0.0.1 rm -f /tmp/bench.done /tmp/pg-buffer-hit-ratio.csv /tmp/pg-buffer-sampler.log; nohup bash /home/user/pg_sampler.sh /tmp/bench.done /tmp/pg-buffer-hit-ratio.csv ycsb >/tmp/pg-buffer-sampler.log 2>&1 &
Return code: 0
Stdout: 
Stderr: 
QMP cmd [src4] migrate-set-capabilities args={'capabilities': [{'capability': 'auto-converge', 'state': False}, {'capability': 'events', 'state': True}, {'capability': 'postcopy-blocktime', 'state': False}, {'capability': 'postcopy-ram', 'state': False}]}
QMP cmd [src4] query-migrate args={}
QMP reply [src4] migrate-set-capabilities: {}
QMP cmd [src4] migrate args={'uri': 'unix:/tmp/mig.sock'}
QMP reply [src4] query-migrate: {}
QMP reply [src4] migrate: {}
2026-07-14 20:21:18.691883SSH command: ssh -o BatchMode=yes -o StrictHostKeyChecking=no -o UserKnownHostsFile=/dev/null -o ConnectTimeout=1 -o LogLevel=ERROR -p 2225 -i /home/max/.ssh/pgvm_bench user@127.0.0.1 test -f /tmp/bench.done
Return code: 1
Stdout: 
Stderr: 
QMP cmd [src4] query-migrate args={}
QMP reply [src4] query-migrate: {'expected-downtime': 300, 'status': 'active', 'setup-time': 1, 'total-time': 200, 'ram': {'total': 8607571968, 'postcopy-requests': 0, 'dirty-sync-count': 1, 'multifd-bytes': 0, 'pages-per-second': 35530, 'downtime-bytes': 0, 'page-size': 4096, 'remaining': 8576561152, 'postcopy-bytes': 0, 'mbps': 1082.3292, 'transferred': 28110746, 'dirty-sync-missed-zero-copy': 0, 'precopy-bytes': 28237666, 'duplicate': 691, 'dirty-pages-rate': 0, 'normal-bytes': 28176384, 'normal': 6879}}
QMP cmd [src4] query-migrate args={}
QMP reply [src4] query-migrate: {'expected-downtime': 300, 'status': 'active', 'setup-time': 1, 'total-time': 401, 'ram': {'total': 8607571968, 'postcopy-requests': 0, 'dirty-sync-count': 1, 'multifd-bytes': 0, 'pages-per-second': 2045870, 'downtime-bytes': 0, 'page-size': 4096, 'remaining': 7666307072, 'postcopy-bytes': 0, 'mbps': 1074.08448, 'transferred': 62131115, 'dirty-sync-missed-zero-copy': 0, 'precopy-bytes': 62289291, 'duplicate': 215092, 'dirty-pages-rate': 0, 'normal-bytes': 60235776, 'normal': 14706}}
QMP cmd [src4] query-migrate args={}
QMP reply [src4] query-migrate: {'expected-downtime': 300, 'status': 'active', 'setup-time': 1, 'total-time': 602, 'ram': {'total': 8607571968, 'postcopy-requests': 0, 'dirty-sync-count': 1, 'multifd-bytes': 0, 'pages-per-second': 164160, 'downtime-bytes': 0, 'page-size': 4096, 'remaining': 5350391808, 'postcopy-bytes': 0, 'mbps': 1083.40056, 'transferred': 88917779, 'dirty-sync-missed-zero-copy': 0, 'precopy-bytes': 89044659, 'duplicate': 775212, 'dirty-pages-rate': 0, 'normal-bytes': 81907712, 'normal': 19997}}
QMP cmd [src4] query-migrate args={}
QMP reply [src4] query-migrate: {'expected-downtime': 300, 'status': 'active', 'setup-time': 1, 'total-time': 803, 'ram': {'total': 8607571968, 'postcopy-requests': 0, 'dirty-sync-count': 1, 'multifd-bytes': 0, 'pages-per-second': 47170, 'downtime-bytes': 0, 'page-size': 4096, 'remaining': 5303762944, 'postcopy-bytes': 0, 'mbps': 1083.1672800000001, 'transferred': 120600911, 'dirty-sync-missed-zero-copy': 0, 'precopy-bytes': 120727771, 'duplicate': 778884, 'dirty-pages-rate': 0, 'normal-bytes': 113496064, 'normal': 27709}}
QMP cmd [src4] query-migrate args={}
QMP reply [src4] query-migrate: {'expected-downtime': 300, 'status': 'active', 'setup-time': 1, 'total-time': 1004, 'ram': {'total': 8607571968, 'postcopy-requests': 0, 'dirty-sync-count': 1, 'multifd-bytes': 0, 'pages-per-second': 37700, 'downtime-bytes': 0, 'page-size': 4096, 'remaining': 5267341312, 'postcopy-bytes': 0, 'mbps': 1082.48544, 'transferred': 148592791, 'dirty-sync-missed-zero-copy': 0, 'precopy-bytes': 148592399, 'duplicate': 780992, 'dirty-pages-rate': 0, 'normal-bytes': 141287424, 'normal': 34494}}
QMP cmd [src4] query-migrate args={}
QMP reply [src4] query-migrate: {'expected-downtime': 300, 'status': 'active', 'setup-time': 1, 'total-time': 1205, 'ram': {'total': 8607571968, 'postcopy-requests': 0, 'dirty-sync-count': 1, 'multifd-bytes': 0, 'pages-per-second': 33010, 'downtime-bytes': 0, 'page-size': 4096, 'remaining': 5240213504, 'postcopy-bytes': 0, 'mbps': 1082.14776, 'transferred': 175646674, 'dirty-sync-missed-zero-copy': 0, 'precopy-bytes': 175646262, 'duplicate': 781023, 'dirty-pages-rate': 0, 'normal-bytes': 168288256, 'normal': 41086}}
QMP cmd [src4] query-migrate args={}
QMP reply [src4] query-migrate: {'expected-downtime': 300, 'status': 'active', 'setup-time': 1, 'total-time': 1405, 'ram': {'total': 8607571968, 'postcopy-requests': 0, 'dirty-sync-count': 1, 'multifd-bytes': 0, 'pages-per-second': 34290, 'downtime-bytes': 0, 'page-size': 4096, 'remaining': 5208199168, 'postcopy-bytes': 0, 'mbps': 1082.23992, 'transferred': 202711294, 'dirty-sync-missed-zero-copy': 0, 'precopy-bytes': 202710862, 'duplicate': 782247, 'dirty-pages-rate': 0, 'normal-bytes': 195289088, 'normal': 47678}}
QMP cmd [src4] query-migrate args={}
QMP reply [src4] query-migrate: {'expected-downtime': 300, 'status': 'active', 'setup-time': 1, 'total-time': 1606, 'ram': {'total': 8607571968, 'postcopy-requests': 0, 'dirty-sync-count': 1, 'multifd-bytes': 0, 'pages-per-second': 33020, 'downtime-bytes': 0, 'page-size': 4096, 'remaining': 5168390144, 'postcopy-bytes': 0, 'mbps': 1082.14848, 'transferred': 229662001, 'dirty-sync-missed-zero-copy': 0, 'precopy-bytes': 229661549, 'duplicate': 785406, 'dirty-pages-rate': 0, 'normal-bytes': 222158848, 'normal': 54238}}
QMP cmd [src4] query-migrate args={}
QMP reply [src4] query-migrate: {'expected-downtime': 300, 'status': 'active', 'setup-time': 1, 'total-time': 1807, 'ram': {'total': 8607571968, 'postcopy-requests': 0, 'dirty-sync-count': 1, 'multifd-bytes': 0, 'pages-per-second': 35720, 'downtime-bytes': 0, 'page-size': 4096, 'remaining': 5139972096, 'postcopy-bytes': 0, 'mbps': 1082.34288, 'transferred': 256718719, 'dirty-sync-missed-zero-copy': 0, 'precopy-bytes': 256718247, 'duplicate': 785752, 'dirty-pages-rate': 0, 'normal-bytes': 249159680, 'normal': 60830}}
QMP cmd [src4] query-migrate args={}
QMP reply [src4] query-migrate: {'expected-downtime': 300, 'status': 'active', 'setup-time': 1, 'total-time': 2008, 'ram': {'total': 8607571968, 'postcopy-requests': 0, 'dirty-sync-count': 1, 'multifd-bytes': 0, 'pages-per-second': 33020, 'downtime-bytes': 0, 'page-size': 4096, 'remaining': 5112655872, 'postcopy-bytes': 0, 'mbps': 1082.14848, 'transferred': 283773016, 'dirty-sync-missed-zero-copy': 0, 'precopy-bytes': 283772524, 'duplicate': 785829, 'dirty-pages-rate': 0, 'normal-bytes': 276160512, 'normal': 67422}}
QMP cmd [src4] query-migrate args={}
QMP reply [src4] query-migrate: {'expected-downtime': 300, 'status': 'active', 'setup-time': 1, 'total-time': 2208, 'ram': {'total': 8607571968, 'postcopy-requests': 0, 'dirty-sync-count': 1, 'multifd-bytes': 0, 'pages-per-second': 32980, 'downtime-bytes': 0, 'page-size': 4096, 'remaining': 5084434432, 'postcopy-bytes': 0, 'mbps': 1082.1456, 'transferred': 310829302, 'dirty-sync-missed-zero-copy': 0, 'precopy-bytes': 310828790, 'duplicate': 786127, 'dirty-pages-rate': 0, 'normal-bytes': 303161344, 'normal': 74014}}
2026-07-14 20:21:20.877323SSH command: ssh -o BatchMode=yes -o StrictHostKeyChecking=no -o UserKnownHostsFile=/dev/null -o ConnectTimeout=1 -o LogLevel=ERROR -p 2225 -i /home/max/.ssh/pgvm_bench user@127.0.0.1 test -f /tmp/bench.done
Return code: 1
Stdout: 
Stderr: 
QMP cmd [src4] query-migrate args={}
QMP reply [src4] query-migrate: {'expected-downtime': 300, 'status': 'active', 'setup-time': 1, 'total-time': 2410, 'ram': {'total': 8607571968, 'postcopy-requests': 0, 'dirty-sync-count': 1, 'multifd-bytes': 0, 'pages-per-second': 46240, 'downtime-bytes': 0, 'page-size': 4096, 'remaining': 5044604928, 'postcopy-bytes': 0, 'mbps': 1083.10032, 'transferred': 337911094, 'dirty-sync-missed-zero-copy': 0, 'precopy-bytes': 337910562, 'duplicate': 789259, 'dirty-pages-rate': 0, 'normal-bytes': 330162176, 'normal': 80606}}
QMP cmd [src4] query-migrate args={}
QMP reply [src4] query-migrate: {'expected-downtime': 300, 'status': 'active', 'setup-time': 1, 'total-time': 2611, 'ram': {'total': 8607571968, 'postcopy-requests': 0, 'dirty-sync-count': 1, 'multifd-bytes': 0, 'pages-per-second': 51200, 'downtime-bytes': 0, 'page-size': 4096, 'remaining': 5007683584, 'postcopy-bytes': 0, 'mbps': 1083.45744, 'transferred': 364986496, 'dirty-sync-missed-zero-copy': 0, 'precopy-bytes': 364985944, 'duplicate': 791681, 'dirty-pages-rate': 0, 'normal-bytes': 357163008, 'normal': 87198}}
QMP cmd [src4] query-migrate args={}
QMP reply [src4] query-migrate: {'expected-downtime': 300, 'status': 'active', 'setup-time': 1, 'total-time': 2812, 'ram': {'total': 8607571968, 'postcopy-requests': 0, 'dirty-sync-count': 1, 'multifd-bytes': 0, 'pages-per-second': 32970, 'downtime-bytes': 0, 'page-size': 4096, 'remaining': 4980547584, 'postcopy-bytes': 0, 'mbps': 1082.1448799999998, 'transferred': 392040397, 'dirty-sync-missed-zero-copy': 0, 'precopy-bytes': 392039825, 'duplicate': 791714, 'dirty-pages-rate': 0, 'normal-bytes': 384163840, 'normal': 93790}}
QMP cmd [src4] query-migrate args={}
QMP reply [src4] query-migrate: {'expected-downtime': 300, 'status': 'active', 'setup-time': 1, 'total-time': 3012, 'ram': {'total': 8607571968, 'postcopy-requests': 0, 'dirty-sync-count': 1, 'multifd-bytes': 0, 'pages-per-second': 32980, 'downtime-bytes': 0, 'page-size': 4096, 'remaining': 4953206784, 'postcopy-bytes': 0, 'mbps': 1082.1456, 'transferred': 419094748, 'dirty-sync-missed-zero-copy': 0, 'precopy-bytes': 419094156, 'duplicate': 791797, 'dirty-pages-rate': 0, 'normal-bytes': 411164672, 'normal': 100382}}
QMP cmd [src4] query-migrate args={}
QMP reply [src4] query-migrate: {'expected-downtime': 300, 'status': 'active', 'setup-time': 1, 'total-time': 3213, 'ram': {'total': 8607571968, 'postcopy-requests': 0, 'dirty-sync-count': 1, 'multifd-bytes': 0, 'pages-per-second': 39470, 'downtime-bytes': 0, 'page-size': 4096, 'remaining': 4923412480, 'postcopy-bytes': 0, 'mbps': 1082.61288, 'transferred': 446154490, 'dirty-sync-missed-zero-copy': 0, 'precopy-bytes': 446153878, 'duplicate': 792479, 'dirty-pages-rate': 0, 'normal-bytes': 438165504, 'normal': 106974}}
QMP cmd [src4] query-migrate args={}
QMP reply [src4] query-migrate: {'expected-downtime': 300, 'status': 'active', 'setup-time': 1, 'total-time': 3414, 'ram': {'total': 8607571968, 'postcopy-requests': 0, 'dirty-sync-count': 1, 'multifd-bytes': 0, 'pages-per-second': 33850, 'downtime-bytes': 0, 'page-size': 4096, 'remaining': 4894732288, 'postcopy-bytes': 0, 'mbps': 1082.20824, 'transferred': 473211784, 'dirty-sync-missed-zero-copy': 0, 'precopy-bytes': 473211152, 'duplicate': 792889, 'dirty-pages-rate': 0, 'normal-bytes': 465166336, 'normal': 113566}}
QMP cmd [src4] query-migrate args={}
QMP reply [src4] query-migrate: {'expected-downtime': 300, 'status': 'active', 'setup-time': 1, 'total-time': 3615, 'ram': {'total': 8607571968, 'postcopy-requests': 0, 'dirty-sync-count': 1, 'multifd-bytes': 0, 'pages-per-second': 34110, 'downtime-bytes': 0, 'page-size': 4096, 'remaining': 4867219456, 'postcopy-bytes': 0, 'mbps': 1082.22696, 'transferred': 500266513, 'dirty-sync-missed-zero-copy': 0, 'precopy-bytes': 500265861, 'duplicate': 793014, 'dirty-pages-rate': 0, 'normal-bytes': 492167168, 'normal': 120158}}
QMP cmd [src4] query-migrate args={}
QMP reply [src4] query-migrate: {'expected-downtime': 300, 'status': 'active', 'setup-time': 1, 'total-time': 3816, 'ram': {'total': 8607571968, 'postcopy-requests': 0, 'dirty-sync-count': 1, 'multifd-bytes': 0, 'pages-per-second': 33630, 'downtime-bytes': 0, 'page-size': 4096, 'remaining': 4839854080, 'postcopy-bytes': 0, 'mbps': 1082.1924, 'transferred': 527320918, 'dirty-sync-missed-zero-copy': 0, 'precopy-bytes': 527320246, 'duplicate': 793103, 'dirty-pages-rate': 0, 'normal-bytes': 519168000, 'normal': 126750}}
QMP cmd [src4] query-migrate args={}
QMP reply [src4] query-migrate: {'expected-downtime': 300, 'status': 'active', 'setup-time': 1, 'total-time': 4016, 'ram': {'total': 8607571968, 'postcopy-requests': 0, 'dirty-sync-count': 1, 'multifd-bytes': 0, 'pages-per-second': 33510, 'downtime-bytes': 0, 'page-size': 4096, 'remaining': 4812292096, 'postcopy-bytes': 0, 'mbps': 1082.1837600000001, 'transferred': 554375755, 'dirty-sync-missed-zero-copy': 0, 'precopy-bytes': 554375063, 'duplicate': 793240, 'dirty-pages-rate': 0, 'normal-bytes': 546168832, 'normal': 133342}}
QMP cmd [src4] query-migrate args={}
QMP reply [src4] query-migrate: {'expected-downtime': 300, 'status': 'active', 'setup-time': 1, 'total-time': 4217, 'ram': {'total': 8607571968, 'postcopy-requests': 0, 'dirty-sync-count': 1, 'multifd-bytes': 0, 'pages-per-second': 33100, 'downtime-bytes': 0, 'page-size': 4096, 'remaining': 4785209344, 'postcopy-bytes': 0, 'mbps': 1082.15424, 'transferred': 581429539, 'dirty-sync-missed-zero-copy': 0, 'precopy-bytes': 581428827, 'duplicate': 793260, 'dirty-pages-rate': 0, 'normal-bytes': 573169664, 'normal': 139934}}
QMP cmd [src4] query-migrate args={}
QMP reply [src4] query-migrate: {'expected-downtime': 300, 'status': 'active', 'setup-time': 1, 'total-time': 4418, 'ram': {'total': 8607571968, 'postcopy-requests': 0, 'dirty-sync-count': 1, 'multifd-bytes': 0, 'pages-per-second': 33080, 'downtime-bytes': 0, 'page-size': 4096, 'remaining': 4758126592, 'postcopy-bytes': 0, 'mbps': 1082.1528, 'transferred': 608483323, 'dirty-sync-missed-zero-copy': 0, 'precopy-bytes': 608482591, 'duplicate': 793280, 'dirty-pages-rate': 0, 'normal-bytes': 600170496, 'normal': 146526}}
2026-07-14 20:21:23.039336SSH command: ssh -o BatchMode=yes -o StrictHostKeyChecking=no -o UserKnownHostsFile=/dev/null -o ConnectTimeout=1 -o LogLevel=ERROR -p 2225 -i /home/max/.ssh/pgvm_bench user@127.0.0.1 test -f /tmp/bench.done
Return code: 1
Stdout: 
Stderr: 
QMP cmd [src4] query-migrate args={}
QMP reply [src4] query-migrate: {'expected-downtime': 300, 'status': 'active', 'setup-time': 1, 'total-time': 4619, 'ram': {'total': 8607571968, 'postcopy-requests': 0, 'dirty-sync-count': 1, 'multifd-bytes': 0, 'pages-per-second': 33980, 'downtime-bytes': 0, 'page-size': 4096, 'remaining': 4730515456, 'postcopy-bytes': 0, 'mbps': 1082.2176000000002, 'transferred': 635538268, 'dirty-sync-missed-zero-copy': 0, 'precopy-bytes': 635537516, 'duplicate': 793429, 'dirty-pages-rate': 0, 'normal-bytes': 627171328, 'normal': 153118}}
QMP cmd [src4] query-migrate args={}
QMP reply [src4] query-migrate: {'expected-downtime': 300, 'status': 'active', 'setup-time': 1, 'total-time': 4820, 'ram': {'total': 8607571968, 'postcopy-requests': 0, 'dirty-sync-count': 1, 'multifd-bytes': 0, 'pages-per-second': 34730, 'downtime-bytes': 0, 'page-size': 4096, 'remaining': 4701327360, 'postcopy-bytes': 0, 'mbps': 1082.2716, 'transferred': 662596678, 'dirty-sync-missed-zero-copy': 0, 'precopy-bytes': 662595906, 'duplicate': 793963, 'dirty-pages-rate': 0, 'normal-bytes': 654172160, 'normal': 159710}}
QMP cmd [src4] query-migrate args={}
QMP reply [src4] query-migrate: {'expected-downtime': 300, 'status': 'active', 'setup-time': 1, 'total-time': 5021, 'ram': {'total': 8607571968, 'postcopy-requests': 0, 'dirty-sync-count': 1, 'multifd-bytes': 0, 'pages-per-second': 33420, 'downtime-bytes': 0, 'page-size': 4096, 'remaining': 4674138112, 'postcopy-bytes': 0, 'mbps': 1082.17728, 'transferred': 689650696, 'dirty-sync-missed-zero-copy': 0, 'precopy-bytes': 689649904, 'duplicate': 794009, 'dirty-pages-rate': 0, 'normal-bytes': 681172992, 'normal': 166302}}
QMP cmd [src4] query-migrate args={}
QMP reply [src4] query-migrate: {'expected-downtime': 300, 'status': 'active', 'setup-time': 1, 'total-time': 5221, 'ram': {'total': 8607571968, 'postcopy-requests': 0, 'dirty-sync-count': 1, 'multifd-bytes': 0, 'pages-per-second': 33040, 'downtime-bytes': 0, 'page-size': 4096, 'remaining': 4647096320, 'postcopy-bytes': 0, 'mbps': 1082.1499199999998, 'transferred': 716704390, 'dirty-sync-missed-zero-copy': 0, 'precopy-bytes': 716703578, 'duplicate': 794019, 'dirty-pages-rate': 0, 'normal-bytes': 708173824, 'normal': 172894}}
QMP cmd [src4] query-migrate args={}
QMP reply [src4] query-migrate: {'expected-downtime': 300, 'status': 'active', 'setup-time': 1, 'total-time': 5422, 'ram': {'total': 8607571968, 'postcopy-requests': 0, 'dirty-sync-count': 1, 'multifd-bytes': 0, 'pages-per-second': 32980, 'downtime-bytes': 0, 'page-size': 4096, 'remaining': 4619706368, 'postcopy-bytes': 0, 'mbps': 1082.1456, 'transferred': 743758849, 'dirty-sync-missed-zero-copy': 0, 'precopy-bytes': 743758017, 'duplicate': 794114, 'dirty-pages-rate': 0, 'normal-bytes': 735174656, 'normal': 179486}}
QMP cmd [src4] query-migrate args={}
QMP reply [src4] query-migrate: {'expected-downtime': 300, 'status': 'active', 'setup-time': 1, 'total-time': 5623, 'ram': {'total': 8607571968, 'postcopy-requests': 0, 'dirty-sync-count': 1, 'multifd-bytes': 0, 'pages-per-second': 33020, 'downtime-bytes': 0, 'page-size': 4096, 'remaining': 4592648192, 'postcopy-bytes': 0, 'mbps': 1082.14848, 'transferred': 770812579, 'dirty-sync-missed-zero-copy': 0, 'precopy-bytes': 770811727, 'duplicate': 794128, 'dirty-pages-rate': 0, 'normal-bytes': 762175488, 'normal': 186078}}
QMP cmd [src4] query-migrate args={}
QMP reply [src4] query-migrate: {'expected-downtime': 300, 'status': 'active', 'setup-time': 1, 'total-time': 5824, 'ram': {'total': 8607571968, 'postcopy-requests': 0, 'dirty-sync-count': 1, 'multifd-bytes': 0, 'pages-per-second': 32960, 'downtime-bytes': 0, 'page-size': 4096, 'remaining': 4565213184, 'postcopy-bytes': 0, 'mbps': 1082.1441599999998, 'transferred': 797867137, 'dirty-sync-missed-zero-copy': 0, 'precopy-bytes': 797866265, 'duplicate': 794234, 'dirty-pages-rate': 0, 'normal-bytes': 789176320, 'normal': 192670}}
QMP cmd [src4] query-migrate args={}
QMP reply [src4] query-migrate: {'expected-downtime': 300, 'status': 'active', 'setup-time': 1, 'total-time': 6025, 'ram': {'total': 8607571968, 'postcopy-requests': 0, 'dirty-sync-count': 1, 'multifd-bytes': 0, 'pages-per-second': 33070, 'downtime-bytes': 0, 'page-size': 4096, 'remaining': 4538159104, 'postcopy-bytes': 0, 'mbps': 1082.15208, 'transferred': 824920858, 'dirty-sync-missed-zero-copy': 0, 'precopy-bytes': 824919966, 'duplicate': 794247, 'dirty-pages-rate': 0, 'normal-bytes': 816177152, 'normal': 199262}}
QMP cmd [src4] query-migrate args={}
QMP reply [src4] query-migrate: {'expected-downtime': 300, 'status': 'active', 'setup-time': 1, 'total-time': 6225, 'ram': {'total': 8607571968, 'postcopy-requests': 0, 'dirty-sync-count': 1, 'multifd-bytes': 0, 'pages-per-second': 32960, 'downtime-bytes': 0, 'page-size': 4096, 'remaining': 4511125504, 'postcopy-bytes': 0, 'mbps': 1082.1441599999998, 'transferred': 851974534, 'dirty-sync-missed-zero-copy': 0, 'precopy-bytes': 851973622, 'duplicate': 794255, 'dirty-pages-rate': 0, 'normal-bytes': 843177984, 'normal': 205854}}
QMP cmd [src4] query-migrate args={}
QMP reply [src4] query-migrate: {'expected-downtime': 300, 'status': 'active', 'setup-time': 1, 'total-time': 6426, 'ram': {'total': 8607571968, 'postcopy-requests': 0, 'dirty-sync-count': 1, 'multifd-bytes': 0, 'pages-per-second': 33000, 'downtime-bytes': 0, 'page-size': 4096, 'remaining': 4482748416, 'postcopy-bytes': 0, 'mbps': 1082.14704, 'transferred': 879031162, 'dirty-sync-missed-zero-copy': 0, 'precopy-bytes': 879030230, 'duplicate': 794591, 'dirty-pages-rate': 0, 'normal-bytes': 870178816, 'normal': 212446}}
QMP cmd [src4] query-migrate args={}
QMP reply [src4] query-migrate: {'expected-downtime': 300, 'status': 'active', 'setup-time': 1, 'total-time': 6627, 'ram': {'total': 8607571968, 'postcopy-requests': 0, 'dirty-sync-count': 1, 'multifd-bytes': 0, 'pages-per-second': 32960, 'downtime-bytes': 0, 'page-size': 4096, 'remaining': 4455747584, 'postcopy-bytes': 0, 'mbps': 1082.1441599999998, 'transferred': 906084766, 'dirty-sync-missed-zero-copy': 0, 'precopy-bytes': 906083814, 'duplicate': 794591, 'dirty-pages-rate': 0, 'normal-bytes': 897179648, 'normal': 219038}}
2026-07-14 20:21:25.204186SSH command: ssh -o BatchMode=yes -o StrictHostKeyChecking=no -o UserKnownHostsFile=/dev/null -o ConnectTimeout=1 -o LogLevel=ERROR -p 2225 -i /home/max/.ssh/pgvm_bench user@127.0.0.1 test -f /tmp/bench.done
Return code: 1
Stdout: 
Stderr: 
QMP cmd [src4] query-migrate args={}
QMP reply [src4] query-migrate: {'expected-downtime': 300, 'status': 'active', 'setup-time': 1, 'total-time': 6828, 'ram': {'total': 8607571968, 'postcopy-requests': 0, 'dirty-sync-count': 1, 'multifd-bytes': 0, 'pages-per-second': 32960, 'downtime-bytes': 0, 'page-size': 4096, 'remaining': 4428730368, 'postcopy-bytes': 0, 'mbps': 1082.1441599999998, 'transferred': 933138406, 'dirty-sync-missed-zero-copy': 0, 'precopy-bytes': 933137434, 'duplicate': 794595, 'dirty-pages-rate': 0, 'normal-bytes': 924180480, 'normal': 225630}}
QMP cmd [src4] query-migrate args={}
QMP reply [src4] query-migrate: {'expected-downtime': 300, 'status': 'active', 'setup-time': 1, 'total-time': 7029, 'ram': {'total': 8607571968, 'postcopy-requests': 0, 'dirty-sync-count': 1, 'multifd-bytes': 0, 'pages-per-second': 32980, 'downtime-bytes': 0, 'page-size': 4096, 'remaining': 4401713152, 'postcopy-bytes': 0, 'mbps': 1082.1456, 'transferred': 960192046, 'dirty-sync-missed-zero-copy': 0, 'precopy-bytes': 960191054, 'duplicate': 794599, 'dirty-pages-rate': 0, 'normal-bytes': 951181312, 'normal': 232222}}
QMP cmd [src4] query-migrate args={}
QMP reply [src4] query-migrate: {'expected-downtime': 300, 'status': 'active', 'setup-time': 1, 'total-time': 7229, 'ram': {'total': 8607571968, 'postcopy-requests': 0, 'dirty-sync-count': 1, 'multifd-bytes': 0, 'pages-per-second': 32980, 'downtime-bytes': 0, 'page-size': 4096, 'remaining': 4374695936, 'postcopy-bytes': 0, 'mbps': 1082.1456, 'transferred': 987245686, 'dirty-sync-missed-zero-copy': 0, 'precopy-bytes': 987244674, 'duplicate': 794603, 'dirty-pages-rate': 0, 'normal-bytes': 978182144, 'normal': 238814}}
QMP cmd [src4] query-migrate args={}
QMP reply [src4] query-migrate: {'expected-downtime': 300, 'status': 'active', 'setup-time': 1, 'total-time': 7430, 'ram': {'total': 8607571968, 'postcopy-requests': 0, 'dirty-sync-count': 1, 'multifd-bytes': 0, 'pages-per-second': 33060, 'downtime-bytes': 0, 'page-size': 4096, 'remaining': 4347613184, 'postcopy-bytes': 0, 'mbps': 1082.15136, 'transferred': 1014299470, 'dirty-sync-missed-zero-copy': 0, 'precopy-bytes': 1014298438, 'duplicate': 794623, 'dirty-pages-rate': 0, 'normal-bytes': 1005182976, 'normal': 245406}}
QMP cmd [src4] query-migrate args={}
QMP reply [src4] query-migrate: {'expected-downtime': 300, 'status': 'active', 'setup-time': 1, 'total-time': 7631, 'ram': {'total': 8607571968, 'postcopy-requests': 0, 'dirty-sync-count': 1, 'multifd-bytes': 0, 'pages-per-second': 33040, 'downtime-bytes': 0, 'page-size': 4096, 'remaining': 4320571392, 'postcopy-bytes': 0, 'mbps': 1082.1499199999998, 'transferred': 1041353164, 'dirty-sync-missed-zero-copy': 0, 'precopy-bytes': 1041352112, 'duplicate': 794633, 'dirty-pages-rate': 0, 'normal-bytes': 1032183808, 'normal': 251998}}
QMP cmd [src4] query-migrate args={}
QMP reply [src4] query-migrate: {'expected-downtime': 300, 'status': 'active', 'setup-time': 1, 'total-time': 7832, 'ram': {'total': 8607571968, 'postcopy-requests': 0, 'dirty-sync-count': 1, 'multifd-bytes': 0, 'pages-per-second': 32980, 'downtime-bytes': 0, 'page-size': 4096, 'remaining': 4293554176, 'postcopy-bytes': 0, 'mbps': 1082.1456, 'transferred': 1068406804, 'dirty-sync-missed-zero-copy': 0, 'precopy-bytes': 1068405732, 'duplicate': 794637, 'dirty-pages-rate': 0, 'normal-bytes': 1059184640, 'normal': 258590}}
QMP cmd [src4] query-migrate args={}
QMP reply [src4] query-migrate: {'expected-downtime': 300, 'status': 'active', 'setup-time': 1, 'total-time': 8032, 'ram': {'total': 8607571968, 'postcopy-requests': 0, 'dirty-sync-count': 1, 'multifd-bytes': 0, 'pages-per-second': 41350, 'downtime-bytes': 0, 'page-size': 4096, 'remaining': 4263084032, 'postcopy-bytes': 0, 'mbps': 1082.74824, 'transferred': 1095468031, 'dirty-sync-missed-zero-copy': 0, 'precopy-bytes': 1095466939, 'duplicate': 795484, 'dirty-pages-rate': 0, 'normal-bytes': 1086185472, 'normal': 265182}}
QMP cmd [src4] query-migrate args={}
QMP reply [src4] query-migrate: {'expected-downtime': 300, 'status': 'active', 'setup-time': 1, 'total-time': 8233, 'ram': {'total': 8607571968, 'postcopy-requests': 0, 'dirty-sync-count': 1, 'multifd-bytes': 0, 'pages-per-second': 32980, 'downtime-bytes': 0, 'page-size': 4096, 'remaining': 4236075008, 'postcopy-bytes': 0, 'mbps': 1082.1456, 'transferred': 1122521653, 'dirty-sync-missed-zero-copy': 0, 'precopy-bytes': 1122520541, 'duplicate': 795486, 'dirty-pages-rate': 0, 'normal-bytes': 1113186304, 'normal': 271774}}
QMP cmd [src4] query-migrate args={}
QMP reply [src4] query-migrate: {'expected-downtime': 300, 'status': 'active', 'setup-time': 1, 'total-time': 8434, 'ram': {'total': 8607571968, 'postcopy-requests': 0, 'dirty-sync-count': 1, 'multifd-bytes': 0, 'pages-per-second': 33720, 'downtime-bytes': 0, 'page-size': 4096, 'remaining': 4208754688, 'postcopy-bytes': 0, 'mbps': 1082.19888, 'transferred': 1149575959, 'dirty-sync-missed-zero-copy': 0, 'precopy-bytes': 1149574827, 'duplicate': 795564, 'dirty-pages-rate': 0, 'normal-bytes': 1140187136, 'normal': 278366}}
QMP cmd [src4] query-migrate args={}
QMP reply [src4] query-migrate: {'expected-downtime': 300, 'status': 'active', 'setup-time': 1, 'total-time': 8635, 'ram': {'total': 8607571968, 'postcopy-requests': 0, 'dirty-sync-count': 1, 'multifd-bytes': 0, 'pages-per-second': 32960, 'downtime-bytes': 0, 'page-size': 4096, 'remaining': 4181753856, 'postcopy-bytes': 0, 'mbps': 1082.1441599999998, 'transferred': 1176629563, 'dirty-sync-missed-zero-copy': 0, 'precopy-bytes': 1176628411, 'duplicate': 795564, 'dirty-pages-rate': 0, 'normal-bytes': 1167187968, 'normal': 284958}}
QMP cmd [src4] query-migrate args={}
QMP reply [src4] query-migrate: {'expected-downtime': 300, 'status': 'active', 'setup-time': 1, 'total-time': 8836, 'ram': {'total': 8607571968, 'postcopy-requests': 0, 'dirty-sync-count': 1, 'multifd-bytes': 0, 'pages-per-second': 32960, 'downtime-bytes': 0, 'page-size': 4096, 'remaining': 4154753024, 'postcopy-bytes': 0, 'mbps': 1082.1441599999998, 'transferred': 1203683167, 'dirty-sync-missed-zero-copy': 0, 'precopy-bytes': 1203681995, 'duplicate': 795564, 'dirty-pages-rate': 0, 'normal-bytes': 1194188800, 'normal': 291550}}
2026-07-14 20:21:27.403466SSH command: ssh -o BatchMode=yes -o StrictHostKeyChecking=no -o UserKnownHostsFile=/dev/null -o ConnectTimeout=1 -o LogLevel=ERROR -p 2225 -i /home/max/.ssh/pgvm_bench user@127.0.0.1 test -f /tmp/bench.done
Return code: 1
Stdout: 
Stderr: 
QMP cmd [src4] query-migrate args={}
QMP reply [src4] query-migrate: {'expected-downtime': 300, 'status': 'active', 'setup-time': 1, 'total-time': 9038, 'ram': {'total': 8607571968, 'postcopy-requests': 0, 'dirty-sync-count': 1, 'multifd-bytes': 0, 'pages-per-second': 32960, 'downtime-bytes': 0, 'page-size': 4096, 'remaining': 4127752192, 'postcopy-bytes': 0, 'mbps': 1082.1441599999998, 'transferred': 1230736771, 'dirty-sync-missed-zero-copy': 0, 'precopy-bytes': 1230735579, 'duplicate': 795564, 'dirty-pages-rate': 0, 'normal-bytes': 1221189632, 'normal': 298142}}
QMP cmd [src4] query-migrate args={}
QMP reply [src4] query-migrate: {'expected-downtime': 300, 'status': 'active', 'setup-time': 1, 'total-time': 9239, 'ram': {'total': 8607571968, 'postcopy-requests': 0, 'dirty-sync-count': 1, 'multifd-bytes': 0, 'pages-per-second': 32980, 'downtime-bytes': 0, 'page-size': 4096, 'remaining': 4100734976, 'postcopy-bytes': 0, 'mbps': 1082.1456, 'transferred': 1257790411, 'dirty-sync-missed-zero-copy': 0, 'precopy-bytes': 1257789199, 'duplicate': 795568, 'dirty-pages-rate': 0, 'normal-bytes': 1248190464, 'normal': 304734}}
QMP cmd [src4] query-migrate args={}
QMP reply [src4] query-migrate: {'expected-downtime': 300, 'status': 'active', 'setup-time': 1, 'total-time': 9440, 'ram': {'total': 8607571968, 'postcopy-requests': 0, 'dirty-sync-count': 1, 'multifd-bytes': 0, 'pages-per-second': 33000, 'downtime-bytes': 0, 'page-size': 4096, 'remaining': 4073701376, 'postcopy-bytes': 0, 'mbps': 1082.14704, 'transferred': 1284844087, 'dirty-sync-missed-zero-copy': 0, 'precopy-bytes': 1284842855, 'duplicate': 795576, 'dirty-pages-rate': 0, 'normal-bytes': 1275191296, 'normal': 311326}}
QMP cmd [src4] query-migrate args={}
QMP reply [src4] query-migrate: {'expected-downtime': 300, 'status': 'active', 'setup-time': 1, 'total-time': 9641, 'ram': {'total': 8607571968, 'postcopy-requests': 0, 'dirty-sync-count': 1, 'multifd-bytes': 0, 'pages-per-second': 32980, 'downtime-bytes': 0, 'page-size': 4096, 'remaining': 4046684160, 'postcopy-bytes': 0, 'mbps': 1082.1456, 'transferred': 1311897727, 'dirty-sync-missed-zero-copy': 0, 'precopy-bytes': 1311896475, 'duplicate': 795580, 'dirty-pages-rate': 0, 'normal-bytes': 1302192128, 'normal': 317918}}
QMP cmd [src4] query-migrate args={}
QMP reply [src4] query-migrate: {'expected-downtime': 300, 'status': 'active', 'setup-time': 1, 'total-time': 9841, 'ram': {'total': 8607571968, 'postcopy-requests': 0, 'dirty-sync-count': 1, 'multifd-bytes': 0, 'pages-per-second': 33000, 'downtime-bytes': 0, 'page-size': 4096, 'remaining': 4019658752, 'postcopy-bytes': 0, 'mbps': 1082.14704, 'transferred': 1338951385, 'dirty-sync-missed-zero-copy': 0, 'precopy-bytes': 1338950113, 'duplicate': 795586, 'dirty-pages-rate': 0, 'normal-bytes': 1329192960, 'normal': 324510}}
QMP cmd [src4] query-migrate args={}
QMP reply [src4] query-migrate: {'expected-downtime': 300, 'status': 'active', 'setup-time': 1, 'total-time': 10042, 'ram': {'total': 8607571968, 'postcopy-requests': 0, 'dirty-sync-count': 1, 'multifd-bytes': 0, 'pages-per-second': 32980, 'downtime-bytes': 0, 'page-size': 4096, 'remaining': 3992629248, 'postcopy-bytes': 0, 'mbps': 1082.1456, 'transferred': 1366005052, 'dirty-sync-missed-zero-copy': 0, 'precopy-bytes': 1366003760, 'duplicate': 795593, 'dirty-pages-rate': 0, 'normal-bytes': 1356193792, 'normal': 331102}}
QMP cmd [src4] query-migrate args={}
QMP reply [src4] query-migrate: {'expected-downtime': 300, 'status': 'active', 'setup-time': 1, 'total-time': 10243, 'ram': {'total': 8607571968, 'postcopy-requests': 0, 'dirty-sync-count': 1, 'multifd-bytes': 0, 'pages-per-second': 33000, 'downtime-bytes': 0, 'page-size': 4096, 'remaining': 3965595648, 'postcopy-bytes': 0, 'mbps': 1082.14704, 'transferred': 1393058728, 'dirty-sync-missed-zero-copy': 0, 'precopy-bytes': 1393057416, 'duplicate': 795601, 'dirty-pages-rate': 0, 'normal-bytes': 1383194624, 'normal': 337694}}
QMP cmd [src4] query-migrate args={}
QMP reply [src4] query-migrate: {'expected-downtime': 300, 'status': 'active', 'setup-time': 1, 'total-time': 10444, 'ram': {'total': 8607571968, 'postcopy-requests': 0, 'dirty-sync-count': 1, 'multifd-bytes': 0, 'pages-per-second': 33060, 'downtime-bytes': 0, 'page-size': 4096, 'remaining': 3938324480, 'postcopy-bytes': 0, 'mbps': 1082.15136, 'transferred': 1420112926, 'dirty-sync-missed-zero-copy': 0, 'precopy-bytes': 1420111594, 'duplicate': 795667, 'dirty-pages-rate': 0, 'normal-bytes': 1410195456, 'normal': 344286}}
QMP cmd [src4] query-migrate args={}
QMP reply [src4] query-migrate: {'expected-downtime': 300, 'status': 'active', 'setup-time': 1, 'total-time': 10644, 'ram': {'total': 8607571968, 'postcopy-requests': 0, 'dirty-sync-count': 1, 'multifd-bytes': 0, 'pages-per-second': 32980, 'downtime-bytes': 0, 'page-size': 4096, 'remaining': 3911217152, 'postcopy-bytes': 0, 'mbps': 1082.1456, 'transferred': 1447166764, 'dirty-sync-missed-zero-copy': 0, 'precopy-bytes': 1447165412, 'duplicate': 795693, 'dirty-pages-rate': 0, 'normal-bytes': 1437196288, 'normal': 350878}}
QMP cmd [src4] query-migrate args={}
QMP reply [src4] query-migrate: {'expected-downtime': 300, 'status': 'active', 'setup-time': 1, 'total-time': 10845, 'ram': {'total': 8607571968, 'postcopy-requests': 0, 'dirty-sync-count': 1, 'multifd-bytes': 0, 'pages-per-second': 33060, 'downtime-bytes': 0, 'page-size': 4096, 'remaining': 3884101632, 'postcopy-bytes': 0, 'mbps': 1082.15136, 'transferred': 1474220620, 'dirty-sync-missed-zero-copy': 0, 'precopy-bytes': 1474219248, 'duplicate': 795721, 'dirty-pages-rate': 0, 'normal-bytes': 1464197120, 'normal': 357470}}
QMP cmd [src4] query-migrate args={}
QMP reply [src4] query-migrate: {'expected-downtime': 300, 'status': 'active', 'setup-time': 1, 'total-time': 11046, 'ram': {'total': 8607571968, 'postcopy-requests': 0, 'dirty-sync-count': 1, 'multifd-bytes': 0, 'pages-per-second': 32980, 'downtime-bytes': 0, 'page-size': 4096, 'remaining': 3857051648, 'postcopy-bytes': 0, 'mbps': 1082.1456, 'transferred': 1501274332, 'dirty-sync-missed-zero-copy': 0, 'precopy-bytes': 1501272940, 'duplicate': 795733, 'dirty-pages-rate': 0, 'normal-bytes': 1491197952, 'normal': 364062}}
2026-07-14 20:21:29.567356SSH command: ssh -o BatchMode=yes -o StrictHostKeyChecking=no -o UserKnownHostsFile=/dev/null -o ConnectTimeout=1 -o LogLevel=ERROR -p 2225 -i /home/max/.ssh/pgvm_bench user@127.0.0.1 test -f /tmp/bench.done
Return code: 1
Stdout: 
Stderr: 
QMP cmd [src4] query-migrate args={}
QMP reply [src4] query-migrate: {'expected-downtime': 300, 'status': 'active', 'setup-time': 1, 'total-time': 11247, 'ram': {'total': 8607571968, 'postcopy-requests': 0, 'dirty-sync-count': 1, 'multifd-bytes': 0, 'pages-per-second': 33100, 'downtime-bytes': 0, 'page-size': 4096, 'remaining': 3829911552, 'postcopy-bytes': 0, 'mbps': 1082.15424, 'transferred': 1528328242, 'dirty-sync-missed-zero-copy': 0, 'precopy-bytes': 1528326830, 'duplicate': 795767, 'dirty-pages-rate': 0, 'normal-bytes': 1518198784, 'normal': 370654}}
QMP cmd [src4] query-migrate args={}
QMP reply [src4] query-migrate: {'expected-downtime': 300, 'status': 'active', 'setup-time': 1, 'total-time': 11448, 'ram': {'total': 8607571968, 'postcopy-requests': 0, 'dirty-sync-count': 1, 'multifd-bytes': 0, 'pages-per-second': 33120, 'downtime-bytes': 0, 'page-size': 4096, 'remaining': 3802705920, 'postcopy-bytes': 0, 'mbps': 1082.1556799999998, 'transferred': 1555382296, 'dirty-sync-missed-zero-copy': 0, 'precopy-bytes': 1555380864, 'duplicate': 795817, 'dirty-pages-rate': 0, 'normal-bytes': 1545199616, 'normal': 377246}}
QMP cmd [src4] query-migrate args={}
QMP reply [src4] query-migrate: {'expected-downtime': 300, 'status': 'active', 'setup-time': 1, 'total-time': 11649, 'ram': {'total': 8607571968, 'postcopy-requests': 0, 'dirty-sync-count': 1, 'multifd-bytes': 0, 'pages-per-second': 33380, 'downtime-bytes': 0, 'page-size': 4096, 'remaining': 3775213568, 'postcopy-bytes': 0, 'mbps': 1082.1743999999999, 'transferred': 1582436980, 'dirty-sync-missed-zero-copy': 0, 'precopy-bytes': 1582435528, 'duplicate': 795937, 'dirty-pages-rate': 0, 'normal-bytes': 1572200448, 'normal': 383838}}
QMP cmd [src4] query-migrate args={}
QMP reply [src4] query-migrate: {'expected-downtime': 300, 'status': 'active', 'setup-time': 1, 'total-time': 11850, 'ram': {'total': 8607571968, 'postcopy-requests': 0, 'dirty-sync-count': 1, 'multifd-bytes': 0, 'pages-per-second': 35020, 'downtime-bytes': 0, 'page-size': 4096, 'remaining': 3745837056, 'postcopy-bytes': 0, 'mbps': 1082.29248, 'transferred': 1609495804, 'dirty-sync-missed-zero-copy': 0, 'precopy-bytes': 1609494332, 'duplicate': 796517, 'dirty-pages-rate': 0, 'normal-bytes': 1599201280, 'normal': 390430}}
QMP cmd [src4] query-migrate args={}
QMP reply [src4] query-migrate: {'expected-downtime': 300, 'status': 'active', 'setup-time': 1, 'total-time': 12051, 'ram': {'total': 8607571968, 'postcopy-requests': 0, 'dirty-sync-count': 1, 'multifd-bytes': 0, 'pages-per-second': 49540, 'downtime-bytes': 0, 'page-size': 4096, 'remaining': 3709767680, 'postcopy-bytes': 0, 'mbps': 1083.33792, 'transferred': 1636569334, 'dirty-sync-missed-zero-copy': 0, 'precopy-bytes': 1636567842, 'duplicate': 798731, 'dirty-pages-rate': 0, 'normal-bytes': 1626202112, 'normal': 397022}}
QMP cmd [src4] query-migrate args={}
QMP reply [src4] query-migrate: {'expected-downtime': 300, 'status': 'active', 'setup-time': 1, 'total-time': 12251, 'ram': {'total': 8607571968, 'postcopy-requests': 0, 'dirty-sync-count': 1, 'multifd-bytes': 0, 'pages-per-second': 36740, 'downtime-bytes': 0, 'page-size': 4096, 'remaining': 3679596544, 'postcopy-bytes': 0, 'mbps': 1082.41632, 'transferred': 1663629904, 'dirty-sync-missed-zero-copy': 0, 'precopy-bytes': 1663628392, 'duplicate': 799505, 'dirty-pages-rate': 0, 'normal-bytes': 1653202944, 'normal': 403614}}
QMP cmd [src4] query-migrate args={}
QMP reply [src4] query-migrate: {'expected-downtime': 300, 'status': 'active', 'setup-time': 1, 'total-time': 12452, 'ram': {'total': 8607571968, 'postcopy-requests': 0, 'dirty-sync-count': 1, 'multifd-bytes': 0, 'pages-per-second': 37140, 'downtime-bytes': 0, 'page-size': 4096, 'remaining': 3649384448, 'postcopy-bytes': 0, 'mbps': 1082.44512, 'transferred': 1690690564, 'dirty-sync-missed-zero-copy': 0, 'precopy-bytes': 1690689032, 'duplicate': 800289, 'dirty-pages-rate': 0, 'normal-bytes': 1680203776, 'normal': 410206}}
QMP cmd [src4] query-migrate args={}
QMP reply [src4] query-migrate: {'expected-downtime': 300, 'status': 'active', 'setup-time': 1, 'total-time': 12653, 'ram': {'total': 8607571968, 'postcopy-requests': 0, 'dirty-sync-count': 1, 'multifd-bytes': 0, 'pages-per-second': 36830, 'downtime-bytes': 0, 'page-size': 4096, 'remaining': 3614461952, 'postcopy-bytes': 0, 'mbps': 1082.4228, 'transferred': 1717761574, 'dirty-sync-missed-zero-copy': 0, 'precopy-bytes': 1717760022, 'duplicate': 802223, 'dirty-pages-rate': 0, 'normal-bytes': 1707204608, 'normal': 416798}}
QMP cmd [src4] query-migrate args={}
QMP reply [src4] query-migrate: {'expected-downtime': 300, 'status': 'active', 'setup-time': 1, 'total-time': 12854, 'ram': {'total': 8607571968, 'postcopy-requests': 0, 'dirty-sync-count': 1, 'multifd-bytes': 0, 'pages-per-second': 2945330, 'downtime-bytes': 0, 'page-size': 4096, 'remaining': 1955504128, 'postcopy-bytes': 0, 'mbps': 1074.9636, 'transferred': 1744641811, 'dirty-sync-missed-zero-copy': 0, 'precopy-bytes': 1744640239, 'duplicate': 1201568, 'dirty-pages-rate': 0, 'normal-bytes': 1730445312, 'normal': 422472}}
QMP cmd [src4] query-migrate args={}
QMP reply [src4] query-migrate: {'expected-downtime': 300, 'status': 'active', 'setup-time': 1, 'total-time': 13055, 'ram': {'total': 8607571968, 'postcopy-requests': 0, 'dirty-sync-count': 1, 'multifd-bytes': 0, 'pages-per-second': 33000, 'downtime-bytes': 0, 'page-size': 4096, 'remaining': 1928421376, 'postcopy-bytes': 0, 'mbps': 1082.14704, 'transferred': 1771695595, 'dirty-sync-missed-zero-copy': 0, 'precopy-bytes': 1771694003, 'duplicate': 1201588, 'dirty-pages-rate': 0, 'normal-bytes': 1757446144, 'normal': 429064}}
2026-07-14 20:21:31.727072SSH command: ssh -o BatchMode=yes -o StrictHostKeyChecking=no -o UserKnownHostsFile=/dev/null -o ConnectTimeout=1 -o LogLevel=ERROR -p 2225 -i /home/max/.ssh/pgvm_bench user@127.0.0.1 test -f /tmp/bench.done
Return code: 1
Stdout: 
Stderr: 
QMP cmd [src4] query-migrate args={}
QMP reply [src4] query-migrate: {'expected-downtime': 300, 'status': 'active', 'setup-time': 1, 'total-time': 13256, 'ram': {'total': 8607571968, 'postcopy-requests': 0, 'dirty-sync-count': 1, 'multifd-bytes': 0, 'pages-per-second': 36450, 'downtime-bytes': 0, 'page-size': 4096, 'remaining': 172695552, 'postcopy-bytes': 0, 'mbps': 1082.39544, 'transferred': 1798776172, 'dirty-sync-missed-zero-copy': 0, 'precopy-bytes': 1798774560, 'duplicate': 1624561, 'dirty-pages-rate': 0, 'normal-bytes': 1780674560, 'normal': 434735}}
QMP cmd [src4] query-migrate args={}
QMP reply [src4] query-migrate: {'expected-downtime': 300, 'status': 'active', 'setup-time': 1, 'total-time': 13457, 'ram': {'total': 8607571968, 'postcopy-requests': 0, 'dirty-sync-count': 1, 'multifd-bytes': 0, 'pages-per-second': 35820, 'downtime-bytes': 0, 'page-size': 4096, 'remaining': 144056320, 'postcopy-bytes': 0, 'mbps': 1082.3500800000002, 'transferred': 1825833376, 'dirty-sync-missed-zero-copy': 0, 'precopy-bytes': 1825831744, 'duplicate': 1624961, 'dirty-pages-rate': 0, 'normal-bytes': 1807675392, 'normal': 441327}}
QMP cmd [src4] query-migrate args={}
QMP reply [src4] query-migrate: {'expected-downtime': 300, 'status': 'active', 'setup-time': 1, 'total-time': 13657, 'ram': {'total': 8607571968, 'postcopy-requests': 0, 'dirty-sync-count': 1, 'multifd-bytes': 0, 'pages-per-second': 32960, 'downtime-bytes': 0, 'page-size': 4096, 'remaining': 117055488, 'postcopy-bytes': 0, 'mbps': 1082.1441599999998, 'transferred': 1852886980, 'dirty-sync-missed-zero-copy': 0, 'precopy-bytes': 1852885328, 'duplicate': 1624961, 'dirty-pages-rate': 0, 'normal-bytes': 1834676224, 'normal': 447919}}
QMP cmd [src4] query-migrate args={}
QMP reply [src4] query-migrate: {'expected-downtime': 300, 'status': 'active', 'setup-time': 1, 'total-time': 13858, 'ram': {'total': 8607571968, 'postcopy-requests': 0, 'dirty-sync-count': 1, 'multifd-bytes': 0, 'pages-per-second': 32960, 'downtime-bytes': 0, 'page-size': 4096, 'remaining': 90054656, 'postcopy-bytes': 0, 'mbps': 1082.1441599999998, 'transferred': 1879940584, 'dirty-sync-missed-zero-copy': 0, 'precopy-bytes': 1879938912, 'duplicate': 1624961, 'dirty-pages-rate': 0, 'normal-bytes': 1861677056, 'normal': 454511}}
QMP cmd [src4] query-migrate args={}
QMP reply [src4] query-migrate: {'expected-downtime': 300, 'status': 'active', 'setup-time': 1, 'total-time': 14059, 'ram': {'total': 8607571968, 'postcopy-requests': 0, 'dirty-sync-count': 1, 'multifd-bytes': 0, 'pages-per-second': 32960, 'downtime-bytes': 0, 'page-size': 4096, 'remaining': 63053824, 'postcopy-bytes': 0, 'mbps': 1082.1441599999998, 'transferred': 1906994188, 'dirty-sync-missed-zero-copy': 0, 'precopy-bytes': 1906992496, 'duplicate': 1624961, 'dirty-pages-rate': 0, 'normal-bytes': 1888677888, 'normal': 461103}}
QMP cmd [src4] query-migrate args={}
QMP reply [src4] query-migrate: {'expected-downtime': 300, 'status': 'active', 'setup-time': 1, 'total-time': 14260, 'ram': {'total': 8607571968, 'postcopy-requests': 0, 'dirty-sync-count': 1, 'multifd-bytes': 0, 'pages-per-second': 32960, 'downtime-bytes': 0, 'page-size': 4096, 'remaining': 36052992, 'postcopy-bytes': 0, 'mbps': 1082.1441599999998, 'transferred': 1934047792, 'dirty-sync-missed-zero-copy': 0, 'precopy-bytes': 1934046080, 'duplicate': 1624961, 'dirty-pages-rate': 0, 'normal-bytes': 1915678720, 'normal': 467695}}
QMP cmd [src4] query-migrate args={}
QMP reply [src4] query-migrate: {'expected-downtime': 2338, 'status': 'active', 'setup-time': 1, 'total-time': 14461, 'ram': {'total': 8607571968, 'postcopy-requests': 0, 'dirty-sync-count': 2, 'multifd-bytes': 0, 'pages-per-second': 32960, 'downtime-bytes': 0, 'page-size': 4096, 'remaining': 270700544, 'postcopy-bytes': 0, 'mbps': 1082.1441599999998, 'transferred': 1961007307, 'dirty-sync-missed-zero-copy': 0, 'precopy-bytes': 1961005575, 'duplicate': 1629538, 'dirty-pages-rate': 4783, 'normal-bytes': 1942544384, 'normal': 474254}}
QMP cmd [src4] query-migrate args={}
QMP reply [src4] query-migrate: {'expected-downtime': 2338, 'status': 'active', 'setup-time': 1, 'total-time': 14662, 'ram': {'total': 8607571968, 'postcopy-requests': 0, 'dirty-sync-count': 2, 'multifd-bytes': 0, 'pages-per-second': 33470, 'downtime-bytes': 0, 'page-size': 4096, 'remaining': 241074176, 'postcopy-bytes': 0, 'mbps': 1082.18088, 'transferred': 1988066680, 'dirty-sync-missed-zero-copy': 0, 'precopy-bytes': 1988064928, 'duplicate': 1630179, 'dirty-pages-rate': 4783, 'normal-bytes': 1969545216, 'normal': 480846}}
QMP cmd [src4] query-migrate args={}
QMP reply [src4] query-migrate: {'expected-downtime': 2337, 'status': 'active', 'setup-time': 1, 'total-time': 14863, 'ram': {'total': 8607571968, 'postcopy-requests': 0, 'dirty-sync-count': 2, 'multifd-bytes': 0, 'pages-per-second': 36370, 'downtime-bytes': 0, 'page-size': 4096, 'remaining': 212480000, 'postcopy-bytes': 0, 'mbps': 1082.38968, 'transferred': 2015123785, 'dirty-sync-missed-zero-copy': 0, 'precopy-bytes': 2015122013, 'duplicate': 1630568, 'dirty-pages-rate': 4783, 'normal-bytes': 1996546048, 'normal': 487438}}
QMP cmd [src4] query-migrate args={}
QMP reply [src4] query-migrate: {'expected-downtime': 2338, 'status': 'active', 'setup-time': 1, 'total-time': 15063, 'ram': {'total': 8607571968, 'postcopy-requests': 0, 'dirty-sync-count': 2, 'multifd-bytes': 0, 'pages-per-second': 34690, 'downtime-bytes': 0, 'page-size': 4096, 'remaining': 184770560, 'postcopy-bytes': 0, 'mbps': 1082.26872, 'transferred': 2042178946, 'dirty-sync-missed-zero-copy': 0, 'precopy-bytes': 2042177154, 'duplicate': 1630741, 'dirty-pages-rate': 4783, 'normal-bytes': 2023546880, 'normal': 494030}}
QMP cmd [src4] query-migrate args={}
QMP reply [src4] query-migrate: {'expected-downtime': 2338, 'status': 'active', 'setup-time': 1, 'total-time': 15264, 'ram': {'total': 8607571968, 'postcopy-requests': 0, 'dirty-sync-count': 2, 'multifd-bytes': 0, 'pages-per-second': 32960, 'downtime-bytes': 0, 'page-size': 4096, 'remaining': 157769728, 'postcopy-bytes': 0, 'mbps': 1082.1441599999998, 'transferred': 2069232550, 'dirty-sync-missed-zero-copy': 0, 'precopy-bytes': 2069230738, 'duplicate': 1630741, 'dirty-pages-rate': 4783, 'normal-bytes': 2050547712, 'normal': 500622}}
2026-07-14 20:21:33.944848SSH command: ssh -o BatchMode=yes -o StrictHostKeyChecking=no -o UserKnownHostsFile=/dev/null -o ConnectTimeout=1 -o LogLevel=ERROR -p 2225 -i /home/max/.ssh/pgvm_bench user@127.0.0.1 test -f /tmp/bench.done
Return code: 1
Stdout: 
Stderr: 
qemu-system-x86_64: terminating on signal 15 from pid 15322 (/home/max/Bachelor-Thesis/Repo/.venv/bin/python)
QMP cmd [src4] query-migrate args={}
QMP reply [src4] query-migrate: {'expected-downtime': 2338, 'status': 'active', 'setup-time': 1, 'total-time': 15465, 'ram': {'total': 8607571968, 'postcopy-requests': 0, 'dirty-sync-count': 2, 'multifd-bytes': 0, 'pages-per-second': 32960, 'downtime-bytes': 0, 'page-size': 4096, 'remaining': 130768896, 'postcopy-bytes': 0, 'mbps': 1082.1441599999998, 'transferred': 2096286154, 'dirty-sync-missed-zero-copy': 0, 'precopy-bytes': 2096284322, 'duplicate': 1630741, 'dirty-pages-rate': 4783, 'normal-bytes': 2077548544, 'normal': 507214}}
QMP cmd [src4] query-migrate args={}
QMP reply [src4] query-migrate: {'expected-downtime': 2338, 'status': 'active', 'setup-time': 1, 'total-time': 15666, 'ram': {'total': 8607571968, 'postcopy-requests': 0, 'dirty-sync-count': 2, 'multifd-bytes': 0, 'pages-per-second': 33640, 'downtime-bytes': 0, 'page-size': 4096, 'remaining': 103129088, 'postcopy-bytes': 0, 'mbps': 1082.1931200000001, 'transferred': 2123341162, 'dirty-sync-missed-zero-copy': 0, 'precopy-bytes': 2123339310, 'duplicate': 1630897, 'dirty-pages-rate': 4783, 'normal-bytes': 2104549376, 'normal': 513806}}
QMP cmd [src4] query-migrate args={}
QMP reply [src4] query-migrate: {'expected-downtime': 2338, 'status': 'active', 'setup-time': 1, 'total-time': 15867, 'ram': {'total': 8607571968, 'postcopy-requests': 0, 'dirty-sync-count': 2, 'multifd-bytes': 0, 'pages-per-second': 33440, 'downtime-bytes': 0, 'page-size': 4096, 'remaining': 75264000, 'postcopy-bytes': 0, 'mbps': 1082.1787199999999, 'transferred': 2150396665, 'dirty-sync-missed-zero-copy': 0, 'precopy-bytes': 2150394793, 'duplicate': 1631108, 'dirty-pages-rate': 4783, 'normal-bytes': 2131550208, 'normal': 520398}}
QMP cmd [src4] query-migrate args={}
QMP reply [src4] query-migrate: {'expected-downtime': 2338, 'status': 'active', 'setup-time': 1, 'total-time': 16068, 'ram': {'total': 8607571968, 'postcopy-requests': 0, 'dirty-sync-count': 2, 'multifd-bytes': 0, 'pages-per-second': 33000, 'downtime-bytes': 0, 'page-size': 4096, 'remaining': 48246784, 'postcopy-bytes': 0, 'mbps': 1082.14704, 'transferred': 2177450305, 'dirty-sync-missed-zero-copy': 0, 'precopy-bytes': 2177448413, 'duplicate': 1631112, 'dirty-pages-rate': 4783, 'normal-bytes': 2158551040, 'normal': 526990}}
QMP cmd [src4] query-migrate args={}
QMP reply [src4] query-migrate: {'expected-downtime': 2338, 'status': 'active', 'setup-time': 1, 'total-time': 16269, 'ram': {'total': 8607571968, 'postcopy-requests': 0, 'dirty-sync-count': 3, 'multifd-bytes': 0, 'pages-per-second': 33030, 'downtime-bytes': 0, 'page-size': 4096, 'remaining': 96620544, 'postcopy-bytes': 0, 'mbps': 1082.1492, 'transferred': 2204507212, 'dirty-sync-missed-zero-copy': 0, 'precopy-bytes': 2204505300, 'duplicate': 1631479, 'dirty-pages-rate': 9883, 'normal-bytes': 2185551872, 'normal': 533582}}
QMP cmd [src4] query-migrate args={}
QMP reply [src4] query-migrate: {'expected-downtime': 824, 'status': 'active', 'setup-time': 1, 'total-time': 16470, 'ram': {'total': 8607571968, 'postcopy-requests': 0, 'dirty-sync-count': 3, 'multifd-bytes': 0, 'pages-per-second': 36710, 'downtime-bytes': 0, 'page-size': 4096, 'remaining': 67432448, 'postcopy-bytes': 0, 'mbps': 1082.4141599999998, 'transferred': 2231565622, 'dirty-sync-missed-zero-copy': 0, 'precopy-bytes': 2231563690, 'duplicate': 1632013, 'dirty-pages-rate': 9883, 'normal-bytes': 2212552704, 'normal': 540174}}
QMP cmd [src4] query-migrate args={}
QMP reply [src4] query-migrate: {'expected-downtime': 833, 'status': 'active', 'setup-time': 1, 'total-time': 16670, 'ram': {'total': 8607571968, 'postcopy-requests': 0, 'dirty-sync-count': 3, 'multifd-bytes': 0, 'pages-per-second': 33871, 'downtime-bytes': 0, 'page-size': 4096, 'remaining': 39342080, 'postcopy-bytes': 0, 'mbps': 1071.5212673267326, 'transferred': 2258621649, 'dirty-sync-missed-zero-copy': 0, 'precopy-bytes': 2258619697, 'duplicate': 1632279, 'dirty-pages-rate': 9883, 'normal-bytes': 2239553536, 'normal': 546766}}
QMP cmd [src4] query-migrate args={}
QMP reply [src4] query-migrate: {'expected-downtime': 419, 'status': 'active', 'setup-time': 1, 'total-time': 16872, 'ram': {'total': 8607571968, 'postcopy-requests': 0, 'dirty-sync-count': 4, 'multifd-bytes': 0, 'pages-per-second': 34710, 'downtime-bytes': 0, 'page-size': 4096, 'remaining': 29052928, 'postcopy-bytes': 0, 'mbps': 1082.2701599999998, 'transferred': 2285676837, 'dirty-sync-missed-zero-copy': 0, 'precopy-bytes': 2285674865, 'duplicate': 1632455, 'dirty-pages-rate': 9883, 'normal-bytes': 2266554368, 'normal': 553358}}
QMP cmd [src4] query-migrate args={}
QMP reply [src4] query-migrate: {'status': 'completed', 'setup-time': 1, 'downtime': 12, 'total-time': 16916, 'ram': {'total': 8607571968, 'postcopy-requests': 0, 'dirty-sync-count': 6, 'multifd-bytes': 0, 'pages-per-second': 32643, 'downtime-bytes': 35189516, 'page-size': 4096, 'remaining': 0, 'postcopy-bytes': 0, 'mbps': 1097.858897783033, 'transferred': 2321285407, 'dirty-sync-missed-zero-copy': 0, 'precopy-bytes': 2285674865, 'duplicate': 1632654, 'dirty-pages-rate': 0, 'normal-bytes': 2301673472, 'normal': 561932}}
