2026-07-14 20:06:56.372904SSH command: ssh -o BatchMode=yes -o StrictHostKeyChecking=no -o UserKnownHostsFile=/dev/null -o ConnectTimeout=1 -o LogLevel=ERROR -p 2223 -i /home/max/.ssh/pgvm_bench user@127.0.0.1 systemd-analyze
Return code: 0
Stdout: Startup finished in 786ms (kernel) + 2.232s (userspace) = 3.019s 
graphical.target reached after 2.232s in userspace.

Stderr: 
2026-07-14 20:06:56.520508SSH command: ssh -o BatchMode=yes -o StrictHostKeyChecking=no -o UserKnownHostsFile=/dev/null -o ConnectTimeout=1 -o LogLevel=ERROR -p 2223 -i /home/max/.ssh/pgvm_bench user@127.0.0.1 rm -f /tmp/bench.done /tmp/pg-buffer-hit-ratio.csv /tmp/pg-buffer-sampler.log; nohup bash /home/user/pg_sampler.sh /tmp/bench.done /tmp/pg-buffer-hit-ratio.csv ycsb >/tmp/pg-buffer-sampler.log 2>&1 &
Return code: 0
Stdout: 
Stderr: 
QMP cmd [src2] migrate-set-capabilities args={'capabilities': [{'capability': 'auto-converge', 'state': False}, {'capability': 'events', 'state': True}, {'capability': 'postcopy-blocktime', 'state': False}, {'capability': 'postcopy-ram', 'state': False}]}
QMP cmd [src2] query-migrate args={}
QMP reply [src2] migrate-set-capabilities: {}
QMP cmd [src2] migrate args={'uri': 'unix:/tmp/mig.sock'}
QMP reply [src2] query-migrate: {}
QMP reply [src2] migrate: {}
2026-07-14 20:09:26.923176SSH command: ssh -o BatchMode=yes -o StrictHostKeyChecking=no -o UserKnownHostsFile=/dev/null -o ConnectTimeout=1 -o LogLevel=ERROR -p 2223 -i /home/max/.ssh/pgvm_bench user@127.0.0.1 test -f /tmp/bench.done
Return code: 1
Stdout: 
Stderr: 
QMP cmd [src2] query-migrate args={}
QMP reply [src2] query-migrate: {'expected-downtime': 300, 'status': 'active', 'setup-time': 2, 'total-time': 201, 'ram': {'total': 8607571968, 'postcopy-requests': 0, 'dirty-sync-count': 1, 'multifd-bytes': 0, 'pages-per-second': 35530, 'downtime-bytes': 0, 'page-size': 4096, 'remaining': 8561987584, 'postcopy-bytes': 0, 'mbps': 1082.3292, 'transferred': 30868634, 'dirty-sync-missed-zero-copy': 0, 'precopy-bytes': 30919145, 'duplicate': 3602, 'dirty-pages-rate': 0, 'normal-bytes': 30826496, 'normal': 7526}}
QMP cmd [src2] query-migrate args={}
QMP reply [src2] query-migrate: {'expected-downtime': 300, 'status': 'active', 'setup-time': 2, 'total-time': 402, 'ram': {'total': 8607571968, 'postcopy-requests': 0, 'dirty-sync-count': 1, 'multifd-bytes': 0, 'pages-per-second': 2045870, 'downtime-bytes': 0, 'page-size': 4096, 'remaining': 7679660032, 'postcopy-bytes': 0, 'mbps': 1073.75688, 'transferred': 62127020, 'dirty-sync-missed-zero-copy': 0, 'precopy-bytes': 62255874, 'duplicate': 211834, 'dirty-pages-rate': 0, 'normal-bytes': 60231680, 'normal': 14705}}
QMP cmd [src2] query-migrate args={}
QMP reply [src2] query-migrate: {'expected-downtime': 300, 'status': 'active', 'setup-time': 2, 'total-time': 602, 'ram': {'total': 8607571968, 'postcopy-requests': 0, 'dirty-sync-count': 1, 'multifd-bytes': 0, 'pages-per-second': 32960, 'downtime-bytes': 0, 'page-size': 4096, 'remaining': 6181560320, 'postcopy-bytes': 0, 'mbps': 1082.1441599999998, 'transferred': 94507822, 'dirty-sync-missed-zero-copy': 0, 'precopy-bytes': 94507470, 'duplicate': 570511, 'dirty-pages-rate': 0, 'normal-bytes': 89198592, 'normal': 21777}}
QMP cmd [src2] query-migrate args={}
QMP reply [src2] query-migrate: {'expected-downtime': 300, 'status': 'active', 'setup-time': 2, 'total-time': 803, 'ram': {'total': 8607571968, 'postcopy-requests': 0, 'dirty-sync-count': 1, 'multifd-bytes': 0, 'pages-per-second': 35210, 'downtime-bytes': 0, 'page-size': 4096, 'remaining': 6151041024, 'postcopy-bytes': 0, 'mbps': 1082.3061599999999, 'transferred': 121569157, 'dirty-sync-missed-zero-copy': 0, 'precopy-bytes': 121568785, 'duplicate': 571370, 'dirty-pages-rate': 0, 'normal-bytes': 116199424, 'normal': 28369}}
QMP cmd [src2] query-migrate args={}
QMP reply [src2] query-migrate: {'expected-downtime': 300, 'status': 'active', 'setup-time': 2, 'total-time': 1004, 'ram': {'total': 8607571968, 'postcopy-requests': 0, 'dirty-sync-count': 1, 'multifd-bytes': 0, 'pages-per-second': 1887880, 'downtime-bytes': 0, 'page-size': 4096, 'remaining': 5347811328, 'postcopy-bytes': 0, 'mbps': 1079.0892, 'transferred': 148489687, 'dirty-sync-missed-zero-copy': 0, 'precopy-bytes': 148489295, 'duplicate': 761328, 'dirty-pages-rate': 0, 'normal-bytes': 141361152, 'normal': 34512}}
QMP cmd [src2] query-migrate args={}
QMP reply [src2] query-migrate: {'expected-downtime': 300, 'status': 'active', 'setup-time': 2, 'total-time': 1205, 'ram': {'total': 8607571968, 'postcopy-requests': 0, 'dirty-sync-count': 1, 'multifd-bytes': 0, 'pages-per-second': 40390, 'downtime-bytes': 0, 'page-size': 4096, 'remaining': 5311361024, 'postcopy-bytes': 0, 'mbps': 1082.67912, 'transferred': 175564054, 'dirty-sync-missed-zero-copy': 0, 'precopy-bytes': 175563642, 'duplicate': 763635, 'dirty-pages-rate': 0, 'normal-bytes': 168361984, 'normal': 41104}}
QMP cmd [src2] query-migrate args={}
QMP reply [src2] query-migrate: {'expected-downtime': 300, 'status': 'active', 'setup-time': 2, 'total-time': 1405, 'ram': {'total': 8607571968, 'postcopy-requests': 0, 'dirty-sync-count': 1, 'multifd-bytes': 0, 'pages-per-second': 46450, 'downtime-bytes': 0, 'page-size': 4096, 'remaining': 5278662656, 'postcopy-bytes': 0, 'mbps': 1083.11544, 'transferred': 202630177, 'dirty-sync-missed-zero-copy': 0, 'precopy-bytes': 202629745, 'duplicate': 765026, 'dirty-pages-rate': 0, 'normal-bytes': 195362816, 'normal': 47696}}
QMP cmd [src2] query-migrate args={}
QMP reply [src2] query-migrate: {'expected-downtime': 300, 'status': 'active', 'setup-time': 2, 'total-time': 1606, 'ram': {'total': 8607571968, 'postcopy-requests': 0, 'dirty-sync-count': 1, 'multifd-bytes': 0, 'pages-per-second': 34130, 'downtime-bytes': 0, 'page-size': 4096, 'remaining': 5244665856, 'postcopy-bytes': 0, 'mbps': 1082.2284, 'transferred': 229699153, 'dirty-sync-missed-zero-copy': 0, 'precopy-bytes': 229698701, 'duplicate': 766734, 'dirty-pages-rate': 0, 'normal-bytes': 222363648, 'normal': 54288}}
QMP cmd [src2] query-migrate args={}
QMP reply [src2] query-migrate: {'expected-downtime': 300, 'status': 'active', 'setup-time': 2, 'total-time': 1807, 'ram': {'total': 8607571968, 'postcopy-requests': 0, 'dirty-sync-count': 1, 'multifd-bytes': 0, 'pages-per-second': 32960, 'downtime-bytes': 0, 'page-size': 4096, 'remaining': 5217357824, 'postcopy-bytes': 0, 'mbps': 1082.1441599999998, 'transferred': 256753432, 'dirty-sync-missed-zero-copy': 0, 'precopy-bytes': 256752960, 'duplicate': 766809, 'dirty-pages-rate': 0, 'normal-bytes': 249364480, 'normal': 60880}}
QMP cmd [src2] query-migrate args={}
QMP reply [src2] query-migrate: {'expected-downtime': 300, 'status': 'active', 'setup-time': 2, 'total-time': 2008, 'ram': {'total': 8607571968, 'postcopy-requests': 0, 'dirty-sync-count': 1, 'multifd-bytes': 0, 'pages-per-second': 35060, 'downtime-bytes': 0, 'page-size': 4096, 'remaining': 5184892928, 'postcopy-bytes': 0, 'mbps': 1082.29536, 'transferred': 283819042, 'dirty-sync-missed-zero-copy': 0, 'precopy-bytes': 283818550, 'duplicate': 768143, 'dirty-pages-rate': 0, 'normal-bytes': 276365312, 'normal': 67472}}
QMP cmd [src2] query-migrate args={}
QMP reply [src2] query-migrate: {'expected-downtime': 300, 'status': 'active', 'setup-time': 2, 'total-time': 2209, 'ram': {'total': 8607571968, 'postcopy-requests': 0, 'dirty-sync-count': 1, 'multifd-bytes': 0, 'pages-per-second': 63510, 'downtime-bytes': 0, 'page-size': 4096, 'remaining': 5141901312, 'postcopy-bytes': 0, 'mbps': 1073.86056, 'transferred': 310776742, 'dirty-sync-missed-zero-copy': 0, 'precopy-bytes': 310776230, 'duplicate': 772079, 'dirty-pages-rate': 0, 'normal-bytes': 303235072, 'normal': 74032}}
2026-07-14 20:09:29.082555SSH command: ssh -o BatchMode=yes -o StrictHostKeyChecking=no -o UserKnownHostsFile=/dev/null -o ConnectTimeout=1 -o LogLevel=ERROR -p 2223 -i /home/max/.ssh/pgvm_bench user@127.0.0.1 test -f /tmp/bench.done
Return code: 1
Stdout: 
Stderr: 
QMP cmd [src2] query-migrate args={}
QMP reply [src2] query-migrate: {'expected-downtime': 300, 'status': 'active', 'setup-time': 2, 'total-time': 2410, 'ram': {'total': 8607571968, 'postcopy-requests': 0, 'dirty-sync-count': 1, 'multifd-bytes': 0, 'pages-per-second': 49970, 'downtime-bytes': 0, 'page-size': 4096, 'remaining': 5107908608, 'postcopy-bytes': 0, 'mbps': 1083.36888, 'transferred': 337845709, 'dirty-sync-missed-zero-copy': 0, 'precopy-bytes': 337845177, 'duplicate': 773786, 'dirty-pages-rate': 0, 'normal-bytes': 330235904, 'normal': 80624}}
QMP cmd [src2] query-migrate args={}
QMP reply [src2] query-migrate: {'expected-downtime': 300, 'status': 'active', 'setup-time': 2, 'total-time': 2611, 'ram': {'total': 8607571968, 'postcopy-requests': 0, 'dirty-sync-count': 1, 'multifd-bytes': 0, 'pages-per-second': 33020, 'downtime-bytes': 0, 'page-size': 4096, 'remaining': 5080547328, 'postcopy-bytes': 0, 'mbps': 1082.14848, 'transferred': 364900105, 'dirty-sync-missed-zero-copy': 0, 'precopy-bytes': 364899553, 'duplicate': 773874, 'dirty-pages-rate': 0, 'normal-bytes': 357236736, 'normal': 87216}}
QMP cmd [src2] query-migrate args={}
QMP reply [src2] query-migrate: {'expected-downtime': 300, 'status': 'active', 'setup-time': 2, 'total-time': 2812, 'ram': {'total': 8607571968, 'postcopy-requests': 0, 'dirty-sync-count': 1, 'multifd-bytes': 0, 'pages-per-second': 32980, 'downtime-bytes': 0, 'page-size': 4096, 'remaining': 5048348672, 'postcopy-bytes': 0, 'mbps': 1082.1456, 'transferred': 391965130, 'dirty-sync-missed-zero-copy': 0, 'precopy-bytes': 391964558, 'duplicate': 775143, 'dirty-pages-rate': 0, 'normal-bytes': 384237568, 'normal': 93808}}
QMP cmd [src2] query-migrate args={}
QMP reply [src2] query-migrate: {'expected-downtime': 300, 'status': 'active', 'setup-time': 2, 'total-time': 3013, 'ram': {'total': 8607571968, 'postcopy-requests': 0, 'dirty-sync-count': 1, 'multifd-bytes': 0, 'pages-per-second': 51670, 'downtime-bytes': 0, 'page-size': 4096, 'remaining': 5009104896, 'postcopy-bytes': 0, 'mbps': 1083.49128, 'transferred': 419045635, 'dirty-sync-missed-zero-copy': 0, 'precopy-bytes': 419045043, 'duplicate': 778132, 'dirty-pages-rate': 0, 'normal-bytes': 411238400, 'normal': 100400}}
QMP cmd [src2] query-migrate args={}
QMP reply [src2] query-migrate: {'expected-downtime': 300, 'status': 'active', 'setup-time': 2, 'total-time': 3213, 'ram': {'total': 8607571968, 'postcopy-requests': 0, 'dirty-sync-count': 1, 'multifd-bytes': 0, 'pages-per-second': 32980, 'downtime-bytes': 0, 'page-size': 4096, 'remaining': 4982091776, 'postcopy-bytes': 0, 'mbps': 1082.1456, 'transferred': 446099266, 'dirty-sync-missed-zero-copy': 0, 'precopy-bytes': 446098654, 'duplicate': 778135, 'dirty-pages-rate': 0, 'normal-bytes': 438239232, 'normal': 106992}}
QMP cmd [src2] query-migrate args={}
QMP reply [src2] query-migrate: {'expected-downtime': 300, 'status': 'active', 'setup-time': 2, 'total-time': 3414, 'ram': {'total': 8607571968, 'postcopy-requests': 0, 'dirty-sync-count': 1, 'multifd-bytes': 0, 'pages-per-second': 33640, 'downtime-bytes': 0, 'page-size': 4096, 'remaining': 4954804224, 'postcopy-bytes': 0, 'mbps': 1082.1931200000001, 'transferred': 473153500, 'dirty-sync-missed-zero-copy': 0, 'precopy-bytes': 473152868, 'duplicate': 778205, 'dirty-pages-rate': 0, 'normal-bytes': 465240064, 'normal': 113584}}
QMP cmd [src2] query-migrate args={}
QMP reply [src2] query-migrate: {'expected-downtime': 300, 'status': 'active', 'setup-time': 2, 'total-time': 3615, 'ram': {'total': 8607571968, 'postcopy-requests': 0, 'dirty-sync-count': 1, 'multifd-bytes': 0, 'pages-per-second': 33490, 'downtime-bytes': 0, 'page-size': 4096, 'remaining': 4924911616, 'postcopy-bytes': 0, 'mbps': 1082.1823200000001, 'transferred': 500213458, 'dirty-sync-missed-zero-copy': 0, 'precopy-bytes': 500212806, 'duplicate': 778911, 'dirty-pages-rate': 0, 'normal-bytes': 492240896, 'normal': 120176}}
QMP cmd [src2] query-migrate args={}
QMP reply [src2] query-migrate: {'expected-downtime': 300, 'status': 'active', 'setup-time': 2, 'total-time': 3816, 'ram': {'total': 8607571968, 'postcopy-requests': 0, 'dirty-sync-count': 1, 'multifd-bytes': 0, 'pages-per-second': 33020, 'downtime-bytes': 0, 'page-size': 4096, 'remaining': 4897361920, 'postcopy-bytes': 0, 'mbps': 1082.14848, 'transferred': 527268268, 'dirty-sync-missed-zero-copy': 0, 'precopy-bytes': 527267596, 'duplicate': 779045, 'dirty-pages-rate': 0, 'normal-bytes': 519241728, 'normal': 126768}}
QMP cmd [src2] query-migrate args={}
QMP reply [src2] query-migrate: {'expected-downtime': 300, 'status': 'active', 'setup-time': 2, 'total-time': 4017, 'ram': {'total': 8607571968, 'postcopy-requests': 0, 'dirty-sync-count': 1, 'multifd-bytes': 0, 'pages-per-second': 33660, 'downtime-bytes': 0, 'page-size': 4096, 'remaining': 4870008832, 'postcopy-bytes': 0, 'mbps': 1082.1945600000001, 'transferred': 554322646, 'dirty-sync-missed-zero-copy': 0, 'precopy-bytes': 554321954, 'duplicate': 779131, 'dirty-pages-rate': 0, 'normal-bytes': 546242560, 'normal': 133360}}
QMP cmd [src2] query-migrate args={}
QMP reply [src2] query-migrate: {'expected-downtime': 300, 'status': 'active', 'setup-time': 2, 'total-time': 4217, 'ram': {'total': 8607571968, 'postcopy-requests': 0, 'dirty-sync-count': 1, 'multifd-bytes': 0, 'pages-per-second': 33160, 'downtime-bytes': 0, 'page-size': 4096, 'remaining': 4842246144, 'postcopy-bytes': 0, 'mbps': 1082.15856, 'transferred': 581377924, 'dirty-sync-missed-zero-copy': 0, 'precopy-bytes': 581377212, 'duplicate': 779317, 'dirty-pages-rate': 0, 'normal-bytes': 573243392, 'normal': 139952}}
QMP cmd [src2] query-migrate args={}
QMP reply [src2] query-migrate: {'expected-downtime': 300, 'status': 'active', 'setup-time': 2, 'total-time': 4418, 'ram': {'total': 8607571968, 'postcopy-requests': 0, 'dirty-sync-count': 1, 'multifd-bytes': 0, 'pages-per-second': 33070, 'downtime-bytes': 0, 'page-size': 4096, 'remaining': 4815151104, 'postcopy-bytes': 0, 'mbps': 1082.15208, 'transferred': 608431735, 'dirty-sync-missed-zero-copy': 0, 'precopy-bytes': 608431003, 'duplicate': 779340, 'dirty-pages-rate': 0, 'normal-bytes': 600244224, 'normal': 146544}}
2026-07-14 20:09:31.246923SSH command: ssh -o BatchMode=yes -o StrictHostKeyChecking=no -o UserKnownHostsFile=/dev/null -o ConnectTimeout=1 -o LogLevel=ERROR -p 2223 -i /home/max/.ssh/pgvm_bench user@127.0.0.1 test -f /tmp/bench.done
Return code: 1
Stdout: 
Stderr: 
QMP cmd [src2] query-migrate args={}
QMP reply [src2] query-migrate: {'expected-downtime': 300, 'status': 'active', 'setup-time': 2, 'total-time': 4620, 'ram': {'total': 8607571968, 'postcopy-requests': 0, 'dirty-sync-count': 1, 'multifd-bytes': 0, 'pages-per-second': 34000, 'downtime-bytes': 0, 'page-size': 4096, 'remaining': 4787646464, 'postcopy-bytes': 0, 'mbps': 1082.21904, 'transferred': 635486446, 'dirty-sync-missed-zero-copy': 0, 'precopy-bytes': 635485694, 'duplicate': 779463, 'dirty-pages-rate': 0, 'normal-bytes': 627245056, 'normal': 153136}}
QMP cmd [src2] query-migrate args={}
QMP reply [src2] query-migrate: {'expected-downtime': 300, 'status': 'active', 'setup-time': 2, 'total-time': 4820, 'ram': {'total': 8607571968, 'postcopy-requests': 0, 'dirty-sync-count': 1, 'multifd-bytes': 0, 'pages-per-second': 33020, 'downtime-bytes': 0, 'page-size': 4096, 'remaining': 4760580096, 'postcopy-bytes': 0, 'mbps': 1082.14848, 'transferred': 662540194, 'dirty-sync-missed-zero-copy': 0, 'precopy-bytes': 662539422, 'duplicate': 779479, 'dirty-pages-rate': 0, 'normal-bytes': 654245888, 'normal': 159728}}
QMP cmd [src2] query-migrate args={}
QMP reply [src2] query-migrate: {'expected-downtime': 300, 'status': 'active', 'setup-time': 2, 'total-time': 5021, 'ram': {'total': 8607571968, 'postcopy-requests': 0, 'dirty-sync-count': 1, 'multifd-bytes': 0, 'pages-per-second': 33160, 'downtime-bytes': 0, 'page-size': 4096, 'remaining': 4733288448, 'postcopy-bytes': 0, 'mbps': 1082.15856, 'transferred': 689594437, 'dirty-sync-missed-zero-copy': 0, 'precopy-bytes': 689593645, 'duplicate': 779550, 'dirty-pages-rate': 0, 'normal-bytes': 681246720, 'normal': 166320}}
QMP cmd [src2] query-migrate args={}
QMP reply [src2] query-migrate: {'expected-downtime': 300, 'status': 'active', 'setup-time': 2, 'total-time': 5222, 'ram': {'total': 8607571968, 'postcopy-requests': 0, 'dirty-sync-count': 1, 'multifd-bytes': 0, 'pages-per-second': 32960, 'downtime-bytes': 0, 'page-size': 4096, 'remaining': 4706242560, 'postcopy-bytes': 0, 'mbps': 1082.1441599999998, 'transferred': 716648140, 'dirty-sync-missed-zero-copy': 0, 'precopy-bytes': 716647328, 'duplicate': 779561, 'dirty-pages-rate': 0, 'normal-bytes': 708247552, 'normal': 172912}}
QMP cmd [src2] query-migrate args={}
QMP reply [src2] query-migrate: {'expected-downtime': 300, 'status': 'active', 'setup-time': 2, 'total-time': 5423, 'ram': {'total': 8607571968, 'postcopy-requests': 0, 'dirty-sync-count': 1, 'multifd-bytes': 0, 'pages-per-second': 38250, 'downtime-bytes': 0, 'page-size': 4096, 'remaining': 4676894720, 'postcopy-bytes': 0, 'mbps': 1082.52504, 'transferred': 743706901, 'dirty-sync-missed-zero-copy': 0, 'precopy-bytes': 743706069, 'duplicate': 780134, 'dirty-pages-rate': 0, 'normal-bytes': 735248384, 'normal': 179504}}
QMP cmd [src2] query-migrate args={}
QMP reply [src2] query-migrate: {'expected-downtime': 300, 'status': 'active', 'setup-time': 2, 'total-time': 5624, 'ram': {'total': 8607571968, 'postcopy-requests': 0, 'dirty-sync-count': 1, 'multifd-bytes': 0, 'pages-per-second': 33080, 'downtime-bytes': 0, 'page-size': 4096, 'remaining': 4649811968, 'postcopy-bytes': 0, 'mbps': 1082.1528, 'transferred': 770760685, 'dirty-sync-missed-zero-copy': 0, 'precopy-bytes': 770759833, 'duplicate': 780154, 'dirty-pages-rate': 0, 'normal-bytes': 762249216, 'normal': 186096}}
QMP cmd [src2] query-migrate args={}
QMP reply [src2] query-migrate: {'expected-downtime': 300, 'status': 'active', 'setup-time': 2, 'total-time': 5824, 'ram': {'total': 8607571968, 'postcopy-requests': 0, 'dirty-sync-count': 1, 'multifd-bytes': 0, 'pages-per-second': 32980, 'downtime-bytes': 0, 'page-size': 4096, 'remaining': 4620693504, 'postcopy-bytes': 0, 'mbps': 1082.1456, 'transferred': 797818942, 'dirty-sync-missed-zero-copy': 0, 'precopy-bytes': 797818070, 'duplicate': 780671, 'dirty-pages-rate': 0, 'normal-bytes': 789250048, 'normal': 192688}}
QMP cmd [src2] query-migrate args={}
QMP reply [src2] query-migrate: {'expected-downtime': 300, 'status': 'active', 'setup-time': 2, 'total-time': 6025, 'ram': {'total': 8607571968, 'postcopy-requests': 0, 'dirty-sync-count': 1, 'multifd-bytes': 0, 'pages-per-second': 33020, 'downtime-bytes': 0, 'page-size': 4096, 'remaining': 4593274880, 'postcopy-bytes': 0, 'mbps': 1082.14848, 'transferred': 824873464, 'dirty-sync-missed-zero-copy': 0, 'precopy-bytes': 824872572, 'duplicate': 780773, 'dirty-pages-rate': 0, 'normal-bytes': 816250880, 'normal': 199280}}
QMP cmd [src2] query-migrate args={}
QMP reply [src2] query-migrate: {'expected-downtime': 300, 'status': 'active', 'setup-time': 2, 'total-time': 6226, 'ram': {'total': 8607571968, 'postcopy-requests': 0, 'dirty-sync-count': 1, 'multifd-bytes': 0, 'pages-per-second': 33000, 'downtime-bytes': 0, 'page-size': 4096, 'remaining': 4566257664, 'postcopy-bytes': 0, 'mbps': 1082.14704, 'transferred': 851927104, 'dirty-sync-missed-zero-copy': 0, 'precopy-bytes': 851926192, 'duplicate': 780777, 'dirty-pages-rate': 0, 'normal-bytes': 843251712, 'normal': 205872}}
QMP cmd [src2] query-migrate args={}
QMP reply [src2] query-migrate: {'expected-downtime': 300, 'status': 'active', 'setup-time': 2, 'total-time': 6427, 'ram': {'total': 8607571968, 'postcopy-requests': 0, 'dirty-sync-count': 1, 'multifd-bytes': 0, 'pages-per-second': 33220, 'downtime-bytes': 0, 'page-size': 4096, 'remaining': 4538744832, 'postcopy-bytes': 0, 'mbps': 1082.1628799999999, 'transferred': 878981833, 'dirty-sync-missed-zero-copy': 0, 'precopy-bytes': 878980901, 'duplicate': 780902, 'dirty-pages-rate': 0, 'normal-bytes': 870252544, 'normal': 212464}}
QMP cmd [src2] query-migrate args={}
QMP reply [src2] query-migrate: {'expected-downtime': 300, 'status': 'active', 'setup-time': 2, 'total-time': 6628, 'ram': {'total': 8607571968, 'postcopy-requests': 0, 'dirty-sync-count': 1, 'multifd-bytes': 0, 'pages-per-second': 32960, 'downtime-bytes': 0, 'page-size': 4096, 'remaining': 4511744000, 'postcopy-bytes': 0, 'mbps': 1082.1441599999998, 'transferred': 906035437, 'dirty-sync-missed-zero-copy': 0, 'precopy-bytes': 906034485, 'duplicate': 780902, 'dirty-pages-rate': 0, 'normal-bytes': 897253376, 'normal': 219056}}
2026-07-14 20:09:33.409224SSH command: ssh -o BatchMode=yes -o StrictHostKeyChecking=no -o UserKnownHostsFile=/dev/null -o ConnectTimeout=1 -o LogLevel=ERROR -p 2223 -i /home/max/.ssh/pgvm_bench user@127.0.0.1 test -f /tmp/bench.done
Return code: 1
Stdout: 
Stderr: 
QMP cmd [src2] query-migrate args={}
QMP reply [src2] query-migrate: {'expected-downtime': 300, 'status': 'active', 'setup-time': 2, 'total-time': 6830, 'ram': {'total': 8607571968, 'postcopy-requests': 0, 'dirty-sync-count': 1, 'multifd-bytes': 0, 'pages-per-second': 32980, 'downtime-bytes': 0, 'page-size': 4096, 'remaining': 4484718592, 'postcopy-bytes': 0, 'mbps': 1082.1456, 'transferred': 933089095, 'dirty-sync-missed-zero-copy': 0, 'precopy-bytes': 933088123, 'duplicate': 780908, 'dirty-pages-rate': 0, 'normal-bytes': 924254208, 'normal': 225648}}
QMP cmd [src2] query-migrate args={}
QMP reply [src2] query-migrate: {'expected-downtime': 300, 'status': 'active', 'setup-time': 2, 'total-time': 7031, 'ram': {'total': 8607571968, 'postcopy-requests': 0, 'dirty-sync-count': 1, 'multifd-bytes': 0, 'pages-per-second': 32960, 'downtime-bytes': 0, 'page-size': 4096, 'remaining': 4457693184, 'postcopy-bytes': 0, 'mbps': 1082.1441599999998, 'transferred': 960142753, 'dirty-sync-missed-zero-copy': 0, 'precopy-bytes': 960141761, 'duplicate': 780914, 'dirty-pages-rate': 0, 'normal-bytes': 951255040, 'normal': 232240}}
QMP cmd [src2] query-migrate args={}
QMP reply [src2] query-migrate: {'expected-downtime': 300, 'status': 'active', 'setup-time': 2, 'total-time': 7232, 'ram': {'total': 8607571968, 'postcopy-requests': 0, 'dirty-sync-count': 1, 'multifd-bytes': 0, 'pages-per-second': 32960, 'downtime-bytes': 0, 'page-size': 4096, 'remaining': 4430684160, 'postcopy-bytes': 0, 'mbps': 1082.1441599999998, 'transferred': 987196375, 'dirty-sync-missed-zero-copy': 0, 'precopy-bytes': 987195363, 'duplicate': 780916, 'dirty-pages-rate': 0, 'normal-bytes': 978255872, 'normal': 238832}}
QMP cmd [src2] query-migrate args={}
QMP reply [src2] query-migrate: {'expected-downtime': 300, 'status': 'active', 'setup-time': 2, 'total-time': 7432, 'ram': {'total': 8607571968, 'postcopy-requests': 0, 'dirty-sync-count': 1, 'multifd-bytes': 0, 'pages-per-second': 32960, 'downtime-bytes': 0, 'page-size': 4096, 'remaining': 4403642368, 'postcopy-bytes': 0, 'mbps': 1082.1441599999998, 'transferred': 1014250069, 'dirty-sync-missed-zero-copy': 0, 'precopy-bytes': 1014249037, 'duplicate': 780926, 'dirty-pages-rate': 0, 'normal-bytes': 1005256704, 'normal': 245424}}
QMP cmd [src2] query-migrate args={}
QMP reply [src2] query-migrate: {'expected-downtime': 300, 'status': 'active', 'setup-time': 2, 'total-time': 7633, 'ram': {'total': 8607571968, 'postcopy-requests': 0, 'dirty-sync-count': 1, 'multifd-bytes': 0, 'pages-per-second': 33100, 'downtime-bytes': 0, 'page-size': 4096, 'remaining': 4376567808, 'postcopy-bytes': 0, 'mbps': 1082.15424, 'transferred': 1041303835, 'dirty-sync-missed-zero-copy': 0, 'precopy-bytes': 1041302783, 'duplicate': 780944, 'dirty-pages-rate': 0, 'normal-bytes': 1032257536, 'normal': 252016}}
QMP cmd [src2] query-migrate args={}
QMP reply [src2] query-migrate: {'expected-downtime': 300, 'status': 'active', 'setup-time': 2, 'total-time': 7834, 'ram': {'total': 8607571968, 'postcopy-requests': 0, 'dirty-sync-count': 1, 'multifd-bytes': 0, 'pages-per-second': 33040, 'downtime-bytes': 0, 'page-size': 4096, 'remaining': 4349493248, 'postcopy-bytes': 0, 'mbps': 1082.1499199999998, 'transferred': 1068357601, 'dirty-sync-missed-zero-copy': 0, 'precopy-bytes': 1068356529, 'duplicate': 780962, 'dirty-pages-rate': 0, 'normal-bytes': 1059258368, 'normal': 258608}}
QMP cmd [src2] query-migrate args={}
QMP reply [src2] query-migrate: {'expected-downtime': 300, 'status': 'active', 'setup-time': 2, 'total-time': 8035, 'ram': {'total': 8607571968, 'postcopy-requests': 0, 'dirty-sync-count': 1, 'multifd-bytes': 0, 'pages-per-second': 45330, 'downtime-bytes': 0, 'page-size': 4096, 'remaining': 4317425664, 'postcopy-bytes': 0, 'mbps': 1083.0348000000001, 'transferred': 1095422338, 'dirty-sync-missed-zero-copy': 0, 'precopy-bytes': 1095421246, 'duplicate': 782199, 'dirty-pages-rate': 0, 'normal-bytes': 1086259200, 'normal': 265200}}
QMP cmd [src2] query-migrate args={}
QMP reply [src2] query-migrate: {'expected-downtime': 300, 'status': 'active', 'setup-time': 2, 'total-time': 8236, 'ram': {'total': 8607571968, 'postcopy-requests': 0, 'dirty-sync-count': 1, 'multifd-bytes': 0, 'pages-per-second': 32960, 'downtime-bytes': 0, 'page-size': 4096, 'remaining': 4290408448, 'postcopy-bytes': 0, 'mbps': 1082.1441599999998, 'transferred': 1122475978, 'dirty-sync-missed-zero-copy': 0, 'precopy-bytes': 1122474866, 'duplicate': 782203, 'dirty-pages-rate': 0, 'normal-bytes': 1113260032, 'normal': 271792}}
QMP cmd [src2] query-migrate args={}
QMP reply [src2] query-migrate: {'expected-downtime': 300, 'status': 'active', 'setup-time': 2, 'total-time': 8436, 'ram': {'total': 8607571968, 'postcopy-requests': 0, 'dirty-sync-count': 1, 'multifd-bytes': 0, 'pages-per-second': 33000, 'downtime-bytes': 0, 'page-size': 4096, 'remaining': 4263194624, 'postcopy-bytes': 0, 'mbps': 1082.14704, 'transferred': 1149530050, 'dirty-sync-missed-zero-copy': 0, 'precopy-bytes': 1149528918, 'duplicate': 782255, 'dirty-pages-rate': 0, 'normal-bytes': 1140260864, 'normal': 278384}}
QMP cmd [src2] query-migrate args={}
QMP reply [src2] query-migrate: {'expected-downtime': 300, 'status': 'active', 'setup-time': 2, 'total-time': 8637, 'ram': {'total': 8607571968, 'postcopy-requests': 0, 'dirty-sync-count': 1, 'multifd-bytes': 0, 'pages-per-second': 32960, 'downtime-bytes': 0, 'page-size': 4096, 'remaining': 4236193792, 'postcopy-bytes': 0, 'mbps': 1082.1441599999998, 'transferred': 1176583654, 'dirty-sync-missed-zero-copy': 0, 'precopy-bytes': 1176582502, 'duplicate': 782255, 'dirty-pages-rate': 0, 'normal-bytes': 1167261696, 'normal': 284976}}
2026-07-14 20:09:35.567442SSH command: ssh -o BatchMode=yes -o StrictHostKeyChecking=no -o UserKnownHostsFile=/dev/null -o ConnectTimeout=1 -o LogLevel=ERROR -p 2223 -i /home/max/.ssh/pgvm_bench user@127.0.0.1 test -f /tmp/bench.done
Return code: 1
Stdout: 
Stderr: 
QMP cmd [src2] query-migrate args={}
QMP reply [src2] query-migrate: {'expected-downtime': 300, 'status': 'active', 'setup-time': 2, 'total-time': 8838, 'ram': {'total': 8607571968, 'postcopy-requests': 0, 'dirty-sync-count': 1, 'multifd-bytes': 0, 'pages-per-second': 33000, 'downtime-bytes': 0, 'page-size': 4096, 'remaining': 4208996352, 'postcopy-bytes': 0, 'mbps': 1082.14704, 'transferred': 1203637690, 'dirty-sync-missed-zero-copy': 0, 'precopy-bytes': 1203636518, 'duplicate': 782303, 'dirty-pages-rate': 0, 'normal-bytes': 1194262528, 'normal': 291568}}
QMP cmd [src2] query-migrate args={}
QMP reply [src2] query-migrate: {'expected-downtime': 300, 'status': 'active', 'setup-time': 2, 'total-time': 9039, 'ram': {'total': 8607571968, 'postcopy-requests': 0, 'dirty-sync-count': 1, 'multifd-bytes': 0, 'pages-per-second': 32980, 'downtime-bytes': 0, 'page-size': 4096, 'remaining': 4181979136, 'postcopy-bytes': 0, 'mbps': 1082.1456, 'transferred': 1230691330, 'dirty-sync-missed-zero-copy': 0, 'precopy-bytes': 1230690138, 'duplicate': 782307, 'dirty-pages-rate': 0, 'normal-bytes': 1221263360, 'normal': 298160}}
QMP cmd [src2] query-migrate args={}
QMP reply [src2] query-migrate: {'expected-downtime': 300, 'status': 'active', 'setup-time': 2, 'total-time': 9240, 'ram': {'total': 8607571968, 'postcopy-requests': 0, 'dirty-sync-count': 1, 'multifd-bytes': 0, 'pages-per-second': 32960, 'downtime-bytes': 0, 'page-size': 4096, 'remaining': 4154978304, 'postcopy-bytes': 0, 'mbps': 1082.1441599999998, 'transferred': 1257744934, 'dirty-sync-missed-zero-copy': 0, 'precopy-bytes': 1257743722, 'duplicate': 782307, 'dirty-pages-rate': 0, 'normal-bytes': 1248264192, 'normal': 304752}}
QMP cmd [src2] query-migrate args={}
QMP reply [src2] query-migrate: {'expected-downtime': 300, 'status': 'active', 'setup-time': 2, 'total-time': 9441, 'ram': {'total': 8607571968, 'postcopy-requests': 0, 'dirty-sync-count': 1, 'multifd-bytes': 0, 'pages-per-second': 33280, 'downtime-bytes': 0, 'page-size': 4096, 'remaining': 4127846400, 'postcopy-bytes': 0, 'mbps': 1082.1671999999999, 'transferred': 1284798826, 'dirty-sync-missed-zero-copy': 0, 'precopy-bytes': 1284797594, 'duplicate': 782339, 'dirty-pages-rate': 0, 'normal-bytes': 1275265024, 'normal': 311344}}
QMP cmd [src2] query-migrate args={}
QMP reply [src2] query-migrate: {'expected-downtime': 300, 'status': 'active', 'setup-time': 2, 'total-time': 9642, 'ram': {'total': 8607571968, 'postcopy-requests': 0, 'dirty-sync-count': 1, 'multifd-bytes': 0, 'pages-per-second': 32960, 'downtime-bytes': 0, 'page-size': 4096, 'remaining': 4100837376, 'postcopy-bytes': 0, 'mbps': 1082.1441599999998, 'transferred': 1311852448, 'dirty-sync-missed-zero-copy': 0, 'precopy-bytes': 1311851196, 'duplicate': 782341, 'dirty-pages-rate': 0, 'normal-bytes': 1302265856, 'normal': 317936}}
QMP cmd [src2] query-migrate args={}
QMP reply [src2] query-migrate: {'expected-downtime': 300, 'status': 'active', 'setup-time': 2, 'total-time': 9842, 'ram': {'total': 8607571968, 'postcopy-requests': 0, 'dirty-sync-count': 1, 'multifd-bytes': 0, 'pages-per-second': 33000, 'downtime-bytes': 0, 'page-size': 4096, 'remaining': 4073811968, 'postcopy-bytes': 0, 'mbps': 1082.14704, 'transferred': 1338906106, 'dirty-sync-missed-zero-copy': 0, 'precopy-bytes': 1338904834, 'duplicate': 782347, 'dirty-pages-rate': 0, 'normal-bytes': 1329266688, 'normal': 324528}}
QMP cmd [src2] query-migrate args={}
QMP reply [src2] query-migrate: {'expected-downtime': 300, 'status': 'active', 'setup-time': 2, 'total-time': 10043, 'ram': {'total': 8607571968, 'postcopy-requests': 0, 'dirty-sync-count': 1, 'multifd-bytes': 0, 'pages-per-second': 33040, 'downtime-bytes': 0, 'page-size': 4096, 'remaining': 4046778368, 'postcopy-bytes': 0, 'mbps': 1082.1499199999998, 'transferred': 1365959782, 'dirty-sync-missed-zero-copy': 0, 'precopy-bytes': 1365958490, 'duplicate': 782355, 'dirty-pages-rate': 0, 'normal-bytes': 1356267520, 'normal': 331120}}
QMP cmd [src2] query-migrate args={}
QMP reply [src2] query-migrate: {'expected-downtime': 300, 'status': 'active', 'setup-time': 2, 'total-time': 10244, 'ram': {'total': 8607571968, 'postcopy-requests': 0, 'dirty-sync-count': 1, 'multifd-bytes': 0, 'pages-per-second': 33000, 'downtime-bytes': 0, 'page-size': 4096, 'remaining': 4019736576, 'postcopy-bytes': 0, 'mbps': 1082.14704, 'transferred': 1393013476, 'dirty-sync-missed-zero-copy': 0, 'precopy-bytes': 1393012164, 'duplicate': 782365, 'dirty-pages-rate': 0, 'normal-bytes': 1383268352, 'normal': 337712}}
QMP cmd [src2] query-migrate args={}
QMP reply [src2] query-migrate: {'expected-downtime': 300, 'status': 'active', 'setup-time': 2, 'total-time': 10445, 'ram': {'total': 8607571968, 'postcopy-requests': 0, 'dirty-sync-count': 1, 'multifd-bytes': 0, 'pages-per-second': 33040, 'downtime-bytes': 0, 'page-size': 4096, 'remaining': 3992686592, 'postcopy-bytes': 0, 'mbps': 1082.1499199999998, 'transferred': 1420067188, 'dirty-sync-missed-zero-copy': 0, 'precopy-bytes': 1420065856, 'duplicate': 782377, 'dirty-pages-rate': 0, 'normal-bytes': 1410269184, 'normal': 344304}}
QMP cmd [src2] query-migrate args={}
QMP reply [src2] query-migrate: {'expected-downtime': 300, 'status': 'active', 'setup-time': 2, 'total-time': 10645, 'ram': {'total': 8607571968, 'postcopy-requests': 0, 'dirty-sync-count': 1, 'multifd-bytes': 0, 'pages-per-second': 33000, 'downtime-bytes': 0, 'page-size': 4096, 'remaining': 3965652992, 'postcopy-bytes': 0, 'mbps': 1082.14704, 'transferred': 1447120864, 'dirty-sync-missed-zero-copy': 0, 'precopy-bytes': 1447119512, 'duplicate': 782385, 'dirty-pages-rate': 0, 'normal-bytes': 1437270016, 'normal': 350896}}
QMP cmd [src2] query-migrate args={}
QMP reply [src2] query-migrate: {'expected-downtime': 300, 'status': 'active', 'setup-time': 2, 'total-time': 10846, 'ram': {'total': 8607571968, 'postcopy-requests': 0, 'dirty-sync-count': 1, 'multifd-bytes': 0, 'pages-per-second': 33000, 'downtime-bytes': 0, 'page-size': 4096, 'remaining': 3938619392, 'postcopy-bytes': 0, 'mbps': 1082.14704, 'transferred': 1474174540, 'dirty-sync-missed-zero-copy': 0, 'precopy-bytes': 1474173168, 'duplicate': 782393, 'dirty-pages-rate': 0, 'normal-bytes': 1464270848, 'normal': 357488}}
2026-07-14 20:09:37.741035SSH command: ssh -o BatchMode=yes -o StrictHostKeyChecking=no -o UserKnownHostsFile=/dev/null -o ConnectTimeout=1 -o LogLevel=ERROR -p 2223 -i /home/max/.ssh/pgvm_bench user@127.0.0.1 test -f /tmp/bench.done
Return code: 1
Stdout: 
Stderr: 
QMP cmd [src2] query-migrate args={}
QMP reply [src2] query-migrate: {'expected-downtime': 300, 'status': 'active', 'setup-time': 2, 'total-time': 11048, 'ram': {'total': 8607571968, 'postcopy-requests': 0, 'dirty-sync-count': 1, 'multifd-bytes': 0, 'pages-per-second': 33020, 'downtime-bytes': 0, 'page-size': 4096, 'remaining': 3911561216, 'postcopy-bytes': 0, 'mbps': 1082.14848, 'transferred': 1501228270, 'dirty-sync-missed-zero-copy': 0, 'precopy-bytes': 1501226878, 'duplicate': 782407, 'dirty-pages-rate': 0, 'normal-bytes': 1491271680, 'normal': 364080}}
QMP cmd [src2] query-migrate args={}
QMP reply [src2] query-migrate: {'expected-downtime': 300, 'status': 'active', 'setup-time': 2, 'total-time': 11248, 'ram': {'total': 8607571968, 'postcopy-requests': 0, 'dirty-sync-count': 1, 'multifd-bytes': 0, 'pages-per-second': 33020, 'downtime-bytes': 0, 'page-size': 4096, 'remaining': 3884527616, 'postcopy-bytes': 0, 'mbps': 1082.14848, 'transferred': 1528281946, 'dirty-sync-missed-zero-copy': 0, 'precopy-bytes': 1528280534, 'duplicate': 782415, 'dirty-pages-rate': 0, 'normal-bytes': 1518272512, 'normal': 370672}}
QMP cmd [src2] query-migrate args={}
QMP reply [src2] query-migrate: {'expected-downtime': 300, 'status': 'active', 'setup-time': 2, 'total-time': 11449, 'ram': {'total': 8607571968, 'postcopy-requests': 0, 'dirty-sync-count': 1, 'multifd-bytes': 0, 'pages-per-second': 33020, 'downtime-bytes': 0, 'page-size': 4096, 'remaining': 3857485824, 'postcopy-bytes': 0, 'mbps': 1082.14848, 'transferred': 1555335640, 'dirty-sync-missed-zero-copy': 0, 'precopy-bytes': 1555334208, 'duplicate': 782425, 'dirty-pages-rate': 0, 'normal-bytes': 1545273344, 'normal': 377264}}
QMP cmd [src2] query-migrate args={}
QMP reply [src2] query-migrate: {'expected-downtime': 300, 'status': 'active', 'setup-time': 2, 'total-time': 11650, 'ram': {'total': 8607571968, 'postcopy-requests': 0, 'dirty-sync-count': 1, 'multifd-bytes': 0, 'pages-per-second': 33020, 'downtime-bytes': 0, 'page-size': 4096, 'remaining': 3830444032, 'postcopy-bytes': 0, 'mbps': 1082.14848, 'transferred': 1582389334, 'dirty-sync-missed-zero-copy': 0, 'precopy-bytes': 1582387882, 'duplicate': 782435, 'dirty-pages-rate': 0, 'normal-bytes': 1572274176, 'normal': 383856}}
QMP cmd [src2] query-migrate args={}
QMP reply [src2] query-migrate: {'expected-downtime': 300, 'status': 'active', 'setup-time': 2, 'total-time': 11851, 'ram': {'total': 8607571968, 'postcopy-requests': 0, 'dirty-sync-count': 1, 'multifd-bytes': 0, 'pages-per-second': 33080, 'downtime-bytes': 0, 'page-size': 4096, 'remaining': 3803336704, 'postcopy-bytes': 0, 'mbps': 1082.1528, 'transferred': 1609443172, 'dirty-sync-missed-zero-copy': 0, 'precopy-bytes': 1609441700, 'duplicate': 782461, 'dirty-pages-rate': 0, 'normal-bytes': 1599275008, 'normal': 390448}}
QMP cmd [src2] query-migrate args={}
QMP reply [src2] query-migrate: {'expected-downtime': 300, 'status': 'active', 'setup-time': 2, 'total-time': 12052, 'ram': {'total': 8607571968, 'postcopy-requests': 0, 'dirty-sync-count': 1, 'multifd-bytes': 0, 'pages-per-second': 38380, 'downtime-bytes': 0, 'page-size': 4096, 'remaining': 3773067264, 'postcopy-bytes': 0, 'mbps': 1082.5344, 'transferred': 1636503958, 'dirty-sync-missed-zero-copy': 0, 'precopy-bytes': 1636502466, 'duplicate': 783259, 'dirty-pages-rate': 0, 'normal-bytes': 1626275840, 'normal': 397040}}
QMP cmd [src2] query-migrate args={}
QMP reply [src2] query-migrate: {'expected-downtime': 300, 'status': 'active', 'setup-time': 2, 'total-time': 12252, 'ram': {'total': 8607571968, 'postcopy-requests': 0, 'dirty-sync-count': 1, 'multifd-bytes': 0, 'pages-per-second': 33360, 'downtime-bytes': 0, 'page-size': 4096, 'remaining': 3745574912, 'postcopy-bytes': 0, 'mbps': 1082.1729599999999, 'transferred': 1663558642, 'dirty-sync-missed-zero-copy': 0, 'precopy-bytes': 1663557130, 'duplicate': 783379, 'dirty-pages-rate': 0, 'normal-bytes': 1653276672, 'normal': 403632}}
QMP cmd [src2] query-migrate args={}
QMP reply [src2] query-migrate: {'expected-downtime': 300, 'status': 'active', 'setup-time': 2, 'total-time': 12453, 'ram': {'total': 8607571968, 'postcopy-requests': 0, 'dirty-sync-count': 1, 'multifd-bytes': 0, 'pages-per-second': 34520, 'downtime-bytes': 0, 'page-size': 4096, 'remaining': 3716427776, 'postcopy-bytes': 0, 'mbps': 1082.25648, 'transferred': 1690616962, 'dirty-sync-missed-zero-copy': 0, 'precopy-bytes': 1690615430, 'duplicate': 783903, 'dirty-pages-rate': 0, 'normal-bytes': 1680277504, 'normal': 410224}}
QMP cmd [src2] query-migrate args={}
QMP reply [src2] query-migrate: {'expected-downtime': 300, 'status': 'active', 'setup-time': 2, 'total-time': 12654, 'ram': {'total': 8607571968, 'postcopy-requests': 0, 'dirty-sync-count': 1, 'multifd-bytes': 0, 'pages-per-second': 37620, 'downtime-bytes': 0, 'page-size': 4096, 'remaining': 3681673216, 'postcopy-bytes': 0, 'mbps': 1082.47968, 'transferred': 1717687603, 'dirty-sync-missed-zero-copy': 0, 'precopy-bytes': 1717686051, 'duplicate': 785796, 'dirty-pages-rate': 0, 'normal-bytes': 1707278336, 'normal': 416816}}
QMP cmd [src2] query-migrate args={}
QMP reply [src2] query-migrate: {'expected-downtime': 300, 'status': 'active', 'setup-time': 2, 'total-time': 12855, 'ram': {'total': 8607571968, 'postcopy-requests': 0, 'dirty-sync-count': 1, 'multifd-bytes': 0, 'pages-per-second': 36640, 'downtime-bytes': 0, 'page-size': 4096, 'remaining': 3651084288, 'postcopy-bytes': 0, 'mbps': 1082.40912, 'transferred': 1744749091, 'dirty-sync-missed-zero-copy': 0, 'precopy-bytes': 1744747519, 'duplicate': 786672, 'dirty-pages-rate': 0, 'normal-bytes': 1734279168, 'normal': 423408}}
QMP cmd [src2] query-migrate args={}
QMP reply [src2] query-migrate: {'expected-downtime': 300, 'status': 'active', 'setup-time': 2, 'total-time': 13056, 'ram': {'total': 8607571968, 'postcopy-requests': 0, 'dirty-sync-count': 1, 'multifd-bytes': 0, 'pages-per-second': 36580, 'downtime-bytes': 0, 'page-size': 4096, 'remaining': 3621027840, 'postcopy-bytes': 0, 'mbps': 1082.4048, 'transferred': 1771809409, 'dirty-sync-missed-zero-copy': 0, 'precopy-bytes': 1771807817, 'duplicate': 787418, 'dirty-pages-rate': 0, 'normal-bytes': 1761280000, 'normal': 430000}}
2026-07-14 20:09:39.899052SSH command: ssh -o BatchMode=yes -o StrictHostKeyChecking=no -o UserKnownHostsFile=/dev/null -o ConnectTimeout=1 -o LogLevel=ERROR -p 2223 -i /home/max/.ssh/pgvm_bench user@127.0.0.1 test -f /tmp/bench.done
Return code: 1
Stdout: 
Stderr: 
QMP cmd [src2] query-migrate args={}
QMP reply [src2] query-migrate: {'expected-downtime': 300, 'status': 'active', 'setup-time': 2, 'total-time': 13257, 'ram': {'total': 8607571968, 'postcopy-requests': 0, 'dirty-sync-count': 1, 'multifd-bytes': 0, 'pages-per-second': 37290, 'downtime-bytes': 0, 'page-size': 4096, 'remaining': 3589955584, 'postcopy-bytes': 0, 'mbps': 1082.4559199999999, 'transferred': 1798871959, 'dirty-sync-missed-zero-copy': 0, 'precopy-bytes': 1798870347, 'duplicate': 788412, 'dirty-pages-rate': 0, 'normal-bytes': 1788280832, 'normal': 436592}}
QMP cmd [src2] query-migrate args={}
QMP reply [src2] query-migrate: {'expected-downtime': 300, 'status': 'active', 'setup-time': 2, 'total-time': 13458, 'ram': {'total': 8607571968, 'postcopy-requests': 0, 'dirty-sync-count': 1, 'multifd-bytes': 0, 'pages-per-second': 5878900, 'downtime-bytes': 0, 'page-size': 4096, 'remaining': 160440320, 'postcopy-bytes': 0, 'mbps': 1076.19048, 'transferred': 1825838344, 'dirty-sync-missed-zero-copy': 0, 'precopy-bytes': 1825836702, 'duplicate': 1620951, 'dirty-pages-rate': 0, 'normal-bytes': 1807716352, 'normal': 441337}}
QMP cmd [src2] query-migrate args={}
QMP reply [src2] query-migrate: {'expected-downtime': 300, 'status': 'active', 'setup-time': 2, 'total-time': 13659, 'ram': {'total': 8607571968, 'postcopy-requests': 0, 'dirty-sync-count': 1, 'multifd-bytes': 0, 'pages-per-second': 34170, 'downtime-bytes': 0, 'page-size': 4096, 'remaining': 132943872, 'postcopy-bytes': 0, 'mbps': 1082.23128, 'transferred': 1852893037, 'dirty-sync-missed-zero-copy': 0, 'precopy-bytes': 1852891375, 'duplicate': 1621072, 'dirty-pages-rate': 0, 'normal-bytes': 1834717184, 'normal': 447929}}
QMP cmd [src2] query-migrate args={}
QMP reply [src2] query-migrate: {'expected-downtime': 300, 'status': 'active', 'setup-time': 2, 'total-time': 13859, 'ram': {'total': 8607571968, 'postcopy-requests': 0, 'dirty-sync-count': 1, 'multifd-bytes': 0, 'pages-per-second': 32960, 'downtime-bytes': 0, 'page-size': 4096, 'remaining': 105943040, 'postcopy-bytes': 0, 'mbps': 1082.1441599999998, 'transferred': 1879946641, 'dirty-sync-missed-zero-copy': 0, 'precopy-bytes': 1879944959, 'duplicate': 1621072, 'dirty-pages-rate': 0, 'normal-bytes': 1861718016, 'normal': 454521}}
QMP cmd [src2] query-migrate args={}
QMP reply [src2] query-migrate: {'expected-downtime': 300, 'status': 'active', 'setup-time': 2, 'total-time': 14060, 'ram': {'total': 8607571968, 'postcopy-requests': 0, 'dirty-sync-count': 1, 'multifd-bytes': 0, 'pages-per-second': 32960, 'downtime-bytes': 0, 'page-size': 4096, 'remaining': 78942208, 'postcopy-bytes': 0, 'mbps': 1082.1441599999998, 'transferred': 1907000245, 'dirty-sync-missed-zero-copy': 0, 'precopy-bytes': 1906998543, 'duplicate': 1621072, 'dirty-pages-rate': 0, 'normal-bytes': 1888718848, 'normal': 461113}}
QMP cmd [src2] query-migrate args={}
QMP reply [src2] query-migrate: {'expected-downtime': 300, 'status': 'active', 'setup-time': 2, 'total-time': 14261, 'ram': {'total': 8607571968, 'postcopy-requests': 0, 'dirty-sync-count': 1, 'multifd-bytes': 0, 'pages-per-second': 32960, 'downtime-bytes': 0, 'page-size': 4096, 'remaining': 51941376, 'postcopy-bytes': 0, 'mbps': 1082.1441599999998, 'transferred': 1934053849, 'dirty-sync-missed-zero-copy': 0, 'precopy-bytes': 1934052127, 'duplicate': 1621072, 'dirty-pages-rate': 0, 'normal-bytes': 1915719680, 'normal': 467705}}
QMP cmd [src2] query-migrate args={}
QMP reply [src2] query-migrate: {'expected-downtime': 300, 'status': 'active', 'setup-time': 2, 'total-time': 14462, 'ram': {'total': 8607571968, 'postcopy-requests': 0, 'dirty-sync-count': 2, 'multifd-bytes': 0, 'pages-per-second': 32960, 'downtime-bytes': 0, 'page-size': 4096, 'remaining': 301785088, 'postcopy-bytes': 0, 'mbps': 1082.1441599999998, 'transferred': 1961107453, 'dirty-sync-missed-zero-copy': 0, 'precopy-bytes': 1961105711, 'duplicate': 1621072, 'dirty-pages-rate': 4693, 'normal-bytes': 1942720512, 'normal': 474297}}
QMP cmd [src2] query-migrate args={}
QMP reply [src2] query-migrate: {'expected-downtime': 2343, 'status': 'active', 'setup-time': 2, 'total-time': 14662, 'ram': {'total': 8607571968, 'postcopy-requests': 0, 'dirty-sync-count': 2, 'multifd-bytes': 0, 'pages-per-second': 75700, 'downtime-bytes': 0, 'page-size': 4096, 'remaining': 255299584, 'postcopy-bytes': 0, 'mbps': 1076.06064, 'transferred': 1988089360, 'dirty-sync-missed-zero-copy': 0, 'precopy-bytes': 1988087598, 'duplicate': 1625857, 'dirty-pages-rate': 4693, 'normal-bytes': 1969606656, 'normal': 480861}}
QMP cmd [src2] query-migrate args={}
QMP reply [src2] query-migrate: {'expected-downtime': 2329, 'status': 'active', 'setup-time': 2, 'total-time': 14863, 'ram': {'total': 8607571968, 'postcopy-requests': 0, 'dirty-sync-count': 2, 'multifd-bytes': 0, 'pages-per-second': 40670, 'downtime-bytes': 0, 'page-size': 4096, 'remaining': 224612352, 'postcopy-bytes': 0, 'mbps': 1082.69928, 'transferred': 2015151064, 'dirty-sync-missed-zero-copy': 0, 'precopy-bytes': 2015149282, 'duplicate': 1626757, 'dirty-pages-rate': 4693, 'normal-bytes': 1996607488, 'normal': 487453}}
QMP cmd [src2] query-migrate args={}
QMP reply [src2] query-migrate: {'expected-downtime': 2330, 'status': 'active', 'setup-time': 2, 'total-time': 15064, 'ram': {'total': 8607571968, 'postcopy-requests': 0, 'dirty-sync-count': 2, 'multifd-bytes': 0, 'pages-per-second': 33080, 'downtime-bytes': 0, 'page-size': 4096, 'remaining': 196972544, 'postcopy-bytes': 0, 'mbps': 1082.1528, 'transferred': 2042206072, 'dirty-sync-missed-zero-copy': 0, 'precopy-bytes': 2042204270, 'duplicate': 1626913, 'dirty-pages-rate': 4693, 'normal-bytes': 2023608320, 'normal': 494045}}
QMP cmd [src2] query-migrate args={}
QMP reply [src2] query-migrate: {'expected-downtime': 2330, 'status': 'active', 'setup-time': 2, 'total-time': 15265, 'ram': {'total': 8607571968, 'postcopy-requests': 0, 'dirty-sync-count': 2, 'multifd-bytes': 0, 'pages-per-second': 33380, 'downtime-bytes': 0, 'page-size': 4096, 'remaining': 169799680, 'postcopy-bytes': 0, 'mbps': 1082.1743999999999, 'transferred': 2069260054, 'dirty-sync-missed-zero-copy': 0, 'precopy-bytes': 2069258232, 'duplicate': 1626955, 'dirty-pages-rate': 4693, 'normal-bytes': 2050609152, 'normal': 500637}}
2026-07-14 20:09:42.151769SSH command: ssh -o BatchMode=yes -o StrictHostKeyChecking=no -o UserKnownHostsFile=/dev/null -o ConnectTimeout=1 -o LogLevel=ERROR -p 2223 -i /home/max/.ssh/pgvm_bench user@127.0.0.1 test -f /tmp/bench.done
Return code: 1
Stdout: 
Stderr: 
qemu-system-x86_64: terminating on signal 15 from pid 15322 (/home/max/Bachelor-Thesis/Repo/.venv/bin/python)
QMP cmd [src2] query-migrate args={}
QMP reply [src2] query-migrate: {'expected-downtime': 2330, 'status': 'active', 'setup-time': 2, 'total-time': 15465, 'ram': {'total': 8607571968, 'postcopy-requests': 0, 'dirty-sync-count': 2, 'multifd-bytes': 0, 'pages-per-second': 32960, 'downtime-bytes': 0, 'page-size': 4096, 'remaining': 142798848, 'postcopy-bytes': 0, 'mbps': 1082.1441599999998, 'transferred': 2096313658, 'dirty-sync-missed-zero-copy': 0, 'precopy-bytes': 2096311816, 'duplicate': 1626955, 'dirty-pages-rate': 4693, 'normal-bytes': 2077609984, 'normal': 507229}}
QMP cmd [src2] query-migrate args={}
QMP reply [src2] query-migrate: {'expected-downtime': 2330, 'status': 'active', 'setup-time': 2, 'total-time': 15666, 'ram': {'total': 8607571968, 'postcopy-requests': 0, 'dirty-sync-count': 2, 'multifd-bytes': 0, 'pages-per-second': 32960, 'downtime-bytes': 0, 'page-size': 4096, 'remaining': 115601408, 'postcopy-bytes': 0, 'mbps': 1082.1441599999998, 'transferred': 2123367694, 'dirty-sync-missed-zero-copy': 0, 'precopy-bytes': 2123365832, 'duplicate': 1627003, 'dirty-pages-rate': 4693, 'normal-bytes': 2104610816, 'normal': 513821}}
QMP cmd [src2] query-migrate args={}
QMP reply [src2] query-migrate: {'expected-downtime': 2330, 'status': 'active', 'setup-time': 2, 'total-time': 15867, 'ram': {'total': 8607571968, 'postcopy-requests': 0, 'dirty-sync-count': 2, 'multifd-bytes': 0, 'pages-per-second': 33860, 'downtime-bytes': 0, 'page-size': 4096, 'remaining': 88231936, 'postcopy-bytes': 0, 'mbps': 1082.20896, 'transferred': 2150422108, 'dirty-sync-missed-zero-copy': 0, 'precopy-bytes': 2150420226, 'duplicate': 1627093, 'dirty-pages-rate': 4693, 'normal-bytes': 2131611648, 'normal': 520413}}
QMP cmd [src2] query-migrate args={}
QMP reply [src2] query-migrate: {'expected-downtime': 2330, 'status': 'active', 'setup-time': 2, 'total-time': 16068, 'ram': {'total': 8607571968, 'postcopy-requests': 0, 'dirty-sync-count': 2, 'multifd-bytes': 0, 'pages-per-second': 34300, 'downtime-bytes': 0, 'page-size': 4096, 'remaining': 60301312, 'postcopy-bytes': 0, 'mbps': 1082.24064, 'transferred': 2177477755, 'dirty-sync-missed-zero-copy': 0, 'precopy-bytes': 2177475853, 'duplicate': 1627320, 'dirty-pages-rate': 4693, 'normal-bytes': 2158612480, 'normal': 527005}}
QMP cmd [src2] query-migrate args={}
QMP reply [src2] query-migrate: {'expected-downtime': 2330, 'status': 'active', 'setup-time': 2, 'total-time': 16269, 'ram': {'total': 8607571968, 'postcopy-requests': 0, 'dirty-sync-count': 2, 'multifd-bytes': 0, 'pages-per-second': 32960, 'downtime-bytes': 0, 'page-size': 4096, 'remaining': 33292288, 'postcopy-bytes': 0, 'mbps': 1082.1441599999998, 'transferred': 2204531377, 'dirty-sync-missed-zero-copy': 0, 'precopy-bytes': 2204529455, 'duplicate': 1627322, 'dirty-pages-rate': 4693, 'normal-bytes': 2185613312, 'normal': 533597}}
QMP cmd [src2] query-migrate args={}
QMP reply [src2] query-migrate: {'expected-downtime': 769, 'status': 'active', 'setup-time': 2, 'total-time': 16469, 'ram': {'total': 8607571968, 'postcopy-requests': 0, 'dirty-sync-count': 3, 'multifd-bytes': 0, 'pages-per-second': 36710, 'downtime-bytes': 0, 'page-size': 4096, 'remaining': 74293248, 'postcopy-bytes': 0, 'mbps': 1082.4141599999998, 'transferred': 2231591173, 'dirty-sync-missed-zero-copy': 0, 'precopy-bytes': 2231589231, 'duplicate': 1628010, 'dirty-pages-rate': 9100, 'normal-bytes': 2212614144, 'normal': 540189}}
QMP cmd [src2] query-migrate args={}
QMP reply [src2] query-migrate: {'expected-downtime': 769, 'status': 'active', 'setup-time': 2, 'total-time': 16670, 'ram': {'total': 8607571968, 'postcopy-requests': 0, 'dirty-sync-count': 3, 'multifd-bytes': 0, 'pages-per-second': 33550, 'downtime-bytes': 0, 'page-size': 4096, 'remaining': 46809088, 'postcopy-bytes': 0, 'mbps': 1082.18664, 'transferred': 2258645868, 'dirty-sync-missed-zero-copy': 0, 'precopy-bytes': 2258643906, 'duplicate': 1628128, 'dirty-pages-rate': 9100, 'normal-bytes': 2239614976, 'normal': 546781}}
QMP cmd [src2] query-migrate args={}
QMP reply [src2] query-migrate: {'expected-downtime': 769, 'status': 'active', 'setup-time': 2, 'total-time': 16871, 'ram': {'total': 8607571968, 'postcopy-requests': 0, 'dirty-sync-count': 4, 'multifd-bytes': 0, 'pages-per-second': 35940, 'downtime-bytes': 0, 'page-size': 4096, 'remaining': 47570944, 'postcopy-bytes': 0, 'mbps': 1082.35872, 'transferred': 2285703018, 'dirty-sync-missed-zero-copy': 0, 'precopy-bytes': 2285701036, 'duplicate': 1628522, 'dirty-pages-rate': 9100, 'normal-bytes': 2266615808, 'normal': 553373}}
QMP cmd [src2] query-migrate args={}
QMP reply [src2] query-migrate: {'expected-downtime': 454, 'status': 'active', 'setup-time': 2, 'total-time': 17071, 'ram': {'total': 8607571968, 'postcopy-requests': 0, 'dirty-sync-count': 5, 'multifd-bytes': 0, 'pages-per-second': 33520, 'downtime-bytes': 0, 'page-size': 4096, 'remaining': 27328512, 'postcopy-bytes': 0, 'mbps': 1082.18448, 'transferred': 2312757459, 'dirty-sync-missed-zero-copy': 0, 'precopy-bytes': 2312755457, 'duplicate': 1628615, 'dirty-pages-rate': 9100, 'normal-bytes': 2293616640, 'normal': 559965}}
QMP cmd [src2] query-migrate args={}
QMP reply [src2] query-migrate: {'status': 'completed', 'setup-time': 2, 'downtime': 11, 'total-time': 17113, 'ram': {'total': 8607571968, 'postcopy-requests': 0, 'dirty-sync-count': 7, 'multifd-bytes': 0, 'pages-per-second': 33330, 'downtime-bytes': 27807464, 'page-size': 4096, 'remaining': 0, 'postcopy-bytes': 0, 'mbps': 1094.4930573315412, 'transferred': 2340983838, 'dirty-sync-missed-zero-copy': 0, 'precopy-bytes': 2312755457, 'duplicate': 1628930, 'dirty-pages-rate': 0, 'normal-bytes': 2321367040, 'normal': 566740}}
