2026-07-15 01:51:08.491403SSH command: ssh -o BatchMode=yes -o StrictHostKeyChecking=no -o UserKnownHostsFile=/dev/null -o ConnectTimeout=1 -o LogLevel=ERROR -p 2229 -i /home/max/.ssh/pgvm_bench user@127.0.0.1 systemd-analyze
Return code: 0
Stdout: Startup finished in 796ms (kernel) + 3.143s (userspace) = 3.939s 
graphical.target reached after 3.142s in userspace.

Stderr: 
2026-07-15 01:51:08.636650SSH command: ssh -o BatchMode=yes -o StrictHostKeyChecking=no -o UserKnownHostsFile=/dev/null -o ConnectTimeout=1 -o LogLevel=ERROR -p 2229 -i /home/max/.ssh/pgvm_bench user@127.0.0.1 rm -f /tmp/bench.done /tmp/pg-buffer-hit-ratio.csv /tmp/pg-buffer-sampler.log; nohup bash /home/user/pg_sampler.sh /tmp/bench.done /tmp/pg-buffer-hit-ratio.csv ycsb >/tmp/pg-buffer-sampler.log 2>&1 &
Return code: 0
Stdout: 
Stderr: 
QMP cmd [src8] migrate-set-capabilities args={'capabilities': [{'capability': 'auto-converge', 'state': False}, {'capability': 'events', 'state': True}, {'capability': 'postcopy-blocktime', 'state': True}, {'capability': 'postcopy-ram', 'state': True}]}
QMP cmd [src8] query-migrate args={}
QMP reply [src8] migrate-set-capabilities: {}
QMP cmd [src8] migrate args={'uri': 'unix:/tmp/mig.sock'}
QMP reply [src8] query-migrate: {}
QMP reply [src8] migrate: {}
2026-07-15 01:52:49.070880SSH command: ssh -o BatchMode=yes -o StrictHostKeyChecking=no -o UserKnownHostsFile=/dev/null -o ConnectTimeout=1 -o LogLevel=ERROR -p 2229 -i /home/max/.ssh/pgvm_bench user@127.0.0.1 test -f /tmp/bench.done
Return code: 1
Stdout: 
Stderr: 
QMP cmd [src8] query-migrate args={}
QMP reply [src8] query-migrate: {'expected-downtime': 300, 'status': 'active', 'setup-time': 2, 'total-time': 201, 'ram': {'total': 8607571968, 'postcopy-requests': 0, 'dirty-sync-count': 1, 'multifd-bytes': 0, 'pages-per-second': 35530, 'downtime-bytes': 0, 'page-size': 4096, 'remaining': 8575774720, 'postcopy-bytes': 0, 'mbps': 1082.3292, 'transferred': 28898749, 'dirty-sync-missed-zero-copy': 0, 'precopy-bytes': 29025634, 'duplicate': 691, 'dirty-pages-rate': 0, 'normal-bytes': 28962816, 'normal': 7071}}
QMP cmd [src8] query-migrate args={}
QMP reply [src8] query-migrate: {'expected-downtime': 300, 'status': 'active', 'setup-time': 2, 'total-time': 401, 'ram': {'total': 8607571968, 'postcopy-requests': 0, 'dirty-sync-count': 1, 'multifd-bytes': 0, 'pages-per-second': 2045870, 'downtime-bytes': 0, 'page-size': 4096, 'remaining': 7684485120, 'postcopy-bytes': 0, 'mbps': 1074.08448, 'transferred': 58191310, 'dirty-sync-missed-zero-copy': 0, 'precopy-bytes': 58318175, 'duplicate': 211616, 'dirty-pages-rate': 0, 'normal-bytes': 56303616, 'normal': 13746}}
QMP cmd [src8] query-migrate args={}
QMP reply [src8] query-migrate: {'expected-downtime': 300, 'status': 'active', 'setup-time': 2, 'total-time': 602, 'ram': {'total': 8607571968, 'postcopy-requests': 0, 'dirty-sync-count': 1, 'multifd-bytes': 0, 'pages-per-second': 127750, 'downtime-bytes': 0, 'page-size': 4096, 'remaining': 5358845952, 'postcopy-bytes': 0, 'mbps': 1081.7618400000001, 'transferred': 84013921, 'dirty-sync-missed-zero-copy': 0, 'precopy-bytes': 84140756, 'duplicate': 774341, 'dirty-pages-rate': 0, 'normal-bytes': 77021184, 'normal': 18804}}
QMP cmd [src8] query-migrate args={}
QMP reply [src8] query-migrate: {'expected-downtime': 300, 'status': 'active', 'setup-time': 2, 'total-time': 803, 'ram': {'total': 8607571968, 'postcopy-requests': 0, 'dirty-sync-count': 1, 'multifd-bytes': 0, 'pages-per-second': 46980, 'downtime-bytes': 0, 'page-size': 4096, 'remaining': 5312598016, 'postcopy-bytes': 0, 'mbps': 1083.1536, 'transferred': 115303096, 'dirty-sync-missed-zero-copy': 0, 'precopy-bytes': 115429911, 'duplicate': 778016, 'dirty-pages-rate': 0, 'normal-bytes': 108216320, 'normal': 26420}}
QMP cmd [src8] query-migrate args={}
QMP reply [src8] query-migrate: {'expected-downtime': 300, 'status': 'active', 'setup-time': 2, 'total-time': 1004, 'ram': {'total': 8607571968, 'postcopy-requests': 0, 'dirty-sync-count': 1, 'multifd-bytes': 0, 'pages-per-second': 42440, 'downtime-bytes': 0, 'page-size': 4096, 'remaining': 5281185792, 'postcopy-bytes': 0, 'mbps': 1082.82672, 'transferred': 142366393, 'dirty-sync-missed-zero-copy': 0, 'precopy-bytes': 142493188, 'duplicate': 779093, 'dirty-pages-rate': 0, 'normal-bytes': 135217152, 'normal': 33012}}
QMP cmd [src8] query-migrate args={}
QMP reply [src8] query-migrate: {'expected-downtime': 300, 'status': 'active', 'setup-time': 2, 'total-time': 1205, 'ram': {'total': 8607571968, 'postcopy-requests': 0, 'dirty-sync-count': 1, 'multifd-bytes': 0, 'pages-per-second': 33910, 'downtime-bytes': 0, 'page-size': 4096, 'remaining': 5243256832, 'postcopy-bytes': 0, 'mbps': 1071.5218217821782, 'transferred': 175603185, 'dirty-sync-missed-zero-copy': 0, 'precopy-bytes': 175602728, 'duplicate': 780289, 'dirty-pages-rate': 0, 'normal-bytes': 168251392, 'normal': 41077}}
QMP cmd [src8] query-migrate args={}
QMP reply [src8] query-migrate: {'expected-downtime': 300, 'status': 'active', 'setup-time': 2, 'total-time': 1405, 'ram': {'total': 8607571968, 'postcopy-requests': 0, 'dirty-sync-count': 1, 'multifd-bytes': 0, 'pages-per-second': 33080, 'downtime-bytes': 0, 'page-size': 4096, 'remaining': 5214076928, 'postcopy-bytes': 0, 'mbps': 1082.1528, 'transferred': 202006081, 'dirty-sync-missed-zero-copy': 0, 'precopy-bytes': 202132836, 'duplicate': 780949, 'dirty-pages-rate': 0, 'normal-bytes': 194723840, 'normal': 47540}}
QMP cmd [src8] query-migrate args={}
QMP reply [src8] query-migrate: {'expected-downtime': 300, 'status': 'active', 'setup-time': 2, 'total-time': 1606, 'ram': {'total': 8607571968, 'postcopy-requests': 0, 'dirty-sync-count': 1, 'multifd-bytes': 0, 'pages-per-second': 43710, 'downtime-bytes': 0, 'page-size': 4096, 'remaining': 5163794432, 'postcopy-bytes': 0, 'mbps': 1082.91816, 'transferred': 228570301, 'dirty-sync-missed-zero-copy': 0, 'precopy-bytes': 228697036, 'duplicate': 786765, 'dirty-pages-rate': 0, 'normal-bytes': 221184000, 'normal': 54000}}
QMP cmd [src8] query-migrate args={}
QMP reply [src8] query-migrate: {'expected-downtime': 300, 'status': 'active', 'setup-time': 2, 'total-time': 1807, 'ram': {'total': 8607571968, 'postcopy-requests': 0, 'dirty-sync-count': 1, 'multifd-bytes': 0, 'pages-per-second': 44890, 'downtime-bytes': 0, 'page-size': 4096, 'remaining': 5134475264, 'postcopy-bytes': 0, 'mbps': 1083.00312, 'transferred': 252090919, 'dirty-sync-missed-zero-copy': 0, 'precopy-bytes': 252217634, 'duplicate': 788195, 'dirty-pages-rate': 0, 'normal-bytes': 244645888, 'normal': 59728}}
QMP cmd [src8] query-migrate args={}
QMP reply [src8] query-migrate: {'expected-downtime': 300, 'status': 'active', 'setup-time': 2, 'total-time': 2008, 'ram': {'total': 8607571968, 'postcopy-requests': 0, 'dirty-sync-count': 1, 'multifd-bytes': 0, 'pages-per-second': 33060, 'downtime-bytes': 0, 'page-size': 4096, 'remaining': 5105582080, 'postcopy-bytes': 0, 'mbps': 1082.15136, 'transferred': 280983241, 'dirty-sync-missed-zero-copy': 0, 'precopy-bytes': 281109936, 'duplicate': 788209, 'dirty-pages-rate': 0, 'normal-bytes': 273481728, 'normal': 66768}}
QMP cmd [src8] query-migrate args={}
QMP reply [src8] query-migrate: {'expected-downtime': 300, 'status': 'active', 'setup-time': 2, 'total-time': 2209, 'ram': {'total': 8607571968, 'postcopy-requests': 0, 'dirty-sync-count': 1, 'multifd-bytes': 0, 'pages-per-second': 33660, 'downtime-bytes': 0, 'page-size': 4096, 'remaining': 5075456000, 'postcopy-bytes': 0, 'mbps': 1082.1945600000001, 'transferred': 310926888, 'dirty-sync-missed-zero-copy': 0, 'precopy-bytes': 310926331, 'duplicate': 788300, 'dirty-pages-rate': 0, 'normal-bytes': 303239168, 'normal': 74033}}
2026-07-15 01:52:51.234266SSH command: ssh -o BatchMode=yes -o StrictHostKeyChecking=no -o UserKnownHostsFile=/dev/null -o ConnectTimeout=1 -o LogLevel=ERROR -p 2229 -i /home/max/.ssh/pgvm_bench user@127.0.0.1 test -f /tmp/bench.done
Return code: 1
Stdout: 
Stderr: 
QMP cmd [src8] query-migrate args={}
QMP reply [src8] query-migrate: {'expected-downtime': 300, 'status': 'active', 'setup-time': 2, 'total-time': 2410, 'ram': {'total': 8607571968, 'postcopy-requests': 0, 'dirty-sync-count': 1, 'multifd-bytes': 0, 'pages-per-second': 42030, 'downtime-bytes': 0, 'page-size': 4096, 'remaining': 5042053120, 'postcopy-bytes': 0, 'mbps': 1082.7972, 'transferred': 334587223, 'dirty-sync-missed-zero-copy': 0, 'precopy-bytes': 334713878, 'duplicate': 790663, 'dirty-pages-rate': 0, 'normal-bytes': 326959104, 'normal': 79824}}
QMP cmd [src8] query-migrate args={}
QMP reply [src8] query-migrate: {'expected-downtime': 300, 'status': 'active', 'setup-time': 2, 'total-time': 2611, 'ram': {'total': 8607571968, 'postcopy-requests': 0, 'dirty-sync-count': 1, 'multifd-bytes': 0, 'pages-per-second': 33690, 'downtime-bytes': 0, 'page-size': 4096, 'remaining': 5007990784, 'postcopy-bytes': 0, 'mbps': 1082.19672, 'transferred': 364015063, 'dirty-sync-missed-zero-copy': 0, 'precopy-bytes': 364141698, 'duplicate': 791811, 'dirty-pages-rate': 0, 'normal-bytes': 356319232, 'normal': 86992}}
QMP cmd [src8] query-migrate args={}
QMP reply [src8] query-migrate: {'expected-downtime': 300, 'status': 'active', 'setup-time': 2, 'total-time': 2812, 'ram': {'total': 8607571968, 'postcopy-requests': 0, 'dirty-sync-count': 1, 'multifd-bytes': 0, 'pages-per-second': 36690, 'downtime-bytes': 0, 'page-size': 4096, 'remaining': 4978528256, 'postcopy-bytes': 0, 'mbps': 1082.41272, 'transferred': 392122692, 'dirty-sync-missed-zero-copy': 0, 'precopy-bytes': 392122075, 'duplicate': 792188, 'dirty-pages-rate': 0, 'normal-bytes': 384241664, 'normal': 93809}}
QMP cmd [src8] query-migrate args={}
QMP reply [src8] query-migrate: {'expected-downtime': 300, 'status': 'active', 'setup-time': 2, 'total-time': 3012, 'ram': {'total': 8607571968, 'postcopy-requests': 0, 'dirty-sync-count': 1, 'multifd-bytes': 0, 'pages-per-second': 33280, 'downtime-bytes': 0, 'page-size': 4096, 'remaining': 4951199744, 'postcopy-bytes': 0, 'mbps': 1082.1671999999999, 'transferred': 419177016, 'dirty-sync-missed-zero-copy': 0, 'precopy-bytes': 419176379, 'duplicate': 792268, 'dirty-pages-rate': 0, 'normal-bytes': 411242496, 'normal': 100401}}
QMP cmd [src8] query-migrate args={}
QMP reply [src8] query-migrate: {'expected-downtime': 300, 'status': 'active', 'setup-time': 2, 'total-time': 3213, 'ram': {'total': 8607571968, 'postcopy-requests': 0, 'dirty-sync-count': 1, 'multifd-bytes': 0, 'pages-per-second': 34160, 'downtime-bytes': 0, 'page-size': 4096, 'remaining': 4921495552, 'postcopy-bytes': 0, 'mbps': 1082.23056, 'transferred': 446236560, 'dirty-sync-missed-zero-copy': 0, 'precopy-bytes': 446235903, 'duplicate': 792928, 'dirty-pages-rate': 0, 'normal-bytes': 438243328, 'normal': 106993}}
QMP cmd [src8] query-migrate args={}
QMP reply [src8] query-migrate: {'expected-downtime': 300, 'status': 'active', 'setup-time': 2, 'total-time': 3414, 'ram': {'total': 8607571968, 'postcopy-requests': 0, 'dirty-sync-count': 1, 'multifd-bytes': 0, 'pages-per-second': 33020, 'downtime-bytes': 0, 'page-size': 4096, 'remaining': 4894019584, 'postcopy-bytes': 0, 'mbps': 1082.14848, 'transferred': 473291208, 'dirty-sync-missed-zero-copy': 0, 'precopy-bytes': 473290531, 'duplicate': 793044, 'dirty-pages-rate': 0, 'normal-bytes': 465244160, 'normal': 113585}}
QMP cmd [src8] query-migrate args={}
QMP reply [src8] query-migrate: {'expected-downtime': 300, 'status': 'active', 'setup-time': 2, 'total-time': 3614, 'ram': {'total': 8607571968, 'postcopy-requests': 0, 'dirty-sync-count': 1, 'multifd-bytes': 0, 'pages-per-second': 34570, 'downtime-bytes': 0, 'page-size': 4096, 'remaining': 4865728512, 'postcopy-bytes': 0, 'mbps': 1082.26008, 'transferred': 500347647, 'dirty-sync-missed-zero-copy': 0, 'precopy-bytes': 500346950, 'duplicate': 793359, 'dirty-pages-rate': 0, 'normal-bytes': 492244992, 'normal': 120177}}
QMP cmd [src8] query-migrate args={}
QMP reply [src8] query-migrate: {'expected-downtime': 300, 'status': 'active', 'setup-time': 2, 'total-time': 3815, 'ram': {'total': 8607571968, 'postcopy-requests': 0, 'dirty-sync-count': 1, 'multifd-bytes': 0, 'pages-per-second': 32980, 'downtime-bytes': 0, 'page-size': 4096, 'remaining': 4838330368, 'postcopy-bytes': 0, 'mbps': 1082.1456, 'transferred': 527402124, 'dirty-sync-missed-zero-copy': 0, 'precopy-bytes': 527401407, 'duplicate': 793456, 'dirty-pages-rate': 0, 'normal-bytes': 519245824, 'normal': 126769}}
QMP cmd [src8] query-migrate args={}
QMP reply [src8] query-migrate: {'expected-downtime': 300, 'status': 'active', 'setup-time': 2, 'total-time': 4016, 'ram': {'total': 8607571968, 'postcopy-requests': 0, 'dirty-sync-count': 1, 'multifd-bytes': 0, 'pages-per-second': 33170, 'downtime-bytes': 0, 'page-size': 4096, 'remaining': 4811227136, 'postcopy-bytes': 0, 'mbps': 1082.15928, 'transferred': 554455953, 'dirty-sync-missed-zero-copy': 0, 'precopy-bytes': 554455216, 'duplicate': 793481, 'dirty-pages-rate': 0, 'normal-bytes': 546246656, 'normal': 133361}}
QMP cmd [src8] query-migrate args={}
QMP reply [src8] query-migrate: {'expected-downtime': 300, 'status': 'active', 'setup-time': 2, 'total-time': 4217, 'ram': {'total': 8607571968, 'postcopy-requests': 0, 'dirty-sync-count': 1, 'multifd-bytes': 0, 'pages-per-second': 32970, 'downtime-bytes': 0, 'page-size': 4096, 'remaining': 4784173056, 'postcopy-bytes': 0, 'mbps': 1082.1448799999998, 'transferred': 581509674, 'dirty-sync-missed-zero-copy': 0, 'precopy-bytes': 581508917, 'duplicate': 793494, 'dirty-pages-rate': 0, 'normal-bytes': 573247488, 'normal': 139953}}
QMP cmd [src8] query-migrate args={}
QMP reply [src8] query-migrate: {'expected-downtime': 300, 'status': 'active', 'setup-time': 2, 'total-time': 4417, 'ram': {'total': 8607571968, 'postcopy-requests': 0, 'dirty-sync-count': 1, 'multifd-bytes': 0, 'pages-per-second': 33060, 'downtime-bytes': 0, 'page-size': 4096, 'remaining': 4756992000, 'postcopy-bytes': 0, 'mbps': 1082.15136, 'transferred': 608563674, 'dirty-sync-missed-zero-copy': 0, 'precopy-bytes': 608562897, 'duplicate': 793538, 'dirty-pages-rate': 0, 'normal-bytes': 600248320, 'normal': 146545}}
2026-07-15 01:52:53.404814SSH command: ssh -o BatchMode=yes -o StrictHostKeyChecking=no -o UserKnownHostsFile=/dev/null -o ConnectTimeout=1 -o LogLevel=ERROR -p 2229 -i /home/max/.ssh/pgvm_bench user@127.0.0.1 test -f /tmp/bench.done
Return code: 1
Stdout: 
Stderr: 
qemu-system-x86_64: terminating on signal 15 from pid 47242 (/home/max/Bachelor-Thesis/Repo/.venv/bin/python)
QMP cmd [src8] query-migrate args={}
QMP reply [src8] query-migrate: {'expected-downtime': 300, 'status': 'active', 'setup-time': 2, 'total-time': 4620, 'ram': {'total': 8607571968, 'postcopy-requests': 0, 'dirty-sync-count': 1, 'multifd-bytes': 0, 'pages-per-second': 33010, 'downtime-bytes': 0, 'page-size': 4096, 'remaining': 4729954304, 'postcopy-bytes': 0, 'mbps': 1082.14776, 'transferred': 635617359, 'dirty-sync-missed-zero-copy': 0, 'precopy-bytes': 635616562, 'duplicate': 793547, 'dirty-pages-rate': 0, 'normal-bytes': 627249152, 'normal': 153137}}
QMP cmd [src8] query-migrate args={}
QMP reply [src8] query-migrate: {'expected-downtime': 300, 'status': 'active', 'setup-time': 2, 'total-time': 4820, 'ram': {'total': 8607571968, 'postcopy-requests': 0, 'dirty-sync-count': 1, 'multifd-bytes': 0, 'pages-per-second': 33820, 'downtime-bytes': 0, 'page-size': 4096, 'remaining': 4702584832, 'postcopy-bytes': 0, 'mbps': 1082.2060800000002, 'transferred': 662671773, 'dirty-sync-missed-zero-copy': 0, 'precopy-bytes': 662670956, 'duplicate': 793637, 'dirty-pages-rate': 0, 'normal-bytes': 654249984, 'normal': 159729}}
QMP cmd [src8] query-migrate args={}
QMP reply [src8] query-migrate: {'expected-downtime': 300, 'status': 'active', 'setup-time': 2, 'total-time': 5021, 'ram': {'total': 8607571968, 'postcopy-requests': 0, 'dirty-sync-count': 1, 'multifd-bytes': 0, 'pages-per-second': 32980, 'downtime-bytes': 0, 'page-size': 4096, 'remaining': 4675575808, 'postcopy-bytes': 0, 'mbps': 1082.1456, 'transferred': 689725395, 'dirty-sync-missed-zero-copy': 0, 'precopy-bytes': 689724558, 'duplicate': 793639, 'dirty-pages-rate': 0, 'normal-bytes': 681250816, 'normal': 166321}}
QMP cmd [src8] migrate-start-postcopy args={}
QMP reply [src8] migrate-start-postcopy: {}
QMP cmd [src8] query-migrate args={}
QMP reply [src8] query-migrate: {'status': 'postcopy-active', 'setup-time': 2, 'downtime': 21, 'total-time': 5223, 'ram': {'total': 8607571968, 'postcopy-requests': 2, 'dirty-sync-count': 2, 'multifd-bytes': 0, 'pages-per-second': 32960, 'downtime-bytes': 0, 'page-size': 4096, 'remaining': 4020408320, 'postcopy-bytes': 19622841, 'mbps': 1082.1441599999998, 'transferred': 709999579, 'dirty-sync-missed-zero-copy': 0, 'precopy-bytes': 689724558, 'duplicate': 980778, 'dirty-pages-rate': 6181, 'normal-bytes': 699154432, 'normal': 170692}}
QMP cmd [src8] query-migrate args={}
QMP reply [src8] query-migrate: {'status': 'postcopy-active', 'setup-time': 2, 'downtime': 21, 'total-time': 5424, 'ram': {'total': 8607571968, 'postcopy-requests': 2, 'dirty-sync-count': 2, 'multifd-bytes': 0, 'pages-per-second': 919862, 'downtime-bytes': 0, 'page-size': 4096, 'remaining': 3354152960, 'postcopy-bytes': 372499396, 'mbps': 11221.976470588235, 'transferred': 1062781708, 'dirty-sync-missed-zero-copy': 0, 'precopy-bytes': 689724558, 'duplicate': 1057622, 'dirty-pages-rate': 6181, 'normal-bytes': 1050652672, 'normal': 256507}}
QMP cmd [src8] query-migrate args={}
QMP reply [src8] query-migrate: {'status': 'postcopy-active', 'setup-time': 2, 'downtime': 21, 'total-time': 5625, 'ram': {'total': 8607571968, 'postcopy-requests': 407, 'dirty-sync-count': 2, 'multifd-bytes': 0, 'pages-per-second': 595470, 'downtime-bytes': 0, 'page-size': 4096, 'remaining': 2857590784, 'postcopy-bytes': 855887322, 'mbps': 19358.10847058824, 'transferred': 1546169602, 'dirty-sync-missed-zero-copy': 0, 'precopy-bytes': 689724558, 'duplicate': 1061076, 'dirty-pages-rate': 6181, 'normal-bytes': 1533067264, 'normal': 374284}}
QMP cmd [src8] query-migrate args={}
QMP reply [src8] query-migrate: {'status': 'postcopy-active', 'setup-time': 2, 'downtime': 21, 'total-time': 5826, 'ram': {'total': 8607571968, 'postcopy-requests': 773, 'dirty-sync-count': 2, 'multifd-bytes': 0, 'pages-per-second': 1138104, 'downtime-bytes': 0, 'page-size': 4096, 'remaining': 1985277952, 'postcopy-bytes': 1187500697, 'mbps': 11166.220800000001, 'transferred': 1877783089, 'dirty-sync-missed-zero-copy': 0, 'precopy-bytes': 689724558, 'duplicate': 1193531, 'dirty-pages-rate': 6181, 'normal-bytes': 1862844416, 'normal': 454796}}
QMP cmd [src8] query-migrate args={}
QMP reply [src8] query-migrate: {'status': 'postcopy-active', 'setup-time': 2, 'downtime': 21, 'total-time': 6027, 'ram': {'total': 8607571968, 'postcopy-requests': 957, 'dirty-sync-count': 2, 'multifd-bytes': 0, 'pages-per-second': 920490, 'downtime-bytes': 0, 'page-size': 4096, 'remaining': 1236975616, 'postcopy-bytes': 1674500728, 'mbps': 19392.751058823535, 'transferred': 2364783160, 'dirty-sync-missed-zero-copy': 0, 'precopy-bytes': 689724558, 'duplicate': 1257698, 'dirty-pages-rate': 6181, 'normal-bytes': 2348318720, 'normal': 573320}}
QMP cmd [src8] query-migrate args={}
QMP reply [src8] query-migrate: {'status': 'postcopy-active', 'setup-time': 2, 'downtime': 21, 'total-time': 6227, 'ram': {'total': 8607571968, 'postcopy-requests': 1047, 'dirty-sync-count': 2, 'multifd-bytes': 0, 'pages-per-second': 730116, 'downtime-bytes': 0, 'page-size': 4096, 'remaining': 417730560, 'postcopy-bytes': 2190939985, 'mbps': 23569.48031067961, 'transferred': 2881333918, 'dirty-sync-missed-zero-copy': 0, 'precopy-bytes': 689724558, 'duplicate': 1332033, 'dirty-pages-rate': 6181, 'normal-bytes': 2863083520, 'normal': 698995}}
QMP cmd [src8] query-migrate args={}
QMP reply [src8] query-migrate: {'status': 'completed', 'setup-time': 2, 'downtime': 21, 'total-time': 6297, 'ram': {'total': 8607571968, 'postcopy-requests': 1048, 'dirty-sync-count': 2, 'multifd-bytes': 0, 'pages-per-second': 1698660, 'downtime-bytes': 0, 'page-size': 4096, 'remaining': 0, 'postcopy-bytes': 2216485196, 'mbps': 3694.2270805401113, 'transferred': 2906894934, 'dirty-sync-missed-zero-copy': 0, 'precopy-bytes': 689724558, 'duplicate': 1428006, 'dirty-pages-rate': 0, 'normal-bytes': 2887716864, 'normal': 705009}}
