2026-07-15 01:31:22.075675SSH command: ssh -o BatchMode=yes -o StrictHostKeyChecking=no -o UserKnownHostsFile=/dev/null -o ConnectTimeout=1 -o LogLevel=ERROR -p 2224 -i /home/max/.ssh/pgvm_bench user@127.0.0.1 systemd-analyze
Return code: 0
Stdout: Startup finished in 807ms (kernel) + 2.231s (userspace) = 3.038s 
graphical.target reached after 2.230s in userspace.

Stderr: 
2026-07-15 01:31:22.210426SSH command: ssh -o BatchMode=yes -o StrictHostKeyChecking=no -o UserKnownHostsFile=/dev/null -o ConnectTimeout=1 -o LogLevel=ERROR -p 2224 -i /home/max/.ssh/pgvm_bench user@127.0.0.1 rm -f /tmp/bench.done /tmp/pg-buffer-hit-ratio.csv /tmp/pg-buffer-sampler.log; nohup bash /home/user/pg_sampler.sh /tmp/bench.done /tmp/pg-buffer-hit-ratio.csv ycsb >/tmp/pg-buffer-sampler.log 2>&1 &
Return code: 0
Stdout: 
Stderr: 
QMP cmd [src3] migrate-set-capabilities args={'capabilities': [{'capability': 'auto-converge', 'state': False}, {'capability': 'events', 'state': True}, {'capability': 'postcopy-blocktime', 'state': True}, {'capability': 'postcopy-ram', 'state': True}]}
QMP cmd [src3] query-migrate args={}
QMP reply [src3] migrate-set-capabilities: {}
QMP cmd [src3] migrate args={'uri': 'unix:/tmp/mig.sock'}
QMP reply [src3] query-migrate: {}
QMP reply [src3] migrate: {}
2026-07-15 01:33:02.649406SSH command: ssh -o BatchMode=yes -o StrictHostKeyChecking=no -o UserKnownHostsFile=/dev/null -o ConnectTimeout=1 -o LogLevel=ERROR -p 2224 -i /home/max/.ssh/pgvm_bench user@127.0.0.1 test -f /tmp/bench.done
Return code: 1
Stdout: 
Stderr: 
QMP cmd [src3] query-migrate args={}
QMP reply [src3] query-migrate: {'expected-downtime': 300, 'status': 'active', 'setup-time': 3, 'total-time': 201, 'ram': {'total': 8607571968, 'postcopy-requests': 0, 'dirty-sync-count': 1, 'multifd-bytes': 0, 'pages-per-second': 35530, 'downtime-bytes': 0, 'page-size': 4096, 'remaining': 8573726720, 'postcopy-bytes': 0, 'mbps': 1082.3292, 'transferred': 30868669, 'dirty-sync-missed-zero-copy': 0, 'precopy-bytes': 30893351, 'duplicate': 736, 'dirty-pages-rate': 0, 'normal-bytes': 30826496, 'normal': 7526}}
QMP cmd [src3] query-migrate args={}
QMP reply [src3] query-migrate: {'expected-downtime': 300, 'status': 'active', 'setup-time': 3, 'total-time': 402, 'ram': {'total': 8607571968, 'postcopy-requests': 0, 'dirty-sync-count': 1, 'multifd-bytes': 0, 'pages-per-second': 2045870, 'downtime-bytes': 0, 'page-size': 4096, 'remaining': 7680946176, 'postcopy-bytes': 0, 'mbps': 1074.08448, 'transferred': 61737166, 'dirty-sync-missed-zero-copy': 0, 'precopy-bytes': 61864031, 'duplicate': 211616, 'dirty-pages-rate': 0, 'normal-bytes': 59842560, 'normal': 14610}}
QMP cmd [src3] query-migrate args={}
QMP reply [src3] query-migrate: {'expected-downtime': 300, 'status': 'active', 'setup-time': 3, 'total-time': 603, 'ram': {'total': 8607571968, 'postcopy-requests': 0, 'dirty-sync-count': 1, 'multifd-bytes': 0, 'pages-per-second': 199220, 'downtime-bytes': 0, 'page-size': 4096, 'remaining': 5347692544, 'postcopy-bytes': 0, 'mbps': 1075.76928, 'transferred': 89693605, 'dirty-sync-missed-zero-copy': 0, 'precopy-bytes': 89820450, 'duplicate': 775683, 'dirty-pages-rate': 0, 'normal-bytes': 82677760, 'normal': 20185}}
QMP cmd [src3] query-migrate args={}
QMP reply [src3] query-migrate: {'expected-downtime': 300, 'status': 'active', 'setup-time': 3, 'total-time': 803, 'ram': {'total': 8607571968, 'postcopy-requests': 0, 'dirty-sync-count': 1, 'multifd-bytes': 0, 'pages-per-second': 43890, 'downtime-bytes': 0, 'page-size': 4096, 'remaining': 5302022144, 'postcopy-bytes': 0, 'mbps': 1082.9311200000002, 'transferred': 121374927, 'dirty-sync-missed-zero-copy': 0, 'precopy-bytes': 121374520, 'duplicate': 779153, 'dirty-pages-rate': 0, 'normal-bytes': 114139136, 'normal': 27866}}
QMP cmd [src3] query-migrate args={}
QMP reply [src3] query-migrate: {'expected-downtime': 300, 'status': 'active', 'setup-time': 3, 'total-time': 1004, 'ram': {'total': 8607571968, 'postcopy-requests': 0, 'dirty-sync-count': 1, 'multifd-bytes': 0, 'pages-per-second': 38180, 'downtime-bytes': 0, 'page-size': 4096, 'remaining': 5275230208, 'postcopy-bytes': 0, 'mbps': 1082.52, 'transferred': 145806976, 'dirty-sync-missed-zero-copy': 0, 'precopy-bytes': 145933781, 'duplicate': 779710, 'dirty-pages-rate': 0, 'normal-bytes': 138645504, 'normal': 33849}}
QMP cmd [src3] query-migrate args={}
QMP reply [src3] query-migrate: {'expected-downtime': 300, 'status': 'active', 'setup-time': 3, 'total-time': 1205, 'ram': {'total': 8607571968, 'postcopy-requests': 0, 'dirty-sync-count': 1, 'multifd-bytes': 0, 'pages-per-second': 46290, 'downtime-bytes': 0, 'page-size': 4096, 'remaining': 5246664704, 'postcopy-bytes': 0, 'mbps': 1083.10392, 'transferred': 168932818, 'dirty-sync-missed-zero-copy': 0, 'precopy-bytes': 169059603, 'duplicate': 781052, 'dirty-pages-rate': 0, 'normal-bytes': 161714176, 'normal': 39481}}
QMP cmd [src3] query-migrate args={}
QMP reply [src3] query-migrate: {'expected-downtime': 300, 'status': 'active', 'setup-time': 3, 'total-time': 1406, 'ram': {'total': 8607571968, 'postcopy-requests': 0, 'dirty-sync-count': 1, 'multifd-bytes': 0, 'pages-per-second': 33520, 'downtime-bytes': 0, 'page-size': 4096, 'remaining': 5218537472, 'postcopy-bytes': 0, 'mbps': 1082.18448, 'transferred': 196512994, 'dirty-sync-missed-zero-copy': 0, 'precopy-bytes': 196639822, 'duplicate': 781199, 'dirty-pages-rate': 0, 'normal-bytes': 189239296, 'normal': 46201}}
QMP cmd [src3] query-migrate args={}
QMP reply [src3] query-migrate: {'expected-downtime': 300, 'status': 'active', 'setup-time': 3, 'total-time': 1606, 'ram': {'total': 8607571968, 'postcopy-requests': 0, 'dirty-sync-count': 1, 'multifd-bytes': 0, 'pages-per-second': 46830, 'downtime-bytes': 0, 'page-size': 4096, 'remaining': 5182930944, 'postcopy-bytes': 0, 'mbps': 1083.1428, 'transferred': 226206325, 'dirty-sync-missed-zero-copy': 0, 'precopy-bytes': 226333115, 'duplicate': 782660, 'dirty-pages-rate': 0, 'normal-bytes': 218861568, 'normal': 53433}}
QMP cmd [src3] query-migrate args={}
QMP reply [src3] query-migrate: {'expected-downtime': 300, 'status': 'active', 'setup-time': 3, 'total-time': 1807, 'ram': {'total': 8607571968, 'postcopy-requests': 0, 'dirty-sync-count': 1, 'multifd-bytes': 0, 'pages-per-second': 34350, 'downtime-bytes': 0, 'page-size': 4096, 'remaining': 5142720512, 'postcopy-bytes': 0, 'mbps': 1082.24424, 'transferred': 246982699, 'dirty-sync-missed-zero-copy': 0, 'precopy-bytes': 247109424, 'duplicate': 787425, 'dirty-pages-rate': 0, 'normal-bytes': 239554560, 'normal': 58485}}
QMP cmd [src3] query-migrate args={}
QMP reply [src3] query-migrate: {'expected-downtime': 300, 'status': 'active', 'setup-time': 3, 'total-time': 2008, 'ram': {'total': 8607571968, 'postcopy-requests': 0, 'dirty-sync-count': 1, 'multifd-bytes': 0, 'pages-per-second': 33290, 'downtime-bytes': 0, 'page-size': 4096, 'remaining': 5107195904, 'postcopy-bytes': 0, 'mbps': 1082.1679199999999, 'transferred': 281131174, 'dirty-sync-missed-zero-copy': 0, 'precopy-bytes': 281257897, 'duplicate': 787778, 'dirty-pages-rate': 0, 'normal-bytes': 273633280, 'normal': 66805}}
QMP cmd [src3] query-migrate args={}
QMP reply [src3] query-migrate: {'expected-downtime': 300, 'status': 'active', 'setup-time': 3, 'total-time': 2209, 'ram': {'total': 8607571968, 'postcopy-requests': 0, 'dirty-sync-count': 1, 'multifd-bytes': 0, 'pages-per-second': 33980, 'downtime-bytes': 0, 'page-size': 4096, 'remaining': 5077135360, 'postcopy-bytes': 0, 'mbps': 1082.2176000000002, 'transferred': 310812615, 'dirty-sync-missed-zero-copy': 0, 'precopy-bytes': 310812068, 'duplicate': 787917, 'dirty-pages-rate': 0, 'normal-bytes': 303128576, 'normal': 74006}}
2026-07-15 01:33:04.825092SSH command: ssh -o BatchMode=yes -o StrictHostKeyChecking=no -o UserKnownHostsFile=/dev/null -o ConnectTimeout=1 -o LogLevel=ERROR -p 2224 -i /home/max/.ssh/pgvm_bench user@127.0.0.1 test -f /tmp/bench.done
Return code: 1
Stdout: 
Stderr: 
QMP cmd [src3] query-migrate args={}
QMP reply [src3] query-migrate: {'expected-downtime': 300, 'status': 'active', 'setup-time': 3, 'total-time': 2410, 'ram': {'total': 8607571968, 'postcopy-requests': 0, 'dirty-sync-count': 1, 'multifd-bytes': 0, 'pages-per-second': 40570, 'downtime-bytes': 0, 'page-size': 4096, 'remaining': 5037953024, 'postcopy-bytes': 0, 'mbps': 1082.69208, 'transferred': 337892985, 'dirty-sync-missed-zero-copy': 0, 'precopy-bytes': 337892418, 'duplicate': 790891, 'dirty-pages-rate': 0, 'normal-bytes': 330129408, 'normal': 80598}}
QMP cmd [src3] query-migrate args={}
QMP reply [src3] query-migrate: {'expected-downtime': 300, 'status': 'active', 'setup-time': 3, 'total-time': 2611, 'ram': {'total': 8607571968, 'postcopy-requests': 0, 'dirty-sync-count': 1, 'multifd-bytes': 0, 'pages-per-second': 37900, 'downtime-bytes': 0, 'page-size': 4096, 'remaining': 5008924672, 'postcopy-bytes': 0, 'mbps': 1082.4998400000002, 'transferred': 364951044, 'dirty-sync-missed-zero-copy': 0, 'precopy-bytes': 364950457, 'duplicate': 791386, 'dirty-pages-rate': 0, 'normal-bytes': 357130240, 'normal': 87190}}
QMP cmd [src3] query-migrate args={}
QMP reply [src3] query-migrate: {'expected-downtime': 300, 'status': 'active', 'setup-time': 3, 'total-time': 2811, 'ram': {'total': 8607571968, 'postcopy-requests': 0, 'dirty-sync-count': 1, 'multifd-bytes': 0, 'pages-per-second': 33280, 'downtime-bytes': 0, 'page-size': 4096, 'remaining': 4981792768, 'postcopy-bytes': 0, 'mbps': 1082.1671999999999, 'transferred': 392004936, 'dirty-sync-missed-zero-copy': 0, 'precopy-bytes': 392004329, 'duplicate': 791418, 'dirty-pages-rate': 0, 'normal-bytes': 384131072, 'normal': 93782}}
QMP cmd [src3] query-migrate args={}
QMP reply [src3] query-migrate: {'expected-downtime': 300, 'status': 'active', 'setup-time': 3, 'total-time': 3012, 'ram': {'total': 8607571968, 'postcopy-requests': 0, 'dirty-sync-count': 1, 'multifd-bytes': 0, 'pages-per-second': 33050, 'downtime-bytes': 0, 'page-size': 4096, 'remaining': 4952629248, 'postcopy-bytes': 0, 'mbps': 1082.1506399999998, 'transferred': 419063292, 'dirty-sync-missed-zero-copy': 0, 'precopy-bytes': 419062665, 'duplicate': 791946, 'dirty-pages-rate': 0, 'normal-bytes': 411131904, 'normal': 100374}}
QMP cmd [src3] query-migrate args={}
QMP reply [src3] query-migrate: {'expected-downtime': 300, 'status': 'active', 'setup-time': 3, 'total-time': 3213, 'ram': {'total': 8607571968, 'postcopy-requests': 0, 'dirty-sync-count': 1, 'multifd-bytes': 0, 'pages-per-second': 34720, 'downtime-bytes': 0, 'page-size': 4096, 'remaining': 4926898176, 'postcopy-bytes': 0, 'mbps': 1082.2708799999998, 'transferred': 443886130, 'dirty-sync-missed-zero-copy': 0, 'precopy-bytes': 444012715, 'duplicate': 792148, 'dirty-pages-rate': 0, 'normal-bytes': 436031488, 'normal': 106453}}
QMP cmd [src3] query-migrate args={}
QMP reply [src3] query-migrate: {'expected-downtime': 300, 'status': 'active', 'setup-time': 3, 'total-time': 3414, 'ram': {'total': 8607571968, 'postcopy-requests': 0, 'dirty-sync-count': 1, 'multifd-bytes': 0, 'pages-per-second': 33650, 'downtime-bytes': 0, 'page-size': 4096, 'remaining': 4894470144, 'postcopy-bytes': 0, 'mbps': 1082.1938400000001, 'transferred': 473179635, 'dirty-sync-missed-zero-copy': 0, 'precopy-bytes': 473178968, 'duplicate': 792961, 'dirty-pages-rate': 0, 'normal-bytes': 465133568, 'normal': 113558}}
QMP cmd [src3] query-migrate args={}
QMP reply [src3] query-migrate: {'expected-downtime': 300, 'status': 'active', 'setup-time': 3, 'total-time': 3614, 'ram': {'total': 8607571968, 'postcopy-requests': 0, 'dirty-sync-count': 1, 'multifd-bytes': 0, 'pages-per-second': 33930, 'downtime-bytes': 0, 'page-size': 4096, 'remaining': 4866928640, 'postcopy-bytes': 0, 'mbps': 1082.214, 'transferred': 500234427, 'dirty-sync-missed-zero-copy': 0, 'precopy-bytes': 500233740, 'duplicate': 793093, 'dirty-pages-rate': 0, 'normal-bytes': 492134400, 'normal': 120150}}
QMP cmd [src3] query-migrate args={}
QMP reply [src3] query-migrate: {'expected-downtime': 300, 'status': 'active', 'setup-time': 3, 'total-time': 3815, 'ram': {'total': 8607571968, 'postcopy-requests': 0, 'dirty-sync-count': 1, 'multifd-bytes': 0, 'pages-per-second': 33160, 'downtime-bytes': 0, 'page-size': 4096, 'remaining': 4839788544, 'postcopy-bytes': 0, 'mbps': 1082.15856, 'transferred': 527288337, 'dirty-sync-missed-zero-copy': 0, 'precopy-bytes': 527287630, 'duplicate': 793127, 'dirty-pages-rate': 0, 'normal-bytes': 519135232, 'normal': 126742}}
QMP cmd [src3] query-migrate args={}
QMP reply [src3] query-migrate: {'expected-downtime': 300, 'status': 'active', 'setup-time': 3, 'total-time': 4016, 'ram': {'total': 8607571968, 'postcopy-requests': 0, 'dirty-sync-count': 1, 'multifd-bytes': 0, 'pages-per-second': 33080, 'downtime-bytes': 0, 'page-size': 4096, 'remaining': 4812722176, 'postcopy-bytes': 0, 'mbps': 1082.1528, 'transferred': 554342085, 'dirty-sync-missed-zero-copy': 0, 'precopy-bytes': 554341358, 'duplicate': 793143, 'dirty-pages-rate': 0, 'normal-bytes': 546136064, 'normal': 133334}}
QMP cmd [src3] query-migrate args={}
QMP reply [src3] query-migrate: {'expected-downtime': 300, 'status': 'active', 'setup-time': 3, 'total-time': 4217, 'ram': {'total': 8607571968, 'postcopy-requests': 0, 'dirty-sync-count': 1, 'multifd-bytes': 0, 'pages-per-second': 32960, 'downtime-bytes': 0, 'page-size': 4096, 'remaining': 4785672192, 'postcopy-bytes': 0, 'mbps': 1082.1441599999998, 'transferred': 581395797, 'dirty-sync-missed-zero-copy': 0, 'precopy-bytes': 581395050, 'duplicate': 793155, 'dirty-pages-rate': 0, 'normal-bytes': 573136896, 'normal': 139926}}
QMP cmd [src3] query-migrate args={}
QMP reply [src3] query-migrate: {'expected-downtime': 300, 'status': 'active', 'setup-time': 3, 'total-time': 4417, 'ram': {'total': 8607571968, 'postcopy-requests': 0, 'dirty-sync-count': 1, 'multifd-bytes': 0, 'pages-per-second': 33070, 'downtime-bytes': 0, 'page-size': 4096, 'remaining': 4758564864, 'postcopy-bytes': 0, 'mbps': 1082.15208, 'transferred': 608449635, 'dirty-sync-missed-zero-copy': 0, 'precopy-bytes': 608448868, 'duplicate': 793181, 'dirty-pages-rate': 0, 'normal-bytes': 600137728, 'normal': 146518}}
2026-07-15 01:33:07.012680SSH command: ssh -o BatchMode=yes -o StrictHostKeyChecking=no -o UserKnownHostsFile=/dev/null -o ConnectTimeout=1 -o LogLevel=ERROR -p 2224 -i /home/max/.ssh/pgvm_bench user@127.0.0.1 test -f /tmp/bench.done
Return code: 1
Stdout: 
Stderr: 
qemu-system-x86_64: terminating on signal 15 from pid 47242 (/home/max/Bachelor-Thesis/Repo/.venv/bin/python)
QMP cmd [src3] query-migrate args={}
QMP reply [src3] query-migrate: {'expected-downtime': 300, 'status': 'active', 'setup-time': 3, 'total-time': 4618, 'ram': {'total': 8607571968, 'postcopy-requests': 0, 'dirty-sync-count': 1, 'multifd-bytes': 0, 'pages-per-second': 33000, 'downtime-bytes': 0, 'page-size': 4096, 'remaining': 4731473920, 'postcopy-bytes': 0, 'mbps': 1082.14704, 'transferred': 635503437, 'dirty-sync-missed-zero-copy': 0, 'precopy-bytes': 635502650, 'duplicate': 793203, 'dirty-pages-rate': 0, 'normal-bytes': 627138560, 'normal': 153110}}
QMP cmd [src3] query-migrate args={}
QMP reply [src3] query-migrate: {'expected-downtime': 300, 'status': 'active', 'setup-time': 3, 'total-time': 4819, 'ram': {'total': 8607571968, 'postcopy-requests': 0, 'dirty-sync-count': 1, 'multifd-bytes': 0, 'pages-per-second': 33430, 'downtime-bytes': 0, 'page-size': 4096, 'remaining': 4704034816, 'postcopy-bytes': 0, 'mbps': 1082.178, 'transferred': 662558004, 'dirty-sync-missed-zero-copy': 0, 'precopy-bytes': 662557197, 'duplicate': 793310, 'dirty-pages-rate': 0, 'normal-bytes': 654139392, 'normal': 159702}}
QMP cmd [src3] query-migrate args={}
QMP reply [src3] query-migrate: {'expected-downtime': 300, 'status': 'active', 'setup-time': 3, 'total-time': 5020, 'ram': {'total': 8607571968, 'postcopy-requests': 0, 'dirty-sync-count': 1, 'multifd-bytes': 0, 'pages-per-second': 33020, 'downtime-bytes': 0, 'page-size': 4096, 'remaining': 4675387392, 'postcopy-bytes': 0, 'mbps': 1082.14848, 'transferred': 689615226, 'dirty-sync-missed-zero-copy': 0, 'precopy-bytes': 689614399, 'duplicate': 793712, 'dirty-pages-rate': 0, 'normal-bytes': 681140224, 'normal': 166294}}
QMP cmd [src3] migrate-start-postcopy args={}
QMP reply [src3] migrate-start-postcopy: {}
QMP cmd [src3] query-migrate args={}
QMP reply [src3] query-migrate: {'status': 'postcopy-active', 'setup-time': 3, 'downtime': 22, 'total-time': 5221, 'ram': {'total': 8607571968, 'postcopy-requests': 2, 'dirty-sync-count': 2, 'multifd-bytes': 0, 'pages-per-second': 36920, 'downtime-bytes': 0, 'page-size': 4096, 'remaining': 4542758912, 'postcopy-bytes': 258044387, 'mbps': 1082.42928, 'transferred': 948212766, 'dirty-sync-missed-zero-copy': 0, 'precopy-bytes': 689614399, 'duplicate': 794764, 'dirty-pages-rate': 6179, 'normal-bytes': 938672128, 'normal': 229168}}
QMP cmd [src3] query-migrate args={}
QMP reply [src3] query-migrate: {'status': 'postcopy-active', 'setup-time': 3, 'downtime': 22, 'total-time': 5422, 'ram': {'total': 8607571968, 'postcopy-requests': 2, 'dirty-sync-count': 2, 'multifd-bytes': 0, 'pages-per-second': 638764, 'downtime-bytes': 0, 'page-size': 4096, 'remaining': 4021518336, 'postcopy-bytes': 776347273, 'mbps': 20684.793882352944, 'transferred': 1466515692, 'dirty-sync-missed-zero-copy': 0, 'precopy-bytes': 689614399, 'duplicate': 795730, 'dirty-pages-rate': 6179, 'normal-bytes': 1455955968, 'normal': 355458}}
QMP cmd [src3] query-migrate args={}
QMP reply [src3] query-migrate: {'status': 'postcopy-active', 'setup-time': 3, 'downtime': 22, 'total-time': 5624, 'ram': {'total': 8607571968, 'postcopy-requests': 1380, 'dirty-sync-count': 2, 'multifd-bytes': 0, 'pages-per-second': 645039, 'downtime-bytes': 0, 'page-size': 4096, 'remaining': 3461517312, 'postcopy-bytes': 1243441414, 'mbps': 20947.004470588236, 'transferred': 1933609873, 'dirty-sync-missed-zero-copy': 0, 'precopy-bytes': 689614399, 'duplicate': 818685, 'dirty-pages-rate': 6179, 'normal-bytes': 1921933312, 'normal': 469222}}
QMP cmd [src3] query-migrate args={}
QMP reply [src3] query-migrate: {'status': 'postcopy-active', 'setup-time': 3, 'downtime': 22, 'total-time': 5825, 'ram': {'total': 8607571968, 'postcopy-requests': 1956, 'dirty-sync-count': 2, 'multifd-bytes': 0, 'pages-per-second': 1038450, 'downtime-bytes': 0, 'page-size': 4096, 'remaining': 2633170944, 'postcopy-bytes': 1595658408, 'mbps': 12149.079529411767, 'transferred': 2285826907, 'dirty-sync-missed-zero-copy': 0, 'precopy-bytes': 689614399, 'duplicate': 935351, 'dirty-pages-rate': 6179, 'normal-bytes': 2272415744, 'normal': 554789}}
QMP cmd [src3] query-migrate args={}
QMP reply [src3] query-migrate: {'status': 'postcopy-active', 'setup-time': 3, 'downtime': 22, 'total-time': 6026, 'ram': {'total': 8607571968, 'postcopy-requests': 2012, 'dirty-sync-count': 2, 'multifd-bytes': 0, 'pages-per-second': 749823, 'downtime-bytes': 0, 'page-size': 4096, 'remaining': 1866670080, 'postcopy-bytes': 2087264351, 'mbps': 24224.446588235292, 'transferred': 2777432890, 'dirty-sync-missed-zero-copy': 0, 'precopy-bytes': 689614399, 'duplicate': 1002846, 'dirty-pages-rate': 6179, 'normal-bytes': 2762457088, 'normal': 674428}}
QMP cmd [src3] query-migrate args={}
QMP reply [src3] query-migrate: {'status': 'postcopy-active', 'setup-time': 3, 'downtime': 22, 'total-time': 6227, 'ram': {'total': 8607571968, 'postcopy-requests': 2032, 'dirty-sync-count': 2, 'multifd-bytes': 0, 'pages-per-second': 1856616, 'downtime-bytes': 0, 'page-size': 4096, 'remaining': 274472960, 'postcopy-bytes': 2152544292, 'mbps': 4539.759476635514, 'transferred': 2842807331, 'dirty-sync-missed-zero-copy': 0, 'precopy-bytes': 689614399, 'duplicate': 1376480, 'dirty-pages-rate': 6179, 'normal-bytes': 2824253440, 'normal': 689515}}
QMP cmd [src3] query-migrate args={}
QMP reply [src3] query-migrate: {'status': 'completed', 'setup-time': 3, 'downtime': 22, 'total-time': 6287, 'ram': {'total': 8607571968, 'postcopy-requests': 2032, 'dirty-sync-count': 2, 'multifd-bytes': 0, 'pages-per-second': 1530252, 'downtime-bytes': 0, 'page-size': 4096, 'remaining': 0, 'postcopy-bytes': 2225612535, 'mbps': 3712.1685295989814, 'transferred': 2915908380, 'dirty-sync-missed-zero-copy': 0, 'precopy-bytes': 689614399, 'duplicate': 1425794, 'dirty-pages-rate': 0, 'normal-bytes': 2896736256, 'normal': 707211}}
