2026-07-15 01:47:10.346855SSH command: ssh -o BatchMode=yes -o StrictHostKeyChecking=no -o UserKnownHostsFile=/dev/null -o ConnectTimeout=1 -o LogLevel=ERROR -p 2228 -i /home/max/.ssh/pgvm_bench user@127.0.0.1 systemd-analyze
Return code: 0
Stdout: Startup finished in 797ms (kernel) + 2.242s (userspace) = 3.039s 
graphical.target reached after 2.242s in userspace.

Stderr: 
2026-07-15 01:47:10.488221SSH command: ssh -o BatchMode=yes -o StrictHostKeyChecking=no -o UserKnownHostsFile=/dev/null -o ConnectTimeout=1 -o LogLevel=ERROR -p 2228 -i /home/max/.ssh/pgvm_bench user@127.0.0.1 rm -f /tmp/bench.done /tmp/pg-buffer-hit-ratio.csv /tmp/pg-buffer-sampler.log; nohup bash /home/user/pg_sampler.sh /tmp/bench.done /tmp/pg-buffer-hit-ratio.csv ycsb >/tmp/pg-buffer-sampler.log 2>&1 &
Return code: 0
Stdout: 
Stderr: 
QMP cmd [src7] migrate-set-capabilities args={'capabilities': [{'capability': 'auto-converge', 'state': False}, {'capability': 'events', 'state': True}, {'capability': 'postcopy-blocktime', 'state': True}, {'capability': 'postcopy-ram', 'state': True}]}
QMP cmd [src7] query-migrate args={}
QMP reply [src7] migrate-set-capabilities: {}
QMP cmd [src7] migrate args={'uri': 'unix:/tmp/mig.sock'}
QMP reply [src7] query-migrate: {}
QMP reply [src7] migrate: {}
2026-07-15 01:48:50.906792SSH command: ssh -o BatchMode=yes -o StrictHostKeyChecking=no -o UserKnownHostsFile=/dev/null -o ConnectTimeout=1 -o LogLevel=ERROR -p 2228 -i /home/max/.ssh/pgvm_bench user@127.0.0.1 test -f /tmp/bench.done
Return code: 1
Stdout: 
Stderr: 
QMP cmd [src7] query-migrate args={}
QMP reply [src7] query-migrate: {'expected-downtime': 300, 'status': 'active', 'setup-time': 1, 'total-time': 201, 'ram': {'total': 8607571968, 'postcopy-requests': 0, 'dirty-sync-count': 1, 'multifd-bytes': 0, 'pages-per-second': 35530, 'downtime-bytes': 0, 'page-size': 4096, 'remaining': 8576167936, 'postcopy-bytes': 0, 'mbps': 1082.3292, 'transferred': 28504765, 'dirty-sync-missed-zero-copy': 0, 'precopy-bytes': 28631650, 'duplicate': 691, 'dirty-pages-rate': 0, 'normal-bytes': 28569600, 'normal': 6975}}
QMP cmd [src7] query-migrate args={}
QMP reply [src7] query-migrate: {'expected-downtime': 300, 'status': 'active', 'setup-time': 1, 'total-time': 401, 'ram': {'total': 8607571968, 'postcopy-requests': 0, 'dirty-sync-count': 1, 'multifd-bytes': 0, 'pages-per-second': 523120, 'downtime-bytes': 0, 'page-size': 4096, 'remaining': 8303353856, 'postcopy-bytes': 0, 'mbps': 1079.43408, 'transferred': 63117316, 'dirty-sync-missed-zero-copy': 0, 'precopy-bytes': 63244181, 'duplicate': 58990, 'dirty-pages-rate': 0, 'normal-bytes': 62590976, 'normal': 15281}}
QMP cmd [src7] query-migrate args={}
QMP reply [src7] query-migrate: {'expected-downtime': 300, 'status': 'active', 'setup-time': 1, 'total-time': 602, 'ram': {'total': 8607571968, 'postcopy-requests': 0, 'dirty-sync-count': 1, 'multifd-bytes': 0, 'pages-per-second': 32960, 'downtime-bytes': 0, 'page-size': 4096, 'remaining': 8271626240, 'postcopy-bytes': 0, 'mbps': 1082.1441599999998, 'transferred': 93981466, 'dirty-sync-missed-zero-copy': 0, 'precopy-bytes': 94108311, 'duplicate': 59216, 'dirty-pages-rate': 0, 'normal-bytes': 93392896, 'normal': 22801}}
QMP cmd [src7] query-migrate args={}
QMP reply [src7] query-migrate: {'expected-downtime': 300, 'status': 'active', 'setup-time': 1, 'total-time': 803, 'ram': {'total': 8607571968, 'postcopy-requests': 0, 'dirty-sync-count': 1, 'multifd-bytes': 0, 'pages-per-second': 894900, 'downtime-bytes': 0, 'page-size': 4096, 'remaining': 7765307392, 'postcopy-bytes': 0, 'mbps': 1074.09744, 'transferred': 108359244, 'dirty-sync-missed-zero-copy': 0, 'precopy-bytes': 108369881, 'duplicate': 179617, 'dirty-pages-rate': 0, 'normal-bytes': 106545152, 'normal': 26012}}
QMP cmd [src7] query-migrate args={}
QMP reply [src7] query-migrate: {'expected-downtime': 300, 'status': 'active', 'setup-time': 1, 'total-time': 1004, 'ram': {'total': 8607571968, 'postcopy-requests': 0, 'dirty-sync-count': 1, 'multifd-bytes': 0, 'pages-per-second': 5075560, 'downtime-bytes': 0, 'page-size': 4096, 'remaining': 5352218624, 'postcopy-bytes': 0, 'mbps': 1074.6972, 'transferred': 148217680, 'dirty-sync-missed-zero-copy': 0, 'precopy-bytes': 148344475, 'duplicate': 760284, 'dirty-pages-rate': 0, 'normal-bytes': 141225984, 'normal': 34479}}
QMP cmd [src7] query-migrate args={}
QMP reply [src7] query-migrate: {'expected-downtime': 300, 'status': 'active', 'setup-time': 1, 'total-time': 1204, 'ram': {'total': 8607571968, 'postcopy-requests': 0, 'dirty-sync-count': 1, 'multifd-bytes': 0, 'pages-per-second': 59210, 'downtime-bytes': 0, 'page-size': 4096, 'remaining': 5309595648, 'postcopy-bytes': 0, 'mbps': 1084.03416, 'transferred': 175436946, 'dirty-sync-missed-zero-copy': 0, 'precopy-bytes': 175436489, 'duplicate': 764098, 'dirty-pages-rate': 0, 'normal-bytes': 168230912, 'normal': 41072}}
QMP cmd [src7] query-migrate args={}
QMP reply [src7] query-migrate: {'expected-downtime': 300, 'status': 'active', 'setup-time': 1, 'total-time': 1405, 'ram': {'total': 8607571968, 'postcopy-requests': 0, 'dirty-sync-count': 1, 'multifd-bytes': 0, 'pages-per-second': 37570, 'downtime-bytes': 0, 'page-size': 4096, 'remaining': 5279997952, 'postcopy-bytes': 0, 'mbps': 1082.4760800000001, 'transferred': 202496256, 'dirty-sync-missed-zero-copy': 0, 'precopy-bytes': 202495779, 'duplicate': 764732, 'dirty-pages-rate': 0, 'normal-bytes': 195231744, 'normal': 47664}}
QMP cmd [src7] query-migrate args={}
QMP reply [src7] query-migrate: {'expected-downtime': 300, 'status': 'active', 'setup-time': 1, 'total-time': 1606, 'ram': {'total': 8607571968, 'postcopy-requests': 0, 'dirty-sync-count': 1, 'multifd-bytes': 0, 'pages-per-second': 55560, 'downtime-bytes': 0, 'page-size': 4096, 'remaining': 5243686912, 'postcopy-bytes': 0, 'mbps': 1083.7713600000002, 'transferred': 229570317, 'dirty-sync-missed-zero-copy': 0, 'precopy-bytes': 229569820, 'duplicate': 767005, 'dirty-pages-rate': 0, 'normal-bytes': 222232576, 'normal': 54256}}
QMP cmd [src7] query-migrate args={}
QMP reply [src7] query-migrate: {'expected-downtime': 300, 'status': 'active', 'setup-time': 1, 'total-time': 1807, 'ram': {'total': 8607571968, 'postcopy-requests': 0, 'dirty-sync-count': 1, 'multifd-bytes': 0, 'pages-per-second': 33130, 'downtime-bytes': 0, 'page-size': 4096, 'remaining': 5212880896, 'postcopy-bytes': 0, 'mbps': 1082.1563999999998, 'transferred': 256632282, 'dirty-sync-missed-zero-copy': 0, 'precopy-bytes': 256631765, 'duplicate': 767934, 'dirty-pages-rate': 0, 'normal-bytes': 249233408, 'normal': 60848}}
QMP cmd [src7] query-migrate args={}
QMP reply [src7] query-migrate: {'expected-downtime': 300, 'status': 'active', 'setup-time': 1, 'total-time': 2007, 'ram': {'total': 8607571968, 'postcopy-requests': 0, 'dirty-sync-count': 1, 'multifd-bytes': 0, 'pages-per-second': 43590, 'downtime-bytes': 0, 'page-size': 4096, 'remaining': 5181210624, 'postcopy-bytes': 0, 'mbps': 1082.90952, 'transferred': 283696146, 'dirty-sync-missed-zero-copy': 0, 'precopy-bytes': 283695609, 'duplicate': 769074, 'dirty-pages-rate': 0, 'normal-bytes': 276234240, 'normal': 67440}}
QMP cmd [src7] query-migrate args={}
QMP reply [src7] query-migrate: {'expected-downtime': 300, 'status': 'active', 'setup-time': 1, 'total-time': 2208, 'ram': {'total': 8607571968, 'postcopy-requests': 0, 'dirty-sync-count': 1, 'multifd-bytes': 0, 'pages-per-second': 73880, 'downtime-bytes': 0, 'page-size': 4096, 'remaining': 5136601088, 'postcopy-bytes': 0, 'mbps': 1083.78, 'transferred': 310772061, 'dirty-sync-missed-zero-copy': 0, 'precopy-bytes': 310771504, 'duplicate': 773377, 'dirty-pages-rate': 0, 'normal-bytes': 303218688, 'normal': 74028}}
2026-07-15 01:48:53.064358SSH command: ssh -o BatchMode=yes -o StrictHostKeyChecking=no -o UserKnownHostsFile=/dev/null -o ConnectTimeout=1 -o LogLevel=ERROR -p 2228 -i /home/max/.ssh/pgvm_bench user@127.0.0.1 test -f /tmp/bench.done
Return code: 1
Stdout: 
Stderr: 
QMP cmd [src7] query-migrate args={}
QMP reply [src7] query-migrate: {'expected-downtime': 300, 'status': 'active', 'setup-time': 1, 'total-time': 2409, 'ram': {'total': 8607571968, 'postcopy-requests': 0, 'dirty-sync-count': 1, 'multifd-bytes': 0, 'pages-per-second': 44540, 'downtime-bytes': 0, 'page-size': 4096, 'remaining': 5104713728, 'postcopy-bytes': 0, 'mbps': 1082.9779199999998, 'transferred': 337836402, 'dirty-sync-missed-zero-copy': 0, 'precopy-bytes': 337835825, 'duplicate': 774570, 'dirty-pages-rate': 0, 'normal-bytes': 330219520, 'normal': 80620}}
QMP cmd [src7] query-migrate args={}
QMP reply [src7] query-migrate: {'expected-downtime': 300, 'status': 'active', 'setup-time': 1, 'total-time': 2610, 'ram': {'total': 8607571968, 'postcopy-requests': 0, 'dirty-sync-count': 1, 'multifd-bytes': 0, 'pages-per-second': 33030, 'downtime-bytes': 0, 'page-size': 4096, 'remaining': 5077229568, 'postcopy-bytes': 0, 'mbps': 1082.1492, 'transferred': 364891068, 'dirty-sync-missed-zero-copy': 0, 'precopy-bytes': 364890471, 'duplicate': 774688, 'dirty-pages-rate': 0, 'normal-bytes': 357220352, 'normal': 87212}}
QMP cmd [src7] query-migrate args={}
QMP reply [src7] query-migrate: {'expected-downtime': 300, 'status': 'active', 'setup-time': 1, 'total-time': 2811, 'ram': {'total': 8607571968, 'postcopy-requests': 0, 'dirty-sync-count': 1, 'multifd-bytes': 0, 'pages-per-second': 32980, 'downtime-bytes': 0, 'page-size': 4096, 'remaining': 5046816768, 'postcopy-bytes': 0, 'mbps': 1082.1456, 'transferred': 391952169, 'dirty-sync-missed-zero-copy': 0, 'precopy-bytes': 391951552, 'duplicate': 775521, 'dirty-pages-rate': 0, 'normal-bytes': 384221184, 'normal': 93804}}
QMP cmd [src7] query-migrate args={}
QMP reply [src7] query-migrate: {'expected-downtime': 300, 'status': 'active', 'setup-time': 1, 'total-time': 3011, 'ram': {'total': 8607571968, 'postcopy-requests': 0, 'dirty-sync-count': 1, 'multifd-bytes': 0, 'pages-per-second': 44940, 'downtime-bytes': 0, 'page-size': 4096, 'remaining': 5010325504, 'postcopy-bytes': 0, 'mbps': 1083.0067199999999, 'transferred': 419026626, 'dirty-sync-missed-zero-copy': 0, 'precopy-bytes': 419025989, 'duplicate': 777838, 'dirty-pages-rate': 0, 'normal-bytes': 411222016, 'normal': 100396}}
QMP cmd [src7] query-migrate args={}
QMP reply [src7] query-migrate: {'expected-downtime': 300, 'status': 'active', 'setup-time': 1, 'total-time': 3212, 'ram': {'total': 8607571968, 'postcopy-requests': 0, 'dirty-sync-count': 1, 'multifd-bytes': 0, 'pages-per-second': 32970, 'downtime-bytes': 0, 'page-size': 4096, 'remaining': 4983173120, 'postcopy-bytes': 0, 'mbps': 1082.1448799999998, 'transferred': 446080563, 'dirty-sync-missed-zero-copy': 0, 'precopy-bytes': 446079906, 'duplicate': 777875, 'dirty-pages-rate': 0, 'normal-bytes': 438222848, 'normal': 106988}}
QMP cmd [src7] query-migrate args={}
QMP reply [src7] query-migrate: {'expected-downtime': 300, 'status': 'active', 'setup-time': 1, 'total-time': 3413, 'ram': {'total': 8607571968, 'postcopy-requests': 0, 'dirty-sync-count': 1, 'multifd-bytes': 0, 'pages-per-second': 32960, 'downtime-bytes': 0, 'page-size': 4096, 'remaining': 4956135424, 'postcopy-bytes': 0, 'mbps': 1082.1441599999998, 'transferred': 473134248, 'dirty-sync-missed-zero-copy': 0, 'precopy-bytes': 473133571, 'duplicate': 777884, 'dirty-pages-rate': 0, 'normal-bytes': 465223680, 'normal': 113580}}
QMP cmd [src7] query-migrate args={}
QMP reply [src7] query-migrate: {'expected-downtime': 300, 'status': 'active', 'setup-time': 1, 'total-time': 3614, 'ram': {'total': 8607571968, 'postcopy-requests': 0, 'dirty-sync-count': 1, 'multifd-bytes': 0, 'pages-per-second': 37800, 'downtime-bytes': 0, 'page-size': 4096, 'remaining': 4926889984, 'postcopy-bytes': 0, 'mbps': 1082.49264, 'transferred': 500192784, 'dirty-sync-missed-zero-copy': 0, 'precopy-bytes': 500192087, 'duplicate': 778432, 'dirty-pages-rate': 0, 'normal-bytes': 492224512, 'normal': 120172}}
QMP cmd [src7] query-migrate args={}
QMP reply [src7] query-migrate: {'expected-downtime': 300, 'status': 'active', 'setup-time': 1, 'total-time': 3814, 'ram': {'total': 8607571968, 'postcopy-requests': 0, 'dirty-sync-count': 1, 'multifd-bytes': 0, 'pages-per-second': 33740, 'downtime-bytes': 0, 'page-size': 4096, 'remaining': 4899168256, 'postcopy-bytes': 0, 'mbps': 1082.2003200000001, 'transferred': 527247972, 'dirty-sync-missed-zero-copy': 0, 'precopy-bytes': 527247255, 'duplicate': 778608, 'dirty-pages-rate': 0, 'normal-bytes': 519225344, 'normal': 126764}}
QMP cmd [src7] query-migrate args={}
QMP reply [src7] query-migrate: {'expected-downtime': 300, 'status': 'active', 'setup-time': 1, 'total-time': 4015, 'ram': {'total': 8607571968, 'postcopy-requests': 0, 'dirty-sync-count': 1, 'multifd-bytes': 0, 'pages-per-second': 34450, 'downtime-bytes': 0, 'page-size': 4096, 'remaining': 4871081984, 'postcopy-bytes': 0, 'mbps': 1082.25144, 'transferred': 554303961, 'dirty-sync-missed-zero-copy': 0, 'precopy-bytes': 554303224, 'duplicate': 778873, 'dirty-pages-rate': 0, 'normal-bytes': 546226176, 'normal': 133356}}
QMP cmd [src7] query-migrate args={}
QMP reply [src7] query-migrate: {'expected-downtime': 300, 'status': 'active', 'setup-time': 1, 'total-time': 4216, 'ram': {'total': 8607571968, 'postcopy-requests': 0, 'dirty-sync-count': 1, 'multifd-bytes': 0, 'pages-per-second': 33160, 'downtime-bytes': 0, 'page-size': 4096, 'remaining': 4843745280, 'postcopy-bytes': 0, 'mbps': 1082.15856, 'transferred': 581358303, 'dirty-sync-missed-zero-copy': 0, 'precopy-bytes': 581357546, 'duplicate': 778955, 'dirty-pages-rate': 0, 'normal-bytes': 573227008, 'normal': 139948}}
QMP cmd [src7] query-migrate args={}
QMP reply [src7] query-migrate: {'expected-downtime': 300, 'status': 'active', 'setup-time': 1, 'total-time': 4417, 'ram': {'total': 8607571968, 'postcopy-requests': 0, 'dirty-sync-count': 1, 'multifd-bytes': 0, 'pages-per-second': 33060, 'downtime-bytes': 0, 'page-size': 4096, 'remaining': 4816695296, 'postcopy-bytes': 0, 'mbps': 1082.15136, 'transferred': 608412015, 'dirty-sync-missed-zero-copy': 0, 'precopy-bytes': 608411238, 'duplicate': 778967, 'dirty-pages-rate': 0, 'normal-bytes': 600227840, 'normal': 146540}}
2026-07-15 01:48:55.221948SSH command: ssh -o BatchMode=yes -o StrictHostKeyChecking=no -o UserKnownHostsFile=/dev/null -o ConnectTimeout=1 -o LogLevel=ERROR -p 2228 -i /home/max/.ssh/pgvm_bench user@127.0.0.1 test -f /tmp/bench.done
Return code: 1
Stdout: 
Stderr: 
qemu-system-x86_64: terminating on signal 15 from pid 47242 (/home/max/Bachelor-Thesis/Repo/.venv/bin/python)
QMP cmd [src7] query-migrate args={}
QMP reply [src7] query-migrate: {'expected-downtime': 300, 'status': 'active', 'setup-time': 1, 'total-time': 4618, 'ram': {'total': 8607571968, 'postcopy-requests': 0, 'dirty-sync-count': 1, 'multifd-bytes': 0, 'pages-per-second': 33610, 'downtime-bytes': 0, 'page-size': 4096, 'remaining': 4789379072, 'postcopy-bytes': 0, 'mbps': 1082.19096, 'transferred': 635466312, 'dirty-sync-missed-zero-copy': 0, 'precopy-bytes': 635465515, 'duplicate': 779044, 'dirty-pages-rate': 0, 'normal-bytes': 627228672, 'normal': 153132}}
QMP cmd [src7] query-migrate args={}
QMP reply [src7] query-migrate: {'expected-downtime': 300, 'status': 'active', 'setup-time': 1, 'total-time': 4818, 'ram': {'total': 8607571968, 'postcopy-requests': 0, 'dirty-sync-count': 1, 'multifd-bytes': 0, 'pages-per-second': 33040, 'downtime-bytes': 0, 'page-size': 4096, 'remaining': 4762308608, 'postcopy-bytes': 0, 'mbps': 1082.1499199999998, 'transferred': 662520069, 'dirty-sync-missed-zero-copy': 0, 'precopy-bytes': 662519252, 'duplicate': 779061, 'dirty-pages-rate': 0, 'normal-bytes': 654229504, 'normal': 159724}}
QMP cmd [src7] query-migrate args={}
QMP reply [src7] query-migrate: {'expected-downtime': 300, 'status': 'active', 'setup-time': 1, 'total-time': 5019, 'ram': {'total': 8607571968, 'postcopy-requests': 0, 'dirty-sync-count': 1, 'multifd-bytes': 0, 'pages-per-second': 35290, 'downtime-bytes': 0, 'page-size': 4096, 'remaining': 4734337024, 'postcopy-bytes': 0, 'mbps': 1082.3119199999999, 'transferred': 689575806, 'dirty-sync-missed-zero-copy': 0, 'precopy-bytes': 689574969, 'duplicate': 779298, 'dirty-pages-rate': 0, 'normal-bytes': 681230336, 'normal': 166316}}
QMP cmd [src7] migrate-start-postcopy args={}
QMP reply [src7] migrate-start-postcopy: {}
QMP cmd [src7] query-migrate args={}
QMP reply [src7] query-migrate: {'status': 'postcopy-active', 'setup-time': 1, 'downtime': 22, 'total-time': 5220, 'ram': {'total': 8607571968, 'postcopy-requests': 0, 'dirty-sync-count': 2, 'multifd-bytes': 0, 'pages-per-second': 33000, 'downtime-bytes': 0, 'page-size': 4096, 'remaining': 4586381312, 'postcopy-bytes': 251605679, 'mbps': 1082.14704, 'transferred': 941722642, 'dirty-sync-missed-zero-copy': 0, 'precopy-bytes': 689574969, 'duplicate': 780858, 'dirty-pages-rate': 5234, 'normal-bytes': 932331520, 'normal': 227620}}
QMP cmd [src7] query-migrate args={}
QMP reply [src7] query-migrate: {'status': 'postcopy-active', 'setup-time': 1, 'downtime': 22, 'total-time': 5421, 'ram': {'total': 8607571968, 'postcopy-requests': 0, 'dirty-sync-count': 2, 'multifd-bytes': 0, 'pages-per-second': 652568, 'downtime-bytes': 0, 'page-size': 4096, 'remaining': 4061380608, 'postcopy-bytes': 769044592, 'mbps': 20768.972470588236, 'transferred': 1459161595, 'dirty-sync-missed-zero-copy': 0, 'precopy-bytes': 689574969, 'duplicate': 782955, 'dirty-pages-rate': 5234, 'normal-bytes': 1448742912, 'normal': 353697}}
QMP cmd [src7] query-migrate args={}
QMP reply [src7] query-migrate: {'status': 'postcopy-active', 'setup-time': 1, 'downtime': 22, 'total-time': 5623, 'ram': {'total': 8607571968, 'postcopy-requests': 300, 'dirty-sync-count': 2, 'multifd-bytes': 0, 'pages-per-second': 625588, 'downtime-bytes': 0, 'page-size': 4096, 'remaining': 3526791168, 'postcopy-bytes': 1257684202, 'mbps': 20520.04517647059, 'transferred': 1947801245, 'dirty-sync-missed-zero-copy': 0, 'precopy-bytes': 689574969, 'duplicate': 794431, 'dirty-pages-rate': 5234, 'normal-bytes': 1936326656, 'normal': 472736}}
QMP cmd [src7] query-migrate args={}
QMP reply [src7] query-migrate: {'status': 'postcopy-active', 'setup-time': 1, 'downtime': 22, 'total-time': 5824, 'ram': {'total': 8607571968, 'postcopy-requests': 581, 'dirty-sync-count': 2, 'multifd-bytes': 0, 'pages-per-second': 1181509, 'downtime-bytes': 0, 'page-size': 4096, 'remaining': 2517929984, 'postcopy-bytes': 1498606710, 'mbps': 10562.490352941179, 'transferred': 2188723775, 'dirty-sync-missed-zero-copy': 0, 'precopy-bytes': 689574969, 'duplicate': 982443, 'dirty-pages-rate': 5234, 'normal-bytes': 2175090688, 'normal': 531028}}
QMP cmd [src7] query-migrate args={}
QMP reply [src7] query-migrate: {'status': 'postcopy-active', 'setup-time': 1, 'downtime': 22, 'total-time': 6024, 'ram': {'total': 8607571968, 'postcopy-requests': 671, 'dirty-sync-count': 2, 'multifd-bytes': 0, 'pages-per-second': 725352, 'downtime-bytes': 0, 'page-size': 4096, 'remaining': 1925050368, 'postcopy-bytes': 2086792571, 'mbps': 23491.044705882356, 'transferred': 2776909694, 'dirty-sync-missed-zero-copy': 0, 'precopy-bytes': 689574969, 'duplicate': 983872, 'dirty-pages-rate': 5234, 'normal-bytes': 2762117120, 'normal': 674345}}
QMP cmd [src7] query-migrate args={}
QMP reply [src7] query-migrate: {'status': 'postcopy-active', 'setup-time': 1, 'downtime': 22, 'total-time': 6225, 'ram': {'total': 8607571968, 'postcopy-requests': 682, 'dirty-sync-count': 2, 'multifd-bytes': 0, 'pages-per-second': 1773160, 'downtime-bytes': 0, 'page-size': 4096, 'remaining': 463806464, 'postcopy-bytes': 2207206323, 'mbps': 5311.062642857143, 'transferred': 2897417942, 'dirty-sync-missed-zero-copy': 0, 'precopy-bytes': 689574969, 'duplicate': 1312001, 'dirty-pages-rate': 5234, 'normal-bytes': 2879348736, 'normal': 702966}}
QMP cmd [src7] query-migrate args={}
QMP reply [src7] query-migrate: {'status': 'completed', 'setup-time': 1, 'downtime': 22, 'total-time': 6289, 'ram': {'total': 8607571968, 'postcopy-requests': 682, 'dirty-sync-count': 2, 'multifd-bytes': 0, 'pages-per-second': 1961201, 'downtime-bytes': 0, 'page-size': 4096, 'remaining': 0, 'postcopy-bytes': 2208250024, 'mbps': 3687.6519631043257, 'transferred': 2898494443, 'dirty-sync-missed-zero-copy': 0, 'precopy-bytes': 689574969, 'duplicate': 1425229, 'dirty-pages-rate': 0, 'normal-bytes': 2879373312, 'normal': 702972}}
