2026-07-15 01:27:21.307446SSH command: ssh -o BatchMode=yes -o StrictHostKeyChecking=no -o UserKnownHostsFile=/dev/null -o ConnectTimeout=1 -o LogLevel=ERROR -p 2223 -i /home/max/.ssh/pgvm_bench user@127.0.0.1 systemd-analyze
Return code: 0
Stdout: Startup finished in 790ms (kernel) + 2.224s (userspace) = 3.014s 
graphical.target reached after 2.224s in userspace.

Stderr: 
2026-07-15 01:27:21.451554SSH command: ssh -o BatchMode=yes -o StrictHostKeyChecking=no -o UserKnownHostsFile=/dev/null -o ConnectTimeout=1 -o LogLevel=ERROR -p 2223 -i /home/max/.ssh/pgvm_bench user@127.0.0.1 rm -f /tmp/bench.done /tmp/pg-buffer-hit-ratio.csv /tmp/pg-buffer-sampler.log; nohup bash /home/user/pg_sampler.sh /tmp/bench.done /tmp/pg-buffer-hit-ratio.csv ycsb >/tmp/pg-buffer-sampler.log 2>&1 &
Return code: 0
Stdout: 
Stderr: 
QMP cmd [src2] migrate-set-capabilities args={'capabilities': [{'capability': 'auto-converge', 'state': False}, {'capability': 'events', 'state': True}, {'capability': 'postcopy-blocktime', 'state': True}, {'capability': 'postcopy-ram', 'state': True}]}
QMP cmd [src2] query-migrate args={}
QMP reply [src2] migrate-set-capabilities: {}
QMP cmd [src2] migrate args={'uri': 'unix:/tmp/mig.sock'}
QMP reply [src2] query-migrate: {}
QMP reply [src2] migrate: {}
2026-07-15 01:29:01.876378SSH command: ssh -o BatchMode=yes -o StrictHostKeyChecking=no -o UserKnownHostsFile=/dev/null -o ConnectTimeout=1 -o LogLevel=ERROR -p 2223 -i /home/max/.ssh/pgvm_bench user@127.0.0.1 test -f /tmp/bench.done
Return code: 1
Stdout: 
Stderr: 
QMP cmd [src2] query-migrate args={}
QMP reply [src2] query-migrate: {'expected-downtime': 300, 'status': 'active', 'setup-time': 1, 'total-time': 201, 'ram': {'total': 8607571968, 'postcopy-requests': 0, 'dirty-sync-count': 1, 'multifd-bytes': 0, 'pages-per-second': 35530, 'downtime-bytes': 0, 'page-size': 4096, 'remaining': 8570355712, 'postcopy-bytes': 0, 'mbps': 1082.3292, 'transferred': 30868669, 'dirty-sync-missed-zero-copy': 0, 'precopy-bytes': 30900749, 'duplicate': 1558, 'dirty-pages-rate': 0, 'normal-bytes': 30826496, 'normal': 7526}}
QMP cmd [src2] query-migrate args={}
QMP reply [src2] query-migrate: {'expected-downtime': 300, 'status': 'active', 'setup-time': 1, 'total-time': 402, 'ram': {'total': 8607571968, 'postcopy-requests': 0, 'dirty-sync-count': 1, 'multifd-bytes': 0, 'pages-per-second': 2045870, 'downtime-bytes': 0, 'page-size': 4096, 'remaining': 7677075456, 'postcopy-bytes': 0, 'mbps': 1073.75688, 'transferred': 62127055, 'dirty-sync-missed-zero-copy': 0, 'precopy-bytes': 62261553, 'duplicate': 212465, 'dirty-pages-rate': 0, 'normal-bytes': 60231680, 'normal': 14705}}
QMP cmd [src2] query-migrate args={}
QMP reply [src2] query-migrate: {'expected-downtime': 300, 'status': 'active', 'setup-time': 1, 'total-time': 603, 'ram': {'total': 8607571968, 'postcopy-requests': 0, 'dirty-sync-count': 1, 'multifd-bytes': 0, 'pages-per-second': 32960, 'downtime-bytes': 0, 'page-size': 4096, 'remaining': 6771646464, 'postcopy-bytes': 0, 'mbps': 1082.1441599999998, 'transferred': 94521681, 'dirty-sync-missed-zero-copy': 0, 'precopy-bytes': 94521294, 'duplicate': 426127, 'dirty-pages-rate': 0, 'normal-bytes': 90509312, 'normal': 22097}}
QMP cmd [src2] query-migrate args={}
QMP reply [src2] query-migrate: {'expected-downtime': 300, 'status': 'active', 'setup-time': 1, 'total-time': 803, 'ram': {'total': 8607571968, 'postcopy-requests': 0, 'dirty-sync-count': 1, 'multifd-bytes': 0, 'pages-per-second': 35210, 'downtime-bytes': 0, 'page-size': 4096, 'remaining': 6741127168, 'postcopy-bytes': 0, 'mbps': 1082.3061599999999, 'transferred': 121583016, 'dirty-sync-missed-zero-copy': 0, 'precopy-bytes': 121582609, 'duplicate': 426986, 'dirty-pages-rate': 0, 'normal-bytes': 117510144, 'normal': 28689}}
QMP cmd [src2] query-migrate args={}
QMP reply [src2] query-migrate: {'expected-downtime': 300, 'status': 'active', 'setup-time': 1, 'total-time': 1004, 'ram': {'total': 8607571968, 'postcopy-requests': 0, 'dirty-sync-count': 1, 'multifd-bytes': 0, 'pages-per-second': 3328390, 'downtime-bytes': 0, 'page-size': 4096, 'remaining': 5351776256, 'postcopy-bytes': 0, 'mbps': 1074.37032, 'transferred': 148435965, 'dirty-sync-missed-zero-copy': 0, 'precopy-bytes': 148435538, 'duplicate': 760371, 'dirty-pages-rate': 0, 'normal-bytes': 141316096, 'normal': 34501}}
QMP cmd [src2] query-migrate args={}
QMP reply [src2] query-migrate: {'expected-downtime': 300, 'status': 'active', 'setup-time': 1, 'total-time': 1205, 'ram': {'total': 8607571968, 'postcopy-requests': 0, 'dirty-sync-count': 1, 'multifd-bytes': 0, 'pages-per-second': 42210, 'downtime-bytes': 0, 'page-size': 4096, 'remaining': 5316788224, 'postcopy-bytes': 0, 'mbps': 1082.81016, 'transferred': 175375756, 'dirty-sync-missed-zero-copy': 0, 'precopy-bytes': 175502568, 'duplicate': 762321, 'dirty-pages-rate': 0, 'normal-bytes': 168312832, 'normal': 41092}}
QMP cmd [src2] query-migrate args={}
QMP reply [src2] query-migrate: {'expected-downtime': 300, 'status': 'active', 'setup-time': 1, 'total-time': 1406, 'ram': {'total': 8607571968, 'postcopy-requests': 0, 'dirty-sync-count': 1, 'multifd-bytes': 0, 'pages-per-second': 47050, 'downtime-bytes': 0, 'page-size': 4096, 'remaining': 5283659776, 'postcopy-bytes': 0, 'mbps': 1083.1586399999999, 'transferred': 202574187, 'dirty-sync-missed-zero-copy': 0, 'precopy-bytes': 202573720, 'duplicate': 763817, 'dirty-pages-rate': 0, 'normal-bytes': 195317760, 'normal': 47685}}
QMP cmd [src2] query-migrate args={}
QMP reply [src2] query-migrate: {'expected-downtime': 300, 'status': 'active', 'setup-time': 1, 'total-time': 1607, 'ram': {'total': 8607571968, 'postcopy-requests': 0, 'dirty-sync-count': 1, 'multifd-bytes': 0, 'pages-per-second': 43920, 'downtime-bytes': 0, 'page-size': 4096, 'remaining': 5252096000, 'postcopy-bytes': 0, 'mbps': 1082.93328, 'transferred': 229637817, 'dirty-sync-missed-zero-copy': 0, 'precopy-bytes': 229637330, 'duplicate': 764931, 'dirty-pages-rate': 0, 'normal-bytes': 222318592, 'normal': 54277}}
QMP cmd [src2] query-migrate args={}
QMP reply [src2] query-migrate: {'expected-downtime': 300, 'status': 'active', 'setup-time': 1, 'total-time': 1807, 'ram': {'total': 8607571968, 'postcopy-requests': 0, 'dirty-sync-count': 1, 'multifd-bytes': 0, 'pages-per-second': 33100, 'downtime-bytes': 0, 'page-size': 4096, 'remaining': 5228756992, 'postcopy-bytes': 0, 'mbps': 1082.15424, 'transferred': 252227719, 'dirty-sync-missed-zero-copy': 0, 'precopy-bytes': 252354444, 'duplicate': 765093, 'dirty-pages-rate': 0, 'normal-bytes': 244989952, 'normal': 59812}}
QMP cmd [src2] query-migrate args={}
QMP reply [src2] query-migrate: {'expected-downtime': 300, 'status': 'active', 'setup-time': 1, 'total-time': 2008, 'ram': {'total': 8607571968, 'postcopy-requests': 0, 'dirty-sync-count': 1, 'multifd-bytes': 0, 'pages-per-second': 38710, 'downtime-bytes': 0, 'page-size': 4096, 'remaining': 5192134656, 'postcopy-bytes': 0, 'mbps': 1082.5581599999998, 'transferred': 279040384, 'dirty-sync-missed-zero-copy': 0, 'precopy-bytes': 279167089, 'duplicate': 767506, 'dirty-pages-rate': 0, 'normal-bytes': 271728640, 'normal': 66340}}
QMP cmd [src2] query-migrate args={}
QMP reply [src2] query-migrate: {'expected-downtime': 300, 'status': 'active', 'setup-time': 1, 'total-time': 2209, 'ram': {'total': 8607571968, 'postcopy-requests': 0, 'dirty-sync-count': 1, 'multifd-bytes': 0, 'pages-per-second': 32980, 'downtime-bytes': 0, 'page-size': 4096, 'remaining': 5140860928, 'postcopy-bytes': 0, 'mbps': 1082.1456, 'transferred': 308809072, 'dirty-sync-missed-zero-copy': 0, 'precopy-bytes': 308935757, 'duplicate': 772782, 'dirty-pages-rate': 0, 'normal-bytes': 301391872, 'normal': 73582}}
2026-07-15 01:29:04.044795SSH command: ssh -o BatchMode=yes -o StrictHostKeyChecking=no -o UserKnownHostsFile=/dev/null -o ConnectTimeout=1 -o LogLevel=ERROR -p 2223 -i /home/max/.ssh/pgvm_bench user@127.0.0.1 test -f /tmp/bench.done
Return code: 1
Stdout: 
Stderr: 
QMP cmd [src2] query-migrate args={}
QMP reply [src2] query-migrate: {'expected-downtime': 300, 'status': 'active', 'setup-time': 1, 'total-time': 2411, 'ram': {'total': 8607571968, 'postcopy-requests': 0, 'dirty-sync-count': 1, 'multifd-bytes': 0, 'pages-per-second': 43370, 'downtime-bytes': 0, 'page-size': 4096, 'remaining': 5103542272, 'postcopy-bytes': 0, 'mbps': 1082.89368, 'transferred': 336147427, 'dirty-sync-missed-zero-copy': 0, 'precopy-bytes': 336274092, 'duplicate': 775237, 'dirty-pages-rate': 0, 'normal-bytes': 328654848, 'normal': 80238}}
QMP cmd [src2] query-migrate args={}
QMP reply [src2] query-migrate: {'expected-downtime': 300, 'status': 'active', 'setup-time': 1, 'total-time': 2611, 'ram': {'total': 8607571968, 'postcopy-requests': 0, 'dirty-sync-count': 1, 'multifd-bytes': 0, 'pages-per-second': 33020, 'downtime-bytes': 0, 'page-size': 4096, 'remaining': 5074903040, 'postcopy-bytes': 0, 'mbps': 1082.14848, 'transferred': 364908447, 'dirty-sync-missed-zero-copy': 0, 'precopy-bytes': 364907860, 'duplicate': 775253, 'dirty-pages-rate': 0, 'normal-bytes': 357232640, 'normal': 87215}}
QMP cmd [src2] query-migrate args={}
QMP reply [src2] query-migrate: {'expected-downtime': 300, 'status': 'active', 'setup-time': 1, 'total-time': 2812, 'ram': {'total': 8607571968, 'postcopy-requests': 0, 'dirty-sync-count': 1, 'multifd-bytes': 0, 'pages-per-second': 33850, 'downtime-bytes': 0, 'page-size': 4096, 'remaining': 5047529472, 'postcopy-bytes': 0, 'mbps': 1082.20824, 'transferred': 391962870, 'dirty-sync-missed-zero-copy': 0, 'precopy-bytes': 391962263, 'duplicate': 775344, 'dirty-pages-rate': 0, 'normal-bytes': 384233472, 'normal': 93807}}
QMP cmd [src2] query-migrate args={}
QMP reply [src2] query-migrate: {'expected-downtime': 300, 'status': 'active', 'setup-time': 1, 'total-time': 3013, 'ram': {'total': 8607571968, 'postcopy-requests': 0, 'dirty-sync-count': 1, 'multifd-bytes': 0, 'pages-per-second': 42250, 'downtime-bytes': 0, 'page-size': 4096, 'remaining': 5011808256, 'postcopy-bytes': 0, 'mbps': 1082.81304, 'transferred': 419035635, 'dirty-sync-missed-zero-copy': 0, 'precopy-bytes': 419035008, 'duplicate': 777473, 'dirty-pages-rate': 0, 'normal-bytes': 411234304, 'normal': 100399}}
QMP cmd [src2] query-migrate args={}
QMP reply [src2] query-migrate: {'expected-downtime': 300, 'status': 'active', 'setup-time': 1, 'total-time': 3214, 'ram': {'total': 8607571968, 'postcopy-requests': 0, 'dirty-sync-count': 1, 'multifd-bytes': 0, 'pages-per-second': 43960, 'downtime-bytes': 0, 'page-size': 4096, 'remaining': 4980297728, 'postcopy-bytes': 0, 'mbps': 1082.93616, 'transferred': 446099148, 'dirty-sync-missed-zero-copy': 0, 'precopy-bytes': 446098501, 'duplicate': 778574, 'dirty-pages-rate': 0, 'normal-bytes': 438235136, 'normal': 106991}}
QMP cmd [src2] query-migrate args={}
QMP reply [src2] query-migrate: {'expected-downtime': 300, 'status': 'active', 'setup-time': 1, 'total-time': 3415, 'ram': {'total': 8607571968, 'postcopy-requests': 0, 'dirty-sync-count': 1, 'multifd-bytes': 0, 'pages-per-second': 33130, 'downtime-bytes': 0, 'page-size': 4096, 'remaining': 4953096192, 'postcopy-bytes': 0, 'mbps': 1082.1563999999998, 'transferred': 473153193, 'dirty-sync-missed-zero-copy': 0, 'precopy-bytes': 473152526, 'duplicate': 778623, 'dirty-pages-rate': 0, 'normal-bytes': 465235968, 'normal': 113583}}
QMP cmd [src2] query-migrate args={}
QMP reply [src2] query-migrate: {'expected-downtime': 300, 'status': 'active', 'setup-time': 1, 'total-time': 3615, 'ram': {'total': 8607571968, 'postcopy-requests': 0, 'dirty-sync-count': 1, 'multifd-bytes': 0, 'pages-per-second': 33370, 'downtime-bytes': 0, 'page-size': 4096, 'remaining': 4925317120, 'postcopy-bytes': 0, 'mbps': 1082.1736799999999, 'transferred': 500208507, 'dirty-sync-missed-zero-copy': 0, 'precopy-bytes': 500207820, 'duplicate': 778813, 'dirty-pages-rate': 0, 'normal-bytes': 492236800, 'normal': 120175}}
QMP cmd [src2] query-migrate args={}
QMP reply [src2] query-migrate: {'expected-downtime': 300, 'status': 'active', 'setup-time': 1, 'total-time': 3816, 'ram': {'total': 8607571968, 'postcopy-requests': 0, 'dirty-sync-count': 1, 'multifd-bytes': 0, 'pages-per-second': 33510, 'downtime-bytes': 0, 'page-size': 4096, 'remaining': 4895715328, 'postcopy-bytes': 0, 'mbps': 1082.1837600000001, 'transferred': 527267826, 'dirty-sync-missed-zero-copy': 0, 'precopy-bytes': 527267119, 'duplicate': 779448, 'dirty-pages-rate': 0, 'normal-bytes': 519237632, 'normal': 126767}}
QMP cmd [src2] query-migrate args={}
QMP reply [src2] query-migrate: {'expected-downtime': 300, 'status': 'active', 'setup-time': 1, 'total-time': 4017, 'ram': {'total': 8607571968, 'postcopy-requests': 0, 'dirty-sync-count': 1, 'multifd-bytes': 0, 'pages-per-second': 33670, 'downtime-bytes': 0, 'page-size': 4096, 'remaining': 4868075520, 'postcopy-bytes': 0, 'mbps': 1082.1952800000001, 'transferred': 554322834, 'dirty-sync-missed-zero-copy': 0, 'precopy-bytes': 554322107, 'duplicate': 779604, 'dirty-pages-rate': 0, 'normal-bytes': 546238464, 'normal': 133359}}
QMP cmd [src2] query-migrate args={}
QMP reply [src2] query-migrate: {'expected-downtime': 300, 'status': 'active', 'setup-time': 1, 'total-time': 4218, 'ram': {'total': 8607571968, 'postcopy-requests': 0, 'dirty-sync-count': 1, 'multifd-bytes': 0, 'pages-per-second': 34130, 'downtime-bytes': 0, 'page-size': 4096, 'remaining': 4840493056, 'postcopy-bytes': 0, 'mbps': 1082.2284, 'transferred': 581377716, 'dirty-sync-missed-zero-copy': 0, 'precopy-bytes': 581376969, 'duplicate': 779746, 'dirty-pages-rate': 0, 'normal-bytes': 573239296, 'normal': 139951}}
QMP cmd [src2] query-migrate args={}
QMP reply [src2] query-migrate: {'expected-downtime': 300, 'status': 'active', 'setup-time': 1, 'total-time': 4420, 'ram': {'total': 8607571968, 'postcopy-requests': 0, 'dirty-sync-count': 1, 'multifd-bytes': 0, 'pages-per-second': 33080, 'downtime-bytes': 0, 'page-size': 4096, 'remaining': 4813172736, 'postcopy-bytes': 0, 'mbps': 1082.1528, 'transferred': 608432022, 'dirty-sync-missed-zero-copy': 0, 'precopy-bytes': 608431255, 'duplicate': 779824, 'dirty-pages-rate': 0, 'normal-bytes': 600240128, 'normal': 146543}}
2026-07-15 01:29:06.210764SSH command: ssh -o BatchMode=yes -o StrictHostKeyChecking=no -o UserKnownHostsFile=/dev/null -o ConnectTimeout=1 -o LogLevel=ERROR -p 2223 -i /home/max/.ssh/pgvm_bench user@127.0.0.1 test -f /tmp/bench.done
Return code: 1
Stdout: 
Stderr: 
qemu-system-x86_64: terminating on signal 15 from pid 47242 (/home/max/Bachelor-Thesis/Repo/.venv/bin/python)
QMP cmd [src2] query-migrate args={}
QMP reply [src2] query-migrate: {'expected-downtime': 300, 'status': 'active', 'setup-time': 1, 'total-time': 4622, 'ram': {'total': 8607571968, 'postcopy-requests': 0, 'dirty-sync-count': 1, 'multifd-bytes': 0, 'pages-per-second': 33330, 'downtime-bytes': 0, 'page-size': 4096, 'remaining': 4785991680, 'postcopy-bytes': 0, 'mbps': 1082.1708, 'transferred': 635486022, 'dirty-sync-missed-zero-copy': 0, 'precopy-bytes': 635485235, 'duplicate': 779868, 'dirty-pages-rate': 0, 'normal-bytes': 627240960, 'normal': 153135}}
QMP cmd [src2] query-migrate args={}
QMP reply [src2] query-migrate: {'expected-downtime': 300, 'status': 'active', 'setup-time': 1, 'total-time': 4822, 'ram': {'total': 8607571968, 'postcopy-requests': 0, 'dirty-sync-count': 1, 'multifd-bytes': 0, 'pages-per-second': 33000, 'downtime-bytes': 0, 'page-size': 4096, 'remaining': 4758974464, 'postcopy-bytes': 0, 'mbps': 1082.14704, 'transferred': 662539662, 'dirty-sync-missed-zero-copy': 0, 'precopy-bytes': 662538855, 'duplicate': 779872, 'dirty-pages-rate': 0, 'normal-bytes': 654241792, 'normal': 159727}}
QMP cmd [src2] query-migrate args={}
QMP reply [src2] query-migrate: {'expected-downtime': 300, 'status': 'active', 'setup-time': 1, 'total-time': 5023, 'ram': {'total': 8607571968, 'postcopy-requests': 0, 'dirty-sync-count': 1, 'multifd-bytes': 0, 'pages-per-second': 33010, 'downtime-bytes': 0, 'page-size': 4096, 'remaining': 4731863040, 'postcopy-bytes': 0, 'mbps': 1082.14776, 'transferred': 689593509, 'dirty-sync-missed-zero-copy': 0, 'precopy-bytes': 689592682, 'duplicate': 779899, 'dirty-pages-rate': 0, 'normal-bytes': 681242624, 'normal': 166319}}
QMP cmd [src2] migrate-start-postcopy args={}
QMP reply [src2] migrate-start-postcopy: {}
QMP cmd [src2] query-migrate args={}
QMP reply [src2] query-migrate: {'status': 'postcopy-active', 'setup-time': 1, 'downtime': 15, 'total-time': 5225, 'ram': {'total': 8607571968, 'postcopy-requests': 0, 'dirty-sync-count': 2, 'multifd-bytes': 0, 'pages-per-second': 567264, 'downtime-bytes': 0, 'page-size': 4096, 'remaining': 4545064960, 'postcopy-bytes': 278508874, 'mbps': 17805.302358974357, 'transferred': 968644660, 'dirty-sync-missed-zero-copy': 0, 'precopy-bytes': 689592682, 'duplicate': 782990, 'dirty-pages-rate': 4968, 'normal-bytes': 959180800, 'normal': 234175}}
QMP cmd [src2] query-migrate args={}
QMP reply [src2] query-migrate: {'status': 'postcopy-active', 'setup-time': 1, 'downtime': 15, 'total-time': 5425, 'ram': {'total': 8607571968, 'postcopy-requests': 0, 'dirty-sync-count': 2, 'multifd-bytes': 0, 'pages-per-second': 653196, 'downtime-bytes': 0, 'page-size': 4096, 'remaining': 4013551616, 'postcopy-bytes': 796760596, 'mbps': 20651.145882352943, 'transferred': 1486773310, 'dirty-sync-missed-zero-copy': 0, 'precopy-bytes': 689592682, 'duplicate': 786480, 'dirty-pages-rate': 4968, 'normal-bytes': 1476378624, 'normal': 360444}}
QMP cmd [src2] query-migrate args={}
QMP reply [src2] query-migrate: {'status': 'postcopy-active', 'setup-time': 1, 'downtime': 15, 'total-time': 5628, 'ram': {'total': 8607571968, 'postcopy-requests': 593, 'dirty-sync-count': 2, 'multifd-bytes': 0, 'pages-per-second': 659470, 'downtime-bytes': 0, 'page-size': 4096, 'remaining': 3208552448, 'postcopy-bytes': 1191432638, 'mbps': 20134.843372549025, 'transferred': 1881662962, 'dirty-sync-missed-zero-copy': 0, 'precopy-bytes': 689592682, 'duplicate': 887069, 'dirty-pages-rate': 4968, 'normal-bytes': 1869389824, 'normal': 456394}}
QMP cmd [src2] query-migrate args={}
QMP reply [src2] query-migrate: {'status': 'postcopy-active', 'setup-time': 1, 'downtime': 15, 'total-time': 5829, 'ram': {'total': 8607571968, 'postcopy-requests': 787, 'dirty-sync-count': 2, 'multifd-bytes': 0, 'pages-per-second': 825805, 'downtime-bytes': 0, 'page-size': 4096, 'remaining': 2618941440, 'postcopy-bytes': 1698964395, 'mbps': 21334.69537864078, 'transferred': 2389100291, 'dirty-sync-missed-zero-copy': 0, 'precopy-bytes': 689592682, 'duplicate': 907393, 'dirty-pages-rate': 4968, 'normal-bytes': 2375749632, 'normal': 580017}}
QMP cmd [src2] query-migrate args={}
QMP reply [src2] query-migrate: {'status': 'postcopy-active', 'setup-time': 1, 'downtime': 15, 'total-time': 6030, 'ram': {'total': 8607571968, 'postcopy-requests': 882, 'dirty-sync-count': 2, 'multifd-bytes': 0, 'pages-per-second': 969961, 'downtime-bytes': 0, 'page-size': 4096, 'remaining': 1705484288, 'postcopy-bytes': 2092555902, 'mbps': 17558.90912621359, 'transferred': 2782786305, 'dirty-sync-missed-zero-copy': 0, 'precopy-bytes': 689592682, 'duplicate': 1034781, 'dirty-pages-rate': 4968, 'normal-bytes': 2767429632, 'normal': 675642}}
QMP cmd [src2] query-migrate args={}
QMP reply [src2] query-migrate: {'status': 'postcopy-active', 'setup-time': 1, 'downtime': 15, 'total-time': 6231, 'ram': {'total': 8607571968, 'postcopy-requests': 902, 'dirty-sync-count': 2, 'multifd-bytes': 0, 'pages-per-second': 1541783, 'downtime-bytes': 0, 'page-size': 4096, 'remaining': 427372544, 'postcopy-bytes': 2251617200, 'mbps': 7567.895351351351, 'transferred': 2941870919, 'dirty-sync-missed-zero-copy': 0, 'precopy-bytes': 689592682, 'duplicate': 1308662, 'dirty-pages-rate': 4968, 'normal-bytes': 2923720704, 'normal': 713799}}
QMP cmd [src2] query-migrate args={}
QMP reply [src2] query-migrate: {'status': 'completed', 'setup-time': 1, 'downtime': 15, 'total-time': 6292, 'ram': {'total': 8607571968, 'postcopy-requests': 902, 'dirty-sync-count': 2, 'multifd-bytes': 0, 'pages-per-second': 1811446, 'downtime-bytes': 0, 'page-size': 4096, 'remaining': 0, 'postcopy-bytes': 2253367086, 'mbps': 3743.290831982197, 'transferred': 2943630328, 'dirty-sync-missed-zero-copy': 0, 'precopy-bytes': 689592682, 'duplicate': 1412804, 'dirty-pages-rate': 0, 'normal-bytes': 2924531712, 'normal': 713997}}
