2026-07-15 01:58:58.558944SSH command: ssh -o BatchMode=yes -o StrictHostKeyChecking=no -o UserKnownHostsFile=/dev/null -o ConnectTimeout=1 -o LogLevel=ERROR -p 2231 -i /home/max/.ssh/pgvm_bench user@127.0.0.1 systemd-analyze
Return code: 0
Stdout: Startup finished in 805ms (kernel) + 2.254s (userspace) = 3.060s 
graphical.target reached after 2.251s in userspace.

Stderr: 
2026-07-15 01:58:58.700099SSH command: ssh -o BatchMode=yes -o StrictHostKeyChecking=no -o UserKnownHostsFile=/dev/null -o ConnectTimeout=1 -o LogLevel=ERROR -p 2231 -i /home/max/.ssh/pgvm_bench user@127.0.0.1 rm -f /tmp/bench.done /tmp/pg-buffer-hit-ratio.csv /tmp/pg-buffer-sampler.log; nohup bash /home/user/pg_sampler.sh /tmp/bench.done /tmp/pg-buffer-hit-ratio.csv ycsb >/tmp/pg-buffer-sampler.log 2>&1 &
Return code: 0
Stdout: 
Stderr: 
QMP cmd [src10] migrate-set-capabilities args={'capabilities': [{'capability': 'auto-converge', 'state': False}, {'capability': 'events', 'state': True}, {'capability': 'postcopy-blocktime', 'state': True}, {'capability': 'postcopy-ram', 'state': True}]}
QMP cmd [src10] query-migrate args={}
QMP reply [src10] migrate-set-capabilities: {}
QMP cmd [src10] migrate args={'uri': 'unix:/tmp/mig.sock'}
QMP reply [src10] query-migrate: {}
QMP reply [src10] migrate: {}
2026-07-15 02:00:39.137121SSH command: ssh -o BatchMode=yes -o StrictHostKeyChecking=no -o UserKnownHostsFile=/dev/null -o ConnectTimeout=1 -o LogLevel=ERROR -p 2231 -i /home/max/.ssh/pgvm_bench user@127.0.0.1 test -f /tmp/bench.done
Return code: 1
Stdout: 
Stderr: 
QMP cmd [src10] query-migrate args={}
QMP reply [src10] query-migrate: {'expected-downtime': 300, 'status': 'active', 'setup-time': 1, 'total-time': 201, 'ram': {'total': 8607571968, 'postcopy-requests': 0, 'dirty-sync-count': 1, 'multifd-bytes': 0, 'pages-per-second': 37300, 'downtime-bytes': 0, 'page-size': 4096, 'remaining': 8577740800, 'postcopy-bytes': 0, 'mbps': 1082.4825600000001, 'transferred': 27060147, 'dirty-sync-missed-zero-copy': 0, 'precopy-bytes': 27059810, 'duplicate': 691, 'dirty-pages-rate': 0, 'normal-bytes': 27000832, 'normal': 6592}}
QMP cmd [src10] query-migrate args={}
QMP reply [src10] query-migrate: {'expected-downtime': 300, 'status': 'active', 'setup-time': 1, 'total-time': 402, 'ram': {'total': 8607571968, 'postcopy-requests': 0, 'dirty-sync-count': 1, 'multifd-bytes': 0, 'pages-per-second': 2045870, 'downtime-bytes': 0, 'page-size': 4096, 'remaining': 7687237632, 'postcopy-bytes': 0, 'mbps': 1074.08448, 'transferred': 55433422, 'dirty-sync-missed-zero-copy': 0, 'precopy-bytes': 55560287, 'duplicate': 211616, 'dirty-pages-rate': 0, 'normal-bytes': 53551104, 'normal': 13074}}
QMP cmd [src10] query-migrate args={}
QMP reply [src10] query-migrate: {'expected-downtime': 300, 'status': 'active', 'setup-time': 1, 'total-time': 602, 'ram': {'total': 8607571968, 'postcopy-requests': 0, 'dirty-sync-count': 1, 'multifd-bytes': 0, 'pages-per-second': 163670, 'downtime-bytes': 0, 'page-size': 4096, 'remaining': 5365067776, 'postcopy-bytes': 0, 'mbps': 1079.43408, 'transferred': 82980577, 'dirty-sync-missed-zero-copy': 0, 'precopy-bytes': 83107422, 'duplicate': 773071, 'dirty-pages-rate': 0, 'normal-bytes': 76001280, 'normal': 18555}}
QMP cmd [src10] query-migrate args={}
QMP reply [src10] query-migrate: {'expected-downtime': 300, 'status': 'active', 'setup-time': 1, 'total-time': 803, 'ram': {'total': 8607571968, 'postcopy-requests': 0, 'dirty-sync-count': 1, 'multifd-bytes': 0, 'pages-per-second': 37600, 'downtime-bytes': 0, 'page-size': 4096, 'remaining': 5323022336, 'postcopy-bytes': 0, 'mbps': 1082.47824, 'transferred': 109411813, 'dirty-sync-missed-zero-copy': 0, 'precopy-bytes': 109538863, 'duplicate': 776904, 'dirty-pages-rate': 0, 'normal-bytes': 102346752, 'normal': 24987}}
QMP cmd [src10] query-migrate args={}
QMP reply [src10] query-migrate: {'expected-downtime': 300, 'status': 'active', 'setup-time': 1, 'total-time': 1004, 'ram': {'total': 8607571968, 'postcopy-requests': 0, 'dirty-sync-count': 1, 'multifd-bytes': 0, 'pages-per-second': 46030, 'downtime-bytes': 0, 'page-size': 4096, 'remaining': 5288845312, 'postcopy-bytes': 0, 'mbps': 1083.0852, 'transferred': 137529730, 'dirty-sync-missed-zero-copy': 0, 'precopy-bytes': 137656535, 'duplicate': 778400, 'dirty-pages-rate': 0, 'normal-bytes': 130396160, 'normal': 31835}}
QMP cmd [src10] query-migrate args={}
QMP reply [src10] query-migrate: {'expected-downtime': 300, 'status': 'active', 'setup-time': 1, 'total-time': 1204, 'ram': {'total': 8607571968, 'postcopy-requests': 0, 'dirty-sync-count': 1, 'multifd-bytes': 0, 'pages-per-second': 42690, 'downtime-bytes': 0, 'page-size': 4096, 'remaining': 5255569408, 'postcopy-bytes': 0, 'mbps': 1082.84472, 'transferred': 166300642, 'dirty-sync-missed-zero-copy': 0, 'precopy-bytes': 166427427, 'duplicate': 779516, 'dirty-pages-rate': 0, 'normal-bytes': 159100928, 'normal': 38843}}
QMP cmd [src10] query-migrate args={}
QMP reply [src10] query-migrate: {'expected-downtime': 300, 'status': 'active', 'setup-time': 1, 'total-time': 1405, 'ram': {'total': 8607571968, 'postcopy-requests': 0, 'dirty-sync-count': 1, 'multifd-bytes': 0, 'pages-per-second': 35210, 'downtime-bytes': 0, 'page-size': 4096, 'remaining': 5224611840, 'postcopy-bytes': 0, 'mbps': 1082.3061599999999, 'transferred': 195066460, 'dirty-sync-missed-zero-copy': 0, 'precopy-bytes': 195193225, 'duplicate': 780066, 'dirty-pages-rate': 0, 'normal-bytes': 187805696, 'normal': 45851}}
QMP cmd [src10] query-migrate args={}
QMP reply [src10] query-migrate: {'expected-downtime': 300, 'status': 'active', 'setup-time': 1, 'total-time': 1606, 'ram': {'total': 8607571968, 'postcopy-requests': 0, 'dirty-sync-count': 1, 'multifd-bytes': 0, 'pages-per-second': 61680, 'downtime-bytes': 0, 'page-size': 4096, 'remaining': 5178388480, 'postcopy-bytes': 0, 'mbps': 1084.212, 'transferred': 229107421, 'dirty-sync-missed-zero-copy': 0, 'precopy-bytes': 229234166, 'duplicate': 783063, 'dirty-pages-rate': 0, 'normal-bytes': 221753344, 'normal': 54139}}
QMP cmd [src10] query-migrate args={}
QMP reply [src10] query-migrate: {'expected-downtime': 300, 'status': 'active', 'setup-time': 1, 'total-time': 1807, 'ram': {'total': 8607571968, 'postcopy-requests': 0, 'dirty-sync-count': 1, 'multifd-bytes': 0, 'pages-per-second': 77534, 'downtime-bytes': 0, 'page-size': 4096, 'remaining': 5140623360, 'postcopy-bytes': 0, 'mbps': 1064.9320396039602, 'transferred': 248068378, 'dirty-sync-missed-zero-copy': 0, 'precopy-bytes': 248195112, 'duplicate': 787673, 'dirty-pages-rate': 0, 'normal-bytes': 240635904, 'normal': 58749}}
QMP cmd [src10] query-migrate args={}
QMP reply [src10] query-migrate: {'expected-downtime': 300, 'status': 'active', 'setup-time': 1, 'total-time': 2008, 'ram': {'total': 8607571968, 'postcopy-requests': 0, 'dirty-sync-count': 1, 'multifd-bytes': 0, 'pages-per-second': 35480, 'downtime-bytes': 0, 'page-size': 4096, 'remaining': 5104971776, 'postcopy-bytes': 0, 'mbps': 1082.3256000000001, 'transferred': 281430919, 'dirty-sync-missed-zero-copy': 0, 'precopy-bytes': 281557624, 'duplicate': 788249, 'dirty-pages-rate': 0, 'normal-bytes': 273928192, 'normal': 66877}}
QMP cmd [src10] query-migrate args={}
QMP reply [src10] query-migrate: {'expected-downtime': 300, 'status': 'active', 'setup-time': 1, 'total-time': 2208, 'ram': {'total': 8607571968, 'postcopy-requests': 0, 'dirty-sync-count': 1, 'multifd-bytes': 0, 'pages-per-second': 33030, 'downtime-bytes': 0, 'page-size': 4096, 'remaining': 5075419136, 'postcopy-bytes': 0, 'mbps': 1082.1492, 'transferred': 310849146, 'dirty-sync-missed-zero-copy': 0, 'precopy-bytes': 310848599, 'duplicate': 788328, 'dirty-pages-rate': 0, 'normal-bytes': 303161344, 'normal': 74014}}
2026-07-15 02:00:41.318146SSH command: ssh -o BatchMode=yes -o StrictHostKeyChecking=no -o UserKnownHostsFile=/dev/null -o ConnectTimeout=1 -o LogLevel=ERROR -p 2231 -i /home/max/.ssh/pgvm_bench user@127.0.0.1 test -f /tmp/bench.done
Return code: 1
Stdout: 
Stderr: 
QMP cmd [src10] query-migrate args={}
QMP reply [src10] query-migrate: {'expected-downtime': 300, 'status': 'active', 'setup-time': 1, 'total-time': 2410, 'ram': {'total': 8607571968, 'postcopy-requests': 0, 'dirty-sync-count': 1, 'multifd-bytes': 0, 'pages-per-second': 32980, 'downtime-bytes': 0, 'page-size': 4096, 'remaining': 5044891648, 'postcopy-bytes': 0, 'mbps': 1082.1456, 'transferred': 337910499, 'dirty-sync-missed-zero-copy': 0, 'precopy-bytes': 337909932, 'duplicate': 789189, 'dirty-pages-rate': 0, 'normal-bytes': 330162176, 'normal': 80606}}
QMP cmd [src10] query-migrate args={}
QMP reply [src10] query-migrate: {'expected-downtime': 300, 'status': 'active', 'setup-time': 1, 'total-time': 2611, 'ram': {'total': 8607571968, 'postcopy-requests': 0, 'dirty-sync-count': 1, 'multifd-bytes': 0, 'pages-per-second': 58380, 'downtime-bytes': 0, 'page-size': 4096, 'remaining': 5007261696, 'postcopy-bytes': 0, 'mbps': 1083.9743999999998, 'transferred': 364594006, 'dirty-sync-missed-zero-copy': 0, 'precopy-bytes': 364720687, 'duplicate': 791848, 'dirty-pages-rate': 0, 'normal-bytes': 356896768, 'normal': 87133}}
QMP cmd [src10] query-migrate args={}
QMP reply [src10] query-migrate: {'expected-downtime': 300, 'status': 'active', 'setup-time': 1, 'total-time': 2811, 'ram': {'total': 8607571968, 'postcopy-requests': 0, 'dirty-sync-count': 1, 'multifd-bytes': 0, 'pages-per-second': 43190, 'downtime-bytes': 0, 'page-size': 4096, 'remaining': 4973301760, 'postcopy-bytes': 0, 'mbps': 1082.8807199999999, 'transferred': 392056353, 'dirty-sync-missed-zero-copy': 0, 'precopy-bytes': 392055746, 'duplicate': 793483, 'dirty-pages-rate': 0, 'normal-bytes': 384163840, 'normal': 93790}}
QMP cmd [src10] query-migrate args={}
QMP reply [src10] query-migrate: {'expected-downtime': 300, 'status': 'active', 'setup-time': 1, 'total-time': 3012, 'ram': {'total': 8607571968, 'postcopy-requests': 0, 'dirty-sync-count': 1, 'multifd-bytes': 0, 'pages-per-second': 33280, 'downtime-bytes': 0, 'page-size': 4096, 'remaining': 4946169856, 'postcopy-bytes': 0, 'mbps': 1082.1671999999999, 'transferred': 419110245, 'dirty-sync-missed-zero-copy': 0, 'precopy-bytes': 419109618, 'duplicate': 793515, 'dirty-pages-rate': 0, 'normal-bytes': 411164672, 'normal': 100382}}
QMP cmd [src10] query-migrate args={}
QMP reply [src10] query-migrate: {'expected-downtime': 300, 'status': 'active', 'setup-time': 1, 'total-time': 3213, 'ram': {'total': 8607571968, 'postcopy-requests': 0, 'dirty-sync-count': 1, 'multifd-bytes': 0, 'pages-per-second': 33050, 'downtime-bytes': 0, 'page-size': 4096, 'remaining': 4918996992, 'postcopy-bytes': 0, 'mbps': 1082.1506399999998, 'transferred': 446164227, 'dirty-sync-missed-zero-copy': 0, 'precopy-bytes': 446163580, 'duplicate': 793557, 'dirty-pages-rate': 0, 'normal-bytes': 438165504, 'normal': 106974}}
QMP cmd [src10] query-migrate args={}
QMP reply [src10] query-migrate: {'expected-downtime': 300, 'status': 'active', 'setup-time': 1, 'total-time': 3413, 'ram': {'total': 8607571968, 'postcopy-requests': 0, 'dirty-sync-count': 1, 'multifd-bytes': 0, 'pages-per-second': 33580, 'downtime-bytes': 0, 'page-size': 4096, 'remaining': 4891643904, 'postcopy-bytes': 0, 'mbps': 1082.1888000000001, 'transferred': 473218605, 'dirty-sync-missed-zero-copy': 0, 'precopy-bytes': 473217938, 'duplicate': 793643, 'dirty-pages-rate': 0, 'normal-bytes': 465166336, 'normal': 113566}}
QMP cmd [src10] query-migrate args={}
QMP reply [src10] query-migrate: {'expected-downtime': 300, 'status': 'active', 'setup-time': 1, 'total-time': 3614, 'ram': {'total': 8607571968, 'postcopy-requests': 0, 'dirty-sync-count': 1, 'multifd-bytes': 0, 'pages-per-second': 34650, 'downtime-bytes': 0, 'page-size': 4096, 'remaining': 4861911040, 'postcopy-bytes': 0, 'mbps': 1082.26584, 'transferred': 500278212, 'dirty-sync-missed-zero-copy': 0, 'precopy-bytes': 500277525, 'duplicate': 794310, 'dirty-pages-rate': 0, 'normal-bytes': 492167168, 'normal': 120158}}
QMP cmd [src10] query-migrate args={}
QMP reply [src10] query-migrate: {'expected-downtime': 300, 'status': 'active', 'setup-time': 1, 'total-time': 3815, 'ram': {'total': 8607571968, 'postcopy-requests': 0, 'dirty-sync-count': 1, 'multifd-bytes': 0, 'pages-per-second': 34030, 'downtime-bytes': 0, 'page-size': 4096, 'remaining': 4834451456, 'postcopy-bytes': 0, 'mbps': 1082.2212, 'transferred': 527332824, 'dirty-sync-missed-zero-copy': 0, 'precopy-bytes': 527332117, 'duplicate': 794422, 'dirty-pages-rate': 0, 'normal-bytes': 519168000, 'normal': 126750}}
QMP cmd [src10] query-migrate args={}
QMP reply [src10] query-migrate: {'expected-downtime': 300, 'status': 'active', 'setup-time': 1, 'total-time': 4016, 'ram': {'total': 8607571968, 'postcopy-requests': 0, 'dirty-sync-count': 1, 'multifd-bytes': 0, 'pages-per-second': 33100, 'downtime-bytes': 0, 'page-size': 4096, 'remaining': 4807372800, 'postcopy-bytes': 0, 'mbps': 1082.15424, 'transferred': 554386599, 'dirty-sync-missed-zero-copy': 0, 'precopy-bytes': 554385872, 'duplicate': 794441, 'dirty-pages-rate': 0, 'normal-bytes': 546168832, 'normal': 133342}}
QMP cmd [src10] query-migrate args={}
QMP reply [src10] query-migrate: {'expected-downtime': 300, 'status': 'active', 'setup-time': 1, 'total-time': 4217, 'ram': {'total': 8607571968, 'postcopy-requests': 0, 'dirty-sync-count': 1, 'multifd-bytes': 0, 'pages-per-second': 33520, 'downtime-bytes': 0, 'page-size': 4096, 'remaining': 4780081152, 'postcopy-bytes': 0, 'mbps': 1082.18448, 'transferred': 581440842, 'dirty-sync-missed-zero-copy': 0, 'precopy-bytes': 581440095, 'duplicate': 794512, 'dirty-pages-rate': 0, 'normal-bytes': 573169664, 'normal': 139934}}
QMP cmd [src10] query-migrate args={}
QMP reply [src10] query-migrate: {'expected-downtime': 300, 'status': 'active', 'setup-time': 1, 'total-time': 4418, 'ram': {'total': 8607571968, 'postcopy-requests': 0, 'dirty-sync-count': 1, 'multifd-bytes': 0, 'pages-per-second': 32960, 'downtime-bytes': 0, 'page-size': 4096, 'remaining': 4753039360, 'postcopy-bytes': 0, 'mbps': 1082.1441599999998, 'transferred': 608494536, 'dirty-sync-missed-zero-copy': 0, 'precopy-bytes': 608493769, 'duplicate': 794522, 'dirty-pages-rate': 0, 'normal-bytes': 600170496, 'normal': 146526}}
2026-07-15 02:00:43.485373SSH command: ssh -o BatchMode=yes -o StrictHostKeyChecking=no -o UserKnownHostsFile=/dev/null -o ConnectTimeout=1 -o LogLevel=ERROR -p 2231 -i /home/max/.ssh/pgvm_bench user@127.0.0.1 test -f /tmp/bench.done
Return code: 1
Stdout: 
Stderr: 
qemu-system-x86_64: terminating on signal 15 from pid 47242 (/home/max/Bachelor-Thesis/Repo/.venv/bin/python)
QMP cmd [src10] query-migrate args={}
QMP reply [src10] query-migrate: {'expected-downtime': 300, 'status': 'active', 'setup-time': 1, 'total-time': 4619, 'ram': {'total': 8607571968, 'postcopy-requests': 0, 'dirty-sync-count': 1, 'multifd-bytes': 0, 'pages-per-second': 33240, 'downtime-bytes': 0, 'page-size': 4096, 'remaining': 4725903360, 'postcopy-bytes': 0, 'mbps': 1082.16432, 'transferred': 635548437, 'dirty-sync-missed-zero-copy': 0, 'precopy-bytes': 635547650, 'duplicate': 794555, 'dirty-pages-rate': 0, 'normal-bytes': 627171328, 'normal': 153118}}
QMP cmd [src10] query-migrate args={}
QMP reply [src10] query-migrate: {'expected-downtime': 300, 'status': 'active', 'setup-time': 1, 'total-time': 4820, 'ram': {'total': 8607571968, 'postcopy-requests': 0, 'dirty-sync-count': 1, 'multifd-bytes': 0, 'pages-per-second': 32980, 'downtime-bytes': 0, 'page-size': 4096, 'remaining': 4698857472, 'postcopy-bytes': 0, 'mbps': 1082.1456, 'transferred': 662602140, 'dirty-sync-missed-zero-copy': 0, 'precopy-bytes': 662601333, 'duplicate': 794566, 'dirty-pages-rate': 0, 'normal-bytes': 654172160, 'normal': 159710}}
QMP cmd [src10] query-migrate args={}
QMP reply [src10] query-migrate: {'expected-downtime': 300, 'status': 'active', 'setup-time': 1, 'total-time': 5021, 'ram': {'total': 8607571968, 'postcopy-requests': 0, 'dirty-sync-count': 1, 'multifd-bytes': 0, 'pages-per-second': 33430, 'downtime-bytes': 0, 'page-size': 4096, 'remaining': 4671344640, 'postcopy-bytes': 0, 'mbps': 1082.178, 'transferred': 689656869, 'dirty-sync-missed-zero-copy': 0, 'precopy-bytes': 689656042, 'duplicate': 794691, 'dirty-pages-rate': 0, 'normal-bytes': 681172992, 'normal': 166302}}
QMP cmd [src10] migrate-start-postcopy args={}
QMP reply [src10] migrate-start-postcopy: {}
QMP cmd [src10] query-migrate args={}
QMP reply [src10] query-migrate: {'status': 'postcopy-active', 'setup-time': 1, 'downtime': 16, 'total-time': 5222, 'ram': {'total': 8607571968, 'postcopy-requests': 2, 'dirty-sync-count': 2, 'multifd-bytes': 0, 'pages-per-second': 33740, 'downtime-bytes': 0, 'page-size': 4096, 'remaining': 3996057600, 'postcopy-bytes': 22801659, 'mbps': 1082.2003200000001, 'transferred': 713106556, 'dirty-sync-missed-zero-copy': 0, 'precopy-bytes': 689656042, 'duplicate': 985280, 'dirty-pages-rate': 6046, 'normal-bytes': 702218240, 'normal': 171440}}
QMP cmd [src10] query-migrate args={}
QMP reply [src10] query-migrate: {'status': 'postcopy-active', 'setup-time': 1, 'downtime': 16, 'total-time': 5423, 'ram': {'total': 8607571968, 'postcopy-requests': 2, 'dirty-sync-count': 2, 'multifd-bytes': 0, 'pages-per-second': 859627, 'downtime-bytes': 0, 'page-size': 4096, 'remaining': 3409047552, 'postcopy-bytes': 431355796, 'mbps': 14810.010117647062, 'transferred': 1121566268, 'dirty-sync-missed-zero-copy': 0, 'precopy-bytes': 689656042, 'duplicate': 1029138, 'dirty-pages-rate': 6046, 'normal-bytes': 1109581824, 'normal': 270894}}
QMP cmd [src10] query-migrate args={}
QMP reply [src10] query-migrate: {'status': 'postcopy-active', 'setup-time': 1, 'downtime': 16, 'total-time': 5623, 'ram': {'total': 8607571968, 'postcopy-requests': 420, 'dirty-sync-count': 2, 'multifd-bytes': 0, 'pages-per-second': 624960, 'downtime-bytes': 0, 'page-size': 4096, 'remaining': 2872594432, 'postcopy-bytes': 914393208, 'mbps': 20164.77882352941, 'transferred': 1604603720, 'dirty-sync-missed-zero-copy': 0, 'precopy-bytes': 689656042, 'duplicate': 1042438, 'dirty-pages-rate': 6046, 'normal-bytes': 1591558144, 'normal': 388564}}
QMP cmd [src10] query-migrate args={}
QMP reply [src10] query-migrate: {'status': 'postcopy-active', 'setup-time': 1, 'downtime': 16, 'total-time': 5824, 'ram': {'total': 8607571968, 'postcopy-requests': 759, 'dirty-sync-count': 2, 'multifd-bytes': 0, 'pages-per-second': 695862, 'downtime-bytes': 0, 'page-size': 4096, 'remaining': 2299731968, 'postcopy-bytes': 1483014221, 'mbps': 22550.44376470588, 'transferred': 2173224773, 'dirty-sync-missed-zero-copy': 0, 'precopy-bytes': 689656042, 'duplicate': 1043747, 'dirty-pages-rate': 6046, 'normal-bytes': 2159058944, 'normal': 527114}}
QMP cmd [src10] query-migrate args={}
QMP reply [src10] query-migrate: {'status': 'postcopy-active', 'setup-time': 1, 'downtime': 16, 'total-time': 6025, 'ram': {'total': 8607571968, 'postcopy-requests': 882, 'dirty-sync-count': 2, 'multifd-bytes': 0, 'pages-per-second': 934294, 'downtime-bytes': 0, 'page-size': 4096, 'remaining': 1610088448, 'postcopy-bytes': 2014303828, 'mbps': 18534.597882352944, 'transferred': 2704514420, 'dirty-sync-missed-zero-copy': 0, 'precopy-bytes': 689656042, 'duplicate': 1082746, 'dirty-pages-rate': 6046, 'normal-bytes': 2688962560, 'normal': 656485}}
QMP cmd [src10] query-migrate args={}
QMP reply [src10] query-migrate: {'status': 'postcopy-active', 'setup-time': 1, 'downtime': 16, 'total-time': 6226, 'ram': {'total': 8607571968, 'postcopy-requests': 899, 'dirty-sync-count': 2, 'multifd-bytes': 0, 'pages-per-second': 1535451, 'downtime-bytes': 0, 'page-size': 4096, 'remaining': 288444416, 'postcopy-bytes': 2203571305, 'mbps': 7090.174513274336, 'transferred': 2893876403, 'dirty-sync-missed-zero-copy': 0, 'precopy-bytes': 689656042, 'duplicate': 1359904, 'dirty-pages-rate': 6046, 'normal-bytes': 2875371520, 'normal': 701995}}
QMP cmd [src10] query-migrate args={}
QMP reply [src10] query-migrate: {'status': 'completed', 'setup-time': 1, 'downtime': 16, 'total-time': 6270, 'ram': {'total': 8607571968, 'postcopy-requests': 899, 'dirty-sync-count': 2, 'multifd-bytes': 0, 'pages-per-second': 1880925, 'downtime-bytes': 0, 'page-size': 4096, 'remaining': 0, 'postcopy-bytes': 2204385291, 'mbps': 3694.0158609028554, 'transferred': 2894723179, 'dirty-sync-missed-zero-copy': 0, 'precopy-bytes': 689656042, 'duplicate': 1430281, 'dirty-pages-rate': 0, 'normal-bytes': 2875551744, 'normal': 702039}}
