2026-07-15 01:35:23.436560SSH command: ssh -o BatchMode=yes -o StrictHostKeyChecking=no -o UserKnownHostsFile=/dev/null -o ConnectTimeout=1 -o LogLevel=ERROR -p 2225 -i /home/max/.ssh/pgvm_bench user@127.0.0.1 systemd-analyze
Return code: 0
Stdout: Startup finished in 797ms (kernel) + 3.110s (userspace) = 3.907s 
graphical.target reached after 3.110s in userspace.

Stderr: 
2026-07-15 01:35:23.580419SSH command: ssh -o BatchMode=yes -o StrictHostKeyChecking=no -o UserKnownHostsFile=/dev/null -o ConnectTimeout=1 -o LogLevel=ERROR -p 2225 -i /home/max/.ssh/pgvm_bench user@127.0.0.1 rm -f /tmp/bench.done /tmp/pg-buffer-hit-ratio.csv /tmp/pg-buffer-sampler.log; nohup bash /home/user/pg_sampler.sh /tmp/bench.done /tmp/pg-buffer-hit-ratio.csv ycsb >/tmp/pg-buffer-sampler.log 2>&1 &
Return code: 0
Stdout: 
Stderr: 
QMP cmd [src4] migrate-set-capabilities args={'capabilities': [{'capability': 'auto-converge', 'state': False}, {'capability': 'events', 'state': True}, {'capability': 'postcopy-blocktime', 'state': True}, {'capability': 'postcopy-ram', 'state': True}]}
QMP cmd [src4] query-migrate args={}
QMP reply [src4] migrate-set-capabilities: {}
QMP cmd [src4] migrate args={'uri': 'unix:/tmp/mig.sock'}
QMP reply [src4] query-migrate: {}
QMP reply [src4] migrate: {}
2026-07-15 01:37:03.986108SSH command: ssh -o BatchMode=yes -o StrictHostKeyChecking=no -o UserKnownHostsFile=/dev/null -o ConnectTimeout=1 -o LogLevel=ERROR -p 2225 -i /home/max/.ssh/pgvm_bench user@127.0.0.1 test -f /tmp/bench.done
Return code: 1
Stdout: 
Stderr: 
QMP cmd [src4] query-migrate args={}
QMP reply [src4] query-migrate: {'expected-downtime': 300, 'status': 'active', 'setup-time': 2, 'total-time': 201, 'ram': {'total': 8607571968, 'postcopy-requests': 0, 'dirty-sync-count': 1, 'multifd-bytes': 0, 'pages-per-second': 37300, 'downtime-bytes': 0, 'page-size': 4096, 'remaining': 8577740800, 'postcopy-bytes': 0, 'mbps': 1082.4825600000001, 'transferred': 27060147, 'dirty-sync-missed-zero-copy': 0, 'precopy-bytes': 27059810, 'duplicate': 691, 'dirty-pages-rate': 0, 'normal-bytes': 27000832, 'normal': 6592}}
QMP cmd [src4] query-migrate args={}
QMP reply [src4] query-migrate: {'expected-downtime': 300, 'status': 'active', 'setup-time': 2, 'total-time': 402, 'ram': {'total': 8607571968, 'postcopy-requests': 0, 'dirty-sync-count': 1, 'multifd-bytes': 0, 'pages-per-second': 2045870, 'downtime-bytes': 0, 'page-size': 4096, 'remaining': 7686582272, 'postcopy-bytes': 0, 'mbps': 1074.08448, 'transferred': 56090062, 'dirty-sync-missed-zero-copy': 0, 'precopy-bytes': 56216927, 'duplicate': 211616, 'dirty-pages-rate': 0, 'normal-bytes': 54206464, 'normal': 13234}}
QMP cmd [src4] query-migrate args={}
QMP reply [src4] query-migrate: {'expected-downtime': 300, 'status': 'active', 'setup-time': 2, 'total-time': 602, 'ram': {'total': 8607571968, 'postcopy-requests': 0, 'dirty-sync-count': 1, 'multifd-bytes': 0, 'pages-per-second': 163680, 'downtime-bytes': 0, 'page-size': 4096, 'remaining': 5365071872, 'postcopy-bytes': 0, 'mbps': 1075.8311999999999, 'transferred': 82955998, 'dirty-sync-missed-zero-copy': 0, 'precopy-bytes': 83082843, 'duplicate': 773076, 'dirty-pages-rate': 0, 'normal-bytes': 75976704, 'normal': 18549}}
QMP cmd [src4] query-migrate args={}
QMP reply [src4] query-migrate: {'expected-downtime': 300, 'status': 'active', 'setup-time': 2, 'total-time': 803, 'ram': {'total': 8607571968, 'postcopy-requests': 0, 'dirty-sync-count': 1, 'multifd-bytes': 0, 'pages-per-second': 45340, 'downtime-bytes': 0, 'page-size': 4096, 'remaining': 5316837376, 'postcopy-bytes': 0, 'mbps': 1083.03552, 'transferred': 112808071, 'dirty-sync-missed-zero-copy': 0, 'precopy-bytes': 112934923, 'duplicate': 777588, 'dirty-pages-rate': 0, 'normal-bytes': 105730048, 'normal': 25813}}
QMP cmd [src4] query-migrate args={}
QMP reply [src4] query-migrate: {'expected-downtime': 300, 'status': 'active', 'setup-time': 2, 'total-time': 1004, 'ram': {'total': 8607571968, 'postcopy-requests': 0, 'dirty-sync-count': 1, 'multifd-bytes': 0, 'pages-per-second': 37870, 'downtime-bytes': 0, 'page-size': 4096, 'remaining': 5283389440, 'postcopy-bytes': 0, 'mbps': 1082.49768, 'transferred': 136337788, 'dirty-sync-missed-zero-copy': 0, 'precopy-bytes': 136464593, 'duplicate': 780026, 'dirty-pages-rate': 0, 'normal-bytes': 129191936, 'normal': 31541}}
QMP cmd [src4] query-migrate args={}
QMP reply [src4] query-migrate: {'expected-downtime': 300, 'status': 'active', 'setup-time': 2, 'total-time': 1205, 'ram': {'total': 8607571968, 'postcopy-requests': 0, 'dirty-sync-count': 1, 'multifd-bytes': 0, 'pages-per-second': 44680, 'downtime-bytes': 0, 'page-size': 4096, 'remaining': 5249925120, 'postcopy-bytes': 0, 'mbps': 1082.988, 'transferred': 164453914, 'dirty-sync-missed-zero-copy': 0, 'precopy-bytes': 164580699, 'duplicate': 781348, 'dirty-pages-rate': 0, 'normal-bytes': 157241344, 'normal': 38389}}
QMP cmd [src4] query-migrate args={}
QMP reply [src4] query-migrate: {'expected-downtime': 300, 'status': 'active', 'setup-time': 2, 'total-time': 1405, 'ram': {'total': 8607571968, 'postcopy-requests': 0, 'dirty-sync-count': 1, 'multifd-bytes': 0, 'pages-per-second': 33030, 'downtime-bytes': 0, 'page-size': 4096, 'remaining': 5220646912, 'postcopy-bytes': 0, 'mbps': 1082.1492, 'transferred': 193478122, 'dirty-sync-missed-zero-copy': 0, 'precopy-bytes': 193604887, 'duplicate': 781424, 'dirty-pages-rate': 0, 'normal-bytes': 186208256, 'normal': 45461}}
QMP cmd [src4] query-migrate args={}
QMP reply [src4] query-migrate: {'expected-downtime': 300, 'status': 'active', 'setup-time': 2, 'total-time': 1606, 'ram': {'total': 8607571968, 'postcopy-requests': 0, 'dirty-sync-count': 1, 'multifd-bytes': 0, 'pages-per-second': 33240, 'downtime-bytes': 0, 'page-size': 4096, 'remaining': 5186859008, 'postcopy-bytes': 0, 'mbps': 1082.16432, 'transferred': 220808719, 'dirty-sync-missed-zero-copy': 0, 'precopy-bytes': 220935464, 'duplicate': 783017, 'dirty-pages-rate': 0, 'normal-bytes': 213471232, 'normal': 52117}}
QMP cmd [src4] query-migrate args={}
QMP reply [src4] query-migrate: {'expected-downtime': 300, 'status': 'active', 'setup-time': 2, 'total-time': 1807, 'ram': {'total': 8607571968, 'postcopy-requests': 0, 'dirty-sync-count': 1, 'multifd-bytes': 0, 'pages-per-second': 66310, 'downtime-bytes': 0, 'page-size': 4096, 'remaining': 5142794240, 'postcopy-bytes': 0, 'mbps': 1074.06216, 'transferred': 249996457, 'dirty-sync-missed-zero-copy': 0, 'precopy-bytes': 250123182, 'duplicate': 786671, 'dirty-pages-rate': 0, 'normal-bytes': 242569216, 'normal': 59221}}
QMP cmd [src4] query-migrate args={}
QMP reply [src4] query-migrate: {'expected-downtime': 300, 'status': 'active', 'setup-time': 2, 'total-time': 2007, 'ram': {'total': 8607571968, 'postcopy-requests': 0, 'dirty-sync-count': 1, 'multifd-bytes': 0, 'pages-per-second': 33020, 'downtime-bytes': 0, 'page-size': 4096, 'remaining': 5115445248, 'postcopy-bytes': 0, 'mbps': 1082.14848, 'transferred': 277312906, 'dirty-sync-missed-zero-copy': 0, 'precopy-bytes': 277439611, 'duplicate': 786692, 'dirty-pages-rate': 0, 'normal-bytes': 269832192, 'normal': 65877}}
QMP cmd [src4] query-migrate args={}
QMP reply [src4] query-migrate: {'expected-downtime': 300, 'status': 'active', 'setup-time': 2, 'total-time': 2208, 'ram': {'total': 8607571968, 'postcopy-requests': 0, 'dirty-sync-count': 1, 'multifd-bytes': 0, 'pages-per-second': 33620, 'downtime-bytes': 0, 'page-size': 4096, 'remaining': 5081743360, 'postcopy-bytes': 0, 'mbps': 1082.19168, 'transferred': 310802490, 'dirty-sync-missed-zero-copy': 0, 'precopy-bytes': 310801943, 'duplicate': 786792, 'dirty-pages-rate': 0, 'normal-bytes': 303128576, 'normal': 74006}}
2026-07-15 01:37:06.181894SSH command: ssh -o BatchMode=yes -o StrictHostKeyChecking=no -o UserKnownHostsFile=/dev/null -o ConnectTimeout=1 -o LogLevel=ERROR -p 2225 -i /home/max/.ssh/pgvm_bench user@127.0.0.1 test -f /tmp/bench.done
Return code: 1
Stdout: 
Stderr: 
QMP cmd [src4] query-migrate args={}
QMP reply [src4] query-migrate: {'expected-downtime': 300, 'status': 'active', 'setup-time': 2, 'total-time': 2410, 'ram': {'total': 8607571968, 'postcopy-requests': 0, 'dirty-sync-count': 1, 'multifd-bytes': 0, 'pages-per-second': 40420, 'downtime-bytes': 0, 'page-size': 4096, 'remaining': 5059739648, 'postcopy-bytes': 0, 'mbps': 1082.68128, 'transferred': 329196178, 'dirty-sync-missed-zero-copy': 0, 'precopy-bytes': 329322843, 'duplicate': 787652, 'dirty-pages-rate': 0, 'normal-bytes': 321605632, 'normal': 78517}}
QMP cmd [src4] query-migrate args={}
QMP reply [src4] query-migrate: {'expected-downtime': 300, 'status': 'active', 'setup-time': 2, 'total-time': 2610, 'ram': {'total': 8607571968, 'postcopy-requests': 0, 'dirty-sync-count': 1, 'multifd-bytes': 0, 'pages-per-second': 43475, 'downtime-bytes': 0, 'page-size': 4096, 'remaining': 5016002560, 'postcopy-bytes': 0, 'mbps': 1072.2104554455445, 'transferred': 362052316, 'dirty-sync-missed-zero-copy': 0, 'precopy-bytes': 362178961, 'duplicate': 790330, 'dirty-pages-rate': 0, 'normal-bytes': 354373632, 'normal': 86517}}
QMP cmd [src4] query-migrate args={}
QMP reply [src4] query-migrate: {'expected-downtime': 300, 'status': 'active', 'setup-time': 2, 'total-time': 2811, 'ram': {'total': 8607571968, 'postcopy-requests': 0, 'dirty-sync-count': 1, 'multifd-bytes': 0, 'pages-per-second': 32970, 'downtime-bytes': 0, 'page-size': 4096, 'remaining': 4988866560, 'postcopy-bytes': 0, 'mbps': 1082.1448799999998, 'transferred': 389106217, 'dirty-sync-missed-zero-copy': 0, 'precopy-bytes': 389232842, 'duplicate': 790363, 'dirty-pages-rate': 0, 'normal-bytes': 381374464, 'normal': 93109}}
QMP cmd [src4] query-migrate args={}
QMP reply [src4] query-migrate: {'expected-downtime': 300, 'status': 'active', 'setup-time': 2, 'total-time': 3012, 'ram': {'total': 8607571968, 'postcopy-requests': 0, 'dirty-sync-count': 1, 'multifd-bytes': 0, 'pages-per-second': 33010, 'downtime-bytes': 0, 'page-size': 4096, 'remaining': 4958445568, 'postcopy-bytes': 0, 'mbps': 1082.14776, 'transferred': 419050512, 'dirty-sync-missed-zero-copy': 0, 'precopy-bytes': 419049885, 'duplicate': 790526, 'dirty-pages-rate': 0, 'normal-bytes': 411131904, 'normal': 100374}}
QMP cmd [src4] query-migrate args={}
QMP reply [src4] query-migrate: {'expected-downtime': 300, 'status': 'active', 'setup-time': 2, 'total-time': 3213, 'ram': {'total': 8607571968, 'postcopy-requests': 0, 'dirty-sync-count': 1, 'multifd-bytes': 0, 'pages-per-second': 39060, 'downtime-bytes': 0, 'page-size': 4096, 'remaining': 4928942080, 'postcopy-bytes': 0, 'mbps': 1082.58336, 'transferred': 446109615, 'dirty-sync-missed-zero-copy': 0, 'precopy-bytes': 446108968, 'duplicate': 791137, 'dirty-pages-rate': 0, 'normal-bytes': 438132736, 'normal': 106966}}
QMP cmd [src4] query-migrate args={}
QMP reply [src4] query-migrate: {'expected-downtime': 300, 'status': 'active', 'setup-time': 2, 'total-time': 3413, 'ram': {'total': 8607571968, 'postcopy-requests': 0, 'dirty-sync-count': 1, 'multifd-bytes': 0, 'pages-per-second': 33100, 'downtime-bytes': 0, 'page-size': 4096, 'remaining': 4901662720, 'postcopy-bytes': 0, 'mbps': 1082.15424, 'transferred': 473163831, 'dirty-sync-missed-zero-copy': 0, 'precopy-bytes': 473163164, 'duplicate': 791205, 'dirty-pages-rate': 0, 'normal-bytes': 465133568, 'normal': 113558}}
QMP cmd [src4] query-migrate args={}
QMP reply [src4] query-migrate: {'expected-downtime': 300, 'status': 'active', 'setup-time': 2, 'total-time': 3614, 'ram': {'total': 8607571968, 'postcopy-requests': 0, 'dirty-sync-count': 1, 'multifd-bytes': 0, 'pages-per-second': 43590, 'downtime-bytes': 0, 'page-size': 4096, 'remaining': 4869562368, 'postcopy-bytes': 0, 'mbps': 1082.90952, 'transferred': 500228640, 'dirty-sync-missed-zero-copy': 0, 'precopy-bytes': 500227953, 'duplicate': 792450, 'dirty-pages-rate': 0, 'normal-bytes': 492134400, 'normal': 120150}}
QMP cmd [src4] query-migrate args={}
QMP reply [src4] query-migrate: {'expected-downtime': 300, 'status': 'active', 'setup-time': 2, 'total-time': 3815, 'ram': {'total': 8607571968, 'postcopy-requests': 0, 'dirty-sync-count': 1, 'multifd-bytes': 0, 'pages-per-second': 32970, 'downtime-bytes': 0, 'page-size': 4096, 'remaining': 4842549248, 'postcopy-bytes': 0, 'mbps': 1082.1448799999998, 'transferred': 527282271, 'dirty-sync-missed-zero-copy': 0, 'precopy-bytes': 527281564, 'duplicate': 792453, 'dirty-pages-rate': 0, 'normal-bytes': 519135232, 'normal': 126742}}
QMP cmd [src4] query-migrate args={}
QMP reply [src4] query-migrate: {'expected-downtime': 300, 'status': 'active', 'setup-time': 2, 'total-time': 4015, 'ram': {'total': 8607571968, 'postcopy-requests': 0, 'dirty-sync-count': 1, 'multifd-bytes': 0, 'pages-per-second': 33040, 'downtime-bytes': 0, 'page-size': 4096, 'remaining': 4815233024, 'postcopy-bytes': 0, 'mbps': 1082.1499199999998, 'transferred': 554336568, 'dirty-sync-missed-zero-copy': 0, 'precopy-bytes': 554335841, 'duplicate': 792530, 'dirty-pages-rate': 0, 'normal-bytes': 546136064, 'normal': 133334}}
QMP cmd [src4] query-migrate args={}
QMP reply [src4] query-migrate: {'expected-downtime': 300, 'status': 'active', 'setup-time': 2, 'total-time': 4216, 'ram': {'total': 8607571968, 'postcopy-requests': 0, 'dirty-sync-count': 1, 'multifd-bytes': 0, 'pages-per-second': 33060, 'downtime-bytes': 0, 'page-size': 4096, 'remaining': 4788183040, 'postcopy-bytes': 0, 'mbps': 1082.15136, 'transferred': 581390280, 'dirty-sync-missed-zero-copy': 0, 'precopy-bytes': 581389533, 'duplicate': 792542, 'dirty-pages-rate': 0, 'normal-bytes': 573136896, 'normal': 139926}}
QMP cmd [src4] query-migrate args={}
QMP reply [src4] query-migrate: {'expected-downtime': 300, 'status': 'active', 'setup-time': 2, 'total-time': 4417, 'ram': {'total': 8607571968, 'postcopy-requests': 0, 'dirty-sync-count': 1, 'multifd-bytes': 0, 'pages-per-second': 33080, 'downtime-bytes': 0, 'page-size': 4096, 'remaining': 4761116672, 'postcopy-bytes': 0, 'mbps': 1082.1528, 'transferred': 608312692, 'dirty-sync-missed-zero-copy': 0, 'precopy-bytes': 608439157, 'duplicate': 792558, 'dirty-pages-rate': 0, 'normal-bytes': 600133632, 'normal': 146517}}
2026-07-15 01:37:08.349602SSH command: ssh -o BatchMode=yes -o StrictHostKeyChecking=no -o UserKnownHostsFile=/dev/null -o ConnectTimeout=1 -o LogLevel=ERROR -p 2225 -i /home/max/.ssh/pgvm_bench user@127.0.0.1 test -f /tmp/bench.done
Return code: 1
Stdout: 
Stderr: 
qemu-system-x86_64: terminating on signal 15 from pid 47242 (/home/max/Bachelor-Thesis/Repo/.venv/bin/python)
QMP cmd [src4] query-migrate args={}
QMP reply [src4] query-migrate: {'expected-downtime': 300, 'status': 'active', 'setup-time': 2, 'total-time': 4618, 'ram': {'total': 8607571968, 'postcopy-requests': 0, 'dirty-sync-count': 1, 'multifd-bytes': 0, 'pages-per-second': 33190, 'downtime-bytes': 0, 'page-size': 4096, 'remaining': 4733870080, 'postcopy-bytes': 0, 'mbps': 1082.16072, 'transferred': 635498172, 'dirty-sync-missed-zero-copy': 0, 'precopy-bytes': 635497385, 'duplicate': 792618, 'dirty-pages-rate': 0, 'normal-bytes': 627138560, 'normal': 153110}}
QMP cmd [src4] query-migrate args={}
QMP reply [src4] query-migrate: {'expected-downtime': 300, 'status': 'active', 'setup-time': 2, 'total-time': 4819, 'ram': {'total': 8607571968, 'postcopy-requests': 0, 'dirty-sync-count': 1, 'multifd-bytes': 0, 'pages-per-second': 33950, 'downtime-bytes': 0, 'page-size': 4096, 'remaining': 4706455552, 'postcopy-bytes': 0, 'mbps': 1082.21544, 'transferred': 662552685, 'dirty-sync-missed-zero-copy': 0, 'precopy-bytes': 662551878, 'duplicate': 792719, 'dirty-pages-rate': 0, 'normal-bytes': 654139392, 'normal': 159702}}
QMP cmd [src4] query-migrate args={}
QMP reply [src4] query-migrate: {'expected-downtime': 300, 'status': 'active', 'setup-time': 2, 'total-time': 5020, 'ram': {'total': 8607571968, 'postcopy-requests': 0, 'dirty-sync-count': 1, 'multifd-bytes': 0, 'pages-per-second': 32980, 'downtime-bytes': 0, 'page-size': 4096, 'remaining': 4677328896, 'postcopy-bytes': 0, 'mbps': 1082.1456, 'transferred': 689610960, 'dirty-sync-missed-zero-copy': 0, 'precopy-bytes': 689610133, 'duplicate': 793238, 'dirty-pages-rate': 0, 'normal-bytes': 681140224, 'normal': 166294}}
QMP cmd [src4] migrate-start-postcopy args={}
QMP reply [src4] migrate-start-postcopy: {}
QMP cmd [src4] query-migrate args={}
QMP reply [src4] query-migrate: {'status': 'postcopy-active', 'setup-time': 2, 'downtime': 17, 'total-time': 5222, 'ram': {'total': 8607571968, 'postcopy-requests': 2, 'dirty-sync-count': 2, 'multifd-bytes': 0, 'pages-per-second': 38130, 'downtime-bytes': 0, 'page-size': 4096, 'remaining': 4021317632, 'postcopy-bytes': 21016806, 'mbps': 1082.5164, 'transferred': 711283165, 'dirty-sync-missed-zero-copy': 0, 'precopy-bytes': 689610133, 'duplicate': 980678, 'dirty-pages-rate': 6269, 'normal-bytes': 700432384, 'normal': 171004}}
QMP cmd [src4] query-migrate args={}
QMP reply [src4] query-migrate: {'status': 'postcopy-active', 'setup-time': 2, 'downtime': 17, 'total-time': 5423, 'ram': {'total': 8607571968, 'postcopy-requests': 2, 'dirty-sync-count': 2, 'multifd-bytes': 0, 'pages-per-second': 1570303, 'downtime-bytes': 0, 'page-size': 4096, 'remaining': 3031048192, 'postcopy-bytes': 220109146, 'mbps': 125.05692857142857, 'transferred': 910281079, 'dirty-sync-missed-zero-copy': 0, 'precopy-bytes': 689610133, 'duplicate': 1174355, 'dirty-pages-rate': 6269, 'normal-bytes': 897396736, 'normal': 219091}}
QMP cmd [src4] query-migrate args={}
QMP reply [src4] query-migrate: {'status': 'postcopy-active', 'setup-time': 2, 'downtime': 17, 'total-time': 5624, 'ram': {'total': 8607571968, 'postcopy-requests': 518, 'dirty-sync-count': 2, 'multifd-bytes': 0, 'pages-per-second': 648176, 'downtime-bytes': 0, 'page-size': 4096, 'remaining': 2347626496, 'postcopy-bytes': 653698857, 'mbps': 20187.96917647059, 'transferred': 1343870823, 'dirty-sync-missed-zero-copy': 0, 'precopy-bytes': 689610133, 'duplicate': 1235690, 'dirty-pages-rate': 6269, 'normal-bytes': 1329590272, 'normal': 324607}}
QMP cmd [src4] query-migrate args={}
QMP reply [src4] query-migrate: {'status': 'postcopy-active', 'setup-time': 2, 'downtime': 17, 'total-time': 5825, 'ram': {'total': 8607571968, 'postcopy-requests': 978, 'dirty-sync-count': 2, 'multifd-bytes': 0, 'pages-per-second': 1039727, 'downtime-bytes': 0, 'page-size': 4096, 'remaining': 1462718464, 'postcopy-bytes': 934107362, 'mbps': 13880.820436363636, 'transferred': 1624274226, 'dirty-sync-missed-zero-copy': 0, 'precopy-bytes': 689610133, 'duplicate': 1383731, 'dirty-pages-rate': 6269, 'normal-bytes': 1608122368, 'normal': 392608}}
QMP cmd [src4] query-migrate args={}
QMP reply [src4] query-migrate: {'status': 'postcopy-active', 'setup-time': 2, 'downtime': 17, 'total-time': 6025, 'ram': {'total': 8607571968, 'postcopy-requests': 1337, 'dirty-sync-count': 2, 'multifd-bytes': 0, 'pages-per-second': 705883, 'downtime-bytes': 0, 'page-size': 4096, 'remaining': 804569088, 'postcopy-bytes': 1451023933, 'mbps': 23079.834174757285, 'transferred': 2141195986, 'dirty-sync-missed-zero-copy': 0, 'precopy-bytes': 689610133, 'duplicate': 1418534, 'dirty-pages-rate': 6269, 'normal-bytes': 2123718656, 'normal': 518486}}
QMP cmd [src4] query-migrate args={}
QMP reply [src4] query-migrate: {'status': 'postcopy-active', 'setup-time': 2, 'downtime': 17, 'total-time': 6226, 'ram': {'total': 8607571968, 'postcopy-requests': 1515, 'dirty-sync-count': 2, 'multifd-bytes': 0, 'pages-per-second': 719078, 'downtime-bytes': 0, 'page-size': 4096, 'remaining': 209096704, 'postcopy-bytes': 2040087718, 'mbps': 23403.23294117647, 'transferred': 2730263923, 'dirty-sync-missed-zero-copy': 0, 'precopy-bytes': 689610133, 'duplicate': 1420383, 'dirty-pages-rate': 6269, 'normal-bytes': 2711613440, 'normal': 662015}}
QMP cmd [src4] query-migrate args={}
QMP reply [src4] query-migrate: {'status': 'completed', 'setup-time': 2, 'downtime': 17, 'total-time': 6296, 'ram': {'total': 8607571968, 'postcopy-requests': 1523, 'dirty-sync-count': 2, 'multifd-bytes': 0, 'pages-per-second': 733509, 'downtime-bytes': 0, 'page-size': 4096, 'remaining': 0, 'postcopy-bytes': 2249203814, 'mbps': 3736.2607855100096, 'transferred': 2939503173, 'dirty-sync-missed-zero-copy': 0, 'precopy-bytes': 689610133, 'duplicate': 1420479, 'dirty-pages-rate': 0, 'normal-bytes': 2920325120, 'normal': 712970}}
