2026-07-15 01:43:09.627585SSH command: ssh -o BatchMode=yes -o StrictHostKeyChecking=no -o UserKnownHostsFile=/dev/null -o ConnectTimeout=1 -o LogLevel=ERROR -p 2227 -i /home/max/.ssh/pgvm_bench user@127.0.0.1 systemd-analyze
Return code: 0
Stdout: Startup finished in 794ms (kernel) + 2.246s (userspace) = 3.040s 
graphical.target reached after 2.245s in userspace.

Stderr: 
2026-07-15 01:43:09.768680SSH command: ssh -o BatchMode=yes -o StrictHostKeyChecking=no -o UserKnownHostsFile=/dev/null -o ConnectTimeout=1 -o LogLevel=ERROR -p 2227 -i /home/max/.ssh/pgvm_bench user@127.0.0.1 rm -f /tmp/bench.done /tmp/pg-buffer-hit-ratio.csv /tmp/pg-buffer-sampler.log; nohup bash /home/user/pg_sampler.sh /tmp/bench.done /tmp/pg-buffer-hit-ratio.csv ycsb >/tmp/pg-buffer-sampler.log 2>&1 &
Return code: 0
Stdout: 
Stderr: 
QMP cmd [src6] migrate-set-capabilities args={'capabilities': [{'capability': 'auto-converge', 'state': False}, {'capability': 'events', 'state': True}, {'capability': 'postcopy-blocktime', 'state': True}, {'capability': 'postcopy-ram', 'state': True}]}
QMP cmd [src6] query-migrate args={}
QMP reply [src6] migrate-set-capabilities: {}
QMP cmd [src6] migrate args={'uri': 'unix:/tmp/mig.sock'}
QMP reply [src6] query-migrate: {}
QMP reply [src6] migrate: {}
2026-07-15 01:44:50.192106SSH command: ssh -o BatchMode=yes -o StrictHostKeyChecking=no -o UserKnownHostsFile=/dev/null -o ConnectTimeout=1 -o LogLevel=ERROR -p 2227 -i /home/max/.ssh/pgvm_bench user@127.0.0.1 test -f /tmp/bench.done
Return code: 1
Stdout: 
Stderr: 
QMP cmd [src6] query-migrate args={}
QMP reply [src6] query-migrate: {'expected-downtime': 300, 'status': 'active', 'setup-time': 1, 'total-time': 201, 'ram': {'total': 8607571968, 'postcopy-requests': 0, 'dirty-sync-count': 1, 'multifd-bytes': 0, 'pages-per-second': 35530, 'downtime-bytes': 0, 'page-size': 4096, 'remaining': 8575774720, 'postcopy-bytes': 0, 'mbps': 1082.3292, 'transferred': 28898749, 'dirty-sync-missed-zero-copy': 0, 'precopy-bytes': 29025634, 'duplicate': 691, 'dirty-pages-rate': 0, 'normal-bytes': 28962816, 'normal': 7071}}
QMP cmd [src6] query-migrate args={}
QMP reply [src6] query-migrate: {'expected-downtime': 300, 'status': 'active', 'setup-time': 1, 'total-time': 402, 'ram': {'total': 8607571968, 'postcopy-requests': 0, 'dirty-sync-count': 1, 'multifd-bytes': 0, 'pages-per-second': 2045870, 'downtime-bytes': 0, 'page-size': 4096, 'remaining': 7686582272, 'postcopy-bytes': 0, 'mbps': 1074.08448, 'transferred': 56090062, 'dirty-sync-missed-zero-copy': 0, 'precopy-bytes': 56216927, 'duplicate': 211616, 'dirty-pages-rate': 0, 'normal-bytes': 54206464, 'normal': 13234}}
QMP cmd [src6] query-migrate args={}
QMP reply [src6] query-migrate: {'expected-downtime': 300, 'status': 'active', 'setup-time': 1, 'total-time': 602, 'ram': {'total': 8607571968, 'postcopy-requests': 0, 'dirty-sync-count': 1, 'multifd-bytes': 0, 'pages-per-second': 126720, 'downtime-bytes': 0, 'page-size': 4096, 'remaining': 5368582144, 'postcopy-bytes': 0, 'mbps': 1077.42888, 'transferred': 83779498, 'dirty-sync-missed-zero-copy': 0, 'precopy-bytes': 83906423, 'duplicate': 772016, 'dirty-pages-rate': 0, 'normal-bytes': 76808192, 'normal': 18752}}
QMP cmd [src6] query-migrate args={}
QMP reply [src6] query-migrate: {'expected-downtime': 300, 'status': 'active', 'setup-time': 1, 'total-time': 803, 'ram': {'total': 8607571968, 'postcopy-requests': 0, 'dirty-sync-count': 1, 'multifd-bytes': 0, 'pages-per-second': 47280, 'downtime-bytes': 0, 'page-size': 4096, 'remaining': 5323227136, 'postcopy-bytes': 0, 'mbps': 1083.1752, 'transferred': 110873449, 'dirty-sync-missed-zero-copy': 0, 'precopy-bytes': 111000336, 'duplicate': 776497, 'dirty-pages-rate': 0, 'normal-bytes': 103809024, 'normal': 25344}}
QMP cmd [src6] query-migrate args={}
QMP reply [src6] query-migrate: {'expected-downtime': 300, 'status': 'active', 'setup-time': 1, 'total-time': 1004, 'ram': {'total': 8607571968, 'postcopy-requests': 0, 'dirty-sync-count': 1, 'multifd-bytes': 0, 'pages-per-second': 45130, 'downtime-bytes': 0, 'page-size': 4096, 'remaining': 5278777344, 'postcopy-bytes': 0, 'mbps': 1083.0203999999999, 'transferred': 140848345, 'dirty-sync-missed-zero-copy': 0, 'precopy-bytes': 140975140, 'duplicate': 780053, 'dirty-pages-rate': 0, 'normal-bytes': 133693440, 'normal': 32640}}
QMP cmd [src6] query-migrate args={}
QMP reply [src6] query-migrate: {'expected-downtime': 300, 'status': 'active', 'setup-time': 1, 'total-time': 1205, 'ram': {'total': 8607571968, 'postcopy-requests': 0, 'dirty-sync-count': 1, 'multifd-bytes': 0, 'pages-per-second': 32980, 'downtime-bytes': 0, 'page-size': 4096, 'remaining': 5243445248, 'postcopy-bytes': 0, 'mbps': 1082.1456, 'transferred': 171720415, 'dirty-sync-missed-zero-copy': 0, 'precopy-bytes': 171847190, 'duplicate': 781159, 'dirty-pages-rate': 0, 'normal-bytes': 164495360, 'normal': 40160}}
QMP cmd [src6] query-migrate args={}
QMP reply [src6] query-migrate: {'expected-downtime': 300, 'status': 'active', 'setup-time': 1, 'total-time': 1406, 'ram': {'total': 8607571968, 'postcopy-requests': 0, 'dirty-sync-count': 1, 'multifd-bytes': 0, 'pages-per-second': 33120, 'downtime-bytes': 0, 'page-size': 4096, 'remaining': 5218304000, 'postcopy-bytes': 0, 'mbps': 1082.1556799999998, 'transferred': 195887053, 'dirty-sync-missed-zero-copy': 0, 'precopy-bytes': 196013808, 'duplicate': 781409, 'dirty-pages-rate': 0, 'normal-bytes': 188612608, 'normal': 46048}}
QMP cmd [src6] query-migrate args={}
QMP reply [src6] query-migrate: {'expected-downtime': 300, 'status': 'active', 'setup-time': 1, 'total-time': 1607, 'ram': {'total': 8607571968, 'postcopy-requests': 0, 'dirty-sync-count': 1, 'multifd-bytes': 0, 'pages-per-second': 40810, 'downtime-bytes': 0, 'page-size': 4096, 'remaining': 5185708032, 'postcopy-bytes': 0, 'mbps': 1082.70936, 'transferred': 224656471, 'dirty-sync-missed-zero-copy': 0, 'precopy-bytes': 224783206, 'duplicate': 782359, 'dirty-pages-rate': 0, 'normal-bytes': 217317376, 'normal': 53056}}
QMP cmd [src6] query-migrate args={}
QMP reply [src6] query-migrate: {'expected-downtime': 300, 'status': 'active', 'setup-time': 1, 'total-time': 1807, 'ram': {'total': 8607571968, 'postcopy-requests': 0, 'dirty-sync-count': 1, 'multifd-bytes': 0, 'pages-per-second': 35800, 'downtime-bytes': 0, 'page-size': 4096, 'remaining': 5153259520, 'postcopy-bytes': 0, 'mbps': 1082.34864, 'transferred': 251459965, 'dirty-sync-missed-zero-copy': 0, 'precopy-bytes': 251586680, 'duplicate': 783753, 'dirty-pages-rate': 0, 'normal-bytes': 244056064, 'normal': 59584}}
QMP cmd [src6] query-migrate args={}
QMP reply [src6] query-migrate: {'expected-downtime': 300, 'status': 'active', 'setup-time': 1, 'total-time': 2008, 'ram': {'total': 8607571968, 'postcopy-requests': 0, 'dirty-sync-count': 1, 'multifd-bytes': 0, 'pages-per-second': 37490, 'downtime-bytes': 0, 'page-size': 4096, 'remaining': 5108158464, 'postcopy-bytes': 0, 'mbps': 1082.4703200000001, 'transferred': 282091420, 'dirty-sync-missed-zero-copy': 0, 'precopy-bytes': 282218115, 'duplicate': 787308, 'dirty-pages-rate': 0, 'normal-bytes': 274595840, 'normal': 67040}}
QMP cmd [src6] query-migrate args={}
QMP reply [src6] query-migrate: {'expected-downtime': 300, 'status': 'active', 'setup-time': 1, 'total-time': 2209, 'ram': {'total': 8607571968, 'postcopy-requests': 0, 'dirty-sync-count': 1, 'multifd-bytes': 0, 'pages-per-second': 38990, 'downtime-bytes': 0, 'page-size': 4096, 'remaining': 5085700096, 'postcopy-bytes': 0, 'mbps': 1082.57832, 'transferred': 302058883, 'dirty-sync-missed-zero-copy': 0, 'precopy-bytes': 302185558, 'duplicate': 787927, 'dirty-pages-rate': 0, 'normal-bytes': 294518784, 'normal': 71904}}
2026-07-15 01:44:52.370112SSH command: ssh -o BatchMode=yes -o StrictHostKeyChecking=no -o UserKnownHostsFile=/dev/null -o ConnectTimeout=1 -o LogLevel=ERROR -p 2227 -i /home/max/.ssh/pgvm_bench user@127.0.0.1 test -f /tmp/bench.done
Return code: 1
Stdout: 
Stderr: 
QMP cmd [src6] query-migrate args={}
QMP reply [src6] query-migrate: {'expected-downtime': 300, 'status': 'active', 'setup-time': 1, 'total-time': 2410, 'ram': {'total': 8607571968, 'postcopy-requests': 0, 'dirty-sync-count': 1, 'multifd-bytes': 0, 'pages-per-second': 33050, 'downtime-bytes': 0, 'page-size': 4096, 'remaining': 5046755328, 'postcopy-bytes': 0, 'mbps': 1082.1506399999998, 'transferred': 337918707, 'dirty-sync-missed-zero-copy': 0, 'precopy-bytes': 337918130, 'duplicate': 788731, 'dirty-pages-rate': 0, 'normal-bytes': 330174464, 'normal': 80609}}
QMP cmd [src6] query-migrate args={}
QMP reply [src6] query-migrate: {'expected-downtime': 300, 'status': 'active', 'setup-time': 1, 'total-time': 2611, 'ram': {'total': 8607571968, 'postcopy-requests': 0, 'dirty-sync-count': 1, 'multifd-bytes': 0, 'pages-per-second': 35880, 'downtime-bytes': 0, 'page-size': 4096, 'remaining': 5018550272, 'postcopy-bytes': 0, 'mbps': 1082.3544, 'transferred': 364974957, 'dirty-sync-missed-zero-copy': 0, 'precopy-bytes': 364974360, 'duplicate': 789025, 'dirty-pages-rate': 0, 'normal-bytes': 357175296, 'normal': 87201}}
QMP cmd [src6] query-migrate args={}
QMP reply [src6] query-migrate: {'expected-downtime': 300, 'status': 'active', 'setup-time': 1, 'total-time': 2811, 'ram': {'total': 8607571968, 'postcopy-requests': 0, 'dirty-sync-count': 1, 'multifd-bytes': 0, 'pages-per-second': 42210, 'downtime-bytes': 0, 'page-size': 4096, 'remaining': 4982288384, 'postcopy-bytes': 0, 'mbps': 1082.81016, 'transferred': 392048910, 'dirty-sync-missed-zero-copy': 0, 'precopy-bytes': 392048293, 'duplicate': 791286, 'dirty-pages-rate': 0, 'normal-bytes': 384176128, 'normal': 93793}}
QMP cmd [src6] query-migrate args={}
QMP reply [src6] query-migrate: {'expected-downtime': 300, 'status': 'active', 'setup-time': 1, 'total-time': 3012, 'ram': {'total': 8607571968, 'postcopy-requests': 0, 'dirty-sync-count': 1, 'multifd-bytes': 0, 'pages-per-second': 44100, 'downtime-bytes': 0, 'page-size': 4096, 'remaining': 4950720512, 'postcopy-bytes': 0, 'mbps': 1082.94624, 'transferred': 419112549, 'dirty-sync-missed-zero-copy': 0, 'precopy-bytes': 419111912, 'duplicate': 792401, 'dirty-pages-rate': 0, 'normal-bytes': 411176960, 'normal': 100385}}
QMP cmd [src6] query-migrate args={}
QMP reply [src6] query-migrate: {'expected-downtime': 300, 'status': 'active', 'setup-time': 1, 'total-time': 3213, 'ram': {'total': 8607571968, 'postcopy-requests': 0, 'dirty-sync-count': 1, 'multifd-bytes': 0, 'pages-per-second': 33340, 'downtime-bytes': 0, 'page-size': 4096, 'remaining': 4923564032, 'postcopy-bytes': 0, 'mbps': 1082.17152, 'transferred': 446166495, 'dirty-sync-missed-zero-copy': 0, 'precopy-bytes': 446165838, 'duplicate': 792439, 'dirty-pages-rate': 0, 'normal-bytes': 438177792, 'normal': 106977}}
QMP cmd [src6] query-migrate args={}
QMP reply [src6] query-migrate: {'expected-downtime': 300, 'status': 'active', 'setup-time': 1, 'total-time': 3414, 'ram': {'total': 8607571968, 'postcopy-requests': 0, 'dirty-sync-count': 1, 'multifd-bytes': 0, 'pages-per-second': 33100, 'downtime-bytes': 0, 'page-size': 4096, 'remaining': 4896301056, 'postcopy-bytes': 0, 'mbps': 1082.15424, 'transferred': 473220675, 'dirty-sync-missed-zero-copy': 0, 'precopy-bytes': 473219998, 'duplicate': 792503, 'dirty-pages-rate': 0, 'normal-bytes': 465178624, 'normal': 113569}}
QMP cmd [src6] query-migrate args={}
QMP reply [src6] query-migrate: {'expected-downtime': 300, 'status': 'active', 'setup-time': 1, 'total-time': 3615, 'ram': {'total': 8607571968, 'postcopy-requests': 0, 'dirty-sync-count': 1, 'multifd-bytes': 0, 'pages-per-second': 39480, 'downtime-bytes': 0, 'page-size': 4096, 'remaining': 4866293760, 'postcopy-bytes': 0, 'mbps': 1082.6136000000001, 'transferred': 500280885, 'dirty-sync-missed-zero-copy': 0, 'precopy-bytes': 500280188, 'duplicate': 793237, 'dirty-pages-rate': 0, 'normal-bytes': 492179456, 'normal': 120161}}
QMP cmd [src6] query-migrate args={}
QMP reply [src6] query-migrate: {'expected-downtime': 300, 'status': 'active', 'setup-time': 1, 'total-time': 3815, 'ram': {'total': 8607571968, 'postcopy-requests': 0, 'dirty-sync-count': 1, 'multifd-bytes': 0, 'pages-per-second': 34330, 'downtime-bytes': 0, 'page-size': 4096, 'remaining': 4835553280, 'postcopy-bytes': 0, 'mbps': 1082.2428, 'transferred': 527342706, 'dirty-sync-missed-zero-copy': 0, 'precopy-bytes': 527341989, 'duplicate': 794150, 'dirty-pages-rate': 0, 'normal-bytes': 519180288, 'normal': 126753}}
QMP cmd [src6] query-migrate args={}
QMP reply [src6] query-migrate: {'expected-downtime': 300, 'status': 'active', 'setup-time': 1, 'total-time': 4016, 'ram': {'total': 8607571968, 'postcopy-requests': 0, 'dirty-sync-count': 1, 'multifd-bytes': 0, 'pages-per-second': 34070, 'downtime-bytes': 0, 'page-size': 4096, 'remaining': 4807942144, 'postcopy-bytes': 0, 'mbps': 1082.2240800000002, 'transferred': 554397651, 'dirty-sync-missed-zero-copy': 0, 'precopy-bytes': 554396914, 'duplicate': 794299, 'dirty-pages-rate': 0, 'normal-bytes': 546181120, 'normal': 133345}}
QMP cmd [src6] query-migrate args={}
QMP reply [src6] query-migrate: {'expected-downtime': 300, 'status': 'active', 'setup-time': 1, 'total-time': 4217, 'ram': {'total': 8607571968, 'postcopy-requests': 0, 'dirty-sync-count': 1, 'multifd-bytes': 0, 'pages-per-second': 33450, 'downtime-bytes': 0, 'page-size': 4096, 'remaining': 4780707840, 'postcopy-bytes': 0, 'mbps': 1082.1794399999999, 'transferred': 581451768, 'dirty-sync-missed-zero-copy': 0, 'precopy-bytes': 581451011, 'duplicate': 794356, 'dirty-pages-rate': 0, 'normal-bytes': 573181952, 'normal': 139937}}
QMP cmd [src6] query-migrate args={}
QMP reply [src6] query-migrate: {'expected-downtime': 300, 'status': 'active', 'setup-time': 1, 'total-time': 4418, 'ram': {'total': 8607571968, 'postcopy-requests': 0, 'dirty-sync-count': 1, 'multifd-bytes': 0, 'pages-per-second': 33120, 'downtime-bytes': 0, 'page-size': 4096, 'remaining': 4753408000, 'postcopy-bytes': 0, 'mbps': 1082.1556799999998, 'transferred': 608506029, 'dirty-sync-missed-zero-copy': 0, 'precopy-bytes': 608505252, 'duplicate': 794429, 'dirty-pages-rate': 0, 'normal-bytes': 600182784, 'normal': 146529}}
2026-07-15 01:44:54.547744SSH command: ssh -o BatchMode=yes -o StrictHostKeyChecking=no -o UserKnownHostsFile=/dev/null -o ConnectTimeout=1 -o LogLevel=ERROR -p 2227 -i /home/max/.ssh/pgvm_bench user@127.0.0.1 test -f /tmp/bench.done
Return code: 1
Stdout: 
Stderr: 
qemu-system-x86_64: terminating on signal 15 from pid 47242 (/home/max/Bachelor-Thesis/Repo/.venv/bin/python)
QMP cmd [src6] query-migrate args={}
QMP reply [src6] query-migrate: {'expected-downtime': 300, 'status': 'active', 'setup-time': 1, 'total-time': 4620, 'ram': {'total': 8607571968, 'postcopy-requests': 0, 'dirty-sync-count': 1, 'multifd-bytes': 0, 'pages-per-second': 33100, 'downtime-bytes': 0, 'page-size': 4096, 'remaining': 4726325248, 'postcopy-bytes': 0, 'mbps': 1082.15424, 'transferred': 635559813, 'dirty-sync-missed-zero-copy': 0, 'precopy-bytes': 635559016, 'duplicate': 794449, 'dirty-pages-rate': 0, 'normal-bytes': 627183616, 'normal': 153121}}
QMP cmd [src6] query-migrate args={}
QMP reply [src6] query-migrate: {'expected-downtime': 300, 'status': 'active', 'setup-time': 1, 'total-time': 4820, 'ram': {'total': 8607571968, 'postcopy-requests': 0, 'dirty-sync-count': 1, 'multifd-bytes': 0, 'pages-per-second': 33130, 'downtime-bytes': 0, 'page-size': 4096, 'remaining': 4699119616, 'postcopy-bytes': 0, 'mbps': 1082.1563999999998, 'transferred': 662613867, 'dirty-sync-missed-zero-copy': 0, 'precopy-bytes': 662613050, 'duplicate': 794499, 'dirty-pages-rate': 0, 'normal-bytes': 654184448, 'normal': 159713}}
QMP cmd [src6] query-migrate args={}
QMP reply [src6] query-migrate: {'expected-downtime': 300, 'status': 'active', 'setup-time': 1, 'total-time': 5021, 'ram': {'total': 8607571968, 'postcopy-requests': 0, 'dirty-sync-count': 1, 'multifd-bytes': 0, 'pages-per-second': 33060, 'downtime-bytes': 0, 'page-size': 4096, 'remaining': 4672016384, 'postcopy-bytes': 0, 'mbps': 1082.15136, 'transferred': 689667696, 'dirty-sync-missed-zero-copy': 0, 'precopy-bytes': 689666859, 'duplicate': 794524, 'dirty-pages-rate': 0, 'normal-bytes': 681185280, 'normal': 166305}}
QMP cmd [src6] migrate-start-postcopy args={}
QMP reply [src6] migrate-start-postcopy: {}
QMP cmd [src6] query-migrate args={}
QMP reply [src6] query-migrate: {'status': 'postcopy-active', 'setup-time': 1, 'downtime': 18, 'total-time': 5222, 'ram': {'total': 8607571968, 'postcopy-requests': 0, 'dirty-sync-count': 2, 'multifd-bytes': 0, 'pages-per-second': 549350, 'downtime-bytes': 0, 'page-size': 4096, 'remaining': 4511223808, 'postcopy-bytes': 269394403, 'mbps': 17610.07186666667, 'transferred': 959601824, 'dirty-sync-missed-zero-copy': 0, 'precopy-bytes': 689666859, 'duplicate': 796760, 'dirty-pages-rate': 5605, 'normal-bytes': 950034432, 'normal': 231942}}
QMP cmd [src6] query-migrate args={}
QMP reply [src6] query-migrate: {'status': 'postcopy-active', 'setup-time': 1, 'downtime': 18, 'total-time': 5423, 'ram': {'total': 8607571968, 'postcopy-requests': 0, 'dirty-sync-count': 2, 'multifd-bytes': 0, 'pages-per-second': 653196, 'downtime-bytes': 0, 'page-size': 4096, 'remaining': 3985620992, 'postcopy-bytes': 786613501, 'mbps': 20558.004705882355, 'transferred': 1476820952, 'dirty-sync-missed-zero-copy': 0, 'precopy-bytes': 689666859, 'duplicate': 799058, 'dirty-pages-rate': 5605, 'normal-bytes': 1466224640, 'normal': 357965}}
QMP cmd [src6] query-migrate args={}
QMP reply [src6] query-migrate: {'status': 'postcopy-active', 'setup-time': 1, 'downtime': 18, 'total-time': 5624, 'ram': {'total': 8607571968, 'postcopy-requests': 84, 'dirty-sync-count': 2, 'multifd-bytes': 0, 'pages-per-second': 621196, 'downtime-bytes': 0, 'page-size': 4096, 'remaining': 3376005120, 'postcopy-bytes': 1238931485, 'mbps': 20360.425411764707, 'transferred': 1929138976, 'dirty-sync-missed-zero-copy': 0, 'precopy-bytes': 689666859, 'duplicate': 837761, 'dirty-pages-rate': 5605, 'normal-bytes': 1917313024, 'normal': 468094}}
QMP cmd [src6] query-migrate args={}
QMP reply [src6] query-migrate: {'status': 'postcopy-active', 'setup-time': 1, 'downtime': 18, 'total-time': 5825, 'ram': {'total': 8607571968, 'postcopy-requests': 446, 'dirty-sync-count': 2, 'multifd-bytes': 0, 'pages-per-second': 1171902, 'downtime-bytes': 0, 'page-size': 4096, 'remaining': 2441977856, 'postcopy-bytes': 1531769773, 'mbps': 10495.6986407767, 'transferred': 2221977196, 'dirty-sync-missed-zero-copy': 0, 'precopy-bytes': 689666859, 'duplicate': 994785, 'dirty-pages-rate': 5605, 'normal-bytes': 2208169984, 'normal': 539104}}
QMP cmd [src6] query-migrate args={}
QMP reply [src6] query-migrate: {'status': 'postcopy-active', 'setup-time': 1, 'downtime': 18, 'total-time': 6026, 'ram': {'total': 8607571968, 'postcopy-requests': 605, 'dirty-sync-count': 2, 'multifd-bytes': 0, 'pages-per-second': 1420462, 'downtime-bytes': 0, 'page-size': 4096, 'remaining': 1151905792, 'postcopy-bytes': 1656545346, 'mbps': 6600.282666666667, 'transferred': 2346736315, 'dirty-sync-missed-zero-copy': 0, 'precopy-bytes': 689666859, 'duplicate': 1279966, 'dirty-pages-rate': 5605, 'normal-bytes': 2330140672, 'normal': 568882}}
QMP cmd [src6] query-migrate args={}
QMP reply [src6] query-migrate: {'status': 'postcopy-active', 'setup-time': 1, 'downtime': 18, 'total-time': 6226, 'ram': {'total': 8607571968, 'postcopy-requests': 768, 'dirty-sync-count': 2, 'multifd-bytes': 0, 'pages-per-second': 1368490, 'downtime-bytes': 0, 'page-size': 4096, 'remaining': 241610752, 'postcopy-bytes': 1950105443, 'mbps': 7726.796470588236, 'transferred': 2640313054, 'dirty-sync-missed-zero-copy': 0, 'precopy-bytes': 689666859, 'duplicate': 1431007, 'dirty-pages-rate': 5605, 'normal-bytes': 2621771776, 'normal': 640081}}
QMP cmd [src6] query-migrate args={}
QMP reply [src6] query-migrate: {'status': 'completed', 'setup-time': 1, 'downtime': 18, 'total-time': 6309, 'ram': {'total': 8607571968, 'postcopy-requests': 780, 'dirty-sync-count': 2, 'multifd-bytes': 0, 'pages-per-second': 713431, 'downtime-bytes': 0, 'page-size': 4096, 'remaining': 0, 'postcopy-bytes': 2190824473, 'mbps': 3653.9750792644263, 'transferred': 2881159350, 'dirty-sync-missed-zero-copy': 0, 'precopy-bytes': 689666859, 'duplicate': 1431341, 'dirty-pages-rate': 0, 'normal-bytes': 2862018560, 'normal': 698735}}
