2026-07-15 01:23:20.747013SSH command: ssh -o BatchMode=yes -o StrictHostKeyChecking=no -o UserKnownHostsFile=/dev/null -o ConnectTimeout=1 -o LogLevel=ERROR -p 2222 -i /home/max/.ssh/pgvm_bench user@127.0.0.1 systemd-analyze
Return code: 0
Stdout: Startup finished in 787ms (kernel) + 2.247s (userspace) = 3.035s 
graphical.target reached after 2.246s in userspace.

Stderr: 
2026-07-15 01:23:20.887972SSH command: ssh -o BatchMode=yes -o StrictHostKeyChecking=no -o UserKnownHostsFile=/dev/null -o ConnectTimeout=1 -o LogLevel=ERROR -p 2222 -i /home/max/.ssh/pgvm_bench user@127.0.0.1 rm -f /tmp/bench.done /tmp/pg-buffer-hit-ratio.csv /tmp/pg-buffer-sampler.log; nohup bash /home/user/pg_sampler.sh /tmp/bench.done /tmp/pg-buffer-hit-ratio.csv ycsb >/tmp/pg-buffer-sampler.log 2>&1 &
Return code: 0
Stdout: 
Stderr: 
QMP cmd [src1] migrate-set-capabilities args={'capabilities': [{'capability': 'auto-converge', 'state': False}, {'capability': 'events', 'state': True}, {'capability': 'postcopy-blocktime', 'state': True}, {'capability': 'postcopy-ram', 'state': True}]}
QMP cmd [src1] query-migrate args={}
QMP reply [src1] migrate-set-capabilities: {}
QMP cmd [src1] migrate args={'uri': 'unix:/tmp/mig.sock'}
QMP reply [src1] query-migrate: {}
QMP reply [src1] migrate: {}
2026-07-15 01:25:01.327016SSH command: ssh -o BatchMode=yes -o StrictHostKeyChecking=no -o UserKnownHostsFile=/dev/null -o ConnectTimeout=1 -o LogLevel=ERROR -p 2222 -i /home/max/.ssh/pgvm_bench user@127.0.0.1 test -f /tmp/bench.done
Return code: 1
Stdout: 
Stderr: 
QMP cmd [src1] query-migrate args={}
QMP reply [src1] query-migrate: {'expected-downtime': 300, 'status': 'active', 'setup-time': 2, 'total-time': 201, 'ram': {'total': 8607571968, 'postcopy-requests': 0, 'dirty-sync-count': 1, 'multifd-bytes': 0, 'pages-per-second': 35530, 'downtime-bytes': 0, 'page-size': 4096, 'remaining': 8576299008, 'postcopy-bytes': 0, 'mbps': 1082.3292, 'transferred': 28373437, 'dirty-sync-missed-zero-copy': 0, 'precopy-bytes': 28500322, 'duplicate': 691, 'dirty-pages-rate': 0, 'normal-bytes': 28438528, 'normal': 6943}}
QMP cmd [src1] query-migrate args={}
QMP reply [src1] query-migrate: {'expected-downtime': 300, 'status': 'active', 'setup-time': 2, 'total-time': 402, 'ram': {'total': 8607571968, 'postcopy-requests': 0, 'dirty-sync-count': 1, 'multifd-bytes': 0, 'pages-per-second': 2025613, 'downtime-bytes': 0, 'page-size': 4096, 'remaining': 7683043328, 'postcopy-bytes': 0, 'mbps': 1063.125623762376, 'transferred': 59631823, 'dirty-sync-missed-zero-copy': 0, 'precopy-bytes': 59758688, 'duplicate': 211617, 'dirty-pages-rate': 0, 'normal-bytes': 57741312, 'normal': 14097}}
QMP cmd [src1] query-migrate args={}
QMP reply [src1] query-migrate: {'expected-downtime': 300, 'status': 'active', 'setup-time': 2, 'total-time': 603, 'ram': {'total': 8607571968, 'postcopy-requests': 0, 'dirty-sync-count': 1, 'multifd-bytes': 0, 'pages-per-second': 32960, 'downtime-bytes': 0, 'page-size': 4096, 'remaining': 5790834688, 'postcopy-bytes': 0, 'mbps': 1082.1441599999998, 'transferred': 87503689, 'dirty-sync-missed-zero-copy': 0, 'precopy-bytes': 87630534, 'duplicate': 667791, 'dirty-pages-rate': 0, 'normal-bytes': 81461248, 'normal': 19888}}
QMP cmd [src1] query-migrate args={}
QMP reply [src1] query-migrate: {'expected-downtime': 300, 'status': 'active', 'setup-time': 2, 'total-time': 804, 'ram': {'total': 8607571968, 'postcopy-requests': 0, 'dirty-sync-count': 1, 'multifd-bytes': 0, 'pages-per-second': 33120, 'downtime-bytes': 0, 'page-size': 4096, 'remaining': 5757272064, 'postcopy-bytes': 0, 'mbps': 1082.1556799999998, 'transferred': 120206431, 'dirty-sync-missed-zero-copy': 0, 'precopy-bytes': 120333256, 'duplicate': 668017, 'dirty-pages-rate': 0, 'normal-bytes': 114098176, 'normal': 27856}}
QMP cmd [src1] query-migrate args={}
QMP reply [src1] query-migrate: {'expected-downtime': 300, 'status': 'active', 'setup-time': 2, 'total-time': 1004, 'ram': {'total': 8607571968, 'postcopy-requests': 0, 'dirty-sync-count': 1, 'multifd-bytes': 0, 'pages-per-second': 921280, 'downtime-bytes': 0, 'page-size': 4096, 'remaining': 5351055360, 'postcopy-bytes': 0, 'mbps': 1081.2384, 'transferred': 148462119, 'dirty-sync-missed-zero-copy': 0, 'precopy-bytes': 148461692, 'duplicate': 760541, 'dirty-pages-rate': 0, 'normal-bytes': 141340672, 'normal': 34507}}
QMP cmd [src1] query-migrate args={}
QMP reply [src1] query-migrate: {'expected-downtime': 300, 'status': 'active', 'setup-time': 2, 'total-time': 1205, 'ram': {'total': 8607571968, 'postcopy-requests': 0, 'dirty-sync-count': 1, 'multifd-bytes': 0, 'pages-per-second': 46280, 'downtime-bytes': 0, 'page-size': 4096, 'remaining': 5310980096, 'postcopy-bytes': 0, 'mbps': 1083.1032, 'transferred': 175544451, 'dirty-sync-missed-zero-copy': 0, 'precopy-bytes': 175544004, 'duplicate': 763733, 'dirty-pages-rate': 0, 'normal-bytes': 168341504, 'normal': 41099}}
QMP cmd [src1] query-migrate args={}
QMP reply [src1] query-migrate: {'expected-downtime': 300, 'status': 'active', 'setup-time': 2, 'total-time': 1406, 'ram': {'total': 8607571968, 'postcopy-requests': 0, 'dirty-sync-count': 1, 'multifd-bytes': 0, 'pages-per-second': 35950, 'downtime-bytes': 0, 'page-size': 4096, 'remaining': 5282271232, 'postcopy-bytes': 0, 'mbps': 1082.35944, 'transferred': 202601808, 'dirty-sync-missed-zero-copy': 0, 'precopy-bytes': 202601341, 'duplicate': 764150, 'dirty-pages-rate': 0, 'normal-bytes': 195342336, 'normal': 47691}}
QMP cmd [src1] query-migrate args={}
QMP reply [src1] query-migrate: {'expected-downtime': 300, 'status': 'active', 'setup-time': 2, 'total-time': 1607, 'ram': {'total': 8607571968, 'postcopy-requests': 0, 'dirty-sync-count': 1, 'multifd-bytes': 0, 'pages-per-second': 39410, 'downtime-bytes': 0, 'page-size': 4096, 'remaining': 5252059136, 'postcopy-bytes': 0, 'mbps': 1082.6085600000001, 'transferred': 229662468, 'dirty-sync-missed-zero-copy': 0, 'precopy-bytes': 229661981, 'duplicate': 764934, 'dirty-pages-rate': 0, 'normal-bytes': 222343168, 'normal': 54283}}
QMP cmd [src1] query-migrate args={}
QMP reply [src1] query-migrate: {'expected-downtime': 300, 'status': 'active', 'setup-time': 2, 'total-time': 1808, 'ram': {'total': 8607571968, 'postcopy-requests': 0, 'dirty-sync-count': 1, 'multifd-bytes': 0, 'pages-per-second': 33010, 'downtime-bytes': 0, 'page-size': 4096, 'remaining': 5225009152, 'postcopy-bytes': 0, 'mbps': 1082.14776, 'transferred': 256716180, 'dirty-sync-missed-zero-copy': 0, 'precopy-bytes': 256715673, 'duplicate': 764946, 'dirty-pages-rate': 0, 'normal-bytes': 249344000, 'normal': 60875}}
QMP cmd [src1] query-migrate args={}
QMP reply [src1] query-migrate: {'expected-downtime': 300, 'status': 'active', 'setup-time': 2, 'total-time': 2008, 'ram': {'total': 8607571968, 'postcopy-requests': 0, 'dirty-sync-count': 1, 'multifd-bytes': 0, 'pages-per-second': 43770, 'downtime-bytes': 0, 'page-size': 4096, 'remaining': 5189079040, 'postcopy-bytes': 0, 'mbps': 1082.92248, 'transferred': 283789404, 'dirty-sync-missed-zero-copy': 0, 'precopy-bytes': 283788877, 'duplicate': 767126, 'dirty-pages-rate': 0, 'normal-bytes': 276344832, 'normal': 67467}}
QMP cmd [src1] query-migrate args={}
QMP reply [src1] query-migrate: {'expected-downtime': 300, 'status': 'active', 'setup-time': 2, 'total-time': 2210, 'ram': {'total': 8607571968, 'postcopy-requests': 0, 'dirty-sync-count': 1, 'multifd-bytes': 0, 'pages-per-second': 33020, 'downtime-bytes': 0, 'page-size': 4096, 'remaining': 5145059328, 'postcopy-bytes': 0, 'mbps': 1082.14848, 'transferred': 310839453, 'dirty-sync-missed-zero-copy': 0, 'precopy-bytes': 310838906, 'duplicate': 771291, 'dirty-pages-rate': 0, 'normal-bytes': 303304704, 'normal': 74049}}
2026-07-15 01:25:03.493132SSH command: ssh -o BatchMode=yes -o StrictHostKeyChecking=no -o UserKnownHostsFile=/dev/null -o ConnectTimeout=1 -o LogLevel=ERROR -p 2222 -i /home/max/.ssh/pgvm_bench user@127.0.0.1 test -f /tmp/bench.done
Return code: 1
Stdout: 
Stderr: 
QMP cmd [src1] query-migrate args={}
QMP reply [src1] query-migrate: {'expected-downtime': 300, 'status': 'active', 'setup-time': 2, 'total-time': 2412, 'ram': {'total': 8607571968, 'postcopy-requests': 0, 'dirty-sync-count': 1, 'multifd-bytes': 0, 'pages-per-second': 34080, 'downtime-bytes': 0, 'page-size': 4096, 'remaining': 5117513728, 'postcopy-bytes': 0, 'mbps': 1082.2248, 'transferred': 337894254, 'dirty-sync-missed-zero-copy': 0, 'precopy-bytes': 337893687, 'duplicate': 771424, 'dirty-pages-rate': 0, 'normal-bytes': 330305536, 'normal': 80641}}
QMP cmd [src1] query-migrate args={}
QMP reply [src1] query-migrate: {'expected-downtime': 300, 'status': 'active', 'setup-time': 2, 'total-time': 2613, 'ram': {'total': 8607571968, 'postcopy-requests': 0, 'dirty-sync-count': 1, 'multifd-bytes': 0, 'pages-per-second': 33030, 'downtime-bytes': 0, 'page-size': 4096, 'remaining': 5089554432, 'postcopy-bytes': 0, 'mbps': 1082.1492, 'transferred': 364949964, 'dirty-sync-missed-zero-copy': 0, 'precopy-bytes': 364949377, 'duplicate': 771658, 'dirty-pages-rate': 0, 'normal-bytes': 357306368, 'normal': 87233}}
QMP cmd [src1] query-migrate args={}
QMP reply [src1] query-migrate: {'expected-downtime': 300, 'status': 'active', 'setup-time': 2, 'total-time': 2814, 'ram': {'total': 8607571968, 'postcopy-requests': 0, 'dirty-sync-count': 1, 'multifd-bytes': 0, 'pages-per-second': 33110, 'downtime-bytes': 0, 'page-size': 4096, 'remaining': 5057929216, 'postcopy-bytes': 0, 'mbps': 1082.15496, 'transferred': 392013729, 'dirty-sync-missed-zero-copy': 0, 'precopy-bytes': 392013122, 'duplicate': 772787, 'dirty-pages-rate': 0, 'normal-bytes': 384307200, 'normal': 93825}}
QMP cmd [src1] query-migrate args={}
QMP reply [src1] query-migrate: {'expected-downtime': 300, 'status': 'active', 'setup-time': 2, 'total-time': 3015, 'ram': {'total': 8607571968, 'postcopy-requests': 0, 'dirty-sync-count': 1, 'multifd-bytes': 0, 'pages-per-second': 52660, 'downtime-bytes': 0, 'page-size': 4096, 'remaining': 5018165248, 'postcopy-bytes': 0, 'mbps': 1083.56256, 'transferred': 419095377, 'dirty-sync-missed-zero-copy': 0, 'precopy-bytes': 419094750, 'duplicate': 775903, 'dirty-pages-rate': 0, 'normal-bytes': 411308032, 'normal': 100417}}
QMP cmd [src1] query-migrate args={}
QMP reply [src1] query-migrate: {'expected-downtime': 300, 'status': 'active', 'setup-time': 2, 'total-time': 3215, 'ram': {'total': 8607571968, 'postcopy-requests': 0, 'dirty-sync-count': 1, 'multifd-bytes': 0, 'pages-per-second': 37500, 'downtime-bytes': 0, 'page-size': 4096, 'remaining': 4989104128, 'postcopy-bytes': 0, 'mbps': 1082.4710400000001, 'transferred': 446153508, 'dirty-sync-missed-zero-copy': 0, 'precopy-bytes': 446152861, 'duplicate': 776406, 'dirty-pages-rate': 0, 'normal-bytes': 438308864, 'normal': 107009}}
QMP cmd [src1] query-migrate args={}
QMP reply [src1] query-migrate: {'expected-downtime': 300, 'status': 'active', 'setup-time': 2, 'total-time': 3416, 'ram': {'total': 8607571968, 'postcopy-requests': 0, 'dirty-sync-count': 1, 'multifd-bytes': 0, 'pages-per-second': 33560, 'downtime-bytes': 0, 'page-size': 4096, 'remaining': 4961857536, 'postcopy-bytes': 0, 'mbps': 1082.1873600000001, 'transferred': 473207652, 'dirty-sync-missed-zero-copy': 0, 'precopy-bytes': 473206985, 'duplicate': 776466, 'dirty-pages-rate': 0, 'normal-bytes': 465309696, 'normal': 113601}}
QMP cmd [src1] query-migrate args={}
QMP reply [src1] query-migrate: {'expected-downtime': 300, 'status': 'active', 'setup-time': 2, 'total-time': 3617, 'ram': {'total': 8607571968, 'postcopy-requests': 0, 'dirty-sync-count': 1, 'multifd-bytes': 0, 'pages-per-second': 33180, 'downtime-bytes': 0, 'page-size': 4096, 'remaining': 4934172672, 'postcopy-bytes': 0, 'mbps': 1082.16, 'transferred': 500262759, 'dirty-sync-missed-zero-copy': 0, 'precopy-bytes': 500262072, 'duplicate': 776633, 'dirty-pages-rate': 0, 'normal-bytes': 492310528, 'normal': 120193}}
QMP cmd [src1] query-migrate args={}
QMP reply [src1] query-migrate: {'expected-downtime': 300, 'status': 'active', 'setup-time': 2, 'total-time': 3818, 'ram': {'total': 8607571968, 'postcopy-requests': 0, 'dirty-sync-count': 1, 'multifd-bytes': 0, 'pages-per-second': 33680, 'downtime-bytes': 0, 'page-size': 4096, 'remaining': 4906795008, 'postcopy-bytes': 0, 'mbps': 1082.196, 'transferred': 527317191, 'dirty-sync-missed-zero-copy': 0, 'precopy-bytes': 527316484, 'duplicate': 776725, 'dirty-pages-rate': 0, 'normal-bytes': 519311360, 'normal': 126785}}
QMP cmd [src1] query-migrate args={}
QMP reply [src1] query-migrate: {'expected-downtime': 300, 'status': 'active', 'setup-time': 2, 'total-time': 4019, 'ram': {'total': 8607571968, 'postcopy-requests': 0, 'dirty-sync-count': 1, 'multifd-bytes': 0, 'pages-per-second': 33370, 'downtime-bytes': 0, 'page-size': 4096, 'remaining': 4877975552, 'postcopy-bytes': 0, 'mbps': 1082.1736799999999, 'transferred': 554374791, 'dirty-sync-missed-zero-copy': 0, 'precopy-bytes': 554374064, 'duplicate': 777169, 'dirty-pages-rate': 0, 'normal-bytes': 546312192, 'normal': 133377}}
QMP cmd [src1] query-migrate args={}
QMP reply [src1] query-migrate: {'expected-downtime': 300, 'status': 'active', 'setup-time': 2, 'total-time': 4220, 'ram': {'total': 8607571968, 'postcopy-requests': 0, 'dirty-sync-count': 1, 'multifd-bytes': 0, 'pages-per-second': 33920, 'downtime-bytes': 0, 'page-size': 4096, 'remaining': 4850548736, 'postcopy-bytes': 0, 'mbps': 1082.21328, 'transferred': 581429331, 'dirty-sync-missed-zero-copy': 0, 'precopy-bytes': 581428584, 'duplicate': 777273, 'dirty-pages-rate': 0, 'normal-bytes': 573313024, 'normal': 139969}}
QMP cmd [src1] query-migrate args={}
QMP reply [src1] query-migrate: {'expected-downtime': 300, 'status': 'active', 'setup-time': 2, 'total-time': 4420, 'ram': {'total': 8607571968, 'postcopy-requests': 0, 'dirty-sync-count': 1, 'multifd-bytes': 0, 'pages-per-second': 33020, 'downtime-bytes': 0, 'page-size': 4096, 'remaining': 4823326720, 'postcopy-bytes': 0, 'mbps': 1082.14848, 'transferred': 608483421, 'dirty-sync-missed-zero-copy': 0, 'precopy-bytes': 608482654, 'duplicate': 777327, 'dirty-pages-rate': 0, 'normal-bytes': 600313856, 'normal': 146561}}
2026-07-15 01:25:05.662555SSH command: ssh -o BatchMode=yes -o StrictHostKeyChecking=no -o UserKnownHostsFile=/dev/null -o ConnectTimeout=1 -o LogLevel=ERROR -p 2222 -i /home/max/.ssh/pgvm_bench user@127.0.0.1 test -f /tmp/bench.done
Return code: 1
Stdout: 
Stderr: 
qemu-system-x86_64: terminating on signal 15 from pid 47242 (/home/max/Bachelor-Thesis/Repo/.venv/bin/python)
QMP cmd [src1] query-migrate args={}
QMP reply [src1] query-migrate: {'expected-downtime': 300, 'status': 'active', 'setup-time': 2, 'total-time': 4621, 'ram': {'total': 8607571968, 'postcopy-requests': 0, 'dirty-sync-count': 1, 'multifd-bytes': 0, 'pages-per-second': 33070, 'downtime-bytes': 0, 'page-size': 4096, 'remaining': 4796198912, 'postcopy-bytes': 0, 'mbps': 1082.15208, 'transferred': 635537304, 'dirty-sync-missed-zero-copy': 0, 'precopy-bytes': 635536517, 'duplicate': 777358, 'dirty-pages-rate': 0, 'normal-bytes': 627314688, 'normal': 153153}}
QMP cmd [src1] query-migrate args={}
QMP reply [src1] query-migrate: {'expected-downtime': 300, 'status': 'active', 'setup-time': 2, 'total-time': 4822, 'ram': {'total': 8607571968, 'postcopy-requests': 0, 'dirty-sync-count': 1, 'multifd-bytes': 0, 'pages-per-second': 33000, 'downtime-bytes': 0, 'page-size': 4096, 'remaining': 4769140736, 'postcopy-bytes': 0, 'mbps': 1082.14704, 'transferred': 662591034, 'dirty-sync-missed-zero-copy': 0, 'precopy-bytes': 662590227, 'duplicate': 777372, 'dirty-pages-rate': 0, 'normal-bytes': 654315520, 'normal': 159745}}
QMP cmd [src1] query-migrate args={}
QMP reply [src1] query-migrate: {'expected-downtime': 300, 'status': 'active', 'setup-time': 2, 'total-time': 5023, 'ram': {'total': 8607571968, 'postcopy-requests': 0, 'dirty-sync-count': 1, 'multifd-bytes': 0, 'pages-per-second': 33050, 'downtime-bytes': 0, 'page-size': 4096, 'remaining': 4742103040, 'postcopy-bytes': 0, 'mbps': 1082.1506399999998, 'transferred': 689644719, 'dirty-sync-missed-zero-copy': 0, 'precopy-bytes': 689643892, 'duplicate': 777381, 'dirty-pages-rate': 0, 'normal-bytes': 681316352, 'normal': 166337}}
QMP cmd [src1] migrate-start-postcopy args={}
QMP reply [src1] migrate-start-postcopy: {}
QMP cmd [src1] query-migrate args={}
QMP reply [src1] query-migrate: {'status': 'postcopy-active', 'setup-time': 2, 'downtime': 12, 'total-time': 5225, 'ram': {'total': 8607571968, 'postcopy-requests': 0, 'dirty-sync-count': 2, 'multifd-bytes': 0, 'pages-per-second': 582754, 'downtime-bytes': 0, 'page-size': 4096, 'remaining': 4550037504, 'postcopy-bytes': 290269498, 'mbps': 18619.474596491225, 'transferred': 980450504, 'dirty-sync-missed-zero-copy': 0, 'precopy-bytes': 689643892, 'duplicate': 779400, 'dirty-pages-rate': 5067, 'normal-bytes': 971001856, 'normal': 237061}}
QMP cmd [src1] query-migrate args={}
QMP reply [src1] query-migrate: {'status': 'postcopy-active', 'setup-time': 2, 'downtime': 12, 'total-time': 5426, 'ram': {'total': 8607571968, 'postcopy-requests': 0, 'dirty-sync-count': 2, 'multifd-bytes': 0, 'pages-per-second': 640640, 'downtime-bytes': 0, 'page-size': 4096, 'remaining': 4019843072, 'postcopy-bytes': 813260358, 'mbps': 20701.467961165054, 'transferred': 1503441404, 'dirty-sync-missed-zero-copy': 0, 'precopy-bytes': 689643892, 'duplicate': 781412, 'dirty-pages-rate': 5067, 'normal-bytes': 1492955136, 'normal': 364491}}
QMP cmd [src1] query-migrate args={}
QMP reply [src1] query-migrate: {'status': 'postcopy-active', 'setup-time': 2, 'downtime': 12, 'total-time': 5628, 'ram': {'total': 8607571968, 'postcopy-requests': 437, 'dirty-sync-count': 2, 'multifd-bytes': 0, 'pages-per-second': 1311714, 'downtime-bytes': 0, 'page-size': 4096, 'remaining': 3177160704, 'postcopy-bytes': 1153281313, 'mbps': 7525.662171428571, 'transferred': 1843586929, 'dirty-sync-missed-zero-copy': 0, 'precopy-bytes': 689643892, 'duplicate': 904564, 'dirty-pages-rate': 5067, 'normal-bytes': 1831206912, 'normal': 447072}}
QMP cmd [src1] query-migrate args={}
QMP reply [src1] query-migrate: {'status': 'postcopy-active', 'setup-time': 2, 'downtime': 12, 'total-time': 5829, 'ram': {'total': 8607571968, 'postcopy-requests': 857, 'dirty-sync-count': 2, 'multifd-bytes': 0, 'pages-per-second': 956942, 'downtime-bytes': 0, 'page-size': 4096, 'remaining': 2333995008, 'postcopy-bytes': 1487332681, 'mbps': 7951.777615384616, 'transferred': 2177608269, 'dirty-sync-missed-zero-copy': 0, 'precopy-bytes': 689643892, 'duplicate': 1029293, 'dirty-pages-rate': 5067, 'normal-bytes': 2163486720, 'normal': 528195}}
QMP cmd [src1] query-migrate args={}
QMP reply [src1] query-migrate: {'status': 'postcopy-active', 'setup-time': 2, 'downtime': 12, 'total-time': 6030, 'ram': {'total': 8607571968, 'postcopy-requests': 961, 'dirty-sync-count': 2, 'multifd-bytes': 0, 'pages-per-second': 733509, 'downtime-bytes': 0, 'page-size': 4096, 'remaining': 1755643904, 'postcopy-bytes': 2060224562, 'mbps': 23666.030823529414, 'transferred': 2750405718, 'dirty-sync-missed-zero-copy': 0, 'precopy-bytes': 689643892, 'duplicate': 1030901, 'dirty-pages-rate': 5067, 'normal-bytes': 2735247360, 'normal': 667785}}
QMP cmd [src1] query-migrate args={}
QMP reply [src1] query-migrate: {'status': 'postcopy-active', 'setup-time': 2, 'downtime': 12, 'total-time': 6230, 'ram': {'total': 8607571968, 'postcopy-requests': 970, 'dirty-sync-count': 2, 'multifd-bytes': 0, 'pages-per-second': 1619470, 'downtime-bytes': 0, 'page-size': 4096, 'remaining': 307814400, 'postcopy-bytes': 2183319737, 'mbps': 6315.952941176471, 'transferred': 2873595406, 'dirty-sync-missed-zero-copy': 0, 'precopy-bytes': 689643892, 'duplicate': 1355093, 'dirty-pages-rate': 5067, 'normal-bytes': 2855190528, 'normal': 697068}}
QMP cmd [src1] query-migrate args={}
QMP reply [src1] query-migrate: {'status': 'completed', 'setup-time': 2, 'downtime': 12, 'total-time': 6291, 'ram': {'total': 8607571968, 'postcopy-requests': 970, 'dirty-sync-count': 2, 'multifd-bytes': 0, 'pages-per-second': 2045160, 'downtime-bytes': 0, 'page-size': 4096, 'remaining': 0, 'postcopy-bytes': 2266309806, 'mbps': 3761.002726029575, 'transferred': 2956618268, 'dirty-sync-missed-zero-copy': 0, 'precopy-bytes': 689643892, 'duplicate': 1410142, 'dirty-pages-rate': 0, 'normal-bytes': 2937524224, 'normal': 717169}}
