2026-07-15 01:39:19.573508SSH command: ssh -o BatchMode=yes -o StrictHostKeyChecking=no -o UserKnownHostsFile=/dev/null -o ConnectTimeout=1 -o LogLevel=ERROR -p 2226 -i /home/max/.ssh/pgvm_bench user@127.0.0.1 systemd-analyze
Return code: 0
Stdout: Startup finished in 799ms (kernel) + 3.175s (userspace) = 3.974s 
graphical.target reached after 3.174s in userspace.

Stderr: 
2026-07-15 01:39:19.724811SSH command: ssh -o BatchMode=yes -o StrictHostKeyChecking=no -o UserKnownHostsFile=/dev/null -o ConnectTimeout=1 -o LogLevel=ERROR -p 2226 -i /home/max/.ssh/pgvm_bench user@127.0.0.1 rm -f /tmp/bench.done /tmp/pg-buffer-hit-ratio.csv /tmp/pg-buffer-sampler.log; nohup bash /home/user/pg_sampler.sh /tmp/bench.done /tmp/pg-buffer-hit-ratio.csv ycsb >/tmp/pg-buffer-sampler.log 2>&1 &
Return code: 0
Stdout: 
Stderr: 
QMP cmd [src5] migrate-set-capabilities args={'capabilities': [{'capability': 'auto-converge', 'state': False}, {'capability': 'events', 'state': True}, {'capability': 'postcopy-blocktime', 'state': True}, {'capability': 'postcopy-ram', 'state': True}]}
QMP cmd [src5] query-migrate args={}
QMP reply [src5] migrate-set-capabilities: {}
QMP cmd [src5] migrate args={'uri': 'unix:/tmp/mig.sock'}
QMP reply [src5] query-migrate: {}
QMP reply [src5] migrate: {}
QMP cmd [src5] query-migrate args={}
QMP reply [src5] query-migrate: {'expected-downtime': 300, 'status': 'active', 'setup-time': 1, 'total-time': 201, 'ram': {'total': 8607571968, 'postcopy-requests': 0, 'dirty-sync-count': 1, 'multifd-bytes': 0, 'pages-per-second': 37300, 'downtime-bytes': 0, 'page-size': 4096, 'remaining': 8577740800, 'postcopy-bytes': 0, 'mbps': 1082.4825600000001, 'transferred': 27060147, 'dirty-sync-missed-zero-copy': 0, 'precopy-bytes': 27059810, 'duplicate': 691, 'dirty-pages-rate': 0, 'normal-bytes': 27000832, 'normal': 6592}}
2026-07-15 01:41:00.244179SSH command: ssh -o BatchMode=yes -o StrictHostKeyChecking=no -o UserKnownHostsFile=/dev/null -o ConnectTimeout=1 -o LogLevel=ERROR -p 2226 -i /home/max/.ssh/pgvm_bench user@127.0.0.1 test -f /tmp/bench.done
Return code: 1
Stdout: 
Stderr: 
QMP cmd [src5] query-migrate args={}
QMP reply [src5] query-migrate: {'expected-downtime': 300, 'status': 'active', 'setup-time': 1, 'total-time': 403, 'ram': {'total': 8607571968, 'postcopy-requests': 0, 'dirty-sync-count': 1, 'multifd-bytes': 0, 'pages-per-second': 2045870, 'downtime-bytes': 0, 'page-size': 4096, 'remaining': 7687761920, 'postcopy-bytes': 0, 'mbps': 1074.08448, 'transferred': 54908110, 'dirty-sync-missed-zero-copy': 0, 'precopy-bytes': 55034975, 'duplicate': 211616, 'dirty-pages-rate': 0, 'normal-bytes': 53026816, 'normal': 12946}}
QMP cmd [src5] query-migrate args={}
QMP reply [src5] query-migrate: {'expected-downtime': 300, 'status': 'active', 'setup-time': 1, 'total-time': 604, 'ram': {'total': 8607571968, 'postcopy-requests': 0, 'dirty-sync-count': 1, 'multifd-bytes': 0, 'pages-per-second': 199090, 'downtime-bytes': 0, 'page-size': 4096, 'remaining': 5369233408, 'postcopy-bytes': 0, 'mbps': 1073.79432, 'transferred': 81759304, 'dirty-sync-missed-zero-copy': 0, 'precopy-bytes': 81886157, 'duplicate': 772350, 'dirty-pages-rate': 0, 'normal-bytes': 74788864, 'normal': 18259}}
QMP cmd [src5] query-migrate args={}
QMP reply [src5] query-migrate: {'expected-downtime': 300, 'status': 'active', 'setup-time': 1, 'total-time': 805, 'ram': {'total': 8607571968, 'postcopy-requests': 0, 'dirty-sync-count': 1, 'multifd-bytes': 0, 'pages-per-second': 42600, 'downtime-bytes': 0, 'page-size': 4096, 'remaining': 5323120640, 'postcopy-bytes': 0, 'mbps': 1082.83824, 'transferred': 109641160, 'dirty-sync-missed-zero-copy': 0, 'precopy-bytes': 109767975, 'duplicate': 776824, 'dirty-pages-rate': 0, 'normal-bytes': 102576128, 'normal': 25043}}
QMP cmd [src5] query-migrate args={}
QMP reply [src5] query-migrate: {'expected-downtime': 300, 'status': 'active', 'setup-time': 1, 'total-time': 1005, 'ram': {'total': 8607571968, 'postcopy-requests': 0, 'dirty-sync-count': 1, 'multifd-bytes': 0, 'pages-per-second': 47730, 'downtime-bytes': 0, 'page-size': 4096, 'remaining': 5281185792, 'postcopy-bytes': 0, 'mbps': 1083.2076000000002, 'transferred': 137775871, 'dirty-sync-missed-zero-copy': 0, 'precopy-bytes': 137902693, 'duplicate': 780214, 'dirty-pages-rate': 0, 'normal-bytes': 130625536, 'normal': 31891}}
QMP cmd [src5] query-migrate args={}
QMP reply [src5] query-migrate: {'expected-downtime': 300, 'status': 'active', 'setup-time': 1, 'total-time': 1206, 'ram': {'total': 8607571968, 'postcopy-requests': 0, 'dirty-sync-count': 1, 'multifd-bytes': 0, 'pages-per-second': 33130, 'downtime-bytes': 0, 'page-size': 4096, 'remaining': 5247475712, 'postcopy-bytes': 0, 'mbps': 1082.1563999999998, 'transferred': 166023604, 'dirty-sync-missed-zero-copy': 0, 'precopy-bytes': 166150379, 'duplicate': 781564, 'dirty-pages-rate': 0, 'normal-bytes': 158806016, 'normal': 38771}}
QMP cmd [src5] query-migrate args={}
QMP reply [src5] query-migrate: {'expected-downtime': 300, 'status': 'active', 'setup-time': 1, 'total-time': 1407, 'ram': {'total': 8607571968, 'postcopy-requests': 0, 'dirty-sync-count': 1, 'multifd-bytes': 0, 'pages-per-second': 33800, 'downtime-bytes': 0, 'page-size': 4096, 'remaining': 5214097408, 'postcopy-bytes': 0, 'mbps': 1082.20464, 'transferred': 196629301, 'dirty-sync-missed-zero-copy': 0, 'precopy-bytes': 196756056, 'duplicate': 782257, 'dirty-pages-rate': 0, 'normal-bytes': 189345792, 'normal': 46227}}
QMP cmd [src5] query-migrate args={}
QMP reply [src5] query-migrate: {'expected-downtime': 300, 'status': 'active', 'setup-time': 1, 'total-time': 1608, 'ram': {'total': 8607571968, 'postcopy-requests': 0, 'dirty-sync-count': 1, 'multifd-bytes': 0, 'pages-per-second': 42420, 'downtime-bytes': 0, 'page-size': 4096, 'remaining': 5186764800, 'postcopy-bytes': 0, 'mbps': 1082.82528, 'transferred': 220014514, 'dirty-sync-missed-zero-copy': 0, 'precopy-bytes': 220141249, 'duplicate': 783234, 'dirty-pages-rate': 0, 'normal-bytes': 212676608, 'normal': 51923}}
QMP cmd [src5] query-migrate args={}
QMP reply [src5] query-migrate: {'expected-downtime': 300, 'status': 'active', 'setup-time': 1, 'total-time': 1808, 'ram': {'total': 8607571968, 'postcopy-requests': 0, 'dirty-sync-count': 1, 'multifd-bytes': 0, 'pages-per-second': 35890, 'downtime-bytes': 0, 'page-size': 4096, 'remaining': 5135265792, 'postcopy-bytes': 0, 'mbps': 1082.3551200000002, 'transferred': 253280827, 'dirty-sync-missed-zero-copy': 0, 'precopy-bytes': 253407542, 'duplicate': 787711, 'dirty-pages-rate': 0, 'normal-bytes': 245837824, 'normal': 60019}}
QMP cmd [src5] query-migrate args={}
QMP reply [src5] query-migrate: {'expected-downtime': 300, 'status': 'active', 'setup-time': 1, 'total-time': 2009, 'ram': {'total': 8607571968, 'postcopy-requests': 0, 'dirty-sync-count': 1, 'multifd-bytes': 0, 'pages-per-second': 33020, 'downtime-bytes': 0, 'page-size': 4096, 'remaining': 5109088256, 'postcopy-bytes': 0, 'mbps': 1082.14848, 'transferred': 278759971, 'dirty-sync-missed-zero-copy': 0, 'precopy-bytes': 278886837, 'duplicate': 787894, 'dirty-pages-rate': 0, 'normal-bytes': 271265792, 'normal': 66227}}
QMP cmd [src5] query-migrate args={}
QMP reply [src5] query-migrate: {'expected-downtime': 300, 'status': 'active', 'setup-time': 1, 'total-time': 2210, 'ram': {'total': 8607571968, 'postcopy-requests': 0, 'dirty-sync-count': 1, 'multifd-bytes': 0, 'pages-per-second': 35330, 'downtime-bytes': 0, 'page-size': 4096, 'remaining': 5079937024, 'postcopy-bytes': 0, 'mbps': 1082.3148, 'transferred': 306866791, 'dirty-sync-missed-zero-copy': 0, 'precopy-bytes': 306993466, 'duplicate': 788163, 'dirty-pages-rate': 0, 'normal-bytes': 299315200, 'normal': 73075}}
QMP cmd [src5] query-migrate args={}
QMP reply [src5] query-migrate: {'expected-downtime': 300, 'status': 'active', 'setup-time': 1, 'total-time': 2411, 'ram': {'total': 8607571968, 'postcopy-requests': 0, 'dirty-sync-count': 1, 'multifd-bytes': 0, 'pages-per-second': 39220, 'downtime-bytes': 0, 'page-size': 4096, 'remaining': 5045075968, 'postcopy-bytes': 0, 'mbps': 1082.5948799999999, 'transferred': 335248120, 'dirty-sync-missed-zero-copy': 0, 'precopy-bytes': 335341953, 'duplicate': 789769, 'dirty-pages-rate': 0, 'normal-bytes': 327593984, 'normal': 79979}}
2026-07-15 01:41:02.432906SSH command: ssh -o BatchMode=yes -o StrictHostKeyChecking=no -o UserKnownHostsFile=/dev/null -o ConnectTimeout=1 -o LogLevel=ERROR -p 2226 -i /home/max/.ssh/pgvm_bench user@127.0.0.1 test -f /tmp/bench.done
Return code: 1
Stdout: 
Stderr: 
QMP cmd [src5] query-migrate args={}
QMP reply [src5] query-migrate: {'expected-downtime': 300, 'status': 'active', 'setup-time': 1, 'total-time': 2612, 'ram': {'total': 8607571968, 'postcopy-requests': 0, 'dirty-sync-count': 1, 'multifd-bytes': 0, 'pages-per-second': 49120, 'downtime-bytes': 0, 'page-size': 4096, 'remaining': 5005828096, 'postcopy-bytes': 0, 'mbps': 1083.30768, 'transferred': 364818636, 'dirty-sync-missed-zero-copy': 0, 'precopy-bytes': 364818039, 'duplicate': 792176, 'dirty-pages-rate': 0, 'normal-bytes': 356990976, 'normal': 87156}}
QMP cmd [src5] query-migrate args={}
QMP reply [src5] query-migrate: {'expected-downtime': 300, 'status': 'active', 'setup-time': 1, 'total-time': 2812, 'ram': {'total': 8607571968, 'postcopy-requests': 0, 'dirty-sync-count': 1, 'multifd-bytes': 0, 'pages-per-second': 32970, 'downtime-bytes': 0, 'page-size': 4096, 'remaining': 4979683328, 'postcopy-bytes': 0, 'mbps': 1082.1448799999998, 'transferred': 390690703, 'dirty-sync-missed-zero-copy': 0, 'precopy-bytes': 390817318, 'duplicate': 792223, 'dirty-pages-rate': 0, 'normal-bytes': 382939136, 'normal': 93491}}
QMP cmd [src5] query-migrate args={}
QMP reply [src5] query-migrate: {'expected-downtime': 300, 'status': 'active', 'setup-time': 1, 'total-time': 3013, 'ram': {'total': 8607571968, 'postcopy-requests': 0, 'dirty-sync-count': 1, 'multifd-bytes': 0, 'pages-per-second': 32960, 'downtime-bytes': 0, 'page-size': 4096, 'remaining': 4951310336, 'postcopy-bytes': 0, 'mbps': 1082.1441599999998, 'transferred': 418926978, 'dirty-sync-missed-zero-copy': 0, 'precopy-bytes': 418926341, 'duplicate': 792302, 'dirty-pages-rate': 0, 'normal-bytes': 410992640, 'normal': 100340}}
QMP cmd [src5] query-migrate args={}
QMP reply [src5] query-migrate: {'expected-downtime': 300, 'status': 'active', 'setup-time': 1, 'total-time': 3214, 'ram': {'total': 8607571968, 'postcopy-requests': 0, 'dirty-sync-count': 1, 'multifd-bytes': 0, 'pages-per-second': 39500, 'downtime-bytes': 0, 'page-size': 4096, 'remaining': 4921552896, 'postcopy-bytes': 0, 'mbps': 1082.6150400000001, 'transferred': 445986639, 'dirty-sync-missed-zero-copy': 0, 'precopy-bytes': 445985982, 'duplicate': 792975, 'dirty-pages-rate': 0, 'normal-bytes': 437993472, 'normal': 106932}}
QMP cmd [src5] query-migrate args={}
QMP reply [src5] query-migrate: {'expected-downtime': 300, 'status': 'active', 'setup-time': 1, 'total-time': 3415, 'ram': {'total': 8607571968, 'postcopy-requests': 0, 'dirty-sync-count': 1, 'multifd-bytes': 0, 'pages-per-second': 33110, 'downtime-bytes': 0, 'page-size': 4096, 'remaining': 4905811968, 'postcopy-bytes': 0, 'mbps': 1082.15496, 'transferred': 461483686, 'dirty-sync-missed-zero-copy': 0, 'precopy-bytes': 461610241, 'duplicate': 793010, 'dirty-pages-rate': 0, 'normal-bytes': 453586944, 'normal': 110739}}
QMP cmd [src5] query-migrate args={}
QMP reply [src5] query-migrate: {'expected-downtime': 300, 'status': 'active', 'setup-time': 1, 'total-time': 3616, 'ram': {'total': 8607571968, 'postcopy-requests': 0, 'dirty-sync-count': 1, 'multifd-bytes': 0, 'pages-per-second': 34690, 'downtime-bytes': 0, 'page-size': 4096, 'remaining': 4865740800, 'postcopy-bytes': 0, 'mbps': 1082.26872, 'transferred': 500097825, 'dirty-sync-missed-zero-copy': 0, 'precopy-bytes': 500097128, 'duplicate': 793417, 'dirty-pages-rate': 0, 'normal-bytes': 491995136, 'normal': 120116}}
QMP cmd [src5] query-migrate args={}
QMP reply [src5] query-migrate: {'expected-downtime': 300, 'status': 'active', 'setup-time': 1, 'total-time': 3816, 'ram': {'total': 8607571968, 'postcopy-requests': 0, 'dirty-sync-count': 1, 'multifd-bytes': 0, 'pages-per-second': 33080, 'downtime-bytes': 0, 'page-size': 4096, 'remaining': 4838674432, 'postcopy-bytes': 0, 'mbps': 1082.1528, 'transferred': 527151573, 'dirty-sync-missed-zero-copy': 0, 'precopy-bytes': 527150856, 'duplicate': 793433, 'dirty-pages-rate': 0, 'normal-bytes': 518995968, 'normal': 126708}}
QMP cmd [src5] query-migrate args={}
QMP reply [src5] query-migrate: {'expected-downtime': 300, 'status': 'active', 'setup-time': 1, 'total-time': 4017, 'ram': {'total': 8607571968, 'postcopy-requests': 0, 'dirty-sync-count': 1, 'multifd-bytes': 0, 'pages-per-second': 33380, 'downtime-bytes': 0, 'page-size': 4096, 'remaining': 4811485184, 'postcopy-bytes': 0, 'mbps': 1082.1743999999999, 'transferred': 554205591, 'dirty-sync-missed-zero-copy': 0, 'precopy-bytes': 554204854, 'duplicate': 793479, 'dirty-pages-rate': 0, 'normal-bytes': 545996800, 'normal': 133300}}
QMP cmd [src5] query-migrate args={}
QMP reply [src5] query-migrate: {'expected-downtime': 300, 'status': 'active', 'setup-time': 1, 'total-time': 4218, 'ram': {'total': 8607571968, 'postcopy-requests': 0, 'dirty-sync-count': 1, 'multifd-bytes': 0, 'pages-per-second': 33000, 'downtime-bytes': 0, 'page-size': 4096, 'remaining': 4784435200, 'postcopy-bytes': 0, 'mbps': 1082.14704, 'transferred': 581259303, 'dirty-sync-missed-zero-copy': 0, 'precopy-bytes': 581258546, 'duplicate': 793491, 'dirty-pages-rate': 0, 'normal-bytes': 572997632, 'normal': 139892}}
QMP cmd [src5] query-migrate args={}
QMP reply [src5] query-migrate: {'expected-downtime': 300, 'status': 'active', 'setup-time': 1, 'total-time': 4419, 'ram': {'total': 8607571968, 'postcopy-requests': 0, 'dirty-sync-count': 1, 'multifd-bytes': 0, 'pages-per-second': 32673, 'downtime-bytes': 0, 'page-size': 4096, 'remaining': 4757327872, 'postcopy-bytes': 0, 'mbps': 1071.432712871287, 'transferred': 608313141, 'dirty-sync-missed-zero-copy': 0, 'precopy-bytes': 608312364, 'duplicate': 793517, 'dirty-pages-rate': 0, 'normal-bytes': 599998464, 'normal': 146484}}
QMP cmd [src5] query-migrate args={}
QMP reply [src5] query-migrate: {'expected-downtime': 300, 'status': 'active', 'setup-time': 1, 'total-time': 4619, 'ram': {'total': 8607571968, 'postcopy-requests': 0, 'dirty-sync-count': 1, 'multifd-bytes': 0, 'pages-per-second': 32960, 'downtime-bytes': 0, 'page-size': 4096, 'remaining': 4735897600, 'postcopy-bytes': 0, 'mbps': 1082.1441599999998, 'transferred': 629588449, 'dirty-sync-missed-zero-copy': 0, 'precopy-bytes': 629714884, 'duplicate': 793533, 'dirty-pages-rate': 0, 'normal-bytes': 621359104, 'normal': 151699}}
2026-07-15 01:41:04.607128SSH command: ssh -o BatchMode=yes -o StrictHostKeyChecking=no -o UserKnownHostsFile=/dev/null -o ConnectTimeout=1 -o LogLevel=ERROR -p 2226 -i /home/max/.ssh/pgvm_bench user@127.0.0.1 test -f /tmp/bench.done
Return code: 1
Stdout: 
Stderr: 
qemu-system-x86_64: terminating on signal 15 from pid 47242 (/home/max/Bachelor-Thesis/Repo/.venv/bin/python)
QMP cmd [src5] query-migrate args={}
QMP reply [src5] query-migrate: {'expected-downtime': 300, 'status': 'active', 'setup-time': 1, 'total-time': 4821, 'ram': {'total': 8607571968, 'postcopy-requests': 0, 'dirty-sync-count': 1, 'multifd-bytes': 0, 'pages-per-second': 33190, 'downtime-bytes': 0, 'page-size': 4096, 'remaining': 4703129600, 'postcopy-bytes': 0, 'mbps': 1082.16072, 'transferred': 662420781, 'dirty-sync-missed-zero-copy': 0, 'precopy-bytes': 662419964, 'duplicate': 793565, 'dirty-pages-rate': 0, 'normal-bytes': 654000128, 'normal': 159668}}
QMP cmd [src5] query-migrate args={}
QMP reply [src5] query-migrate: {'expected-downtime': 300, 'status': 'active', 'setup-time': 1, 'total-time': 5022, 'ram': {'total': 8607571968, 'postcopy-requests': 0, 'dirty-sync-count': 1, 'multifd-bytes': 0, 'pages-per-second': 32980, 'downtime-bytes': 0, 'page-size': 4096, 'remaining': 4676104192, 'postcopy-bytes': 0, 'mbps': 1082.1456, 'transferred': 689474439, 'dirty-sync-missed-zero-copy': 0, 'precopy-bytes': 689473602, 'duplicate': 793571, 'dirty-pages-rate': 0, 'normal-bytes': 681000960, 'normal': 166260}}
QMP cmd [src5] migrate-start-postcopy args={}
QMP reply [src5] migrate-start-postcopy: {}
QMP cmd [src5] query-migrate args={}
QMP reply [src5] query-migrate: {'status': 'postcopy-active', 'setup-time': 1, 'downtime': 15, 'total-time': 5224, 'ram': {'total': 8607571968, 'postcopy-requests': 2, 'dirty-sync-count': 2, 'multifd-bytes': 0, 'pages-per-second': 32673, 'downtime-bytes': 0, 'page-size': 4096, 'remaining': 4002357248, 'postcopy-bytes': 20540643, 'mbps': 1071.432712871287, 'transferred': 710666868, 'dirty-sync-missed-zero-copy': 0, 'precopy-bytes': 689473602, 'duplicate': 984648, 'dirty-pages-rate': 6111, 'normal-bytes': 699785216, 'normal': 170846}}
QMP cmd [src5] query-migrate args={}
QMP reply [src5] query-migrate: {'status': 'postcopy-active', 'setup-time': 1, 'downtime': 15, 'total-time': 5424, 'ram': {'total': 8607571968, 'postcopy-requests': 2, 'dirty-sync-count': 2, 'multifd-bytes': 0, 'pages-per-second': 1650054, 'downtime-bytes': 0, 'page-size': 4096, 'remaining': 3038187520, 'postcopy-bytes': 221684525, 'mbps': 138.46254545454548, 'transferred': 911642461, 'dirty-sync-missed-zero-copy': 0, 'precopy-bytes': 689473602, 'duplicate': 1171435, 'dirty-pages-rate': 6111, 'normal-bytes': 898854912, 'normal': 219447}}
QMP cmd [src5] query-migrate args={}
QMP reply [src5] query-migrate: {'status': 'postcopy-active', 'setup-time': 1, 'downtime': 15, 'total-time': 5625, 'ram': {'total': 8607571968, 'postcopy-requests': 651, 'dirty-sync-count': 2, 'multifd-bytes': 0, 'pages-per-second': 635000, 'downtime-bytes': 0, 'page-size': 4096, 'remaining': 2528722944, 'postcopy-bytes': 705444816, 'mbps': 19819.594588235293, 'transferred': 1395476656, 'dirty-sync-missed-zero-copy': 0, 'precopy-bytes': 689473602, 'duplicate': 1177958, 'dirty-pages-rate': 6111, 'normal-bytes': 1381617664, 'normal': 337309}}
QMP cmd [src5] query-migrate args={}
QMP reply [src5] query-migrate: {'status': 'postcopy-active', 'setup-time': 1, 'downtime': 15, 'total-time': 5826, 'ram': {'total': 8607571968, 'postcopy-requests': 1193, 'dirty-sync-count': 2, 'multifd-bytes': 0, 'pages-per-second': 697117, 'downtime-bytes': 0, 'page-size': 4096, 'remaining': 1946591232, 'postcopy-bytes': 1269028871, 'mbps': 22568.198823529412, 'transferred': 1959060751, 'dirty-sync-missed-zero-copy': 0, 'precopy-bytes': 689473602, 'duplicate': 1182765, 'dirty-pages-rate': 6111, 'normal-bytes': 1944059904, 'normal': 474624}}
QMP cmd [src5] query-migrate args={}
QMP reply [src5] query-migrate: {'status': 'postcopy-active', 'setup-time': 1, 'downtime': 15, 'total-time': 6027, 'ram': {'total': 8607571968, 'postcopy-requests': 1428, 'dirty-sync-count': 2, 'multifd-bytes': 0, 'pages-per-second': 711475, 'downtime-bytes': 0, 'page-size': 4096, 'remaining': 1357189120, 'postcopy-bytes': 1857178426, 'mbps': 23290.47332038835, 'transferred': 2547210328, 'dirty-sync-missed-zero-copy': 0, 'precopy-bytes': 689473602, 'duplicate': 1183352, 'dirty-pages-rate': 6111, 'normal-bytes': 2531057664, 'normal': 617934}}
QMP cmd [src5] query-migrate args={}
QMP reply [src5] query-migrate: {'status': 'postcopy-active', 'setup-time': 1, 'downtime': 15, 'total-time': 6227, 'ram': {'total': 8607571968, 'postcopy-requests': 1501, 'dirty-sync-count': 2, 'multifd-bytes': 0, 'pages-per-second': 722215, 'downtime-bytes': 0, 'page-size': 4096, 'remaining': 589549568, 'postcopy-bytes': 2338361001, 'mbps': 23403.78, 'transferred': 3028392961, 'dirty-sync-missed-zero-copy': 0, 'precopy-bytes': 689473602, 'duplicate': 1253671, 'dirty-pages-rate': 6111, 'normal-bytes': 3010670592, 'normal': 735027}}
QMP cmd [src5] query-migrate args={}
QMP reply [src5] query-migrate: {'status': 'completed', 'setup-time': 1, 'downtime': 15, 'total-time': 6326, 'ram': {'total': 8607571968, 'postcopy-requests': 1511, 'dirty-sync-count': 2, 'multifd-bytes': 0, 'pages-per-second': 1143862, 'downtime-bytes': 0, 'page-size': 4096, 'remaining': 0, 'postcopy-bytes': 2431818493, 'mbps': 3948.7465347035572, 'transferred': 3121977729, 'dirty-sync-missed-zero-copy': 0, 'precopy-bytes': 689473602, 'duplicate': 1375099, 'dirty-pages-rate': 0, 'normal-bytes': 3102855168, 'normal': 757533}}
