2026-07-14 23:49:31.094596SSH command: ssh -o BatchMode=yes -o StrictHostKeyChecking=no -o UserKnownHostsFile=/dev/null -o ConnectTimeout=1 -o LogLevel=ERROR -p 2230 -i /home/max/.ssh/pgvm_bench user@127.0.0.1 systemd-analyze
Return code: 255
Stdout: 
Stderr: Connection timed out during banner exchange

2026-07-14 23:49:31.244995SSH command: ssh -o BatchMode=yes -o StrictHostKeyChecking=no -o UserKnownHostsFile=/dev/null -o ConnectTimeout=1 -o LogLevel=ERROR -p 2230 -i /home/max/.ssh/pgvm_bench user@127.0.0.1 rm -f /tmp/bench.done /tmp/pg-buffer-hit-ratio.csv /tmp/pg-buffer-sampler.log; nohup bash /home/user/pg_sampler.sh /tmp/bench.done /tmp/pg-buffer-hit-ratio.csv ycsb >/tmp/pg-buffer-sampler.log 2>&1 &
Return code: 0
Stdout: 
Stderr: 
QMP cmd [src9] migrate-set-capabilities args={'capabilities': [{'capability': 'auto-converge', 'state': False}, {'capability': 'events', 'state': True}, {'capability': 'postcopy-blocktime', 'state': True}, {'capability': 'postcopy-ram', 'state': True}]}
QMP cmd [src9] query-migrate args={}
QMP reply [src9] migrate-set-capabilities: {}
QMP cmd [src9] migrate args={'uri': 'unix:/tmp/mig.sock'}
QMP reply [src9] query-migrate: {}
QMP reply [src9] migrate: {}
2026-07-14 23:51:11.661350SSH command: ssh -o BatchMode=yes -o StrictHostKeyChecking=no -o UserKnownHostsFile=/dev/null -o ConnectTimeout=1 -o LogLevel=ERROR -p 2230 -i /home/max/.ssh/pgvm_bench user@127.0.0.1 test -f /tmp/bench.done
Return code: 1
Stdout: 
Stderr: 
qemu-system-x86_64: terminating on signal 15 from pid 34146 (/home/max/Bachelor-Thesis/Repo/.venv/bin/python)
QMP cmd [src9] query-migrate args={}
QMP reply [src9] query-migrate: {'expected-downtime': 300, 'status': 'active', 'setup-time': 1, 'total-time': 202, 'ram': {'total': 8607571968, 'postcopy-requests': 0, 'dirty-sync-count': 1, 'multifd-bytes': 0, 'pages-per-second': 35530, 'downtime-bytes': 0, 'page-size': 4096, 'remaining': 8573317120, 'postcopy-bytes': 0, 'mbps': 1082.3292, 'transferred': 30868669, 'dirty-sync-missed-zero-copy': 0, 'precopy-bytes': 30894251, 'duplicate': 836, 'dirty-pages-rate': 0, 'normal-bytes': 30826496, 'normal': 7526}}
QMP cmd [src9] migrate-start-postcopy args={}
QMP reply [src9] migrate-start-postcopy: {}
QMP cmd [src9] query-migrate args={}
QMP reply [src9] query-migrate: {'status': 'postcopy-active', 'setup-time': 1, 'downtime': 3, 'total-time': 403, 'ram': {'total': 8607571968, 'postcopy-requests': 3, 'dirty-sync-count': 2, 'multifd-bytes': 0, 'pages-per-second': 124370, 'downtime-bytes': 0, 'page-size': 4096, 'remaining': 8168652800, 'postcopy-bytes': 189099644, 'mbps': 1080.20808, 'transferred': 230086445, 'dirty-sync-missed-zero-copy': 0, 'precopy-bytes': 40562401, 'duplicate': 51311, 'dirty-pages-rate': 0, 'normal-bytes': 228753408, 'normal': 55848}}
QMP cmd [src9] query-migrate args={}
QMP reply [src9] query-migrate: {'status': 'postcopy-active', 'setup-time': 1, 'downtime': 3, 'total-time': 604, 'ram': {'total': 8607571968, 'postcopy-requests': 3, 'dirty-sync-count': 2, 'multifd-bytes': 0, 'pages-per-second': 690843, 'downtime-bytes': 0, 'page-size': 4096, 'remaining': 7628525568, 'postcopy-bytes': 671264704, 'mbps': 18697.570588235292, 'transferred': 712251545, 'dirty-sync-missed-zero-copy': 0, 'precopy-bytes': 40562401, 'duplicate': 65723, 'dirty-pages-rate': 0, 'normal-bytes': 709849088, 'normal': 173303}}
QMP cmd [src9] query-migrate args={}
QMP reply [src9] query-migrate: {'status': 'postcopy-active', 'setup-time': 1, 'downtime': 3, 'total-time': 805, 'ram': {'total': 8607571968, 'postcopy-requests': 3, 'dirty-sync-count': 2, 'multifd-bytes': 0, 'pages-per-second': 615549, 'downtime-bytes': 0, 'page-size': 4096, 'remaining': 7117463552, 'postcopy-bytes': 1166826165, 'mbps': 19517.25176470588, 'transferred': 1207813046, 'dirty-sync-missed-zero-copy': 0, 'precopy-bytes': 40562401, 'duplicate': 69752, 'dirty-pages-rate': 0, 'normal-bytes': 1204408320, 'normal': 294045}}
QMP cmd [src9] query-migrate args={}
QMP reply [src9] query-migrate: {'status': 'postcopy-active', 'setup-time': 1, 'downtime': 3, 'total-time': 1007, 'ram': {'total': 8607571968, 'postcopy-requests': 791, 'dirty-sync-count': 2, 'multifd-bytes': 0, 'pages-per-second': 827048, 'downtime-bytes': 0, 'page-size': 4096, 'remaining': 6189985792, 'postcopy-bytes': 1473556784, 'mbps': 16098.273786407768, 'transferred': 1514543705, 'dirty-sync-missed-zero-copy': 0, 'precopy-bytes': 40562401, 'duplicate': 221781, 'dirty-pages-rate': 0, 'normal-bytes': 1509175296, 'normal': 368451}}
QMP cmd [src9] query-migrate args={}
QMP reply [src9] query-migrate: {'status': 'postcopy-active', 'setup-time': 1, 'downtime': 3, 'total-time': 1207, 'ram': {'total': 8607571968, 'postcopy-requests': 1141, 'dirty-sync-count': 2, 'multifd-bytes': 0, 'pages-per-second': 1156990, 'downtime-bytes': 0, 'page-size': 4096, 'remaining': 5391073280, 'postcopy-bytes': 1877646027, 'mbps': 11757.955262135923, 'transferred': 1918632988, 'dirty-sync-missed-zero-copy': 0, 'precopy-bytes': 40562401, 'duplicate': 318578, 'dirty-pages-rate': 0, 'normal-bytes': 1911607296, 'normal': 466701}}
QMP cmd [src9] query-migrate args={}
QMP reply [src9] query-migrate: {'status': 'postcopy-active', 'setup-time': 1, 'downtime': 3, 'total-time': 1408, 'ram': {'total': 8607571968, 'postcopy-requests': 1255, 'dirty-sync-count': 2, 'multifd-bytes': 0, 'pages-per-second': 821352, 'downtime-bytes': 0, 'page-size': 4096, 'remaining': 4653088768, 'postcopy-bytes': 2381859242, 'mbps': 21630.315529411768, 'transferred': 2422846243, 'dirty-sync-missed-zero-copy': 0, 'precopy-bytes': 40562401, 'duplicate': 376017, 'dirty-pages-rate': 0, 'normal-bytes': 2414321664, 'normal': 589434}}
QMP cmd [src9] query-migrate args={}
QMP reply [src9] query-migrate: {'status': 'postcopy-active', 'setup-time': 1, 'downtime': 3, 'total-time': 1609, 'ram': {'total': 8607571968, 'postcopy-requests': 1281, 'dirty-sync-count': 2, 'multifd-bytes': 0, 'pages-per-second': 1268725, 'downtime-bytes': 0, 'page-size': 4096, 'remaining': 3448131584, 'postcopy-bytes': 2692688387, 'mbps': 16966.926352941176, 'transferred': 2733769893, 'dirty-sync-missed-zero-copy': 0, 'precopy-bytes': 40562401, 'duplicate': 594939, 'dirty-pages-rate': 0, 'normal-bytes': 2722578432, 'normal': 664692}}
QMP cmd [src9] query-migrate args={}
QMP reply [src9] query-migrate: {'status': 'postcopy-active', 'setup-time': 1, 'downtime': 3, 'total-time': 1810, 'ram': {'total': 8607571968, 'postcopy-requests': 1281, 'dirty-sync-count': 2, 'multifd-bytes': 0, 'pages-per-second': 1743626, 'downtime-bytes': 0, 'page-size': 4096, 'remaining': 1879621632, 'postcopy-bytes': 2729230733, 'mbps': 1493.2132682926829, 'transferred': 2770312276, 'dirty-sync-missed-zero-copy': 0, 'precopy-bytes': 40562401, 'duplicate': 969794, 'dirty-pages-rate': 0, 'normal-bytes': 2755682304, 'normal': 672774}}
QMP cmd [src9] query-migrate args={}
QMP reply [src9] query-migrate: {'status': 'postcopy-active', 'setup-time': 1, 'downtime': 3, 'total-time': 2011, 'ram': {'total': 8607571968, 'postcopy-requests': 1281, 'dirty-sync-count': 2, 'multifd-bytes': 0, 'pages-per-second': 2015087, 'downtime-bytes': 0, 'page-size': 4096, 'remaining': 250646528, 'postcopy-bytes': 2732810056, 'mbps': 145.08908737864078, 'transferred': 2773891635, 'dirty-sync-missed-zero-copy': 0, 'precopy-bytes': 40562401, 'duplicate': 1367493, 'dirty-pages-rate': 0, 'normal-bytes': 2755682304, 'normal': 672774}}
QMP cmd [src9] query-migrate args={}
QMP reply [src9] query-migrate: {'status': 'completed', 'setup-time': 1, 'downtime': 3, 'total-time': 2056, 'ram': {'total': 8607571968, 'postcopy-requests': 1281, 'dirty-sync-count': 2, 'multifd-bytes': 0, 'pages-per-second': 2015087, 'downtime-bytes': 0, 'page-size': 4096, 'remaining': 0, 'postcopy-bytes': 2746808798, 'mbps': 10853.228905109489, 'transferred': 2787923175, 'dirty-sync-missed-zero-copy': 0, 'precopy-bytes': 40562401, 'duplicate': 1425402, 'dirty-pages-rate': 0, 'normal-bytes': 2769133568, 'normal': 676058}}
