2026-07-15 00:34:15.521233SSH command: ssh -o BatchMode=yes -o StrictHostKeyChecking=no -o UserKnownHostsFile=/dev/null -o ConnectTimeout=1 -o LogLevel=ERROR -p 2230 -i /home/max/.ssh/pgvm_bench user@127.0.0.1 systemd-analyze
Return code: 0
Stdout: Startup finished in 803ms (kernel) + 2.241s (userspace) = 3.044s 
graphical.target reached after 2.240s in userspace.

Stderr: 
2026-07-15 00:34:15.673283SSH command: ssh -o BatchMode=yes -o StrictHostKeyChecking=no -o UserKnownHostsFile=/dev/null -o ConnectTimeout=1 -o LogLevel=ERROR -p 2230 -i /home/max/.ssh/pgvm_bench user@127.0.0.1 rm -f /tmp/bench.done /tmp/pg-buffer-hit-ratio.csv /tmp/pg-buffer-sampler.log; nohup bash /home/user/pg_sampler.sh /tmp/bench.done /tmp/pg-buffer-hit-ratio.csv ycsb >/tmp/pg-buffer-sampler.log 2>&1 &
Return code: 0
Stdout: 
Stderr: 
QMP cmd [src9] stop args={}
QMP cmd [src9] query-migrate args={}
QMP reply [src9] stop: {}
QMP cmd [src9] migrate-set-capabilities args={'capabilities': [{'capability': 'auto-converge', 'state': False}, {'capability': 'events', 'state': True}, {'capability': 'postcopy-blocktime', 'state': False}, {'capability': 'postcopy-ram', 'state': False}]}
QMP reply [src9] query-migrate: {}
QMP reply [src9] migrate-set-capabilities: {}
QMP cmd [src9] migrate args={'uri': 'unix:/tmp/mig.sock'}
QMP reply [src9] migrate: {}
QMP cmd [src9] query-migrate args={}
QMP reply [src9] query-migrate: {'expected-downtime': 300, 'status': 'active', 'setup-time': 1, 'total-time': 200, 'ram': {'total': 8607571968, 'postcopy-requests': 0, 'dirty-sync-count': 1, 'multifd-bytes': 0, 'pages-per-second': 37300, 'downtime-bytes': 27059810, 'page-size': 4096, 'remaining': 8577740800, 'postcopy-bytes': 0, 'mbps': 1082.47976, 'transferred': 27060112, 'dirty-sync-missed-zero-copy': 0, 'precopy-bytes': 0, 'duplicate': 691, 'dirty-pages-rate': 0, 'normal-bytes': 27000832, 'normal': 6592}}
QMP cmd [src9] query-migrate args={}
QMP reply [src9] query-migrate: {'expected-downtime': 300, 'status': 'active', 'setup-time': 1, 'total-time': 401, 'ram': {'total': 8607571968, 'postcopy-requests': 0, 'dirty-sync-count': 1, 'multifd-bytes': 0, 'pages-per-second': 1258800, 'downtime-bytes': 55108757, 'page-size': 4096, 'remaining': 8010145792, 'postcopy-bytes': 0, 'mbps': 1079.98704, 'transferred': 54981857, 'dirty-sync-missed-zero-copy': 0, 'precopy-bytes': 0, 'duplicate': 132718, 'dirty-pages-rate': 0, 'normal-bytes': 53809152, 'normal': 13137}}
QMP cmd [src9] query-migrate args={}
QMP reply [src9] query-migrate: {'expected-downtime': 300, 'status': 'active', 'setup-time': 1, 'total-time': 602, 'ram': {'total': 8607571968, 'postcopy-requests': 0, 'dirty-sync-count': 1, 'multifd-bytes': 0, 'pages-per-second': 32960, 'downtime-bytes': 87415605, 'page-size': 4096, 'remaining': 7977836544, 'postcopy-bytes': 0, 'mbps': 1082.1441599999998, 'transferred': 87288725, 'dirty-sync-missed-zero-copy': 0, 'precopy-bytes': 0, 'duplicate': 132734, 'dirty-pages-rate': 0, 'normal-bytes': 86052864, 'normal': 21009}}
QMP cmd [src9] query-migrate args={}
QMP reply [src9] query-migrate: {'expected-downtime': 300, 'status': 'active', 'setup-time': 1, 'total-time': 803, 'ram': {'total': 8607571968, 'postcopy-requests': 0, 'dirty-sync-count': 1, 'multifd-bytes': 0, 'pages-per-second': 168320, 'downtime-bytes': 108250136, 'page-size': 4096, 'remaining': 7819804672, 'postcopy-bytes': 0, 'mbps': 1074.19968, 'transferred': 108236327, 'dirty-sync-missed-zero-copy': 0, 'precopy-bytes': 0, 'duplicate': 166313, 'dirty-pages-rate': 0, 'normal-bytes': 106545152, 'normal': 26012}}
QMP cmd [src9] query-migrate args={}
QMP reply [src9] query-migrate: {'expected-downtime': 300, 'status': 'active', 'setup-time': 1, 'total-time': 1004, 'ram': {'total': 8607571968, 'postcopy-requests': 0, 'dirty-sync-count': 1, 'multifd-bytes': 0, 'pages-per-second': 5039870, 'downtime-bytes': 146784424, 'page-size': 4096, 'remaining': 5354016768, 'postcopy-bytes': 0, 'mbps': 1083.9211200000002, 'transferred': 146657594, 'dirty-sync-missed-zero-copy': 0, 'precopy-bytes': 0, 'duplicate': 760225, 'dirty-pages-rate': 0, 'normal-bytes': 139669504, 'normal': 34099}}
2026-07-15 00:36:46.928036SSH command: ssh -o BatchMode=yes -o StrictHostKeyChecking=no -o UserKnownHostsFile=/dev/null -o ConnectTimeout=1 -o LogLevel=ERROR -p 2230 -i /home/max/.ssh/pgvm_bench user@127.0.0.1 test -f /tmp/bench.done
Return code: 255
Stdout: 
Stderr: Connection timed out during banner exchange

QMP cmd [src9] query-migrate args={}
QMP reply [src9] query-migrate: {'expected-downtime': 300, 'status': 'active', 'setup-time': 1, 'total-time': 1205, 'ram': {'total': 8607571968, 'postcopy-requests': 0, 'dirty-sync-count': 1, 'multifd-bytes': 0, 'pages-per-second': 36240, 'downtime-bytes': 175574702, 'page-size': 4096, 'remaining': 5313785856, 'postcopy-bytes': 0, 'mbps': 1082.38032, 'transferred': 175575124, 'dirty-sync-missed-zero-copy': 0, 'precopy-bytes': 0, 'duplicate': 763039, 'dirty-pages-rate': 0, 'normal-bytes': 168378368, 'normal': 41108}}
QMP cmd [src9] query-migrate args={}
QMP reply [src9] query-migrate: {'expected-downtime': 300, 'status': 'active', 'setup-time': 1, 'total-time': 1406, 'ram': {'total': 8607571968, 'postcopy-requests': 0, 'dirty-sync-count': 1, 'multifd-bytes': 0, 'pages-per-second': 49250, 'downtime-bytes': 202644657, 'page-size': 4096, 'remaining': 5279334400, 'postcopy-bytes': 0, 'mbps': 1083.3170400000001, 'transferred': 202645099, 'dirty-sync-missed-zero-copy': 0, 'precopy-bytes': 0, 'duplicate': 764858, 'dirty-pages-rate': 0, 'normal-bytes': 195379200, 'normal': 47700}}
QMP cmd [src9] query-migrate args={}
QMP reply [src9] query-migrate: {'expected-downtime': 300, 'status': 'active', 'setup-time': 1, 'total-time': 1607, 'ram': {'total': 8607571968, 'postcopy-requests': 0, 'dirty-sync-count': 1, 'multifd-bytes': 0, 'pages-per-second': 40420, 'downtime-bytes': 229705072, 'page-size': 4096, 'remaining': 5249224704, 'postcopy-bytes': 0, 'mbps': 1082.68128, 'transferred': 229705534, 'dirty-sync-missed-zero-copy': 0, 'precopy-bytes': 0, 'duplicate': 765617, 'dirty-pages-rate': 0, 'normal-bytes': 222380032, 'normal': 54292}}
QMP cmd [src9] query-migrate args={}
QMP reply [src9] query-migrate: {'expected-downtime': 300, 'status': 'active', 'setup-time': 1, 'total-time': 1808, 'ram': {'total': 8607571968, 'postcopy-requests': 0, 'dirty-sync-count': 1, 'multifd-bytes': 0, 'pages-per-second': 33120, 'downtime-bytes': 256758980, 'page-size': 4096, 'remaining': 5222076416, 'postcopy-bytes': 0, 'mbps': 1082.1556799999998, 'transferred': 256759462, 'dirty-sync-missed-zero-copy': 0, 'precopy-bytes': 0, 'duplicate': 765653, 'dirty-pages-rate': 0, 'normal-bytes': 249380864, 'normal': 60884}}
QMP cmd [src9] query-migrate args={}
QMP reply [src9] query-migrate: {'expected-downtime': 300, 'status': 'active', 'setup-time': 1, 'total-time': 2009, 'ram': {'total': 8607571968, 'postcopy-requests': 0, 'dirty-sync-count': 1, 'multifd-bytes': 0, 'pages-per-second': 42710, 'downtime-bytes': 283831302, 'page-size': 4096, 'remaining': 5186547712, 'postcopy-bytes': 0, 'mbps': 1082.8461599999998, 'transferred': 283831804, 'dirty-sync-missed-zero-copy': 0, 'precopy-bytes': 0, 'duplicate': 767735, 'dirty-pages-rate': 0, 'normal-bytes': 276381696, 'normal': 67476}}
QMP cmd [src9] query-migrate args={}
QMP reply [src9] query-migrate: {'expected-downtime': 300, 'status': 'active', 'setup-time': 1, 'total-time': 2210, 'ram': {'total': 8607571968, 'postcopy-requests': 0, 'dirty-sync-count': 1, 'multifd-bytes': 0, 'pages-per-second': 74250, 'downtime-bytes': 310868569, 'page-size': 4096, 'remaining': 5137154048, 'postcopy-bytes': 0, 'mbps': 1079.87544, 'transferred': 310869091, 'dirty-sync-missed-zero-copy': 0, 'precopy-bytes': 0, 'duplicate': 773218, 'dirty-pages-rate': 0, 'normal-bytes': 303316992, 'normal': 74052}}
QMP cmd [src9] query-migrate args={}
QMP reply [src9] query-migrate: {'expected-downtime': 300, 'status': 'active', 'setup-time': 1, 'total-time': 2411, 'ram': {'total': 8607571968, 'postcopy-requests': 0, 'dirty-sync-count': 1, 'multifd-bytes': 0, 'pages-per-second': 38110, 'downtime-bytes': 337926914, 'page-size': 4096, 'remaining': 5107986432, 'postcopy-bytes': 0, 'mbps': 1082.51496, 'transferred': 337927456, 'dirty-sync-missed-zero-copy': 0, 'precopy-bytes': 0, 'duplicate': 773747, 'dirty-pages-rate': 0, 'normal-bytes': 330317824, 'normal': 80644}}
QMP cmd [src9] query-migrate args={}
QMP reply [src9] query-migrate: {'expected-downtime': 300, 'status': 'active', 'setup-time': 1, 'total-time': 2612, 'ram': {'total': 8607571968, 'postcopy-requests': 0, 'dirty-sync-count': 1, 'multifd-bytes': 0, 'pages-per-second': 33030, 'downtime-bytes': 364981299, 'page-size': 4096, 'remaining': 5080621056, 'postcopy-bytes': 0, 'mbps': 1082.1492, 'transferred': 364981861, 'dirty-sync-missed-zero-copy': 0, 'precopy-bytes': 0, 'duplicate': 773836, 'dirty-pages-rate': 0, 'normal-bytes': 357318656, 'normal': 87236}}
QMP cmd [src9] query-migrate args={}
QMP reply [src9] query-migrate: {'expected-downtime': 300, 'status': 'active', 'setup-time': 1, 'total-time': 2813, 'ram': {'total': 8607571968, 'postcopy-requests': 0, 'dirty-sync-count': 1, 'multifd-bytes': 0, 'pages-per-second': 32980, 'downtime-bytes': 392041111, 'page-size': 4096, 'remaining': 5050785792, 'postcopy-bytes': 0, 'mbps': 1082.1456, 'transferred': 392041693, 'dirty-sync-missed-zero-copy': 0, 'precopy-bytes': 0, 'duplicate': 774528, 'dirty-pages-rate': 0, 'normal-bytes': 384319488, 'normal': 93828}}
QMP cmd [src9] query-migrate args={}
QMP reply [src9] query-migrate: {'expected-downtime': 300, 'status': 'active', 'setup-time': 1, 'total-time': 3014, 'ram': {'total': 8607571968, 'postcopy-requests': 0, 'dirty-sync-count': 1, 'multifd-bytes': 0, 'pages-per-second': 58820, 'downtime-bytes': 419123522, 'page-size': 4096, 'remaining': 5010665472, 'postcopy-bytes': 0, 'mbps': 1084.00608, 'transferred': 419124124, 'dirty-sync-missed-zero-copy': 0, 'precopy-bytes': 0, 'duplicate': 777731, 'dirty-pages-rate': 0, 'normal-bytes': 411320320, 'normal': 100420}}
QMP cmd [src9] query-migrate args={}
QMP reply [src9] query-migrate: {'expected-downtime': 300, 'status': 'active', 'setup-time': 1, 'total-time': 3215, 'ram': {'total': 8607571968, 'postcopy-requests': 0, 'dirty-sync-count': 1, 'multifd-bytes': 0, 'pages-per-second': 32970, 'downtime-bytes': 446177799, 'page-size': 4096, 'remaining': 4983349248, 'postcopy-bytes': 0, 'mbps': 1082.1448799999998, 'transferred': 446178421, 'dirty-sync-missed-zero-copy': 0, 'precopy-bytes': 0, 'duplicate': 777808, 'dirty-pages-rate': 0, 'normal-bytes': 438321152, 'normal': 107012}}
QMP cmd [src9] query-migrate args={}
QMP reply [src9] query-migrate: {'expected-downtime': 300, 'status': 'active', 'setup-time': 1, 'total-time': 3416, 'ram': {'total': 8607571968, 'postcopy-requests': 0, 'dirty-sync-count': 1, 'multifd-bytes': 0, 'pages-per-second': 32960, 'downtime-bytes': 473232859, 'page-size': 4096, 'remaining': 4955676672, 'postcopy-bytes': 0, 'mbps': 1082.1441599999998, 'transferred': 473233501, 'dirty-sync-missed-zero-copy': 0, 'precopy-bytes': 0, 'duplicate': 777972, 'dirty-pages-rate': 0, 'normal-bytes': 465321984, 'normal': 113604}}
QMP cmd [src9] query-migrate args={}
QMP reply [src9] query-migrate: {'expected-downtime': 300, 'status': 'active', 'setup-time': 1, 'total-time': 3617, 'ram': {'total': 8607571968, 'postcopy-requests': 0, 'dirty-sync-count': 1, 'multifd-bytes': 0, 'pages-per-second': 33700, 'downtime-bytes': 500291699, 'page-size': 4096, 'remaining': 4926283776, 'postcopy-bytes': 0, 'mbps': 1082.19744, 'transferred': 500292361, 'dirty-sync-missed-zero-copy': 0, 'precopy-bytes': 0, 'duplicate': 778556, 'dirty-pages-rate': 0, 'normal-bytes': 492322816, 'normal': 120196}}
QMP cmd [src9] query-migrate args={}
QMP reply [src9] query-migrate: {'expected-downtime': 300, 'status': 'active', 'setup-time': 1, 'total-time': 3818, 'ram': {'total': 8607571968, 'postcopy-requests': 0, 'dirty-sync-count': 1, 'multifd-bytes': 0, 'pages-per-second': 33530, 'downtime-bytes': 527347263, 'page-size': 4096, 'remaining': 4898381824, 'postcopy-bytes': 0, 'mbps': 1082.1852, 'transferred': 527347945, 'dirty-sync-missed-zero-copy': 0, 'precopy-bytes': 0, 'duplicate': 778776, 'dirty-pages-rate': 0, 'normal-bytes': 519323648, 'normal': 126788}}
2026-07-15 00:36:49.933666SSH command: ssh -o BatchMode=yes -o StrictHostKeyChecking=no -o UserKnownHostsFile=/dev/null -o ConnectTimeout=1 -o LogLevel=ERROR -p 2230 -i /home/max/.ssh/pgvm_bench user@127.0.0.1 test -f /tmp/bench.done
Return code: 255
Stdout: 
Stderr: Connection timed out during banner exchange

QMP cmd [src9] query-migrate args={}
QMP reply [src9] query-migrate: {'expected-downtime': 300, 'status': 'active', 'setup-time': 1, 'total-time': 4018, 'ram': {'total': 8607571968, 'postcopy-requests': 0, 'dirty-sync-count': 1, 'multifd-bytes': 0, 'pages-per-second': 34690, 'downtime-bytes': 554403457, 'page-size': 4096, 'remaining': 4870193152, 'postcopy-bytes': 0, 'mbps': 1082.26872, 'transferred': 554404159, 'dirty-sync-missed-zero-copy': 0, 'precopy-bytes': 0, 'duplicate': 779066, 'dirty-pages-rate': 0, 'normal-bytes': 546324480, 'normal': 133380}}
QMP cmd [src9] query-migrate args={}
QMP reply [src9] query-migrate: {'expected-downtime': 300, 'status': 'active', 'setup-time': 1, 'total-time': 4219, 'ram': {'total': 8607571968, 'postcopy-requests': 0, 'dirty-sync-count': 1, 'multifd-bytes': 0, 'pages-per-second': 33330, 'downtime-bytes': 581457914, 'page-size': 4096, 'remaining': 4842795008, 'postcopy-bytes': 0, 'mbps': 1082.1708, 'transferred': 581458636, 'dirty-sync-missed-zero-copy': 0, 'precopy-bytes': 0, 'duplicate': 779163, 'dirty-pages-rate': 0, 'normal-bytes': 573325312, 'normal': 139972}}
QMP cmd [src9] query-migrate args={}
QMP reply [src9] query-migrate: {'expected-downtime': 300, 'status': 'active', 'setup-time': 1, 'total-time': 4420, 'ram': {'total': 8607571968, 'postcopy-requests': 0, 'dirty-sync-count': 1, 'multifd-bytes': 0, 'pages-per-second': 34490, 'downtime-bytes': 608512884, 'page-size': 4096, 'remaining': 4815163392, 'postcopy-bytes': 0, 'mbps': 1082.25432, 'transferred': 608513626, 'dirty-sync-missed-zero-copy': 0, 'precopy-bytes': 0, 'duplicate': 779317, 'dirty-pages-rate': 0, 'normal-bytes': 600326144, 'normal': 146564}}
QMP cmd [src9] query-migrate args={}
QMP reply [src9] query-migrate: {'expected-downtime': 300, 'status': 'active', 'setup-time': 1, 'total-time': 4621, 'ram': {'total': 8607571968, 'postcopy-requests': 0, 'dirty-sync-count': 1, 'multifd-bytes': 0, 'pages-per-second': 33060, 'downtime-bytes': 635567566, 'page-size': 4096, 'remaining': 4787662848, 'postcopy-bytes': 0, 'mbps': 1082.15136, 'transferred': 635568328, 'dirty-sync-missed-zero-copy': 0, 'precopy-bytes': 0, 'duplicate': 779439, 'dirty-pages-rate': 0, 'normal-bytes': 627326976, 'normal': 153156}}
QMP cmd [src9] query-migrate args={}
QMP reply [src9] query-migrate: {'expected-downtime': 300, 'status': 'active', 'setup-time': 1, 'total-time': 4822, 'ram': {'total': 8607571968, 'postcopy-requests': 0, 'dirty-sync-count': 1, 'multifd-bytes': 0, 'pages-per-second': 33280, 'downtime-bytes': 662622113, 'page-size': 4096, 'remaining': 4760223744, 'postcopy-bytes': 0, 'mbps': 1082.1671999999999, 'transferred': 662622895, 'dirty-sync-missed-zero-copy': 0, 'precopy-bytes': 0, 'duplicate': 779546, 'dirty-pages-rate': 0, 'normal-bytes': 654327808, 'normal': 159748}}
QMP cmd [src9] query-migrate args={}
QMP reply [src9] query-migrate: {'expected-downtime': 300, 'status': 'active', 'setup-time': 1, 'total-time': 5023, 'ram': {'total': 8607571968, 'postcopy-requests': 0, 'dirty-sync-count': 1, 'multifd-bytes': 0, 'pages-per-second': 33160, 'downtime-bytes': 689682717, 'page-size': 4096, 'remaining': 4730028032, 'postcopy-bytes': 0, 'mbps': 1082.15856, 'transferred': 689683519, 'dirty-sync-missed-zero-copy': 0, 'precopy-bytes': 0, 'duplicate': 780326, 'dirty-pages-rate': 0, 'normal-bytes': 681328640, 'normal': 166340}}
QMP cmd [src9] query-migrate args={}
QMP reply [src9] query-migrate: {'expected-downtime': 300, 'status': 'active', 'setup-time': 1, 'total-time': 5224, 'ram': {'total': 8607571968, 'postcopy-requests': 0, 'dirty-sync-count': 1, 'multifd-bytes': 0, 'pages-per-second': 33140, 'downtime-bytes': 716736481, 'page-size': 4096, 'remaining': 4702945280, 'postcopy-bytes': 0, 'mbps': 1082.15712, 'transferred': 716737303, 'dirty-sync-missed-zero-copy': 0, 'precopy-bytes': 0, 'duplicate': 780346, 'dirty-pages-rate': 0, 'normal-bytes': 708329472, 'normal': 172932}}
QMP cmd [src9] query-migrate args={}
QMP reply [src9] query-migrate: {'expected-downtime': 300, 'status': 'active', 'setup-time': 1, 'total-time': 5425, 'ram': {'total': 8607571968, 'postcopy-requests': 0, 'dirty-sync-count': 1, 'multifd-bytes': 0, 'pages-per-second': 37840, 'downtime-bytes': 743794592, 'page-size': 4096, 'remaining': 4673884160, 'postcopy-bytes': 0, 'mbps': 1082.49552, 'transferred': 743795434, 'dirty-sync-missed-zero-copy': 0, 'precopy-bytes': 0, 'duplicate': 780849, 'dirty-pages-rate': 0, 'normal-bytes': 735330304, 'normal': 179524}}
QMP cmd [src9] query-migrate args={}
QMP reply [src9] query-migrate: {'expected-downtime': 300, 'status': 'active', 'setup-time': 1, 'total-time': 5626, 'ram': {'total': 8607571968, 'postcopy-requests': 0, 'dirty-sync-count': 1, 'multifd-bytes': 0, 'pages-per-second': 33060, 'downtime-bytes': 770848320, 'page-size': 4096, 'remaining': 4646817792, 'postcopy-bytes': 0, 'mbps': 1082.15136, 'transferred': 770849182, 'dirty-sync-missed-zero-copy': 0, 'precopy-bytes': 0, 'duplicate': 780865, 'dirty-pages-rate': 0, 'normal-bytes': 762331136, 'normal': 186116}}
QMP cmd [src9] query-migrate args={}
QMP reply [src9] query-migrate: {'expected-downtime': 300, 'status': 'active', 'setup-time': 1, 'total-time': 5827, 'ram': {'total': 8607571968, 'postcopy-requests': 0, 'dirty-sync-count': 1, 'multifd-bytes': 0, 'pages-per-second': 32980, 'downtime-bytes': 797902579, 'page-size': 4096, 'remaining': 4619509760, 'postcopy-bytes': 0, 'mbps': 1082.1456, 'transferred': 797903461, 'dirty-sync-missed-zero-copy': 0, 'precopy-bytes': 0, 'duplicate': 780940, 'dirty-pages-rate': 0, 'normal-bytes': 789331968, 'normal': 192708}}
QMP cmd [src9] query-migrate args={}
QMP reply [src9] query-migrate: {'expected-downtime': 300, 'status': 'active', 'setup-time': 1, 'total-time': 6028, 'ram': {'total': 8607571968, 'postcopy-requests': 0, 'dirty-sync-count': 1, 'multifd-bytes': 0, 'pages-per-second': 33000, 'downtime-bytes': 824956217, 'page-size': 4096, 'remaining': 4592484352, 'postcopy-bytes': 0, 'mbps': 1082.14704, 'transferred': 824957119, 'dirty-sync-missed-zero-copy': 0, 'precopy-bytes': 0, 'duplicate': 780946, 'dirty-pages-rate': 0, 'normal-bytes': 816332800, 'normal': 199300}}
QMP cmd [src9] query-migrate args={}
QMP reply [src9] query-migrate: {'expected-downtime': 300, 'status': 'active', 'setup-time': 1, 'total-time': 6229, 'ram': {'total': 8607571968, 'postcopy-requests': 0, 'dirty-sync-count': 1, 'multifd-bytes': 0, 'pages-per-second': 33060, 'downtime-bytes': 852014535, 'page-size': 4096, 'remaining': 4563329024, 'postcopy-bytes': 0, 'mbps': 1082.15136, 'transferred': 852015457, 'dirty-sync-missed-zero-copy': 0, 'precopy-bytes': 0, 'duplicate': 781472, 'dirty-pages-rate': 0, 'normal-bytes': 843333632, 'normal': 205892}}
QMP cmd [src9] query-migrate args={}
QMP reply [src9] query-migrate: {'expected-downtime': 300, 'status': 'active', 'setup-time': 1, 'total-time': 6430, 'ram': {'total': 8607571968, 'postcopy-requests': 0, 'dirty-sync-count': 1, 'multifd-bytes': 0, 'pages-per-second': 33750, 'downtime-bytes': 879068848, 'page-size': 4096, 'remaining': 4535996416, 'postcopy-bytes': 0, 'mbps': 1082.2010400000001, 'transferred': 879069790, 'dirty-sync-missed-zero-copy': 0, 'precopy-bytes': 0, 'duplicate': 781553, 'dirty-pages-rate': 0, 'normal-bytes': 870334464, 'normal': 212484}}
QMP cmd [src9] query-migrate args={}
QMP reply [src9] query-migrate: {'expected-downtime': 300, 'status': 'active', 'setup-time': 1, 'total-time': 6631, 'ram': {'total': 8607571968, 'postcopy-requests': 0, 'dirty-sync-count': 1, 'multifd-bytes': 0, 'pages-per-second': 32960, 'downtime-bytes': 906122450, 'page-size': 4096, 'remaining': 4508987392, 'postcopy-bytes': 0, 'mbps': 1082.1441599999998, 'transferred': 906123412, 'dirty-sync-missed-zero-copy': 0, 'precopy-bytes': 0, 'duplicate': 781555, 'dirty-pages-rate': 0, 'normal-bytes': 897335296, 'normal': 219076}}
QMP cmd [src9] query-migrate args={}
QMP reply [src9] query-migrate: {'expected-downtime': 300, 'status': 'active', 'setup-time': 1, 'total-time': 6832, 'ram': {'total': 8607571968, 'postcopy-requests': 0, 'dirty-sync-count': 1, 'multifd-bytes': 0, 'pages-per-second': 32980, 'downtime-bytes': 933176052, 'page-size': 4096, 'remaining': 4481978368, 'postcopy-bytes': 0, 'mbps': 1082.1456, 'transferred': 933177034, 'dirty-sync-missed-zero-copy': 0, 'precopy-bytes': 0, 'duplicate': 781557, 'dirty-pages-rate': 0, 'normal-bytes': 924336128, 'normal': 225668}}
2026-07-15 00:36:52.939941SSH command: ssh -o BatchMode=yes -o StrictHostKeyChecking=no -o UserKnownHostsFile=/dev/null -o ConnectTimeout=1 -o LogLevel=ERROR -p 2230 -i /home/max/.ssh/pgvm_bench user@127.0.0.1 test -f /tmp/bench.done
Return code: 255
Stdout: 
Stderr: Connection timed out during banner exchange

QMP cmd [src9] query-migrate args={}
QMP reply [src9] query-migrate: {'expected-downtime': 300, 'status': 'active', 'setup-time': 1, 'total-time': 7033, 'ram': {'total': 8607571968, 'postcopy-requests': 0, 'dirty-sync-count': 1, 'multifd-bytes': 0, 'pages-per-second': 32980, 'downtime-bytes': 960229708, 'page-size': 4096, 'remaining': 4454944768, 'postcopy-bytes': 0, 'mbps': 1082.1456, 'transferred': 960230710, 'dirty-sync-missed-zero-copy': 0, 'precopy-bytes': 0, 'duplicate': 781565, 'dirty-pages-rate': 0, 'normal-bytes': 951336960, 'normal': 232260}}
QMP cmd [src9] query-migrate args={}
QMP reply [src9] query-migrate: {'expected-downtime': 300, 'status': 'active', 'setup-time': 1, 'total-time': 7234, 'ram': {'total': 8607571968, 'postcopy-requests': 0, 'dirty-sync-count': 1, 'multifd-bytes': 0, 'pages-per-second': 32960, 'downtime-bytes': 987283292, 'page-size': 4096, 'remaining': 4427943936, 'postcopy-bytes': 0, 'mbps': 1082.1441599999998, 'transferred': 987284314, 'dirty-sync-missed-zero-copy': 0, 'precopy-bytes': 0, 'duplicate': 781565, 'dirty-pages-rate': 0, 'normal-bytes': 978337792, 'normal': 238852}}
QMP cmd [src9] query-migrate args={}
QMP reply [src9] query-migrate: {'expected-downtime': 300, 'status': 'active', 'setup-time': 1, 'total-time': 7435, 'ram': {'total': 8607571968, 'postcopy-requests': 0, 'dirty-sync-count': 1, 'multifd-bytes': 0, 'pages-per-second': 32980, 'downtime-bytes': 1014336912, 'page-size': 4096, 'remaining': 4400926720, 'postcopy-bytes': 0, 'mbps': 1082.1456, 'transferred': 1014337954, 'dirty-sync-missed-zero-copy': 0, 'precopy-bytes': 0, 'duplicate': 781569, 'dirty-pages-rate': 0, 'normal-bytes': 1005338624, 'normal': 245444}}
QMP cmd [src9] query-migrate args={}
QMP reply [src9] query-migrate: {'expected-downtime': 300, 'status': 'active', 'setup-time': 1, 'total-time': 7636, 'ram': {'total': 8607571968, 'postcopy-requests': 0, 'dirty-sync-count': 1, 'multifd-bytes': 0, 'pages-per-second': 33040, 'downtime-bytes': 1041390604, 'page-size': 4096, 'remaining': 4373876736, 'postcopy-bytes': 0, 'mbps': 1082.1499199999998, 'transferred': 1041391666, 'dirty-sync-missed-zero-copy': 0, 'precopy-bytes': 0, 'duplicate': 781581, 'dirty-pages-rate': 0, 'normal-bytes': 1032339456, 'normal': 252036}}
QMP cmd [src9] query-migrate args={}
QMP reply [src9] query-migrate: {'expected-downtime': 300, 'status': 'active', 'setup-time': 1, 'total-time': 7837, 'ram': {'total': 8607571968, 'postcopy-requests': 0, 'dirty-sync-count': 1, 'multifd-bytes': 0, 'pages-per-second': 33000, 'downtime-bytes': 1068447797, 'page-size': 4096, 'remaining': 4345233408, 'postcopy-bytes': 0, 'mbps': 1082.14704, 'transferred': 1068448879, 'dirty-sync-missed-zero-copy': 0, 'precopy-bytes': 0, 'duplicate': 781982, 'dirty-pages-rate': 0, 'normal-bytes': 1059340288, 'normal': 258628}}
QMP cmd [src9] query-migrate args={}
QMP reply [src9] query-migrate: {'expected-downtime': 300, 'status': 'active', 'setup-time': 1, 'total-time': 8038, 'ram': {'total': 8607571968, 'postcopy-requests': 0, 'dirty-sync-count': 1, 'multifd-bytes': 0, 'pages-per-second': 33000, 'downtime-bytes': 1095501417, 'page-size': 4096, 'remaining': 4318216192, 'postcopy-bytes': 0, 'mbps': 1082.14704, 'transferred': 1095502519, 'dirty-sync-missed-zero-copy': 0, 'precopy-bytes': 0, 'duplicate': 781986, 'dirty-pages-rate': 0, 'normal-bytes': 1086341120, 'normal': 265220}}
QMP cmd [src9] query-migrate args={}
QMP reply [src9] query-migrate: {'expected-downtime': 300, 'status': 'active', 'setup-time': 1, 'total-time': 8239, 'ram': {'total': 8607571968, 'postcopy-requests': 0, 'dirty-sync-count': 1, 'multifd-bytes': 0, 'pages-per-second': 33040, 'downtime-bytes': 1122561841, 'page-size': 4096, 'remaining': 4288102400, 'postcopy-bytes': 0, 'mbps': 1082.1499199999998, 'transferred': 1122562963, 'dirty-sync-missed-zero-copy': 0, 'precopy-bytes': 0, 'duplicate': 782746, 'dirty-pages-rate': 0, 'normal-bytes': 1113341952, 'normal': 271812}}
QMP cmd [src9] query-migrate args={}
QMP reply [src9] query-migrate: {'expected-downtime': 300, 'status': 'active', 'setup-time': 1, 'total-time': 8440, 'ram': {'total': 8607571968, 'postcopy-requests': 0, 'dirty-sync-count': 1, 'multifd-bytes': 0, 'pages-per-second': 33020, 'downtime-bytes': 1149615479, 'page-size': 4096, 'remaining': 4261076992, 'postcopy-bytes': 0, 'mbps': 1082.14848, 'transferred': 1149616621, 'dirty-sync-missed-zero-copy': 0, 'precopy-bytes': 0, 'duplicate': 782752, 'dirty-pages-rate': 0, 'normal-bytes': 1140342784, 'normal': 278404}}
QMP cmd [src9] query-migrate args={}
QMP reply [src9] query-migrate: {'expected-downtime': 300, 'status': 'active', 'setup-time': 1, 'total-time': 8641, 'ram': {'total': 8607571968, 'postcopy-requests': 0, 'dirty-sync-count': 1, 'multifd-bytes': 0, 'pages-per-second': 32960, 'downtime-bytes': 1176669063, 'page-size': 4096, 'remaining': 4234076160, 'postcopy-bytes': 0, 'mbps': 1082.1441599999998, 'transferred': 1176670225, 'dirty-sync-missed-zero-copy': 0, 'precopy-bytes': 0, 'duplicate': 782752, 'dirty-pages-rate': 0, 'normal-bytes': 1167343616, 'normal': 284996}}
QMP cmd [src9] query-migrate args={}
QMP reply [src9] query-migrate: {'expected-downtime': 300, 'status': 'active', 'setup-time': 1, 'total-time': 8842, 'ram': {'total': 8607571968, 'postcopy-requests': 0, 'dirty-sync-count': 1, 'multifd-bytes': 0, 'pages-per-second': 33000, 'downtime-bytes': 1203722701, 'page-size': 4096, 'remaining': 4207050752, 'postcopy-bytes': 0, 'mbps': 1082.14704, 'transferred': 1203723883, 'dirty-sync-missed-zero-copy': 0, 'precopy-bytes': 0, 'duplicate': 782758, 'dirty-pages-rate': 0, 'normal-bytes': 1194344448, 'normal': 291588}}
QMP cmd [src9] query-migrate args={}
QMP reply [src9] query-migrate: {'expected-downtime': 300, 'status': 'active', 'setup-time': 1, 'total-time': 9043, 'ram': {'total': 8607571968, 'postcopy-requests': 0, 'dirty-sync-count': 1, 'multifd-bytes': 0, 'pages-per-second': 33000, 'downtime-bytes': 1230776321, 'page-size': 4096, 'remaining': 4180033536, 'postcopy-bytes': 0, 'mbps': 1082.14704, 'transferred': 1230777523, 'dirty-sync-missed-zero-copy': 0, 'precopy-bytes': 0, 'duplicate': 782762, 'dirty-pages-rate': 0, 'normal-bytes': 1221345280, 'normal': 298180}}
QMP cmd [src9] query-migrate args={}
QMP reply [src9] query-migrate: {'expected-downtime': 300, 'status': 'active', 'setup-time': 1, 'total-time': 9244, 'ram': {'total': 8607571968, 'postcopy-requests': 0, 'dirty-sync-count': 1, 'multifd-bytes': 0, 'pages-per-second': 33020, 'downtime-bytes': 1257829977, 'page-size': 4096, 'remaining': 4152999936, 'postcopy-bytes': 0, 'mbps': 1082.14848, 'transferred': 1257831199, 'dirty-sync-missed-zero-copy': 0, 'precopy-bytes': 0, 'duplicate': 782770, 'dirty-pages-rate': 0, 'normal-bytes': 1248346112, 'normal': 304772}}
QMP cmd [src9] query-migrate args={}
QMP reply [src9] query-migrate: {'expected-downtime': 300, 'status': 'active', 'setup-time': 1, 'total-time': 9445, 'ram': {'total': 8607571968, 'postcopy-requests': 0, 'dirty-sync-count': 1, 'multifd-bytes': 0, 'pages-per-second': 32960, 'downtime-bytes': 1284884515, 'page-size': 4096, 'remaining': 4125564928, 'postcopy-bytes': 0, 'mbps': 1082.1441599999998, 'transferred': 1284885757, 'dirty-sync-missed-zero-copy': 0, 'precopy-bytes': 0, 'duplicate': 782876, 'dirty-pages-rate': 0, 'normal-bytes': 1275346944, 'normal': 311364}}
QMP cmd [src9] query-migrate args={}
QMP reply [src9] query-migrate: {'expected-downtime': 300, 'status': 'active', 'setup-time': 1, 'total-time': 9645, 'ram': {'total': 8607571968, 'postcopy-requests': 0, 'dirty-sync-count': 1, 'multifd-bytes': 0, 'pages-per-second': 32980, 'downtime-bytes': 1311938171, 'page-size': 4096, 'remaining': 4098531328, 'postcopy-bytes': 0, 'mbps': 1082.1456, 'transferred': 1311939433, 'dirty-sync-missed-zero-copy': 0, 'precopy-bytes': 0, 'duplicate': 782884, 'dirty-pages-rate': 0, 'normal-bytes': 1302347776, 'normal': 317956}}
QMP cmd [src9] query-migrate args={}
QMP reply [src9] query-migrate: {'expected-downtime': 300, 'status': 'active', 'setup-time': 1, 'total-time': 9846, 'ram': {'total': 8607571968, 'postcopy-requests': 0, 'dirty-sync-count': 1, 'multifd-bytes': 0, 'pages-per-second': 32980, 'downtime-bytes': 1338991863, 'page-size': 4096, 'remaining': 4071481344, 'postcopy-bytes': 0, 'mbps': 1082.1456, 'transferred': 1338993145, 'dirty-sync-missed-zero-copy': 0, 'precopy-bytes': 0, 'duplicate': 782896, 'dirty-pages-rate': 0, 'normal-bytes': 1329348608, 'normal': 324548}}
2026-07-15 00:36:55.946005SSH command: ssh -o BatchMode=yes -o StrictHostKeyChecking=no -o UserKnownHostsFile=/dev/null -o ConnectTimeout=1 -o LogLevel=ERROR -p 2230 -i /home/max/.ssh/pgvm_bench user@127.0.0.1 test -f /tmp/bench.done
Return code: 255
Stdout: 
Stderr: Connection timed out during banner exchange

QMP cmd [src9] query-migrate args={}
QMP reply [src9] query-migrate: {'expected-downtime': 300, 'status': 'active', 'setup-time': 1, 'total-time': 10048, 'ram': {'total': 8607571968, 'postcopy-requests': 0, 'dirty-sync-count': 1, 'multifd-bytes': 0, 'pages-per-second': 33000, 'downtime-bytes': 1366045501, 'page-size': 4096, 'remaining': 4044455936, 'postcopy-bytes': 0, 'mbps': 1082.14704, 'transferred': 1366046803, 'dirty-sync-missed-zero-copy': 0, 'precopy-bytes': 0, 'duplicate': 782902, 'dirty-pages-rate': 0, 'normal-bytes': 1356349440, 'normal': 331140}}
QMP cmd [src9] query-migrate args={}
QMP reply [src9] query-migrate: {'expected-downtime': 300, 'status': 'active', 'setup-time': 1, 'total-time': 10249, 'ram': {'total': 8607571968, 'postcopy-requests': 0, 'dirty-sync-count': 1, 'multifd-bytes': 0, 'pages-per-second': 33020, 'downtime-bytes': 1393099157, 'page-size': 4096, 'remaining': 4017422336, 'postcopy-bytes': 0, 'mbps': 1082.14848, 'transferred': 1393100479, 'dirty-sync-missed-zero-copy': 0, 'precopy-bytes': 0, 'duplicate': 782910, 'dirty-pages-rate': 0, 'normal-bytes': 1383350272, 'normal': 337732}}
QMP cmd [src9] query-migrate args={}
QMP reply [src9] query-migrate: {'expected-downtime': 300, 'status': 'active', 'setup-time': 1, 'total-time': 10450, 'ram': {'total': 8607571968, 'postcopy-requests': 0, 'dirty-sync-count': 1, 'multifd-bytes': 0, 'pages-per-second': 33000, 'downtime-bytes': 1420152813, 'page-size': 4096, 'remaining': 3990388736, 'postcopy-bytes': 0, 'mbps': 1082.14704, 'transferred': 1420154155, 'dirty-sync-missed-zero-copy': 0, 'precopy-bytes': 0, 'duplicate': 782918, 'dirty-pages-rate': 0, 'normal-bytes': 1410351104, 'normal': 344324}}
QMP cmd [src9] query-migrate args={}
QMP reply [src9] query-migrate: {'expected-downtime': 300, 'status': 'active', 'setup-time': 1, 'total-time': 10651, 'ram': {'total': 8607571968, 'postcopy-requests': 0, 'dirty-sync-count': 1, 'multifd-bytes': 0, 'pages-per-second': 33000, 'downtime-bytes': 1447206703, 'page-size': 4096, 'remaining': 3963248640, 'postcopy-bytes': 0, 'mbps': 1082.14704, 'transferred': 1447208065, 'dirty-sync-missed-zero-copy': 0, 'precopy-bytes': 0, 'duplicate': 782952, 'dirty-pages-rate': 0, 'normal-bytes': 1437351936, 'normal': 350916}}
QMP cmd [src9] query-migrate args={}
QMP reply [src9] query-migrate: {'expected-downtime': 300, 'status': 'active', 'setup-time': 1, 'total-time': 10852, 'ram': {'total': 8607571968, 'postcopy-requests': 0, 'dirty-sync-count': 1, 'multifd-bytes': 0, 'pages-per-second': 32990, 'downtime-bytes': 1474260350, 'page-size': 4096, 'remaining': 3936219136, 'postcopy-bytes': 0, 'mbps': 1082.14632, 'transferred': 1474261732, 'dirty-sync-missed-zero-copy': 0, 'precopy-bytes': 0, 'duplicate': 782959, 'dirty-pages-rate': 0, 'normal-bytes': 1464352768, 'normal': 357508}}
QMP cmd [src9] query-migrate args={}
QMP reply [src9] query-migrate: {'expected-downtime': 300, 'status': 'active', 'setup-time': 1, 'total-time': 11053, 'ram': {'total': 8607571968, 'postcopy-requests': 0, 'dirty-sync-count': 1, 'multifd-bytes': 0, 'pages-per-second': 32980, 'downtime-bytes': 1501313988, 'page-size': 4096, 'remaining': 3909193728, 'postcopy-bytes': 0, 'mbps': 1082.1456, 'transferred': 1501315390, 'dirty-sync-missed-zero-copy': 0, 'precopy-bytes': 0, 'duplicate': 782965, 'dirty-pages-rate': 0, 'normal-bytes': 1491353600, 'normal': 364100}}
QMP cmd [src9] query-migrate args={}
QMP reply [src9] query-migrate: {'expected-downtime': 300, 'status': 'active', 'setup-time': 1, 'total-time': 11254, 'ram': {'total': 8607571968, 'postcopy-requests': 0, 'dirty-sync-count': 1, 'multifd-bytes': 0, 'pages-per-second': 32980, 'downtime-bytes': 1528367626, 'page-size': 4096, 'remaining': 3882168320, 'postcopy-bytes': 0, 'mbps': 1082.1456, 'transferred': 1528369048, 'dirty-sync-missed-zero-copy': 0, 'precopy-bytes': 0, 'duplicate': 782971, 'dirty-pages-rate': 0, 'normal-bytes': 1518354432, 'normal': 370692}}
QMP cmd [src9] query-migrate args={}
QMP reply [src9] query-migrate: {'expected-downtime': 300, 'status': 'active', 'setup-time': 1, 'total-time': 11455, 'ram': {'total': 8607571968, 'postcopy-requests': 0, 'dirty-sync-count': 1, 'multifd-bytes': 0, 'pages-per-second': 33080, 'downtime-bytes': 1555421426, 'page-size': 4096, 'remaining': 3855069184, 'postcopy-bytes': 0, 'mbps': 1082.1528, 'transferred': 1555422868, 'dirty-sync-missed-zero-copy': 0, 'precopy-bytes': 0, 'duplicate': 782995, 'dirty-pages-rate': 0, 'normal-bytes': 1545355264, 'normal': 377284}}
QMP cmd [src9] query-migrate args={}
QMP reply [src9] query-migrate: {'expected-downtime': 300, 'status': 'active', 'setup-time': 1, 'total-time': 11656, 'ram': {'total': 8607571968, 'postcopy-requests': 0, 'dirty-sync-count': 1, 'multifd-bytes': 0, 'pages-per-second': 33040, 'downtime-bytes': 1582475352, 'page-size': 4096, 'remaining': 3827912704, 'postcopy-bytes': 0, 'mbps': 1082.1499199999998, 'transferred': 1582476814, 'dirty-sync-missed-zero-copy': 0, 'precopy-bytes': 0, 'duplicate': 783033, 'dirty-pages-rate': 0, 'normal-bytes': 1572356096, 'normal': 383876}}
QMP cmd [src9] query-migrate args={}
QMP reply [src9] query-migrate: {'expected-downtime': 300, 'status': 'active', 'setup-time': 1, 'total-time': 11857, 'ram': {'total': 8607571968, 'postcopy-requests': 0, 'dirty-sync-count': 1, 'multifd-bytes': 0, 'pages-per-second': 33340, 'downtime-bytes': 1609529548, 'page-size': 4096, 'remaining': 3800633344, 'postcopy-bytes': 0, 'mbps': 1082.17152, 'transferred': 1609531030, 'dirty-sync-missed-zero-copy': 0, 'precopy-bytes': 0, 'duplicate': 783101, 'dirty-pages-rate': 0, 'normal-bytes': 1599356928, 'normal': 390468}}
QMP cmd [src9] query-migrate args={}
QMP reply [src9] query-migrate: {'expected-downtime': 300, 'status': 'active', 'setup-time': 1, 'total-time': 12058, 'ram': {'total': 8607571968, 'postcopy-requests': 0, 'dirty-sync-count': 1, 'multifd-bytes': 0, 'pages-per-second': 33820, 'downtime-bytes': 1636585454, 'page-size': 4096, 'remaining': 3772575744, 'postcopy-bytes': 0, 'mbps': 1082.2060800000002, 'transferred': 1636586956, 'dirty-sync-missed-zero-copy': 0, 'precopy-bytes': 0, 'duplicate': 783359, 'dirty-pages-rate': 0, 'normal-bytes': 1626357760, 'normal': 397060}}
QMP cmd [src9] query-migrate args={}
QMP reply [src9] query-migrate: {'expected-downtime': 300, 'status': 'active', 'setup-time': 1, 'total-time': 12259, 'ram': {'total': 8607571968, 'postcopy-requests': 0, 'dirty-sync-count': 1, 'multifd-bytes': 0, 'pages-per-second': 37029, 'downtime-bytes': 1663648794, 'page-size': 4096, 'remaining': 3741134848, 'postcopy-bytes': 0, 'mbps': 1071.7463762376237, 'transferred': 1663650316, 'dirty-sync-missed-zero-copy': 0, 'precopy-bytes': 0, 'duplicate': 784443, 'dirty-pages-rate': 0, 'normal-bytes': 1653358592, 'normal': 403652}}
QMP cmd [src9] query-migrate args={}
QMP reply [src9] query-migrate: {'expected-downtime': 300, 'status': 'active', 'setup-time': 1, 'total-time': 12460, 'ram': {'total': 8607571968, 'postcopy-requests': 0, 'dirty-sync-count': 1, 'multifd-bytes': 0, 'pages-per-second': 36940, 'downtime-bytes': 1690709650, 'page-size': 4096, 'remaining': 3710824448, 'postcopy-bytes': 0, 'mbps': 1082.43072, 'transferred': 1690711192, 'dirty-sync-missed-zero-copy': 0, 'precopy-bytes': 0, 'duplicate': 785251, 'dirty-pages-rate': 0, 'normal-bytes': 1680359424, 'normal': 410244}}
QMP cmd [src9] query-migrate args={}
QMP reply [src9] query-migrate: {'expected-downtime': 300, 'status': 'active', 'setup-time': 1, 'total-time': 12661, 'ram': {'total': 8607571968, 'postcopy-requests': 0, 'dirty-sync-count': 1, 'multifd-bytes': 0, 'pages-per-second': 41400, 'downtime-bytes': 1717775744, 'page-size': 4096, 'remaining': 3678130176, 'postcopy-bytes': 0, 'mbps': 1082.7518400000001, 'transferred': 1717777306, 'dirty-sync-missed-zero-copy': 0, 'precopy-bytes': 0, 'duplicate': 786641, 'dirty-pages-rate': 0, 'normal-bytes': 1707360256, 'normal': 416836}}
QMP cmd [src9] query-migrate args={}
QMP reply [src9] query-migrate: {'expected-downtime': 300, 'status': 'active', 'setup-time': 1, 'total-time': 12862, 'ram': {'total': 8607571968, 'postcopy-requests': 0, 'dirty-sync-count': 1, 'multifd-bytes': 0, 'pages-per-second': 36620, 'downtime-bytes': 1744836888, 'page-size': 4096, 'remaining': 3647688704, 'postcopy-bytes': 0, 'mbps': 1082.40768, 'transferred': 1744838470, 'dirty-sync-missed-zero-copy': 0, 'precopy-bytes': 0, 'duplicate': 787481, 'dirty-pages-rate': 0, 'normal-bytes': 1734361088, 'normal': 423428}}
2026-07-15 00:36:58.951895SSH command: ssh -o BatchMode=yes -o StrictHostKeyChecking=no -o UserKnownHostsFile=/dev/null -o ConnectTimeout=1 -o LogLevel=ERROR -p 2230 -i /home/max/.ssh/pgvm_bench user@127.0.0.1 test -f /tmp/bench.done
Return code: 255
Stdout: 
Stderr: Connection timed out during banner exchange

qemu-system-x86_64: terminating on signal 15 from pid 38411 (/home/max/Bachelor-Thesis/Repo/.venv/bin/python)
QMP cmd [src9] query-migrate args={}
QMP reply [src9] query-migrate: {'expected-downtime': 300, 'status': 'active', 'setup-time': 1, 'total-time': 13064, 'ram': {'total': 8607571968, 'postcopy-requests': 0, 'dirty-sync-count': 1, 'multifd-bytes': 0, 'pages-per-second': 36680, 'downtime-bytes': 1771803891, 'page-size': 4096, 'remaining': 1138536448, 'postcopy-bytes': 0, 'mbps': 1082.412, 'transferred': 1771805503, 'dirty-sync-missed-zero-copy': 0, 'precopy-bytes': 0, 'duplicate': 1394828, 'dirty-pages-rate': 0, 'normal-bytes': 1755820032, 'normal': 428667}}
QMP cmd [src9] query-migrate args={}
QMP reply [src9] query-migrate: {'expected-downtime': 300, 'status': 'active', 'setup-time': 1, 'total-time': 13264, 'ram': {'total': 8607571968, 'postcopy-requests': 0, 'dirty-sync-count': 1, 'multifd-bytes': 0, 'pages-per-second': 2388320, 'downtime-bytes': 1798881703, 'page-size': 4096, 'remaining': 146305024, 'postcopy-bytes': 0, 'mbps': 1083.9988799999999, 'transferred': 1798883335, 'dirty-sync-missed-zero-copy': 0, 'precopy-bytes': 0, 'duplicate': 1630992, 'dirty-pages-rate': 0, 'normal-bytes': 1780723712, 'normal': 434747}}
QMP cmd [src9] query-migrate args={}
QMP reply [src9] query-migrate: {'expected-downtime': 300, 'status': 'active', 'setup-time': 1, 'total-time': 13465, 'ram': {'total': 8607571968, 'postcopy-requests': 0, 'dirty-sync-count': 1, 'multifd-bytes': 0, 'pages-per-second': 32960, 'downtime-bytes': 1825935287, 'page-size': 4096, 'remaining': 119304192, 'postcopy-bytes': 0, 'mbps': 1082.1441599999998, 'transferred': 1825936939, 'dirty-sync-missed-zero-copy': 0, 'precopy-bytes': 0, 'duplicate': 1630992, 'dirty-pages-rate': 0, 'normal-bytes': 1807724544, 'normal': 441339}}
QMP cmd [src9] query-migrate args={}
QMP reply [src9] query-migrate: {'expected-downtime': 300, 'status': 'active', 'setup-time': 1, 'total-time': 13666, 'ram': {'total': 8607571968, 'postcopy-requests': 0, 'dirty-sync-count': 1, 'multifd-bytes': 0, 'pages-per-second': 32960, 'downtime-bytes': 1852988871, 'page-size': 4096, 'remaining': 92303360, 'postcopy-bytes': 0, 'mbps': 1082.1441599999998, 'transferred': 1852990543, 'dirty-sync-missed-zero-copy': 0, 'precopy-bytes': 0, 'duplicate': 1630992, 'dirty-pages-rate': 0, 'normal-bytes': 1834725376, 'normal': 447931}}
QMP cmd [src9] query-migrate args={}
QMP reply [src9] query-migrate: {'expected-downtime': 300, 'status': 'active', 'setup-time': 1, 'total-time': 13867, 'ram': {'total': 8607571968, 'postcopy-requests': 0, 'dirty-sync-count': 1, 'multifd-bytes': 0, 'pages-per-second': 32960, 'downtime-bytes': 1880042455, 'page-size': 4096, 'remaining': 65302528, 'postcopy-bytes': 0, 'mbps': 1082.1441599999998, 'transferred': 1880044147, 'dirty-sync-missed-zero-copy': 0, 'precopy-bytes': 0, 'duplicate': 1630992, 'dirty-pages-rate': 0, 'normal-bytes': 1861726208, 'normal': 454523}}
QMP cmd [src9] query-migrate args={}
QMP reply [src9] query-migrate: {'expected-downtime': 300, 'status': 'active', 'setup-time': 1, 'total-time': 14068, 'ram': {'total': 8607571968, 'postcopy-requests': 0, 'dirty-sync-count': 1, 'multifd-bytes': 0, 'pages-per-second': 32960, 'downtime-bytes': 1907096039, 'page-size': 4096, 'remaining': 38301696, 'postcopy-bytes': 0, 'mbps': 1082.1441599999998, 'transferred': 1907097751, 'dirty-sync-missed-zero-copy': 0, 'precopy-bytes': 0, 'duplicate': 1630992, 'dirty-pages-rate': 0, 'normal-bytes': 1888727040, 'normal': 461115}}
QMP cmd [src9] query-migrate args={}
QMP reply [src9] query-migrate: {'status': 'completed', 'setup-time': 1, 'downtime': 9, 'total-time': 14113, 'ram': {'total': 8607571968, 'postcopy-requests': 0, 'dirty-sync-count': 3, 'multifd-bytes': 0, 'pages-per-second': 32960, 'downtime-bytes': 1928154931, 'page-size': 4096, 'remaining': 0, 'postcopy-bytes': 0, 'mbps': 1093.2968803854876, 'transferred': 1928575697, 'dirty-sync-missed-zero-copy': 0, 'precopy-bytes': 0, 'duplicate': 1635221, 'dirty-pages-rate': 0, 'normal-bytes': 1909706752, 'normal': 466237}}
