2026-07-15 00:29:39.473688SSH command: ssh -o BatchMode=yes -o StrictHostKeyChecking=no -o UserKnownHostsFile=/dev/null -o ConnectTimeout=1 -o LogLevel=ERROR -p 2229 -i /home/max/.ssh/pgvm_bench user@127.0.0.1 systemd-analyze
Return code: 0
Stdout: Startup finished in 809ms (kernel) + 3.165s (userspace) = 3.975s 
graphical.target reached after 3.165s in userspace.

Stderr: 
2026-07-15 00:29:39.618751SSH command: ssh -o BatchMode=yes -o StrictHostKeyChecking=no -o UserKnownHostsFile=/dev/null -o ConnectTimeout=1 -o LogLevel=ERROR -p 2229 -i /home/max/.ssh/pgvm_bench user@127.0.0.1 rm -f /tmp/bench.done /tmp/pg-buffer-hit-ratio.csv /tmp/pg-buffer-sampler.log; nohup bash /home/user/pg_sampler.sh /tmp/bench.done /tmp/pg-buffer-hit-ratio.csv ycsb >/tmp/pg-buffer-sampler.log 2>&1 &
Return code: 0
Stdout: 
Stderr: 
QMP cmd [src8] stop args={}
QMP cmd [src8] query-migrate args={}
QMP reply [src8] stop: {}
QMP cmd [src8] migrate-set-capabilities args={'capabilities': [{'capability': 'auto-converge', 'state': False}, {'capability': 'events', 'state': True}, {'capability': 'postcopy-blocktime', 'state': False}, {'capability': 'postcopy-ram', 'state': False}]}
QMP reply [src8] query-migrate: {}
QMP reply [src8] migrate-set-capabilities: {}
QMP cmd [src8] migrate args={'uri': 'unix:/tmp/mig.sock'}
QMP reply [src8] migrate: {}
QMP cmd [src8] query-migrate args={}
QMP reply [src8] query-migrate: {'expected-downtime': 300, 'status': 'active', 'setup-time': 1, 'total-time': 200, 'ram': {'total': 8607571968, 'postcopy-requests': 0, 'dirty-sync-count': 1, 'multifd-bytes': 0, 'pages-per-second': 37300, 'downtime-bytes': 27059810, 'page-size': 4096, 'remaining': 8577740800, 'postcopy-bytes': 0, 'mbps': 1082.47976, 'transferred': 27060112, 'dirty-sync-missed-zero-copy': 0, 'precopy-bytes': 0, 'duplicate': 691, 'dirty-pages-rate': 0, 'normal-bytes': 27000832, 'normal': 6592}}
QMP cmd [src8] query-migrate args={}
QMP reply [src8] query-migrate: {'expected-downtime': 300, 'status': 'active', 'setup-time': 1, 'total-time': 401, 'ram': {'total': 8607571968, 'postcopy-requests': 0, 'dirty-sync-count': 1, 'multifd-bytes': 0, 'pages-per-second': 2045870, 'downtime-bytes': 58712159, 'page-size': 4096, 'remaining': 7684091904, 'postcopy-bytes': 0, 'mbps': 1074.08448, 'transferred': 58585259, 'dirty-sync-missed-zero-copy': 0, 'precopy-bytes': 0, 'duplicate': 211616, 'dirty-pages-rate': 0, 'normal-bytes': 56696832, 'normal': 13842}}
QMP cmd [src8] query-migrate args={}
QMP reply [src8] query-migrate: {'expected-downtime': 300, 'status': 'active', 'setup-time': 1, 'total-time': 602, 'ram': {'total': 8607571968, 'postcopy-requests': 0, 'dirty-sync-count': 1, 'multifd-bytes': 0, 'pages-per-second': 204930, 'downtime-bytes': 84658590, 'page-size': 4096, 'remaining': 5357993984, 'postcopy-bytes': 0, 'mbps': 1073.8872, 'transferred': 84531683, 'dirty-sync-missed-zero-copy': 0, 'precopy-bytes': 0, 'duplicate': 774423, 'dirty-pages-rate': 0, 'normal-bytes': 77537280, 'normal': 18930}}
QMP cmd [src8] query-migrate args={}
QMP reply [src8] query-migrate: {'expected-downtime': 300, 'status': 'active', 'setup-time': 1, 'total-time': 802, 'ram': {'total': 8607571968, 'postcopy-requests': 0, 'dirty-sync-count': 1, 'multifd-bytes': 0, 'pages-per-second': 48630, 'downtime-bytes': 120283207, 'page-size': 4096, 'remaining': 5306675200, 'postcopy-bytes': 0, 'mbps': 1083.2723999999998, 'transferred': 120156293, 'dirty-sync-missed-zero-copy': 0, 'precopy-bytes': 0, 'duplicate': 778280, 'dirty-pages-rate': 0, 'normal-bytes': 113057792, 'normal': 27602}}
QMP cmd [src8] query-migrate args={}
QMP reply [src8] query-migrate: {'expected-downtime': 300, 'status': 'active', 'setup-time': 1, 'total-time': 1003, 'ram': {'total': 8607571968, 'postcopy-requests': 0, 'dirty-sync-count': 1, 'multifd-bytes': 0, 'pages-per-second': 38350, 'downtime-bytes': 148397540, 'page-size': 4096, 'remaining': 5275885568, 'postcopy-bytes': 0, 'mbps': 1082.53224, 'transferred': 148397932, 'dirty-sync-missed-zero-copy': 0, 'precopy-bytes': 0, 'duplicate': 778949, 'dirty-pages-rate': 0, 'normal-bytes': 141111296, 'normal': 34451}}
2026-07-15 00:32:10.868825SSH command: ssh -o BatchMode=yes -o StrictHostKeyChecking=no -o UserKnownHostsFile=/dev/null -o ConnectTimeout=1 -o LogLevel=ERROR -p 2229 -i /home/max/.ssh/pgvm_bench user@127.0.0.1 test -f /tmp/bench.done
Return code: 255
Stdout: 
Stderr: Connection timed out during banner exchange

QMP cmd [src8] query-migrate args={}
QMP reply [src8] query-migrate: {'expected-downtime': 300, 'status': 'active', 'setup-time': 1, 'total-time': 1205, 'ram': {'total': 8607571968, 'postcopy-requests': 0, 'dirty-sync-count': 1, 'multifd-bytes': 0, 'pages-per-second': 59300, 'downtime-bytes': 175474875, 'page-size': 4096, 'remaining': 5238075392, 'postcopy-bytes': 0, 'mbps': 1084.04064, 'transferred': 175475287, 'dirty-sync-missed-zero-copy': 0, 'precopy-bytes': 0, 'duplicate': 781588, 'dirty-pages-rate': 0, 'normal-bytes': 168112128, 'normal': 41043}}
QMP cmd [src8] query-migrate args={}
QMP reply [src8] query-migrate: {'expected-downtime': 300, 'status': 'active', 'setup-time': 1, 'total-time': 1405, 'ram': {'total': 8607571968, 'postcopy-requests': 0, 'dirty-sync-count': 1, 'multifd-bytes': 0, 'pages-per-second': 33880, 'downtime-bytes': 202538737, 'page-size': 4096, 'remaining': 5206396928, 'postcopy-bytes': 0, 'mbps': 1082.2104, 'transferred': 202539169, 'dirty-sync-missed-zero-copy': 0, 'precopy-bytes': 0, 'duplicate': 782730, 'dirty-pages-rate': 0, 'normal-bytes': 195112960, 'normal': 47635}}
QMP cmd [src8] query-migrate args={}
QMP reply [src8] query-migrate: {'expected-downtime': 300, 'status': 'active', 'setup-time': 1, 'total-time': 1606, 'ram': {'total': 8607571968, 'postcopy-requests': 0, 'dirty-sync-count': 1, 'multifd-bytes': 0, 'pages-per-second': 41690, 'downtime-bytes': 229499801, 'page-size': 4096, 'remaining': 5161865216, 'postcopy-bytes': 0, 'mbps': 1082.77272, 'transferred': 229500253, 'dirty-sync-missed-zero-copy': 0, 'precopy-bytes': 0, 'duplicate': 787042, 'dirty-pages-rate': 0, 'normal-bytes': 221982720, 'normal': 54195}}
QMP cmd [src8] query-migrate args={}
QMP reply [src8] query-migrate: {'expected-downtime': 300, 'status': 'active', 'setup-time': 1, 'total-time': 1807, 'ram': {'total': 8607571968, 'postcopy-requests': 0, 'dirty-sync-count': 1, 'multifd-bytes': 0, 'pages-per-second': 36890, 'downtime-bytes': 256556958, 'page-size': 4096, 'remaining': 5133238272, 'postcopy-bytes': 0, 'mbps': 1082.42712, 'transferred': 256557430, 'dirty-sync-missed-zero-copy': 0, 'precopy-bytes': 0, 'duplicate': 787439, 'dirty-pages-rate': 0, 'normal-bytes': 248983552, 'normal': 60787}}
QMP cmd [src8] query-migrate args={}
QMP reply [src8] query-migrate: {'expected-downtime': 300, 'status': 'active', 'setup-time': 1, 'total-time': 2008, 'ram': {'total': 8607571968, 'postcopy-requests': 0, 'dirty-sync-count': 1, 'multifd-bytes': 0, 'pages-per-second': 33020, 'downtime-bytes': 283610884, 'page-size': 4096, 'remaining': 5106081792, 'postcopy-bytes': 0, 'mbps': 1082.14848, 'transferred': 283611376, 'dirty-sync-missed-zero-copy': 0, 'precopy-bytes': 0, 'duplicate': 787477, 'dirty-pages-rate': 0, 'normal-bytes': 275984384, 'normal': 67379}}
QMP cmd [src8] query-migrate args={}
QMP reply [src8] query-migrate: {'expected-downtime': 300, 'status': 'active', 'setup-time': 1, 'total-time': 2209, 'ram': {'total': 8607571968, 'postcopy-requests': 0, 'dirty-sync-count': 1, 'multifd-bytes': 0, 'pages-per-second': 33350, 'downtime-bytes': 310665287, 'page-size': 4096, 'remaining': 5078708224, 'postcopy-bytes': 0, 'mbps': 1082.17224, 'transferred': 310665799, 'dirty-sync-missed-zero-copy': 0, 'precopy-bytes': 0, 'duplicate': 787568, 'dirty-pages-rate': 0, 'normal-bytes': 302985216, 'normal': 73971}}
QMP cmd [src8] query-migrate args={}
QMP reply [src8] query-migrate: {'expected-downtime': 300, 'status': 'active', 'setup-time': 1, 'total-time': 2410, 'ram': {'total': 8607571968, 'postcopy-requests': 0, 'dirty-sync-count': 1, 'multifd-bytes': 0, 'pages-per-second': 49460, 'downtime-bytes': 337745097, 'page-size': 4096, 'remaining': 5039771648, 'postcopy-bytes': 0, 'mbps': 1083.33216, 'transferred': 337745629, 'dirty-sync-missed-zero-copy': 0, 'precopy-bytes': 0, 'duplicate': 790482, 'dirty-pages-rate': 0, 'normal-bytes': 329986048, 'normal': 80563}}
QMP cmd [src8] query-migrate args={}
QMP reply [src8] query-migrate: {'expected-downtime': 300, 'status': 'active', 'setup-time': 1, 'total-time': 2610, 'ram': {'total': 8607571968, 'postcopy-requests': 0, 'dirty-sync-count': 1, 'multifd-bytes': 0, 'pages-per-second': 44550, 'downtime-bytes': 364809139, 'page-size': 4096, 'remaining': 5008011264, 'postcopy-bytes': 0, 'mbps': 1082.9786399999998, 'transferred': 364809691, 'dirty-sync-missed-zero-copy': 0, 'precopy-bytes': 0, 'duplicate': 791644, 'dirty-pages-rate': 0, 'normal-bytes': 356986880, 'normal': 87155}}
QMP cmd [src8] query-migrate args={}
QMP reply [src8] query-migrate: {'expected-downtime': 300, 'status': 'active', 'setup-time': 1, 'total-time': 2811, 'ram': {'total': 8607571968, 'postcopy-requests': 0, 'dirty-sync-count': 1, 'multifd-bytes': 0, 'pages-per-second': 33010, 'downtime-bytes': 391863056, 'page-size': 4096, 'remaining': 4980858880, 'postcopy-bytes': 0, 'mbps': 1082.14776, 'transferred': 391863628, 'dirty-sync-missed-zero-copy': 0, 'precopy-bytes': 0, 'duplicate': 791681, 'dirty-pages-rate': 0, 'normal-bytes': 383987712, 'normal': 93747}}
QMP cmd [src8] query-migrate args={}
QMP reply [src8] query-migrate: {'expected-downtime': 300, 'status': 'active', 'setup-time': 1, 'total-time': 3012, 'ram': {'total': 8607571968, 'postcopy-requests': 0, 'dirty-sync-count': 1, 'multifd-bytes': 0, 'pages-per-second': 33000, 'downtime-bytes': 418917387, 'page-size': 4096, 'remaining': 4953518080, 'postcopy-bytes': 0, 'mbps': 1082.14704, 'transferred': 418917979, 'dirty-sync-missed-zero-copy': 0, 'precopy-bytes': 0, 'duplicate': 791764, 'dirty-pages-rate': 0, 'normal-bytes': 410988544, 'normal': 100339}}
QMP cmd [src8] query-migrate args={}
QMP reply [src8] query-migrate: {'expected-downtime': 300, 'status': 'active', 'setup-time': 1, 'total-time': 3213, 'ram': {'total': 8607571968, 'postcopy-requests': 0, 'dirty-sync-count': 1, 'multifd-bytes': 0, 'pages-per-second': 50550, 'downtime-bytes': 445991842, 'page-size': 4096, 'remaining': 4917018624, 'postcopy-bytes': 0, 'mbps': 1083.4106399999998, 'transferred': 445992454, 'dirty-sync-missed-zero-copy': 0, 'precopy-bytes': 0, 'duplicate': 794083, 'dirty-pages-rate': 0, 'normal-bytes': 437989376, 'normal': 106931}}
QMP cmd [src8] query-migrate args={}
QMP reply [src8] query-migrate: {'expected-downtime': 300, 'status': 'active', 'setup-time': 1, 'total-time': 3414, 'ram': {'total': 8607571968, 'postcopy-requests': 0, 'dirty-sync-count': 1, 'multifd-bytes': 0, 'pages-per-second': 33190, 'downtime-bytes': 473046371, 'page-size': 4096, 'remaining': 4889587712, 'postcopy-bytes': 0, 'mbps': 1082.16072, 'transferred': 473047003, 'dirty-sync-missed-zero-copy': 0, 'precopy-bytes': 0, 'duplicate': 794188, 'dirty-pages-rate': 0, 'normal-bytes': 464990208, 'normal': 113523}}
QMP cmd [src8] query-migrate args={}
QMP reply [src8] query-migrate: {'expected-downtime': 300, 'status': 'active', 'setup-time': 1, 'total-time': 3615, 'ram': {'total': 8607571968, 'postcopy-requests': 0, 'dirty-sync-count': 1, 'multifd-bytes': 0, 'pages-per-second': 34670, 'downtime-bytes': 500101656, 'page-size': 4096, 'remaining': 4861812736, 'postcopy-bytes': 0, 'mbps': 1082.26728, 'transferred': 500102308, 'dirty-sync-missed-zero-copy': 0, 'precopy-bytes': 0, 'duplicate': 794377, 'dirty-pages-rate': 0, 'normal-bytes': 491991040, 'normal': 120115}}
QMP cmd [src8] query-migrate args={}
QMP reply [src8] query-migrate: {'expected-downtime': 300, 'status': 'active', 'setup-time': 1, 'total-time': 3816, 'ram': {'total': 8607571968, 'postcopy-requests': 0, 'dirty-sync-count': 1, 'multifd-bytes': 0, 'pages-per-second': 33840, 'downtime-bytes': 527156032, 'page-size': 4096, 'remaining': 4834451456, 'postcopy-bytes': 0, 'mbps': 1082.20752, 'transferred': 527156704, 'dirty-sync-missed-zero-copy': 0, 'precopy-bytes': 0, 'duplicate': 794465, 'dirty-pages-rate': 0, 'normal-bytes': 518991872, 'normal': 126707}}
2026-07-15 00:32:13.874206SSH command: ssh -o BatchMode=yes -o StrictHostKeyChecking=no -o UserKnownHostsFile=/dev/null -o ConnectTimeout=1 -o LogLevel=ERROR -p 2229 -i /home/max/.ssh/pgvm_bench user@127.0.0.1 test -f /tmp/bench.done
Return code: 255
Stdout: 
Stderr: Connection timed out during banner exchange

QMP cmd [src8] query-migrate args={}
QMP reply [src8] query-migrate: {'expected-downtime': 300, 'status': 'active', 'setup-time': 1, 'total-time': 4017, 'ram': {'total': 8607571968, 'postcopy-requests': 0, 'dirty-sync-count': 1, 'multifd-bytes': 0, 'pages-per-second': 34370, 'downtime-bytes': 554211929, 'page-size': 4096, 'remaining': 4806397952, 'postcopy-bytes': 0, 'mbps': 1082.24568, 'transferred': 554212621, 'dirty-sync-missed-zero-copy': 0, 'precopy-bytes': 0, 'duplicate': 794722, 'dirty-pages-rate': 0, 'normal-bytes': 545992704, 'normal': 133299}}
QMP cmd [src8] query-migrate args={}
QMP reply [src8] query-migrate: {'expected-downtime': 300, 'status': 'active', 'setup-time': 1, 'total-time': 4218, 'ram': {'total': 8607571968, 'postcopy-requests': 0, 'dirty-sync-count': 1, 'multifd-bytes': 0, 'pages-per-second': 33000, 'downtime-bytes': 581265621, 'page-size': 4096, 'remaining': 4779347968, 'postcopy-bytes': 0, 'mbps': 1082.14704, 'transferred': 581266333, 'dirty-sync-missed-zero-copy': 0, 'precopy-bytes': 0, 'duplicate': 794734, 'dirty-pages-rate': 0, 'normal-bytes': 572993536, 'normal': 139891}}
QMP cmd [src8] query-migrate args={}
QMP reply [src8] query-migrate: {'expected-downtime': 300, 'status': 'active', 'setup-time': 1, 'total-time': 4419, 'ram': {'total': 8607571968, 'postcopy-requests': 0, 'dirty-sync-count': 1, 'multifd-bytes': 0, 'pages-per-second': 33120, 'downtime-bytes': 608319421, 'page-size': 4096, 'remaining': 4752248832, 'postcopy-bytes': 0, 'mbps': 1082.1556799999998, 'transferred': 608320153, 'dirty-sync-missed-zero-copy': 0, 'precopy-bytes': 0, 'duplicate': 794758, 'dirty-pages-rate': 0, 'normal-bytes': 599994368, 'normal': 146483}}
QMP cmd [src8] query-migrate args={}
QMP reply [src8] query-migrate: {'expected-downtime': 300, 'status': 'active', 'setup-time': 1, 'total-time': 4620, 'ram': {'total': 8607571968, 'postcopy-requests': 0, 'dirty-sync-count': 1, 'multifd-bytes': 0, 'pages-per-second': 33080, 'downtime-bytes': 635373167, 'page-size': 4096, 'remaining': 4725174272, 'postcopy-bytes': 0, 'mbps': 1082.1528, 'transferred': 635373919, 'dirty-sync-missed-zero-copy': 0, 'precopy-bytes': 0, 'duplicate': 794776, 'dirty-pages-rate': 0, 'normal-bytes': 626995200, 'normal': 153075}}
QMP cmd [src8] query-migrate args={}
QMP reply [src8] query-migrate: {'expected-downtime': 300, 'status': 'active', 'setup-time': 1, 'total-time': 4821, 'ram': {'total': 8607571968, 'postcopy-requests': 0, 'dirty-sync-count': 1, 'multifd-bytes': 0, 'pages-per-second': 33000, 'downtime-bytes': 662431692, 'page-size': 4096, 'remaining': 4695924736, 'postcopy-bytes': 0, 'mbps': 1082.14704, 'transferred': 662432464, 'dirty-sync-missed-zero-copy': 0, 'precopy-bytes': 0, 'duplicate': 795325, 'dirty-pages-rate': 0, 'normal-bytes': 653996032, 'normal': 159667}}
QMP cmd [src8] query-migrate args={}
QMP reply [src8] query-migrate: {'expected-downtime': 300, 'status': 'active', 'setup-time': 1, 'total-time': 5022, 'ram': {'total': 8607571968, 'postcopy-requests': 0, 'dirty-sync-count': 1, 'multifd-bytes': 0, 'pages-per-second': 33530, 'downtime-bytes': 689485951, 'page-size': 4096, 'remaining': 4668616704, 'postcopy-bytes': 0, 'mbps': 1082.1852, 'transferred': 689486743, 'dirty-sync-missed-zero-copy': 0, 'precopy-bytes': 0, 'duplicate': 795400, 'dirty-pages-rate': 0, 'normal-bytes': 680996864, 'normal': 166259}}
QMP cmd [src8] query-migrate args={}
QMP reply [src8] query-migrate: {'expected-downtime': 300, 'status': 'active', 'setup-time': 1, 'total-time': 5223, 'ram': {'total': 8607571968, 'postcopy-requests': 0, 'dirty-sync-count': 1, 'multifd-bytes': 0, 'pages-per-second': 33000, 'downtime-bytes': 716539625, 'page-size': 4096, 'remaining': 4641574912, 'postcopy-bytes': 0, 'mbps': 1082.14704, 'transferred': 716540437, 'dirty-sync-missed-zero-copy': 0, 'precopy-bytes': 0, 'duplicate': 795410, 'dirty-pages-rate': 0, 'normal-bytes': 707997696, 'normal': 172851}}
QMP cmd [src8] query-migrate args={}
QMP reply [src8] query-migrate: {'expected-downtime': 300, 'status': 'active', 'setup-time': 1, 'total-time': 5423, 'ram': {'total': 8607571968, 'postcopy-requests': 0, 'dirty-sync-count': 1, 'multifd-bytes': 0, 'pages-per-second': 33040, 'downtime-bytes': 743593884, 'page-size': 4096, 'remaining': 4614266880, 'postcopy-bytes': 0, 'mbps': 1082.1499199999998, 'transferred': 743594716, 'dirty-sync-missed-zero-copy': 0, 'precopy-bytes': 0, 'duplicate': 795485, 'dirty-pages-rate': 0, 'normal-bytes': 734998528, 'normal': 179443}}
QMP cmd [src8] query-migrate args={}
QMP reply [src8] query-migrate: {'expected-downtime': 300, 'status': 'active', 'setup-time': 1, 'total-time': 5624, 'ram': {'total': 8607571968, 'postcopy-requests': 0, 'dirty-sync-count': 1, 'multifd-bytes': 0, 'pages-per-second': 32980, 'downtime-bytes': 770648098, 'page-size': 4096, 'remaining': 4586979328, 'postcopy-bytes': 0, 'mbps': 1082.1456, 'transferred': 770648950, 'dirty-sync-missed-zero-copy': 0, 'precopy-bytes': 0, 'duplicate': 795555, 'dirty-pages-rate': 0, 'normal-bytes': 761999360, 'normal': 186035}}
QMP cmd [src8] query-migrate args={}
QMP reply [src8] query-migrate: {'expected-downtime': 300, 'status': 'active', 'setup-time': 1, 'total-time': 5825, 'ram': {'total': 8607571968, 'postcopy-requests': 0, 'dirty-sync-count': 1, 'multifd-bytes': 0, 'pages-per-second': 33940, 'downtime-bytes': 797707424, 'page-size': 4096, 'remaining': 4557365248, 'postcopy-bytes': 0, 'mbps': 1082.21472, 'transferred': 797708296, 'dirty-sync-missed-zero-copy': 0, 'precopy-bytes': 0, 'duplicate': 796193, 'dirty-pages-rate': 0, 'normal-bytes': 789000192, 'normal': 192627}}
QMP cmd [src8] query-migrate args={}
QMP reply [src8] query-migrate: {'expected-downtime': 300, 'status': 'active', 'setup-time': 1, 'total-time': 6026, 'ram': {'total': 8607571968, 'postcopy-requests': 0, 'dirty-sync-count': 1, 'multifd-bytes': 0, 'pages-per-second': 32990, 'downtime-bytes': 824761125, 'page-size': 4096, 'remaining': 4530311168, 'postcopy-bytes': 0, 'mbps': 1082.14632, 'transferred': 824762017, 'dirty-sync-missed-zero-copy': 0, 'precopy-bytes': 0, 'duplicate': 796206, 'dirty-pages-rate': 0, 'normal-bytes': 816001024, 'normal': 199219}}
QMP cmd [src8] query-migrate args={}
QMP reply [src8] query-migrate: {'expected-downtime': 300, 'status': 'active', 'setup-time': 1, 'total-time': 6227, 'ram': {'total': 8607571968, 'postcopy-requests': 0, 'dirty-sync-count': 1, 'multifd-bytes': 0, 'pages-per-second': 32980, 'downtime-bytes': 851814745, 'page-size': 4096, 'remaining': 4503293952, 'postcopy-bytes': 0, 'mbps': 1082.1456, 'transferred': 851815657, 'dirty-sync-missed-zero-copy': 0, 'precopy-bytes': 0, 'duplicate': 796210, 'dirty-pages-rate': 0, 'normal-bytes': 843001856, 'normal': 205811}}
QMP cmd [src8] query-migrate args={}
QMP reply [src8] query-migrate: {'expected-downtime': 300, 'status': 'active', 'setup-time': 1, 'total-time': 6428, 'ram': {'total': 8607571968, 'postcopy-requests': 0, 'dirty-sync-count': 1, 'multifd-bytes': 0, 'pages-per-second': 33000, 'downtime-bytes': 878868401, 'page-size': 4096, 'remaining': 4476260352, 'postcopy-bytes': 0, 'mbps': 1082.14704, 'transferred': 878869333, 'dirty-sync-missed-zero-copy': 0, 'precopy-bytes': 0, 'duplicate': 796218, 'dirty-pages-rate': 0, 'normal-bytes': 870002688, 'normal': 212403}}
QMP cmd [src8] query-migrate args={}
QMP reply [src8] query-migrate: {'expected-downtime': 300, 'status': 'active', 'setup-time': 1, 'total-time': 6629, 'ram': {'total': 8607571968, 'postcopy-requests': 0, 'dirty-sync-count': 1, 'multifd-bytes': 0, 'pages-per-second': 32980, 'downtime-bytes': 905922039, 'page-size': 4096, 'remaining': 4449234944, 'postcopy-bytes': 0, 'mbps': 1082.1456, 'transferred': 905922991, 'dirty-sync-missed-zero-copy': 0, 'precopy-bytes': 0, 'duplicate': 796224, 'dirty-pages-rate': 0, 'normal-bytes': 897003520, 'normal': 218995}}
QMP cmd [src8] query-migrate args={}
QMP reply [src8] query-migrate: {'expected-downtime': 300, 'status': 'active', 'setup-time': 1, 'total-time': 6830, 'ram': {'total': 8607571968, 'postcopy-requests': 0, 'dirty-sync-count': 1, 'multifd-bytes': 0, 'pages-per-second': 43200, 'downtime-bytes': 932984857, 'page-size': 4096, 'remaining': 4418031616, 'postcopy-bytes': 0, 'mbps': 1082.8814399999999, 'transferred': 932985829, 'dirty-sync-missed-zero-copy': 0, 'precopy-bytes': 0, 'duplicate': 797250, 'dirty-pages-rate': 0, 'normal-bytes': 924004352, 'normal': 225587}}
2026-07-15 00:32:16.879927SSH command: ssh -o BatchMode=yes -o StrictHostKeyChecking=no -o UserKnownHostsFile=/dev/null -o ConnectTimeout=1 -o LogLevel=ERROR -p 2229 -i /home/max/.ssh/pgvm_bench user@127.0.0.1 test -f /tmp/bench.done
Return code: 255
Stdout: 
Stderr: Connection timed out during banner exchange

QMP cmd [src8] query-migrate args={}
QMP reply [src8] query-migrate: {'expected-downtime': 300, 'status': 'active', 'setup-time': 1, 'total-time': 7032, 'ram': {'total': 8607571968, 'postcopy-requests': 0, 'dirty-sync-count': 1, 'multifd-bytes': 0, 'pages-per-second': 33040, 'downtime-bytes': 960038567, 'page-size': 4096, 'remaining': 4390973440, 'postcopy-bytes': 0, 'mbps': 1082.1499199999998, 'transferred': 960039559, 'dirty-sync-missed-zero-copy': 0, 'precopy-bytes': 0, 'duplicate': 797264, 'dirty-pages-rate': 0, 'normal-bytes': 951005184, 'normal': 232179}}
QMP cmd [src8] query-migrate args={}
QMP reply [src8] query-migrate: {'expected-downtime': 300, 'status': 'active', 'setup-time': 1, 'total-time': 7233, 'ram': {'total': 8607571968, 'postcopy-requests': 0, 'dirty-sync-count': 1, 'multifd-bytes': 0, 'pages-per-second': 32980, 'downtime-bytes': 987092169, 'page-size': 4096, 'remaining': 4363964416, 'postcopy-bytes': 0, 'mbps': 1082.1456, 'transferred': 987093181, 'dirty-sync-missed-zero-copy': 0, 'precopy-bytes': 0, 'duplicate': 797266, 'dirty-pages-rate': 0, 'normal-bytes': 978006016, 'normal': 238771}}
QMP cmd [src8] query-migrate args={}
QMP reply [src8] query-migrate: {'expected-downtime': 300, 'status': 'active', 'setup-time': 1, 'total-time': 7434, 'ram': {'total': 8607571968, 'postcopy-requests': 0, 'dirty-sync-count': 1, 'multifd-bytes': 0, 'pages-per-second': 32960, 'downtime-bytes': 1014153088, 'page-size': 4096, 'remaining': 4333625344, 'postcopy-bytes': 0, 'mbps': 1082.1441599999998, 'transferred': 1014154120, 'dirty-sync-missed-zero-copy': 0, 'precopy-bytes': 0, 'duplicate': 798081, 'dirty-pages-rate': 0, 'normal-bytes': 1005006848, 'normal': 245363}}
QMP cmd [src8] query-migrate args={}
QMP reply [src8] query-migrate: {'expected-downtime': 300, 'status': 'active', 'setup-time': 1, 'total-time': 7635, 'ram': {'total': 8607571968, 'postcopy-requests': 0, 'dirty-sync-count': 1, 'multifd-bytes': 0, 'pages-per-second': 32960, 'downtime-bytes': 1041206726, 'page-size': 4096, 'remaining': 4306599936, 'postcopy-bytes': 0, 'mbps': 1082.1441599999998, 'transferred': 1041207778, 'dirty-sync-missed-zero-copy': 0, 'precopy-bytes': 0, 'duplicate': 798087, 'dirty-pages-rate': 0, 'normal-bytes': 1032007680, 'normal': 251955}}
QMP cmd [src8] query-migrate args={}
QMP reply [src8] query-migrate: {'expected-downtime': 300, 'status': 'active', 'setup-time': 1, 'total-time': 7836, 'ram': {'total': 8607571968, 'postcopy-requests': 0, 'dirty-sync-count': 1, 'multifd-bytes': 0, 'pages-per-second': 32960, 'downtime-bytes': 1068260328, 'page-size': 4096, 'remaining': 4279590912, 'postcopy-bytes': 0, 'mbps': 1082.1441599999998, 'transferred': 1068261400, 'dirty-sync-missed-zero-copy': 0, 'precopy-bytes': 0, 'duplicate': 798089, 'dirty-pages-rate': 0, 'normal-bytes': 1059008512, 'normal': 258547}}
QMP cmd [src8] query-migrate args={}
QMP reply [src8] query-migrate: {'expected-downtime': 300, 'status': 'active', 'setup-time': 1, 'total-time': 8037, 'ram': {'total': 8607571968, 'postcopy-requests': 0, 'dirty-sync-count': 1, 'multifd-bytes': 0, 'pages-per-second': 33000, 'downtime-bytes': 1095314128, 'page-size': 4096, 'remaining': 4252491776, 'postcopy-bytes': 0, 'mbps': 1082.14704, 'transferred': 1095315220, 'dirty-sync-missed-zero-copy': 0, 'precopy-bytes': 0, 'duplicate': 798113, 'dirty-pages-rate': 0, 'normal-bytes': 1086009344, 'normal': 265139}}
QMP cmd [src8] query-migrate args={}
QMP reply [src8] query-migrate: {'expected-downtime': 300, 'status': 'active', 'setup-time': 1, 'total-time': 8237, 'ram': {'total': 8607571968, 'postcopy-requests': 0, 'dirty-sync-count': 1, 'multifd-bytes': 0, 'pages-per-second': 41820, 'downtime-bytes': 1122375686, 'page-size': 4096, 'remaining': 4221861888, 'postcopy-bytes': 0, 'mbps': 1082.7820800000002, 'transferred': 1122376798, 'dirty-sync-missed-zero-copy': 0, 'precopy-bytes': 0, 'duplicate': 798999, 'dirty-pages-rate': 0, 'normal-bytes': 1113010176, 'normal': 271731}}
QMP cmd [src8] query-migrate args={}
QMP reply [src8] query-migrate: {'expected-downtime': 300, 'status': 'active', 'setup-time': 1, 'total-time': 8438, 'ram': {'total': 8607571968, 'postcopy-requests': 0, 'dirty-sync-count': 1, 'multifd-bytes': 0, 'pages-per-second': 33080, 'downtime-bytes': 1149429954, 'page-size': 4096, 'remaining': 4194549760, 'postcopy-bytes': 0, 'mbps': 1082.1528, 'transferred': 1149431086, 'dirty-sync-missed-zero-copy': 0, 'precopy-bytes': 0, 'duplicate': 799075, 'dirty-pages-rate': 0, 'normal-bytes': 1140011008, 'normal': 278323}}
QMP cmd [src8] query-migrate args={}
QMP reply [src8] query-migrate: {'expected-downtime': 300, 'status': 'active', 'setup-time': 1, 'total-time': 8639, 'ram': {'total': 8607571968, 'postcopy-requests': 0, 'dirty-sync-count': 1, 'multifd-bytes': 0, 'pages-per-second': 32960, 'downtime-bytes': 1176483538, 'page-size': 4096, 'remaining': 4167548928, 'postcopy-bytes': 0, 'mbps': 1082.1441599999998, 'transferred': 1176484690, 'dirty-sync-missed-zero-copy': 0, 'precopy-bytes': 0, 'duplicate': 799075, 'dirty-pages-rate': 0, 'normal-bytes': 1167011840, 'normal': 284915}}
QMP cmd [src8] query-migrate args={}
QMP reply [src8] query-migrate: {'expected-downtime': 300, 'status': 'active', 'setup-time': 1, 'total-time': 8840, 'ram': {'total': 8607571968, 'postcopy-requests': 0, 'dirty-sync-count': 1, 'multifd-bytes': 0, 'pages-per-second': 32980, 'downtime-bytes': 1203537158, 'page-size': 4096, 'remaining': 4140531712, 'postcopy-bytes': 0, 'mbps': 1082.1456, 'transferred': 1203538330, 'dirty-sync-missed-zero-copy': 0, 'precopy-bytes': 0, 'duplicate': 799079, 'dirty-pages-rate': 0, 'normal-bytes': 1194012672, 'normal': 291507}}
QMP cmd [src8] query-migrate args={}
QMP reply [src8] query-migrate: {'expected-downtime': 300, 'status': 'active', 'setup-time': 1, 'total-time': 9041, 'ram': {'total': 8607571968, 'postcopy-requests': 0, 'dirty-sync-count': 1, 'multifd-bytes': 0, 'pages-per-second': 33020, 'downtime-bytes': 1230590814, 'page-size': 4096, 'remaining': 4113498112, 'postcopy-bytes': 0, 'mbps': 1082.14848, 'transferred': 1230592006, 'dirty-sync-missed-zero-copy': 0, 'precopy-bytes': 0, 'duplicate': 799087, 'dirty-pages-rate': 0, 'normal-bytes': 1221013504, 'normal': 298099}}
QMP cmd [src8] query-migrate args={}
QMP reply [src8] query-migrate: {'expected-downtime': 300, 'status': 'active', 'setup-time': 1, 'total-time': 9242, 'ram': {'total': 8607571968, 'postcopy-requests': 0, 'dirty-sync-count': 1, 'multifd-bytes': 0, 'pages-per-second': 32960, 'downtime-bytes': 1257644416, 'page-size': 4096, 'remaining': 4086489088, 'postcopy-bytes': 0, 'mbps': 1082.1441599999998, 'transferred': 1257645628, 'dirty-sync-missed-zero-copy': 0, 'precopy-bytes': 0, 'duplicate': 799089, 'dirty-pages-rate': 0, 'normal-bytes': 1248014336, 'normal': 304691}}
QMP cmd [src8] query-migrate args={}
QMP reply [src8] query-migrate: {'expected-downtime': 300, 'status': 'active', 'setup-time': 1, 'total-time': 9443, 'ram': {'total': 8607571968, 'postcopy-requests': 0, 'dirty-sync-count': 1, 'multifd-bytes': 0, 'pages-per-second': 32980, 'downtime-bytes': 1284698036, 'page-size': 4096, 'remaining': 4059471872, 'postcopy-bytes': 0, 'mbps': 1082.1456, 'transferred': 1284699268, 'dirty-sync-missed-zero-copy': 0, 'precopy-bytes': 0, 'duplicate': 799093, 'dirty-pages-rate': 0, 'normal-bytes': 1275015168, 'normal': 311283}}
QMP cmd [src8] query-migrate args={}
QMP reply [src8] query-migrate: {'expected-downtime': 300, 'status': 'active', 'setup-time': 1, 'total-time': 9644, 'ram': {'total': 8607571968, 'postcopy-requests': 0, 'dirty-sync-count': 1, 'multifd-bytes': 0, 'pages-per-second': 33000, 'downtime-bytes': 1311751728, 'page-size': 4096, 'remaining': 4032421888, 'postcopy-bytes': 0, 'mbps': 1082.14704, 'transferred': 1311752980, 'dirty-sync-missed-zero-copy': 0, 'precopy-bytes': 0, 'duplicate': 799105, 'dirty-pages-rate': 0, 'normal-bytes': 1302016000, 'normal': 317875}}
QMP cmd [src8] query-migrate args={}
QMP reply [src8] query-migrate: {'expected-downtime': 300, 'status': 'active', 'setup-time': 1, 'total-time': 9845, 'ram': {'total': 8607571968, 'postcopy-requests': 0, 'dirty-sync-count': 1, 'multifd-bytes': 0, 'pages-per-second': 32960, 'downtime-bytes': 1338805348, 'page-size': 4096, 'remaining': 4005404672, 'postcopy-bytes': 0, 'mbps': 1082.1441599999998, 'transferred': 1338806620, 'dirty-sync-missed-zero-copy': 0, 'precopy-bytes': 0, 'duplicate': 799109, 'dirty-pages-rate': 0, 'normal-bytes': 1329016832, 'normal': 324467}}
2026-07-15 00:32:19.886432SSH command: ssh -o BatchMode=yes -o StrictHostKeyChecking=no -o UserKnownHostsFile=/dev/null -o ConnectTimeout=1 -o LogLevel=ERROR -p 2229 -i /home/max/.ssh/pgvm_bench user@127.0.0.1 test -f /tmp/bench.done
Return code: 255
Stdout: 
Stderr: Connection timed out during banner exchange

QMP cmd [src8] query-migrate args={}
QMP reply [src8] query-migrate: {'expected-downtime': 300, 'status': 'active', 'setup-time': 1, 'total-time': 10046, 'ram': {'total': 8607571968, 'postcopy-requests': 0, 'dirty-sync-count': 1, 'multifd-bytes': 0, 'pages-per-second': 33080, 'downtime-bytes': 1365859076, 'page-size': 4096, 'remaining': 3978338304, 'postcopy-bytes': 0, 'mbps': 1082.1528, 'transferred': 1365860368, 'dirty-sync-missed-zero-copy': 0, 'precopy-bytes': 0, 'duplicate': 799125, 'dirty-pages-rate': 0, 'normal-bytes': 1356017664, 'normal': 331059}}
QMP cmd [src8] query-migrate args={}
QMP reply [src8] query-migrate: {'expected-downtime': 300, 'status': 'active', 'setup-time': 1, 'total-time': 10247, 'ram': {'total': 8607571968, 'postcopy-requests': 0, 'dirty-sync-count': 1, 'multifd-bytes': 0, 'pages-per-second': 33020, 'downtime-bytes': 1392912750, 'page-size': 4096, 'remaining': 3951296512, 'postcopy-bytes': 0, 'mbps': 1082.14848, 'transferred': 1392914062, 'dirty-sync-missed-zero-copy': 0, 'precopy-bytes': 0, 'duplicate': 799135, 'dirty-pages-rate': 0, 'normal-bytes': 1383018496, 'normal': 337651}}
QMP cmd [src8] query-migrate args={}
QMP reply [src8] query-migrate: {'expected-downtime': 300, 'status': 'active', 'setup-time': 1, 'total-time': 10448, 'ram': {'total': 8607571968, 'postcopy-requests': 0, 'dirty-sync-count': 1, 'multifd-bytes': 0, 'pages-per-second': 33040, 'downtime-bytes': 1419966442, 'page-size': 4096, 'remaining': 3924246528, 'postcopy-bytes': 0, 'mbps': 1082.1499199999998, 'transferred': 1419967774, 'dirty-sync-missed-zero-copy': 0, 'precopy-bytes': 0, 'duplicate': 799147, 'dirty-pages-rate': 0, 'normal-bytes': 1410019328, 'normal': 344243}}
QMP cmd [src8] query-migrate args={}
QMP reply [src8] query-migrate: {'expected-downtime': 300, 'status': 'active', 'setup-time': 1, 'total-time': 10649, 'ram': {'total': 8607571968, 'postcopy-requests': 0, 'dirty-sync-count': 1, 'multifd-bytes': 0, 'pages-per-second': 33000, 'downtime-bytes': 1447020116, 'page-size': 4096, 'remaining': 3897204736, 'postcopy-bytes': 0, 'mbps': 1082.14704, 'transferred': 1447021468, 'dirty-sync-missed-zero-copy': 0, 'precopy-bytes': 0, 'duplicate': 799157, 'dirty-pages-rate': 0, 'normal-bytes': 1437020160, 'normal': 350835}}
QMP cmd [src8] query-migrate args={}
QMP reply [src8] query-migrate: {'expected-downtime': 300, 'status': 'active', 'setup-time': 1, 'total-time': 10850, 'ram': {'total': 8607571968, 'postcopy-requests': 0, 'dirty-sync-count': 1, 'multifd-bytes': 0, 'pages-per-second': 33080, 'downtime-bytes': 1474073880, 'page-size': 4096, 'remaining': 3870121984, 'postcopy-bytes': 0, 'mbps': 1082.1528, 'transferred': 1474075252, 'dirty-sync-missed-zero-copy': 0, 'precopy-bytes': 0, 'duplicate': 799177, 'dirty-pages-rate': 0, 'normal-bytes': 1464020992, 'normal': 357427}}
QMP cmd [src8] query-migrate args={}
QMP reply [src8] query-migrate: {'expected-downtime': 300, 'status': 'active', 'setup-time': 1, 'total-time': 11051, 'ram': {'total': 8607571968, 'postcopy-requests': 0, 'dirty-sync-count': 1, 'multifd-bytes': 0, 'pages-per-second': 33160, 'downtime-bytes': 1501127788, 'page-size': 4096, 'remaining': 3842973696, 'postcopy-bytes': 0, 'mbps': 1082.15856, 'transferred': 1501129180, 'dirty-sync-missed-zero-copy': 0, 'precopy-bytes': 0, 'duplicate': 799213, 'dirty-pages-rate': 0, 'normal-bytes': 1491021824, 'normal': 364019}}
QMP cmd [src8] query-migrate args={}
QMP reply [src8] query-migrate: {'expected-downtime': 300, 'status': 'active', 'setup-time': 1, 'total-time': 11252, 'ram': {'total': 8607571968, 'postcopy-requests': 0, 'dirty-sync-count': 1, 'multifd-bytes': 0, 'pages-per-second': 33200, 'downtime-bytes': 1528185971, 'page-size': 4096, 'remaining': 3813879808, 'postcopy-bytes': 0, 'mbps': 1082.1614399999999, 'transferred': 1528187383, 'dirty-sync-missed-zero-copy': 0, 'precopy-bytes': 0, 'duplicate': 799724, 'dirty-pages-rate': 0, 'normal-bytes': 1518022656, 'normal': 370611}}
QMP cmd [src8] query-migrate args={}
QMP reply [src8] query-migrate: {'expected-downtime': 300, 'status': 'active', 'setup-time': 1, 'total-time': 11453, 'ram': {'total': 8607571968, 'postcopy-requests': 0, 'dirty-sync-count': 1, 'multifd-bytes': 0, 'pages-per-second': 33800, 'downtime-bytes': 1555241589, 'page-size': 4096, 'remaining': 3785953280, 'postcopy-bytes': 0, 'mbps': 1082.20464, 'transferred': 1555243021, 'dirty-sync-missed-zero-copy': 0, 'precopy-bytes': 0, 'duplicate': 799950, 'dirty-pages-rate': 0, 'normal-bytes': 1545023488, 'normal': 377203}}
QMP cmd [src8] query-migrate args={}
QMP reply [src8] query-migrate: {'expected-downtime': 300, 'status': 'active', 'setup-time': 1, 'total-time': 11654, 'ram': {'total': 8607571968, 'postcopy-requests': 0, 'dirty-sync-count': 1, 'multifd-bytes': 0, 'pages-per-second': 36420, 'downtime-bytes': 1582298287, 'page-size': 4096, 'remaining': 3757535232, 'postcopy-bytes': 0, 'mbps': 1082.39328, 'transferred': 1582299739, 'dirty-sync-missed-zero-copy': 0, 'precopy-bytes': 0, 'duplicate': 800296, 'dirty-pages-rate': 0, 'normal-bytes': 1572024320, 'normal': 383795}}
QMP cmd [src8] query-migrate args={}
QMP reply [src8] query-migrate: {'expected-downtime': 300, 'status': 'active', 'setup-time': 1, 'total-time': 11855, 'ram': {'total': 8607571968, 'postcopy-requests': 0, 'dirty-sync-count': 1, 'multifd-bytes': 0, 'pages-per-second': 32960, 'downtime-bytes': 1609352015, 'page-size': 4096, 'remaining': 3730468864, 'postcopy-bytes': 0, 'mbps': 1082.1441599999998, 'transferred': 1609353487, 'dirty-sync-missed-zero-copy': 0, 'precopy-bytes': 0, 'duplicate': 800312, 'dirty-pages-rate': 0, 'normal-bytes': 1599025152, 'normal': 390387}}
QMP cmd [src8] query-migrate args={}
QMP reply [src8] query-migrate: {'expected-downtime': 300, 'status': 'active', 'setup-time': 1, 'total-time': 12056, 'ram': {'total': 8607571968, 'postcopy-requests': 0, 'dirty-sync-count': 1, 'multifd-bytes': 0, 'pages-per-second': 35060, 'downtime-bytes': 1636415634, 'page-size': 4096, 'remaining': 3698900992, 'postcopy-bytes': 0, 'mbps': 1082.29536, 'transferred': 1636417126, 'dirty-sync-missed-zero-copy': 0, 'precopy-bytes': 0, 'duplicate': 801427, 'dirty-pages-rate': 0, 'normal-bytes': 1626025984, 'normal': 396979}}
QMP cmd [src8] query-migrate args={}
QMP reply [src8] query-migrate: {'expected-downtime': 300, 'status': 'active', 'setup-time': 1, 'total-time': 12257, 'ram': {'total': 8607571968, 'postcopy-requests': 0, 'dirty-sync-count': 1, 'multifd-bytes': 0, 'pages-per-second': 37660, 'downtime-bytes': 1663476868, 'page-size': 4096, 'remaining': 3668418560, 'postcopy-bytes': 0, 'mbps': 1082.4825600000001, 'transferred': 1663478380, 'dirty-sync-missed-zero-copy': 0, 'precopy-bytes': 0, 'duplicate': 802277, 'dirty-pages-rate': 0, 'normal-bytes': 1653026816, 'normal': 403571}}
QMP cmd [src8] query-migrate args={}
QMP reply [src8] query-migrate: {'expected-downtime': 300, 'status': 'active', 'setup-time': 1, 'total-time': 12458, 'ram': {'total': 8607571968, 'postcopy-requests': 0, 'dirty-sync-count': 1, 'multifd-bytes': 0, 'pages-per-second': 41860, 'downtime-bytes': 1690543322, 'page-size': 4096, 'remaining': 3635560448, 'postcopy-bytes': 0, 'mbps': 1082.78496, 'transferred': 1690544854, 'dirty-sync-missed-zero-copy': 0, 'precopy-bytes': 0, 'duplicate': 803707, 'dirty-pages-rate': 0, 'normal-bytes': 1680027648, 'normal': 410163}}
QMP cmd [src8] query-migrate args={}
QMP reply [src8] query-migrate: {'expected-downtime': 300, 'status': 'active', 'setup-time': 1, 'total-time': 12659, 'ram': {'total': 8607571968, 'postcopy-requests': 0, 'dirty-sync-count': 1, 'multifd-bytes': 0, 'pages-per-second': 35980, 'downtime-bytes': 1717602990, 'page-size': 4096, 'remaining': 3605790720, 'postcopy-bytes': 0, 'mbps': 1082.3616000000002, 'transferred': 1717604542, 'dirty-sync-missed-zero-copy': 0, 'precopy-bytes': 0, 'duplicate': 804383, 'dirty-pages-rate': 0, 'normal-bytes': 1707028480, 'normal': 416755}}
QMP cmd [src8] query-migrate args={}
QMP reply [src8] query-migrate: {'expected-downtime': 300, 'status': 'active', 'setup-time': 1, 'total-time': 12860, 'ram': {'total': 8607571968, 'postcopy-requests': 0, 'dirty-sync-count': 1, 'multifd-bytes': 0, 'pages-per-second': 37360, 'downtime-bytes': 1744668904, 'page-size': 4096, 'remaining': 3573178368, 'postcopy-bytes': 0, 'mbps': 1082.46096, 'transferred': 1744670476, 'dirty-sync-missed-zero-copy': 0, 'precopy-bytes': 0, 'duplicate': 805753, 'dirty-pages-rate': 0, 'normal-bytes': 1734029312, 'normal': 423347}}
2026-07-15 00:32:22.891775SSH command: ssh -o BatchMode=yes -o StrictHostKeyChecking=no -o UserKnownHostsFile=/dev/null -o ConnectTimeout=1 -o LogLevel=ERROR -p 2229 -i /home/max/.ssh/pgvm_bench user@127.0.0.1 test -f /tmp/bench.done
Return code: 255
Stdout: 
Stderr: Connection timed out during banner exchange

qemu-system-x86_64: terminating on signal 15 from pid 38411 (/home/max/Bachelor-Thesis/Repo/.venv/bin/python)
QMP cmd [src8] query-migrate args={}
QMP reply [src8] query-migrate: {'expected-downtime': 300, 'status': 'active', 'setup-time': 1, 'total-time': 13061, 'ram': {'total': 8607571968, 'postcopy-requests': 0, 'dirty-sync-count': 1, 'multifd-bytes': 0, 'pages-per-second': 8318690, 'downtime-bytes': 1771666534, 'page-size': 4096, 'remaining': 151793664, 'postcopy-bytes': 0, 'mbps': 1077.57216, 'transferred': 1771668136, 'dirty-sync-missed-zero-copy': 0, 'precopy-bytes': 0, 'duplicate': 1636295, 'dirty-pages-rate': 0, 'normal-bytes': 1753513984, 'normal': 428104}}
QMP cmd [src8] query-migrate args={}
QMP reply [src8] query-migrate: {'expected-downtime': 300, 'status': 'active', 'setup-time': 1, 'total-time': 13262, 'ram': {'total': 8607571968, 'postcopy-requests': 0, 'dirty-sync-count': 1, 'multifd-bytes': 0, 'pages-per-second': 32960, 'downtime-bytes': 1798720118, 'page-size': 4096, 'remaining': 124792832, 'postcopy-bytes': 0, 'mbps': 1082.1441599999998, 'transferred': 1798721740, 'dirty-sync-missed-zero-copy': 0, 'precopy-bytes': 0, 'duplicate': 1636295, 'dirty-pages-rate': 0, 'normal-bytes': 1780514816, 'normal': 434696}}
QMP cmd [src8] query-migrate args={}
QMP reply [src8] query-migrate: {'expected-downtime': 300, 'status': 'active', 'setup-time': 1, 'total-time': 13463, 'ram': {'total': 8607571968, 'postcopy-requests': 0, 'dirty-sync-count': 1, 'multifd-bytes': 0, 'pages-per-second': 32960, 'downtime-bytes': 1825773702, 'page-size': 4096, 'remaining': 97792000, 'postcopy-bytes': 0, 'mbps': 1082.1441599999998, 'transferred': 1825775344, 'dirty-sync-missed-zero-copy': 0, 'precopy-bytes': 0, 'duplicate': 1636295, 'dirty-pages-rate': 0, 'normal-bytes': 1807515648, 'normal': 441288}}
QMP cmd [src8] query-migrate args={}
QMP reply [src8] query-migrate: {'expected-downtime': 300, 'status': 'active', 'setup-time': 1, 'total-time': 13664, 'ram': {'total': 8607571968, 'postcopy-requests': 0, 'dirty-sync-count': 1, 'multifd-bytes': 0, 'pages-per-second': 32960, 'downtime-bytes': 1852827286, 'page-size': 4096, 'remaining': 70791168, 'postcopy-bytes': 0, 'mbps': 1082.1441599999998, 'transferred': 1852828948, 'dirty-sync-missed-zero-copy': 0, 'precopy-bytes': 0, 'duplicate': 1636295, 'dirty-pages-rate': 0, 'normal-bytes': 1834516480, 'normal': 447880}}
QMP cmd [src8] query-migrate args={}
QMP reply [src8] query-migrate: {'expected-downtime': 300, 'status': 'active', 'setup-time': 1, 'total-time': 13865, 'ram': {'total': 8607571968, 'postcopy-requests': 0, 'dirty-sync-count': 1, 'multifd-bytes': 0, 'pages-per-second': 32960, 'downtime-bytes': 1879880870, 'page-size': 4096, 'remaining': 43790336, 'postcopy-bytes': 0, 'mbps': 1082.1441599999998, 'transferred': 1879882552, 'dirty-sync-missed-zero-copy': 0, 'precopy-bytes': 0, 'duplicate': 1636295, 'dirty-pages-rate': 0, 'normal-bytes': 1861517312, 'normal': 454472}}
QMP cmd [src8] query-migrate args={}
QMP reply [src8] query-migrate: {'status': 'completed', 'setup-time': 1, 'downtime': 8, 'total-time': 14010, 'ram': {'total': 8607571968, 'postcopy-requests': 0, 'dirty-sync-count': 3, 'multifd-bytes': 0, 'pages-per-second': 32960, 'downtime-bytes': 1906430940, 'page-size': 4096, 'remaining': 0, 'postcopy-bytes': 0, 'mbps': 1088.9295087443786, 'transferred': 1906851686, 'dirty-sync-missed-zero-copy': 0, 'precopy-bytes': 0, 'duplicate': 1640526, 'dirty-pages-rate': 0, 'normal-bytes': 1887977472, 'normal': 460932}}
