2026-07-15 00:25:01.001753SSH command: ssh -o BatchMode=yes -o StrictHostKeyChecking=no -o UserKnownHostsFile=/dev/null -o ConnectTimeout=1 -o LogLevel=ERROR -p 2228 -i /home/max/.ssh/pgvm_bench user@127.0.0.1 systemd-analyze
Return code: 0
Stdout: Startup finished in 783ms (kernel) + 3.150s (userspace) = 3.934s 
graphical.target reached after 3.149s in userspace.

Stderr: 
2026-07-15 00:25:01.138678SSH command: ssh -o BatchMode=yes -o StrictHostKeyChecking=no -o UserKnownHostsFile=/dev/null -o ConnectTimeout=1 -o LogLevel=ERROR -p 2228 -i /home/max/.ssh/pgvm_bench user@127.0.0.1 rm -f /tmp/bench.done /tmp/pg-buffer-hit-ratio.csv /tmp/pg-buffer-sampler.log; nohup bash /home/user/pg_sampler.sh /tmp/bench.done /tmp/pg-buffer-hit-ratio.csv ycsb >/tmp/pg-buffer-sampler.log 2>&1 &
Return code: 0
Stdout: 
Stderr: 
QMP cmd [src7] stop args={}
QMP cmd [src7] query-migrate args={}
QMP reply [src7] stop: {}
QMP cmd [src7] migrate-set-capabilities args={'capabilities': [{'capability': 'auto-converge', 'state': False}, {'capability': 'events', 'state': True}, {'capability': 'postcopy-blocktime', 'state': False}, {'capability': 'postcopy-ram', 'state': False}]}
QMP reply [src7] query-migrate: {}
QMP reply [src7] migrate-set-capabilities: {}
QMP cmd [src7] migrate args={'uri': 'unix:/tmp/mig.sock'}
QMP reply [src7] migrate: {}
QMP cmd [src7] query-migrate args={}
QMP reply [src7] query-migrate: {'expected-downtime': 300, 'status': 'active', 'setup-time': 3, 'total-time': 200, 'ram': {'total': 8607571968, 'postcopy-requests': 0, 'dirty-sync-count': 1, 'multifd-bytes': 0, 'pages-per-second': 37300, 'downtime-bytes': 27059810, 'page-size': 4096, 'remaining': 8577740800, 'postcopy-bytes': 0, 'mbps': 1082.47976, 'transferred': 27060112, 'dirty-sync-missed-zero-copy': 0, 'precopy-bytes': 0, 'duplicate': 691, 'dirty-pages-rate': 0, 'normal-bytes': 27000832, 'normal': 6592}}
QMP cmd [src7] query-migrate args={}
QMP reply [src7] query-migrate: {'expected-downtime': 300, 'status': 'active', 'setup-time': 3, 'total-time': 401, 'ram': {'total': 8607571968, 'postcopy-requests': 0, 'dirty-sync-count': 1, 'multifd-bytes': 0, 'pages-per-second': 2045870, 'downtime-bytes': 55584912, 'page-size': 4096, 'remaining': 7687208960, 'postcopy-bytes': 0, 'mbps': 1073.75688, 'transferred': 55560620, 'dirty-sync-missed-zero-copy': 0, 'precopy-bytes': 0, 'duplicate': 211617, 'dirty-pages-rate': 0, 'normal-bytes': 53575680, 'normal': 13080}}
QMP cmd [src7] query-migrate args={}
QMP reply [src7] query-migrate: {'expected-downtime': 300, 'status': 'active', 'setup-time': 3, 'total-time': 601, 'ram': {'total': 8607571968, 'postcopy-requests': 0, 'dirty-sync-count': 1, 'multifd-bytes': 0, 'pages-per-second': 32960, 'downtime-bytes': 88886214, 'page-size': 4096, 'remaining': 6829580288, 'postcopy-bytes': 0, 'mbps': 1082.1441599999998, 'transferred': 88759334, 'dirty-sync-missed-zero-copy': 0, 'precopy-bytes': 0, 'duplicate': 413327, 'dirty-pages-rate': 0, 'normal-bytes': 85000192, 'normal': 20752}}
QMP cmd [src7] query-migrate args={}
QMP reply [src7] query-migrate: {'expected-downtime': 300, 'status': 'active', 'setup-time': 3, 'total-time': 802, 'ram': {'total': 8607571968, 'postcopy-requests': 0, 'dirty-sync-count': 1, 'multifd-bytes': 0, 'pages-per-second': 35210, 'downtime-bytes': 113840584, 'page-size': 4096, 'remaining': 6803750912, 'postcopy-bytes': 0, 'mbps': 1082.3061599999999, 'transferred': 113713724, 'dirty-sync-missed-zero-copy': 0, 'precopy-bytes': 0, 'duplicate': 413553, 'dirty-pages-rate': 0, 'normal-bytes': 109903872, 'normal': 26832}}
QMP cmd [src7] query-migrate args={}
QMP reply [src7] query-migrate: {'expected-downtime': 300, 'status': 'active', 'setup-time': 3, 'total-time': 1003, 'ram': {'total': 8607571968, 'postcopy-requests': 0, 'dirty-sync-count': 1, 'multifd-bytes': 0, 'pages-per-second': 3435960, 'downtime-bytes': 142281104, 'page-size': 4096, 'remaining': 5360930816, 'postcopy-bytes': 0, 'mbps': 1073.9253600000002, 'transferred': 142154264, 'dirty-sync-missed-zero-copy': 0, 'precopy-bytes': 0, 'duplicate': 759633, 'dirty-pages-rate': 0, 'normal-bytes': 135180288, 'normal': 33003}}
2026-07-15 00:27:32.388329SSH command: ssh -o BatchMode=yes -o StrictHostKeyChecking=no -o UserKnownHostsFile=/dev/null -o ConnectTimeout=1 -o LogLevel=ERROR -p 2228 -i /home/max/.ssh/pgvm_bench user@127.0.0.1 test -f /tmp/bench.done
Return code: 255
Stdout: 
Stderr: Connection timed out during banner exchange

QMP cmd [src7] query-migrate args={}
QMP reply [src7] query-migrate: {'expected-downtime': 300, 'status': 'active', 'setup-time': 3, 'total-time': 1204, 'ram': {'total': 8607571968, 'postcopy-requests': 0, 'dirty-sync-count': 1, 'multifd-bytes': 0, 'pages-per-second': 44540, 'downtime-bytes': 175554597, 'page-size': 4096, 'remaining': 5308022784, 'postcopy-bytes': 0, 'mbps': 1082.9779199999998, 'transferred': 175555009, 'dirty-sync-missed-zero-copy': 0, 'precopy-bytes': 0, 'duplicate': 764454, 'dirty-pages-rate': 0, 'normal-bytes': 168345600, 'normal': 41100}}
QMP cmd [src7] query-migrate args={}
QMP reply [src7] query-migrate: {'expected-downtime': 300, 'status': 'active', 'setup-time': 3, 'total-time': 1405, 'ram': {'total': 8607571968, 'postcopy-requests': 0, 'dirty-sync-count': 1, 'multifd-bytes': 0, 'pages-per-second': 40420, 'downtime-bytes': 202616389, 'page-size': 4096, 'remaining': 5277286400, 'postcopy-bytes': 0, 'mbps': 1082.68128, 'transferred': 202616821, 'dirty-sync-missed-zero-copy': 0, 'precopy-bytes': 0, 'duplicate': 765366, 'dirty-pages-rate': 0, 'normal-bytes': 195346432, 'normal': 47692}}
QMP cmd [src7] query-migrate args={}
QMP reply [src7] query-migrate: {'expected-downtime': 300, 'status': 'active', 'setup-time': 3, 'total-time': 1606, 'ram': {'total': 8607571968, 'postcopy-requests': 0, 'dirty-sync-count': 1, 'multifd-bytes': 0, 'pages-per-second': 55650, 'downtime-bytes': 229690511, 'page-size': 4096, 'remaining': 5240938496, 'postcopy-bytes': 0, 'mbps': 1083.7778400000002, 'transferred': 229690963, 'dirty-sync-missed-zero-copy': 0, 'precopy-bytes': 0, 'duplicate': 767648, 'dirty-pages-rate': 0, 'normal-bytes': 222347264, 'normal': 54284}}
QMP cmd [src7] query-migrate args={}
QMP reply [src7] query-migrate: {'expected-downtime': 300, 'status': 'active', 'setup-time': 3, 'total-time': 1807, 'ram': {'total': 8607571968, 'postcopy-requests': 0, 'dirty-sync-count': 1, 'multifd-bytes': 0, 'pages-per-second': 33120, 'downtime-bytes': 256745310, 'page-size': 4096, 'remaining': 5213384704, 'postcopy-bytes': 0, 'mbps': 1082.1556799999998, 'transferred': 256745782, 'dirty-sync-missed-zero-copy': 0, 'precopy-bytes': 0, 'duplicate': 767783, 'dirty-pages-rate': 0, 'normal-bytes': 249348096, 'normal': 60876}}
QMP cmd [src7] query-migrate args={}
QMP reply [src7] query-migrate: {'expected-downtime': 300, 'status': 'active', 'setup-time': 3, 'total-time': 2008, 'ram': {'total': 8607571968, 'postcopy-requests': 0, 'dirty-sync-count': 1, 'multifd-bytes': 0, 'pages-per-second': 46760, 'downtime-bytes': 283821394, 'page-size': 4096, 'remaining': 5176143872, 'postcopy-bytes': 0, 'mbps': 1083.13776, 'transferred': 283821886, 'dirty-sync-missed-zero-copy': 0, 'precopy-bytes': 0, 'duplicate': 770283, 'dirty-pages-rate': 0, 'normal-bytes': 276348928, 'normal': 67468}}
QMP cmd [src7] query-migrate args={}
QMP reply [src7] query-migrate: {'expected-downtime': 300, 'status': 'active', 'setup-time': 3, 'total-time': 2208, 'ram': {'total': 8607571968, 'postcopy-requests': 0, 'dirty-sync-count': 1, 'multifd-bytes': 0, 'pages-per-second': 65400, 'downtime-bytes': 310779488, 'page-size': 4096, 'remaining': 5132963840, 'postcopy-bytes': 0, 'mbps': 1073.9966399999998, 'transferred': 310780000, 'dirty-sync-missed-zero-copy': 0, 'precopy-bytes': 0, 'duplicate': 774265, 'dirty-pages-rate': 0, 'normal-bytes': 303218688, 'normal': 74028}}
QMP cmd [src7] query-migrate args={}
QMP reply [src7] query-migrate: {'expected-downtime': 300, 'status': 'active', 'setup-time': 3, 'total-time': 2409, 'ram': {'total': 8607571968, 'postcopy-requests': 0, 'dirty-sync-count': 1, 'multifd-bytes': 0, 'pages-per-second': 38760, 'downtime-bytes': 337838346, 'page-size': 4096, 'remaining': 5103562752, 'postcopy-bytes': 0, 'mbps': 1082.56176, 'transferred': 337838878, 'dirty-sync-missed-zero-copy': 0, 'precopy-bytes': 0, 'duplicate': 774851, 'dirty-pages-rate': 0, 'normal-bytes': 330219520, 'normal': 80620}}
QMP cmd [src7] query-migrate args={}
QMP reply [src7] query-migrate: {'expected-downtime': 300, 'status': 'active', 'setup-time': 3, 'total-time': 2610, 'ram': {'total': 8607571968, 'postcopy-requests': 0, 'dirty-sync-count': 1, 'multifd-bytes': 0, 'pages-per-second': 33080, 'downtime-bytes': 364893217, 'page-size': 4096, 'remaining': 5075976192, 'postcopy-bytes': 0, 'mbps': 1082.1528, 'transferred': 364893769, 'dirty-sync-missed-zero-copy': 0, 'precopy-bytes': 0, 'duplicate': 774994, 'dirty-pages-rate': 0, 'normal-bytes': 357220352, 'normal': 87212}}
QMP cmd [src7] query-migrate args={}
QMP reply [src7] query-migrate: {'expected-downtime': 300, 'status': 'active', 'setup-time': 3, 'total-time': 2811, 'ram': {'total': 8607571968, 'postcopy-requests': 0, 'dirty-sync-count': 1, 'multifd-bytes': 0, 'pages-per-second': 33500, 'downtime-bytes': 391952138, 'page-size': 4096, 'remaining': 5046546432, 'postcopy-bytes': 0, 'mbps': 1082.1830400000001, 'transferred': 391952710, 'dirty-sync-missed-zero-copy': 0, 'precopy-bytes': 0, 'duplicate': 775587, 'dirty-pages-rate': 0, 'normal-bytes': 384221184, 'normal': 93804}}
QMP cmd [src7] query-migrate args={}
QMP reply [src7] query-migrate: {'expected-downtime': 300, 'status': 'active', 'setup-time': 3, 'total-time': 3012, 'ram': {'total': 8607571968, 'postcopy-requests': 0, 'dirty-sync-count': 1, 'multifd-bytes': 0, 'pages-per-second': 45240, 'downtime-bytes': 419027115, 'page-size': 4096, 'remaining': 5009809408, 'postcopy-bytes': 0, 'mbps': 1083.0283200000001, 'transferred': 419027707, 'dirty-sync-missed-zero-copy': 0, 'precopy-bytes': 0, 'duplicate': 777964, 'dirty-pages-rate': 0, 'normal-bytes': 411222016, 'normal': 100396}}
QMP cmd [src7] query-migrate args={}
QMP reply [src7] query-migrate: {'expected-downtime': 300, 'status': 'active', 'setup-time': 3, 'total-time': 3213, 'ram': {'total': 8607571968, 'postcopy-requests': 0, 'dirty-sync-count': 1, 'multifd-bytes': 0, 'pages-per-second': 32960, 'downtime-bytes': 446080996, 'page-size': 4096, 'remaining': 4982673408, 'postcopy-bytes': 0, 'mbps': 1082.1441599999998, 'transferred': 446081608, 'dirty-sync-missed-zero-copy': 0, 'precopy-bytes': 0, 'duplicate': 777997, 'dirty-pages-rate': 0, 'normal-bytes': 438222848, 'normal': 106988}}
QMP cmd [src7] query-migrate args={}
QMP reply [src7] query-migrate: {'expected-downtime': 300, 'status': 'active', 'setup-time': 3, 'total-time': 3414, 'ram': {'total': 8607571968, 'postcopy-requests': 0, 'dirty-sync-count': 1, 'multifd-bytes': 0, 'pages-per-second': 32960, 'downtime-bytes': 473134670, 'page-size': 4096, 'remaining': 4955631616, 'postcopy-bytes': 0, 'mbps': 1082.1441599999998, 'transferred': 473135302, 'dirty-sync-missed-zero-copy': 0, 'precopy-bytes': 0, 'duplicate': 778007, 'dirty-pages-rate': 0, 'normal-bytes': 465223680, 'normal': 113580}}
QMP cmd [src7] query-migrate args={}
QMP reply [src7] query-migrate: {'expected-downtime': 300, 'status': 'active', 'setup-time': 3, 'total-time': 3615, 'ram': {'total': 8607571968, 'postcopy-requests': 0, 'dirty-sync-count': 1, 'multifd-bytes': 0, 'pages-per-second': 34840, 'downtime-bytes': 500196039, 'page-size': 4096, 'remaining': 4925087744, 'postcopy-bytes': 0, 'mbps': 1082.27952, 'transferred': 500196691, 'dirty-sync-missed-zero-copy': 0, 'precopy-bytes': 0, 'duplicate': 778872, 'dirty-pages-rate': 0, 'normal-bytes': 492224512, 'normal': 120172}}
QMP cmd [src7] query-migrate args={}
QMP reply [src7] query-migrate: {'expected-downtime': 300, 'status': 'active', 'setup-time': 3, 'total-time': 3816, 'ram': {'total': 8607571968, 'postcopy-requests': 0, 'dirty-sync-count': 1, 'multifd-bytes': 0, 'pages-per-second': 33280, 'downtime-bytes': 527250055, 'page-size': 4096, 'remaining': 4897890304, 'postcopy-bytes': 0, 'mbps': 1082.1671999999999, 'transferred': 527250727, 'dirty-sync-missed-zero-copy': 0, 'precopy-bytes': 0, 'duplicate': 778920, 'dirty-pages-rate': 0, 'normal-bytes': 519225344, 'normal': 126764}}
2026-07-15 00:27:35.393870SSH command: ssh -o BatchMode=yes -o StrictHostKeyChecking=no -o UserKnownHostsFile=/dev/null -o ConnectTimeout=1 -o LogLevel=ERROR -p 2228 -i /home/max/.ssh/pgvm_bench user@127.0.0.1 test -f /tmp/bench.done
Return code: 255
Stdout: 
Stderr: Connection timed out during banner exchange

QMP cmd [src7] query-migrate args={}
QMP reply [src7] query-migrate: {'expected-downtime': 300, 'status': 'active', 'setup-time': 3, 'total-time': 4017, 'ram': {'total': 8607571968, 'postcopy-requests': 0, 'dirty-sync-count': 1, 'multifd-bytes': 0, 'pages-per-second': 33860, 'downtime-bytes': 554309939, 'page-size': 4096, 'remaining': 4868022272, 'postcopy-bytes': 0, 'mbps': 1082.20896, 'transferred': 554310631, 'dirty-sync-missed-zero-copy': 0, 'precopy-bytes': 0, 'duplicate': 779620, 'dirty-pages-rate': 0, 'normal-bytes': 546226176, 'normal': 133356}}
QMP cmd [src7] query-migrate args={}
QMP reply [src7] query-migrate: {'expected-downtime': 300, 'status': 'active', 'setup-time': 3, 'total-time': 4217, 'ram': {'total': 8607571968, 'postcopy-requests': 0, 'dirty-sync-count': 1, 'multifd-bytes': 0, 'pages-per-second': 33180, 'downtime-bytes': 581364720, 'page-size': 4096, 'remaining': 4840476672, 'postcopy-bytes': 0, 'mbps': 1082.16, 'transferred': 581365432, 'dirty-sync-missed-zero-copy': 0, 'precopy-bytes': 0, 'duplicate': 779753, 'dirty-pages-rate': 0, 'normal-bytes': 573227008, 'normal': 139948}}
QMP cmd [src7] query-migrate args={}
QMP reply [src7] query-migrate: {'expected-downtime': 300, 'status': 'active', 'setup-time': 3, 'total-time': 4418, 'ram': {'total': 8607571968, 'postcopy-requests': 0, 'dirty-sync-count': 1, 'multifd-bytes': 0, 'pages-per-second': 33940, 'downtime-bytes': 608419456, 'page-size': 4096, 'remaining': 4812951552, 'postcopy-bytes': 0, 'mbps': 1082.21472, 'transferred': 608420188, 'dirty-sync-missed-zero-copy': 0, 'precopy-bytes': 0, 'duplicate': 779881, 'dirty-pages-rate': 0, 'normal-bytes': 600227840, 'normal': 146540}}
QMP cmd [src7] query-migrate args={}
QMP reply [src7] query-migrate: {'expected-downtime': 300, 'status': 'active', 'setup-time': 3, 'total-time': 4619, 'ram': {'total': 8607571968, 'postcopy-requests': 0, 'dirty-sync-count': 1, 'multifd-bytes': 0, 'pages-per-second': 33630, 'downtime-bytes': 635473652, 'page-size': 4096, 'remaining': 4785672192, 'postcopy-bytes': 0, 'mbps': 1082.1924, 'transferred': 635474404, 'dirty-sync-missed-zero-copy': 0, 'precopy-bytes': 0, 'duplicate': 779949, 'dirty-pages-rate': 0, 'normal-bytes': 627228672, 'normal': 153132}}
QMP cmd [src7] query-migrate args={}
QMP reply [src7] query-migrate: {'expected-downtime': 300, 'status': 'active', 'setup-time': 3, 'total-time': 4820, 'ram': {'total': 8607571968, 'postcopy-requests': 0, 'dirty-sync-count': 1, 'multifd-bytes': 0, 'pages-per-second': 33260, 'downtime-bytes': 662527506, 'page-size': 4096, 'remaining': 4758548480, 'postcopy-bytes': 0, 'mbps': 1082.16576, 'transferred': 662528278, 'dirty-sync-missed-zero-copy': 0, 'precopy-bytes': 0, 'duplicate': 779979, 'dirty-pages-rate': 0, 'normal-bytes': 654229504, 'normal': 159724}}
QMP cmd [src7] query-migrate args={}
QMP reply [src7] query-migrate: {'expected-downtime': 300, 'status': 'active', 'setup-time': 3, 'total-time': 5021, 'ram': {'total': 8607571968, 'postcopy-requests': 0, 'dirty-sync-count': 1, 'multifd-bytes': 0, 'pages-per-second': 33110, 'downtime-bytes': 689581603, 'page-size': 4096, 'remaining': 4731314176, 'postcopy-bytes': 0, 'mbps': 1082.15496, 'transferred': 689582395, 'dirty-sync-missed-zero-copy': 0, 'precopy-bytes': 0, 'duplicate': 780036, 'dirty-pages-rate': 0, 'normal-bytes': 681230336, 'normal': 166316}}
QMP cmd [src7] query-migrate args={}
QMP reply [src7] query-migrate: {'expected-downtime': 300, 'status': 'active', 'setup-time': 3, 'total-time': 5222, 'ram': {'total': 8607571968, 'postcopy-requests': 0, 'dirty-sync-count': 1, 'multifd-bytes': 0, 'pages-per-second': 33150, 'downtime-bytes': 716640056, 'page-size': 4096, 'remaining': 4702097408, 'postcopy-bytes': 0, 'mbps': 1082.15784, 'transferred': 716640868, 'dirty-sync-missed-zero-copy': 0, 'precopy-bytes': 0, 'duplicate': 780577, 'dirty-pages-rate': 0, 'normal-bytes': 708231168, 'normal': 172908}}
QMP cmd [src7] query-migrate args={}
QMP reply [src7] query-migrate: {'expected-downtime': 300, 'status': 'active', 'setup-time': 3, 'total-time': 5423, 'ram': {'total': 8607571968, 'postcopy-requests': 0, 'dirty-sync-count': 1, 'multifd-bytes': 0, 'pages-per-second': 33070, 'downtime-bytes': 743698410, 'page-size': 4096, 'remaining': 4672925696, 'postcopy-bytes': 0, 'mbps': 1082.15208, 'transferred': 743699242, 'dirty-sync-missed-zero-copy': 0, 'precopy-bytes': 0, 'duplicate': 781107, 'dirty-pages-rate': 0, 'normal-bytes': 735232000, 'normal': 179500}}
QMP cmd [src7] query-migrate args={}
QMP reply [src7] query-migrate: {'expected-downtime': 300, 'status': 'active', 'setup-time': 3, 'total-time': 5624, 'ram': {'total': 8607571968, 'postcopy-requests': 0, 'dirty-sync-count': 1, 'multifd-bytes': 0, 'pages-per-second': 33040, 'downtime-bytes': 770752138, 'page-size': 4096, 'remaining': 4645859328, 'postcopy-bytes': 0, 'mbps': 1082.1499199999998, 'transferred': 770752990, 'dirty-sync-missed-zero-copy': 0, 'precopy-bytes': 0, 'duplicate': 781123, 'dirty-pages-rate': 0, 'normal-bytes': 762232832, 'normal': 186092}}
QMP cmd [src7] query-migrate args={}
QMP reply [src7] query-migrate: {'expected-downtime': 300, 'status': 'active', 'setup-time': 3, 'total-time': 5825, 'ram': {'total': 8607571968, 'postcopy-requests': 0, 'dirty-sync-count': 1, 'multifd-bytes': 0, 'pages-per-second': 34270, 'downtime-bytes': 797806919, 'page-size': 4096, 'remaining': 4618313728, 'postcopy-bytes': 0, 'mbps': 1082.23848, 'transferred': 797807791, 'dirty-sync-missed-zero-copy': 0, 'precopy-bytes': 0, 'duplicate': 781256, 'dirty-pages-rate': 0, 'normal-bytes': 789233664, 'normal': 192684}}
QMP cmd [src7] query-migrate args={}
QMP reply [src7] query-migrate: {'expected-downtime': 300, 'status': 'active', 'setup-time': 3, 'total-time': 6026, 'ram': {'total': 8607571968, 'postcopy-requests': 0, 'dirty-sync-count': 1, 'multifd-bytes': 0, 'pages-per-second': 33020, 'downtime-bytes': 824862132, 'page-size': 4096, 'remaining': 4590571520, 'postcopy-bytes': 0, 'mbps': 1082.14848, 'transferred': 824863024, 'dirty-sync-missed-zero-copy': 0, 'precopy-bytes': 0, 'duplicate': 781437, 'dirty-pages-rate': 0, 'normal-bytes': 816234496, 'normal': 199276}}
QMP cmd [src7] query-migrate args={}
QMP reply [src7] query-migrate: {'expected-downtime': 300, 'status': 'active', 'setup-time': 3, 'total-time': 6227, 'ram': {'total': 8607571968, 'postcopy-requests': 0, 'dirty-sync-count': 1, 'multifd-bytes': 0, 'pages-per-second': 33060, 'downtime-bytes': 851923321, 'page-size': 4096, 'remaining': 4560109568, 'postcopy-bytes': 0, 'mbps': 1082.15136, 'transferred': 851924233, 'dirty-sync-missed-zero-copy': 0, 'precopy-bytes': 0, 'duplicate': 782282, 'dirty-pages-rate': 0, 'normal-bytes': 843235328, 'normal': 205868}}
QMP cmd [src7] query-migrate args={}
QMP reply [src7] query-migrate: {'expected-downtime': 300, 'status': 'active', 'setup-time': 3, 'total-time': 6428, 'ram': {'total': 8607571968, 'postcopy-requests': 0, 'dirty-sync-count': 1, 'multifd-bytes': 0, 'pages-per-second': 33190, 'downtime-bytes': 878977706, 'page-size': 4096, 'remaining': 4532744192, 'postcopy-bytes': 0, 'mbps': 1082.16072, 'transferred': 878978638, 'dirty-sync-missed-zero-copy': 0, 'precopy-bytes': 0, 'duplicate': 782371, 'dirty-pages-rate': 0, 'normal-bytes': 870236160, 'normal': 212460}}
QMP cmd [src7] query-migrate args={}
QMP reply [src7] query-migrate: {'expected-downtime': 300, 'status': 'active', 'setup-time': 3, 'total-time': 6629, 'ram': {'total': 8607571968, 'postcopy-requests': 0, 'dirty-sync-count': 1, 'multifd-bytes': 0, 'pages-per-second': 32980, 'downtime-bytes': 906031362, 'page-size': 4096, 'remaining': 4505710592, 'postcopy-bytes': 0, 'mbps': 1082.1456, 'transferred': 906032314, 'dirty-sync-missed-zero-copy': 0, 'precopy-bytes': 0, 'duplicate': 782379, 'dirty-pages-rate': 0, 'normal-bytes': 897236992, 'normal': 219052}}
QMP cmd [src7] query-migrate args={}
QMP reply [src7] query-migrate: {'expected-downtime': 300, 'status': 'active', 'setup-time': 3, 'total-time': 6830, 'ram': {'total': 8607571968, 'postcopy-requests': 0, 'dirty-sync-count': 1, 'multifd-bytes': 0, 'pages-per-second': 33000, 'downtime-bytes': 933084982, 'page-size': 4096, 'remaining': 4478693376, 'postcopy-bytes': 0, 'mbps': 1082.14704, 'transferred': 933085954, 'dirty-sync-missed-zero-copy': 0, 'precopy-bytes': 0, 'duplicate': 782383, 'dirty-pages-rate': 0, 'normal-bytes': 924237824, 'normal': 225644}}
2026-07-15 00:27:38.399261SSH command: ssh -o BatchMode=yes -o StrictHostKeyChecking=no -o UserKnownHostsFile=/dev/null -o ConnectTimeout=1 -o LogLevel=ERROR -p 2228 -i /home/max/.ssh/pgvm_bench user@127.0.0.1 test -f /tmp/bench.done
Return code: 255
Stdout: 
Stderr: Connection timed out during banner exchange

QMP cmd [src7] query-migrate args={}
QMP reply [src7] query-migrate: {'expected-downtime': 300, 'status': 'active', 'setup-time': 3, 'total-time': 7031, 'ram': {'total': 8607571968, 'postcopy-requests': 0, 'dirty-sync-count': 1, 'multifd-bytes': 0, 'pages-per-second': 33000, 'downtime-bytes': 960138620, 'page-size': 4096, 'remaining': 4451667968, 'postcopy-bytes': 0, 'mbps': 1082.14704, 'transferred': 960139612, 'dirty-sync-missed-zero-copy': 0, 'precopy-bytes': 0, 'duplicate': 782389, 'dirty-pages-rate': 0, 'normal-bytes': 951238656, 'normal': 232236}}
QMP cmd [src7] query-migrate args={}
QMP reply [src7] query-migrate: {'expected-downtime': 300, 'status': 'active', 'setup-time': 3, 'total-time': 7232, 'ram': {'total': 8607571968, 'postcopy-requests': 0, 'dirty-sync-count': 1, 'multifd-bytes': 0, 'pages-per-second': 33000, 'downtime-bytes': 987192276, 'page-size': 4096, 'remaining': 4424634368, 'postcopy-bytes': 0, 'mbps': 1082.14704, 'transferred': 987193288, 'dirty-sync-missed-zero-copy': 0, 'precopy-bytes': 0, 'duplicate': 782397, 'dirty-pages-rate': 0, 'normal-bytes': 978239488, 'normal': 238828}}
QMP cmd [src7] query-migrate args={}
QMP reply [src7] query-migrate: {'expected-downtime': 300, 'status': 'active', 'setup-time': 3, 'total-time': 7433, 'ram': {'total': 8607571968, 'postcopy-requests': 0, 'dirty-sync-count': 1, 'multifd-bytes': 0, 'pages-per-second': 32980, 'downtime-bytes': 1014245968, 'page-size': 4096, 'remaining': 4397584384, 'postcopy-bytes': 0, 'mbps': 1082.1456, 'transferred': 1014247000, 'dirty-sync-missed-zero-copy': 0, 'precopy-bytes': 0, 'duplicate': 782409, 'dirty-pages-rate': 0, 'normal-bytes': 1005240320, 'normal': 245420}}
QMP cmd [src7] query-migrate args={}
QMP reply [src7] query-migrate: {'expected-downtime': 300, 'status': 'active', 'setup-time': 3, 'total-time': 7634, 'ram': {'total': 8607571968, 'postcopy-requests': 0, 'dirty-sync-count': 1, 'multifd-bytes': 0, 'pages-per-second': 33020, 'downtime-bytes': 1041299678, 'page-size': 4096, 'remaining': 4370526208, 'postcopy-bytes': 0, 'mbps': 1082.14848, 'transferred': 1041300730, 'dirty-sync-missed-zero-copy': 0, 'precopy-bytes': 0, 'duplicate': 782423, 'dirty-pages-rate': 0, 'normal-bytes': 1032241152, 'normal': 252012}}
QMP cmd [src7] query-migrate args={}
QMP reply [src7] query-migrate: {'expected-downtime': 300, 'status': 'active', 'setup-time': 3, 'total-time': 7835, 'ram': {'total': 8607571968, 'postcopy-requests': 0, 'dirty-sync-count': 1, 'multifd-bytes': 0, 'pages-per-second': 32960, 'downtime-bytes': 1068353262, 'page-size': 4096, 'remaining': 4343525376, 'postcopy-bytes': 0, 'mbps': 1082.1441599999998, 'transferred': 1068354334, 'dirty-sync-missed-zero-copy': 0, 'precopy-bytes': 0, 'duplicate': 782423, 'dirty-pages-rate': 0, 'normal-bytes': 1059241984, 'normal': 258604}}
QMP cmd [src7] query-migrate args={}
QMP reply [src7] query-migrate: {'expected-downtime': 300, 'status': 'active', 'setup-time': 3, 'total-time': 8036, 'ram': {'total': 8607571968, 'postcopy-requests': 0, 'dirty-sync-count': 1, 'multifd-bytes': 0, 'pages-per-second': 32980, 'downtime-bytes': 1095406864, 'page-size': 4096, 'remaining': 4316516352, 'postcopy-bytes': 0, 'mbps': 1082.1456, 'transferred': 1095407956, 'dirty-sync-missed-zero-copy': 0, 'precopy-bytes': 0, 'duplicate': 782425, 'dirty-pages-rate': 0, 'normal-bytes': 1086242816, 'normal': 265196}}
QMP cmd [src7] query-migrate args={}
QMP reply [src7] query-migrate: {'expected-downtime': 300, 'status': 'active', 'setup-time': 3, 'total-time': 8237, 'ram': {'total': 8607571968, 'postcopy-requests': 0, 'dirty-sync-count': 1, 'multifd-bytes': 0, 'pages-per-second': 32960, 'downtime-bytes': 1122460466, 'page-size': 4096, 'remaining': 4289507328, 'postcopy-bytes': 0, 'mbps': 1082.1441599999998, 'transferred': 1122461578, 'dirty-sync-missed-zero-copy': 0, 'precopy-bytes': 0, 'duplicate': 782427, 'dirty-pages-rate': 0, 'normal-bytes': 1113243648, 'normal': 271788}}
QMP cmd [src7] query-migrate args={}
QMP reply [src7] query-migrate: {'expected-downtime': 300, 'status': 'active', 'setup-time': 3, 'total-time': 8438, 'ram': {'total': 8607571968, 'postcopy-requests': 0, 'dirty-sync-count': 1, 'multifd-bytes': 0, 'pages-per-second': 32980, 'downtime-bytes': 1149514068, 'page-size': 4096, 'remaining': 4262498304, 'postcopy-bytes': 0, 'mbps': 1082.1456, 'transferred': 1149515200, 'dirty-sync-missed-zero-copy': 0, 'precopy-bytes': 0, 'duplicate': 782429, 'dirty-pages-rate': 0, 'normal-bytes': 1140244480, 'normal': 278380}}
QMP cmd [src7] query-migrate args={}
QMP reply [src7] query-migrate: {'expected-downtime': 300, 'status': 'active', 'setup-time': 3, 'total-time': 8639, 'ram': {'total': 8607571968, 'postcopy-requests': 0, 'dirty-sync-count': 1, 'multifd-bytes': 0, 'pages-per-second': 33260, 'downtime-bytes': 1176567976, 'page-size': 4096, 'remaining': 4235350016, 'postcopy-bytes': 0, 'mbps': 1082.16576, 'transferred': 1176569128, 'dirty-sync-missed-zero-copy': 0, 'precopy-bytes': 0, 'duplicate': 782465, 'dirty-pages-rate': 0, 'normal-bytes': 1167245312, 'normal': 284972}}
QMP cmd [src7] query-migrate args={}
QMP reply [src7] query-migrate: {'expected-downtime': 300, 'status': 'active', 'setup-time': 3, 'total-time': 8840, 'ram': {'total': 8607571968, 'postcopy-requests': 0, 'dirty-sync-count': 1, 'multifd-bytes': 0, 'pages-per-second': 32980, 'downtime-bytes': 1203621596, 'page-size': 4096, 'remaining': 4208332800, 'postcopy-bytes': 0, 'mbps': 1082.1456, 'transferred': 1203622768, 'dirty-sync-missed-zero-copy': 0, 'precopy-bytes': 0, 'duplicate': 782469, 'dirty-pages-rate': 0, 'normal-bytes': 1194246144, 'normal': 291564}}
QMP cmd [src7] query-migrate args={}
QMP reply [src7] query-migrate: {'expected-downtime': 300, 'status': 'active', 'setup-time': 3, 'total-time': 9041, 'ram': {'total': 8607571968, 'postcopy-requests': 0, 'dirty-sync-count': 1, 'multifd-bytes': 0, 'pages-per-second': 32980, 'downtime-bytes': 1230682929, 'page-size': 4096, 'remaining': 4177805312, 'postcopy-bytes': 0, 'mbps': 1082.1456, 'transferred': 1230684121, 'dirty-sync-missed-zero-copy': 0, 'precopy-bytes': 0, 'duplicate': 783330, 'dirty-pages-rate': 0, 'normal-bytes': 1221246976, 'normal': 298156}}
QMP cmd [src7] query-migrate args={}
QMP reply [src7] query-migrate: {'expected-downtime': 300, 'status': 'active', 'setup-time': 3, 'total-time': 9242, 'ram': {'total': 8607571968, 'postcopy-requests': 0, 'dirty-sync-count': 1, 'multifd-bytes': 0, 'pages-per-second': 32980, 'downtime-bytes': 1257737251, 'page-size': 4096, 'remaining': 4150468608, 'postcopy-bytes': 0, 'mbps': 1082.1456, 'transferred': 1257738463, 'dirty-sync-missed-zero-copy': 0, 'precopy-bytes': 0, 'duplicate': 783412, 'dirty-pages-rate': 0, 'normal-bytes': 1248247808, 'normal': 304748}}
QMP cmd [src7] query-migrate args={}
QMP reply [src7] query-migrate: {'expected-downtime': 300, 'status': 'active', 'setup-time': 3, 'total-time': 9443, 'ram': {'total': 8607571968, 'postcopy-requests': 0, 'dirty-sync-count': 1, 'multifd-bytes': 0, 'pages-per-second': 32960, 'downtime-bytes': 1284790853, 'page-size': 4096, 'remaining': 4123459584, 'postcopy-bytes': 0, 'mbps': 1082.1441599999998, 'transferred': 1284792085, 'dirty-sync-missed-zero-copy': 0, 'precopy-bytes': 0, 'duplicate': 783414, 'dirty-pages-rate': 0, 'normal-bytes': 1275248640, 'normal': 311340}}
QMP cmd [src7] query-migrate args={}
QMP reply [src7] query-migrate: {'expected-downtime': 300, 'status': 'active', 'setup-time': 3, 'total-time': 9644, 'ram': {'total': 8607571968, 'postcopy-requests': 0, 'dirty-sync-count': 1, 'multifd-bytes': 0, 'pages-per-second': 32960, 'downtime-bytes': 1311844491, 'page-size': 4096, 'remaining': 4096434176, 'postcopy-bytes': 0, 'mbps': 1082.1441599999998, 'transferred': 1311845743, 'dirty-sync-missed-zero-copy': 0, 'precopy-bytes': 0, 'duplicate': 783420, 'dirty-pages-rate': 0, 'normal-bytes': 1302249472, 'normal': 317932}}
QMP cmd [src7] query-migrate args={}
QMP reply [src7] query-migrate: {'expected-downtime': 300, 'status': 'active', 'setup-time': 3, 'total-time': 9845, 'ram': {'total': 8607571968, 'postcopy-requests': 0, 'dirty-sync-count': 1, 'multifd-bytes': 0, 'pages-per-second': 32980, 'downtime-bytes': 1338898183, 'page-size': 4096, 'remaining': 4069384192, 'postcopy-bytes': 0, 'mbps': 1082.1456, 'transferred': 1338899455, 'dirty-sync-missed-zero-copy': 0, 'precopy-bytes': 0, 'duplicate': 783432, 'dirty-pages-rate': 0, 'normal-bytes': 1329250304, 'normal': 324524}}
2026-07-15 00:27:41.405153SSH command: ssh -o BatchMode=yes -o StrictHostKeyChecking=no -o UserKnownHostsFile=/dev/null -o ConnectTimeout=1 -o LogLevel=ERROR -p 2228 -i /home/max/.ssh/pgvm_bench user@127.0.0.1 test -f /tmp/bench.done
Return code: 255
Stdout: 
Stderr: Connection timed out during banner exchange

QMP cmd [src7] query-migrate args={}
QMP reply [src7] query-migrate: {'expected-downtime': 300, 'status': 'active', 'setup-time': 3, 'total-time': 10046, 'ram': {'total': 8607571968, 'postcopy-requests': 0, 'dirty-sync-count': 1, 'multifd-bytes': 0, 'pages-per-second': 32980, 'downtime-bytes': 1365951821, 'page-size': 4096, 'remaining': 4042358784, 'postcopy-bytes': 0, 'mbps': 1082.1456, 'transferred': 1365953113, 'dirty-sync-missed-zero-copy': 0, 'precopy-bytes': 0, 'duplicate': 783438, 'dirty-pages-rate': 0, 'normal-bytes': 1356251136, 'normal': 331116}}
QMP cmd [src7] query-migrate args={}
QMP reply [src7] query-migrate: {'expected-downtime': 300, 'status': 'active', 'setup-time': 3, 'total-time': 10247, 'ram': {'total': 8607571968, 'postcopy-requests': 0, 'dirty-sync-count': 1, 'multifd-bytes': 0, 'pages-per-second': 33000, 'downtime-bytes': 1393005477, 'page-size': 4096, 'remaining': 4015325184, 'postcopy-bytes': 0, 'mbps': 1082.14704, 'transferred': 1393006789, 'dirty-sync-missed-zero-copy': 0, 'precopy-bytes': 0, 'duplicate': 783446, 'dirty-pages-rate': 0, 'normal-bytes': 1383251968, 'normal': 337708}}
QMP cmd [src7] query-migrate args={}
QMP reply [src7] query-migrate: {'expected-downtime': 300, 'status': 'active', 'setup-time': 3, 'total-time': 10448, 'ram': {'total': 8607571968, 'postcopy-requests': 0, 'dirty-sync-count': 1, 'multifd-bytes': 0, 'pages-per-second': 33040, 'downtime-bytes': 1420059205, 'page-size': 4096, 'remaining': 3988258816, 'postcopy-bytes': 0, 'mbps': 1082.1499199999998, 'transferred': 1420060537, 'dirty-sync-missed-zero-copy': 0, 'precopy-bytes': 0, 'duplicate': 783462, 'dirty-pages-rate': 0, 'normal-bytes': 1410252800, 'normal': 344300}}
QMP cmd [src7] query-migrate args={}
QMP reply [src7] query-migrate: {'expected-downtime': 300, 'status': 'active', 'setup-time': 3, 'total-time': 10649, 'ram': {'total': 8607571968, 'postcopy-requests': 0, 'dirty-sync-count': 1, 'multifd-bytes': 0, 'pages-per-second': 33000, 'downtime-bytes': 1447112915, 'page-size': 4096, 'remaining': 3961200640, 'postcopy-bytes': 0, 'mbps': 1082.14704, 'transferred': 1447114267, 'dirty-sync-missed-zero-copy': 0, 'precopy-bytes': 0, 'duplicate': 783476, 'dirty-pages-rate': 0, 'normal-bytes': 1437253632, 'normal': 350892}}
QMP cmd [src7] query-migrate args={}
QMP reply [src7] query-migrate: {'expected-downtime': 300, 'status': 'active', 'setup-time': 3, 'total-time': 10850, 'ram': {'total': 8607571968, 'postcopy-requests': 0, 'dirty-sync-count': 1, 'multifd-bytes': 0, 'pages-per-second': 32980, 'downtime-bytes': 1474166571, 'page-size': 4096, 'remaining': 3934167040, 'postcopy-bytes': 0, 'mbps': 1082.1456, 'transferred': 1474167943, 'dirty-sync-missed-zero-copy': 0, 'precopy-bytes': 0, 'duplicate': 783484, 'dirty-pages-rate': 0, 'normal-bytes': 1464254464, 'normal': 357484}}
QMP cmd [src7] query-migrate args={}
QMP reply [src7] query-migrate: {'expected-downtime': 300, 'status': 'active', 'setup-time': 3, 'total-time': 11051, 'ram': {'total': 8607571968, 'postcopy-requests': 0, 'dirty-sync-count': 1, 'multifd-bytes': 0, 'pages-per-second': 33020, 'downtime-bytes': 1501220245, 'page-size': 4096, 'remaining': 3907125248, 'postcopy-bytes': 0, 'mbps': 1082.14848, 'transferred': 1501221637, 'dirty-sync-missed-zero-copy': 0, 'precopy-bytes': 0, 'duplicate': 783494, 'dirty-pages-rate': 0, 'normal-bytes': 1491255296, 'normal': 364076}}
QMP cmd [src7] query-migrate args={}
QMP reply [src7] query-migrate: {'expected-downtime': 300, 'status': 'active', 'setup-time': 3, 'total-time': 11252, 'ram': {'total': 8607571968, 'postcopy-requests': 0, 'dirty-sync-count': 1, 'multifd-bytes': 0, 'pages-per-second': 33020, 'downtime-bytes': 1528274045, 'page-size': 4096, 'remaining': 3880026112, 'postcopy-bytes': 0, 'mbps': 1082.14848, 'transferred': 1528275457, 'dirty-sync-missed-zero-copy': 0, 'precopy-bytes': 0, 'duplicate': 783518, 'dirty-pages-rate': 0, 'normal-bytes': 1518256128, 'normal': 370668}}
QMP cmd [src7] query-migrate args={}
QMP reply [src7] query-migrate: {'expected-downtime': 300, 'status': 'active', 'setup-time': 3, 'total-time': 11453, 'ram': {'total': 8607571968, 'postcopy-requests': 0, 'dirty-sync-count': 1, 'multifd-bytes': 0, 'pages-per-second': 33080, 'downtime-bytes': 1555327971, 'page-size': 4096, 'remaining': 3852869632, 'postcopy-bytes': 0, 'mbps': 1082.1528, 'transferred': 1555329403, 'dirty-sync-missed-zero-copy': 0, 'precopy-bytes': 0, 'duplicate': 783556, 'dirty-pages-rate': 0, 'normal-bytes': 1545256960, 'normal': 377260}}
QMP cmd [src7] query-migrate args={}
QMP reply [src7] query-migrate: {'expected-downtime': 300, 'status': 'active', 'setup-time': 3, 'total-time': 11654, 'ram': {'total': 8607571968, 'postcopy-requests': 0, 'dirty-sync-count': 1, 'multifd-bytes': 0, 'pages-per-second': 33300, 'downtime-bytes': 1582382509, 'page-size': 4096, 'remaining': 3825434624, 'postcopy-bytes': 0, 'mbps': 1082.1686399999999, 'transferred': 1582383961, 'dirty-sync-missed-zero-copy': 0, 'precopy-bytes': 0, 'duplicate': 783662, 'dirty-pages-rate': 0, 'normal-bytes': 1572257792, 'normal': 383852}}
QMP cmd [src7] query-migrate args={}
QMP reply [src7] query-migrate: {'expected-downtime': 300, 'status': 'active', 'setup-time': 3, 'total-time': 11855, 'ram': {'total': 8607571968, 'postcopy-requests': 0, 'dirty-sync-count': 1, 'multifd-bytes': 0, 'pages-per-second': 33520, 'downtime-bytes': 1609439279, 'page-size': 4096, 'remaining': 3796983808, 'postcopy-bytes': 0, 'mbps': 1082.18448, 'transferred': 1609440751, 'dirty-sync-missed-zero-copy': 0, 'precopy-bytes': 0, 'duplicate': 784016, 'dirty-pages-rate': 0, 'normal-bytes': 1599258624, 'normal': 390444}}
QMP cmd [src7] query-migrate args={}
QMP reply [src7] query-migrate: {'expected-downtime': 300, 'status': 'active', 'setup-time': 3, 'total-time': 12056, 'ram': {'total': 8607571968, 'postcopy-requests': 0, 'dirty-sync-count': 1, 'multifd-bytes': 0, 'pages-per-second': 37240, 'downtime-bytes': 1636500855, 'page-size': 4096, 'remaining': 3766345728, 'postcopy-bytes': 0, 'mbps': 1082.45232, 'transferred': 1636502347, 'dirty-sync-missed-zero-copy': 0, 'precopy-bytes': 0, 'duplicate': 784904, 'dirty-pages-rate': 0, 'normal-bytes': 1626259456, 'normal': 397036}}
QMP cmd [src7] query-migrate args={}
QMP reply [src7] query-migrate: {'expected-downtime': 300, 'status': 'active', 'setup-time': 3, 'total-time': 12257, 'ram': {'total': 8607571968, 'postcopy-requests': 0, 'dirty-sync-count': 1, 'multifd-bytes': 0, 'pages-per-second': 41810, 'downtime-bytes': 1663565770, 'page-size': 4096, 'remaining': 3734188032, 'postcopy-bytes': 0, 'mbps': 1082.7813600000002, 'transferred': 1663567282, 'dirty-sync-missed-zero-copy': 0, 'precopy-bytes': 0, 'duplicate': 786163, 'dirty-pages-rate': 0, 'normal-bytes': 1653260288, 'normal': 403628}}
QMP cmd [src7] query-migrate args={}
QMP reply [src7] query-migrate: {'expected-downtime': 300, 'status': 'active', 'setup-time': 3, 'total-time': 12458, 'ram': {'total': 8607571968, 'postcopy-requests': 0, 'dirty-sync-count': 1, 'multifd-bytes': 0, 'pages-per-second': 41500, 'downtime-bytes': 1690631306, 'page-size': 4096, 'remaining': 3701747712, 'postcopy-bytes': 0, 'mbps': 1082.7590400000001, 'transferred': 1690632838, 'dirty-sync-missed-zero-copy': 0, 'precopy-bytes': 0, 'duplicate': 787491, 'dirty-pages-rate': 0, 'normal-bytes': 1680261120, 'normal': 410220}}
QMP cmd [src7] query-migrate args={}
QMP reply [src7] query-migrate: {'expected-downtime': 300, 'status': 'active', 'setup-time': 3, 'total-time': 12659, 'ram': {'total': 8607571968, 'postcopy-requests': 0, 'dirty-sync-count': 1, 'multifd-bytes': 0, 'pages-per-second': 36700, 'downtime-bytes': 1717692810, 'page-size': 4096, 'remaining': 3671142400, 'postcopy-bytes': 0, 'mbps': 1082.41344, 'transferred': 1717694362, 'dirty-sync-missed-zero-copy': 0, 'precopy-bytes': 0, 'duplicate': 788371, 'dirty-pages-rate': 0, 'normal-bytes': 1707261952, 'normal': 416812}}
QMP cmd [src7] query-migrate args={}
QMP reply [src7] query-migrate: {'expected-downtime': 300, 'status': 'active', 'setup-time': 3, 'total-time': 12860, 'ram': {'total': 8607571968, 'postcopy-requests': 0, 'dirty-sync-count': 1, 'multifd-bytes': 0, 'pages-per-second': 37800, 'downtime-bytes': 1738072084, 'page-size': 4096, 'remaining': 984420352, 'postcopy-bytes': 0, 'mbps': 1082.49264, 'transferred': 1738042268, 'dirty-sync-missed-zero-copy': 0, 'precopy-bytes': 0, 'duplicate': 1440773, 'dirty-pages-rate': 0, 'normal-bytes': 1721741312, 'normal': 420347}}
2026-07-15 00:27:44.410707SSH command: ssh -o BatchMode=yes -o StrictHostKeyChecking=no -o UserKnownHostsFile=/dev/null -o ConnectTimeout=1 -o LogLevel=ERROR -p 2228 -i /home/max/.ssh/pgvm_bench user@127.0.0.1 test -f /tmp/bench.done
Return code: 255
Stdout: 
Stderr: Connection timed out during banner exchange

qemu-system-x86_64: terminating on signal 15 from pid 38411 (/home/max/Bachelor-Thesis/Repo/.venv/bin/python)
QMP cmd [src7] query-migrate args={}
QMP reply [src7] query-migrate: {'expected-downtime': 300, 'status': 'active', 'setup-time': 3, 'total-time': 13060, 'ram': {'total': 8607571968, 'postcopy-requests': 0, 'dirty-sync-count': 1, 'multifd-bytes': 0, 'pages-per-second': 34340, 'downtime-bytes': 1771771681, 'page-size': 4096, 'remaining': 139350016, 'postcopy-bytes': 0, 'mbps': 1082.24352, 'transferred': 1771773283, 'dirty-sync-missed-zero-copy': 0, 'precopy-bytes': 0, 'duplicate': 1639314, 'dirty-pages-rate': 0, 'normal-bytes': 1753591808, 'normal': 428123}}
QMP cmd [src7] query-migrate args={}
QMP reply [src7] query-migrate: {'expected-downtime': 300, 'status': 'active', 'setup-time': 3, 'total-time': 13261, 'ram': {'total': 8607571968, 'postcopy-requests': 0, 'dirty-sync-count': 1, 'multifd-bytes': 0, 'pages-per-second': 32960, 'downtime-bytes': 1798825265, 'page-size': 4096, 'remaining': 112349184, 'postcopy-bytes': 0, 'mbps': 1082.1441599999998, 'transferred': 1798826887, 'dirty-sync-missed-zero-copy': 0, 'precopy-bytes': 0, 'duplicate': 1639314, 'dirty-pages-rate': 0, 'normal-bytes': 1780592640, 'normal': 434715}}
QMP cmd [src7] query-migrate args={}
QMP reply [src7] query-migrate: {'expected-downtime': 300, 'status': 'active', 'setup-time': 3, 'total-time': 13462, 'ram': {'total': 8607571968, 'postcopy-requests': 0, 'dirty-sync-count': 1, 'multifd-bytes': 0, 'pages-per-second': 32960, 'downtime-bytes': 1825878849, 'page-size': 4096, 'remaining': 85348352, 'postcopy-bytes': 0, 'mbps': 1082.1441599999998, 'transferred': 1825880491, 'dirty-sync-missed-zero-copy': 0, 'precopy-bytes': 0, 'duplicate': 1639314, 'dirty-pages-rate': 0, 'normal-bytes': 1807593472, 'normal': 441307}}
QMP cmd [src7] query-migrate args={}
QMP reply [src7] query-migrate: {'expected-downtime': 300, 'status': 'active', 'setup-time': 3, 'total-time': 13663, 'ram': {'total': 8607571968, 'postcopy-requests': 0, 'dirty-sync-count': 1, 'multifd-bytes': 0, 'pages-per-second': 32960, 'downtime-bytes': 1852932433, 'page-size': 4096, 'remaining': 58347520, 'postcopy-bytes': 0, 'mbps': 1082.1441599999998, 'transferred': 1852934095, 'dirty-sync-missed-zero-copy': 0, 'precopy-bytes': 0, 'duplicate': 1639314, 'dirty-pages-rate': 0, 'normal-bytes': 1834594304, 'normal': 447899}}
QMP cmd [src7] query-migrate args={}
QMP reply [src7] query-migrate: {'expected-downtime': 300, 'status': 'active', 'setup-time': 3, 'total-time': 13864, 'ram': {'total': 8607571968, 'postcopy-requests': 0, 'dirty-sync-count': 1, 'multifd-bytes': 0, 'pages-per-second': 32960, 'downtime-bytes': 1879986017, 'page-size': 4096, 'remaining': 31346688, 'postcopy-bytes': 0, 'mbps': 1082.1441599999998, 'transferred': 1879987699, 'dirty-sync-missed-zero-copy': 0, 'precopy-bytes': 0, 'duplicate': 1639314, 'dirty-pages-rate': 0, 'normal-bytes': 1861595136, 'normal': 454491}}
QMP cmd [src7] query-migrate args={}
QMP reply [src7] query-migrate: {'status': 'completed', 'setup-time': 3, 'downtime': 8, 'total-time': 13912, 'ram': {'total': 8607571968, 'postcopy-requests': 0, 'dirty-sync-count': 3, 'multifd-bytes': 0, 'pages-per-second': 32633, 'downtime-bytes': 1894068127, 'page-size': 4096, 'remaining': 0, 'postcopy-bytes': 0, 'mbps': 1089.6477751096413, 'transferred': 1894488863, 'dirty-sync-missed-zero-copy': 0, 'precopy-bytes': 0, 'duplicate': 1643545, 'dirty-pages-rate': 0, 'normal-bytes': 1875611648, 'normal': 457913}}
