2026-07-15 00:11:25.117437SSH command: ssh -o BatchMode=yes -o StrictHostKeyChecking=no -o UserKnownHostsFile=/dev/null -o ConnectTimeout=1 -o LogLevel=ERROR -p 2225 -i /home/max/.ssh/pgvm_bench user@127.0.0.1 systemd-analyze
Return code: 0
Stdout: Startup finished in 795ms (kernel) + 2.216s (userspace) = 3.012s 
graphical.target reached after 2.216s in userspace.

Stderr: 
2026-07-15 00:11:25.269714SSH command: ssh -o BatchMode=yes -o StrictHostKeyChecking=no -o UserKnownHostsFile=/dev/null -o ConnectTimeout=1 -o LogLevel=ERROR -p 2225 -i /home/max/.ssh/pgvm_bench user@127.0.0.1 rm -f /tmp/bench.done /tmp/pg-buffer-hit-ratio.csv /tmp/pg-buffer-sampler.log; nohup bash /home/user/pg_sampler.sh /tmp/bench.done /tmp/pg-buffer-hit-ratio.csv ycsb >/tmp/pg-buffer-sampler.log 2>&1 &
Return code: 0
Stdout: 
Stderr: 
QMP cmd [src4] stop args={}
QMP cmd [src4] query-migrate args={}
QMP reply [src4] stop: {}
QMP cmd [src4] migrate-set-capabilities args={'capabilities': [{'capability': 'auto-converge', 'state': False}, {'capability': 'events', 'state': True}, {'capability': 'postcopy-blocktime', 'state': False}, {'capability': 'postcopy-ram', 'state': False}]}
QMP reply [src4] query-migrate: {}
QMP reply [src4] migrate-set-capabilities: {}
QMP cmd [src4] migrate args={'uri': 'unix:/tmp/mig.sock'}
QMP reply [src4] migrate: {}
QMP cmd [src4] query-migrate args={}
QMP reply [src4] query-migrate: {'expected-downtime': 300, 'status': 'active', 'setup-time': 1, 'total-time': 200, 'ram': {'total': 8607571968, 'postcopy-requests': 0, 'dirty-sync-count': 1, 'multifd-bytes': 0, 'pages-per-second': 35530, 'downtime-bytes': 28762978, 'page-size': 4096, 'remaining': 8576036864, 'postcopy-bytes': 0, 'mbps': 1082.3292, 'transferred': 28636058, 'dirty-sync-missed-zero-copy': 0, 'precopy-bytes': 0, 'duplicate': 691, 'dirty-pages-rate': 0, 'normal-bytes': 28700672, 'normal': 7007}}
QMP cmd [src4] query-migrate args={}
QMP reply [src4] query-migrate: {'expected-downtime': 300, 'status': 'active', 'setup-time': 1, 'total-time': 401, 'ram': {'total': 8607571968, 'postcopy-requests': 0, 'dirty-sync-count': 1, 'multifd-bytes': 0, 'pages-per-second': 2045870, 'downtime-bytes': 57398879, 'page-size': 4096, 'remaining': 7685402624, 'postcopy-bytes': 0, 'mbps': 1074.08448, 'transferred': 57271979, 'dirty-sync-missed-zero-copy': 0, 'precopy-bytes': 0, 'duplicate': 211616, 'dirty-pages-rate': 0, 'normal-bytes': 55386112, 'normal': 13522}}
QMP cmd [src4] query-migrate args={}
QMP reply [src4] query-migrate: {'expected-downtime': 300, 'status': 'active', 'setup-time': 1, 'total-time': 602, 'ram': {'total': 8607571968, 'postcopy-requests': 0, 'dirty-sync-count': 1, 'multifd-bytes': 0, 'pages-per-second': 127960, 'downtime-bytes': 89077320, 'page-size': 4096, 'remaining': 5350436864, 'postcopy-bytes': 0, 'mbps': 1078.17336, 'transferred': 88950440, 'dirty-sync-missed-zero-copy': 0, 'precopy-bytes': 0, 'duplicate': 775193, 'dirty-pages-rate': 0, 'normal-bytes': 81940480, 'normal': 20005}}
QMP cmd [src4] query-migrate args={}
QMP reply [src4] query-migrate: {'expected-downtime': 300, 'status': 'active', 'setup-time': 1, 'total-time': 803, 'ram': {'total': 8607571968, 'postcopy-requests': 0, 'dirty-sync-count': 1, 'multifd-bytes': 0, 'pages-per-second': 63500, 'downtime-bytes': 121440166, 'page-size': 4096, 'remaining': 5294510080, 'postcopy-bytes': 0, 'mbps': 1073.85984, 'transferred': 121440538, 'dirty-sync-missed-zero-copy': 0, 'precopy-bytes': 0, 'duplicate': 780975, 'dirty-pages-rate': 0, 'normal-bytes': 114188288, 'normal': 27878}}
QMP cmd [src4] query-migrate args={}
QMP reply [src4] query-migrate: {'expected-downtime': 300, 'status': 'active', 'setup-time': 1, 'total-time': 1004, 'ram': {'total': 8607571968, 'postcopy-requests': 0, 'dirty-sync-count': 1, 'multifd-bytes': 0, 'pages-per-second': 38000, 'downtime-bytes': 148501868, 'page-size': 4096, 'remaining': 5263814656, 'postcopy-bytes': 0, 'mbps': 1082.50704, 'transferred': 148502260, 'dirty-sync-missed-zero-copy': 0, 'precopy-bytes': 0, 'duplicate': 781877, 'dirty-pages-rate': 0, 'normal-bytes': 141189120, 'normal': 34470}}
2026-07-15 00:13:56.517977SSH command: ssh -o BatchMode=yes -o StrictHostKeyChecking=no -o UserKnownHostsFile=/dev/null -o ConnectTimeout=1 -o LogLevel=ERROR -p 2225 -i /home/max/.ssh/pgvm_bench user@127.0.0.1 test -f /tmp/bench.done
Return code: 255
Stdout: 
Stderr: Connection timed out during banner exchange

QMP cmd [src4] query-migrate args={}
QMP reply [src4] query-migrate: {'expected-downtime': 300, 'status': 'active', 'setup-time': 1, 'total-time': 1205, 'ram': {'total': 8607571968, 'postcopy-requests': 0, 'dirty-sync-count': 1, 'multifd-bytes': 0, 'pages-per-second': 32960, 'downtime-bytes': 175555587, 'page-size': 4096, 'remaining': 5236752384, 'postcopy-bytes': 0, 'mbps': 1082.1441599999998, 'transferred': 175555999, 'dirty-sync-missed-zero-copy': 0, 'precopy-bytes': 0, 'duplicate': 781892, 'dirty-pages-rate': 0, 'normal-bytes': 168189952, 'normal': 41062}}
QMP cmd [src4] query-migrate args={}
QMP reply [src4] query-migrate: {'expected-downtime': 300, 'status': 'active', 'setup-time': 1, 'total-time': 1406, 'ram': {'total': 8607571968, 'postcopy-requests': 0, 'dirty-sync-count': 1, 'multifd-bytes': 0, 'pages-per-second': 38840, 'downtime-bytes': 202624210, 'page-size': 4096, 'remaining': 5202907136, 'postcopy-bytes': 0, 'mbps': 1082.56752, 'transferred': 202624642, 'dirty-sync-missed-zero-copy': 0, 'precopy-bytes': 0, 'duplicate': 783563, 'dirty-pages-rate': 0, 'normal-bytes': 195190784, 'normal': 47654}}
QMP cmd [src4] query-migrate args={}
QMP reply [src4] query-migrate: {'expected-downtime': 300, 'status': 'active', 'setup-time': 1, 'total-time': 1607, 'ram': {'total': 8607571968, 'postcopy-requests': 0, 'dirty-sync-count': 1, 'multifd-bytes': 0, 'pages-per-second': 33280, 'downtime-bytes': 229703165, 'page-size': 4096, 'remaining': 5164359680, 'postcopy-bytes': 0, 'mbps': 1082.1671999999999, 'transferred': 229703617, 'dirty-sync-missed-zero-copy': 0, 'precopy-bytes': 0, 'duplicate': 786382, 'dirty-pages-rate': 0, 'normal-bytes': 222191616, 'normal': 54246}}
QMP cmd [src4] query-migrate args={}
QMP reply [src4] query-migrate: {'expected-downtime': 300, 'status': 'active', 'setup-time': 1, 'total-time': 1808, 'ram': {'total': 8607571968, 'postcopy-requests': 0, 'dirty-sync-count': 1, 'multifd-bytes': 0, 'pages-per-second': 46530, 'downtime-bytes': 256770672, 'page-size': 4096, 'remaining': 5131022336, 'postcopy-bytes': 0, 'mbps': 1083.1212, 'transferred': 256771144, 'dirty-sync-missed-zero-copy': 0, 'precopy-bytes': 0, 'duplicate': 787929, 'dirty-pages-rate': 0, 'normal-bytes': 249192448, 'normal': 60838}}
QMP cmd [src4] query-migrate args={}
QMP reply [src4] query-migrate: {'expected-downtime': 300, 'status': 'active', 'setup-time': 1, 'total-time': 2009, 'ram': {'total': 8607571968, 'postcopy-requests': 0, 'dirty-sync-count': 1, 'multifd-bytes': 0, 'pages-per-second': 33050, 'downtime-bytes': 283826713, 'page-size': 4096, 'remaining': 5102903296, 'postcopy-bytes': 0, 'mbps': 1082.1506399999998, 'transferred': 283827205, 'dirty-sync-missed-zero-copy': 0, 'precopy-bytes': 0, 'duplicate': 788202, 'dirty-pages-rate': 0, 'normal-bytes': 276193280, 'normal': 67430}}
QMP cmd [src4] query-migrate args={}
QMP reply [src4] query-migrate: {'expected-downtime': 300, 'status': 'active', 'setup-time': 1, 'total-time': 2209, 'ram': {'total': 8607571968, 'postcopy-requests': 0, 'dirty-sync-count': 1, 'multifd-bytes': 0, 'pages-per-second': 33060, 'downtime-bytes': 310889000, 'page-size': 4096, 'remaining': 5071941632, 'postcopy-bytes': 0, 'mbps': 1082.15136, 'transferred': 310889512, 'dirty-sync-missed-zero-copy': 0, 'precopy-bytes': 0, 'duplicate': 789169, 'dirty-pages-rate': 0, 'normal-bytes': 303194112, 'normal': 74022}}
QMP cmd [src4] query-migrate args={}
QMP reply [src4] query-migrate: {'expected-downtime': 300, 'status': 'active', 'setup-time': 1, 'total-time': 2411, 'ram': {'total': 8607571968, 'postcopy-requests': 0, 'dirty-sync-count': 1, 'multifd-bytes': 0, 'pages-per-second': 53920, 'downtime-bytes': 337971267, 'page-size': 4096, 'remaining': 5031886848, 'postcopy-bytes': 0, 'mbps': 1083.65328, 'transferred': 337971799, 'dirty-sync-missed-zero-copy': 0, 'precopy-bytes': 0, 'duplicate': 792356, 'dirty-pages-rate': 0, 'normal-bytes': 330194944, 'normal': 80614}}
QMP cmd [src4] query-migrate args={}
QMP reply [src4] query-migrate: {'expected-downtime': 300, 'status': 'active', 'setup-time': 1, 'total-time': 2612, 'ram': {'total': 8607571968, 'postcopy-requests': 0, 'dirty-sync-count': 1, 'multifd-bytes': 0, 'pages-per-second': 32990, 'downtime-bytes': 365024887, 'page-size': 4096, 'remaining': 5004869632, 'postcopy-bytes': 0, 'mbps': 1082.14632, 'transferred': 365025439, 'dirty-sync-missed-zero-copy': 0, 'precopy-bytes': 0, 'duplicate': 792360, 'dirty-pages-rate': 0, 'normal-bytes': 357195776, 'normal': 87206}}
QMP cmd [src4] query-migrate args={}
QMP reply [src4] query-migrate: {'expected-downtime': 300, 'status': 'active', 'setup-time': 1, 'total-time': 2813, 'ram': {'total': 8607571968, 'postcopy-requests': 0, 'dirty-sync-count': 1, 'multifd-bytes': 0, 'pages-per-second': 33640, 'downtime-bytes': 392079083, 'page-size': 4096, 'remaining': 4977590272, 'postcopy-bytes': 0, 'mbps': 1082.1931200000001, 'transferred': 392079655, 'dirty-sync-missed-zero-copy': 0, 'precopy-bytes': 0, 'duplicate': 792428, 'dirty-pages-rate': 0, 'normal-bytes': 384196608, 'normal': 93798}}
QMP cmd [src4] query-migrate args={}
QMP reply [src4] query-migrate: {'expected-downtime': 300, 'status': 'active', 'setup-time': 1, 'total-time': 3014, 'ram': {'total': 8607571968, 'postcopy-requests': 0, 'dirty-sync-count': 1, 'multifd-bytes': 0, 'pages-per-second': 34680, 'downtime-bytes': 419139498, 'page-size': 4096, 'remaining': 4947480576, 'postcopy-bytes': 0, 'mbps': 1082.268, 'transferred': 419140090, 'dirty-sync-missed-zero-copy': 0, 'precopy-bytes': 0, 'duplicate': 793187, 'dirty-pages-rate': 0, 'normal-bytes': 411197440, 'normal': 100390}}
QMP cmd [src4] query-migrate args={}
QMP reply [src4] query-migrate: {'expected-downtime': 300, 'status': 'active', 'setup-time': 1, 'total-time': 3215, 'ram': {'total': 8607571968, 'postcopy-requests': 0, 'dirty-sync-count': 1, 'multifd-bytes': 0, 'pages-per-second': 33580, 'downtime-bytes': 446194099, 'page-size': 4096, 'remaining': 4920016896, 'postcopy-bytes': 0, 'mbps': 1082.1888000000001, 'transferred': 446194711, 'dirty-sync-missed-zero-copy': 0, 'precopy-bytes': 0, 'duplicate': 793300, 'dirty-pages-rate': 0, 'normal-bytes': 438198272, 'normal': 106982}}
QMP cmd [src4] query-migrate args={}
QMP reply [src4] query-migrate: {'expected-downtime': 300, 'status': 'active', 'setup-time': 1, 'total-time': 3416, 'ram': {'total': 8607571968, 'postcopy-requests': 0, 'dirty-sync-count': 1, 'multifd-bytes': 0, 'pages-per-second': 34690, 'downtime-bytes': 473249285, 'page-size': 4096, 'remaining': 4892286976, 'postcopy-bytes': 0, 'mbps': 1082.26872, 'transferred': 473249917, 'dirty-sync-missed-zero-copy': 0, 'precopy-bytes': 0, 'duplicate': 793478, 'dirty-pages-rate': 0, 'normal-bytes': 465199104, 'normal': 113574}}
QMP cmd [src4] query-migrate args={}
QMP reply [src4] query-migrate: {'expected-downtime': 300, 'status': 'active', 'setup-time': 1, 'total-time': 3617, 'ram': {'total': 8607571968, 'postcopy-requests': 0, 'dirty-sync-count': 1, 'multifd-bytes': 0, 'pages-per-second': 33460, 'downtime-bytes': 500303571, 'page-size': 4096, 'remaining': 4864966656, 'postcopy-bytes': 0, 'mbps': 1082.18016, 'transferred': 500304223, 'dirty-sync-missed-zero-copy': 0, 'precopy-bytes': 0, 'duplicate': 793556, 'dirty-pages-rate': 0, 'normal-bytes': 492199936, 'normal': 120166}}
QMP cmd [src4] query-migrate args={}
QMP reply [src4] query-migrate: {'expected-downtime': 300, 'status': 'active', 'setup-time': 1, 'total-time': 3818, 'ram': {'total': 8607571968, 'postcopy-requests': 0, 'dirty-sync-count': 1, 'multifd-bytes': 0, 'pages-per-second': 33100, 'downtime-bytes': 527357380, 'page-size': 4096, 'remaining': 4837863424, 'postcopy-bytes': 0, 'mbps': 1082.15424, 'transferred': 527358052, 'dirty-sync-missed-zero-copy': 0, 'precopy-bytes': 0, 'duplicate': 793581, 'dirty-pages-rate': 0, 'normal-bytes': 519200768, 'normal': 126758}}
2026-07-15 00:13:59.523701SSH command: ssh -o BatchMode=yes -o StrictHostKeyChecking=no -o UserKnownHostsFile=/dev/null -o ConnectTimeout=1 -o LogLevel=ERROR -p 2225 -i /home/max/.ssh/pgvm_bench user@127.0.0.1 test -f /tmp/bench.done
Return code: 255
Stdout: 
Stderr: Connection timed out during banner exchange

QMP cmd [src4] query-migrate args={}
QMP reply [src4] query-migrate: {'expected-downtime': 300, 'status': 'active', 'setup-time': 1, 'total-time': 4021, 'ram': {'total': 8607571968, 'postcopy-requests': 0, 'dirty-sync-count': 1, 'multifd-bytes': 0, 'pages-per-second': 33970, 'downtime-bytes': 554412782, 'page-size': 4096, 'remaining': 4810035200, 'postcopy-bytes': 0, 'mbps': 1082.21688, 'transferred': 554413474, 'dirty-sync-missed-zero-copy': 0, 'precopy-bytes': 0, 'duplicate': 793783, 'dirty-pages-rate': 0, 'normal-bytes': 546201600, 'normal': 133350}}
QMP cmd [src4] query-migrate args={}
QMP reply [src4] query-migrate: {'expected-downtime': 300, 'status': 'active', 'setup-time': 1, 'total-time': 4222, 'ram': {'total': 8607571968, 'postcopy-requests': 0, 'dirty-sync-count': 1, 'multifd-bytes': 0, 'pages-per-second': 33100, 'downtime-bytes': 581466600, 'page-size': 4096, 'remaining': 4782927872, 'postcopy-bytes': 0, 'mbps': 1082.15424, 'transferred': 581467312, 'dirty-sync-missed-zero-copy': 0, 'precopy-bytes': 0, 'duplicate': 793809, 'dirty-pages-rate': 0, 'normal-bytes': 573202432, 'normal': 139942}}
QMP cmd [src4] query-migrate args={}
QMP reply [src4] query-migrate: {'expected-downtime': 300, 'status': 'active', 'setup-time': 1, 'total-time': 4423, 'ram': {'total': 8607571968, 'postcopy-requests': 0, 'dirty-sync-count': 1, 'multifd-bytes': 0, 'pages-per-second': 33090, 'downtime-bytes': 608520886, 'page-size': 4096, 'remaining': 4755607552, 'postcopy-bytes': 0, 'mbps': 1082.15352, 'transferred': 608521618, 'dirty-sync-missed-zero-copy': 0, 'precopy-bytes': 0, 'duplicate': 793887, 'dirty-pages-rate': 0, 'normal-bytes': 600203264, 'normal': 146534}}
QMP cmd [src4] query-migrate args={}
QMP reply [src4] query-migrate: {'expected-downtime': 300, 'status': 'active', 'setup-time': 1, 'total-time': 4624, 'ram': {'total': 8607571968, 'postcopy-requests': 0, 'dirty-sync-count': 1, 'multifd-bytes': 0, 'pages-per-second': 33580, 'downtime-bytes': 635575064, 'page-size': 4096, 'remaining': 4728336384, 'postcopy-bytes': 0, 'mbps': 1082.1888000000001, 'transferred': 635575816, 'dirty-sync-missed-zero-copy': 0, 'precopy-bytes': 0, 'duplicate': 793953, 'dirty-pages-rate': 0, 'normal-bytes': 627204096, 'normal': 153126}}
QMP cmd [src4] query-migrate args={}
QMP reply [src4] query-migrate: {'expected-downtime': 300, 'status': 'active', 'setup-time': 1, 'total-time': 4825, 'ram': {'total': 8607571968, 'postcopy-requests': 0, 'dirty-sync-count': 1, 'multifd-bytes': 0, 'pages-per-second': 33130, 'downtime-bytes': 662628819, 'page-size': 4096, 'remaining': 4701257728, 'postcopy-bytes': 0, 'mbps': 1082.1563999999998, 'transferred': 662629591, 'dirty-sync-missed-zero-copy': 0, 'precopy-bytes': 0, 'duplicate': 793972, 'dirty-pages-rate': 0, 'normal-bytes': 654204928, 'normal': 159718}}
QMP cmd [src4] query-migrate args={}
QMP reply [src4] query-migrate: {'expected-downtime': 300, 'status': 'active', 'setup-time': 1, 'total-time': 5026, 'ram': {'total': 8607571968, 'postcopy-requests': 0, 'dirty-sync-count': 1, 'multifd-bytes': 0, 'pages-per-second': 33040, 'downtime-bytes': 689691745, 'page-size': 4096, 'remaining': 4670005248, 'postcopy-bytes': 0, 'mbps': 1082.1499199999998, 'transferred': 689692537, 'dirty-sync-missed-zero-copy': 0, 'precopy-bytes': 0, 'duplicate': 795010, 'dirty-pages-rate': 0, 'normal-bytes': 681205760, 'normal': 166310}}
QMP cmd [src4] query-migrate args={}
QMP reply [src4] query-migrate: {'expected-downtime': 300, 'status': 'active', 'setup-time': 1, 'total-time': 5227, 'ram': {'total': 8607571968, 'postcopy-requests': 0, 'dirty-sync-count': 1, 'multifd-bytes': 0, 'pages-per-second': 33820, 'downtime-bytes': 716746121, 'page-size': 4096, 'remaining': 4642643968, 'postcopy-bytes': 0, 'mbps': 1082.2060800000002, 'transferred': 716746933, 'dirty-sync-missed-zero-copy': 0, 'precopy-bytes': 0, 'duplicate': 795098, 'dirty-pages-rate': 0, 'normal-bytes': 708206592, 'normal': 172902}}
QMP cmd [src4] query-migrate args={}
QMP reply [src4] query-migrate: {'expected-downtime': 300, 'status': 'active', 'setup-time': 1, 'total-time': 5428, 'ram': {'total': 8607571968, 'postcopy-requests': 0, 'dirty-sync-count': 1, 'multifd-bytes': 0, 'pages-per-second': 35960, 'downtime-bytes': 743802441, 'page-size': 4096, 'remaining': 4614397952, 'postcopy-bytes': 0, 'mbps': 1082.36016, 'transferred': 743803273, 'dirty-sync-missed-zero-copy': 0, 'precopy-bytes': 0, 'duplicate': 795402, 'dirty-pages-rate': 0, 'normal-bytes': 735207424, 'normal': 179494}}
QMP cmd [src4] query-migrate args={}
QMP reply [src4] query-migrate: {'expected-downtime': 300, 'status': 'active', 'setup-time': 1, 'total-time': 5629, 'ram': {'total': 8607571968, 'postcopy-requests': 0, 'dirty-sync-count': 1, 'multifd-bytes': 0, 'pages-per-second': 32960, 'downtime-bytes': 770856025, 'page-size': 4096, 'remaining': 4587397120, 'postcopy-bytes': 0, 'mbps': 1082.1441599999998, 'transferred': 770856877, 'dirty-sync-missed-zero-copy': 0, 'precopy-bytes': 0, 'duplicate': 795402, 'dirty-pages-rate': 0, 'normal-bytes': 762208256, 'normal': 186086}}
QMP cmd [src4] query-migrate args={}
QMP reply [src4] query-migrate: {'expected-downtime': 300, 'status': 'active', 'setup-time': 1, 'total-time': 5830, 'ram': {'total': 8607571968, 'postcopy-requests': 0, 'dirty-sync-count': 1, 'multifd-bytes': 0, 'pages-per-second': 33180, 'downtime-bytes': 797909852, 'page-size': 4096, 'remaining': 4560285696, 'postcopy-bytes': 0, 'mbps': 1082.16, 'transferred': 797910724, 'dirty-sync-missed-zero-copy': 0, 'precopy-bytes': 0, 'duplicate': 795429, 'dirty-pages-rate': 0, 'normal-bytes': 789209088, 'normal': 192678}}
QMP cmd [src4] query-migrate args={}
QMP reply [src4] query-migrate: {'expected-downtime': 300, 'status': 'active', 'setup-time': 1, 'total-time': 6031, 'ram': {'total': 8607571968, 'postcopy-requests': 0, 'dirty-sync-count': 1, 'multifd-bytes': 0, 'pages-per-second': 33040, 'downtime-bytes': 824963562, 'page-size': 4096, 'remaining': 4533227520, 'postcopy-bytes': 0, 'mbps': 1082.1499199999998, 'transferred': 824964454, 'dirty-sync-missed-zero-copy': 0, 'precopy-bytes': 0, 'duplicate': 795443, 'dirty-pages-rate': 0, 'normal-bytes': 816209920, 'normal': 199270}}
QMP cmd [src4] query-migrate args={}
QMP reply [src4] query-migrate: {'expected-downtime': 300, 'status': 'active', 'setup-time': 1, 'total-time': 6232, 'ram': {'total': 8607571968, 'postcopy-requests': 0, 'dirty-sync-count': 1, 'multifd-bytes': 0, 'pages-per-second': 32980, 'downtime-bytes': 852017200, 'page-size': 4096, 'remaining': 4506202112, 'postcopy-bytes': 0, 'mbps': 1082.1456, 'transferred': 852018112, 'dirty-sync-missed-zero-copy': 0, 'precopy-bytes': 0, 'duplicate': 795449, 'dirty-pages-rate': 0, 'normal-bytes': 843210752, 'normal': 205862}}
QMP cmd [src4] query-migrate args={}
QMP reply [src4] query-migrate: {'expected-downtime': 300, 'status': 'active', 'setup-time': 1, 'total-time': 6433, 'ram': {'total': 8607571968, 'postcopy-requests': 0, 'dirty-sync-count': 1, 'multifd-bytes': 0, 'pages-per-second': 33020, 'downtime-bytes': 879070856, 'page-size': 4096, 'remaining': 4479168512, 'postcopy-bytes': 0, 'mbps': 1082.14848, 'transferred': 879071788, 'dirty-sync-missed-zero-copy': 0, 'precopy-bytes': 0, 'duplicate': 795457, 'dirty-pages-rate': 0, 'normal-bytes': 870211584, 'normal': 212454}}
QMP cmd [src4] query-migrate args={}
QMP reply [src4] query-migrate: {'expected-downtime': 300, 'status': 'active', 'setup-time': 1, 'total-time': 6634, 'ram': {'total': 8607571968, 'postcopy-requests': 0, 'dirty-sync-count': 1, 'multifd-bytes': 0, 'pages-per-second': 32960, 'downtime-bytes': 906124440, 'page-size': 4096, 'remaining': 4452167680, 'postcopy-bytes': 0, 'mbps': 1082.1441599999998, 'transferred': 906125392, 'dirty-sync-missed-zero-copy': 0, 'precopy-bytes': 0, 'duplicate': 795457, 'dirty-pages-rate': 0, 'normal-bytes': 897212416, 'normal': 219046}}
QMP cmd [src4] query-migrate args={}
QMP reply [src4] query-migrate: {'expected-downtime': 300, 'status': 'active', 'setup-time': 1, 'total-time': 6835, 'ram': {'total': 8607571968, 'postcopy-requests': 0, 'dirty-sync-count': 1, 'multifd-bytes': 0, 'pages-per-second': 33040, 'downtime-bytes': 933178618, 'page-size': 4096, 'remaining': 4424896512, 'postcopy-bytes': 0, 'mbps': 1082.1499199999998, 'transferred': 933179590, 'dirty-sync-missed-zero-copy': 0, 'precopy-bytes': 0, 'duplicate': 795523, 'dirty-pages-rate': 0, 'normal-bytes': 924213248, 'normal': 225638}}
2026-07-15 00:14:02.529138SSH command: ssh -o BatchMode=yes -o StrictHostKeyChecking=no -o UserKnownHostsFile=/dev/null -o ConnectTimeout=1 -o LogLevel=ERROR -p 2225 -i /home/max/.ssh/pgvm_bench user@127.0.0.1 test -f /tmp/bench.done
Return code: 255
Stdout: 
Stderr: Connection timed out during banner exchange

QMP cmd [src4] query-migrate args={}
QMP reply [src4] query-migrate: {'expected-downtime': 300, 'status': 'active', 'setup-time': 1, 'total-time': 7036, 'ram': {'total': 8607571968, 'postcopy-requests': 0, 'dirty-sync-count': 1, 'multifd-bytes': 0, 'pages-per-second': 33000, 'downtime-bytes': 960232274, 'page-size': 4096, 'remaining': 4397862912, 'postcopy-bytes': 0, 'mbps': 1082.14704, 'transferred': 960233266, 'dirty-sync-missed-zero-copy': 0, 'precopy-bytes': 0, 'duplicate': 795531, 'dirty-pages-rate': 0, 'normal-bytes': 951214080, 'normal': 232230}}
QMP cmd [src4] query-migrate args={}
QMP reply [src4] query-migrate: {'expected-downtime': 300, 'status': 'active', 'setup-time': 1, 'total-time': 7237, 'ram': {'total': 8607571968, 'postcopy-requests': 0, 'dirty-sync-count': 1, 'multifd-bytes': 0, 'pages-per-second': 33020, 'downtime-bytes': 987291717, 'page-size': 4096, 'remaining': 4368195584, 'postcopy-bytes': 0, 'mbps': 1082.14848, 'transferred': 987292729, 'dirty-sync-missed-zero-copy': 0, 'precopy-bytes': 0, 'duplicate': 796182, 'dirty-pages-rate': 0, 'normal-bytes': 978214912, 'normal': 238822}}
QMP cmd [src4] query-migrate args={}
QMP reply [src4] query-migrate: {'expected-downtime': 300, 'status': 'active', 'setup-time': 1, 'total-time': 7438, 'ram': {'total': 8607571968, 'postcopy-requests': 0, 'dirty-sync-count': 1, 'multifd-bytes': 0, 'pages-per-second': 32960, 'downtime-bytes': 1014345319, 'page-size': 4096, 'remaining': 4341186560, 'postcopy-bytes': 0, 'mbps': 1082.1441599999998, 'transferred': 1014346351, 'dirty-sync-missed-zero-copy': 0, 'precopy-bytes': 0, 'duplicate': 796184, 'dirty-pages-rate': 0, 'normal-bytes': 1005215744, 'normal': 245414}}
QMP cmd [src4] query-migrate args={}
QMP reply [src4] query-migrate: {'expected-downtime': 300, 'status': 'active', 'setup-time': 1, 'total-time': 7639, 'ram': {'total': 8607571968, 'postcopy-requests': 0, 'dirty-sync-count': 1, 'multifd-bytes': 0, 'pages-per-second': 33020, 'downtime-bytes': 1041398957, 'page-size': 4096, 'remaining': 4314161152, 'postcopy-bytes': 0, 'mbps': 1082.14848, 'transferred': 1041400009, 'dirty-sync-missed-zero-copy': 0, 'precopy-bytes': 0, 'duplicate': 796190, 'dirty-pages-rate': 0, 'normal-bytes': 1032216576, 'normal': 252006}}
QMP cmd [src4] query-migrate args={}
QMP reply [src4] query-migrate: {'expected-downtime': 300, 'status': 'active', 'setup-time': 1, 'total-time': 7840, 'ram': {'total': 8607571968, 'postcopy-requests': 0, 'dirty-sync-count': 1, 'multifd-bytes': 0, 'pages-per-second': 33380, 'downtime-bytes': 1068452973, 'page-size': 4096, 'remaining': 4286963712, 'postcopy-bytes': 0, 'mbps': 1082.1743999999999, 'transferred': 1068454045, 'dirty-sync-missed-zero-copy': 0, 'precopy-bytes': 0, 'duplicate': 796238, 'dirty-pages-rate': 0, 'normal-bytes': 1059217408, 'normal': 258598}}
QMP cmd [src4] query-migrate args={}
QMP reply [src4] query-migrate: {'expected-downtime': 300, 'status': 'active', 'setup-time': 1, 'total-time': 8041, 'ram': {'total': 8607571968, 'postcopy-requests': 0, 'dirty-sync-count': 1, 'multifd-bytes': 0, 'pages-per-second': 32980, 'downtime-bytes': 1095506629, 'page-size': 4096, 'remaining': 4259930112, 'postcopy-bytes': 0, 'mbps': 1082.1456, 'transferred': 1095507721, 'dirty-sync-missed-zero-copy': 0, 'precopy-bytes': 0, 'duplicate': 796246, 'dirty-pages-rate': 0, 'normal-bytes': 1086218240, 'normal': 265190}}
QMP cmd [src4] query-migrate args={}
QMP reply [src4] query-migrate: {'expected-downtime': 300, 'status': 'active', 'setup-time': 1, 'total-time': 8242, 'ram': {'total': 8607571968, 'postcopy-requests': 0, 'dirty-sync-count': 1, 'multifd-bytes': 0, 'pages-per-second': 32960, 'downtime-bytes': 1122560267, 'page-size': 4096, 'remaining': 4232904704, 'postcopy-bytes': 0, 'mbps': 1082.1441599999998, 'transferred': 1122561379, 'dirty-sync-missed-zero-copy': 0, 'precopy-bytes': 0, 'duplicate': 796252, 'dirty-pages-rate': 0, 'normal-bytes': 1113219072, 'normal': 271782}}
QMP cmd [src4] query-migrate args={}
QMP reply [src4] query-migrate: {'expected-downtime': 300, 'status': 'active', 'setup-time': 1, 'total-time': 8443, 'ram': {'total': 8607571968, 'postcopy-requests': 0, 'dirty-sync-count': 1, 'multifd-bytes': 0, 'pages-per-second': 32960, 'downtime-bytes': 1149613869, 'page-size': 4096, 'remaining': 4205895680, 'postcopy-bytes': 0, 'mbps': 1082.1441599999998, 'transferred': 1149615001, 'dirty-sync-missed-zero-copy': 0, 'precopy-bytes': 0, 'duplicate': 796254, 'dirty-pages-rate': 0, 'normal-bytes': 1140219904, 'normal': 278374}}
QMP cmd [src4] query-migrate args={}
QMP reply [src4] query-migrate: {'expected-downtime': 300, 'status': 'active', 'setup-time': 1, 'total-time': 8645, 'ram': {'total': 8607571968, 'postcopy-requests': 0, 'dirty-sync-count': 1, 'multifd-bytes': 0, 'pages-per-second': 32960, 'downtime-bytes': 1176667453, 'page-size': 4096, 'remaining': 4178894848, 'postcopy-bytes': 0, 'mbps': 1082.1441599999998, 'transferred': 1176668605, 'dirty-sync-missed-zero-copy': 0, 'precopy-bytes': 0, 'duplicate': 796254, 'dirty-pages-rate': 0, 'normal-bytes': 1167220736, 'normal': 284966}}
QMP cmd [src4] query-migrate args={}
QMP reply [src4] query-migrate: {'expected-downtime': 300, 'status': 'active', 'setup-time': 1, 'total-time': 8846, 'ram': {'total': 8607571968, 'postcopy-requests': 0, 'dirty-sync-count': 1, 'multifd-bytes': 0, 'pages-per-second': 33000, 'downtime-bytes': 1203721091, 'page-size': 4096, 'remaining': 4151869440, 'postcopy-bytes': 0, 'mbps': 1082.14704, 'transferred': 1203722263, 'dirty-sync-missed-zero-copy': 0, 'precopy-bytes': 0, 'duplicate': 796260, 'dirty-pages-rate': 0, 'normal-bytes': 1194221568, 'normal': 291558}}
QMP cmd [src4] query-migrate args={}
QMP reply [src4] query-migrate: {'expected-downtime': 300, 'status': 'active', 'setup-time': 1, 'total-time': 9047, 'ram': {'total': 8607571968, 'postcopy-requests': 0, 'dirty-sync-count': 1, 'multifd-bytes': 0, 'pages-per-second': 33000, 'downtime-bytes': 1230774711, 'page-size': 4096, 'remaining': 4124852224, 'postcopy-bytes': 0, 'mbps': 1082.14704, 'transferred': 1230775903, 'dirty-sync-missed-zero-copy': 0, 'precopy-bytes': 0, 'duplicate': 796264, 'dirty-pages-rate': 0, 'normal-bytes': 1221222400, 'normal': 298150}}
QMP cmd [src4] query-migrate args={}
QMP reply [src4] query-migrate: {'expected-downtime': 300, 'status': 'active', 'setup-time': 1, 'total-time': 9248, 'ram': {'total': 8607571968, 'postcopy-requests': 0, 'dirty-sync-count': 1, 'multifd-bytes': 0, 'pages-per-second': 32960, 'downtime-bytes': 1257828331, 'page-size': 4096, 'remaining': 4097835008, 'postcopy-bytes': 0, 'mbps': 1082.1441599999998, 'transferred': 1257829543, 'dirty-sync-missed-zero-copy': 0, 'precopy-bytes': 0, 'duplicate': 796268, 'dirty-pages-rate': 0, 'normal-bytes': 1248223232, 'normal': 304742}}
QMP cmd [src4] query-migrate args={}
QMP reply [src4] query-migrate: {'expected-downtime': 300, 'status': 'active', 'setup-time': 1, 'total-time': 9449, 'ram': {'total': 8607571968, 'postcopy-requests': 0, 'dirty-sync-count': 1, 'multifd-bytes': 0, 'pages-per-second': 33020, 'downtime-bytes': 1284881987, 'page-size': 4096, 'remaining': 4070801408, 'postcopy-bytes': 0, 'mbps': 1082.14848, 'transferred': 1284883219, 'dirty-sync-missed-zero-copy': 0, 'precopy-bytes': 0, 'duplicate': 796276, 'dirty-pages-rate': 0, 'normal-bytes': 1275224064, 'normal': 311334}}
QMP cmd [src4] query-migrate args={}
QMP reply [src4] query-migrate: {'expected-downtime': 300, 'status': 'active', 'setup-time': 1, 'total-time': 9650, 'ram': {'total': 8607571968, 'postcopy-requests': 0, 'dirty-sync-count': 1, 'multifd-bytes': 0, 'pages-per-second': 32980, 'downtime-bytes': 1311935607, 'page-size': 4096, 'remaining': 4043784192, 'postcopy-bytes': 0, 'mbps': 1082.1456, 'transferred': 1311936859, 'dirty-sync-missed-zero-copy': 0, 'precopy-bytes': 0, 'duplicate': 796280, 'dirty-pages-rate': 0, 'normal-bytes': 1302224896, 'normal': 317926}}
QMP cmd [src4] query-migrate args={}
QMP reply [src4] query-migrate: {'expected-downtime': 300, 'status': 'active', 'setup-time': 1, 'total-time': 9851, 'ram': {'total': 8607571968, 'postcopy-requests': 0, 'dirty-sync-count': 1, 'multifd-bytes': 0, 'pages-per-second': 33020, 'downtime-bytes': 1338989299, 'page-size': 4096, 'remaining': 4016734208, 'postcopy-bytes': 0, 'mbps': 1082.14848, 'transferred': 1338990571, 'dirty-sync-missed-zero-copy': 0, 'precopy-bytes': 0, 'duplicate': 796292, 'dirty-pages-rate': 0, 'normal-bytes': 1329225728, 'normal': 324518}}
2026-07-15 00:14:05.534974SSH command: ssh -o BatchMode=yes -o StrictHostKeyChecking=no -o UserKnownHostsFile=/dev/null -o ConnectTimeout=1 -o LogLevel=ERROR -p 2225 -i /home/max/.ssh/pgvm_bench user@127.0.0.1 test -f /tmp/bench.done
Return code: 255
Stdout: 
Stderr: Connection timed out during banner exchange

QMP cmd [src4] query-migrate args={}
QMP reply [src4] query-migrate: {'expected-downtime': 300, 'status': 'active', 'setup-time': 1, 'total-time': 10053, 'ram': {'total': 8607571968, 'postcopy-requests': 0, 'dirty-sync-count': 1, 'multifd-bytes': 0, 'pages-per-second': 33440, 'downtime-bytes': 1366051478, 'page-size': 4096, 'remaining': 3985821696, 'postcopy-bytes': 0, 'mbps': 1082.1787199999999, 'transferred': 1366052770, 'dirty-sync-missed-zero-copy': 0, 'precopy-bytes': 0, 'duplicate': 797247, 'dirty-pages-rate': 0, 'normal-bytes': 1356226560, 'normal': 331110}}
QMP cmd [src4] query-migrate args={}
QMP reply [src4] query-migrate: {'expected-downtime': 300, 'status': 'active', 'setup-time': 1, 'total-time': 10254, 'ram': {'total': 8607571968, 'postcopy-requests': 0, 'dirty-sync-count': 1, 'multifd-bytes': 0, 'pages-per-second': 33020, 'downtime-bytes': 1393105206, 'page-size': 4096, 'remaining': 3958755328, 'postcopy-bytes': 0, 'mbps': 1082.14848, 'transferred': 1393106518, 'dirty-sync-missed-zero-copy': 0, 'precopy-bytes': 0, 'duplicate': 797263, 'dirty-pages-rate': 0, 'normal-bytes': 1383227392, 'normal': 337702}}
QMP cmd [src4] query-migrate args={}
QMP reply [src4] query-migrate: {'expected-downtime': 300, 'status': 'active', 'setup-time': 1, 'total-time': 10455, 'ram': {'total': 8607571968, 'postcopy-requests': 0, 'dirty-sync-count': 1, 'multifd-bytes': 0, 'pages-per-second': 33020, 'downtime-bytes': 1420158862, 'page-size': 4096, 'remaining': 3931721728, 'postcopy-bytes': 0, 'mbps': 1082.14848, 'transferred': 1420160194, 'dirty-sync-missed-zero-copy': 0, 'precopy-bytes': 0, 'duplicate': 797271, 'dirty-pages-rate': 0, 'normal-bytes': 1410228224, 'normal': 344294}}
QMP cmd [src4] query-migrate args={}
QMP reply [src4] query-migrate: {'expected-downtime': 300, 'status': 'active', 'setup-time': 1, 'total-time': 10656, 'ram': {'total': 8607571968, 'postcopy-requests': 0, 'dirty-sync-count': 1, 'multifd-bytes': 0, 'pages-per-second': 42220, 'downtime-bytes': 1447220906, 'page-size': 4096, 'remaining': 3900870656, 'postcopy-bytes': 0, 'mbps': 1082.81088, 'transferred': 1447222258, 'dirty-sync-missed-zero-copy': 0, 'precopy-bytes': 0, 'duplicate': 798211, 'dirty-pages-rate': 0, 'normal-bytes': 1437229056, 'normal': 350886}}
QMP cmd [src4] query-migrate args={}
QMP reply [src4] query-migrate: {'expected-downtime': 300, 'status': 'active', 'setup-time': 1, 'total-time': 10857, 'ram': {'total': 8607571968, 'postcopy-requests': 0, 'dirty-sync-count': 1, 'multifd-bytes': 0, 'pages-per-second': 33020, 'downtime-bytes': 1474274580, 'page-size': 4096, 'remaining': 3873828864, 'postcopy-bytes': 0, 'mbps': 1082.14848, 'transferred': 1474275952, 'dirty-sync-missed-zero-copy': 0, 'precopy-bytes': 0, 'duplicate': 798221, 'dirty-pages-rate': 0, 'normal-bytes': 1464229888, 'normal': 357478}}
QMP cmd [src4] query-migrate args={}
QMP reply [src4] query-migrate: {'expected-downtime': 300, 'status': 'active', 'setup-time': 1, 'total-time': 11058, 'ram': {'total': 8607571968, 'postcopy-requests': 0, 'dirty-sync-count': 1, 'multifd-bytes': 0, 'pages-per-second': 32851, 'downtime-bytes': 1501328542, 'page-size': 4096, 'remaining': 3846656000, 'postcopy-bytes': 0, 'mbps': 1071.4455445544554, 'transferred': 1501329934, 'dirty-sync-missed-zero-copy': 0, 'precopy-bytes': 0, 'duplicate': 798263, 'dirty-pages-rate': 0, 'normal-bytes': 1491230720, 'normal': 364070}}
QMP cmd [src4] query-migrate args={}
QMP reply [src4] query-migrate: {'expected-downtime': 300, 'status': 'active', 'setup-time': 1, 'total-time': 11259, 'ram': {'total': 8607571968, 'postcopy-requests': 0, 'dirty-sync-count': 1, 'multifd-bytes': 0, 'pages-per-second': 33360, 'downtime-bytes': 1528382972, 'page-size': 4096, 'remaining': 3819270144, 'postcopy-bytes': 0, 'mbps': 1082.1729599999999, 'transferred': 1528384384, 'dirty-sync-missed-zero-copy': 0, 'precopy-bytes': 0, 'duplicate': 798357, 'dirty-pages-rate': 0, 'normal-bytes': 1518231552, 'normal': 370662}}
QMP cmd [src4] query-migrate args={}
QMP reply [src4] query-migrate: {'expected-downtime': 300, 'status': 'active', 'setup-time': 1, 'total-time': 11460, 'ram': {'total': 8607571968, 'postcopy-requests': 0, 'dirty-sync-count': 1, 'multifd-bytes': 0, 'pages-per-second': 33700, 'downtime-bytes': 1555439616, 'page-size': 4096, 'remaining': 3790876672, 'postcopy-bytes': 0, 'mbps': 1082.19744, 'transferred': 1555441048, 'dirty-sync-missed-zero-copy': 0, 'precopy-bytes': 0, 'duplicate': 798697, 'dirty-pages-rate': 0, 'normal-bytes': 1545232384, 'normal': 377254}}
QMP cmd [src4] query-migrate args={}
QMP reply [src4] query-migrate: {'expected-downtime': 300, 'status': 'active', 'setup-time': 1, 'total-time': 11661, 'ram': {'total': 8607571968, 'postcopy-requests': 0, 'dirty-sync-count': 1, 'multifd-bytes': 0, 'pages-per-second': 36760, 'downtime-bytes': 1582503001, 'page-size': 4096, 'remaining': 3759415296, 'postcopy-bytes': 0, 'mbps': 1082.41776, 'transferred': 1582504453, 'dirty-sync-missed-zero-copy': 0, 'precopy-bytes': 0, 'duplicate': 799786, 'dirty-pages-rate': 0, 'normal-bytes': 1572233216, 'normal': 383846}}
QMP cmd [src4] query-migrate args={}
QMP reply [src4] query-migrate: {'expected-downtime': 300, 'status': 'active', 'setup-time': 1, 'total-time': 11862, 'ram': {'total': 8607571968, 'postcopy-requests': 0, 'dirty-sync-count': 1, 'multifd-bytes': 0, 'pages-per-second': 37280, 'downtime-bytes': 1609568915, 'page-size': 4096, 'remaining': 3726802944, 'postcopy-bytes': 0, 'mbps': 1082.4551999999999, 'transferred': 1609570387, 'dirty-sync-missed-zero-copy': 0, 'precopy-bytes': 0, 'duplicate': 801156, 'dirty-pages-rate': 0, 'normal-bytes': 1599234048, 'normal': 390438}}
QMP cmd [src4] query-migrate args={}
QMP reply [src4] query-migrate: {'expected-downtime': 300, 'status': 'active', 'setup-time': 1, 'total-time': 12063, 'ram': {'total': 8607571968, 'postcopy-requests': 0, 'dirty-sync-count': 1, 'multifd-bytes': 0, 'pages-per-second': 36920, 'downtime-bytes': 1636630257, 'page-size': 4096, 'remaining': 3696271360, 'postcopy-bytes': 0, 'mbps': 1082.42928, 'transferred': 1636631749, 'dirty-sync-missed-zero-copy': 0, 'precopy-bytes': 0, 'duplicate': 802018, 'dirty-pages-rate': 0, 'normal-bytes': 1626234880, 'normal': 397030}}
QMP cmd [src4] query-migrate args={}
QMP reply [src4] query-migrate: {'expected-downtime': 300, 'status': 'active', 'setup-time': 1, 'total-time': 12264, 'ram': {'total': 8607571968, 'postcopy-requests': 0, 'dirty-sync-count': 1, 'multifd-bytes': 0, 'pages-per-second': 36320, 'downtime-bytes': 1663690501, 'page-size': 4096, 'remaining': 3666239488, 'postcopy-bytes': 0, 'mbps': 1082.38608, 'transferred': 1663692013, 'dirty-sync-missed-zero-copy': 0, 'precopy-bytes': 0, 'duplicate': 802758, 'dirty-pages-rate': 0, 'normal-bytes': 1653235712, 'normal': 403622}}
QMP cmd [src4] query-migrate args={}
QMP reply [src4] query-migrate: {'expected-downtime': 300, 'status': 'active', 'setup-time': 1, 'total-time': 12465, 'ram': {'total': 8607571968, 'postcopy-requests': 0, 'dirty-sync-count': 1, 'multifd-bytes': 0, 'pages-per-second': 38650, 'downtime-bytes': 1690703090, 'page-size': 4096, 'remaining': 2030903296, 'postcopy-bytes': 0, 'mbps': 1082.55384, 'transferred': 1690704622, 'dirty-sync-missed-zero-copy': 0, 'precopy-bytes': 0, 'duplicate': 1196291, 'dirty-pages-rate': 0, 'normal-bytes': 1676660736, 'normal': 409341}}
QMP cmd [src4] query-migrate args={}
QMP reply [src4] query-migrate: {'expected-downtime': 300, 'status': 'active', 'setup-time': 1, 'total-time': 12666, 'ram': {'total': 8607571968, 'postcopy-requests': 0, 'dirty-sync-count': 1, 'multifd-bytes': 0, 'pages-per-second': 32633, 'downtime-bytes': 1717756683, 'page-size': 4096, 'remaining': 2003898368, 'postcopy-bytes': 0, 'mbps': 1071.4298613861386, 'transferred': 1717758235, 'dirty-sync-missed-zero-copy': 0, 'precopy-bytes': 0, 'duplicate': 1196292, 'dirty-pages-rate': 0, 'normal-bytes': 1703661568, 'normal': 415933}}
QMP cmd [src4] query-migrate args={}
QMP reply [src4] query-migrate: {'expected-downtime': 300, 'status': 'active', 'setup-time': 1, 'total-time': 12868, 'ram': {'total': 8607571968, 'postcopy-requests': 0, 'dirty-sync-count': 1, 'multifd-bytes': 0, 'pages-per-second': 35240, 'downtime-bytes': 1744818295, 'page-size': 4096, 'remaining': 1973243904, 'postcopy-bytes': 0, 'mbps': 1082.30832, 'transferred': 1744819867, 'dirty-sync-missed-zero-copy': 0, 'precopy-bytes': 0, 'duplicate': 1197184, 'dirty-pages-rate': 0, 'normal-bytes': 1730662400, 'normal': 422525}}
2026-07-15 00:14:08.540300SSH command: ssh -o BatchMode=yes -o StrictHostKeyChecking=no -o UserKnownHostsFile=/dev/null -o ConnectTimeout=1 -o LogLevel=ERROR -p 2225 -i /home/max/.ssh/pgvm_bench user@127.0.0.1 test -f /tmp/bench.done
Return code: 255
Stdout: 
Stderr: Connection timed out during banner exchange

qemu-system-x86_64: terminating on signal 15 from pid 38411 (/home/max/Bachelor-Thesis/Repo/.venv/bin/python)
QMP cmd [src4] query-migrate args={}
QMP reply [src4] query-migrate: {'expected-downtime': 300, 'status': 'active', 'setup-time': 1, 'total-time': 13069, 'ram': {'total': 8607571968, 'postcopy-requests': 0, 'dirty-sync-count': 1, 'multifd-bytes': 0, 'pages-per-second': 4415470, 'downtime-bytes': 1771894280, 'page-size': 4096, 'remaining': 150642688, 'postcopy-bytes': 0, 'mbps': 1083.84408, 'transferred': 1771895872, 'dirty-sync-missed-zero-copy': 0, 'precopy-bytes': 0, 'duplicate': 1636521, 'dirty-pages-rate': 0, 'normal-bytes': 1753739264, 'normal': 428159}}
QMP cmd [src4] query-migrate args={}
QMP reply [src4] query-migrate: {'expected-downtime': 300, 'status': 'active', 'setup-time': 1, 'total-time': 13270, 'ram': {'total': 8607571968, 'postcopy-requests': 0, 'dirty-sync-count': 1, 'multifd-bytes': 0, 'pages-per-second': 32960, 'downtime-bytes': 1798947864, 'page-size': 4096, 'remaining': 123641856, 'postcopy-bytes': 0, 'mbps': 1082.1441599999998, 'transferred': 1798949476, 'dirty-sync-missed-zero-copy': 0, 'precopy-bytes': 0, 'duplicate': 1636521, 'dirty-pages-rate': 0, 'normal-bytes': 1780740096, 'normal': 434751}}
QMP cmd [src4] query-migrate args={}
QMP reply [src4] query-migrate: {'expected-downtime': 300, 'status': 'active', 'setup-time': 1, 'total-time': 13471, 'ram': {'total': 8607571968, 'postcopy-requests': 0, 'dirty-sync-count': 1, 'multifd-bytes': 0, 'pages-per-second': 32960, 'downtime-bytes': 1826001448, 'page-size': 4096, 'remaining': 96641024, 'postcopy-bytes': 0, 'mbps': 1082.1441599999998, 'transferred': 1826003080, 'dirty-sync-missed-zero-copy': 0, 'precopy-bytes': 0, 'duplicate': 1636521, 'dirty-pages-rate': 0, 'normal-bytes': 1807740928, 'normal': 441343}}
QMP cmd [src4] query-migrate args={}
QMP reply [src4] query-migrate: {'expected-downtime': 300, 'status': 'active', 'setup-time': 1, 'total-time': 13672, 'ram': {'total': 8607571968, 'postcopy-requests': 0, 'dirty-sync-count': 1, 'multifd-bytes': 0, 'pages-per-second': 32960, 'downtime-bytes': 1853055032, 'page-size': 4096, 'remaining': 69640192, 'postcopy-bytes': 0, 'mbps': 1082.1441599999998, 'transferred': 1853056684, 'dirty-sync-missed-zero-copy': 0, 'precopy-bytes': 0, 'duplicate': 1636521, 'dirty-pages-rate': 0, 'normal-bytes': 1834741760, 'normal': 447935}}
QMP cmd [src4] query-migrate args={}
QMP reply [src4] query-migrate: {'expected-downtime': 300, 'status': 'active', 'setup-time': 1, 'total-time': 13873, 'ram': {'total': 8607571968, 'postcopy-requests': 0, 'dirty-sync-count': 1, 'multifd-bytes': 0, 'pages-per-second': 32960, 'downtime-bytes': 1880108616, 'page-size': 4096, 'remaining': 42639360, 'postcopy-bytes': 0, 'mbps': 1082.1441599999998, 'transferred': 1880110288, 'dirty-sync-missed-zero-copy': 0, 'precopy-bytes': 0, 'duplicate': 1636521, 'dirty-pages-rate': 0, 'normal-bytes': 1861742592, 'normal': 454527}}
QMP cmd [src4] query-migrate args={}
QMP reply [src4] query-migrate: {'status': 'completed', 'setup-time': 1, 'downtime': 11, 'total-time': 14013, 'ram': {'total': 8607571968, 'postcopy-requests': 0, 'dirty-sync-count': 3, 'multifd-bytes': 0, 'pages-per-second': 32960, 'downtime-bytes': 1905501367, 'page-size': 4096, 'remaining': 0, 'postcopy-bytes': 0, 'mbps': 1088.16563117328, 'transferred': 1905922103, 'dirty-sync-missed-zero-copy': 0, 'precopy-bytes': 0, 'duplicate': 1640753, 'dirty-pages-rate': 0, 'normal-bytes': 1887047680, 'normal': 460705}}
