2026-07-15 00:15:59.252258SSH command: ssh -o BatchMode=yes -o StrictHostKeyChecking=no -o UserKnownHostsFile=/dev/null -o ConnectTimeout=1 -o LogLevel=ERROR -p 2226 -i /home/max/.ssh/pgvm_bench user@127.0.0.1 systemd-analyze
Return code: 0
Stdout: Startup finished in 784ms (kernel) + 2.241s (userspace) = 3.026s 
graphical.target reached after 2.240s in userspace.

Stderr: 
2026-07-15 00:15:59.390801SSH command: ssh -o BatchMode=yes -o StrictHostKeyChecking=no -o UserKnownHostsFile=/dev/null -o ConnectTimeout=1 -o LogLevel=ERROR -p 2226 -i /home/max/.ssh/pgvm_bench user@127.0.0.1 rm -f /tmp/bench.done /tmp/pg-buffer-hit-ratio.csv /tmp/pg-buffer-sampler.log; nohup bash /home/user/pg_sampler.sh /tmp/bench.done /tmp/pg-buffer-hit-ratio.csv ycsb >/tmp/pg-buffer-sampler.log 2>&1 &
Return code: 0
Stdout: 
Stderr: 
QMP cmd [src5] stop args={}
QMP cmd [src5] query-migrate args={}
QMP reply [src5] stop: {}
QMP cmd [src5] migrate-set-capabilities args={'capabilities': [{'capability': 'auto-converge', 'state': False}, {'capability': 'events', 'state': True}, {'capability': 'postcopy-blocktime', 'state': False}, {'capability': 'postcopy-ram', 'state': False}]}
QMP reply [src5] query-migrate: {}
QMP reply [src5] migrate-set-capabilities: {}
QMP cmd [src5] migrate args={'uri': 'unix:/tmp/mig.sock'}
QMP reply [src5] migrate: {}
QMP cmd [src5] query-migrate args={}
QMP reply [src5] query-migrate: {'expected-downtime': 300, 'status': 'active', 'setup-time': 3, 'total-time': 200, 'ram': {'total': 8607571968, 'postcopy-requests': 0, 'dirty-sync-count': 1, 'multifd-bytes': 0, 'pages-per-second': 37300, 'downtime-bytes': 27059810, 'page-size': 4096, 'remaining': 8577740800, 'postcopy-bytes': 0, 'mbps': 1082.47976, 'transferred': 27060112, 'dirty-sync-missed-zero-copy': 0, 'precopy-bytes': 0, 'duplicate': 691, 'dirty-pages-rate': 0, 'normal-bytes': 27000832, 'normal': 6592}}
QMP cmd [src5] query-migrate args={}
QMP reply [src5] query-migrate: {'expected-downtime': 300, 'status': 'active', 'setup-time': 3, 'total-time': 401, 'ram': {'total': 8607571968, 'postcopy-requests': 0, 'dirty-sync-count': 1, 'multifd-bytes': 0, 'pages-per-second': 124370, 'downtime-bytes': 53988447, 'page-size': 4096, 'remaining': 7688810496, 'postcopy-bytes': 0, 'mbps': 1080.20808, 'transferred': 53988769, 'dirty-sync-missed-zero-copy': 0, 'precopy-bytes': 0, 'duplicate': 211616, 'dirty-pages-rate': 0, 'normal-bytes': 51982336, 'normal': 12691}}
QMP cmd [src5] query-migrate args={}
QMP reply [src5] query-migrate: {'expected-downtime': 300, 'status': 'active', 'setup-time': 3, 'total-time': 602, 'ram': {'total': 8607571968, 'postcopy-requests': 0, 'dirty-sync-count': 1, 'multifd-bytes': 0, 'pages-per-second': 139570, 'downtime-bytes': 84185928, 'page-size': 4096, 'remaining': 5368102912, 'postcopy-bytes': 0, 'mbps': 1077.04368, 'transferred': 84059048, 'dirty-sync-missed-zero-copy': 0, 'precopy-bytes': 0, 'duplicate': 772065, 'dirty-pages-rate': 0, 'normal-bytes': 77086720, 'normal': 18820}}
QMP cmd [src5] query-migrate args={}
QMP reply [src5] query-migrate: {'expected-downtime': 300, 'status': 'active', 'setup-time': 3, 'total-time': 803, 'ram': {'total': 8607571968, 'postcopy-requests': 0, 'dirty-sync-count': 1, 'multifd-bytes': 0, 'pages-per-second': 49000, 'downtime-bytes': 116146096, 'page-size': 4096, 'remaining': 5314658304, 'postcopy-bytes': 0, 'mbps': 1072.6082376237623, 'transferred': 116019227, 'dirty-sync-missed-zero-copy': 0, 'precopy-bytes': 0, 'duplicate': 777337, 'dirty-pages-rate': 0, 'normal-bytes': 108937216, 'normal': 26596}}
QMP cmd [src5] query-migrate args={}
QMP reply [src5] query-migrate: {'expected-downtime': 300, 'status': 'active', 'setup-time': 3, 'total-time': 1004, 'ram': {'total': 8607571968, 'postcopy-requests': 0, 'dirty-sync-count': 1, 'multifd-bytes': 0, 'pages-per-second': 47870, 'downtime-bytes': 147945668, 'page-size': 4096, 'remaining': 5274664960, 'postcopy-bytes': 0, 'mbps': 1083.21768, 'transferred': 147818666, 'dirty-sync-missed-zero-copy': 0, 'precopy-bytes': 0, 'duplicate': 779357, 'dirty-pages-rate': 0, 'normal-bytes': 140656640, 'normal': 34340}}
2026-07-15 00:18:30.641670SSH command: ssh -o BatchMode=yes -o StrictHostKeyChecking=no -o UserKnownHostsFile=/dev/null -o ConnectTimeout=1 -o LogLevel=ERROR -p 2226 -i /home/max/.ssh/pgvm_bench user@127.0.0.1 test -f /tmp/bench.done
Return code: 255
Stdout: 
Stderr: Connection timed out during banner exchange

QMP cmd [src5] query-migrate args={}
QMP reply [src5] query-migrate: {'expected-downtime': 300, 'status': 'active', 'setup-time': 3, 'total-time': 1206, 'ram': {'total': 8607571968, 'postcopy-requests': 0, 'dirty-sync-count': 1, 'multifd-bytes': 0, 'pages-per-second': 36380, 'downtime-bytes': 175531836, 'page-size': 4096, 'remaining': 5245698048, 'postcopy-bytes': 0, 'mbps': 1082.3904, 'transferred': 175532248, 'dirty-sync-missed-zero-copy': 0, 'precopy-bytes': 0, 'duplicate': 779709, 'dirty-pages-rate': 0, 'normal-bytes': 168185856, 'normal': 41061}}
QMP cmd [src5] query-migrate args={}
QMP reply [src5] query-migrate: {'expected-downtime': 300, 'status': 'active', 'setup-time': 3, 'total-time': 1407, 'ram': {'total': 8607571968, 'postcopy-requests': 0, 'dirty-sync-count': 1, 'multifd-bytes': 0, 'pages-per-second': 33040, 'downtime-bytes': 202605985, 'page-size': 4096, 'remaining': 5209337856, 'postcopy-bytes': 0, 'mbps': 1082.1499199999998, 'transferred': 202606417, 'dirty-sync-missed-zero-copy': 0, 'precopy-bytes': 0, 'duplicate': 781994, 'dirty-pages-rate': 0, 'normal-bytes': 195186688, 'normal': 47653}}
QMP cmd [src5] query-migrate args={}
QMP reply [src5] query-migrate: {'expected-downtime': 300, 'status': 'active', 'setup-time': 3, 'total-time': 1608, 'ram': {'total': 8607571968, 'postcopy-requests': 0, 'dirty-sync-count': 1, 'multifd-bytes': 0, 'pages-per-second': 33260, 'downtime-bytes': 229683734, 'page-size': 4096, 'remaining': 5162020864, 'postcopy-bytes': 0, 'mbps': 1082.16576, 'transferred': 229684186, 'dirty-sync-missed-zero-copy': 0, 'precopy-bytes': 0, 'duplicate': 786959, 'dirty-pages-rate': 0, 'normal-bytes': 222167040, 'normal': 54240}}
QMP cmd [src5] query-migrate args={}
QMP reply [src5] query-migrate: {'expected-downtime': 300, 'status': 'active', 'setup-time': 3, 'total-time': 1809, 'ram': {'total': 8607571968, 'postcopy-requests': 0, 'dirty-sync-count': 1, 'multifd-bytes': 0, 'pages-per-second': 53770, 'downtime-bytes': 256761465, 'page-size': 4096, 'remaining': 5124030464, 'postcopy-bytes': 0, 'mbps': 1083.64248, 'transferred': 256761937, 'dirty-sync-missed-zero-copy': 0, 'precopy-bytes': 0, 'duplicate': 789642, 'dirty-pages-rate': 0, 'normal-bytes': 249167872, 'normal': 60832}}
QMP cmd [src5] query-migrate args={}
QMP reply [src5] query-migrate: {'expected-downtime': 300, 'status': 'active', 'setup-time': 3, 'total-time': 2010, 'ram': {'total': 8607571968, 'postcopy-requests': 0, 'dirty-sync-count': 1, 'multifd-bytes': 0, 'pages-per-second': 33100, 'downtime-bytes': 283815454, 'page-size': 4096, 'remaining': 5096845312, 'postcopy-bytes': 0, 'mbps': 1082.15424, 'transferred': 283815946, 'dirty-sync-missed-zero-copy': 0, 'precopy-bytes': 0, 'duplicate': 789687, 'dirty-pages-rate': 0, 'normal-bytes': 276168704, 'normal': 67424}}
QMP cmd [src5] query-migrate args={}
QMP reply [src5] query-migrate: {'expected-downtime': 300, 'status': 'active', 'setup-time': 3, 'total-time': 2211, 'ram': {'total': 8607571968, 'postcopy-requests': 0, 'dirty-sync-count': 1, 'multifd-bytes': 0, 'pages-per-second': 33650, 'downtime-bytes': 310870136, 'page-size': 4096, 'remaining': 5069344768, 'postcopy-bytes': 0, 'mbps': 1082.1938400000001, 'transferred': 310870648, 'dirty-sync-missed-zero-copy': 0, 'precopy-bytes': 0, 'duplicate': 789809, 'dirty-pages-rate': 0, 'normal-bytes': 303169536, 'normal': 74016}}
QMP cmd [src5] query-migrate args={}
QMP reply [src5] query-migrate: {'expected-downtime': 300, 'status': 'active', 'setup-time': 3, 'total-time': 2412, 'ram': {'total': 8607571968, 'postcopy-requests': 0, 'dirty-sync-count': 1, 'multifd-bytes': 0, 'pages-per-second': 48740, 'downtime-bytes': 337834089, 'page-size': 4096, 'remaining': 5023498240, 'postcopy-bytes': 0, 'mbps': 1083.28032, 'transferred': 337834621, 'dirty-sync-missed-zero-copy': 0, 'precopy-bytes': 0, 'duplicate': 794442, 'dirty-pages-rate': 0, 'normal-bytes': 330039296, 'normal': 80576}}
QMP cmd [src5] query-migrate args={}
QMP reply [src5] query-migrate: {'expected-downtime': 300, 'status': 'active', 'setup-time': 3, 'total-time': 2613, 'ram': {'total': 8607571968, 'postcopy-requests': 0, 'dirty-sync-count': 1, 'multifd-bytes': 0, 'pages-per-second': 43850, 'downtime-bytes': 364897510, 'page-size': 4096, 'remaining': 4992020480, 'postcopy-bytes': 0, 'mbps': 1082.92824, 'transferred': 364898062, 'dirty-sync-missed-zero-copy': 0, 'precopy-bytes': 0, 'duplicate': 795535, 'dirty-pages-rate': 0, 'normal-bytes': 357040128, 'normal': 87168}}
QMP cmd [src5] query-migrate args={}
QMP reply [src5] query-migrate: {'expected-downtime': 300, 'status': 'active', 'setup-time': 3, 'total-time': 2814, 'ram': {'total': 8607571968, 'postcopy-requests': 0, 'dirty-sync-count': 1, 'multifd-bytes': 0, 'pages-per-second': 32960, 'downtime-bytes': 391951778, 'page-size': 4096, 'remaining': 4964708352, 'postcopy-bytes': 0, 'mbps': 1082.1441599999998, 'transferred': 391952350, 'dirty-sync-missed-zero-copy': 0, 'precopy-bytes': 0, 'duplicate': 795611, 'dirty-pages-rate': 0, 'normal-bytes': 384040960, 'normal': 93760}}
QMP cmd [src5] query-migrate args={}
QMP reply [src5] query-migrate: {'expected-downtime': 300, 'status': 'active', 'setup-time': 3, 'total-time': 3016, 'ram': {'total': 8607571968, 'postcopy-requests': 0, 'dirty-sync-count': 1, 'multifd-bytes': 0, 'pages-per-second': 33480, 'downtime-bytes': 419005875, 'page-size': 4096, 'remaining': 4937474048, 'postcopy-bytes': 0, 'mbps': 1082.1816000000001, 'transferred': 419006467, 'dirty-sync-missed-zero-copy': 0, 'precopy-bytes': 0, 'duplicate': 795668, 'dirty-pages-rate': 0, 'normal-bytes': 411041792, 'normal': 100352}}
QMP cmd [src5] query-migrate args={}
QMP reply [src5] query-migrate: {'expected-downtime': 300, 'status': 'active', 'setup-time': 3, 'total-time': 3217, 'ram': {'total': 8607571968, 'postcopy-requests': 0, 'dirty-sync-count': 1, 'multifd-bytes': 0, 'pages-per-second': 33340, 'downtime-bytes': 446059810, 'page-size': 4096, 'remaining': 4910313472, 'postcopy-bytes': 0, 'mbps': 1082.17152, 'transferred': 446060422, 'dirty-sync-missed-zero-copy': 0, 'precopy-bytes': 0, 'duplicate': 795707, 'dirty-pages-rate': 0, 'normal-bytes': 438042624, 'normal': 106944}}
QMP cmd [src5] query-migrate args={}
QMP reply [src5] query-migrate: {'expected-downtime': 300, 'status': 'active', 'setup-time': 3, 'total-time': 3418, 'ram': {'total': 8607571968, 'postcopy-requests': 0, 'dirty-sync-count': 1, 'multifd-bytes': 0, 'pages-per-second': 33120, 'downtime-bytes': 473115446, 'page-size': 4096, 'remaining': 4882378752, 'postcopy-bytes': 0, 'mbps': 1082.1556799999998, 'transferred': 473116078, 'dirty-sync-missed-zero-copy': 0, 'precopy-bytes': 0, 'duplicate': 795935, 'dirty-pages-rate': 0, 'normal-bytes': 465043456, 'normal': 113536}}
QMP cmd [src5] query-migrate args={}
QMP reply [src5] query-migrate: {'expected-downtime': 300, 'status': 'active', 'setup-time': 3, 'total-time': 3619, 'ram': {'total': 8607571968, 'postcopy-requests': 0, 'dirty-sync-count': 1, 'multifd-bytes': 0, 'pages-per-second': 41040, 'downtime-bytes': 500176329, 'page-size': 4096, 'remaining': 4852056064, 'postcopy-bytes': 0, 'mbps': 1082.7259199999999, 'transferred': 500176981, 'dirty-sync-missed-zero-copy': 0, 'precopy-bytes': 0, 'duplicate': 796746, 'dirty-pages-rate': 0, 'normal-bytes': 492044288, 'normal': 120128}}
QMP cmd [src5] query-migrate args={}
QMP reply [src5] query-migrate: {'expected-downtime': 300, 'status': 'active', 'setup-time': 3, 'total-time': 3820, 'ram': {'total': 8607571968, 'postcopy-requests': 0, 'dirty-sync-count': 1, 'multifd-bytes': 0, 'pages-per-second': 34370, 'downtime-bytes': 527232163, 'page-size': 4096, 'remaining': 4824031232, 'postcopy-bytes': 0, 'mbps': 1082.24568, 'transferred': 527232835, 'dirty-sync-missed-zero-copy': 0, 'precopy-bytes': 0, 'duplicate': 796996, 'dirty-pages-rate': 0, 'normal-bytes': 519045120, 'normal': 126720}}
2026-07-15 00:18:33.646831SSH command: ssh -o BatchMode=yes -o StrictHostKeyChecking=no -o UserKnownHostsFile=/dev/null -o ConnectTimeout=1 -o LogLevel=ERROR -p 2226 -i /home/max/.ssh/pgvm_bench user@127.0.0.1 test -f /tmp/bench.done
Return code: 255
Stdout: 
Stderr: Connection timed out during banner exchange

QMP cmd [src5] query-migrate args={}
QMP reply [src5] query-migrate: {'expected-downtime': 300, 'status': 'active', 'setup-time': 3, 'total-time': 4022, 'ram': {'total': 8607571968, 'postcopy-requests': 0, 'dirty-sync-count': 1, 'multifd-bytes': 0, 'pages-per-second': 33670, 'downtime-bytes': 554287115, 'page-size': 4096, 'remaining': 4796407808, 'postcopy-bytes': 0, 'mbps': 1082.1952800000001, 'transferred': 554287807, 'dirty-sync-missed-zero-copy': 0, 'precopy-bytes': 0, 'duplicate': 797148, 'dirty-pages-rate': 0, 'normal-bytes': 546045952, 'normal': 133312}}
QMP cmd [src5] query-migrate args={}
QMP reply [src5] query-migrate: {'expected-downtime': 300, 'status': 'active', 'setup-time': 3, 'total-time': 4223, 'ram': {'total': 8607571968, 'postcopy-requests': 0, 'dirty-sync-count': 1, 'multifd-bytes': 0, 'pages-per-second': 33080, 'downtime-bytes': 581341779, 'page-size': 4096, 'remaining': 4768915456, 'postcopy-bytes': 0, 'mbps': 1082.1528, 'transferred': 581342491, 'dirty-sync-missed-zero-copy': 0, 'precopy-bytes': 0, 'duplicate': 797268, 'dirty-pages-rate': 0, 'normal-bytes': 573046784, 'normal': 139904}}
QMP cmd [src5] query-migrate args={}
QMP reply [src5] query-migrate: {'expected-downtime': 300, 'status': 'active', 'setup-time': 3, 'total-time': 4424, 'ram': {'total': 8607571968, 'postcopy-requests': 0, 'dirty-sync-count': 1, 'multifd-bytes': 0, 'pages-per-second': 34070, 'downtime-bytes': 608396587, 'page-size': 4096, 'remaining': 4741357568, 'postcopy-bytes': 0, 'mbps': 1082.2240800000002, 'transferred': 608397319, 'dirty-sync-missed-zero-copy': 0, 'precopy-bytes': 0, 'duplicate': 797404, 'dirty-pages-rate': 0, 'normal-bytes': 600047616, 'normal': 146496}}
QMP cmd [src5] query-migrate args={}
QMP reply [src5] query-migrate: {'expected-downtime': 300, 'status': 'active', 'setup-time': 3, 'total-time': 4624, 'ram': {'total': 8607571968, 'postcopy-requests': 0, 'dirty-sync-count': 1, 'multifd-bytes': 0, 'pages-per-second': 33140, 'downtime-bytes': 635450855, 'page-size': 4096, 'remaining': 4714045440, 'postcopy-bytes': 0, 'mbps': 1082.15712, 'transferred': 635451607, 'dirty-sync-missed-zero-copy': 0, 'precopy-bytes': 0, 'duplicate': 797480, 'dirty-pages-rate': 0, 'normal-bytes': 627048448, 'normal': 153088}}
QMP cmd [src5] query-migrate args={}
QMP reply [src5] query-migrate: {'expected-downtime': 300, 'status': 'active', 'setup-time': 3, 'total-time': 4825, 'ram': {'total': 8607571968, 'postcopy-requests': 0, 'dirty-sync-count': 1, 'multifd-bytes': 0, 'pages-per-second': 33090, 'downtime-bytes': 662504772, 'page-size': 4096, 'remaining': 4686893056, 'postcopy-bytes': 0, 'mbps': 1082.15352, 'transferred': 662505544, 'dirty-sync-missed-zero-copy': 0, 'precopy-bytes': 0, 'duplicate': 797517, 'dirty-pages-rate': 0, 'normal-bytes': 654049280, 'normal': 159680}}
QMP cmd [src5] query-migrate args={}
QMP reply [src5] query-migrate: {'expected-downtime': 300, 'status': 'active', 'setup-time': 3, 'total-time': 5026, 'ram': {'total': 8607571968, 'postcopy-requests': 0, 'dirty-sync-count': 1, 'multifd-bytes': 0, 'pages-per-second': 33640, 'downtime-bytes': 689559715, 'page-size': 4096, 'remaining': 4659273728, 'postcopy-bytes': 0, 'mbps': 1082.1931200000001, 'transferred': 689560507, 'dirty-sync-missed-zero-copy': 0, 'precopy-bytes': 0, 'duplicate': 797668, 'dirty-pages-rate': 0, 'normal-bytes': 681050112, 'normal': 166272}}
QMP cmd [src5] query-migrate args={}
QMP reply [src5] query-migrate: {'expected-downtime': 300, 'status': 'active', 'setup-time': 3, 'total-time': 5227, 'ram': {'total': 8607571968, 'postcopy-requests': 0, 'dirty-sync-count': 1, 'multifd-bytes': 0, 'pages-per-second': 33060, 'downtime-bytes': 716614010, 'page-size': 4096, 'remaining': 4631949312, 'postcopy-bytes': 0, 'mbps': 1082.15136, 'transferred': 716614822, 'dirty-sync-missed-zero-copy': 0, 'precopy-bytes': 0, 'duplicate': 797747, 'dirty-pages-rate': 0, 'normal-bytes': 708050944, 'normal': 172864}}
QMP cmd [src5] query-migrate args={}
QMP reply [src5] query-migrate: {'expected-downtime': 300, 'status': 'active', 'setup-time': 3, 'total-time': 5428, 'ram': {'total': 8607571968, 'postcopy-requests': 0, 'dirty-sync-count': 1, 'multifd-bytes': 0, 'pages-per-second': 36870, 'downtime-bytes': 743671347, 'page-size': 4096, 'remaining': 4603240448, 'postcopy-bytes': 0, 'mbps': 1082.4256799999998, 'transferred': 743672179, 'dirty-sync-missed-zero-copy': 0, 'precopy-bytes': 0, 'duplicate': 798164, 'dirty-pages-rate': 0, 'normal-bytes': 735051776, 'normal': 179456}}
QMP cmd [src5] query-migrate args={}
QMP reply [src5] query-migrate: {'expected-downtime': 300, 'status': 'active', 'setup-time': 3, 'total-time': 5629, 'ram': {'total': 8607571968, 'postcopy-requests': 0, 'dirty-sync-count': 1, 'multifd-bytes': 0, 'pages-per-second': 33040, 'downtime-bytes': 770725093, 'page-size': 4096, 'remaining': 4576165888, 'postcopy-bytes': 0, 'mbps': 1082.1499199999998, 'transferred': 770725945, 'dirty-sync-missed-zero-copy': 0, 'precopy-bytes': 0, 'duplicate': 798182, 'dirty-pages-rate': 0, 'normal-bytes': 762052608, 'normal': 186048}}
QMP cmd [src5] query-migrate args={}
QMP reply [src5] query-migrate: {'expected-downtime': 300, 'status': 'active', 'setup-time': 3, 'total-time': 5830, 'ram': {'total': 8607571968, 'postcopy-requests': 0, 'dirty-sync-count': 1, 'multifd-bytes': 0, 'pages-per-second': 33020, 'downtime-bytes': 797779406, 'page-size': 4096, 'remaining': 4548833280, 'postcopy-bytes': 0, 'mbps': 1082.14848, 'transferred': 797780278, 'dirty-sync-missed-zero-copy': 0, 'precopy-bytes': 0, 'duplicate': 798263, 'dirty-pages-rate': 0, 'normal-bytes': 789053440, 'normal': 192640}}
QMP cmd [src5] query-migrate args={}
QMP reply [src5] query-migrate: {'expected-downtime': 300, 'status': 'active', 'setup-time': 3, 'total-time': 6031, 'ram': {'total': 8607571968, 'postcopy-requests': 0, 'dirty-sync-count': 1, 'multifd-bytes': 0, 'pages-per-second': 32960, 'downtime-bytes': 824833008, 'page-size': 4096, 'remaining': 4521824256, 'postcopy-bytes': 0, 'mbps': 1082.1441599999998, 'transferred': 824833900, 'dirty-sync-missed-zero-copy': 0, 'precopy-bytes': 0, 'duplicate': 798265, 'dirty-pages-rate': 0, 'normal-bytes': 816054272, 'normal': 199232}}
QMP cmd [src5] query-migrate args={}
QMP reply [src5] query-migrate: {'expected-downtime': 300, 'status': 'active', 'setup-time': 3, 'total-time': 6232, 'ram': {'total': 8607571968, 'postcopy-requests': 0, 'dirty-sync-count': 1, 'multifd-bytes': 0, 'pages-per-second': 33020, 'downtime-bytes': 851896645, 'page-size': 4096, 'remaining': 4490248192, 'postcopy-bytes': 0, 'mbps': 1082.14848, 'transferred': 851897557, 'dirty-sync-missed-zero-copy': 0, 'precopy-bytes': 0, 'duplicate': 799382, 'dirty-pages-rate': 0, 'normal-bytes': 843055104, 'normal': 205824}}
QMP cmd [src5] query-migrate args={}
QMP reply [src5] query-migrate: {'expected-downtime': 300, 'status': 'active', 'setup-time': 3, 'total-time': 6433, 'ram': {'total': 8607571968, 'postcopy-requests': 0, 'dirty-sync-count': 1, 'multifd-bytes': 0, 'pages-per-second': 33150, 'downtime-bytes': 878950418, 'page-size': 4096, 'remaining': 4463161344, 'postcopy-bytes': 0, 'mbps': 1082.15784, 'transferred': 878951350, 'dirty-sync-missed-zero-copy': 0, 'precopy-bytes': 0, 'duplicate': 799403, 'dirty-pages-rate': 0, 'normal-bytes': 870055936, 'normal': 212416}}
QMP cmd [src5] query-migrate args={}
QMP reply [src5] query-migrate: {'expected-downtime': 300, 'status': 'active', 'setup-time': 3, 'total-time': 6634, 'ram': {'total': 8607571968, 'postcopy-requests': 0, 'dirty-sync-count': 1, 'multifd-bytes': 0, 'pages-per-second': 33060, 'downtime-bytes': 906004110, 'page-size': 4096, 'remaining': 4436111360, 'postcopy-bytes': 0, 'mbps': 1082.15136, 'transferred': 906005062, 'dirty-sync-missed-zero-copy': 0, 'precopy-bytes': 0, 'duplicate': 799415, 'dirty-pages-rate': 0, 'normal-bytes': 897056768, 'normal': 219008}}
QMP cmd [src5] query-migrate args={}
QMP reply [src5] query-migrate: {'expected-downtime': 300, 'status': 'active', 'setup-time': 3, 'total-time': 6835, 'ram': {'total': 8607571968, 'postcopy-requests': 0, 'dirty-sync-count': 1, 'multifd-bytes': 0, 'pages-per-second': 32960, 'downtime-bytes': 933057712, 'page-size': 4096, 'remaining': 4409102336, 'postcopy-bytes': 0, 'mbps': 1082.1441599999998, 'transferred': 933058684, 'dirty-sync-missed-zero-copy': 0, 'precopy-bytes': 0, 'duplicate': 799417, 'dirty-pages-rate': 0, 'normal-bytes': 924057600, 'normal': 225600}}
2026-07-15 00:18:36.652505SSH command: ssh -o BatchMode=yes -o StrictHostKeyChecking=no -o UserKnownHostsFile=/dev/null -o ConnectTimeout=1 -o LogLevel=ERROR -p 2226 -i /home/max/.ssh/pgvm_bench user@127.0.0.1 test -f /tmp/bench.done
Return code: 255
Stdout: 
Stderr: Connection timed out during banner exchange

QMP cmd [src5] query-migrate args={}
QMP reply [src5] query-migrate: {'expected-downtime': 300, 'status': 'active', 'setup-time': 3, 'total-time': 7036, 'ram': {'total': 8607571968, 'postcopy-requests': 0, 'dirty-sync-count': 1, 'multifd-bytes': 0, 'pages-per-second': 32960, 'downtime-bytes': 960111332, 'page-size': 4096, 'remaining': 4382085120, 'postcopy-bytes': 0, 'mbps': 1082.1441599999998, 'transferred': 960112324, 'dirty-sync-missed-zero-copy': 0, 'precopy-bytes': 0, 'duplicate': 799421, 'dirty-pages-rate': 0, 'normal-bytes': 951058432, 'normal': 232192}}
QMP cmd [src5] query-migrate args={}
QMP reply [src5] query-migrate: {'expected-downtime': 300, 'status': 'active', 'setup-time': 3, 'total-time': 7237, 'ram': {'total': 8607571968, 'postcopy-requests': 0, 'dirty-sync-count': 1, 'multifd-bytes': 0, 'pages-per-second': 32960, 'downtime-bytes': 987165024, 'page-size': 4096, 'remaining': 4355035136, 'postcopy-bytes': 0, 'mbps': 1082.1441599999998, 'transferred': 987166036, 'dirty-sync-missed-zero-copy': 0, 'precopy-bytes': 0, 'duplicate': 799433, 'dirty-pages-rate': 0, 'normal-bytes': 978059264, 'normal': 238784}}
QMP cmd [src5] query-migrate args={}
QMP reply [src5] query-migrate: {'expected-downtime': 300, 'status': 'active', 'setup-time': 3, 'total-time': 7438, 'ram': {'total': 8607571968, 'postcopy-requests': 0, 'dirty-sync-count': 1, 'multifd-bytes': 0, 'pages-per-second': 33020, 'downtime-bytes': 1014218698, 'page-size': 4096, 'remaining': 4327993344, 'postcopy-bytes': 0, 'mbps': 1082.14848, 'transferred': 1014219730, 'dirty-sync-missed-zero-copy': 0, 'precopy-bytes': 0, 'duplicate': 799443, 'dirty-pages-rate': 0, 'normal-bytes': 1005060096, 'normal': 245376}}
QMP cmd [src5] query-migrate args={}
QMP reply [src5] query-migrate: {'expected-downtime': 300, 'status': 'active', 'setup-time': 3, 'total-time': 7639, 'ram': {'total': 8607571968, 'postcopy-requests': 0, 'dirty-sync-count': 1, 'multifd-bytes': 0, 'pages-per-second': 33020, 'downtime-bytes': 1041272372, 'page-size': 4096, 'remaining': 4300951552, 'postcopy-bytes': 0, 'mbps': 1082.14848, 'transferred': 1041273424, 'dirty-sync-missed-zero-copy': 0, 'precopy-bytes': 0, 'duplicate': 799453, 'dirty-pages-rate': 0, 'normal-bytes': 1032060928, 'normal': 251968}}
QMP cmd [src5] query-migrate args={}
QMP reply [src5] query-migrate: {'expected-downtime': 300, 'status': 'active', 'setup-time': 3, 'total-time': 7840, 'ram': {'total': 8607571968, 'postcopy-requests': 0, 'dirty-sync-count': 1, 'multifd-bytes': 0, 'pages-per-second': 32960, 'downtime-bytes': 1068332949, 'page-size': 4096, 'remaining': 4270768128, 'postcopy-bytes': 0, 'mbps': 1082.1441599999998, 'transferred': 1068334021, 'dirty-sync-missed-zero-copy': 0, 'precopy-bytes': 0, 'duplicate': 800230, 'dirty-pages-rate': 0, 'normal-bytes': 1059061760, 'normal': 258560}}
QMP cmd [src5] query-migrate args={}
QMP reply [src5] query-migrate: {'expected-downtime': 300, 'status': 'active', 'setup-time': 3, 'total-time': 8041, 'ram': {'total': 8607571968, 'postcopy-requests': 0, 'dirty-sync-count': 1, 'multifd-bytes': 0, 'pages-per-second': 33020, 'downtime-bytes': 1095386965, 'page-size': 4096, 'remaining': 4243570688, 'postcopy-bytes': 0, 'mbps': 1082.14848, 'transferred': 1095388057, 'dirty-sync-missed-zero-copy': 0, 'precopy-bytes': 0, 'duplicate': 800278, 'dirty-pages-rate': 0, 'normal-bytes': 1086062592, 'normal': 265152}}
QMP cmd [src5] query-migrate args={}
QMP reply [src5] query-migrate: {'expected-downtime': 300, 'status': 'active', 'setup-time': 3, 'total-time': 8242, 'ram': {'total': 8607571968, 'postcopy-requests': 0, 'dirty-sync-count': 1, 'multifd-bytes': 0, 'pages-per-second': 33010, 'downtime-bytes': 1122440612, 'page-size': 4096, 'remaining': 4216541184, 'postcopy-bytes': 0, 'mbps': 1082.14776, 'transferred': 1122441724, 'dirty-sync-missed-zero-copy': 0, 'precopy-bytes': 0, 'duplicate': 800285, 'dirty-pages-rate': 0, 'normal-bytes': 1113063424, 'normal': 271744}}
QMP cmd [src5] query-migrate args={}
QMP reply [src5] query-migrate: {'expected-downtime': 300, 'status': 'active', 'setup-time': 3, 'total-time': 8443, 'ram': {'total': 8607571968, 'postcopy-requests': 0, 'dirty-sync-count': 1, 'multifd-bytes': 0, 'pages-per-second': 32960, 'downtime-bytes': 1149494196, 'page-size': 4096, 'remaining': 4189540352, 'postcopy-bytes': 0, 'mbps': 1082.1441599999998, 'transferred': 1149495328, 'dirty-sync-missed-zero-copy': 0, 'precopy-bytes': 0, 'duplicate': 800285, 'dirty-pages-rate': 0, 'normal-bytes': 1140064256, 'normal': 278336}}
QMP cmd [src5] query-migrate args={}
QMP reply [src5] query-migrate: {'expected-downtime': 300, 'status': 'active', 'setup-time': 3, 'total-time': 8644, 'ram': {'total': 8607571968, 'postcopy-requests': 0, 'dirty-sync-count': 1, 'multifd-bytes': 0, 'pages-per-second': 33000, 'downtime-bytes': 1176547834, 'page-size': 4096, 'remaining': 4162514944, 'postcopy-bytes': 0, 'mbps': 1082.14704, 'transferred': 1176548986, 'dirty-sync-missed-zero-copy': 0, 'precopy-bytes': 0, 'duplicate': 800291, 'dirty-pages-rate': 0, 'normal-bytes': 1167065088, 'normal': 284928}}
QMP cmd [src5] query-migrate args={}
QMP reply [src5] query-migrate: {'expected-downtime': 300, 'status': 'active', 'setup-time': 3, 'total-time': 8845, 'ram': {'total': 8607571968, 'postcopy-requests': 0, 'dirty-sync-count': 1, 'multifd-bytes': 0, 'pages-per-second': 33000, 'downtime-bytes': 1203601508, 'page-size': 4096, 'remaining': 4135473152, 'postcopy-bytes': 0, 'mbps': 1082.14704, 'transferred': 1203602680, 'dirty-sync-missed-zero-copy': 0, 'precopy-bytes': 0, 'duplicate': 800301, 'dirty-pages-rate': 0, 'normal-bytes': 1194065920, 'normal': 291520}}
QMP cmd [src5] query-migrate args={}
QMP reply [src5] query-migrate: {'expected-downtime': 300, 'status': 'active', 'setup-time': 3, 'total-time': 9046, 'ram': {'total': 8607571968, 'postcopy-requests': 0, 'dirty-sync-count': 1, 'multifd-bytes': 0, 'pages-per-second': 32960, 'downtime-bytes': 1230655092, 'page-size': 4096, 'remaining': 4108472320, 'postcopy-bytes': 0, 'mbps': 1082.1441599999998, 'transferred': 1230656284, 'dirty-sync-missed-zero-copy': 0, 'precopy-bytes': 0, 'duplicate': 800301, 'dirty-pages-rate': 0, 'normal-bytes': 1221066752, 'normal': 298112}}
QMP cmd [src5] query-migrate args={}
QMP reply [src5] query-migrate: {'expected-downtime': 300, 'status': 'active', 'setup-time': 3, 'total-time': 9247, 'ram': {'total': 8607571968, 'postcopy-requests': 0, 'dirty-sync-count': 1, 'multifd-bytes': 0, 'pages-per-second': 32960, 'downtime-bytes': 1257709144, 'page-size': 4096, 'remaining': 4081258496, 'postcopy-bytes': 0, 'mbps': 1082.1441599999998, 'transferred': 1257710356, 'dirty-sync-missed-zero-copy': 0, 'precopy-bytes': 0, 'duplicate': 800353, 'dirty-pages-rate': 0, 'normal-bytes': 1248067584, 'normal': 304704}}
QMP cmd [src5] query-migrate args={}
QMP reply [src5] query-migrate: {'expected-downtime': 300, 'status': 'active', 'setup-time': 3, 'total-time': 9448, 'ram': {'total': 8607571968, 'postcopy-requests': 0, 'dirty-sync-count': 1, 'multifd-bytes': 0, 'pages-per-second': 32673, 'downtime-bytes': 1284765527, 'page-size': 4096, 'remaining': 4052983808, 'postcopy-bytes': 0, 'mbps': 1071.432712871287, 'transferred': 1284766759, 'dirty-sync-missed-zero-copy': 0, 'precopy-bytes': 0, 'duplicate': 800664, 'dirty-pages-rate': 0, 'normal-bytes': 1275068416, 'normal': 311296}}
QMP cmd [src5] query-migrate args={}
QMP reply [src5] query-migrate: {'expected-downtime': 300, 'status': 'active', 'setup-time': 3, 'total-time': 9649, 'ram': {'total': 8607571968, 'postcopy-requests': 0, 'dirty-sync-count': 1, 'multifd-bytes': 0, 'pages-per-second': 32980, 'downtime-bytes': 1311819129, 'page-size': 4096, 'remaining': 4025974784, 'postcopy-bytes': 0, 'mbps': 1082.1456, 'transferred': 1311820381, 'dirty-sync-missed-zero-copy': 0, 'precopy-bytes': 0, 'duplicate': 800666, 'dirty-pages-rate': 0, 'normal-bytes': 1302069248, 'normal': 317888}}
QMP cmd [src5] query-migrate args={}
QMP reply [src5] query-migrate: {'expected-downtime': 300, 'status': 'active', 'setup-time': 3, 'total-time': 9850, 'ram': {'total': 8607571968, 'postcopy-requests': 0, 'dirty-sync-count': 1, 'multifd-bytes': 0, 'pages-per-second': 33020, 'downtime-bytes': 1338872839, 'page-size': 4096, 'remaining': 3998916608, 'postcopy-bytes': 0, 'mbps': 1082.14848, 'transferred': 1338874111, 'dirty-sync-missed-zero-copy': 0, 'precopy-bytes': 0, 'duplicate': 800680, 'dirty-pages-rate': 0, 'normal-bytes': 1329070080, 'normal': 324480}}
2026-07-15 00:18:39.658160SSH command: ssh -o BatchMode=yes -o StrictHostKeyChecking=no -o UserKnownHostsFile=/dev/null -o ConnectTimeout=1 -o LogLevel=ERROR -p 2226 -i /home/max/.ssh/pgvm_bench user@127.0.0.1 test -f /tmp/bench.done
Return code: 255
Stdout: 
Stderr: Connection timed out during banner exchange

QMP cmd [src5] query-migrate args={}
QMP reply [src5] query-migrate: {'expected-downtime': 300, 'status': 'active', 'setup-time': 3, 'total-time': 10052, 'ram': {'total': 8607571968, 'postcopy-requests': 0, 'dirty-sync-count': 1, 'multifd-bytes': 0, 'pages-per-second': 33000, 'downtime-bytes': 1365926477, 'page-size': 4096, 'remaining': 3971891200, 'postcopy-bytes': 0, 'mbps': 1082.14704, 'transferred': 1365927769, 'dirty-sync-missed-zero-copy': 0, 'precopy-bytes': 0, 'duplicate': 800686, 'dirty-pages-rate': 0, 'normal-bytes': 1356070912, 'normal': 331072}}
QMP cmd [src5] query-migrate args={}
QMP reply [src5] query-migrate: {'expected-downtime': 300, 'status': 'active', 'setup-time': 3, 'total-time': 10253, 'ram': {'total': 8607571968, 'postcopy-requests': 0, 'dirty-sync-count': 1, 'multifd-bytes': 0, 'pages-per-second': 33020, 'downtime-bytes': 1392980142, 'page-size': 4096, 'remaining': 3944853504, 'postcopy-bytes': 0, 'mbps': 1082.14848, 'transferred': 1392981454, 'dirty-sync-missed-zero-copy': 0, 'precopy-bytes': 0, 'duplicate': 800695, 'dirty-pages-rate': 0, 'normal-bytes': 1383071744, 'normal': 337664}}
QMP cmd [src5] query-migrate args={}
QMP reply [src5] query-migrate: {'expected-downtime': 300, 'status': 'active', 'setup-time': 3, 'total-time': 10454, 'ram': {'total': 8607571968, 'postcopy-requests': 0, 'dirty-sync-count': 1, 'multifd-bytes': 0, 'pages-per-second': 34620, 'downtime-bytes': 1420035256, 'page-size': 4096, 'remaining': 3917156352, 'postcopy-bytes': 0, 'mbps': 1082.26368, 'transferred': 1420036588, 'dirty-sync-missed-zero-copy': 0, 'precopy-bytes': 0, 'duplicate': 800865, 'dirty-pages-rate': 0, 'normal-bytes': 1410072576, 'normal': 344256}}
QMP cmd [src5] query-migrate args={}
QMP reply [src5] query-migrate: {'expected-downtime': 300, 'status': 'active', 'setup-time': 3, 'total-time': 10655, 'ram': {'total': 8607571968, 'postcopy-requests': 0, 'dirty-sync-count': 1, 'multifd-bytes': 0, 'pages-per-second': 32980, 'downtime-bytes': 1447088957, 'page-size': 4096, 'remaining': 3890102272, 'postcopy-bytes': 0, 'mbps': 1082.1456, 'transferred': 1447090309, 'dirty-sync-missed-zero-copy': 0, 'precopy-bytes': 0, 'duplicate': 800878, 'dirty-pages-rate': 0, 'normal-bytes': 1437073408, 'normal': 350848}}
QMP cmd [src5] query-migrate args={}
QMP reply [src5] query-migrate: {'expected-downtime': 300, 'status': 'active', 'setup-time': 3, 'total-time': 10856, 'ram': {'total': 8607571968, 'postcopy-requests': 0, 'dirty-sync-count': 1, 'multifd-bytes': 0, 'pages-per-second': 33060, 'downtime-bytes': 1474142685, 'page-size': 4096, 'remaining': 3863035904, 'postcopy-bytes': 0, 'mbps': 1082.15136, 'transferred': 1474144057, 'dirty-sync-missed-zero-copy': 0, 'precopy-bytes': 0, 'duplicate': 800894, 'dirty-pages-rate': 0, 'normal-bytes': 1464074240, 'normal': 357440}}
QMP cmd [src5] query-migrate args={}
QMP reply [src5] query-migrate: {'expected-downtime': 300, 'status': 'active', 'setup-time': 3, 'total-time': 11057, 'ram': {'total': 8607571968, 'postcopy-requests': 0, 'dirty-sync-count': 1, 'multifd-bytes': 0, 'pages-per-second': 33000, 'downtime-bytes': 1501196431, 'page-size': 4096, 'remaining': 3835961344, 'postcopy-bytes': 0, 'mbps': 1082.14704, 'transferred': 1501197823, 'dirty-sync-missed-zero-copy': 0, 'precopy-bytes': 0, 'duplicate': 800912, 'dirty-pages-rate': 0, 'normal-bytes': 1491075072, 'normal': 364032}}
QMP cmd [src5] query-migrate args={}
QMP reply [src5] query-migrate: {'expected-downtime': 300, 'status': 'active', 'setup-time': 3, 'total-time': 11258, 'ram': {'total': 8607571968, 'postcopy-requests': 0, 'dirty-sync-count': 1, 'multifd-bytes': 0, 'pages-per-second': 33000, 'downtime-bytes': 1528250141, 'page-size': 4096, 'remaining': 3808903168, 'postcopy-bytes': 0, 'mbps': 1082.14704, 'transferred': 1528251553, 'dirty-sync-missed-zero-copy': 0, 'precopy-bytes': 0, 'duplicate': 800926, 'dirty-pages-rate': 0, 'normal-bytes': 1518075904, 'normal': 370624}}
QMP cmd [src5] query-migrate args={}
QMP reply [src5] query-migrate: {'expected-downtime': 300, 'status': 'active', 'setup-time': 3, 'total-time': 11459, 'ram': {'total': 8607571968, 'postcopy-requests': 0, 'dirty-sync-count': 1, 'multifd-bytes': 0, 'pages-per-second': 33180, 'downtime-bytes': 1555304103, 'page-size': 4096, 'remaining': 3781730304, 'postcopy-bytes': 0, 'mbps': 1082.16, 'transferred': 1555305535, 'dirty-sync-missed-zero-copy': 0, 'precopy-bytes': 0, 'duplicate': 800968, 'dirty-pages-rate': 0, 'normal-bytes': 1545076736, 'normal': 377216}}
QMP cmd [src5] query-migrate args={}
QMP reply [src5] query-migrate: {'expected-downtime': 300, 'status': 'active', 'setup-time': 3, 'total-time': 11660, 'ram': {'total': 8607571968, 'postcopy-requests': 0, 'dirty-sync-count': 1, 'multifd-bytes': 0, 'pages-per-second': 33160, 'downtime-bytes': 1582358173, 'page-size': 4096, 'remaining': 3754508288, 'postcopy-bytes': 0, 'mbps': 1082.15856, 'transferred': 1582359625, 'dirty-sync-missed-zero-copy': 0, 'precopy-bytes': 0, 'duplicate': 801022, 'dirty-pages-rate': 0, 'normal-bytes': 1572077568, 'normal': 383808}}
QMP cmd [src5] query-migrate args={}
QMP reply [src5] query-migrate: {'expected-downtime': 300, 'status': 'active', 'setup-time': 3, 'total-time': 11861, 'ram': {'total': 8607571968, 'postcopy-requests': 0, 'dirty-sync-count': 1, 'multifd-bytes': 0, 'pages-per-second': 33160, 'downtime-bytes': 1609412495, 'page-size': 4096, 'remaining': 3727171584, 'postcopy-bytes': 0, 'mbps': 1082.15856, 'transferred': 1609413967, 'dirty-sync-missed-zero-copy': 0, 'precopy-bytes': 0, 'duplicate': 801104, 'dirty-pages-rate': 0, 'normal-bytes': 1599078400, 'normal': 390400}}
QMP cmd [src5] query-migrate args={}
QMP reply [src5] query-migrate: {'expected-downtime': 300, 'status': 'active', 'setup-time': 3, 'total-time': 12062, 'ram': {'total': 8607571968, 'postcopy-requests': 0, 'dirty-sync-count': 1, 'multifd-bytes': 0, 'pages-per-second': 34140, 'downtime-bytes': 1636470615, 'page-size': 4096, 'remaining': 3698106368, 'postcopy-bytes': 0, 'mbps': 1082.2291200000002, 'transferred': 1636472107, 'dirty-sync-missed-zero-copy': 0, 'precopy-bytes': 0, 'duplicate': 801608, 'dirty-pages-rate': 0, 'normal-bytes': 1626079232, 'normal': 396992}}
QMP cmd [src5] query-migrate args={}
QMP reply [src5] query-migrate: {'expected-downtime': 300, 'status': 'active', 'setup-time': 3, 'total-time': 12263, 'ram': {'total': 8607571968, 'postcopy-requests': 0, 'dirty-sync-count': 1, 'multifd-bytes': 0, 'pages-per-second': 36600, 'downtime-bytes': 1663531723, 'page-size': 4096, 'remaining': 3667681280, 'postcopy-bytes': 0, 'mbps': 1082.40624, 'transferred': 1663533235, 'dirty-sync-missed-zero-copy': 0, 'precopy-bytes': 0, 'duplicate': 802444, 'dirty-pages-rate': 0, 'normal-bytes': 1653080064, 'normal': 403584}}
QMP cmd [src5] query-migrate args={}
QMP reply [src5] query-migrate: {'expected-downtime': 300, 'status': 'active', 'setup-time': 3, 'total-time': 12464, 'ram': {'total': 8607571968, 'postcopy-requests': 0, 'dirty-sync-count': 1, 'multifd-bytes': 0, 'pages-per-second': 37440, 'downtime-bytes': 1690596737, 'page-size': 4096, 'remaining': 3635478528, 'postcopy-bytes': 0, 'mbps': 1082.46672, 'transferred': 1690598269, 'dirty-sync-missed-zero-copy': 0, 'precopy-bytes': 0, 'duplicate': 803714, 'dirty-pages-rate': 0, 'normal-bytes': 1680080896, 'normal': 410176}}
QMP cmd [src5] query-migrate args={}
QMP reply [src5] query-migrate: {'expected-downtime': 300, 'status': 'active', 'setup-time': 3, 'total-time': 12665, 'ram': {'total': 8607571968, 'postcopy-requests': 0, 'dirty-sync-count': 1, 'multifd-bytes': 0, 'pages-per-second': 37080, 'downtime-bytes': 1717657935, 'page-size': 4096, 'remaining': 3605012480, 'postcopy-bytes': 0, 'mbps': 1082.4408, 'transferred': 1717659487, 'dirty-sync-missed-zero-copy': 0, 'precopy-bytes': 0, 'duplicate': 804560, 'dirty-pages-rate': 0, 'normal-bytes': 1707081728, 'normal': 416768}}
QMP cmd [src5] query-migrate args={}
QMP reply [src5] query-migrate: {'expected-downtime': 300, 'status': 'active', 'setup-time': 3, 'total-time': 12866, 'ram': {'total': 8607571968, 'postcopy-requests': 0, 'dirty-sync-count': 1, 'multifd-bytes': 0, 'pages-per-second': 37250, 'downtime-bytes': 1744719259, 'page-size': 4096, 'remaining': 3574489088, 'postcopy-bytes': 0, 'mbps': 1082.45304, 'transferred': 1744720831, 'dirty-sync-missed-zero-copy': 0, 'precopy-bytes': 0, 'duplicate': 805420, 'dirty-pages-rate': 0, 'normal-bytes': 1734082560, 'normal': 423360}}
2026-07-15 00:18:42.664239SSH command: ssh -o BatchMode=yes -o StrictHostKeyChecking=no -o UserKnownHostsFile=/dev/null -o ConnectTimeout=1 -o LogLevel=ERROR -p 2226 -i /home/max/.ssh/pgvm_bench user@127.0.0.1 test -f /tmp/bench.done
Return code: 255
Stdout: 
Stderr: Connection timed out during banner exchange

qemu-system-x86_64: terminating on signal 15 from pid 38411 (/home/max/Bachelor-Thesis/Repo/.venv/bin/python)
QMP cmd [src5] query-migrate args={}
QMP reply [src5] query-migrate: {'expected-downtime': 300, 'status': 'active', 'setup-time': 3, 'total-time': 13067, 'ram': {'total': 8607571968, 'postcopy-requests': 0, 'dirty-sync-count': 1, 'multifd-bytes': 0, 'pages-per-second': 4142940, 'downtime-bytes': 1771639931, 'page-size': 4096, 'remaining': 162033664, 'postcopy-bytes': 0, 'mbps': 1076.34312, 'transferred': 1771641523, 'dirty-sync-missed-zero-copy': 0, 'precopy-bytes': 0, 'duplicate': 1633796, 'dirty-pages-rate': 0, 'normal-bytes': 1753509888, 'normal': 428103}}
QMP cmd [src5] query-migrate args={}
QMP reply [src5] query-migrate: {'expected-downtime': 300, 'status': 'active', 'setup-time': 3, 'total-time': 13268, 'ram': {'total': 8607571968, 'postcopy-requests': 0, 'dirty-sync-count': 1, 'multifd-bytes': 0, 'pages-per-second': 34150, 'downtime-bytes': 1798694586, 'page-size': 4096, 'remaining': 134545408, 'postcopy-bytes': 0, 'mbps': 1082.2298400000002, 'transferred': 1798696198, 'dirty-sync-missed-zero-copy': 0, 'precopy-bytes': 0, 'duplicate': 1633915, 'dirty-pages-rate': 0, 'normal-bytes': 1780510720, 'normal': 434695}}
QMP cmd [src5] query-migrate args={}
QMP reply [src5] query-migrate: {'expected-downtime': 300, 'status': 'active', 'setup-time': 3, 'total-time': 13469, 'ram': {'total': 8607571968, 'postcopy-requests': 0, 'dirty-sync-count': 1, 'multifd-bytes': 0, 'pages-per-second': 32960, 'downtime-bytes': 1825748170, 'page-size': 4096, 'remaining': 107544576, 'postcopy-bytes': 0, 'mbps': 1082.1441599999998, 'transferred': 1825749802, 'dirty-sync-missed-zero-copy': 0, 'precopy-bytes': 0, 'duplicate': 1633915, 'dirty-pages-rate': 0, 'normal-bytes': 1807511552, 'normal': 441287}}
QMP cmd [src5] query-migrate args={}
QMP reply [src5] query-migrate: {'expected-downtime': 300, 'status': 'active', 'setup-time': 3, 'total-time': 13670, 'ram': {'total': 8607571968, 'postcopy-requests': 0, 'dirty-sync-count': 1, 'multifd-bytes': 0, 'pages-per-second': 32960, 'downtime-bytes': 1852801754, 'page-size': 4096, 'remaining': 80543744, 'postcopy-bytes': 0, 'mbps': 1082.1441599999998, 'transferred': 1852803406, 'dirty-sync-missed-zero-copy': 0, 'precopy-bytes': 0, 'duplicate': 1633915, 'dirty-pages-rate': 0, 'normal-bytes': 1834512384, 'normal': 447879}}
QMP cmd [src5] query-migrate args={}
QMP reply [src5] query-migrate: {'expected-downtime': 300, 'status': 'active', 'setup-time': 3, 'total-time': 13871, 'ram': {'total': 8607571968, 'postcopy-requests': 0, 'dirty-sync-count': 1, 'multifd-bytes': 0, 'pages-per-second': 32960, 'downtime-bytes': 1879855338, 'page-size': 4096, 'remaining': 53542912, 'postcopy-bytes': 0, 'mbps': 1082.1441599999998, 'transferred': 1879857010, 'dirty-sync-missed-zero-copy': 0, 'precopy-bytes': 0, 'duplicate': 1633915, 'dirty-pages-rate': 0, 'normal-bytes': 1861513216, 'normal': 454471}}
QMP cmd [src5] query-migrate args={}
QMP reply [src5] query-migrate: {'status': 'completed', 'setup-time': 3, 'downtime': 22, 'total-time': 14025, 'ram': {'total': 8607571968, 'postcopy-requests': 0, 'dirty-sync-count': 3, 'multifd-bytes': 0, 'pages-per-second': 32960, 'downtime-bytes': 1916172937, 'page-size': 4096, 'remaining': 0, 'postcopy-bytes': 0, 'mbps': 1093.4780619027242, 'transferred': 1916593673, 'dirty-sync-missed-zero-copy': 0, 'precopy-bytes': 0, 'duplicate': 1638147, 'dirty-pages-rate': 0, 'normal-bytes': 1897721856, 'normal': 463311}}
