2026-07-15 00:06:48.817250SSH command: ssh -o BatchMode=yes -o StrictHostKeyChecking=no -o UserKnownHostsFile=/dev/null -o ConnectTimeout=1 -o LogLevel=ERROR -p 2224 -i /home/max/.ssh/pgvm_bench user@127.0.0.1 systemd-analyze
Return code: 0
Stdout: Startup finished in 788ms (kernel) + 3.180s (userspace) = 3.969s 
graphical.target reached after 3.180s in userspace.

Stderr: 
2026-07-15 00:06:48.959045SSH command: ssh -o BatchMode=yes -o StrictHostKeyChecking=no -o UserKnownHostsFile=/dev/null -o ConnectTimeout=1 -o LogLevel=ERROR -p 2224 -i /home/max/.ssh/pgvm_bench user@127.0.0.1 rm -f /tmp/bench.done /tmp/pg-buffer-hit-ratio.csv /tmp/pg-buffer-sampler.log; nohup bash /home/user/pg_sampler.sh /tmp/bench.done /tmp/pg-buffer-hit-ratio.csv ycsb >/tmp/pg-buffer-sampler.log 2>&1 &
Return code: 0
Stdout: 
Stderr: 
QMP cmd [src3] stop args={}
QMP cmd [src3] query-migrate args={}
QMP reply [src3] stop: {}
QMP cmd [src3] migrate-set-capabilities args={'capabilities': [{'capability': 'auto-converge', 'state': False}, {'capability': 'events', 'state': True}, {'capability': 'postcopy-blocktime', 'state': False}, {'capability': 'postcopy-ram', 'state': False}]}
QMP reply [src3] query-migrate: {}
QMP reply [src3] migrate-set-capabilities: {}
QMP cmd [src3] migrate args={'uri': 'unix:/tmp/mig.sock'}
QMP reply [src3] migrate: {}
QMP cmd [src3] query-migrate args={}
QMP reply [src3] query-migrate: {'expected-downtime': 300, 'status': 'active', 'setup-time': 1, 'total-time': 200, 'ram': {'total': 8607571968, 'postcopy-requests': 0, 'dirty-sync-count': 1, 'multifd-bytes': 0, 'pages-per-second': 37300, 'downtime-bytes': 27059810, 'page-size': 4096, 'remaining': 8577740800, 'postcopy-bytes': 0, 'mbps': 1082.47976, 'transferred': 27060112, 'dirty-sync-missed-zero-copy': 0, 'precopy-bytes': 0, 'duplicate': 691, 'dirty-pages-rate': 0, 'normal-bytes': 27000832, 'normal': 6592}}
QMP cmd [src3] query-migrate args={}
QMP reply [src3] query-migrate: {'expected-downtime': 300, 'status': 'active', 'setup-time': 1, 'total-time': 402, 'ram': {'total': 8607571968, 'postcopy-requests': 0, 'dirty-sync-count': 1, 'multifd-bytes': 0, 'pages-per-second': 2045870, 'downtime-bytes': 61732703, 'page-size': 4096, 'remaining': 7681077248, 'postcopy-bytes': 0, 'mbps': 1074.08448, 'transferred': 61605803, 'dirty-sync-missed-zero-copy': 0, 'precopy-bytes': 0, 'duplicate': 211616, 'dirty-pages-rate': 0, 'normal-bytes': 59711488, 'normal': 14578}}
QMP cmd [src3] query-migrate args={}
QMP reply [src3] query-migrate: {'expected-downtime': 300, 'status': 'active', 'setup-time': 1, 'total-time': 603, 'ram': {'total': 8607571968, 'postcopy-requests': 0, 'dirty-sync-count': 1, 'multifd-bytes': 0, 'pages-per-second': 157750, 'downtime-bytes': 89601813, 'page-size': 4096, 'remaining': 5348421632, 'postcopy-bytes': 0, 'mbps': 1080.6458400000001, 'transferred': 89473511, 'dirty-sync-missed-zero-copy': 0, 'precopy-bytes': 0, 'duplicate': 775558, 'dirty-pages-rate': 0, 'normal-bytes': 82460672, 'normal': 20132}}
QMP cmd [src3] query-migrate args={}
QMP reply [src3] query-migrate: {'expected-downtime': 300, 'status': 'active', 'setup-time': 1, 'total-time': 804, 'ram': {'total': 8607571968, 'postcopy-requests': 0, 'dirty-sync-count': 1, 'multifd-bytes': 0, 'pages-per-second': 51400, 'downtime-bytes': 121547320, 'page-size': 4096, 'remaining': 5303517184, 'postcopy-bytes': 0, 'mbps': 1083.4718400000002, 'transferred': 121547692, 'dirty-sync-missed-zero-copy': 0, 'precopy-bytes': 0, 'duplicate': 778745, 'dirty-pages-rate': 0, 'normal-bytes': 114315264, 'normal': 27909}}
QMP cmd [src3] query-migrate args={}
2026-07-15 00:09:20.214852SSH command: ssh -o BatchMode=yes -o StrictHostKeyChecking=no -o UserKnownHostsFile=/dev/null -o ConnectTimeout=1 -o LogLevel=ERROR -p 2224 -i /home/max/.ssh/pgvm_bench user@127.0.0.1 test -f /tmp/bench.done
Return code: 255
Stdout: 
Stderr: Connection timed out during banner exchange

QMP reply [src3] query-migrate: {'expected-downtime': 300, 'status': 'active', 'setup-time': 1, 'total-time': 1005, 'ram': {'total': 8607571968, 'postcopy-requests': 0, 'dirty-sync-count': 1, 'multifd-bytes': 0, 'pages-per-second': 43140, 'downtime-bytes': 148624457, 'page-size': 4096, 'remaining': 5265797120, 'postcopy-bytes': 0, 'mbps': 1082.87712, 'transferred': 148624849, 'dirty-sync-missed-zero-copy': 0, 'precopy-bytes': 0, 'duplicate': 781362, 'dirty-pages-rate': 0, 'normal-bytes': 141316096, 'normal': 34501}}
QMP cmd [src3] query-migrate args={}
QMP reply [src3] query-migrate: {'expected-downtime': 300, 'status': 'active', 'setup-time': 1, 'total-time': 1206, 'ram': {'total': 8607571968, 'postcopy-requests': 0, 'dirty-sync-count': 1, 'multifd-bytes': 0, 'pages-per-second': 33010, 'downtime-bytes': 175678716, 'page-size': 4096, 'remaining': 5238489088, 'postcopy-bytes': 0, 'mbps': 1082.14776, 'transferred': 175679128, 'dirty-sync-missed-zero-copy': 0, 'precopy-bytes': 0, 'duplicate': 781437, 'dirty-pages-rate': 0, 'normal-bytes': 168316928, 'normal': 41093}}
QMP cmd [src3] query-migrate args={}
QMP reply [src3] query-migrate: {'expected-downtime': 300, 'status': 'active', 'setup-time': 1, 'total-time': 1407, 'ram': {'total': 8607571968, 'postcopy-requests': 0, 'dirty-sync-count': 1, 'multifd-bytes': 0, 'pages-per-second': 41210, 'downtime-bytes': 202750363, 'page-size': 4096, 'remaining': 5203267584, 'postcopy-bytes': 0, 'mbps': 1082.7381599999999, 'transferred': 202750795, 'dirty-sync-missed-zero-copy': 0, 'precopy-bytes': 0, 'duplicate': 783444, 'dirty-pages-rate': 0, 'normal-bytes': 195317760, 'normal': 47685}}
QMP cmd [src3] query-migrate args={}
QMP reply [src3] query-migrate: {'expected-downtime': 300, 'status': 'active', 'setup-time': 1, 'total-time': 1608, 'ram': {'total': 8607571968, 'postcopy-requests': 0, 'dirty-sync-count': 1, 'multifd-bytes': 0, 'pages-per-second': 32990, 'downtime-bytes': 229704551, 'page-size': 4096, 'remaining': 5161865216, 'postcopy-bytes': 0, 'mbps': 1082.14632, 'transferred': 229705003, 'dirty-sync-missed-zero-copy': 0, 'precopy-bytes': 0, 'duplicate': 786992, 'dirty-pages-rate': 0, 'normal-bytes': 222187520, 'normal': 54245}}
QMP cmd [src3] query-migrate args={}
QMP reply [src3] query-migrate: {'expected-downtime': 300, 'status': 'active', 'setup-time': 1, 'total-time': 1809, 'ram': {'total': 8607571968, 'postcopy-requests': 0, 'dirty-sync-count': 1, 'multifd-bytes': 0, 'pages-per-second': 42580, 'downtime-bytes': 256766856, 'page-size': 4096, 'remaining': 5130895360, 'postcopy-bytes': 0, 'mbps': 1082.8368, 'transferred': 256767328, 'dirty-sync-missed-zero-copy': 0, 'precopy-bytes': 0, 'duplicate': 787961, 'dirty-pages-rate': 0, 'normal-bytes': 249188352, 'normal': 60837}}
QMP cmd [src3] query-migrate args={}
QMP reply [src3] query-migrate: {'expected-downtime': 300, 'status': 'active', 'setup-time': 1, 'total-time': 2010, 'ram': {'total': 8607571968, 'postcopy-requests': 0, 'dirty-sync-count': 1, 'multifd-bytes': 0, 'pages-per-second': 33030, 'downtime-bytes': 283824544, 'page-size': 4096, 'remaining': 5102026752, 'postcopy-bytes': 0, 'mbps': 1082.1492, 'transferred': 283825036, 'dirty-sync-missed-zero-copy': 0, 'precopy-bytes': 0, 'duplicate': 788417, 'dirty-pages-rate': 0, 'normal-bytes': 276189184, 'normal': 67429}}
QMP cmd [src3] query-migrate args={}
QMP reply [src3] query-migrate: {'expected-downtime': 300, 'status': 'active', 'setup-time': 1, 'total-time': 2211, 'ram': {'total': 8607571968, 'postcopy-requests': 0, 'dirty-sync-count': 1, 'multifd-bytes': 0, 'pages-per-second': 33470, 'downtime-bytes': 310878722, 'page-size': 4096, 'remaining': 5074755584, 'postcopy-bytes': 0, 'mbps': 1082.18088, 'transferred': 310879234, 'dirty-sync-missed-zero-copy': 0, 'precopy-bytes': 0, 'duplicate': 788483, 'dirty-pages-rate': 0, 'normal-bytes': 303190016, 'normal': 74021}}
QMP cmd [src3] query-migrate args={}
QMP reply [src3] query-migrate: {'expected-downtime': 300, 'status': 'active', 'setup-time': 1, 'total-time': 2412, 'ram': {'total': 8607571968, 'postcopy-requests': 0, 'dirty-sync-count': 1, 'multifd-bytes': 0, 'pages-per-second': 54190, 'downtime-bytes': 337953681, 'page-size': 4096, 'remaining': 5038026752, 'postcopy-bytes': 0, 'mbps': 1083.67272, 'transferred': 337954213, 'dirty-sync-missed-zero-copy': 0, 'precopy-bytes': 0, 'duplicate': 790858, 'dirty-pages-rate': 0, 'normal-bytes': 330190848, 'normal': 80613}}
QMP cmd [src3] query-migrate args={}
QMP reply [src3] query-migrate: {'expected-downtime': 300, 'status': 'active', 'setup-time': 1, 'total-time': 2613, 'ram': {'total': 8607571968, 'postcopy-requests': 0, 'dirty-sync-count': 1, 'multifd-bytes': 0, 'pages-per-second': 32960, 'downtime-bytes': 365007265, 'page-size': 4096, 'remaining': 5011025920, 'postcopy-bytes': 0, 'mbps': 1082.1441599999998, 'transferred': 365007817, 'dirty-sync-missed-zero-copy': 0, 'precopy-bytes': 0, 'duplicate': 790858, 'dirty-pages-rate': 0, 'normal-bytes': 357191680, 'normal': 87205}}
QMP cmd [src3] query-migrate args={}
QMP reply [src3] query-migrate: {'expected-downtime': 300, 'status': 'active', 'setup-time': 1, 'total-time': 2814, 'ram': {'total': 8607571968, 'postcopy-requests': 0, 'dirty-sync-count': 1, 'multifd-bytes': 0, 'pages-per-second': 35210, 'downtime-bytes': 392068580, 'page-size': 4096, 'remaining': 4980506624, 'postcopy-bytes': 0, 'mbps': 1082.3061599999999, 'transferred': 392069152, 'dirty-sync-missed-zero-copy': 0, 'precopy-bytes': 0, 'duplicate': 791717, 'dirty-pages-rate': 0, 'normal-bytes': 384192512, 'normal': 93797}}
QMP cmd [src3] query-migrate args={}
QMP reply [src3] query-migrate: {'expected-downtime': 300, 'status': 'active', 'setup-time': 1, 'total-time': 3017, 'ram': {'total': 8607571968, 'postcopy-requests': 0, 'dirty-sync-count': 1, 'multifd-bytes': 0, 'pages-per-second': 48000, 'downtime-bytes': 419139804, 'page-size': 4096, 'remaining': 4945477632, 'postcopy-bytes': 0, 'mbps': 1083.22704, 'transferred': 419140396, 'dirty-sync-missed-zero-copy': 0, 'precopy-bytes': 0, 'duplicate': 793677, 'dirty-pages-rate': 0, 'normal-bytes': 411193344, 'normal': 100389}}
QMP cmd [src3] query-migrate args={}
QMP reply [src3] query-migrate: {'expected-downtime': 300, 'status': 'active', 'setup-time': 1, 'total-time': 3218, 'ram': {'total': 8607571968, 'postcopy-requests': 0, 'dirty-sync-count': 1, 'multifd-bytes': 0, 'pages-per-second': 32970, 'downtime-bytes': 446193685, 'page-size': 4096, 'remaining': 4918341632, 'postcopy-bytes': 0, 'mbps': 1082.1448799999998, 'transferred': 446194297, 'dirty-sync-missed-zero-copy': 0, 'precopy-bytes': 0, 'duplicate': 793710, 'dirty-pages-rate': 0, 'normal-bytes': 438194176, 'normal': 106981}}
QMP cmd [src3] query-migrate args={}
QMP reply [src3] query-migrate: {'expected-downtime': 300, 'status': 'active', 'setup-time': 1, 'total-time': 3419, 'ram': {'total': 8607571968, 'postcopy-requests': 0, 'dirty-sync-count': 1, 'multifd-bytes': 0, 'pages-per-second': 32960, 'downtime-bytes': 473248187, 'page-size': 4096, 'remaining': 4890923008, 'postcopy-bytes': 0, 'mbps': 1082.1441599999998, 'transferred': 473248819, 'dirty-sync-missed-zero-copy': 0, 'precopy-bytes': 0, 'duplicate': 793812, 'dirty-pages-rate': 0, 'normal-bytes': 465195008, 'normal': 113573}}
QMP cmd [src3] query-migrate args={}
QMP reply [src3] query-migrate: {'expected-downtime': 300, 'status': 'active', 'setup-time': 1, 'total-time': 3620, 'ram': {'total': 8607571968, 'postcopy-requests': 0, 'dirty-sync-count': 1, 'multifd-bytes': 0, 'pages-per-second': 33540, 'downtime-bytes': 500302491, 'page-size': 4096, 'remaining': 4863594496, 'postcopy-bytes': 0, 'mbps': 1082.18592, 'transferred': 500303143, 'dirty-sync-missed-zero-copy': 0, 'precopy-bytes': 0, 'duplicate': 793892, 'dirty-pages-rate': 0, 'normal-bytes': 492195840, 'normal': 120165}}
QMP cmd [src3] query-migrate args={}
QMP reply [src3] query-migrate: {'expected-downtime': 300, 'status': 'active', 'setup-time': 1, 'total-time': 3821, 'ram': {'total': 8607571968, 'postcopy-requests': 0, 'dirty-sync-count': 1, 'multifd-bytes': 0, 'pages-per-second': 33360, 'downtime-bytes': 527358019, 'page-size': 4096, 'remaining': 4835708928, 'postcopy-bytes': 0, 'mbps': 1082.1729599999999, 'transferred': 527358691, 'dirty-sync-missed-zero-copy': 0, 'precopy-bytes': 0, 'duplicate': 794108, 'dirty-pages-rate': 0, 'normal-bytes': 519196672, 'normal': 126757}}
2026-07-15 00:09:23.220921SSH command: ssh -o BatchMode=yes -o StrictHostKeyChecking=no -o UserKnownHostsFile=/dev/null -o ConnectTimeout=1 -o LogLevel=ERROR -p 2224 -i /home/max/.ssh/pgvm_bench user@127.0.0.1 test -f /tmp/bench.done
Return code: 255
Stdout: 
Stderr: Connection timed out during banner exchange

QMP cmd [src3] query-migrate args={}
QMP reply [src3] query-migrate: {'expected-downtime': 300, 'status': 'active', 'setup-time': 1, 'total-time': 4022, 'ram': {'total': 8607571968, 'postcopy-requests': 0, 'dirty-sync-count': 1, 'multifd-bytes': 0, 'pages-per-second': 33540, 'downtime-bytes': 554412287, 'page-size': 4096, 'remaining': 4808396800, 'postcopy-bytes': 0, 'mbps': 1082.18592, 'transferred': 554412979, 'dirty-sync-missed-zero-copy': 0, 'precopy-bytes': 0, 'duplicate': 794184, 'dirty-pages-rate': 0, 'normal-bytes': 546197504, 'normal': 133349}}
QMP cmd [src3] query-migrate args={}
QMP reply [src3] query-migrate: {'expected-downtime': 300, 'status': 'active', 'setup-time': 1, 'total-time': 4223, 'ram': {'total': 8607571968, 'postcopy-requests': 0, 'dirty-sync-count': 1, 'multifd-bytes': 0, 'pages-per-second': 35090, 'downtime-bytes': 581467932, 'page-size': 4096, 'remaining': 4780457984, 'postcopy-bytes': 0, 'mbps': 1082.29752, 'transferred': 581468644, 'dirty-sync-missed-zero-copy': 0, 'precopy-bytes': 0, 'duplicate': 794413, 'dirty-pages-rate': 0, 'normal-bytes': 573198336, 'normal': 139941}}
QMP cmd [src3] query-migrate args={}
QMP reply [src3] query-migrate: {'expected-downtime': 300, 'status': 'active', 'setup-time': 1, 'total-time': 4424, 'ram': {'total': 8607571968, 'postcopy-requests': 0, 'dirty-sync-count': 1, 'multifd-bytes': 0, 'pages-per-second': 33800, 'downtime-bytes': 608522407, 'page-size': 4096, 'remaining': 4753051648, 'postcopy-bytes': 0, 'mbps': 1082.20464, 'transferred': 608523139, 'dirty-sync-missed-zero-copy': 0, 'precopy-bytes': 0, 'duplicate': 794512, 'dirty-pages-rate': 0, 'normal-bytes': 600199168, 'normal': 146533}}
QMP cmd [src3] query-migrate args={}
QMP reply [src3] query-migrate: {'expected-downtime': 300, 'status': 'active', 'setup-time': 1, 'total-time': 4625, 'ram': {'total': 8607571968, 'postcopy-requests': 0, 'dirty-sync-count': 1, 'multifd-bytes': 0, 'pages-per-second': 32960, 'downtime-bytes': 635576198, 'page-size': 4096, 'remaining': 4725956608, 'postcopy-bytes': 0, 'mbps': 1082.1441599999998, 'transferred': 635576950, 'dirty-sync-missed-zero-copy': 0, 'precopy-bytes': 0, 'duplicate': 794535, 'dirty-pages-rate': 0, 'normal-bytes': 627200000, 'normal': 153125}}
QMP cmd [src3] query-migrate args={}
QMP reply [src3] query-migrate: {'expected-downtime': 300, 'status': 'active', 'setup-time': 1, 'total-time': 4826, 'ram': {'total': 8607571968, 'postcopy-requests': 0, 'dirty-sync-count': 1, 'multifd-bytes': 0, 'pages-per-second': 33020, 'downtime-bytes': 662630799, 'page-size': 4096, 'remaining': 4698492928, 'postcopy-bytes': 0, 'mbps': 1082.14848, 'transferred': 662631571, 'dirty-sync-missed-zero-copy': 0, 'precopy-bytes': 0, 'duplicate': 794648, 'dirty-pages-rate': 0, 'normal-bytes': 654200832, 'normal': 159717}}
QMP cmd [src3] query-migrate args={}
QMP reply [src3] query-migrate: {'expected-downtime': 300, 'status': 'active', 'setup-time': 1, 'total-time': 5027, 'ram': {'total': 8607571968, 'postcopy-requests': 0, 'dirty-sync-count': 1, 'multifd-bytes': 0, 'pages-per-second': 32980, 'downtime-bytes': 689686336, 'page-size': 4096, 'remaining': 4670603264, 'postcopy-bytes': 0, 'mbps': 1082.1456, 'transferred': 689687128, 'dirty-sync-missed-zero-copy': 0, 'precopy-bytes': 0, 'duplicate': 794865, 'dirty-pages-rate': 0, 'normal-bytes': 681201664, 'normal': 166309}}
QMP cmd [src3] query-migrate args={}
QMP reply [src3] query-migrate: {'expected-downtime': 300, 'status': 'active', 'setup-time': 1, 'total-time': 5228, 'ram': {'total': 8607571968, 'postcopy-requests': 0, 'dirty-sync-count': 1, 'multifd-bytes': 0, 'pages-per-second': 32990, 'downtime-bytes': 716740118, 'page-size': 4096, 'remaining': 4643512320, 'postcopy-bytes': 0, 'mbps': 1082.14632, 'transferred': 716740930, 'dirty-sync-missed-zero-copy': 0, 'precopy-bytes': 0, 'duplicate': 794887, 'dirty-pages-rate': 0, 'normal-bytes': 708202496, 'normal': 172901}}
QMP cmd [src3] query-migrate args={}
QMP reply [src3] query-migrate: {'expected-downtime': 300, 'status': 'active', 'setup-time': 1, 'total-time': 5429, 'ram': {'total': 8607571968, 'postcopy-requests': 0, 'dirty-sync-count': 1, 'multifd-bytes': 0, 'pages-per-second': 37010, 'downtime-bytes': 743797491, 'page-size': 4096, 'remaining': 4614787072, 'postcopy-bytes': 0, 'mbps': 1082.43576, 'transferred': 743798323, 'dirty-sync-missed-zero-copy': 0, 'precopy-bytes': 0, 'duplicate': 795308, 'dirty-pages-rate': 0, 'normal-bytes': 735203328, 'normal': 179493}}
QMP cmd [src3] query-migrate args={}
QMP reply [src3] query-migrate: {'expected-downtime': 300, 'status': 'active', 'setup-time': 1, 'total-time': 5630, 'ram': {'total': 8607571968, 'postcopy-requests': 0, 'dirty-sync-count': 1, 'multifd-bytes': 0, 'pages-per-second': 33040, 'downtime-bytes': 770851201, 'page-size': 4096, 'remaining': 4587728896, 'postcopy-bytes': 0, 'mbps': 1082.1499199999998, 'transferred': 770852053, 'dirty-sync-missed-zero-copy': 0, 'precopy-bytes': 0, 'duplicate': 795322, 'dirty-pages-rate': 0, 'normal-bytes': 762204160, 'normal': 186085}}
QMP cmd [src3] query-migrate args={}
QMP reply [src3] query-migrate: {'expected-downtime': 300, 'status': 'active', 'setup-time': 1, 'total-time': 5832, 'ram': {'total': 8607571968, 'postcopy-requests': 0, 'dirty-sync-count': 1, 'multifd-bytes': 0, 'pages-per-second': 32980, 'downtime-bytes': 797904839, 'page-size': 4096, 'remaining': 4560703488, 'postcopy-bytes': 0, 'mbps': 1082.1456, 'transferred': 797905711, 'dirty-sync-missed-zero-copy': 0, 'precopy-bytes': 0, 'duplicate': 795328, 'dirty-pages-rate': 0, 'normal-bytes': 789204992, 'normal': 192677}}
QMP cmd [src3] query-migrate args={}
QMP reply [src3] query-migrate: {'expected-downtime': 300, 'status': 'active', 'setup-time': 1, 'total-time': 6033, 'ram': {'total': 8607571968, 'postcopy-requests': 0, 'dirty-sync-count': 1, 'multifd-bytes': 0, 'pages-per-second': 36570, 'downtime-bytes': 824961672, 'page-size': 4096, 'remaining': 4532224000, 'postcopy-bytes': 0, 'mbps': 1082.40408, 'transferred': 824962564, 'dirty-sync-missed-zero-copy': 0, 'precopy-bytes': 0, 'duplicate': 795689, 'dirty-pages-rate': 0, 'normal-bytes': 816205824, 'normal': 199269}}
QMP cmd [src3] query-migrate args={}
QMP reply [src3] query-migrate: {'expected-downtime': 300, 'status': 'active', 'setup-time': 1, 'total-time': 6234, 'ram': {'total': 8607571968, 'postcopy-requests': 0, 'dirty-sync-count': 1, 'multifd-bytes': 0, 'pages-per-second': 32980, 'downtime-bytes': 852015292, 'page-size': 4096, 'remaining': 4505206784, 'postcopy-bytes': 0, 'mbps': 1082.1456, 'transferred': 852016204, 'dirty-sync-missed-zero-copy': 0, 'precopy-bytes': 0, 'duplicate': 795693, 'dirty-pages-rate': 0, 'normal-bytes': 843206656, 'normal': 205861}}
QMP cmd [src3] query-migrate args={}
QMP reply [src3] query-migrate: {'expected-downtime': 300, 'status': 'active', 'setup-time': 1, 'total-time': 6435, 'ram': {'total': 8607571968, 'postcopy-requests': 0, 'dirty-sync-count': 1, 'multifd-bytes': 0, 'pages-per-second': 33050, 'downtime-bytes': 879068993, 'page-size': 4096, 'remaining': 4478152704, 'postcopy-bytes': 0, 'mbps': 1082.1506399999998, 'transferred': 879069925, 'dirty-sync-missed-zero-copy': 0, 'precopy-bytes': 0, 'duplicate': 795706, 'dirty-pages-rate': 0, 'normal-bytes': 870207488, 'normal': 212453}}
QMP cmd [src3] query-migrate args={}
QMP reply [src3] query-migrate: {'expected-downtime': 300, 'status': 'active', 'setup-time': 1, 'total-time': 6636, 'ram': {'total': 8607571968, 'postcopy-requests': 0, 'dirty-sync-count': 1, 'multifd-bytes': 0, 'pages-per-second': 33040, 'downtime-bytes': 906122649, 'page-size': 4096, 'remaining': 4451119104, 'postcopy-bytes': 0, 'mbps': 1082.1499199999998, 'transferred': 906123601, 'dirty-sync-missed-zero-copy': 0, 'precopy-bytes': 0, 'duplicate': 795714, 'dirty-pages-rate': 0, 'normal-bytes': 897208320, 'normal': 219045}}
QMP cmd [src3] query-migrate args={}
QMP reply [src3] query-migrate: {'expected-downtime': 300, 'status': 'active', 'setup-time': 1, 'total-time': 6837, 'ram': {'total': 8607571968, 'postcopy-requests': 0, 'dirty-sync-count': 1, 'multifd-bytes': 0, 'pages-per-second': 32980, 'downtime-bytes': 933176251, 'page-size': 4096, 'remaining': 4424110080, 'postcopy-bytes': 0, 'mbps': 1082.1456, 'transferred': 933177223, 'dirty-sync-missed-zero-copy': 0, 'precopy-bytes': 0, 'duplicate': 795716, 'dirty-pages-rate': 0, 'normal-bytes': 924209152, 'normal': 225637}}
2026-07-15 00:09:26.226940SSH command: ssh -o BatchMode=yes -o StrictHostKeyChecking=no -o UserKnownHostsFile=/dev/null -o ConnectTimeout=1 -o LogLevel=ERROR -p 2224 -i /home/max/.ssh/pgvm_bench user@127.0.0.1 test -f /tmp/bench.done
Return code: 255
Stdout: 
Stderr: Connection timed out during banner exchange

QMP cmd [src3] query-migrate args={}
QMP reply [src3] query-migrate: {'expected-downtime': 300, 'status': 'active', 'setup-time': 1, 'total-time': 7039, 'ram': {'total': 8607571968, 'postcopy-requests': 0, 'dirty-sync-count': 1, 'multifd-bytes': 0, 'pages-per-second': 32960, 'downtime-bytes': 960229889, 'page-size': 4096, 'remaining': 4397084672, 'postcopy-bytes': 0, 'mbps': 1082.1441599999998, 'transferred': 960230881, 'dirty-sync-missed-zero-copy': 0, 'precopy-bytes': 0, 'duplicate': 795722, 'dirty-pages-rate': 0, 'normal-bytes': 951209984, 'normal': 232229}}
QMP cmd [src3] query-migrate args={}
QMP reply [src3] query-migrate: {'expected-downtime': 300, 'status': 'active', 'setup-time': 1, 'total-time': 7240, 'ram': {'total': 8607571968, 'postcopy-requests': 0, 'dirty-sync-count': 1, 'multifd-bytes': 0, 'pages-per-second': 43400, 'downtime-bytes': 987297477, 'page-size': 4096, 'remaining': 4363710464, 'postcopy-bytes': 0, 'mbps': 1082.8958400000001, 'transferred': 987298489, 'dirty-sync-missed-zero-copy': 0, 'precopy-bytes': 0, 'duplicate': 797278, 'dirty-pages-rate': 0, 'normal-bytes': 978210816, 'normal': 238821}}
QMP cmd [src3] query-migrate args={}
QMP reply [src3] query-migrate: {'expected-downtime': 300, 'status': 'active', 'setup-time': 1, 'total-time': 7441, 'ram': {'total': 8607571968, 'postcopy-requests': 0, 'dirty-sync-count': 1, 'multifd-bytes': 0, 'pages-per-second': 33080, 'downtime-bytes': 1014351187, 'page-size': 4096, 'remaining': 4336652288, 'postcopy-bytes': 0, 'mbps': 1082.1528, 'transferred': 1014352219, 'dirty-sync-missed-zero-copy': 0, 'precopy-bytes': 0, 'duplicate': 797292, 'dirty-pages-rate': 0, 'normal-bytes': 1005211648, 'normal': 245413}}
QMP cmd [src3] query-migrate args={}
QMP reply [src3] query-migrate: {'expected-downtime': 300, 'status': 'active', 'setup-time': 1, 'total-time': 7642, 'ram': {'total': 8607571968, 'postcopy-requests': 0, 'dirty-sync-count': 1, 'multifd-bytes': 0, 'pages-per-second': 32980, 'downtime-bytes': 1041404825, 'page-size': 4096, 'remaining': 4309626880, 'postcopy-bytes': 0, 'mbps': 1082.1456, 'transferred': 1041405877, 'dirty-sync-missed-zero-copy': 0, 'precopy-bytes': 0, 'duplicate': 797298, 'dirty-pages-rate': 0, 'normal-bytes': 1032212480, 'normal': 252005}}
QMP cmd [src3] query-migrate args={}
QMP reply [src3] query-migrate: {'expected-downtime': 300, 'status': 'active', 'setup-time': 1, 'total-time': 7843, 'ram': {'total': 8607571968, 'postcopy-requests': 0, 'dirty-sync-count': 1, 'multifd-bytes': 0, 'pages-per-second': 33020, 'downtime-bytes': 1068458517, 'page-size': 4096, 'remaining': 4282576896, 'postcopy-bytes': 0, 'mbps': 1082.14848, 'transferred': 1068459589, 'dirty-sync-missed-zero-copy': 0, 'precopy-bytes': 0, 'duplicate': 797310, 'dirty-pages-rate': 0, 'normal-bytes': 1059213312, 'normal': 258597}}
QMP cmd [src3] query-migrate args={}
QMP reply [src3] query-migrate: {'expected-downtime': 300, 'status': 'active', 'setup-time': 1, 'total-time': 8045, 'ram': {'total': 8607571968, 'postcopy-requests': 0, 'dirty-sync-count': 1, 'multifd-bytes': 0, 'pages-per-second': 32960, 'downtime-bytes': 1095512101, 'page-size': 4096, 'remaining': 4255576064, 'postcopy-bytes': 0, 'mbps': 1082.1441599999998, 'transferred': 1095513193, 'dirty-sync-missed-zero-copy': 0, 'precopy-bytes': 0, 'duplicate': 797310, 'dirty-pages-rate': 0, 'normal-bytes': 1086214144, 'normal': 265189}}
QMP cmd [src3] query-migrate args={}
QMP reply [src3] query-migrate: {'expected-downtime': 300, 'status': 'active', 'setup-time': 1, 'total-time': 8246, 'ram': {'total': 8607571968, 'postcopy-requests': 0, 'dirty-sync-count': 1, 'multifd-bytes': 0, 'pages-per-second': 32980, 'downtime-bytes': 1122565703, 'page-size': 4096, 'remaining': 4228567040, 'postcopy-bytes': 0, 'mbps': 1082.1456, 'transferred': 1122566815, 'dirty-sync-missed-zero-copy': 0, 'precopy-bytes': 0, 'duplicate': 797312, 'dirty-pages-rate': 0, 'normal-bytes': 1113214976, 'normal': 271781}}
QMP cmd [src3] query-migrate args={}
QMP reply [src3] query-migrate: {'expected-downtime': 300, 'status': 'active', 'setup-time': 1, 'total-time': 8447, 'ram': {'total': 8607571968, 'postcopy-requests': 0, 'dirty-sync-count': 1, 'multifd-bytes': 0, 'pages-per-second': 33000, 'downtime-bytes': 1149626748, 'page-size': 4096, 'remaining': 4198170624, 'postcopy-bytes': 0, 'mbps': 1082.14704, 'transferred': 1149627880, 'dirty-sync-missed-zero-copy': 0, 'precopy-bytes': 0, 'duplicate': 798141, 'dirty-pages-rate': 0, 'normal-bytes': 1140215808, 'normal': 278373}}
QMP cmd [src3] query-migrate args={}
QMP reply [src3] query-migrate: {'expected-downtime': 300, 'status': 'active', 'setup-time': 1, 'total-time': 8648, 'ram': {'total': 8607571968, 'postcopy-requests': 0, 'dirty-sync-count': 1, 'multifd-bytes': 0, 'pages-per-second': 33000, 'downtime-bytes': 1176680368, 'page-size': 4096, 'remaining': 4171153408, 'postcopy-bytes': 0, 'mbps': 1082.14704, 'transferred': 1176681520, 'dirty-sync-missed-zero-copy': 0, 'precopy-bytes': 0, 'duplicate': 798145, 'dirty-pages-rate': 0, 'normal-bytes': 1167216640, 'normal': 284965}}
QMP cmd [src3] query-migrate args={}
QMP reply [src3] query-migrate: {'expected-downtime': 300, 'status': 'active', 'setup-time': 1, 'total-time': 8849, 'ram': {'total': 8607571968, 'postcopy-requests': 0, 'dirty-sync-count': 1, 'multifd-bytes': 0, 'pages-per-second': 32960, 'downtime-bytes': 1203734312, 'page-size': 4096, 'remaining': 4143988736, 'postcopy-bytes': 0, 'mbps': 1082.1441599999998, 'transferred': 1203735484, 'dirty-sync-missed-zero-copy': 0, 'precopy-bytes': 0, 'duplicate': 798185, 'dirty-pages-rate': 0, 'normal-bytes': 1194217472, 'normal': 291557}}
QMP cmd [src3] query-migrate args={}
QMP reply [src3] query-migrate: {'expected-downtime': 300, 'status': 'active', 'setup-time': 1, 'total-time': 9050, 'ram': {'total': 8607571968, 'postcopy-requests': 0, 'dirty-sync-count': 1, 'multifd-bytes': 0, 'pages-per-second': 32960, 'downtime-bytes': 1230787896, 'page-size': 4096, 'remaining': 4116987904, 'postcopy-bytes': 0, 'mbps': 1082.1441599999998, 'transferred': 1230789088, 'dirty-sync-missed-zero-copy': 0, 'precopy-bytes': 0, 'duplicate': 798185, 'dirty-pages-rate': 0, 'normal-bytes': 1221218304, 'normal': 298149}}
QMP cmd [src3] query-migrate args={}
QMP reply [src3] query-migrate: {'expected-downtime': 300, 'status': 'active', 'setup-time': 1, 'total-time': 9251, 'ram': {'total': 8607571968, 'postcopy-requests': 0, 'dirty-sync-count': 1, 'multifd-bytes': 0, 'pages-per-second': 32960, 'downtime-bytes': 1257841498, 'page-size': 4096, 'remaining': 4089978880, 'postcopy-bytes': 0, 'mbps': 1082.1441599999998, 'transferred': 1257842710, 'dirty-sync-missed-zero-copy': 0, 'precopy-bytes': 0, 'duplicate': 798187, 'dirty-pages-rate': 0, 'normal-bytes': 1248219136, 'normal': 304741}}
QMP cmd [src3] query-migrate args={}
QMP reply [src3] query-migrate: {'expected-downtime': 300, 'status': 'active', 'setup-time': 1, 'total-time': 9452, 'ram': {'total': 8607571968, 'postcopy-requests': 0, 'dirty-sync-count': 1, 'multifd-bytes': 0, 'pages-per-second': 33040, 'downtime-bytes': 1284895190, 'page-size': 4096, 'remaining': 4062928896, 'postcopy-bytes': 0, 'mbps': 1082.1499199999998, 'transferred': 1284896422, 'dirty-sync-missed-zero-copy': 0, 'precopy-bytes': 0, 'duplicate': 798199, 'dirty-pages-rate': 0, 'normal-bytes': 1275219968, 'normal': 311333}}
QMP cmd [src3] query-migrate args={}
QMP reply [src3] query-migrate: {'expected-downtime': 300, 'status': 'active', 'setup-time': 1, 'total-time': 9653, 'ram': {'total': 8607571968, 'postcopy-requests': 0, 'dirty-sync-count': 1, 'multifd-bytes': 0, 'pages-per-second': 32980, 'downtime-bytes': 1311948828, 'page-size': 4096, 'remaining': 4035903488, 'postcopy-bytes': 0, 'mbps': 1082.1456, 'transferred': 1311950080, 'dirty-sync-missed-zero-copy': 0, 'precopy-bytes': 0, 'duplicate': 798205, 'dirty-pages-rate': 0, 'normal-bytes': 1302220800, 'normal': 317925}}
QMP cmd [src3] query-migrate args={}
QMP reply [src3] query-migrate: {'expected-downtime': 300, 'status': 'active', 'setup-time': 1, 'total-time': 9854, 'ram': {'total': 8607571968, 'postcopy-requests': 0, 'dirty-sync-count': 1, 'multifd-bytes': 0, 'pages-per-second': 32960, 'downtime-bytes': 1339002448, 'page-size': 4096, 'remaining': 4008886272, 'postcopy-bytes': 0, 'mbps': 1082.1441599999998, 'transferred': 1339003720, 'dirty-sync-missed-zero-copy': 0, 'precopy-bytes': 0, 'duplicate': 798209, 'dirty-pages-rate': 0, 'normal-bytes': 1329221632, 'normal': 324517}}
2026-07-15 00:09:29.232943SSH command: ssh -o BatchMode=yes -o StrictHostKeyChecking=no -o UserKnownHostsFile=/dev/null -o ConnectTimeout=1 -o LogLevel=ERROR -p 2224 -i /home/max/.ssh/pgvm_bench user@127.0.0.1 test -f /tmp/bench.done
Return code: 255
Stdout: 
Stderr: Connection timed out during banner exchange

QMP cmd [src3] query-migrate args={}
QMP reply [src3] query-migrate: {'expected-downtime': 300, 'status': 'active', 'setup-time': 1, 'total-time': 10055, 'ram': {'total': 8607571968, 'postcopy-requests': 0, 'dirty-sync-count': 1, 'multifd-bytes': 0, 'pages-per-second': 32980, 'downtime-bytes': 1366056068, 'page-size': 4096, 'remaining': 3981869056, 'postcopy-bytes': 0, 'mbps': 1082.1456, 'transferred': 1366057360, 'dirty-sync-missed-zero-copy': 0, 'precopy-bytes': 0, 'duplicate': 798213, 'dirty-pages-rate': 0, 'normal-bytes': 1356222464, 'normal': 331109}}
QMP cmd [src3] query-migrate args={}
QMP reply [src3] query-migrate: {'expected-downtime': 300, 'status': 'active', 'setup-time': 1, 'total-time': 10256, 'ram': {'total': 8607571968, 'postcopy-requests': 0, 'dirty-sync-count': 1, 'multifd-bytes': 0, 'pages-per-second': 32980, 'downtime-bytes': 1393109706, 'page-size': 4096, 'remaining': 3954843648, 'postcopy-bytes': 0, 'mbps': 1082.1456, 'transferred': 1393111018, 'dirty-sync-missed-zero-copy': 0, 'precopy-bytes': 0, 'duplicate': 798219, 'dirty-pages-rate': 0, 'normal-bytes': 1383223296, 'normal': 337701}}
QMP cmd [src3] query-migrate args={}
QMP reply [src3] query-migrate: {'expected-downtime': 300, 'status': 'active', 'setup-time': 1, 'total-time': 10457, 'ram': {'total': 8607571968, 'postcopy-requests': 0, 'dirty-sync-count': 1, 'multifd-bytes': 0, 'pages-per-second': 32980, 'downtime-bytes': 1420163470, 'page-size': 4096, 'remaining': 3927760896, 'postcopy-bytes': 0, 'mbps': 1082.1456, 'transferred': 1420164802, 'dirty-sync-missed-zero-copy': 0, 'precopy-bytes': 0, 'duplicate': 798239, 'dirty-pages-rate': 0, 'normal-bytes': 1410224128, 'normal': 344293}}
QMP cmd [src3] query-migrate args={}
QMP reply [src3] query-migrate: {'expected-downtime': 300, 'status': 'active', 'setup-time': 1, 'total-time': 10658, 'ram': {'total': 8607571968, 'postcopy-requests': 0, 'dirty-sync-count': 1, 'multifd-bytes': 0, 'pages-per-second': 33000, 'downtime-bytes': 1447217540, 'page-size': 4096, 'remaining': 3900538880, 'postcopy-bytes': 0, 'mbps': 1082.14704, 'transferred': 1447218892, 'dirty-sync-missed-zero-copy': 0, 'precopy-bytes': 0, 'duplicate': 798293, 'dirty-pages-rate': 0, 'normal-bytes': 1437224960, 'normal': 350885}}
QMP cmd [src3] query-migrate args={}
QMP reply [src3] query-migrate: {'expected-downtime': 300, 'status': 'active', 'setup-time': 1, 'total-time': 10859, 'ram': {'total': 8607571968, 'postcopy-requests': 0, 'dirty-sync-count': 1, 'multifd-bytes': 0, 'pages-per-second': 33040, 'downtime-bytes': 1474271214, 'page-size': 4096, 'remaining': 3873497088, 'postcopy-bytes': 0, 'mbps': 1082.1499199999998, 'transferred': 1474272586, 'dirty-sync-missed-zero-copy': 0, 'precopy-bytes': 0, 'duplicate': 798303, 'dirty-pages-rate': 0, 'normal-bytes': 1464225792, 'normal': 357477}}
QMP cmd [src3] query-migrate args={}
QMP reply [src3] query-migrate: {'expected-downtime': 300, 'status': 'active', 'setup-time': 1, 'total-time': 11060, 'ram': {'total': 8607571968, 'postcopy-requests': 0, 'dirty-sync-count': 1, 'multifd-bytes': 0, 'pages-per-second': 32980, 'downtime-bytes': 1501324834, 'page-size': 4096, 'remaining': 3846479872, 'postcopy-bytes': 0, 'mbps': 1082.1456, 'transferred': 1501326226, 'dirty-sync-missed-zero-copy': 0, 'precopy-bytes': 0, 'duplicate': 798307, 'dirty-pages-rate': 0, 'normal-bytes': 1491226624, 'normal': 364069}}
QMP cmd [src3] query-migrate args={}
QMP reply [src3] query-migrate: {'expected-downtime': 300, 'status': 'active', 'setup-time': 1, 'total-time': 11261, 'ram': {'total': 8607571968, 'postcopy-requests': 0, 'dirty-sync-count': 1, 'multifd-bytes': 0, 'pages-per-second': 33060, 'downtime-bytes': 1528378580, 'page-size': 4096, 'remaining': 3819405312, 'postcopy-bytes': 0, 'mbps': 1082.15136, 'transferred': 1528379992, 'dirty-sync-missed-zero-copy': 0, 'precopy-bytes': 0, 'duplicate': 798325, 'dirty-pages-rate': 0, 'normal-bytes': 1518227456, 'normal': 370661}}
QMP cmd [src3] query-migrate args={}
QMP reply [src3] query-migrate: {'expected-downtime': 300, 'status': 'active', 'setup-time': 1, 'total-time': 11462, 'ram': {'total': 8607571968, 'postcopy-requests': 0, 'dirty-sync-count': 1, 'multifd-bytes': 0, 'pages-per-second': 33160, 'downtime-bytes': 1555432848, 'page-size': 4096, 'remaining': 3792093184, 'postcopy-bytes': 0, 'mbps': 1082.15856, 'transferred': 1555434280, 'dirty-sync-missed-zero-copy': 0, 'precopy-bytes': 0, 'duplicate': 798401, 'dirty-pages-rate': 0, 'normal-bytes': 1545228288, 'normal': 377253}}
QMP cmd [src3] query-migrate args={}
QMP reply [src3] query-migrate: {'expected-downtime': 300, 'status': 'active', 'setup-time': 1, 'total-time': 11663, 'ram': {'total': 8607571968, 'postcopy-requests': 0, 'dirty-sync-count': 1, 'multifd-bytes': 0, 'pages-per-second': 33160, 'downtime-bytes': 1582487008, 'page-size': 4096, 'remaining': 3764830208, 'postcopy-bytes': 0, 'mbps': 1082.15856, 'transferred': 1582488460, 'dirty-sync-missed-zero-copy': 0, 'precopy-bytes': 0, 'duplicate': 798465, 'dirty-pages-rate': 0, 'normal-bytes': 1572229120, 'normal': 383845}}
QMP cmd [src3] query-migrate args={}
QMP reply [src3] query-migrate: {'expected-downtime': 300, 'status': 'active', 'setup-time': 1, 'total-time': 11864, 'ram': {'total': 8607571968, 'postcopy-requests': 0, 'dirty-sync-count': 1, 'multifd-bytes': 0, 'pages-per-second': 34140, 'downtime-bytes': 1609542374, 'page-size': 4096, 'remaining': 3737018368, 'postcopy-bytes': 0, 'mbps': 1082.2291200000002, 'transferred': 1609543846, 'dirty-sync-missed-zero-copy': 0, 'precopy-bytes': 0, 'duplicate': 798663, 'dirty-pages-rate': 0, 'normal-bytes': 1599229952, 'normal': 390437}}
QMP cmd [src3] query-migrate args={}
QMP reply [src3] query-migrate: {'expected-downtime': 300, 'status': 'active', 'setup-time': 1, 'total-time': 12066, 'ram': {'total': 8607571968, 'postcopy-requests': 0, 'dirty-sync-count': 1, 'multifd-bytes': 0, 'pages-per-second': 36380, 'downtime-bytes': 1636607370, 'page-size': 4096, 'remaining': 3704823808, 'postcopy-bytes': 0, 'mbps': 1082.3904, 'transferred': 1636608862, 'dirty-sync-missed-zero-copy': 0, 'precopy-bytes': 0, 'duplicate': 799931, 'dirty-pages-rate': 0, 'normal-bytes': 1626230784, 'normal': 397029}}
QMP cmd [src3] query-migrate args={}
QMP reply [src3] query-migrate: {'expected-downtime': 300, 'status': 'active', 'setup-time': 1, 'total-time': 12267, 'ram': {'total': 8607571968, 'postcopy-requests': 0, 'dirty-sync-count': 1, 'multifd-bytes': 0, 'pages-per-second': 36920, 'downtime-bytes': 1663667776, 'page-size': 4096, 'remaining': 3674718208, 'postcopy-bytes': 0, 'mbps': 1082.42928, 'transferred': 1663669288, 'dirty-sync-missed-zero-copy': 0, 'precopy-bytes': 0, 'duplicate': 800689, 'dirty-pages-rate': 0, 'normal-bytes': 1653231616, 'normal': 403621}}
QMP cmd [src3] query-migrate args={}
QMP reply [src3] query-migrate: {'expected-downtime': 300, 'status': 'active', 'setup-time': 1, 'total-time': 12468, 'ram': {'total': 8607571968, 'postcopy-requests': 0, 'dirty-sync-count': 1, 'multifd-bytes': 0, 'pages-per-second': 36840, 'downtime-bytes': 1690733429, 'page-size': 4096, 'remaining': 3642224640, 'postcopy-bytes': 0, 'mbps': 1082.42352, 'transferred': 1690734961, 'dirty-sync-missed-zero-copy': 0, 'precopy-bytes': 0, 'duplicate': 802030, 'dirty-pages-rate': 0, 'normal-bytes': 1680232448, 'normal': 410213}}
QMP cmd [src3] query-migrate args={}
QMP reply [src3] query-migrate: {'expected-downtime': 300, 'status': 'active', 'setup-time': 1, 'total-time': 12669, 'ram': {'total': 8607571968, 'postcopy-requests': 0, 'dirty-sync-count': 1, 'multifd-bytes': 0, 'pages-per-second': 36660, 'downtime-bytes': 1717794429, 'page-size': 4096, 'remaining': 3611848704, 'postcopy-bytes': 0, 'mbps': 1082.41056, 'transferred': 1717795981, 'dirty-sync-missed-zero-copy': 0, 'precopy-bytes': 0, 'duplicate': 802854, 'dirty-pages-rate': 0, 'normal-bytes': 1707233280, 'normal': 416805}}
QMP cmd [src3] query-migrate args={}
QMP reply [src3] query-migrate: {'expected-downtime': 300, 'status': 'active', 'setup-time': 1, 'total-time': 12870, 'ram': {'total': 8607571968, 'postcopy-requests': 0, 'dirty-sync-count': 1, 'multifd-bytes': 0, 'pages-per-second': 36810, 'downtime-bytes': 1744752892, 'page-size': 4096, 'remaining': 2806255616, 'postcopy-bytes': 0, 'mbps': 1082.42136, 'transferred': 1744754464, 'dirty-sync-missed-zero-copy': 0, 'precopy-bytes': 0, 'duplicate': 993381, 'dirty-pages-rate': 0, 'normal-bytes': 1732427776, 'normal': 422956}}
2026-07-15 00:09:32.238827SSH command: ssh -o BatchMode=yes -o StrictHostKeyChecking=no -o UserKnownHostsFile=/dev/null -o ConnectTimeout=1 -o LogLevel=ERROR -p 2224 -i /home/max/.ssh/pgvm_bench user@127.0.0.1 test -f /tmp/bench.done
Return code: 255
Stdout: 
Stderr: Connection timed out during banner exchange

qemu-system-x86_64: terminating on signal 15 from pid 38411 (/home/max/Bachelor-Thesis/Repo/.venv/bin/python)
QMP cmd [src3] query-migrate args={}
QMP reply [src3] query-migrate: {'expected-downtime': 300, 'status': 'active', 'setup-time': 1, 'total-time': 13072, 'ram': {'total': 8607571968, 'postcopy-requests': 0, 'dirty-sync-count': 1, 'multifd-bytes': 0, 'pages-per-second': 6450820, 'downtime-bytes': 1771817959, 'page-size': 4096, 'remaining': 149970944, 'postcopy-bytes': 0, 'mbps': 1082.97072, 'transferred': 1771819561, 'dirty-sync-missed-zero-copy': 0, 'precopy-bytes': 0, 'duplicate': 1636704, 'dirty-pages-rate': 0, 'normal-bytes': 1753661440, 'normal': 428140}}
QMP cmd [src3] query-migrate args={}
QMP reply [src3] query-migrate: {'expected-downtime': 300, 'status': 'active', 'setup-time': 1, 'total-time': 13273, 'ram': {'total': 8607571968, 'postcopy-requests': 0, 'dirty-sync-count': 1, 'multifd-bytes': 0, 'pages-per-second': 32960, 'downtime-bytes': 1798871543, 'page-size': 4096, 'remaining': 122970112, 'postcopy-bytes': 0, 'mbps': 1082.1441599999998, 'transferred': 1798873165, 'dirty-sync-missed-zero-copy': 0, 'precopy-bytes': 0, 'duplicate': 1636704, 'dirty-pages-rate': 0, 'normal-bytes': 1780662272, 'normal': 434732}}
QMP cmd [src3] query-migrate args={}
QMP reply [src3] query-migrate: {'expected-downtime': 300, 'status': 'active', 'setup-time': 1, 'total-time': 13474, 'ram': {'total': 8607571968, 'postcopy-requests': 0, 'dirty-sync-count': 1, 'multifd-bytes': 0, 'pages-per-second': 32960, 'downtime-bytes': 1825925127, 'page-size': 4096, 'remaining': 95969280, 'postcopy-bytes': 0, 'mbps': 1082.1441599999998, 'transferred': 1825926769, 'dirty-sync-missed-zero-copy': 0, 'precopy-bytes': 0, 'duplicate': 1636704, 'dirty-pages-rate': 0, 'normal-bytes': 1807663104, 'normal': 441324}}
QMP cmd [src3] query-migrate args={}
QMP reply [src3] query-migrate: {'expected-downtime': 300, 'status': 'active', 'setup-time': 1, 'total-time': 13675, 'ram': {'total': 8607571968, 'postcopy-requests': 0, 'dirty-sync-count': 1, 'multifd-bytes': 0, 'pages-per-second': 32960, 'downtime-bytes': 1852978711, 'page-size': 4096, 'remaining': 68968448, 'postcopy-bytes': 0, 'mbps': 1082.1441599999998, 'transferred': 1852980373, 'dirty-sync-missed-zero-copy': 0, 'precopy-bytes': 0, 'duplicate': 1636704, 'dirty-pages-rate': 0, 'normal-bytes': 1834663936, 'normal': 447916}}
QMP cmd [src3] query-migrate args={}
QMP reply [src3] query-migrate: {'expected-downtime': 300, 'status': 'active', 'setup-time': 1, 'total-time': 13876, 'ram': {'total': 8607571968, 'postcopy-requests': 0, 'dirty-sync-count': 1, 'multifd-bytes': 0, 'pages-per-second': 32960, 'downtime-bytes': 1880032295, 'page-size': 4096, 'remaining': 41967616, 'postcopy-bytes': 0, 'mbps': 1082.1441599999998, 'transferred': 1880033977, 'dirty-sync-missed-zero-copy': 0, 'precopy-bytes': 0, 'duplicate': 1636704, 'dirty-pages-rate': 0, 'normal-bytes': 1861664768, 'normal': 454508}}
QMP cmd [src3] query-migrate args={}
QMP reply [src3] query-migrate: {'status': 'completed', 'setup-time': 1, 'downtime': 10, 'total-time': 14012, 'ram': {'total': 8607571968, 'postcopy-requests': 0, 'dirty-sync-count': 3, 'multifd-bytes': 0, 'pages-per-second': 32960, 'downtime-bytes': 1904756085, 'page-size': 4096, 'remaining': 0, 'postcopy-bytes': 0, 'mbps': 1087.8177609021482, 'transferred': 1905176831, 'dirty-sync-missed-zero-copy': 0, 'precopy-bytes': 0, 'duplicate': 1640935, 'dirty-pages-rate': 0, 'normal-bytes': 1886302208, 'normal': 460523}}
