2026-07-14 23:57:41.679994SSH command: ssh -o BatchMode=yes -o StrictHostKeyChecking=no -o UserKnownHostsFile=/dev/null -o ConnectTimeout=1 -o LogLevel=ERROR -p 2222 -i /home/max/.ssh/pgvm_bench user@127.0.0.1 systemd-analyze
Return code: 0
Stdout: Startup finished in 803ms (kernel) + 2.244s (userspace) = 3.047s 
graphical.target reached after 2.243s in userspace.

Stderr: 
2026-07-14 23:57:41.821843SSH command: ssh -o BatchMode=yes -o StrictHostKeyChecking=no -o UserKnownHostsFile=/dev/null -o ConnectTimeout=1 -o LogLevel=ERROR -p 2222 -i /home/max/.ssh/pgvm_bench user@127.0.0.1 rm -f /tmp/bench.done /tmp/pg-buffer-hit-ratio.csv /tmp/pg-buffer-sampler.log; nohup bash /home/user/pg_sampler.sh /tmp/bench.done /tmp/pg-buffer-hit-ratio.csv ycsb >/tmp/pg-buffer-sampler.log 2>&1 &
Return code: 0
Stdout: 
Stderr: 
QMP cmd [src1] stop args={}
QMP cmd [src1] query-migrate args={}
QMP reply [src1] stop: {}
QMP cmd [src1] migrate-set-capabilities args={'capabilities': [{'capability': 'auto-converge', 'state': False}, {'capability': 'events', 'state': True}, {'capability': 'postcopy-blocktime', 'state': False}, {'capability': 'postcopy-ram', 'state': False}]}
QMP reply [src1] query-migrate: {}
QMP reply [src1] migrate-set-capabilities: {}
QMP cmd [src1] migrate args={'uri': 'unix:/tmp/mig.sock'}
QMP reply [src1] migrate: {}
QMP cmd [src1] query-migrate args={}
QMP reply [src1] query-migrate: {'expected-downtime': 300, 'status': 'active', 'setup-time': 3, 'total-time': 200, 'ram': {'total': 8607571968, 'postcopy-requests': 0, 'dirty-sync-count': 1, 'multifd-bytes': 0, 'pages-per-second': 37300, 'downtime-bytes': 27059810, 'page-size': 4096, 'remaining': 8577740800, 'postcopy-bytes': 0, 'mbps': 1082.47976, 'transferred': 27060112, 'dirty-sync-missed-zero-copy': 0, 'precopy-bytes': 0, 'duplicate': 691, 'dirty-pages-rate': 0, 'normal-bytes': 27000832, 'normal': 6592}}
QMP cmd [src1] query-migrate args={}
QMP reply [src1] query-migrate: {'expected-downtime': 300, 'status': 'active', 'setup-time': 3, 'total-time': 401, 'ram': {'total': 8607571968, 'postcopy-requests': 0, 'dirty-sync-count': 1, 'multifd-bytes': 0, 'pages-per-second': 2045870, 'downtime-bytes': 56081504, 'page-size': 4096, 'remaining': 7686713344, 'postcopy-bytes': 0, 'mbps': 1073.75688, 'transferred': 55954604, 'dirty-sync-missed-zero-copy': 0, 'precopy-bytes': 0, 'duplicate': 211617, 'dirty-pages-rate': 0, 'normal-bytes': 54071296, 'normal': 13201}}
QMP cmd [src1] query-migrate args={}
QMP reply [src1] query-migrate: {'expected-downtime': 300, 'status': 'active', 'setup-time': 3, 'total-time': 602, 'ram': {'total': 8607571968, 'postcopy-requests': 0, 'dirty-sync-count': 1, 'multifd-bytes': 0, 'pages-per-second': 32960, 'downtime-bytes': 86098374, 'page-size': 4096, 'remaining': 7501979648, 'postcopy-bytes': 0, 'mbps': 1082.1441599999998, 'transferred': 85971494, 'dirty-sync-missed-zero-copy': 0, 'precopy-bytes': 0, 'duplicate': 249487, 'dirty-pages-rate': 0, 'normal-bytes': 83689472, 'normal': 20432}}
QMP cmd [src1] query-migrate args={}
QMP reply [src1] query-migrate: {'expected-downtime': 300, 'status': 'active', 'setup-time': 3, 'total-time': 804, 'ram': {'total': 8607571968, 'postcopy-requests': 0, 'dirty-sync-count': 1, 'multifd-bytes': 0, 'pages-per-second': 35220, 'downtime-bytes': 116568520, 'page-size': 4096, 'remaining': 7470645248, 'postcopy-bytes': 0, 'mbps': 1082.3068799999999, 'transferred': 116441660, 'dirty-sync-missed-zero-copy': 0, 'precopy-bytes': 0, 'duplicate': 249713, 'dirty-pages-rate': 0, 'normal-bytes': 114098176, 'normal': 27856}}
QMP cmd [src1] query-migrate args={}
QMP reply [src1] query-migrate: {'expected-downtime': 300, 'status': 'active', 'setup-time': 3, 'total-time': 1005, 'ram': {'total': 8607571968, 'postcopy-requests': 0, 'dirty-sync-count': 1, 'multifd-bytes': 0, 'pages-per-second': 5031420, 'downtime-bytes': 144824134, 'page-size': 4096, 'remaining': 5360918528, 'postcopy-bytes': 0, 'mbps': 1074.46752, 'transferred': 144697304, 'dirty-sync-missed-zero-copy': 0, 'precopy-bytes': 0, 'duplicate': 759015, 'dirty-pages-rate': 0, 'normal-bytes': 137723904, 'normal': 33624}}
2026-07-15 00:00:13.083050SSH command: ssh -o BatchMode=yes -o StrictHostKeyChecking=no -o UserKnownHostsFile=/dev/null -o ConnectTimeout=1 -o LogLevel=ERROR -p 2222 -i /home/max/.ssh/pgvm_bench user@127.0.0.1 test -f /tmp/bench.done
Return code: 255
Stdout: 
Stderr: Connection timed out during banner exchange

QMP cmd [src1] query-migrate args={}
QMP reply [src1] query-migrate: {'expected-downtime': 300, 'status': 'active', 'setup-time': 3, 'total-time': 1206, 'ram': {'total': 8607571968, 'postcopy-requests': 0, 'dirty-sync-count': 1, 'multifd-bytes': 0, 'pages-per-second': 59940, 'downtime-bytes': 168895325, 'page-size': 4096, 'remaining': 5319569408, 'postcopy-bytes': 0, 'mbps': 1084.08672, 'transferred': 168767453, 'dirty-sync-missed-zero-copy': 0, 'precopy-bytes': 0, 'duplicate': 763254, 'dirty-pages-rate': 0, 'normal-bytes': 161710080, 'normal': 39480}}
QMP cmd [src1] query-migrate args={}
QMP reply [src1] query-migrate: {'expected-downtime': 300, 'status': 'active', 'setup-time': 3, 'total-time': 1407, 'ram': {'total': 8607571968, 'postcopy-requests': 0, 'dirty-sync-count': 1, 'multifd-bytes': 0, 'pages-per-second': 49230, 'downtime-bytes': 198333207, 'page-size': 4096, 'remaining': 5280927744, 'postcopy-bytes': 0, 'mbps': 1083.3156000000001, 'transferred': 198206417, 'dirty-sync-missed-zero-copy': 0, 'precopy-bytes': 0, 'duplicate': 765520, 'dirty-pages-rate': 0, 'normal-bytes': 191070208, 'normal': 46648}}
QMP cmd [src1] query-migrate args={}
QMP reply [src1] query-migrate: {'expected-downtime': 300, 'status': 'active', 'setup-time': 3, 'total-time': 1608, 'ram': {'total': 8607571968, 'postcopy-requests': 0, 'dirty-sync-count': 1, 'multifd-bytes': 0, 'pages-per-second': 44683, 'downtime-bytes': 228030244, 'page-size': 4096, 'remaining': 5243617280, 'postcopy-bytes': 0, 'mbps': 1072.2974257425742, 'transferred': 227903474, 'dirty-sync-missed-zero-copy': 0, 'precopy-bytes': 0, 'duplicate': 767397, 'dirty-pages-rate': 0, 'normal-bytes': 220692480, 'normal': 53880}}
QMP cmd [src1] query-migrate args={}
QMP reply [src1] query-migrate: {'expected-downtime': 300, 'status': 'active', 'setup-time': 3, 'total-time': 1809, 'ram': {'total': 8607571968, 'postcopy-requests': 0, 'dirty-sync-count': 1, 'multifd-bytes': 0, 'pages-per-second': 33190, 'downtime-bytes': 256797194, 'page-size': 4096, 'remaining': 5214003200, 'postcopy-bytes': 0, 'mbps': 1082.16072, 'transferred': 256797676, 'dirty-sync-missed-zero-copy': 0, 'precopy-bytes': 0, 'duplicate': 767619, 'dirty-pages-rate': 0, 'normal-bytes': 249401344, 'normal': 60889}}
QMP cmd [src1] query-migrate args={}
QMP reply [src1] query-migrate: {'expected-downtime': 300, 'status': 'active', 'setup-time': 3, 'total-time': 2010, 'ram': {'total': 8607571968, 'postcopy-requests': 0, 'dirty-sync-count': 1, 'multifd-bytes': 0, 'pages-per-second': 38680, 'downtime-bytes': 283877796, 'page-size': 4096, 'remaining': 5174706176, 'postcopy-bytes': 0, 'mbps': 1082.556, 'transferred': 283878298, 'dirty-sync-missed-zero-copy': 0, 'precopy-bytes': 0, 'duplicate': 770621, 'dirty-pages-rate': 0, 'normal-bytes': 276402176, 'normal': 67481}}
QMP cmd [src1] query-migrate args={}
QMP reply [src1] query-migrate: {'expected-downtime': 300, 'status': 'active', 'setup-time': 3, 'total-time': 2211, 'ram': {'total': 8607571968, 'postcopy-requests': 0, 'dirty-sync-count': 1, 'multifd-bytes': 0, 'pages-per-second': 33060, 'downtime-bytes': 310932208, 'page-size': 4096, 'remaining': 5147328512, 'postcopy-bytes': 0, 'mbps': 1082.15136, 'transferred': 310932730, 'dirty-sync-missed-zero-copy': 0, 'precopy-bytes': 0, 'duplicate': 770713, 'dirty-pages-rate': 0, 'normal-bytes': 303403008, 'normal': 74073}}
QMP cmd [src1] query-migrate args={}
QMP reply [src1] query-migrate: {'expected-downtime': 300, 'status': 'active', 'setup-time': 3, 'total-time': 2412, 'ram': {'total': 8607571968, 'postcopy-requests': 0, 'dirty-sync-count': 1, 'multifd-bytes': 0, 'pages-per-second': 93830, 'downtime-bytes': 328256783, 'page-size': 4096, 'remaining': 5105090560, 'postcopy-bytes': 0, 'mbps': 1081.6128, 'transferred': 328130093, 'dirty-sync-missed-zero-copy': 0, 'precopy-bytes': 0, 'duplicate': 776816, 'dirty-pages-rate': 0, 'normal-bytes': 320638976, 'normal': 78281}}
QMP cmd [src1] query-migrate args={}
QMP reply [src1] query-migrate: {'expected-downtime': 300, 'status': 'active', 'setup-time': 3, 'total-time': 2613, 'ram': {'total': 8607571968, 'postcopy-requests': 0, 'dirty-sync-count': 1, 'multifd-bytes': 0, 'pages-per-second': 33050, 'downtime-bytes': 365033265, 'page-size': 4096, 'remaining': 5068152832, 'postcopy-bytes': 0, 'mbps': 1082.1506399999998, 'transferred': 365033827, 'dirty-sync-missed-zero-copy': 0, 'precopy-bytes': 0, 'duplicate': 776874, 'dirty-pages-rate': 0, 'normal-bytes': 357343232, 'normal': 87242}}
QMP cmd [src1] query-migrate args={}
QMP reply [src1] query-migrate: {'expected-downtime': 300, 'status': 'active', 'setup-time': 3, 'total-time': 2815, 'ram': {'total': 8607571968, 'postcopy-requests': 0, 'dirty-sync-count': 1, 'multifd-bytes': 0, 'pages-per-second': 33580, 'downtime-bytes': 392087425, 'page-size': 4096, 'remaining': 5040889856, 'postcopy-bytes': 0, 'mbps': 1082.1888000000001, 'transferred': 392088007, 'dirty-sync-missed-zero-copy': 0, 'precopy-bytes': 0, 'duplicate': 776938, 'dirty-pages-rate': 0, 'normal-bytes': 384344064, 'normal': 93834}}
QMP cmd [src1] query-migrate args={}
QMP reply [src1] query-migrate: {'expected-downtime': 300, 'status': 'active', 'setup-time': 3, 'total-time': 3017, 'ram': {'total': 8607571968, 'postcopy-requests': 0, 'dirty-sync-count': 1, 'multifd-bytes': 0, 'pages-per-second': 40380, 'downtime-bytes': 419159702, 'page-size': 4096, 'remaining': 5005381632, 'postcopy-bytes': 0, 'mbps': 1082.6784, 'transferred': 419160304, 'dirty-sync-missed-zero-copy': 0, 'precopy-bytes': 0, 'duplicate': 779015, 'dirty-pages-rate': 0, 'normal-bytes': 411344896, 'normal': 100426}}
QMP cmd [src1] query-migrate args={}
QMP reply [src1] query-migrate: {'expected-downtime': 300, 'status': 'active', 'setup-time': 3, 'total-time': 3218, 'ram': {'total': 8607571968, 'postcopy-requests': 0, 'dirty-sync-count': 1, 'multifd-bytes': 0, 'pages-per-second': 43650, 'downtime-bytes': 446222916, 'page-size': 4096, 'remaining': 4973998080, 'postcopy-bytes': 0, 'mbps': 1082.9138400000002, 'transferred': 446223538, 'dirty-sync-missed-zero-copy': 0, 'precopy-bytes': 0, 'duplicate': 780085, 'dirty-pages-rate': 0, 'normal-bytes': 438345728, 'normal': 107018}}
QMP cmd [src1] query-migrate args={}
QMP reply [src1] query-migrate: {'expected-downtime': 300, 'status': 'active', 'setup-time': 3, 'total-time': 3419, 'ram': {'total': 8607571968, 'postcopy-requests': 0, 'dirty-sync-count': 1, 'multifd-bytes': 0, 'pages-per-second': 33280, 'downtime-bytes': 473276788, 'page-size': 4096, 'remaining': 4946866176, 'postcopy-bytes': 0, 'mbps': 1082.1671999999999, 'transferred': 473277430, 'dirty-sync-missed-zero-copy': 0, 'precopy-bytes': 0, 'duplicate': 780117, 'dirty-pages-rate': 0, 'normal-bytes': 465346560, 'normal': 113610}}
QMP cmd [src1] query-migrate args={}
QMP reply [src1] query-migrate: {'expected-downtime': 300, 'status': 'active', 'setup-time': 3, 'total-time': 3621, 'ram': {'total': 8607571968, 'postcopy-requests': 0, 'dirty-sync-count': 1, 'multifd-bytes': 0, 'pages-per-second': 33140, 'downtime-bytes': 500338706, 'page-size': 4096, 'remaining': 4916072448, 'postcopy-bytes': 0, 'mbps': 1082.15712, 'transferred': 500339368, 'dirty-sync-missed-zero-copy': 0, 'precopy-bytes': 0, 'duplicate': 781043, 'dirty-pages-rate': 0, 'normal-bytes': 492347392, 'normal': 120202}}
QMP cmd [src1] query-migrate args={}
QMP reply [src1] query-migrate: {'expected-downtime': 300, 'status': 'active', 'setup-time': 3, 'total-time': 3822, 'ram': {'total': 8607571968, 'postcopy-requests': 0, 'dirty-sync-count': 1, 'multifd-bytes': 0, 'pages-per-second': 39210, 'downtime-bytes': 527398491, 'page-size': 4096, 'remaining': 4886249472, 'postcopy-bytes': 0, 'mbps': 1082.5941599999999, 'transferred': 527399173, 'dirty-sync-missed-zero-copy': 0, 'precopy-bytes': 0, 'duplicate': 781732, 'dirty-pages-rate': 0, 'normal-bytes': 519348224, 'normal': 126794}}
2026-07-15 00:00:16.088900SSH command: ssh -o BatchMode=yes -o StrictHostKeyChecking=no -o UserKnownHostsFile=/dev/null -o ConnectTimeout=1 -o LogLevel=ERROR -p 2222 -i /home/max/.ssh/pgvm_bench user@127.0.0.1 test -f /tmp/bench.done
Return code: 255
Stdout: 
Stderr: Connection timed out during banner exchange

QMP cmd [src1] query-migrate args={}
QMP reply [src1] query-migrate: {'expected-downtime': 300, 'status': 'active', 'setup-time': 3, 'total-time': 4024, 'ram': {'total': 8607571968, 'postcopy-requests': 0, 'dirty-sync-count': 1, 'multifd-bytes': 0, 'pages-per-second': 33660, 'downtime-bytes': 554455288, 'page-size': 4096, 'remaining': 4857786368, 'postcopy-bytes': 0, 'mbps': 1082.1945600000001, 'transferred': 554455990, 'dirty-sync-missed-zero-copy': 0, 'precopy-bytes': 0, 'duplicate': 782089, 'dirty-pages-rate': 0, 'normal-bytes': 546349056, 'normal': 133386}}
QMP cmd [src1] query-migrate args={}
QMP reply [src1] query-migrate: {'expected-downtime': 300, 'status': 'active', 'setup-time': 3, 'total-time': 4225, 'ram': {'total': 8607571968, 'postcopy-requests': 0, 'dirty-sync-count': 1, 'multifd-bytes': 0, 'pages-per-second': 33000, 'downtime-bytes': 581509151, 'page-size': 4096, 'remaining': 4830658560, 'postcopy-bytes': 0, 'mbps': 1082.14704, 'transferred': 581509873, 'dirty-sync-missed-zero-copy': 0, 'precopy-bytes': 0, 'duplicate': 782120, 'dirty-pages-rate': 0, 'normal-bytes': 573349888, 'normal': 139978}}
QMP cmd [src1] query-migrate args={}
QMP reply [src1] query-migrate: {'expected-downtime': 300, 'status': 'active', 'setup-time': 3, 'total-time': 4426, 'ram': {'total': 8607571968, 'postcopy-requests': 0, 'dirty-sync-count': 1, 'multifd-bytes': 0, 'pages-per-second': 34306, 'downtime-bytes': 608564382, 'page-size': 4096, 'remaining': 4802908160, 'postcopy-bytes': 0, 'mbps': 1071.5503366336634, 'transferred': 608565124, 'dirty-sync-missed-zero-copy': 0, 'precopy-bytes': 0, 'duplicate': 782303, 'dirty-pages-rate': 0, 'normal-bytes': 600350720, 'normal': 146570}}
QMP cmd [src1] query-migrate args={}
QMP reply [src1] query-migrate: {'expected-downtime': 300, 'status': 'active', 'setup-time': 3, 'total-time': 4627, 'ram': {'total': 8607571968, 'postcopy-requests': 0, 'dirty-sync-count': 1, 'multifd-bytes': 0, 'pages-per-second': 33080, 'downtime-bytes': 635618245, 'page-size': 4096, 'remaining': 4775780352, 'postcopy-bytes': 0, 'mbps': 1082.1528, 'transferred': 635619007, 'dirty-sync-missed-zero-copy': 0, 'precopy-bytes': 0, 'duplicate': 782334, 'dirty-pages-rate': 0, 'normal-bytes': 627351552, 'normal': 153162}}
QMP cmd [src1] query-migrate args={}
QMP reply [src1] query-migrate: {'expected-downtime': 300, 'status': 'active', 'setup-time': 3, 'total-time': 4828, 'ram': {'total': 8607571968, 'postcopy-requests': 0, 'dirty-sync-count': 1, 'multifd-bytes': 0, 'pages-per-second': 33960, 'downtime-bytes': 662672927, 'page-size': 4096, 'remaining': 4748279808, 'postcopy-bytes': 0, 'mbps': 1082.21616, 'transferred': 662673709, 'dirty-sync-missed-zero-copy': 0, 'precopy-bytes': 0, 'duplicate': 782456, 'dirty-pages-rate': 0, 'normal-bytes': 654352384, 'normal': 159754}}
QMP cmd [src1] query-migrate args={}
QMP reply [src1] query-migrate: {'expected-downtime': 300, 'status': 'active', 'setup-time': 3, 'total-time': 5030, 'ram': {'total': 8607571968, 'postcopy-requests': 0, 'dirty-sync-count': 1, 'multifd-bytes': 0, 'pages-per-second': 33070, 'downtime-bytes': 689726646, 'page-size': 4096, 'remaining': 4721217536, 'postcopy-bytes': 0, 'mbps': 1082.15208, 'transferred': 689727448, 'dirty-sync-missed-zero-copy': 0, 'precopy-bytes': 0, 'duplicate': 782471, 'dirty-pages-rate': 0, 'normal-bytes': 681353216, 'normal': 166346}}
QMP cmd [src1] query-migrate args={}
QMP reply [src1] query-migrate: {'expected-downtime': 300, 'status': 'active', 'setup-time': 3, 'total-time': 5231, 'ram': {'total': 8607571968, 'postcopy-requests': 0, 'dirty-sync-count': 1, 'multifd-bytes': 0, 'pages-per-second': 33320, 'downtime-bytes': 716780698, 'page-size': 4096, 'remaining': 4694003712, 'postcopy-bytes': 0, 'mbps': 1082.17008, 'transferred': 716781520, 'dirty-sync-missed-zero-copy': 0, 'precopy-bytes': 0, 'duplicate': 782523, 'dirty-pages-rate': 0, 'normal-bytes': 708354048, 'normal': 172938}}
QMP cmd [src1] query-migrate args={}
QMP reply [src1] query-migrate: {'expected-downtime': 300, 'status': 'active', 'setup-time': 3, 'total-time': 5432, 'ram': {'total': 8607571968, 'postcopy-requests': 0, 'dirty-sync-count': 1, 'multifd-bytes': 0, 'pages-per-second': 33130, 'downtime-bytes': 743838026, 'page-size': 4096, 'remaining': 4665298944, 'postcopy-bytes': 0, 'mbps': 1082.1563999999998, 'transferred': 743838868, 'dirty-sync-missed-zero-copy': 0, 'precopy-bytes': 0, 'duplicate': 782939, 'dirty-pages-rate': 0, 'normal-bytes': 735354880, 'normal': 179530}}
QMP cmd [src1] query-migrate args={}
QMP reply [src1] query-migrate: {'expected-downtime': 300, 'status': 'active', 'setup-time': 3, 'total-time': 5633, 'ram': {'total': 8607571968, 'postcopy-requests': 0, 'dirty-sync-count': 1, 'multifd-bytes': 0, 'pages-per-second': 33470, 'downtime-bytes': 770892177, 'page-size': 4096, 'remaining': 4638040064, 'postcopy-bytes': 0, 'mbps': 1082.18088, 'transferred': 770893039, 'dirty-sync-missed-zero-copy': 0, 'precopy-bytes': 0, 'duplicate': 783002, 'dirty-pages-rate': 0, 'normal-bytes': 762355712, 'normal': 186122}}
QMP cmd [src1] query-migrate args={}
QMP reply [src1] query-migrate: {'expected-downtime': 300, 'status': 'active', 'setup-time': 3, 'total-time': 5835, 'ram': {'total': 8607571968, 'postcopy-requests': 0, 'dirty-sync-count': 1, 'multifd-bytes': 0, 'pages-per-second': 33020, 'downtime-bytes': 797946544, 'page-size': 4096, 'remaining': 4610682880, 'postcopy-bytes': 0, 'mbps': 1082.14848, 'transferred': 797947426, 'dirty-sync-missed-zero-copy': 0, 'precopy-bytes': 0, 'duplicate': 783089, 'dirty-pages-rate': 0, 'normal-bytes': 789356544, 'normal': 192714}}
QMP cmd [src1] query-migrate args={}
QMP reply [src1] query-migrate: {'expected-downtime': 300, 'status': 'active', 'setup-time': 3, 'total-time': 6036, 'ram': {'total': 8607571968, 'postcopy-requests': 0, 'dirty-sync-count': 1, 'multifd-bytes': 0, 'pages-per-second': 33060, 'downtime-bytes': 825002702, 'page-size': 4096, 'remaining': 4582510592, 'postcopy-bytes': 0, 'mbps': 1082.15136, 'transferred': 825003604, 'dirty-sync-missed-zero-copy': 0, 'precopy-bytes': 0, 'duplicate': 783375, 'dirty-pages-rate': 0, 'normal-bytes': 816357376, 'normal': 199306}}
QMP cmd [src1] query-migrate args={}
QMP reply [src1] query-migrate: {'expected-downtime': 300, 'status': 'active', 'setup-time': 3, 'total-time': 6237, 'ram': {'total': 8607571968, 'postcopy-requests': 0, 'dirty-sync-count': 1, 'multifd-bytes': 0, 'pages-per-second': 32980, 'downtime-bytes': 852056358, 'page-size': 4096, 'remaining': 4555476992, 'postcopy-bytes': 0, 'mbps': 1082.1456, 'transferred': 852057280, 'dirty-sync-missed-zero-copy': 0, 'precopy-bytes': 0, 'duplicate': 783383, 'dirty-pages-rate': 0, 'normal-bytes': 843358208, 'normal': 205898}}
QMP cmd [src1] query-migrate args={}
QMP reply [src1] query-migrate: {'expected-downtime': 300, 'status': 'active', 'setup-time': 3, 'total-time': 6438, 'ram': {'total': 8607571968, 'postcopy-requests': 0, 'dirty-sync-count': 1, 'multifd-bytes': 0, 'pages-per-second': 33930, 'downtime-bytes': 879115441, 'page-size': 4096, 'remaining': 4525973504, 'postcopy-bytes': 0, 'mbps': 1082.214, 'transferred': 879116383, 'dirty-sync-missed-zero-copy': 0, 'precopy-bytes': 0, 'duplicate': 783994, 'dirty-pages-rate': 0, 'normal-bytes': 870359040, 'normal': 212490}}
QMP cmd [src1] query-migrate args={}
QMP reply [src1] query-migrate: {'expected-downtime': 300, 'status': 'active', 'setup-time': 3, 'total-time': 6640, 'ram': {'total': 8607571968, 'postcopy-requests': 0, 'dirty-sync-count': 1, 'multifd-bytes': 0, 'pages-per-second': 33030, 'downtime-bytes': 906169142, 'page-size': 4096, 'remaining': 4498919424, 'postcopy-bytes': 0, 'mbps': 1082.1492, 'transferred': 906170104, 'dirty-sync-missed-zero-copy': 0, 'precopy-bytes': 0, 'duplicate': 784007, 'dirty-pages-rate': 0, 'normal-bytes': 897359872, 'normal': 219082}}
QMP cmd [src1] query-migrate args={}
QMP reply [src1] query-migrate: {'expected-downtime': 300, 'status': 'active', 'setup-time': 3, 'total-time': 6841, 'ram': {'total': 8607571968, 'postcopy-requests': 0, 'dirty-sync-count': 1, 'multifd-bytes': 0, 'pages-per-second': 33040, 'downtime-bytes': 933227604, 'page-size': 4096, 'remaining': 4469698560, 'postcopy-bytes': 0, 'mbps': 1082.1499199999998, 'transferred': 933228586, 'dirty-sync-missed-zero-copy': 0, 'precopy-bytes': 0, 'duplicate': 784549, 'dirty-pages-rate': 0, 'normal-bytes': 924360704, 'normal': 225674}}
2026-07-15 00:00:19.095132SSH command: ssh -o BatchMode=yes -o StrictHostKeyChecking=no -o UserKnownHostsFile=/dev/null -o ConnectTimeout=1 -o LogLevel=ERROR -p 2222 -i /home/max/.ssh/pgvm_bench user@127.0.0.1 test -f /tmp/bench.done
Return code: 255
Stdout: 
Stderr: Connection timed out during banner exchange

QMP cmd [src1] query-migrate args={}
QMP reply [src1] query-migrate: {'expected-downtime': 300, 'status': 'active', 'setup-time': 3, 'total-time': 7042, 'ram': {'total': 8607571968, 'postcopy-requests': 0, 'dirty-sync-count': 1, 'multifd-bytes': 0, 'pages-per-second': 33040, 'downtime-bytes': 960281296, 'page-size': 4096, 'remaining': 4442648576, 'postcopy-bytes': 0, 'mbps': 1082.1499199999998, 'transferred': 960282298, 'dirty-sync-missed-zero-copy': 0, 'precopy-bytes': 0, 'duplicate': 784561, 'dirty-pages-rate': 0, 'normal-bytes': 951361536, 'normal': 232266}}
QMP cmd [src1] query-migrate args={}
QMP reply [src1] query-migrate: {'expected-downtime': 300, 'status': 'active', 'setup-time': 3, 'total-time': 7243, 'ram': {'total': 8607571968, 'postcopy-requests': 0, 'dirty-sync-count': 1, 'multifd-bytes': 0, 'pages-per-second': 33020, 'downtime-bytes': 987334970, 'page-size': 4096, 'remaining': 4415606784, 'postcopy-bytes': 0, 'mbps': 1082.14848, 'transferred': 987335992, 'dirty-sync-missed-zero-copy': 0, 'precopy-bytes': 0, 'duplicate': 784571, 'dirty-pages-rate': 0, 'normal-bytes': 978362368, 'normal': 238858}}
QMP cmd [src1] query-migrate args={}
QMP reply [src1] query-migrate: {'expected-downtime': 300, 'status': 'active', 'setup-time': 3, 'total-time': 7445, 'ram': {'total': 8607571968, 'postcopy-requests': 0, 'dirty-sync-count': 1, 'multifd-bytes': 0, 'pages-per-second': 32960, 'downtime-bytes': 1014388572, 'page-size': 4096, 'remaining': 4388597760, 'postcopy-bytes': 0, 'mbps': 1082.1441599999998, 'transferred': 1014389614, 'dirty-sync-missed-zero-copy': 0, 'precopy-bytes': 0, 'duplicate': 784573, 'dirty-pages-rate': 0, 'normal-bytes': 1005363200, 'normal': 245450}}
QMP cmd [src1] query-migrate args={}
QMP reply [src1] query-migrate: {'expected-downtime': 300, 'status': 'active', 'setup-time': 3, 'total-time': 7646, 'ram': {'total': 8607571968, 'postcopy-requests': 0, 'dirty-sync-count': 1, 'multifd-bytes': 0, 'pages-per-second': 33000, 'downtime-bytes': 1041442246, 'page-size': 4096, 'remaining': 4361555968, 'postcopy-bytes': 0, 'mbps': 1082.14704, 'transferred': 1041443308, 'dirty-sync-missed-zero-copy': 0, 'precopy-bytes': 0, 'duplicate': 784583, 'dirty-pages-rate': 0, 'normal-bytes': 1032364032, 'normal': 252042}}
QMP cmd [src1] query-migrate args={}
QMP reply [src1] query-migrate: {'expected-downtime': 300, 'status': 'active', 'setup-time': 3, 'total-time': 7847, 'ram': {'total': 8607571968, 'postcopy-requests': 0, 'dirty-sync-count': 1, 'multifd-bytes': 0, 'pages-per-second': 32960, 'downtime-bytes': 1068495848, 'page-size': 4096, 'remaining': 4334546944, 'postcopy-bytes': 0, 'mbps': 1082.1441599999998, 'transferred': 1068496930, 'dirty-sync-missed-zero-copy': 0, 'precopy-bytes': 0, 'duplicate': 784585, 'dirty-pages-rate': 0, 'normal-bytes': 1059364864, 'normal': 258634}}
QMP cmd [src1] query-migrate args={}
QMP reply [src1] query-migrate: {'expected-downtime': 300, 'status': 'active', 'setup-time': 3, 'total-time': 8048, 'ram': {'total': 8607571968, 'postcopy-requests': 0, 'dirty-sync-count': 1, 'multifd-bytes': 0, 'pages-per-second': 32960, 'downtime-bytes': 1095549432, 'page-size': 4096, 'remaining': 4307546112, 'postcopy-bytes': 0, 'mbps': 1082.1441599999998, 'transferred': 1095550534, 'dirty-sync-missed-zero-copy': 0, 'precopy-bytes': 0, 'duplicate': 784585, 'dirty-pages-rate': 0, 'normal-bytes': 1086365696, 'normal': 265226}}
QMP cmd [src1] query-migrate args={}
QMP reply [src1] query-migrate: {'expected-downtime': 300, 'status': 'active', 'setup-time': 3, 'total-time': 8250, 'ram': {'total': 8607571968, 'postcopy-requests': 0, 'dirty-sync-count': 1, 'multifd-bytes': 0, 'pages-per-second': 33020, 'downtime-bytes': 1122603070, 'page-size': 4096, 'remaining': 4280520704, 'postcopy-bytes': 0, 'mbps': 1082.14848, 'transferred': 1122604192, 'dirty-sync-missed-zero-copy': 0, 'precopy-bytes': 0, 'duplicate': 784591, 'dirty-pages-rate': 0, 'normal-bytes': 1113366528, 'normal': 271818}}
QMP cmd [src1] query-migrate args={}
QMP reply [src1] query-migrate: {'expected-downtime': 300, 'status': 'active', 'setup-time': 3, 'total-time': 8451, 'ram': {'total': 8607571968, 'postcopy-requests': 0, 'dirty-sync-count': 1, 'multifd-bytes': 0, 'pages-per-second': 33000, 'downtime-bytes': 1149656726, 'page-size': 4096, 'remaining': 4253487104, 'postcopy-bytes': 0, 'mbps': 1082.14704, 'transferred': 1149657868, 'dirty-sync-missed-zero-copy': 0, 'precopy-bytes': 0, 'duplicate': 784599, 'dirty-pages-rate': 0, 'normal-bytes': 1140367360, 'normal': 278410}}
QMP cmd [src1] query-migrate args={}
QMP reply [src1] query-migrate: {'expected-downtime': 300, 'status': 'active', 'setup-time': 3, 'total-time': 8652, 'ram': {'total': 8607571968, 'postcopy-requests': 0, 'dirty-sync-count': 1, 'multifd-bytes': 0, 'pages-per-second': 33000, 'downtime-bytes': 1176710490, 'page-size': 4096, 'remaining': 4226404352, 'postcopy-bytes': 0, 'mbps': 1082.14704, 'transferred': 1176711652, 'dirty-sync-missed-zero-copy': 0, 'precopy-bytes': 0, 'duplicate': 784619, 'dirty-pages-rate': 0, 'normal-bytes': 1167368192, 'normal': 285002}}
QMP cmd [src1] query-migrate args={}
QMP reply [src1] query-migrate: {'expected-downtime': 300, 'status': 'active', 'setup-time': 3, 'total-time': 8853, 'ram': {'total': 8607571968, 'postcopy-requests': 0, 'dirty-sync-count': 1, 'multifd-bytes': 0, 'pages-per-second': 32960, 'downtime-bytes': 1203764092, 'page-size': 4096, 'remaining': 4199395328, 'postcopy-bytes': 0, 'mbps': 1082.1441599999998, 'transferred': 1203765274, 'dirty-sync-missed-zero-copy': 0, 'precopy-bytes': 0, 'duplicate': 784621, 'dirty-pages-rate': 0, 'normal-bytes': 1194369024, 'normal': 291594}}
QMP cmd [src1] query-migrate args={}
QMP reply [src1] query-migrate: {'expected-downtime': 300, 'status': 'active', 'setup-time': 3, 'total-time': 9055, 'ram': {'total': 8607571968, 'postcopy-requests': 0, 'dirty-sync-count': 1, 'multifd-bytes': 0, 'pages-per-second': 32980, 'downtime-bytes': 1230817730, 'page-size': 4096, 'remaining': 4172369920, 'postcopy-bytes': 0, 'mbps': 1082.1456, 'transferred': 1230818932, 'dirty-sync-missed-zero-copy': 0, 'precopy-bytes': 0, 'duplicate': 784627, 'dirty-pages-rate': 0, 'normal-bytes': 1221369856, 'normal': 298186}}
QMP cmd [src1] query-migrate args={}
QMP reply [src1] query-migrate: {'expected-downtime': 300, 'status': 'active', 'setup-time': 3, 'total-time': 9257, 'ram': {'total': 8607571968, 'postcopy-requests': 0, 'dirty-sync-count': 1, 'multifd-bytes': 0, 'pages-per-second': 32980, 'downtime-bytes': 1257871368, 'page-size': 4096, 'remaining': 4145344512, 'postcopy-bytes': 0, 'mbps': 1082.1456, 'transferred': 1257872590, 'dirty-sync-missed-zero-copy': 0, 'precopy-bytes': 0, 'duplicate': 784633, 'dirty-pages-rate': 0, 'normal-bytes': 1248370688, 'normal': 304778}}
QMP cmd [src1] query-migrate args={}
QMP reply [src1] query-migrate: {'expected-downtime': 300, 'status': 'active', 'setup-time': 3, 'total-time': 9458, 'ram': {'total': 8607571968, 'postcopy-requests': 0, 'dirty-sync-count': 1, 'multifd-bytes': 0, 'pages-per-second': 32960, 'downtime-bytes': 1284924970, 'page-size': 4096, 'remaining': 4118335488, 'postcopy-bytes': 0, 'mbps': 1082.1441599999998, 'transferred': 1284926212, 'dirty-sync-missed-zero-copy': 0, 'precopy-bytes': 0, 'duplicate': 784635, 'dirty-pages-rate': 0, 'normal-bytes': 1275371520, 'normal': 311370}}
QMP cmd [src1] query-migrate args={}
QMP reply [src1] query-migrate: {'expected-downtime': 300, 'status': 'active', 'setup-time': 3, 'total-time': 9659, 'ram': {'total': 8607571968, 'postcopy-requests': 0, 'dirty-sync-count': 1, 'multifd-bytes': 0, 'pages-per-second': 33020, 'downtime-bytes': 1311978644, 'page-size': 4096, 'remaining': 4091293696, 'postcopy-bytes': 0, 'mbps': 1082.14848, 'transferred': 1311979906, 'dirty-sync-missed-zero-copy': 0, 'precopy-bytes': 0, 'duplicate': 784645, 'dirty-pages-rate': 0, 'normal-bytes': 1302372352, 'normal': 317962}}
QMP cmd [src1] query-migrate args={}
QMP reply [src1] query-migrate: {'expected-downtime': 300, 'status': 'active', 'setup-time': 3, 'total-time': 9860, 'ram': {'total': 8607571968, 'postcopy-requests': 0, 'dirty-sync-count': 1, 'multifd-bytes': 0, 'pages-per-second': 32960, 'downtime-bytes': 1339032246, 'page-size': 4096, 'remaining': 4064284672, 'postcopy-bytes': 0, 'mbps': 1082.1441599999998, 'transferred': 1339033528, 'dirty-sync-missed-zero-copy': 0, 'precopy-bytes': 0, 'duplicate': 784647, 'dirty-pages-rate': 0, 'normal-bytes': 1329373184, 'normal': 324554}}
2026-07-15 00:00:22.100994SSH command: ssh -o BatchMode=yes -o StrictHostKeyChecking=no -o UserKnownHostsFile=/dev/null -o ConnectTimeout=1 -o LogLevel=ERROR -p 2222 -i /home/max/.ssh/pgvm_bench user@127.0.0.1 test -f /tmp/bench.done
Return code: 255
Stdout: 
Stderr: Connection timed out during banner exchange

QMP cmd [src1] query-migrate args={}
QMP reply [src1] query-migrate: {'expected-downtime': 300, 'status': 'active', 'setup-time': 3, 'total-time': 10062, 'ram': {'total': 8607571968, 'postcopy-requests': 0, 'dirty-sync-count': 1, 'multifd-bytes': 0, 'pages-per-second': 32980, 'downtime-bytes': 1366085902, 'page-size': 4096, 'remaining': 4037251072, 'postcopy-bytes': 0, 'mbps': 1082.1456, 'transferred': 1366087204, 'dirty-sync-missed-zero-copy': 0, 'precopy-bytes': 0, 'duplicate': 784655, 'dirty-pages-rate': 0, 'normal-bytes': 1356374016, 'normal': 331146}}
QMP cmd [src1] query-migrate args={}
QMP reply [src1] query-migrate: {'expected-downtime': 300, 'status': 'active', 'setup-time': 3, 'total-time': 10263, 'ram': {'total': 8607571968, 'postcopy-requests': 0, 'dirty-sync-count': 1, 'multifd-bytes': 0, 'pages-per-second': 32980, 'downtime-bytes': 1393139558, 'page-size': 4096, 'remaining': 4010217472, 'postcopy-bytes': 0, 'mbps': 1082.1456, 'transferred': 1393140880, 'dirty-sync-missed-zero-copy': 0, 'precopy-bytes': 0, 'duplicate': 784663, 'dirty-pages-rate': 0, 'normal-bytes': 1383374848, 'normal': 337738}}
QMP cmd [src1] query-migrate args={}
QMP reply [src1] query-migrate: {'expected-downtime': 300, 'status': 'active', 'setup-time': 3, 'total-time': 10465, 'ram': {'total': 8607571968, 'postcopy-requests': 0, 'dirty-sync-count': 1, 'multifd-bytes': 0, 'pages-per-second': 33040, 'downtime-bytes': 1420193286, 'page-size': 4096, 'remaining': 3983151104, 'postcopy-bytes': 0, 'mbps': 1082.1499199999998, 'transferred': 1420194628, 'dirty-sync-missed-zero-copy': 0, 'precopy-bytes': 0, 'duplicate': 784679, 'dirty-pages-rate': 0, 'normal-bytes': 1410375680, 'normal': 344330}}
QMP cmd [src1] query-migrate args={}
QMP reply [src1] query-migrate: {'expected-downtime': 300, 'status': 'active', 'setup-time': 3, 'total-time': 10666, 'ram': {'total': 8607571968, 'postcopy-requests': 0, 'dirty-sync-count': 1, 'multifd-bytes': 0, 'pages-per-second': 32980, 'downtime-bytes': 1447246924, 'page-size': 4096, 'remaining': 3956125696, 'postcopy-bytes': 0, 'mbps': 1082.1456, 'transferred': 1447248286, 'dirty-sync-missed-zero-copy': 0, 'precopy-bytes': 0, 'duplicate': 784685, 'dirty-pages-rate': 0, 'normal-bytes': 1437376512, 'normal': 350922}}
QMP cmd [src1] query-migrate args={}
QMP reply [src1] query-migrate: {'expected-downtime': 300, 'status': 'active', 'setup-time': 3, 'total-time': 10867, 'ram': {'total': 8607571968, 'postcopy-requests': 0, 'dirty-sync-count': 1, 'multifd-bytes': 0, 'pages-per-second': 32980, 'downtime-bytes': 1474300670, 'page-size': 4096, 'remaining': 3929051136, 'postcopy-bytes': 0, 'mbps': 1082.1456, 'transferred': 1474302052, 'dirty-sync-missed-zero-copy': 0, 'precopy-bytes': 0, 'duplicate': 784703, 'dirty-pages-rate': 0, 'normal-bytes': 1464377344, 'normal': 357514}}
QMP cmd [src1] query-migrate args={}
QMP reply [src1] query-migrate: {'expected-downtime': 300, 'status': 'active', 'setup-time': 3, 'total-time': 11068, 'ram': {'total': 8607571968, 'postcopy-requests': 0, 'dirty-sync-count': 1, 'multifd-bytes': 0, 'pages-per-second': 33020, 'downtime-bytes': 1501354380, 'page-size': 4096, 'remaining': 3901992960, 'postcopy-bytes': 0, 'mbps': 1082.14848, 'transferred': 1501355782, 'dirty-sync-missed-zero-copy': 0, 'precopy-bytes': 0, 'duplicate': 784717, 'dirty-pages-rate': 0, 'normal-bytes': 1491378176, 'normal': 364106}}
QMP cmd [src1] query-migrate args={}
QMP reply [src1] query-migrate: {'expected-downtime': 300, 'status': 'active', 'setup-time': 3, 'total-time': 11269, 'ram': {'total': 8607571968, 'postcopy-requests': 0, 'dirty-sync-count': 1, 'multifd-bytes': 0, 'pages-per-second': 33500, 'downtime-bytes': 1528408468, 'page-size': 4096, 'remaining': 3874762752, 'postcopy-bytes': 0, 'mbps': 1082.1830400000001, 'transferred': 1528409890, 'dirty-sync-missed-zero-copy': 0, 'precopy-bytes': 0, 'duplicate': 784773, 'dirty-pages-rate': 0, 'normal-bytes': 1518379008, 'normal': 370698}}
QMP cmd [src1] query-migrate args={}
QMP reply [src1] query-migrate: {'expected-downtime': 300, 'status': 'active', 'setup-time': 3, 'total-time': 11471, 'ram': {'total': 8607571968, 'postcopy-requests': 0, 'dirty-sync-count': 1, 'multifd-bytes': 0, 'pages-per-second': 33120, 'downtime-bytes': 1555462286, 'page-size': 4096, 'remaining': 3847655424, 'postcopy-bytes': 0, 'mbps': 1082.1556799999998, 'transferred': 1555463728, 'dirty-sync-missed-zero-copy': 0, 'precopy-bytes': 0, 'duplicate': 784799, 'dirty-pages-rate': 0, 'normal-bytes': 1545379840, 'normal': 377290}}
QMP cmd [src1] query-migrate args={}
QMP reply [src1] query-migrate: {'expected-downtime': 300, 'status': 'active', 'setup-time': 3, 'total-time': 11672, 'ram': {'total': 8607571968, 'postcopy-requests': 0, 'dirty-sync-count': 1, 'multifd-bytes': 0, 'pages-per-second': 33120, 'downtime-bytes': 1582516644, 'page-size': 4096, 'remaining': 3820302336, 'postcopy-bytes': 0, 'mbps': 1082.1556799999998, 'transferred': 1582518106, 'dirty-sync-missed-zero-copy': 0, 'precopy-bytes': 0, 'duplicate': 784885, 'dirty-pages-rate': 0, 'normal-bytes': 1572380672, 'normal': 383882}}
QMP cmd [src1] query-migrate args={}
QMP reply [src1] query-migrate: {'expected-downtime': 300, 'status': 'active', 'setup-time': 3, 'total-time': 11873, 'ram': {'total': 8607571968, 'postcopy-requests': 0, 'dirty-sync-count': 1, 'multifd-bytes': 0, 'pages-per-second': 33380, 'downtime-bytes': 1609571128, 'page-size': 4096, 'remaining': 3792891904, 'postcopy-bytes': 0, 'mbps': 1082.1743999999999, 'transferred': 1609572610, 'dirty-sync-missed-zero-copy': 0, 'precopy-bytes': 0, 'duplicate': 784985, 'dirty-pages-rate': 0, 'normal-bytes': 1599381504, 'normal': 390474}}
QMP cmd [src1] query-migrate args={}
QMP reply [src1] query-migrate: {'expected-downtime': 300, 'status': 'active', 'setup-time': 3, 'total-time': 12074, 'ram': {'total': 8607571968, 'postcopy-requests': 0, 'dirty-sync-count': 1, 'multifd-bytes': 0, 'pages-per-second': 33800, 'downtime-bytes': 1636627880, 'page-size': 4096, 'remaining': 3764449280, 'postcopy-bytes': 0, 'mbps': 1082.20464, 'transferred': 1636629382, 'dirty-sync-missed-zero-copy': 0, 'precopy-bytes': 0, 'duplicate': 785337, 'dirty-pages-rate': 0, 'normal-bytes': 1626382336, 'normal': 397066}}
QMP cmd [src1] query-migrate args={}
QMP reply [src1] query-migrate: {'expected-downtime': 300, 'status': 'active', 'setup-time': 3, 'total-time': 12275, 'ram': {'total': 8607571968, 'postcopy-requests': 0, 'dirty-sync-count': 1, 'multifd-bytes': 0, 'pages-per-second': 36780, 'downtime-bytes': 1663688250, 'page-size': 4096, 'remaining': 3734360064, 'postcopy-bytes': 0, 'mbps': 1082.4192, 'transferred': 1663689772, 'dirty-sync-missed-zero-copy': 0, 'precopy-bytes': 0, 'duplicate': 786091, 'dirty-pages-rate': 0, 'normal-bytes': 1653383168, 'normal': 403658}}
QMP cmd [src1] query-migrate args={}
QMP reply [src1] query-migrate: {'expected-downtime': 300, 'status': 'active', 'setup-time': 3, 'total-time': 12477, 'ram': {'total': 8607571968, 'postcopy-requests': 0, 'dirty-sync-count': 1, 'multifd-bytes': 0, 'pages-per-second': 41000, 'downtime-bytes': 1690757260, 'page-size': 4096, 'remaining': 3700338688, 'postcopy-bytes': 0, 'mbps': 1082.72304, 'transferred': 1690758802, 'dirty-sync-missed-zero-copy': 0, 'precopy-bytes': 0, 'duplicate': 787805, 'dirty-pages-rate': 0, 'normal-bytes': 1680384000, 'normal': 410250}}
QMP cmd [src1] query-migrate args={}
QMP reply [src1] query-migrate: {'expected-downtime': 300, 'status': 'active', 'setup-time': 3, 'total-time': 12678, 'ram': {'total': 8607571968, 'postcopy-requests': 0, 'dirty-sync-count': 1, 'multifd-bytes': 0, 'pages-per-second': 37180, 'downtime-bytes': 1717818656, 'page-size': 4096, 'remaining': 3669782528, 'postcopy-bytes': 0, 'mbps': 1082.448, 'transferred': 1717820218, 'dirty-sync-missed-zero-copy': 0, 'precopy-bytes': 0, 'duplicate': 788673, 'dirty-pages-rate': 0, 'normal-bytes': 1707384832, 'normal': 416842}}
QMP cmd [src1] query-migrate args={}
QMP reply [src1] query-migrate: {'expected-downtime': 300, 'status': 'active', 'setup-time': 3, 'total-time': 12879, 'ram': {'total': 8607571968, 'postcopy-requests': 0, 'dirty-sync-count': 1, 'multifd-bytes': 0, 'pages-per-second': 38070, 'downtime-bytes': 1744880637, 'page-size': 4096, 'remaining': 3638960128, 'postcopy-bytes': 0, 'mbps': 1082.51208, 'transferred': 1744882219, 'dirty-sync-missed-zero-copy': 0, 'precopy-bytes': 0, 'duplicate': 789606, 'dirty-pages-rate': 0, 'normal-bytes': 1734385664, 'normal': 423434}}
2026-07-15 00:00:25.107064SSH command: ssh -o BatchMode=yes -o StrictHostKeyChecking=no -o UserKnownHostsFile=/dev/null -o ConnectTimeout=1 -o LogLevel=ERROR -p 2222 -i /home/max/.ssh/pgvm_bench user@127.0.0.1 test -f /tmp/bench.done
Return code: 255
Stdout: 
Stderr: Connection timed out during banner exchange

qemu-system-x86_64: terminating on signal 15 from pid 38411 (/home/max/Bachelor-Thesis/Repo/.venv/bin/python)
QMP cmd [src1] query-migrate args={}
QMP reply [src1] query-migrate: {'expected-downtime': 300, 'status': 'active', 'setup-time': 3, 'total-time': 13080, 'ram': {'total': 8607571968, 'postcopy-requests': 0, 'dirty-sync-count': 1, 'multifd-bytes': 0, 'pages-per-second': 37780, 'downtime-bytes': 1771958646, 'page-size': 4096, 'remaining': 167948288, 'postcopy-bytes': 0, 'mbps': 1082.4912, 'transferred': 1771960258, 'dirty-sync-missed-zero-copy': 0, 'precopy-bytes': 0, 'duplicate': 1632271, 'dirty-pages-rate': 0, 'normal-bytes': 1753841664, 'normal': 428184}}
QMP cmd [src1] query-migrate args={}
QMP reply [src1] query-migrate: {'expected-downtime': 300, 'status': 'active', 'setup-time': 3, 'total-time': 13281, 'ram': {'total': 8607571968, 'postcopy-requests': 0, 'dirty-sync-count': 1, 'multifd-bytes': 0, 'pages-per-second': 34220, 'downtime-bytes': 1799013364, 'page-size': 4096, 'remaining': 140431360, 'postcopy-bytes': 0, 'mbps': 1082.23488, 'transferred': 1799014996, 'dirty-sync-missed-zero-copy': 0, 'precopy-bytes': 0, 'duplicate': 1632397, 'dirty-pages-rate': 0, 'normal-bytes': 1780842496, 'normal': 434776}}
QMP cmd [src1] query-migrate args={}
QMP reply [src1] query-migrate: {'expected-downtime': 300, 'status': 'active', 'setup-time': 3, 'total-time': 13483, 'ram': {'total': 8607571968, 'postcopy-requests': 0, 'dirty-sync-count': 1, 'multifd-bytes': 0, 'pages-per-second': 32960, 'downtime-bytes': 1826066948, 'page-size': 4096, 'remaining': 113430528, 'postcopy-bytes': 0, 'mbps': 1082.1441599999998, 'transferred': 1826068600, 'dirty-sync-missed-zero-copy': 0, 'precopy-bytes': 0, 'duplicate': 1632397, 'dirty-pages-rate': 0, 'normal-bytes': 1807843328, 'normal': 441368}}
QMP cmd [src1] query-migrate args={}
QMP reply [src1] query-migrate: {'expected-downtime': 300, 'status': 'active', 'setup-time': 3, 'total-time': 13684, 'ram': {'total': 8607571968, 'postcopy-requests': 0, 'dirty-sync-count': 1, 'multifd-bytes': 0, 'pages-per-second': 32960, 'downtime-bytes': 1853120532, 'page-size': 4096, 'remaining': 86429696, 'postcopy-bytes': 0, 'mbps': 1082.1441599999998, 'transferred': 1853122204, 'dirty-sync-missed-zero-copy': 0, 'precopy-bytes': 0, 'duplicate': 1632397, 'dirty-pages-rate': 0, 'normal-bytes': 1834844160, 'normal': 447960}}
QMP cmd [src1] query-migrate args={}
QMP reply [src1] query-migrate: {'expected-downtime': 300, 'status': 'active', 'setup-time': 3, 'total-time': 13885, 'ram': {'total': 8607571968, 'postcopy-requests': 0, 'dirty-sync-count': 1, 'multifd-bytes': 0, 'pages-per-second': 32960, 'downtime-bytes': 1880174116, 'page-size': 4096, 'remaining': 59428864, 'postcopy-bytes': 0, 'mbps': 1082.1441599999998, 'transferred': 1880175808, 'dirty-sync-missed-zero-copy': 0, 'precopy-bytes': 0, 'duplicate': 1632397, 'dirty-pages-rate': 0, 'normal-bytes': 1861844992, 'normal': 454552}}
QMP cmd [src1] query-migrate args={}
QMP reply [src1] query-migrate: {'expected-downtime': 300, 'status': 'active', 'setup-time': 3, 'total-time': 14086, 'ram': {'total': 8607571968, 'postcopy-requests': 0, 'dirty-sync-count': 1, 'multifd-bytes': 0, 'pages-per-second': 32960, 'downtime-bytes': 1907227700, 'page-size': 4096, 'remaining': 32428032, 'postcopy-bytes': 0, 'mbps': 1082.1441599999998, 'transferred': 1907229412, 'dirty-sync-missed-zero-copy': 0, 'precopy-bytes': 0, 'duplicate': 1632397, 'dirty-pages-rate': 0, 'normal-bytes': 1888845824, 'normal': 461144}}
QMP cmd [src1] query-migrate args={}
QMP reply [src1] query-migrate: {'status': 'completed', 'setup-time': 3, 'downtime': 17, 'total-time': 14119, 'ram': {'total': 8607571968, 'postcopy-requests': 0, 'dirty-sync-count': 3, 'multifd-bytes': 0, 'pages-per-second': 32960, 'downtime-bytes': 1922389171, 'page-size': 4096, 'remaining': 0, 'postcopy-bytes': 0, 'mbps': 1089.719431567016, 'transferred': 1922809937, 'dirty-sync-missed-zero-copy': 0, 'precopy-bytes': 0, 'duplicate': 1636629, 'dirty-pages-rate': 0, 'normal-bytes': 1903939584, 'normal': 464829}}
