2026-07-15 00:20:35.467146SSH command: ssh -o BatchMode=yes -o StrictHostKeyChecking=no -o UserKnownHostsFile=/dev/null -o ConnectTimeout=1 -o LogLevel=ERROR -p 2227 -i /home/max/.ssh/pgvm_bench user@127.0.0.1 systemd-analyze
Return code: 0
Stdout: Startup finished in 807ms (kernel) + 2.239s (userspace) = 3.047s 
graphical.target reached after 2.239s in userspace.

Stderr: 
2026-07-15 00:20:35.611210SSH command: ssh -o BatchMode=yes -o StrictHostKeyChecking=no -o UserKnownHostsFile=/dev/null -o ConnectTimeout=1 -o LogLevel=ERROR -p 2227 -i /home/max/.ssh/pgvm_bench user@127.0.0.1 rm -f /tmp/bench.done /tmp/pg-buffer-hit-ratio.csv /tmp/pg-buffer-sampler.log; nohup bash /home/user/pg_sampler.sh /tmp/bench.done /tmp/pg-buffer-hit-ratio.csv ycsb >/tmp/pg-buffer-sampler.log 2>&1 &
Return code: 0
Stdout: 
Stderr: 
QMP cmd [src6] stop args={}
QMP cmd [src6] query-migrate args={}
QMP reply [src6] stop: {}
QMP cmd [src6] migrate-set-capabilities args={'capabilities': [{'capability': 'auto-converge', 'state': False}, {'capability': 'events', 'state': True}, {'capability': 'postcopy-blocktime', 'state': False}, {'capability': 'postcopy-ram', 'state': False}]}
QMP reply [src6] query-migrate: {}
QMP reply [src6] migrate-set-capabilities: {}
QMP cmd [src6] migrate args={'uri': 'unix:/tmp/mig.sock'}
QMP reply [src6] migrate: {}
QMP cmd [src6] query-migrate args={}
QMP reply [src6] query-migrate: {'expected-downtime': 300, 'status': 'active', 'setup-time': 1, 'total-time': 201, 'ram': {'total': 8607571968, 'postcopy-requests': 0, 'dirty-sync-count': 1, 'multifd-bytes': 0, 'pages-per-second': 35530, 'downtime-bytes': 29550946, 'page-size': 4096, 'remaining': 8575250432, 'postcopy-bytes': 0, 'mbps': 1082.3292, 'transferred': 29424026, 'dirty-sync-missed-zero-copy': 0, 'precopy-bytes': 0, 'duplicate': 691, 'dirty-pages-rate': 0, 'normal-bytes': 29487104, 'normal': 7199}}
QMP cmd [src6] query-migrate args={}
QMP reply [src6] query-migrate: {'expected-downtime': 300, 'status': 'active', 'setup-time': 1, 'total-time': 401, 'ram': {'total': 8607571968, 'postcopy-requests': 0, 'dirty-sync-count': 1, 'multifd-bytes': 0, 'pages-per-second': 2045870, 'downtime-bytes': 59762783, 'page-size': 4096, 'remaining': 7683043328, 'postcopy-bytes': 0, 'mbps': 1074.08448, 'transferred': 59635883, 'dirty-sync-missed-zero-copy': 0, 'precopy-bytes': 0, 'duplicate': 211616, 'dirty-pages-rate': 0, 'normal-bytes': 57745408, 'normal': 14098}}
QMP cmd [src6] query-migrate args={}
QMP reply [src6] query-migrate: {'expected-downtime': 300, 'status': 'active', 'setup-time': 1, 'total-time': 602, 'ram': {'total': 8607571968, 'postcopy-requests': 0, 'dirty-sync-count': 1, 'multifd-bytes': 0, 'pages-per-second': 199330, 'downtime-bytes': 85418901, 'page-size': 4096, 'remaining': 5356748800, 'postcopy-bytes': 0, 'mbps': 1081.674, 'transferred': 85291931, 'dirty-sync-missed-zero-copy': 0, 'precopy-bytes': 0, 'duplicate': 774542, 'dirty-pages-rate': 0, 'normal-bytes': 78295040, 'normal': 19115}}
QMP cmd [src6] query-migrate args={}
QMP reply [src6] query-migrate: {'expected-downtime': 300, 'status': 'active', 'setup-time': 1, 'total-time': 803, 'ram': {'total': 8607571968, 'postcopy-requests': 0, 'dirty-sync-count': 1, 'multifd-bytes': 0, 'pages-per-second': 46120, 'downtime-bytes': 121441615, 'page-size': 4096, 'remaining': 5305032704, 'postcopy-bytes': 0, 'mbps': 1083.09168, 'transferred': 121441987, 'dirty-sync-missed-zero-copy': 0, 'precopy-bytes': 0, 'duplicate': 778400, 'dirty-pages-rate': 0, 'normal-bytes': 114212864, 'normal': 27884}}
QMP cmd [src6] query-migrate args={}
QMP reply [src6] query-migrate: {'expected-downtime': 300, 'status': 'active', 'setup-time': 1, 'total-time': 1004, 'ram': {'total': 8607571968, 'postcopy-requests': 0, 'dirty-sync-count': 1, 'multifd-bytes': 0, 'pages-per-second': 47060, 'downtime-bytes': 148512146, 'page-size': 4096, 'remaining': 5270319104, 'postcopy-bytes': 0, 'mbps': 1083.15936, 'transferred': 148512538, 'dirty-sync-missed-zero-copy': 0, 'precopy-bytes': 0, 'duplicate': 780283, 'dirty-pages-rate': 0, 'normal-bytes': 141213696, 'normal': 34476}}
2026-07-15 00:23:06.886858SSH command: ssh -o BatchMode=yes -o StrictHostKeyChecking=no -o UserKnownHostsFile=/dev/null -o ConnectTimeout=1 -o LogLevel=ERROR -p 2227 -i /home/max/.ssh/pgvm_bench user@127.0.0.1 test -f /tmp/bench.done
Return code: 255
Stdout: 
Stderr: Connection timed out during banner exchange

QMP cmd [src6] query-migrate args={}
QMP reply [src6] query-migrate: {'expected-downtime': 300, 'status': 'active', 'setup-time': 1, 'total-time': 1205, 'ram': {'total': 8607571968, 'postcopy-requests': 0, 'dirty-sync-count': 1, 'multifd-bytes': 0, 'pages-per-second': 43520, 'downtime-bytes': 175575711, 'page-size': 4096, 'remaining': 5238775808, 'postcopy-bytes': 0, 'mbps': 1082.90448, 'transferred': 175576123, 'dirty-sync-missed-zero-copy': 0, 'precopy-bytes': 0, 'duplicate': 781392, 'dirty-pages-rate': 0, 'normal-bytes': 168214528, 'normal': 41068}}
QMP cmd [src6] query-migrate args={}
QMP reply [src6] query-migrate: {'expected-downtime': 300, 'status': 'active', 'setup-time': 1, 'total-time': 1405, 'ram': {'total': 8607571968, 'postcopy-requests': 0, 'dirty-sync-count': 1, 'multifd-bytes': 0, 'pages-per-second': 34050, 'downtime-bytes': 202632841, 'page-size': 4096, 'remaining': 5210161152, 'postcopy-bytes': 0, 'mbps': 1082.22264, 'transferred': 202633273, 'dirty-sync-missed-zero-copy': 0, 'precopy-bytes': 0, 'duplicate': 781786, 'dirty-pages-rate': 0, 'normal-bytes': 195215360, 'normal': 47660}}
QMP cmd [src6] query-migrate args={}
QMP reply [src6] query-migrate: {'expected-downtime': 300, 'status': 'active', 'setup-time': 1, 'total-time': 1606, 'ram': {'total': 8607571968, 'postcopy-requests': 0, 'dirty-sync-count': 1, 'multifd-bytes': 0, 'pages-per-second': 48880, 'downtime-bytes': 229701356, 'page-size': 4096, 'remaining': 5176365056, 'postcopy-bytes': 0, 'mbps': 1083.2903999999999, 'transferred': 229701808, 'dirty-sync-missed-zero-copy': 0, 'precopy-bytes': 0, 'duplicate': 783445, 'dirty-pages-rate': 0, 'normal-bytes': 222216192, 'normal': 54252}}
QMP cmd [src6] query-migrate args={}
QMP reply [src6] query-migrate: {'expected-downtime': 300, 'status': 'active', 'setup-time': 1, 'total-time': 1807, 'ram': {'total': 8607571968, 'postcopy-requests': 0, 'dirty-sync-count': 1, 'multifd-bytes': 0, 'pages-per-second': 38080, 'downtime-bytes': 256780743, 'page-size': 4096, 'remaining': 5124575232, 'postcopy-bytes': 0, 'mbps': 1082.5128, 'transferred': 256781215, 'dirty-sync-missed-zero-copy': 0, 'precopy-bytes': 0, 'duplicate': 789504, 'dirty-pages-rate': 0, 'normal-bytes': 249188352, 'normal': 60837}}
QMP cmd [src6] query-migrate args={}
QMP reply [src6] query-migrate: {'expected-downtime': 300, 'status': 'active', 'setup-time': 1, 'total-time': 2008, 'ram': {'total': 8607571968, 'postcopy-requests': 0, 'dirty-sync-count': 1, 'multifd-bytes': 0, 'pages-per-second': 37230, 'downtime-bytes': 283838215, 'page-size': 4096, 'remaining': 5095804928, 'postcopy-bytes': 0, 'mbps': 1082.4516, 'transferred': 283838707, 'dirty-sync-missed-zero-copy': 0, 'precopy-bytes': 0, 'duplicate': 789936, 'dirty-pages-rate': 0, 'normal-bytes': 276189184, 'normal': 67429}}
QMP cmd [src6] query-migrate args={}
QMP reply [src6] query-migrate: {'expected-downtime': 300, 'status': 'active', 'setup-time': 1, 'total-time': 2209, 'ram': {'total': 8607571968, 'postcopy-requests': 0, 'dirty-sync-count': 1, 'multifd-bytes': 0, 'pages-per-second': 33010, 'downtime-bytes': 310892699, 'page-size': 4096, 'remaining': 5068394496, 'postcopy-bytes': 0, 'mbps': 1082.14776, 'transferred': 310893211, 'dirty-sync-missed-zero-copy': 0, 'precopy-bytes': 0, 'duplicate': 790036, 'dirty-pages-rate': 0, 'normal-bytes': 303190016, 'normal': 74021}}
QMP cmd [src6] query-migrate args={}
QMP reply [src6] query-migrate: {'expected-downtime': 300, 'status': 'active', 'setup-time': 1, 'total-time': 2409, 'ram': {'total': 8607571968, 'postcopy-requests': 0, 'dirty-sync-count': 1, 'multifd-bytes': 0, 'pages-per-second': 32980, 'downtime-bytes': 337955877, 'page-size': 4096, 'remaining': 5037027328, 'postcopy-bytes': 0, 'mbps': 1082.1456, 'transferred': 337956409, 'dirty-sync-missed-zero-copy': 0, 'precopy-bytes': 0, 'duplicate': 791102, 'dirty-pages-rate': 0, 'normal-bytes': 330190848, 'normal': 80613}}
QMP cmd [src6] query-migrate args={}
QMP reply [src6] query-migrate: {'expected-downtime': 300, 'status': 'active', 'setup-time': 1, 'total-time': 2610, 'ram': {'total': 8607571968, 'postcopy-requests': 0, 'dirty-sync-count': 1, 'multifd-bytes': 0, 'pages-per-second': 69240, 'downtime-bytes': 364913638, 'page-size': 4096, 'remaining': 4993998848, 'postcopy-bytes': 0, 'mbps': 1074.27312, 'transferred': 364914190, 'dirty-sync-missed-zero-copy': 0, 'precopy-bytes': 0, 'duplicate': 795047, 'dirty-pages-rate': 0, 'normal-bytes': 357060608, 'normal': 87173}}
QMP cmd [src6] query-migrate args={}
QMP reply [src6] query-migrate: {'expected-downtime': 300, 'status': 'active', 'setup-time': 1, 'total-time': 2811, 'ram': {'total': 8607571968, 'postcopy-requests': 0, 'dirty-sync-count': 1, 'multifd-bytes': 0, 'pages-per-second': 32960, 'downtime-bytes': 391967231, 'page-size': 4096, 'remaining': 4966993920, 'postcopy-bytes': 0, 'mbps': 1082.1441599999998, 'transferred': 391967803, 'dirty-sync-missed-zero-copy': 0, 'precopy-bytes': 0, 'duplicate': 795048, 'dirty-pages-rate': 0, 'normal-bytes': 384061440, 'normal': 93765}}
QMP cmd [src6] query-migrate args={}
QMP reply [src6] query-migrate: {'expected-downtime': 300, 'status': 'active', 'setup-time': 1, 'total-time': 3012, 'ram': {'total': 8607571968, 'postcopy-requests': 0, 'dirty-sync-count': 1, 'multifd-bytes': 0, 'pages-per-second': 33280, 'downtime-bytes': 419021526, 'page-size': 4096, 'remaining': 4939669504, 'postcopy-bytes': 0, 'mbps': 1082.1671999999999, 'transferred': 419022118, 'dirty-sync-missed-zero-copy': 0, 'precopy-bytes': 0, 'duplicate': 795127, 'dirty-pages-rate': 0, 'normal-bytes': 411062272, 'normal': 100357}}
QMP cmd [src6] query-migrate args={}
QMP reply [src6] query-migrate: {'expected-downtime': 300, 'status': 'active', 'setup-time': 1, 'total-time': 3213, 'ram': {'total': 8607571968, 'postcopy-requests': 0, 'dirty-sync-count': 1, 'multifd-bytes': 0, 'pages-per-second': 34850, 'downtime-bytes': 446081545, 'page-size': 4096, 'remaining': 4909740032, 'postcopy-bytes': 0, 'mbps': 1082.28024, 'transferred': 446082157, 'dirty-sync-missed-zero-copy': 0, 'precopy-bytes': 0, 'duplicate': 795842, 'dirty-pages-rate': 0, 'normal-bytes': 438063104, 'normal': 106949}}
QMP cmd [src6] query-migrate args={}
QMP reply [src6] query-migrate: {'expected-downtime': 300, 'status': 'active', 'setup-time': 1, 'total-time': 3414, 'ram': {'total': 8607571968, 'postcopy-requests': 0, 'dirty-sync-count': 1, 'multifd-bytes': 0, 'pages-per-second': 33110, 'downtime-bytes': 473137244, 'page-size': 4096, 'remaining': 4881776640, 'postcopy-bytes': 0, 'mbps': 1082.15496, 'transferred': 473137876, 'dirty-sync-missed-zero-copy': 0, 'precopy-bytes': 0, 'duplicate': 796077, 'dirty-pages-rate': 0, 'normal-bytes': 465063936, 'normal': 113541}}
QMP cmd [src6] query-migrate args={}
QMP reply [src6] query-migrate: {'expected-downtime': 300, 'status': 'active', 'setup-time': 1, 'total-time': 3615, 'ram': {'total': 8607571968, 'postcopy-requests': 0, 'dirty-sync-count': 1, 'multifd-bytes': 0, 'pages-per-second': 33800, 'downtime-bytes': 500192358, 'page-size': 4096, 'remaining': 4854079488, 'postcopy-bytes': 0, 'mbps': 1082.20464, 'transferred': 500193010, 'dirty-sync-missed-zero-copy': 0, 'precopy-bytes': 0, 'duplicate': 796247, 'dirty-pages-rate': 0, 'normal-bytes': 492064768, 'normal': 120133}}
QMP cmd [src6] query-migrate args={}
QMP reply [src6] query-migrate: {'expected-downtime': 300, 'status': 'active', 'setup-time': 1, 'total-time': 3816, 'ram': {'total': 8607571968, 'postcopy-requests': 0, 'dirty-sync-count': 1, 'multifd-bytes': 0, 'pages-per-second': 33220, 'downtime-bytes': 527247220, 'page-size': 4096, 'remaining': 4826497024, 'postcopy-bytes': 0, 'mbps': 1082.1628799999999, 'transferred': 527247892, 'dirty-sync-missed-zero-copy': 0, 'precopy-bytes': 0, 'duplicate': 796389, 'dirty-pages-rate': 0, 'normal-bytes': 519065600, 'normal': 126725}}
2026-07-15 00:23:09.892177SSH command: ssh -o BatchMode=yes -o StrictHostKeyChecking=no -o UserKnownHostsFile=/dev/null -o ConnectTimeout=1 -o LogLevel=ERROR -p 2227 -i /home/max/.ssh/pgvm_bench user@127.0.0.1 test -f /tmp/bench.done
Return code: 255
Stdout: 
Stderr: Connection timed out during banner exchange

QMP cmd [src6] query-migrate args={}
QMP reply [src6] query-migrate: {'expected-downtime': 300, 'status': 'active', 'setup-time': 1, 'total-time': 4017, 'ram': {'total': 8607571968, 'postcopy-requests': 0, 'dirty-sync-count': 1, 'multifd-bytes': 0, 'pages-per-second': 33110, 'downtime-bytes': 554301029, 'page-size': 4096, 'remaining': 4799393792, 'postcopy-bytes': 0, 'mbps': 1082.15496, 'transferred': 554301721, 'dirty-sync-missed-zero-copy': 0, 'precopy-bytes': 0, 'duplicate': 796414, 'dirty-pages-rate': 0, 'normal-bytes': 546066432, 'normal': 133317}}
QMP cmd [src6] query-migrate args={}
QMP reply [src6] query-migrate: {'expected-downtime': 300, 'status': 'active', 'setup-time': 1, 'total-time': 4218, 'ram': {'total': 8607571968, 'postcopy-requests': 0, 'dirty-sync-count': 1, 'multifd-bytes': 0, 'pages-per-second': 34010, 'downtime-bytes': 581361021, 'page-size': 4096, 'remaining': 4769476608, 'postcopy-bytes': 0, 'mbps': 1082.21976, 'transferred': 581361733, 'dirty-sync-missed-zero-copy': 0, 'precopy-bytes': 0, 'duplicate': 797126, 'dirty-pages-rate': 0, 'normal-bytes': 573067264, 'normal': 139909}}
QMP cmd [src6] query-migrate args={}
QMP reply [src6] query-migrate: {'expected-downtime': 300, 'status': 'active', 'setup-time': 1, 'total-time': 4419, 'ram': {'total': 8607571968, 'postcopy-requests': 0, 'dirty-sync-count': 1, 'multifd-bytes': 0, 'pages-per-second': 33260, 'downtime-bytes': 608415226, 'page-size': 4096, 'remaining': 4742193152, 'postcopy-bytes': 0, 'mbps': 1082.16576, 'transferred': 608415958, 'dirty-sync-missed-zero-copy': 0, 'precopy-bytes': 0, 'duplicate': 797195, 'dirty-pages-rate': 0, 'normal-bytes': 600068096, 'normal': 146501}}
QMP cmd [src6] query-migrate args={}
QMP reply [src6] query-migrate: {'expected-downtime': 300, 'status': 'active', 'setup-time': 1, 'total-time': 4620, 'ram': {'total': 8607571968, 'postcopy-requests': 0, 'dirty-sync-count': 1, 'multifd-bytes': 0, 'pages-per-second': 33160, 'downtime-bytes': 635470097, 'page-size': 4096, 'remaining': 4714606592, 'postcopy-bytes': 0, 'mbps': 1082.15856, 'transferred': 635470849, 'dirty-sync-missed-zero-copy': 0, 'precopy-bytes': 0, 'duplicate': 797338, 'dirty-pages-rate': 0, 'normal-bytes': 627068928, 'normal': 153093}}
QMP cmd [src6] query-migrate args={}
QMP reply [src6] query-migrate: {'expected-downtime': 300, 'status': 'active', 'setup-time': 1, 'total-time': 4821, 'ram': {'total': 8607571968, 'postcopy-requests': 0, 'dirty-sync-count': 1, 'multifd-bytes': 0, 'pages-per-second': 33040, 'downtime-bytes': 662523852, 'page-size': 4096, 'remaining': 4687527936, 'postcopy-bytes': 0, 'mbps': 1082.1499199999998, 'transferred': 662524624, 'dirty-sync-missed-zero-copy': 0, 'precopy-bytes': 0, 'duplicate': 797357, 'dirty-pages-rate': 0, 'normal-bytes': 654069760, 'normal': 159685}}
QMP cmd [src6] query-migrate args={}
QMP reply [src6] query-migrate: {'expected-downtime': 300, 'status': 'active', 'setup-time': 1, 'total-time': 5022, 'ram': {'total': 8607571968, 'postcopy-requests': 0, 'dirty-sync-count': 1, 'multifd-bytes': 0, 'pages-per-second': 35610, 'downtime-bytes': 689580496, 'page-size': 4096, 'remaining': 4659134464, 'postcopy-bytes': 0, 'mbps': 1082.33496, 'transferred': 689581288, 'dirty-sync-missed-zero-copy': 0, 'precopy-bytes': 0, 'duplicate': 797697, 'dirty-pages-rate': 0, 'normal-bytes': 681070592, 'normal': 166277}}
QMP cmd [src6] query-migrate args={}
QMP reply [src6] query-migrate: {'expected-downtime': 300, 'status': 'active', 'setup-time': 1, 'total-time': 5223, 'ram': {'total': 8607571968, 'postcopy-requests': 0, 'dirty-sync-count': 1, 'multifd-bytes': 0, 'pages-per-second': 33230, 'downtime-bytes': 716638976, 'page-size': 4096, 'remaining': 4629905408, 'postcopy-bytes': 0, 'mbps': 1082.1636, 'transferred': 716639788, 'dirty-sync-missed-zero-copy': 0, 'precopy-bytes': 0, 'duplicate': 798241, 'dirty-pages-rate': 0, 'normal-bytes': 708071424, 'normal': 172869}}
QMP cmd [src6] query-migrate args={}
QMP reply [src6] query-migrate: {'expected-downtime': 300, 'status': 'active', 'setup-time': 1, 'total-time': 5424, 'ram': {'total': 8607571968, 'postcopy-requests': 0, 'dirty-sync-count': 1, 'multifd-bytes': 0, 'pages-per-second': 32980, 'downtime-bytes': 743692596, 'page-size': 4096, 'remaining': 4602888192, 'postcopy-bytes': 0, 'mbps': 1082.1456, 'transferred': 743693428, 'dirty-sync-missed-zero-copy': 0, 'precopy-bytes': 0, 'duplicate': 798245, 'dirty-pages-rate': 0, 'normal-bytes': 735072256, 'normal': 179461}}
QMP cmd [src6] query-migrate args={}
QMP reply [src6] query-migrate: {'expected-downtime': 300, 'status': 'active', 'setup-time': 1, 'total-time': 5625, 'ram': {'total': 8607571968, 'postcopy-requests': 0, 'dirty-sync-count': 1, 'multifd-bytes': 0, 'pages-per-second': 32980, 'downtime-bytes': 770746855, 'page-size': 4096, 'remaining': 4575580160, 'postcopy-bytes': 0, 'mbps': 1082.1456, 'transferred': 770747707, 'dirty-sync-missed-zero-copy': 0, 'precopy-bytes': 0, 'duplicate': 798320, 'dirty-pages-rate': 0, 'normal-bytes': 762073088, 'normal': 186053}}
QMP cmd [src6] query-migrate args={}
QMP reply [src6] query-migrate: {'expected-downtime': 300, 'status': 'active', 'setup-time': 1, 'total-time': 5826, 'ram': {'total': 8607571968, 'postcopy-requests': 0, 'dirty-sync-count': 1, 'multifd-bytes': 0, 'pages-per-second': 33960, 'downtime-bytes': 797801375, 'page-size': 4096, 'remaining': 4548153344, 'postcopy-bytes': 0, 'mbps': 1082.21616, 'transferred': 797802247, 'dirty-sync-missed-zero-copy': 0, 'precopy-bytes': 0, 'duplicate': 798424, 'dirty-pages-rate': 0, 'normal-bytes': 789073920, 'normal': 192645}}
QMP cmd [src6] query-migrate args={}
QMP reply [src6] query-migrate: {'expected-downtime': 300, 'status': 'active', 'setup-time': 1, 'total-time': 6027, 'ram': {'total': 8607571968, 'postcopy-requests': 0, 'dirty-sync-count': 1, 'multifd-bytes': 0, 'pages-per-second': 33100, 'downtime-bytes': 824855139, 'page-size': 4096, 'remaining': 4521070592, 'postcopy-bytes': 0, 'mbps': 1082.15424, 'transferred': 824856031, 'dirty-sync-missed-zero-copy': 0, 'precopy-bytes': 0, 'duplicate': 798444, 'dirty-pages-rate': 0, 'normal-bytes': 816074752, 'normal': 199237}}
QMP cmd [src6] query-migrate args={}
QMP reply [src6] query-migrate: {'expected-downtime': 300, 'status': 'active', 'setup-time': 1, 'total-time': 6228, 'ram': {'total': 8607571968, 'postcopy-requests': 0, 'dirty-sync-count': 1, 'multifd-bytes': 0, 'pages-per-second': 33020, 'downtime-bytes': 851908795, 'page-size': 4096, 'remaining': 4494036992, 'postcopy-bytes': 0, 'mbps': 1082.14848, 'transferred': 851909707, 'dirty-sync-missed-zero-copy': 0, 'precopy-bytes': 0, 'duplicate': 798452, 'dirty-pages-rate': 0, 'normal-bytes': 843075584, 'normal': 205829}}
QMP cmd [src6] query-migrate args={}
QMP reply [src6] query-migrate: {'expected-downtime': 300, 'status': 'active', 'setup-time': 1, 'total-time': 6429, 'ram': {'total': 8607571968, 'postcopy-requests': 0, 'dirty-sync-count': 1, 'multifd-bytes': 0, 'pages-per-second': 38320, 'downtime-bytes': 878967203, 'page-size': 4096, 'remaining': 4464840704, 'postcopy-bytes': 0, 'mbps': 1082.53008, 'transferred': 878968135, 'dirty-sync-missed-zero-copy': 0, 'precopy-bytes': 0, 'duplicate': 798988, 'dirty-pages-rate': 0, 'normal-bytes': 870076416, 'normal': 212421}}
QMP cmd [src6] query-migrate args={}
QMP reply [src6] query-migrate: {'expected-downtime': 300, 'status': 'active', 'setup-time': 1, 'total-time': 6630, 'ram': {'total': 8607571968, 'postcopy-requests': 0, 'dirty-sync-count': 1, 'multifd-bytes': 0, 'pages-per-second': 33040, 'downtime-bytes': 906020931, 'page-size': 4096, 'remaining': 4437774336, 'postcopy-bytes': 0, 'mbps': 1082.1499199999998, 'transferred': 906021883, 'dirty-sync-missed-zero-copy': 0, 'precopy-bytes': 0, 'duplicate': 799004, 'dirty-pages-rate': 0, 'normal-bytes': 897077248, 'normal': 219013}}
QMP cmd [src6] query-migrate args={}
QMP reply [src6] query-migrate: {'expected-downtime': 300, 'status': 'active', 'setup-time': 1, 'total-time': 6831, 'ram': {'total': 8607571968, 'postcopy-requests': 0, 'dirty-sync-count': 1, 'multifd-bytes': 0, 'pages-per-second': 33000, 'downtime-bytes': 933083767, 'page-size': 4096, 'remaining': 4406562816, 'postcopy-bytes': 0, 'mbps': 1082.14704, 'transferred': 933084739, 'dirty-sync-missed-zero-copy': 0, 'precopy-bytes': 0, 'duplicate': 800032, 'dirty-pages-rate': 0, 'normal-bytes': 924078080, 'normal': 225605}}
2026-07-15 00:23:12.897929SSH command: ssh -o BatchMode=yes -o StrictHostKeyChecking=no -o UserKnownHostsFile=/dev/null -o ConnectTimeout=1 -o LogLevel=ERROR -p 2227 -i /home/max/.ssh/pgvm_bench user@127.0.0.1 test -f /tmp/bench.done
Return code: 255
Stdout: 
Stderr: Connection timed out during banner exchange

QMP cmd [src6] query-migrate args={}
QMP reply [src6] query-migrate: {'expected-downtime': 300, 'status': 'active', 'setup-time': 1, 'total-time': 7033, 'ram': {'total': 8607571968, 'postcopy-requests': 0, 'dirty-sync-count': 1, 'multifd-bytes': 0, 'pages-per-second': 32980, 'downtime-bytes': 960137387, 'page-size': 4096, 'remaining': 4379545600, 'postcopy-bytes': 0, 'mbps': 1082.1456, 'transferred': 960138379, 'dirty-sync-missed-zero-copy': 0, 'precopy-bytes': 0, 'duplicate': 800036, 'dirty-pages-rate': 0, 'normal-bytes': 951078912, 'normal': 232197}}
QMP cmd [src6] query-migrate args={}
QMP reply [src6] query-migrate: {'expected-downtime': 300, 'status': 'active', 'setup-time': 1, 'total-time': 7234, 'ram': {'total': 8607571968, 'postcopy-requests': 0, 'dirty-sync-count': 1, 'multifd-bytes': 0, 'pages-per-second': 33000, 'downtime-bytes': 987191079, 'page-size': 4096, 'remaining': 4352495616, 'postcopy-bytes': 0, 'mbps': 1082.14704, 'transferred': 987192091, 'dirty-sync-missed-zero-copy': 0, 'precopy-bytes': 0, 'duplicate': 800048, 'dirty-pages-rate': 0, 'normal-bytes': 978079744, 'normal': 238789}}
QMP cmd [src6] query-migrate args={}
QMP reply [src6] query-migrate: {'expected-downtime': 300, 'status': 'active', 'setup-time': 1, 'total-time': 7435, 'ram': {'total': 8607571968, 'postcopy-requests': 0, 'dirty-sync-count': 1, 'multifd-bytes': 0, 'pages-per-second': 33000, 'downtime-bytes': 1014244735, 'page-size': 4096, 'remaining': 4325462016, 'postcopy-bytes': 0, 'mbps': 1082.14704, 'transferred': 1014245767, 'dirty-sync-missed-zero-copy': 0, 'precopy-bytes': 0, 'duplicate': 800056, 'dirty-pages-rate': 0, 'normal-bytes': 1005080576, 'normal': 245381}}
QMP cmd [src6] query-migrate args={}
QMP reply [src6] query-migrate: {'expected-downtime': 300, 'status': 'active', 'setup-time': 1, 'total-time': 7636, 'ram': {'total': 8607571968, 'postcopy-requests': 0, 'dirty-sync-count': 1, 'multifd-bytes': 0, 'pages-per-second': 35870, 'downtime-bytes': 1041300974, 'page-size': 4096, 'remaining': 4297252864, 'postcopy-bytes': 0, 'mbps': 1082.35368, 'transferred': 1041302026, 'dirty-sync-missed-zero-copy': 0, 'precopy-bytes': 0, 'duplicate': 800351, 'dirty-pages-rate': 0, 'normal-bytes': 1032081408, 'normal': 251973}}
QMP cmd [src6] query-migrate args={}
QMP reply [src6] query-migrate: {'expected-downtime': 300, 'status': 'active', 'setup-time': 1, 'total-time': 7837, 'ram': {'total': 8607571968, 'postcopy-requests': 0, 'dirty-sync-count': 1, 'multifd-bytes': 0, 'pages-per-second': 32980, 'downtime-bytes': 1068354612, 'page-size': 4096, 'remaining': 4270227456, 'postcopy-bytes': 0, 'mbps': 1082.1456, 'transferred': 1068355684, 'dirty-sync-missed-zero-copy': 0, 'precopy-bytes': 0, 'duplicate': 800357, 'dirty-pages-rate': 0, 'normal-bytes': 1059082240, 'normal': 258565}}
QMP cmd [src6] query-migrate args={}
QMP reply [src6] query-migrate: {'expected-downtime': 300, 'status': 'active', 'setup-time': 1, 'total-time': 8038, 'ram': {'total': 8607571968, 'postcopy-requests': 0, 'dirty-sync-count': 1, 'multifd-bytes': 0, 'pages-per-second': 32960, 'downtime-bytes': 1095408214, 'page-size': 4096, 'remaining': 4243218432, 'postcopy-bytes': 0, 'mbps': 1082.1441599999998, 'transferred': 1095409306, 'dirty-sync-missed-zero-copy': 0, 'precopy-bytes': 0, 'duplicate': 800359, 'dirty-pages-rate': 0, 'normal-bytes': 1086083072, 'normal': 265157}}
QMP cmd [src6] query-migrate args={}
QMP reply [src6] query-migrate: {'expected-downtime': 300, 'status': 'active', 'setup-time': 1, 'total-time': 8239, 'ram': {'total': 8607571968, 'postcopy-requests': 0, 'dirty-sync-count': 1, 'multifd-bytes': 0, 'pages-per-second': 33280, 'downtime-bytes': 1122462122, 'page-size': 4096, 'remaining': 4216070144, 'postcopy-bytes': 0, 'mbps': 1082.1671999999999, 'transferred': 1122463234, 'dirty-sync-missed-zero-copy': 0, 'precopy-bytes': 0, 'duplicate': 800395, 'dirty-pages-rate': 0, 'normal-bytes': 1113083904, 'normal': 271749}}
QMP cmd [src6] query-migrate args={}
QMP reply [src6] query-migrate: {'expected-downtime': 300, 'status': 'active', 'setup-time': 1, 'total-time': 8440, 'ram': {'total': 8607571968, 'postcopy-requests': 0, 'dirty-sync-count': 1, 'multifd-bytes': 0, 'pages-per-second': 32980, 'downtime-bytes': 1149515760, 'page-size': 4096, 'remaining': 4189044736, 'postcopy-bytes': 0, 'mbps': 1082.1456, 'transferred': 1149516892, 'dirty-sync-missed-zero-copy': 0, 'precopy-bytes': 0, 'duplicate': 800401, 'dirty-pages-rate': 0, 'normal-bytes': 1140084736, 'normal': 278341}}
QMP cmd [src6] query-migrate args={}
QMP reply [src6] query-migrate: {'expected-downtime': 300, 'status': 'active', 'setup-time': 1, 'total-time': 8641, 'ram': {'total': 8607571968, 'postcopy-requests': 0, 'dirty-sync-count': 1, 'multifd-bytes': 0, 'pages-per-second': 32980, 'downtime-bytes': 1176569380, 'page-size': 4096, 'remaining': 4162027520, 'postcopy-bytes': 0, 'mbps': 1082.1456, 'transferred': 1176570532, 'dirty-sync-missed-zero-copy': 0, 'precopy-bytes': 0, 'duplicate': 800405, 'dirty-pages-rate': 0, 'normal-bytes': 1167085568, 'normal': 284933}}
QMP cmd [src6] query-migrate args={}
QMP reply [src6] query-migrate: {'expected-downtime': 300, 'status': 'active', 'setup-time': 1, 'total-time': 8842, 'ram': {'total': 8607571968, 'postcopy-requests': 0, 'dirty-sync-count': 1, 'multifd-bytes': 0, 'pages-per-second': 32980, 'downtime-bytes': 1203622982, 'page-size': 4096, 'remaining': 4135018496, 'postcopy-bytes': 0, 'mbps': 1082.1456, 'transferred': 1203624154, 'dirty-sync-missed-zero-copy': 0, 'precopy-bytes': 0, 'duplicate': 800407, 'dirty-pages-rate': 0, 'normal-bytes': 1194086400, 'normal': 291525}}
QMP cmd [src6] query-migrate args={}
QMP reply [src6] query-migrate: {'expected-downtime': 300, 'status': 'active', 'setup-time': 1, 'total-time': 9043, 'ram': {'total': 8607571968, 'postcopy-requests': 0, 'dirty-sync-count': 1, 'multifd-bytes': 0, 'pages-per-second': 33000, 'downtime-bytes': 1230676638, 'page-size': 4096, 'remaining': 4107984896, 'postcopy-bytes': 0, 'mbps': 1082.14704, 'transferred': 1230677830, 'dirty-sync-missed-zero-copy': 0, 'precopy-bytes': 0, 'duplicate': 800415, 'dirty-pages-rate': 0, 'normal-bytes': 1221087232, 'normal': 298117}}
QMP cmd [src6] query-migrate args={}
QMP reply [src6] query-migrate: {'expected-downtime': 300, 'status': 'active', 'setup-time': 1, 'total-time': 9243, 'ram': {'total': 8607571968, 'postcopy-requests': 0, 'dirty-sync-count': 1, 'multifd-bytes': 0, 'pages-per-second': 32980, 'downtime-bytes': 1257730258, 'page-size': 4096, 'remaining': 4080967680, 'postcopy-bytes': 0, 'mbps': 1082.1456, 'transferred': 1257731470, 'dirty-sync-missed-zero-copy': 0, 'precopy-bytes': 0, 'duplicate': 800419, 'dirty-pages-rate': 0, 'normal-bytes': 1248088064, 'normal': 304709}}
QMP cmd [src6] query-migrate args={}
QMP reply [src6] query-migrate: {'expected-downtime': 300, 'status': 'active', 'setup-time': 1, 'total-time': 9444, 'ram': {'total': 8607571968, 'postcopy-requests': 0, 'dirty-sync-count': 1, 'multifd-bytes': 0, 'pages-per-second': 32960, 'downtime-bytes': 1284783914, 'page-size': 4096, 'remaining': 4053934080, 'postcopy-bytes': 0, 'mbps': 1082.1441599999998, 'transferred': 1284785146, 'dirty-sync-missed-zero-copy': 0, 'precopy-bytes': 0, 'duplicate': 800427, 'dirty-pages-rate': 0, 'normal-bytes': 1275088896, 'normal': 311301}}
QMP cmd [src6] query-migrate args={}
QMP reply [src6] query-migrate: {'expected-downtime': 300, 'status': 'active', 'setup-time': 1, 'total-time': 9645, 'ram': {'total': 8607571968, 'postcopy-requests': 0, 'dirty-sync-count': 1, 'multifd-bytes': 0, 'pages-per-second': 32980, 'downtime-bytes': 1311837534, 'page-size': 4096, 'remaining': 4026916864, 'postcopy-bytes': 0, 'mbps': 1082.1456, 'transferred': 1311838786, 'dirty-sync-missed-zero-copy': 0, 'precopy-bytes': 0, 'duplicate': 800431, 'dirty-pages-rate': 0, 'normal-bytes': 1302089728, 'normal': 317893}}
QMP cmd [src6] query-migrate args={}
QMP reply [src6] query-migrate: {'expected-downtime': 300, 'status': 'active', 'setup-time': 1, 'total-time': 9846, 'ram': {'total': 8607571968, 'postcopy-requests': 0, 'dirty-sync-count': 1, 'multifd-bytes': 0, 'pages-per-second': 33000, 'downtime-bytes': 1338891172, 'page-size': 4096, 'remaining': 3999891456, 'postcopy-bytes': 0, 'mbps': 1082.14704, 'transferred': 1338892444, 'dirty-sync-missed-zero-copy': 0, 'precopy-bytes': 0, 'duplicate': 800437, 'dirty-pages-rate': 0, 'normal-bytes': 1329090560, 'normal': 324485}}
2026-07-15 00:23:15.904437SSH command: ssh -o BatchMode=yes -o StrictHostKeyChecking=no -o UserKnownHostsFile=/dev/null -o ConnectTimeout=1 -o LogLevel=ERROR -p 2227 -i /home/max/.ssh/pgvm_bench user@127.0.0.1 test -f /tmp/bench.done
Return code: 255
Stdout: 
Stderr: Connection timed out during banner exchange

QMP cmd [src6] query-migrate args={}
QMP reply [src6] query-migrate: {'expected-downtime': 300, 'status': 'active', 'setup-time': 1, 'total-time': 10047, 'ram': {'total': 8607571968, 'postcopy-requests': 0, 'dirty-sync-count': 1, 'multifd-bytes': 0, 'pages-per-second': 32980, 'downtime-bytes': 1365944792, 'page-size': 4096, 'remaining': 3972874240, 'postcopy-bytes': 0, 'mbps': 1082.1456, 'transferred': 1365946084, 'dirty-sync-missed-zero-copy': 0, 'precopy-bytes': 0, 'duplicate': 800441, 'dirty-pages-rate': 0, 'normal-bytes': 1356091392, 'normal': 331077}}
QMP cmd [src6] query-migrate args={}
QMP reply [src6] query-migrate: {'expected-downtime': 300, 'status': 'active', 'setup-time': 1, 'total-time': 10248, 'ram': {'total': 8607571968, 'postcopy-requests': 0, 'dirty-sync-count': 1, 'multifd-bytes': 0, 'pages-per-second': 33000, 'downtime-bytes': 1392998448, 'page-size': 4096, 'remaining': 3945840640, 'postcopy-bytes': 0, 'mbps': 1082.14704, 'transferred': 1392999760, 'dirty-sync-missed-zero-copy': 0, 'precopy-bytes': 0, 'duplicate': 800449, 'dirty-pages-rate': 0, 'normal-bytes': 1383092224, 'normal': 337669}}
QMP cmd [src6] query-migrate args={}
QMP reply [src6] query-migrate: {'expected-downtime': 300, 'status': 'active', 'setup-time': 1, 'total-time': 10449, 'ram': {'total': 8607571968, 'postcopy-requests': 0, 'dirty-sync-count': 1, 'multifd-bytes': 0, 'pages-per-second': 33050, 'downtime-bytes': 1420052149, 'page-size': 4096, 'remaining': 3918786560, 'postcopy-bytes': 0, 'mbps': 1082.1506399999998, 'transferred': 1420053481, 'dirty-sync-missed-zero-copy': 0, 'precopy-bytes': 0, 'duplicate': 800462, 'dirty-pages-rate': 0, 'normal-bytes': 1410093056, 'normal': 344261}}
QMP cmd [src6] query-migrate args={}
QMP reply [src6] query-migrate: {'expected-downtime': 300, 'status': 'active', 'setup-time': 1, 'total-time': 10650, 'ram': {'total': 8607571968, 'postcopy-requests': 0, 'dirty-sync-count': 1, 'multifd-bytes': 0, 'pages-per-second': 32980, 'downtime-bytes': 1447106021, 'page-size': 4096, 'remaining': 3891654656, 'postcopy-bytes': 0, 'mbps': 1082.1456, 'transferred': 1447107373, 'dirty-sync-missed-zero-copy': 0, 'precopy-bytes': 0, 'duplicate': 800494, 'dirty-pages-rate': 0, 'normal-bytes': 1437093888, 'normal': 350853}}
QMP cmd [src6] query-migrate args={}
QMP reply [src6] query-migrate: {'expected-downtime': 300, 'status': 'active', 'setup-time': 1, 'total-time': 10851, 'ram': {'total': 8607571968, 'postcopy-requests': 0, 'dirty-sync-count': 1, 'multifd-bytes': 0, 'pages-per-second': 33000, 'downtime-bytes': 1474159695, 'page-size': 4096, 'remaining': 3864612864, 'postcopy-bytes': 0, 'mbps': 1082.14704, 'transferred': 1474161067, 'dirty-sync-missed-zero-copy': 0, 'precopy-bytes': 0, 'duplicate': 800504, 'dirty-pages-rate': 0, 'normal-bytes': 1464094720, 'normal': 357445}}
QMP cmd [src6] query-migrate args={}
QMP reply [src6] query-migrate: {'expected-downtime': 300, 'status': 'active', 'setup-time': 1, 'total-time': 11052, 'ram': {'total': 8607571968, 'postcopy-requests': 0, 'dirty-sync-count': 1, 'multifd-bytes': 0, 'pages-per-second': 33040, 'downtime-bytes': 1501213441, 'page-size': 4096, 'remaining': 3837538304, 'postcopy-bytes': 0, 'mbps': 1082.1499199999998, 'transferred': 1501214833, 'dirty-sync-missed-zero-copy': 0, 'precopy-bytes': 0, 'duplicate': 800522, 'dirty-pages-rate': 0, 'normal-bytes': 1491095552, 'normal': 364037}}
QMP cmd [src6] query-migrate args={}
QMP reply [src6] query-migrate: {'expected-downtime': 300, 'status': 'active', 'setup-time': 1, 'total-time': 11253, 'ram': {'total': 8607571968, 'postcopy-requests': 0, 'dirty-sync-count': 1, 'multifd-bytes': 0, 'pages-per-second': 33020, 'downtime-bytes': 1528267205, 'page-size': 4096, 'remaining': 3810455552, 'postcopy-bytes': 0, 'mbps': 1082.14848, 'transferred': 1528268617, 'dirty-sync-missed-zero-copy': 0, 'precopy-bytes': 0, 'duplicate': 800542, 'dirty-pages-rate': 0, 'normal-bytes': 1518096384, 'normal': 370629}}
QMP cmd [src6] query-migrate args={}
QMP reply [src6] query-migrate: {'expected-downtime': 300, 'status': 'active', 'setup-time': 1, 'total-time': 11454, 'ram': {'total': 8607571968, 'postcopy-requests': 0, 'dirty-sync-count': 1, 'multifd-bytes': 0, 'pages-per-second': 33320, 'downtime-bytes': 1555321365, 'page-size': 4096, 'remaining': 3783192576, 'postcopy-bytes': 0, 'mbps': 1082.17008, 'transferred': 1555322797, 'dirty-sync-missed-zero-copy': 0, 'precopy-bytes': 0, 'duplicate': 800606, 'dirty-pages-rate': 0, 'normal-bytes': 1545097216, 'normal': 377221}}
QMP cmd [src6] query-migrate args={}
QMP reply [src6] query-migrate: {'expected-downtime': 300, 'status': 'active', 'setup-time': 1, 'total-time': 11655, 'ram': {'total': 8607571968, 'postcopy-requests': 0, 'dirty-sync-count': 1, 'multifd-bytes': 0, 'pages-per-second': 33320, 'downtime-bytes': 1582379125, 'page-size': 4096, 'remaining': 3754291200, 'postcopy-bytes': 0, 'mbps': 1082.17008, 'transferred': 1582380577, 'dirty-sync-missed-zero-copy': 0, 'precopy-bytes': 0, 'duplicate': 801070, 'dirty-pages-rate': 0, 'normal-bytes': 1572098048, 'normal': 383813}}
QMP cmd [src6] query-migrate args={}
QMP reply [src6] query-migrate: {'expected-downtime': 300, 'status': 'active', 'setup-time': 1, 'total-time': 11856, 'ram': {'total': 8607571968, 'postcopy-requests': 0, 'dirty-sync-count': 1, 'multifd-bytes': 0, 'pages-per-second': 36320, 'downtime-bytes': 1609439315, 'page-size': 4096, 'remaining': 3724283904, 'postcopy-bytes': 0, 'mbps': 1082.38608, 'transferred': 1609440787, 'dirty-sync-missed-zero-copy': 0, 'precopy-bytes': 0, 'duplicate': 801804, 'dirty-pages-rate': 0, 'normal-bytes': 1599098880, 'normal': 390405}}
QMP cmd [src6] query-migrate args={}
QMP reply [src6] query-migrate: {'expected-downtime': 300, 'status': 'active', 'setup-time': 1, 'total-time': 12057, 'ram': {'total': 8607571968, 'postcopy-requests': 0, 'dirty-sync-count': 1, 'multifd-bytes': 0, 'pages-per-second': 37440, 'downtime-bytes': 1636500225, 'page-size': 4096, 'remaining': 3693948928, 'postcopy-bytes': 0, 'mbps': 1082.46672, 'transferred': 1636501717, 'dirty-sync-missed-zero-copy': 0, 'precopy-bytes': 0, 'duplicate': 802618, 'dirty-pages-rate': 0, 'normal-bytes': 1626099712, 'normal': 396997}}
QMP cmd [src6] query-migrate args={}
QMP reply [src6] query-migrate: {'expected-downtime': 300, 'status': 'active', 'setup-time': 1, 'total-time': 12258, 'ram': {'total': 8607571968, 'postcopy-requests': 0, 'dirty-sync-count': 1, 'multifd-bytes': 0, 'pages-per-second': 36240, 'downtime-bytes': 1663559479, 'page-size': 4096, 'remaining': 3664367616, 'postcopy-bytes': 0, 'mbps': 1082.38032, 'transferred': 1663560991, 'dirty-sync-missed-zero-copy': 0, 'precopy-bytes': 0, 'duplicate': 803248, 'dirty-pages-rate': 0, 'normal-bytes': 1653100544, 'normal': 403589}}
QMP cmd [src6] query-migrate args={}
QMP reply [src6] query-migrate: {'expected-downtime': 300, 'status': 'active', 'setup-time': 1, 'total-time': 12459, 'ram': {'total': 8607571968, 'postcopy-requests': 0, 'dirty-sync-count': 1, 'multifd-bytes': 0, 'pages-per-second': 37700, 'downtime-bytes': 1690620911, 'page-size': 4096, 'remaining': 3633795072, 'postcopy-bytes': 0, 'mbps': 1082.48544, 'transferred': 1690622443, 'dirty-sync-missed-zero-copy': 0, 'precopy-bytes': 0, 'duplicate': 804120, 'dirty-pages-rate': 0, 'normal-bytes': 1680101376, 'normal': 410181}}
QMP cmd [src6] query-migrate args={}
QMP reply [src6] query-migrate: {'expected-downtime': 300, 'status': 'active', 'setup-time': 1, 'total-time': 12660, 'ram': {'total': 8607571968, 'postcopy-requests': 0, 'dirty-sync-count': 1, 'multifd-bytes': 0, 'pages-per-second': 37500, 'downtime-bytes': 1717682982, 'page-size': 4096, 'remaining': 3602931712, 'postcopy-bytes': 0, 'mbps': 1082.4710400000001, 'transferred': 1717684534, 'dirty-sync-missed-zero-copy': 0, 'precopy-bytes': 0, 'duplicate': 805063, 'dirty-pages-rate': 0, 'normal-bytes': 1707102208, 'normal': 416773}}
QMP cmd [src6] query-migrate args={}
QMP reply [src6] query-migrate: {'expected-downtime': 300, 'status': 'active', 'setup-time': 1, 'total-time': 12861, 'ram': {'total': 8607571968, 'postcopy-requests': 0, 'dirty-sync-count': 1, 'multifd-bytes': 0, 'pages-per-second': 2354120, 'downtime-bytes': 1744724875, 'page-size': 4096, 'remaining': 2625183744, 'postcopy-bytes': 0, 'mbps': 1081.20888, 'transferred': 1744726447, 'dirty-sync-missed-zero-copy': 0, 'precopy-bytes': 0, 'duplicate': 1037692, 'dirty-pages-rate': 0, 'normal-bytes': 1732001792, 'normal': 422852}}
2026-07-15 00:23:18.910138SSH command: ssh -o BatchMode=yes -o StrictHostKeyChecking=no -o UserKnownHostsFile=/dev/null -o ConnectTimeout=1 -o LogLevel=ERROR -p 2227 -i /home/max/.ssh/pgvm_bench user@127.0.0.1 test -f /tmp/bench.done
Return code: 255
Stdout: 
Stderr: Connection timed out during banner exchange

qemu-system-x86_64: terminating on signal 15 from pid 38411 (/home/max/Bachelor-Thesis/Repo/.venv/bin/python)
QMP cmd [src6] query-migrate args={}
QMP reply [src6] query-migrate: {'expected-downtime': 300, 'status': 'active', 'setup-time': 1, 'total-time': 13062, 'ram': {'total': 8607571968, 'postcopy-requests': 0, 'dirty-sync-count': 1, 'multifd-bytes': 0, 'pages-per-second': 33120, 'downtime-bytes': 1771780520, 'page-size': 4096, 'remaining': 2597244928, 'postcopy-bytes': 0, 'mbps': 1082.1556799999998, 'transferred': 1771782112, 'dirty-sync-missed-zero-copy': 0, 'precopy-bytes': 0, 'duplicate': 1037921, 'dirty-pages-rate': 0, 'normal-bytes': 1759002624, 'normal': 429444}}
QMP cmd [src6] query-migrate args={}
QMP reply [src6] query-migrate: {'expected-downtime': 300, 'status': 'active', 'setup-time': 1, 'total-time': 13263, 'ram': {'total': 8607571968, 'postcopy-requests': 0, 'dirty-sync-count': 1, 'multifd-bytes': 0, 'pages-per-second': 2197860, 'downtime-bytes': 1798688313, 'page-size': 4096, 'remaining': 161628160, 'postcopy-bytes': 0, 'mbps': 1075.52736, 'transferred': 1798689925, 'dirty-sync-missed-zero-copy': 0, 'precopy-bytes': 0, 'duplicate': 1627290, 'dirty-pages-rate': 0, 'normal-bytes': 1780563968, 'normal': 434708}}
QMP cmd [src6] query-migrate args={}
QMP reply [src6] query-migrate: {'expected-downtime': 300, 'status': 'active', 'setup-time': 1, 'total-time': 13464, 'ram': {'total': 8607571968, 'postcopy-requests': 0, 'dirty-sync-count': 1, 'multifd-bytes': 0, 'pages-per-second': 34160, 'downtime-bytes': 1825742977, 'page-size': 4096, 'remaining': 134135808, 'postcopy-bytes': 0, 'mbps': 1082.23056, 'transferred': 1825744609, 'dirty-sync-missed-zero-copy': 0, 'precopy-bytes': 0, 'duplicate': 1627410, 'dirty-pages-rate': 0, 'normal-bytes': 1807564800, 'normal': 441300}}
QMP cmd [src6] query-migrate args={}
QMP reply [src6] query-migrate: {'expected-downtime': 300, 'status': 'active', 'setup-time': 1, 'total-time': 13665, 'ram': {'total': 8607571968, 'postcopy-requests': 0, 'dirty-sync-count': 1, 'multifd-bytes': 0, 'pages-per-second': 32960, 'downtime-bytes': 1852796561, 'page-size': 4096, 'remaining': 107134976, 'postcopy-bytes': 0, 'mbps': 1082.1441599999998, 'transferred': 1852798213, 'dirty-sync-missed-zero-copy': 0, 'precopy-bytes': 0, 'duplicate': 1627410, 'dirty-pages-rate': 0, 'normal-bytes': 1834565632, 'normal': 447892}}
QMP cmd [src6] query-migrate args={}
QMP reply [src6] query-migrate: {'expected-downtime': 300, 'status': 'active', 'setup-time': 1, 'total-time': 13866, 'ram': {'total': 8607571968, 'postcopy-requests': 0, 'dirty-sync-count': 1, 'multifd-bytes': 0, 'pages-per-second': 32960, 'downtime-bytes': 1879850145, 'page-size': 4096, 'remaining': 80134144, 'postcopy-bytes': 0, 'mbps': 1082.1441599999998, 'transferred': 1879851817, 'dirty-sync-missed-zero-copy': 0, 'precopy-bytes': 0, 'duplicate': 1627410, 'dirty-pages-rate': 0, 'normal-bytes': 1861566464, 'normal': 454484}}
QMP cmd [src6] query-migrate args={}
QMP reply [src6] query-migrate: {'expected-downtime': 300, 'status': 'active', 'setup-time': 1, 'total-time': 14067, 'ram': {'total': 8607571968, 'postcopy-requests': 0, 'dirty-sync-count': 1, 'multifd-bytes': 0, 'pages-per-second': 32960, 'downtime-bytes': 1906903729, 'page-size': 4096, 'remaining': 53133312, 'postcopy-bytes': 0, 'mbps': 1082.1441599999998, 'transferred': 1906905421, 'dirty-sync-missed-zero-copy': 0, 'precopy-bytes': 0, 'duplicate': 1627410, 'dirty-pages-rate': 0, 'normal-bytes': 1888567296, 'normal': 461076}}
QMP cmd [src6] query-migrate args={}
QMP reply [src6] query-migrate: {'status': 'completed', 'setup-time': 1, 'downtime': 20, 'total-time': 14221, 'ram': {'total': 8607571968, 'postcopy-requests': 0, 'dirty-sync-count': 3, 'multifd-bytes': 0, 'pages-per-second': 32960, 'downtime-bytes': 1942815023, 'page-size': 4096, 'remaining': 0, 'postcopy-bytes': 0, 'mbps': 1093.2408663853728, 'transferred': 1943235640, 'dirty-sync-missed-zero-copy': 0, 'precopy-bytes': 0, 'duplicate': 1631641, 'dirty-pages-rate': 0, 'normal-bytes': 1924370432, 'normal': 469817}}
