2026-07-15 00:02:14.709806SSH command: ssh -o BatchMode=yes -o StrictHostKeyChecking=no -o UserKnownHostsFile=/dev/null -o ConnectTimeout=1 -o LogLevel=ERROR -p 2223 -i /home/max/.ssh/pgvm_bench user@127.0.0.1 systemd-analyze
Return code: 0
Stdout: Startup finished in 799ms (kernel) + 4.132s (userspace) = 4.931s 
graphical.target reached after 4.131s in userspace.

Stderr: 
2026-07-15 00:02:14.857706SSH command: ssh -o BatchMode=yes -o StrictHostKeyChecking=no -o UserKnownHostsFile=/dev/null -o ConnectTimeout=1 -o LogLevel=ERROR -p 2223 -i /home/max/.ssh/pgvm_bench user@127.0.0.1 rm -f /tmp/bench.done /tmp/pg-buffer-hit-ratio.csv /tmp/pg-buffer-sampler.log; nohup bash /home/user/pg_sampler.sh /tmp/bench.done /tmp/pg-buffer-hit-ratio.csv ycsb >/tmp/pg-buffer-sampler.log 2>&1 &
Return code: 0
Stdout: 
Stderr: 
QMP cmd [src2] stop args={}
QMP cmd [src2] query-migrate args={}
QMP reply [src2] stop: {}
QMP cmd [src2] migrate-set-capabilities args={'capabilities': [{'capability': 'auto-converge', 'state': False}, {'capability': 'events', 'state': True}, {'capability': 'postcopy-blocktime', 'state': False}, {'capability': 'postcopy-ram', 'state': False}]}
QMP reply [src2] query-migrate: {}
QMP reply [src2] migrate-set-capabilities: {}
QMP cmd [src2] migrate args={'uri': 'unix:/tmp/mig.sock'}
QMP reply [src2] migrate: {}
QMP cmd [src2] query-migrate args={}
QMP reply [src2] query-migrate: {'expected-downtime': 300, 'status': 'active', 'setup-time': 1, 'total-time': 199, 'ram': {'total': 8607571968, 'postcopy-requests': 0, 'dirty-sync-count': 1, 'multifd-bytes': 0, 'pages-per-second': 37300, 'downtime-bytes': 27059810, 'page-size': 4096, 'remaining': 8577740800, 'postcopy-bytes': 0, 'mbps': 1082.47976, 'transferred': 27060112, 'dirty-sync-missed-zero-copy': 0, 'precopy-bytes': 0, 'duplicate': 691, 'dirty-pages-rate': 0, 'normal-bytes': 27000832, 'normal': 6592}}
QMP cmd [src2] query-migrate args={}
QMP reply [src2] query-migrate: {'expected-downtime': 300, 'status': 'active', 'setup-time': 1, 'total-time': 400, 'ram': {'total': 8607571968, 'postcopy-requests': 0, 'dirty-sync-count': 1, 'multifd-bytes': 0, 'pages-per-second': 2045870, 'downtime-bytes': 54768224, 'page-size': 4096, 'remaining': 7688024064, 'postcopy-bytes': 0, 'mbps': 1073.75688, 'transferred': 54641324, 'dirty-sync-missed-zero-copy': 0, 'precopy-bytes': 0, 'duplicate': 211617, 'dirty-pages-rate': 0, 'normal-bytes': 52760576, 'normal': 12881}}
QMP cmd [src2] query-migrate args={}
QMP reply [src2] query-migrate: {'expected-downtime': 300, 'status': 'active', 'setup-time': 1, 'total-time': 601, 'ram': {'total': 8607571968, 'postcopy-requests': 0, 'dirty-sync-count': 1, 'multifd-bytes': 0, 'pages-per-second': 32960, 'downtime-bytes': 87260878, 'page-size': 4096, 'remaining': 6797717504, 'postcopy-bytes': 0, 'mbps': 1082.1441599999998, 'transferred': 87125798, 'dirty-sync-missed-zero-copy': 0, 'precopy-bytes': 0, 'duplicate': 421519, 'dirty-pages-rate': 0, 'normal-bytes': 83304448, 'normal': 20338}}
QMP cmd [src2] query-migrate args={}
QMP reply [src2] query-migrate: {'expected-downtime': 300, 'status': 'active', 'setup-time': 1, 'total-time': 802, 'ram': {'total': 8607571968, 'postcopy-requests': 0, 'dirty-sync-count': 1, 'multifd-bytes': 0, 'pages-per-second': 35210, 'downtime-bytes': 113914312, 'page-size': 4096, 'remaining': 6770196480, 'postcopy-bytes': 0, 'mbps': 1082.3061599999999, 'transferred': 113787452, 'dirty-sync-missed-zero-copy': 0, 'precopy-bytes': 0, 'duplicate': 421745, 'dirty-pages-rate': 0, 'normal-bytes': 109903872, 'normal': 26832}}
QMP cmd [src2] query-migrate args={}
QMP reply [src2] query-migrate: {'expected-downtime': 300, 'status': 'active', 'setup-time': 1, 'total-time': 1003, 'ram': {'total': 8607571968, 'postcopy-requests': 0, 'dirty-sync-count': 1, 'multifd-bytes': 0, 'pages-per-second': 3373630, 'downtime-bytes': 143945096, 'page-size': 4096, 'remaining': 5356556288, 'postcopy-bytes': 0, 'mbps': 1075.9896, 'transferred': 143818112, 'dirty-sync-missed-zero-copy': 0, 'precopy-bytes': 0, 'duplicate': 760297, 'dirty-pages-rate': 0, 'normal-bytes': 136835072, 'normal': 33407}}
2026-07-15 00:04:46.112881SSH command: ssh -o BatchMode=yes -o StrictHostKeyChecking=no -o UserKnownHostsFile=/dev/null -o ConnectTimeout=1 -o LogLevel=ERROR -p 2223 -i /home/max/.ssh/pgvm_bench user@127.0.0.1 test -f /tmp/bench.done
Return code: 255
Stdout: 
Stderr: Connection timed out during banner exchange

QMP cmd [src2] query-migrate args={}
QMP reply [src2] query-migrate: {'expected-downtime': 300, 'status': 'active', 'setup-time': 1, 'total-time': 1205, 'ram': {'total': 8607571968, 'postcopy-requests': 0, 'dirty-sync-count': 1, 'multifd-bytes': 0, 'pages-per-second': 59490, 'downtime-bytes': 175504143, 'page-size': 4096, 'remaining': 5308620800, 'postcopy-bytes': 0, 'mbps': 1084.05432, 'transferred': 175504555, 'dirty-sync-missed-zero-copy': 0, 'precopy-bytes': 0, 'duplicate': 764320, 'dirty-pages-rate': 0, 'normal-bytes': 168296448, 'normal': 41088}}
QMP cmd [src2] query-migrate args={}
QMP reply [src2] query-migrate: {'expected-downtime': 300, 'status': 'active', 'setup-time': 1, 'total-time': 1406, 'ram': {'total': 8607571968, 'postcopy-requests': 0, 'dirty-sync-count': 1, 'multifd-bytes': 0, 'pages-per-second': 40490, 'downtime-bytes': 202565251, 'page-size': 4096, 'remaining': 5278195712, 'postcopy-bytes': 0, 'mbps': 1082.68632, 'transferred': 202565683, 'dirty-sync-missed-zero-copy': 0, 'precopy-bytes': 0, 'duplicate': 765156, 'dirty-pages-rate': 0, 'normal-bytes': 195297280, 'normal': 47680}}
QMP cmd [src2] query-migrate args={}
QMP reply [src2] query-migrate: {'expected-downtime': 300, 'status': 'active', 'setup-time': 1, 'total-time': 1607, 'ram': {'total': 8607571968, 'postcopy-requests': 0, 'dirty-sync-count': 1, 'multifd-bytes': 0, 'pages-per-second': 47290, 'downtime-bytes': 229631849, 'page-size': 4096, 'remaining': 5245272064, 'postcopy-bytes': 0, 'mbps': 1083.17592, 'transferred': 229632301, 'dirty-sync-missed-zero-copy': 0, 'precopy-bytes': 0, 'duplicate': 766602, 'dirty-pages-rate': 0, 'normal-bytes': 222298112, 'normal': 54272}}
QMP cmd [src2] query-migrate args={}
QMP reply [src2] query-migrate: {'expected-downtime': 300, 'status': 'active', 'setup-time': 1, 'total-time': 1808, 'ram': {'total': 8607571968, 'postcopy-requests': 0, 'dirty-sync-count': 1, 'multifd-bytes': 0, 'pages-per-second': 33030, 'downtime-bytes': 256685676, 'page-size': 4096, 'remaining': 5218160640, 'postcopy-bytes': 0, 'mbps': 1082.1492, 'transferred': 256686148, 'dirty-sync-missed-zero-copy': 0, 'precopy-bytes': 0, 'duplicate': 766629, 'dirty-pages-rate': 0, 'normal-bytes': 249298944, 'normal': 60864}}
QMP cmd [src2] query-migrate args={}
QMP reply [src2] query-migrate: {'expected-downtime': 300, 'status': 'active', 'setup-time': 1, 'total-time': 2009, 'ram': {'total': 8607571968, 'postcopy-requests': 0, 'dirty-sync-count': 1, 'multifd-bytes': 0, 'pages-per-second': 33770, 'downtime-bytes': 283750312, 'page-size': 4096, 'remaining': 5186129920, 'postcopy-bytes': 0, 'mbps': 1082.20248, 'transferred': 283750804, 'dirty-sync-missed-zero-copy': 0, 'precopy-bytes': 0, 'duplicate': 767857, 'dirty-pages-rate': 0, 'normal-bytes': 276299776, 'normal': 67456}}
QMP cmd [src2] query-migrate args={}
QMP reply [src2] query-migrate: {'expected-downtime': 300, 'status': 'active', 'setup-time': 1, 'total-time': 2209, 'ram': {'total': 8607571968, 'postcopy-requests': 0, 'dirty-sync-count': 1, 'multifd-bytes': 0, 'pages-per-second': 33180, 'downtime-bytes': 310704734, 'page-size': 4096, 'remaining': 5137166336, 'postcopy-bytes': 0, 'mbps': 1082.16, 'transferred': 310705246, 'dirty-sync-missed-zero-copy': 0, 'precopy-bytes': 0, 'duplicate': 773255, 'dirty-pages-rate': 0, 'normal-bytes': 303153152, 'normal': 74012}}
QMP cmd [src2] query-migrate args={}
QMP reply [src2] query-migrate: {'expected-downtime': 300, 'status': 'active', 'setup-time': 1, 'total-time': 2410, 'ram': {'total': 8607571968, 'postcopy-requests': 0, 'dirty-sync-count': 1, 'multifd-bytes': 0, 'pages-per-second': 40180, 'downtime-bytes': 337764861, 'page-size': 4096, 'remaining': 5107187712, 'postcopy-bytes': 0, 'mbps': 1082.664, 'transferred': 337765393, 'dirty-sync-missed-zero-copy': 0, 'precopy-bytes': 0, 'duplicate': 773982, 'dirty-pages-rate': 0, 'normal-bytes': 330153984, 'normal': 80604}}
QMP cmd [src2] query-migrate args={}
QMP reply [src2] query-migrate: {'expected-downtime': 300, 'status': 'active', 'setup-time': 1, 'total-time': 2611, 'ram': {'total': 8607571968, 'postcopy-requests': 0, 'dirty-sync-count': 1, 'multifd-bytes': 0, 'pages-per-second': 33030, 'downtime-bytes': 364824529, 'page-size': 4096, 'remaining': 5077417984, 'postcopy-bytes': 0, 'mbps': 1082.1492, 'transferred': 364825081, 'dirty-sync-missed-zero-copy': 0, 'precopy-bytes': 0, 'duplicate': 774658, 'dirty-pages-rate': 0, 'normal-bytes': 357154816, 'normal': 87196}}
QMP cmd [src2] query-migrate args={}
QMP reply [src2] query-migrate: {'expected-downtime': 300, 'status': 'active', 'setup-time': 1, 'total-time': 2812, 'ram': {'total': 8607571968, 'postcopy-requests': 0, 'dirty-sync-count': 1, 'multifd-bytes': 0, 'pages-per-second': 33040, 'downtime-bytes': 391884134, 'page-size': 4096, 'remaining': 5047676928, 'postcopy-bytes': 0, 'mbps': 1082.1499199999998, 'transferred': 391884706, 'dirty-sync-missed-zero-copy': 0, 'precopy-bytes': 0, 'duplicate': 775327, 'dirty-pages-rate': 0, 'normal-bytes': 384155648, 'normal': 93788}}
QMP cmd [src2] query-migrate args={}
QMP reply [src2] query-migrate: {'expected-downtime': 300, 'status': 'active', 'setup-time': 1, 'total-time': 3013, 'ram': {'total': 8607571968, 'postcopy-requests': 0, 'dirty-sync-count': 1, 'multifd-bytes': 0, 'pages-per-second': 48930, 'downtime-bytes': 418957671, 'page-size': 4096, 'remaining': 5011595264, 'postcopy-bytes': 0, 'mbps': 1083.294, 'transferred': 418958263, 'dirty-sync-missed-zero-copy': 0, 'precopy-bytes': 0, 'duplicate': 777544, 'dirty-pages-rate': 0, 'normal-bytes': 411156480, 'normal': 100380}}
QMP cmd [src2] query-migrate args={}
QMP reply [src2] query-migrate: {'expected-downtime': 300, 'status': 'active', 'setup-time': 1, 'total-time': 3214, 'ram': {'total': 8607571968, 'postcopy-requests': 0, 'dirty-sync-count': 1, 'multifd-bytes': 0, 'pages-per-second': 44490, 'downtime-bytes': 446021650, 'page-size': 4096, 'remaining': 4979863552, 'postcopy-bytes': 0, 'mbps': 1082.97432, 'transferred': 446022262, 'dirty-sync-missed-zero-copy': 0, 'precopy-bytes': 0, 'duplicate': 778699, 'dirty-pages-rate': 0, 'normal-bytes': 438157312, 'normal': 106972}}
QMP cmd [src2] query-migrate args={}
QMP reply [src2] query-migrate: {'expected-downtime': 300, 'status': 'active', 'setup-time': 1, 'total-time': 3415, 'ram': {'total': 8607571968, 'postcopy-requests': 0, 'dirty-sync-count': 1, 'multifd-bytes': 0, 'pages-per-second': 32970, 'downtime-bytes': 473075531, 'page-size': 4096, 'remaining': 4952727552, 'postcopy-bytes': 0, 'mbps': 1082.1448799999998, 'transferred': 473076163, 'dirty-sync-missed-zero-copy': 0, 'precopy-bytes': 0, 'duplicate': 778732, 'dirty-pages-rate': 0, 'normal-bytes': 465158144, 'normal': 113564}}
QMP cmd [src2] query-migrate args={}
QMP reply [src2] query-migrate: {'expected-downtime': 300, 'status': 'active', 'setup-time': 1, 'total-time': 3617, 'ram': {'total': 8607571968, 'postcopy-requests': 0, 'dirty-sync-count': 1, 'multifd-bytes': 0, 'pages-per-second': 33030, 'downtime-bytes': 500133867, 'page-size': 4096, 'remaining': 4923564032, 'postcopy-bytes': 0, 'mbps': 1082.1492, 'transferred': 500134519, 'dirty-sync-missed-zero-copy': 0, 'precopy-bytes': 0, 'duplicate': 779260, 'dirty-pages-rate': 0, 'normal-bytes': 492158976, 'normal': 120156}}
QMP cmd [src2] query-migrate args={}
QMP reply [src2] query-migrate: {'expected-downtime': 300, 'status': 'active', 'setup-time': 1, 'total-time': 3818, 'ram': {'total': 8607571968, 'postcopy-requests': 0, 'dirty-sync-count': 1, 'multifd-bytes': 0, 'pages-per-second': 33450, 'downtime-bytes': 527188189, 'page-size': 4096, 'remaining': 4896227328, 'postcopy-bytes': 0, 'mbps': 1082.1794399999999, 'transferred': 527188861, 'dirty-sync-missed-zero-copy': 0, 'precopy-bytes': 0, 'duplicate': 779342, 'dirty-pages-rate': 0, 'normal-bytes': 519159808, 'normal': 126748}}
2026-07-15 00:04:49.118342SSH command: ssh -o BatchMode=yes -o StrictHostKeyChecking=no -o UserKnownHostsFile=/dev/null -o ConnectTimeout=1 -o LogLevel=ERROR -p 2223 -i /home/max/.ssh/pgvm_bench user@127.0.0.1 test -f /tmp/bench.done
Return code: 255
Stdout: 
Stderr: Connection timed out during banner exchange

QMP cmd [src2] query-migrate args={}
QMP reply [src2] query-migrate: {'expected-downtime': 300, 'status': 'active', 'setup-time': 1, 'total-time': 4020, 'ram': {'total': 8607571968, 'postcopy-requests': 0, 'dirty-sync-count': 1, 'multifd-bytes': 0, 'pages-per-second': 33140, 'downtime-bytes': 554244167, 'page-size': 4096, 'remaining': 4868136960, 'postcopy-bytes': 0, 'mbps': 1082.15712, 'transferred': 554244859, 'dirty-sync-missed-zero-copy': 0, 'precopy-bytes': 0, 'duplicate': 779608, 'dirty-pages-rate': 0, 'normal-bytes': 546160640, 'normal': 133340}}
QMP cmd [src2] query-migrate args={}
QMP reply [src2] query-migrate: {'expected-downtime': 300, 'status': 'active', 'setup-time': 1, 'total-time': 4221, 'ram': {'total': 8607571968, 'postcopy-requests': 0, 'dirty-sync-count': 1, 'multifd-bytes': 0, 'pages-per-second': 33070, 'downtime-bytes': 581305500, 'page-size': 4096, 'remaining': 4837609472, 'postcopy-bytes': 0, 'mbps': 1082.15208, 'transferred': 581306212, 'dirty-sync-missed-zero-copy': 0, 'precopy-bytes': 0, 'duplicate': 780469, 'dirty-pages-rate': 0, 'normal-bytes': 573161472, 'normal': 139932}}
QMP cmd [src2] query-migrate args={}
QMP reply [src2] query-migrate: {'expected-downtime': 300, 'status': 'active', 'setup-time': 1, 'total-time': 4422, 'ram': {'total': 8607571968, 'postcopy-requests': 0, 'dirty-sync-count': 1, 'multifd-bytes': 0, 'pages-per-second': 34010, 'downtime-bytes': 608360110, 'page-size': 4096, 'remaining': 4810141696, 'postcopy-bytes': 0, 'mbps': 1082.21976, 'transferred': 608360842, 'dirty-sync-missed-zero-copy': 0, 'precopy-bytes': 0, 'duplicate': 780583, 'dirty-pages-rate': 0, 'normal-bytes': 600162304, 'normal': 146524}}
QMP cmd [src2] query-migrate args={}
QMP reply [src2] query-migrate: {'expected-downtime': 300, 'status': 'active', 'setup-time': 1, 'total-time': 4623, 'ram': {'total': 8607571968, 'postcopy-requests': 0, 'dirty-sync-count': 1, 'multifd-bytes': 0, 'pages-per-second': 33460, 'downtime-bytes': 635414144, 'page-size': 4096, 'remaining': 4782936064, 'postcopy-bytes': 0, 'mbps': 1082.18016, 'transferred': 635414896, 'dirty-sync-missed-zero-copy': 0, 'precopy-bytes': 0, 'duplicate': 780633, 'dirty-pages-rate': 0, 'normal-bytes': 627163136, 'normal': 153116}}
QMP cmd [src2] query-migrate args={}
QMP reply [src2] query-migrate: {'expected-downtime': 300, 'status': 'active', 'setup-time': 1, 'total-time': 4825, 'ram': {'total': 8607571968, 'postcopy-requests': 0, 'dirty-sync-count': 1, 'multifd-bytes': 0, 'pages-per-second': 33300, 'downtime-bytes': 662468493, 'page-size': 4096, 'remaining': 4755587072, 'postcopy-bytes': 0, 'mbps': 1082.1686399999999, 'transferred': 662469265, 'dirty-sync-missed-zero-copy': 0, 'precopy-bytes': 0, 'duplicate': 780718, 'dirty-pages-rate': 0, 'normal-bytes': 654163968, 'normal': 159708}}
QMP cmd [src2] query-migrate args={}
QMP reply [src2] query-migrate: {'expected-downtime': 300, 'status': 'active', 'setup-time': 1, 'total-time': 5026, 'ram': {'total': 8607571968, 'postcopy-requests': 0, 'dirty-sync-count': 1, 'multifd-bytes': 0, 'pages-per-second': 32980, 'downtime-bytes': 689522302, 'page-size': 4096, 'remaining': 4728483840, 'postcopy-bytes': 0, 'mbps': 1082.1456, 'transferred': 689523094, 'dirty-sync-missed-zero-copy': 0, 'precopy-bytes': 0, 'duplicate': 780743, 'dirty-pages-rate': 0, 'normal-bytes': 681164800, 'normal': 166300}}
QMP cmd [src2] query-migrate args={}
QMP reply [src2] query-migrate: {'expected-downtime': 300, 'status': 'active', 'setup-time': 1, 'total-time': 5227, 'ram': {'total': 8607571968, 'postcopy-requests': 0, 'dirty-sync-count': 1, 'multifd-bytes': 0, 'pages-per-second': 33370, 'downtime-bytes': 716576381, 'page-size': 4096, 'remaining': 4701257728, 'postcopy-bytes': 0, 'mbps': 1082.1736799999999, 'transferred': 716577193, 'dirty-sync-missed-zero-copy': 0, 'precopy-bytes': 0, 'duplicate': 780798, 'dirty-pages-rate': 0, 'normal-bytes': 708165632, 'normal': 172892}}
QMP cmd [src2] query-migrate args={}
QMP reply [src2] query-migrate: {'expected-downtime': 300, 'status': 'active', 'setup-time': 1, 'total-time': 5428, 'ram': {'total': 8607571968, 'postcopy-requests': 0, 'dirty-sync-count': 1, 'multifd-bytes': 0, 'pages-per-second': 38010, 'downtime-bytes': 743634609, 'page-size': 4096, 'remaining': 4672143360, 'postcopy-bytes': 0, 'mbps': 1082.50776, 'transferred': 743635441, 'dirty-sync-missed-zero-copy': 0, 'precopy-bytes': 0, 'duplicate': 781314, 'dirty-pages-rate': 0, 'normal-bytes': 735166464, 'normal': 179484}}
QMP cmd [src2] query-migrate args={}
QMP reply [src2] query-migrate: {'expected-downtime': 300, 'status': 'active', 'setup-time': 1, 'total-time': 5629, 'ram': {'total': 8607571968, 'postcopy-requests': 0, 'dirty-sync-count': 1, 'multifd-bytes': 0, 'pages-per-second': 33000, 'downtime-bytes': 770688283, 'page-size': 4096, 'remaining': 4645101568, 'postcopy-bytes': 0, 'mbps': 1082.14704, 'transferred': 770689135, 'dirty-sync-missed-zero-copy': 0, 'precopy-bytes': 0, 'duplicate': 781324, 'dirty-pages-rate': 0, 'normal-bytes': 762167296, 'normal': 186076}}
QMP cmd [src2] query-migrate args={}
QMP reply [src2] query-migrate: {'expected-downtime': 300, 'status': 'active', 'setup-time': 1, 'total-time': 5830, 'ram': {'total': 8607571968, 'postcopy-requests': 0, 'dirty-sync-count': 1, 'multifd-bytes': 0, 'pages-per-second': 33040, 'downtime-bytes': 797742191, 'page-size': 4096, 'remaining': 4617953280, 'postcopy-bytes': 0, 'mbps': 1082.1499199999998, 'transferred': 797743063, 'dirty-sync-missed-zero-copy': 0, 'precopy-bytes': 0, 'duplicate': 781360, 'dirty-pages-rate': 0, 'normal-bytes': 789168128, 'normal': 192668}}
QMP cmd [src2] query-migrate args={}
QMP reply [src2] query-migrate: {'expected-downtime': 300, 'status': 'active', 'setup-time': 1, 'total-time': 6031, 'ram': {'total': 8607571968, 'postcopy-requests': 0, 'dirty-sync-count': 1, 'multifd-bytes': 0, 'pages-per-second': 32980, 'downtime-bytes': 824795793, 'page-size': 4096, 'remaining': 4590944256, 'postcopy-bytes': 0, 'mbps': 1082.1456, 'transferred': 824796685, 'dirty-sync-missed-zero-copy': 0, 'precopy-bytes': 0, 'duplicate': 781362, 'dirty-pages-rate': 0, 'normal-bytes': 816168960, 'normal': 199260}}
QMP cmd [src2] query-migrate args={}
QMP reply [src2] query-migrate: {'expected-downtime': 300, 'status': 'active', 'setup-time': 1, 'total-time': 6232, 'ram': {'total': 8607571968, 'postcopy-requests': 0, 'dirty-sync-count': 1, 'multifd-bytes': 0, 'pages-per-second': 33760, 'downtime-bytes': 851850133, 'page-size': 4096, 'remaining': 4563599360, 'postcopy-bytes': 0, 'mbps': 1082.20176, 'transferred': 851851045, 'dirty-sync-missed-zero-copy': 0, 'precopy-bytes': 0, 'duplicate': 781446, 'dirty-pages-rate': 0, 'normal-bytes': 843169792, 'normal': 205852}}
QMP cmd [src2] query-migrate args={}
QMP reply [src2] query-migrate: {'expected-downtime': 300, 'status': 'active', 'setup-time': 1, 'total-time': 6433, 'ram': {'total': 8607571968, 'postcopy-requests': 0, 'dirty-sync-count': 1, 'multifd-bytes': 0, 'pages-per-second': 40950, 'downtime-bytes': 878910917, 'page-size': 4096, 'remaining': 4533321728, 'postcopy-bytes': 0, 'mbps': 1082.7194399999998, 'transferred': 878911849, 'dirty-sync-missed-zero-copy': 0, 'precopy-bytes': 0, 'duplicate': 782246, 'dirty-pages-rate': 0, 'normal-bytes': 870170624, 'normal': 212444}}
QMP cmd [src2] query-migrate args={}
QMP reply [src2] query-migrate: {'expected-downtime': 300, 'status': 'active', 'setup-time': 1, 'total-time': 6634, 'ram': {'total': 8607571968, 'postcopy-requests': 0, 'dirty-sync-count': 1, 'multifd-bytes': 0, 'pages-per-second': 33040, 'downtime-bytes': 905964573, 'page-size': 4096, 'remaining': 4506288128, 'postcopy-bytes': 0, 'mbps': 1082.1499199999998, 'transferred': 905965525, 'dirty-sync-missed-zero-copy': 0, 'precopy-bytes': 0, 'duplicate': 782254, 'dirty-pages-rate': 0, 'normal-bytes': 897171456, 'normal': 219036}}
QMP cmd [src2] query-migrate args={}
QMP reply [src2] query-migrate: {'expected-downtime': 300, 'status': 'active', 'setup-time': 1, 'total-time': 6835, 'ram': {'total': 8607571968, 'postcopy-requests': 0, 'dirty-sync-count': 1, 'multifd-bytes': 0, 'pages-per-second': 44130, 'downtime-bytes': 933028228, 'page-size': 4096, 'remaining': 4474703872, 'postcopy-bytes': 0, 'mbps': 1082.9484, 'transferred': 933029200, 'dirty-sync-missed-zero-copy': 0, 'precopy-bytes': 0, 'duplicate': 783373, 'dirty-pages-rate': 0, 'normal-bytes': 924172288, 'normal': 225628}}
2026-07-15 00:04:52.123750SSH command: ssh -o BatchMode=yes -o StrictHostKeyChecking=no -o UserKnownHostsFile=/dev/null -o ConnectTimeout=1 -o LogLevel=ERROR -p 2223 -i /home/max/.ssh/pgvm_bench user@127.0.0.1 test -f /tmp/bench.done
Return code: 255
Stdout: 
Stderr: Connection timed out during banner exchange

QMP cmd [src2] query-migrate args={}
QMP reply [src2] query-migrate: {'expected-downtime': 300, 'status': 'active', 'setup-time': 1, 'total-time': 7037, 'ram': {'total': 8607571968, 'postcopy-requests': 0, 'dirty-sync-count': 1, 'multifd-bytes': 0, 'pages-per-second': 33000, 'downtime-bytes': 960081848, 'page-size': 4096, 'remaining': 4447686656, 'postcopy-bytes': 0, 'mbps': 1082.14704, 'transferred': 960082840, 'dirty-sync-missed-zero-copy': 0, 'precopy-bytes': 0, 'duplicate': 783377, 'dirty-pages-rate': 0, 'normal-bytes': 951173120, 'normal': 232220}}
QMP cmd [src2] query-migrate args={}
QMP reply [src2] query-migrate: {'expected-downtime': 300, 'status': 'active', 'setup-time': 1, 'total-time': 7238, 'ram': {'total': 8607571968, 'postcopy-requests': 0, 'dirty-sync-count': 1, 'multifd-bytes': 0, 'pages-per-second': 32960, 'downtime-bytes': 987135468, 'page-size': 4096, 'remaining': 4420669440, 'postcopy-bytes': 0, 'mbps': 1082.1441599999998, 'transferred': 987136480, 'dirty-sync-missed-zero-copy': 0, 'precopy-bytes': 0, 'duplicate': 783381, 'dirty-pages-rate': 0, 'normal-bytes': 978173952, 'normal': 238812}}
QMP cmd [src2] query-migrate args={}
QMP reply [src2] query-migrate: {'expected-downtime': 300, 'status': 'active', 'setup-time': 1, 'total-time': 7439, 'ram': {'total': 8607571968, 'postcopy-requests': 0, 'dirty-sync-count': 1, 'multifd-bytes': 0, 'pages-per-second': 32980, 'downtime-bytes': 1014189142, 'page-size': 4096, 'remaining': 4393627648, 'postcopy-bytes': 0, 'mbps': 1082.1456, 'transferred': 1014190174, 'dirty-sync-missed-zero-copy': 0, 'precopy-bytes': 0, 'duplicate': 783391, 'dirty-pages-rate': 0, 'normal-bytes': 1005174784, 'normal': 245404}}
QMP cmd [src2] query-migrate args={}
QMP reply [src2] query-migrate: {'expected-downtime': 300, 'status': 'active', 'setup-time': 1, 'total-time': 7640, 'ram': {'total': 8607571968, 'postcopy-requests': 0, 'dirty-sync-count': 1, 'multifd-bytes': 0, 'pages-per-second': 33000, 'downtime-bytes': 1041242780, 'page-size': 4096, 'remaining': 4366602240, 'postcopy-bytes': 0, 'mbps': 1082.14704, 'transferred': 1041243832, 'dirty-sync-missed-zero-copy': 0, 'precopy-bytes': 0, 'duplicate': 783397, 'dirty-pages-rate': 0, 'normal-bytes': 1032175616, 'normal': 251996}}
QMP cmd [src2] query-migrate args={}
QMP reply [src2] query-migrate: {'expected-downtime': 300, 'status': 'active', 'setup-time': 1, 'total-time': 7841, 'ram': {'total': 8607571968, 'postcopy-requests': 0, 'dirty-sync-count': 1, 'multifd-bytes': 0, 'pages-per-second': 32980, 'downtime-bytes': 1068296436, 'page-size': 4096, 'remaining': 4339568640, 'postcopy-bytes': 0, 'mbps': 1082.1456, 'transferred': 1068297508, 'dirty-sync-missed-zero-copy': 0, 'precopy-bytes': 0, 'duplicate': 783405, 'dirty-pages-rate': 0, 'normal-bytes': 1059176448, 'normal': 258588}}
QMP cmd [src2] query-migrate args={}
QMP reply [src2] query-migrate: {'expected-downtime': 300, 'status': 'active', 'setup-time': 1, 'total-time': 8042, 'ram': {'total': 8607571968, 'postcopy-requests': 0, 'dirty-sync-count': 1, 'multifd-bytes': 0, 'pages-per-second': 33000, 'downtime-bytes': 1095350074, 'page-size': 4096, 'remaining': 4312543232, 'postcopy-bytes': 0, 'mbps': 1082.14704, 'transferred': 1095351166, 'dirty-sync-missed-zero-copy': 0, 'precopy-bytes': 0, 'duplicate': 783411, 'dirty-pages-rate': 0, 'normal-bytes': 1086177280, 'normal': 265180}}
QMP cmd [src2] query-migrate args={}
QMP reply [src2] query-migrate: {'expected-downtime': 300, 'status': 'active', 'setup-time': 1, 'total-time': 8243, 'ram': {'total': 8607571968, 'postcopy-requests': 0, 'dirty-sync-count': 1, 'multifd-bytes': 0, 'pages-per-second': 33000, 'downtime-bytes': 1122404018, 'page-size': 4096, 'remaining': 4285378560, 'postcopy-bytes': 0, 'mbps': 1082.14704, 'transferred': 1122405130, 'dirty-sync-missed-zero-copy': 0, 'precopy-bytes': 0, 'duplicate': 783451, 'dirty-pages-rate': 0, 'normal-bytes': 1113178112, 'normal': 271772}}
QMP cmd [src2] query-migrate args={}
QMP reply [src2] query-migrate: {'expected-downtime': 300, 'status': 'active', 'setup-time': 1, 'total-time': 8444, 'ram': {'total': 8607571968, 'postcopy-requests': 0, 'dirty-sync-count': 1, 'multifd-bytes': 0, 'pages-per-second': 33000, 'downtime-bytes': 1149457710, 'page-size': 4096, 'remaining': 4258328576, 'postcopy-bytes': 0, 'mbps': 1082.14704, 'transferred': 1149458842, 'dirty-sync-missed-zero-copy': 0, 'precopy-bytes': 0, 'duplicate': 783463, 'dirty-pages-rate': 0, 'normal-bytes': 1140178944, 'normal': 278364}}
QMP cmd [src2] query-migrate args={}
QMP reply [src2] query-migrate: {'expected-downtime': 300, 'status': 'active', 'setup-time': 1, 'total-time': 8645, 'ram': {'total': 8607571968, 'postcopy-requests': 0, 'dirty-sync-count': 1, 'multifd-bytes': 0, 'pages-per-second': 33100, 'downtime-bytes': 1176511456, 'page-size': 4096, 'remaining': 4231254016, 'postcopy-bytes': 0, 'mbps': 1082.15424, 'transferred': 1176512608, 'dirty-sync-missed-zero-copy': 0, 'precopy-bytes': 0, 'duplicate': 783481, 'dirty-pages-rate': 0, 'normal-bytes': 1167179776, 'normal': 284956}}
QMP cmd [src2] query-migrate args={}
QMP reply [src2] query-migrate: {'expected-downtime': 300, 'status': 'active', 'setup-time': 1, 'total-time': 8846, 'ram': {'total': 8607571968, 'postcopy-requests': 0, 'dirty-sync-count': 1, 'multifd-bytes': 0, 'pages-per-second': 32980, 'downtime-bytes': 1203565058, 'page-size': 4096, 'remaining': 4204244992, 'postcopy-bytes': 0, 'mbps': 1082.1456, 'transferred': 1203566230, 'dirty-sync-missed-zero-copy': 0, 'precopy-bytes': 0, 'duplicate': 783483, 'dirty-pages-rate': 0, 'normal-bytes': 1194180608, 'normal': 291548}}
QMP cmd [src2] query-migrate args={}
QMP reply [src2] query-migrate: {'expected-downtime': 300, 'status': 'active', 'setup-time': 1, 'total-time': 9047, 'ram': {'total': 8607571968, 'postcopy-requests': 0, 'dirty-sync-count': 1, 'multifd-bytes': 0, 'pages-per-second': 32960, 'downtime-bytes': 1230618642, 'page-size': 4096, 'remaining': 4177244160, 'postcopy-bytes': 0, 'mbps': 1082.1441599999998, 'transferred': 1230619834, 'dirty-sync-missed-zero-copy': 0, 'precopy-bytes': 0, 'duplicate': 783483, 'dirty-pages-rate': 0, 'normal-bytes': 1221181440, 'normal': 298140}}
QMP cmd [src2] query-migrate args={}
QMP reply [src2] query-migrate: {'expected-downtime': 300, 'status': 'active', 'setup-time': 1, 'total-time': 9248, 'ram': {'total': 8607571968, 'postcopy-requests': 0, 'dirty-sync-count': 1, 'multifd-bytes': 0, 'pages-per-second': 32980, 'downtime-bytes': 1257672298, 'page-size': 4096, 'remaining': 4150210560, 'postcopy-bytes': 0, 'mbps': 1082.1456, 'transferred': 1257673510, 'dirty-sync-missed-zero-copy': 0, 'precopy-bytes': 0, 'duplicate': 783491, 'dirty-pages-rate': 0, 'normal-bytes': 1248182272, 'normal': 304732}}
QMP cmd [src2] query-migrate args={}
QMP reply [src2] query-migrate: {'expected-downtime': 300, 'status': 'active', 'setup-time': 1, 'total-time': 9449, 'ram': {'total': 8607571968, 'postcopy-requests': 0, 'dirty-sync-count': 1, 'multifd-bytes': 0, 'pages-per-second': 32960, 'downtime-bytes': 1284725918, 'page-size': 4096, 'remaining': 4123193344, 'postcopy-bytes': 0, 'mbps': 1082.1441599999998, 'transferred': 1284727150, 'dirty-sync-missed-zero-copy': 0, 'precopy-bytes': 0, 'duplicate': 783495, 'dirty-pages-rate': 0, 'normal-bytes': 1275183104, 'normal': 311324}}
QMP cmd [src2] query-migrate args={}
QMP reply [src2] query-migrate: {'expected-downtime': 300, 'status': 'active', 'setup-time': 1, 'total-time': 9650, 'ram': {'total': 8607571968, 'postcopy-requests': 0, 'dirty-sync-count': 1, 'multifd-bytes': 0, 'pages-per-second': 33360, 'downtime-bytes': 1311779898, 'page-size': 4096, 'remaining': 4096012288, 'postcopy-bytes': 0, 'mbps': 1082.1729599999999, 'transferred': 1311781150, 'dirty-sync-missed-zero-copy': 0, 'precopy-bytes': 0, 'duplicate': 783539, 'dirty-pages-rate': 0, 'normal-bytes': 1302183936, 'normal': 317916}}
QMP cmd [src2] query-migrate args={}
QMP reply [src2] query-migrate: {'expected-downtime': 300, 'status': 'active', 'setup-time': 1, 'total-time': 9851, 'ram': {'total': 8607571968, 'postcopy-requests': 0, 'dirty-sync-count': 1, 'multifd-bytes': 0, 'pages-per-second': 32980, 'downtime-bytes': 1338833536, 'page-size': 4096, 'remaining': 4068986880, 'postcopy-bytes': 0, 'mbps': 1082.1456, 'transferred': 1338834808, 'dirty-sync-missed-zero-copy': 0, 'precopy-bytes': 0, 'duplicate': 783545, 'dirty-pages-rate': 0, 'normal-bytes': 1329184768, 'normal': 324508}}
2026-07-15 00:04:55.128750SSH command: ssh -o BatchMode=yes -o StrictHostKeyChecking=no -o UserKnownHostsFile=/dev/null -o ConnectTimeout=1 -o LogLevel=ERROR -p 2223 -i /home/max/.ssh/pgvm_bench user@127.0.0.1 test -f /tmp/bench.done
Return code: 255
Stdout: 
Stderr: Connection timed out during banner exchange

QMP cmd [src2] query-migrate args={}
QMP reply [src2] query-migrate: {'expected-downtime': 300, 'status': 'active', 'setup-time': 1, 'total-time': 10053, 'ram': {'total': 8607571968, 'postcopy-requests': 0, 'dirty-sync-count': 1, 'multifd-bytes': 0, 'pages-per-second': 33000, 'downtime-bytes': 1365887174, 'page-size': 4096, 'remaining': 4041961472, 'postcopy-bytes': 0, 'mbps': 1082.14704, 'transferred': 1365888466, 'dirty-sync-missed-zero-copy': 0, 'precopy-bytes': 0, 'duplicate': 783551, 'dirty-pages-rate': 0, 'normal-bytes': 1356185600, 'normal': 331100}}
QMP cmd [src2] query-migrate args={}
QMP reply [src2] query-migrate: {'expected-downtime': 300, 'status': 'active', 'setup-time': 1, 'total-time': 10254, 'ram': {'total': 8607571968, 'postcopy-requests': 0, 'dirty-sync-count': 1, 'multifd-bytes': 0, 'pages-per-second': 33000, 'downtime-bytes': 1392940812, 'page-size': 4096, 'remaining': 4014936064, 'postcopy-bytes': 0, 'mbps': 1082.14704, 'transferred': 1392942124, 'dirty-sync-missed-zero-copy': 0, 'precopy-bytes': 0, 'duplicate': 783557, 'dirty-pages-rate': 0, 'normal-bytes': 1383186432, 'normal': 337692}}
QMP cmd [src2] query-migrate args={}
QMP reply [src2] query-migrate: {'expected-downtime': 300, 'status': 'active', 'setup-time': 1, 'total-time': 10455, 'ram': {'total': 8607571968, 'postcopy-requests': 0, 'dirty-sync-count': 1, 'multifd-bytes': 0, 'pages-per-second': 32980, 'downtime-bytes': 1419994432, 'page-size': 4096, 'remaining': 3987918848, 'postcopy-bytes': 0, 'mbps': 1082.1456, 'transferred': 1419995764, 'dirty-sync-missed-zero-copy': 0, 'precopy-bytes': 0, 'duplicate': 783561, 'dirty-pages-rate': 0, 'normal-bytes': 1410187264, 'normal': 344284}}
QMP cmd [src2] query-migrate args={}
QMP reply [src2] query-migrate: {'expected-downtime': 300, 'status': 'active', 'setup-time': 1, 'total-time': 10656, 'ram': {'total': 8607571968, 'postcopy-requests': 0, 'dirty-sync-count': 1, 'multifd-bytes': 0, 'pages-per-second': 33000, 'downtime-bytes': 1447048124, 'page-size': 4096, 'remaining': 3960868864, 'postcopy-bytes': 0, 'mbps': 1082.14704, 'transferred': 1447049476, 'dirty-sync-missed-zero-copy': 0, 'precopy-bytes': 0, 'duplicate': 783573, 'dirty-pages-rate': 0, 'normal-bytes': 1437188096, 'normal': 350876}}
QMP cmd [src2] query-migrate args={}
QMP reply [src2] query-migrate: {'expected-downtime': 300, 'status': 'active', 'setup-time': 1, 'total-time': 10857, 'ram': {'total': 8607571968, 'postcopy-requests': 0, 'dirty-sync-count': 1, 'multifd-bytes': 0, 'pages-per-second': 32960, 'downtime-bytes': 1474101762, 'page-size': 4096, 'remaining': 3933843456, 'postcopy-bytes': 0, 'mbps': 1082.1441599999998, 'transferred': 1474103134, 'dirty-sync-missed-zero-copy': 0, 'precopy-bytes': 0, 'duplicate': 783579, 'dirty-pages-rate': 0, 'normal-bytes': 1464188928, 'normal': 357468}}
QMP cmd [src2] query-migrate args={}
QMP reply [src2] query-migrate: {'expected-downtime': 300, 'status': 'active', 'setup-time': 1, 'total-time': 11058, 'ram': {'total': 8607571968, 'postcopy-requests': 0, 'dirty-sync-count': 1, 'multifd-bytes': 0, 'pages-per-second': 33000, 'downtime-bytes': 1501155436, 'page-size': 4096, 'remaining': 3906801664, 'postcopy-bytes': 0, 'mbps': 1082.14704, 'transferred': 1501156828, 'dirty-sync-missed-zero-copy': 0, 'precopy-bytes': 0, 'duplicate': 783589, 'dirty-pages-rate': 0, 'normal-bytes': 1491189760, 'normal': 364060}}
QMP cmd [src2] query-migrate args={}
QMP reply [src2] query-migrate: {'expected-downtime': 300, 'status': 'active', 'setup-time': 1, 'total-time': 11259, 'ram': {'total': 8607571968, 'postcopy-requests': 0, 'dirty-sync-count': 1, 'multifd-bytes': 0, 'pages-per-second': 33000, 'downtime-bytes': 1528209182, 'page-size': 4096, 'remaining': 3879727104, 'postcopy-bytes': 0, 'mbps': 1082.14704, 'transferred': 1528210594, 'dirty-sync-missed-zero-copy': 0, 'precopy-bytes': 0, 'duplicate': 783607, 'dirty-pages-rate': 0, 'normal-bytes': 1518190592, 'normal': 370652}}
QMP cmd [src2] query-migrate args={}
QMP reply [src2] query-migrate: {'expected-downtime': 300, 'status': 'active', 'setup-time': 1, 'total-time': 11460, 'ram': {'total': 8607571968, 'postcopy-requests': 0, 'dirty-sync-count': 1, 'multifd-bytes': 0, 'pages-per-second': 33080, 'downtime-bytes': 1555263198, 'page-size': 4096, 'remaining': 3852529664, 'postcopy-bytes': 0, 'mbps': 1082.1528, 'transferred': 1555264630, 'dirty-sync-missed-zero-copy': 0, 'precopy-bytes': 0, 'duplicate': 783655, 'dirty-pages-rate': 0, 'normal-bytes': 1545191424, 'normal': 377244}}
QMP cmd [src2] query-migrate args={}
QMP reply [src2] query-migrate: {'expected-downtime': 300, 'status': 'active', 'setup-time': 1, 'total-time': 11661, 'ram': {'total': 8607571968, 'postcopy-requests': 0, 'dirty-sync-count': 1, 'multifd-bytes': 0, 'pages-per-second': 33200, 'downtime-bytes': 1582317412, 'page-size': 4096, 'remaining': 3825242112, 'postcopy-bytes': 0, 'mbps': 1082.1614399999999, 'transferred': 1582318864, 'dirty-sync-missed-zero-copy': 0, 'precopy-bytes': 0, 'duplicate': 783725, 'dirty-pages-rate': 0, 'normal-bytes': 1572192256, 'normal': 383836}}
QMP cmd [src2] query-migrate args={}
QMP reply [src2] query-migrate: {'expected-downtime': 300, 'status': 'active', 'setup-time': 1, 'total-time': 11862, 'ram': {'total': 8607571968, 'postcopy-requests': 0, 'dirty-sync-count': 1, 'multifd-bytes': 0, 'pages-per-second': 33320, 'downtime-bytes': 1609371860, 'page-size': 4096, 'remaining': 3797848064, 'postcopy-bytes': 0, 'mbps': 1082.17008, 'transferred': 1609373332, 'dirty-sync-missed-zero-copy': 0, 'precopy-bytes': 0, 'duplicate': 783821, 'dirty-pages-rate': 0, 'normal-bytes': 1599193088, 'normal': 390428}}
QMP cmd [src2] query-migrate args={}
QMP reply [src2] query-migrate: {'expected-downtime': 300, 'status': 'active', 'setup-time': 1, 'total-time': 12063, 'ram': {'total': 8607571968, 'postcopy-requests': 0, 'dirty-sync-count': 1, 'multifd-bytes': 0, 'pages-per-second': 34240, 'downtime-bytes': 1636430808, 'page-size': 4096, 'remaining': 3768406016, 'postcopy-bytes': 0, 'mbps': 1082.23632, 'transferred': 1636432300, 'dirty-sync-missed-zero-copy': 0, 'precopy-bytes': 0, 'duplicate': 784417, 'dirty-pages-rate': 0, 'normal-bytes': 1626193920, 'normal': 397020}}
QMP cmd [src2] query-migrate args={}
QMP reply [src2] query-migrate: {'expected-downtime': 300, 'status': 'active', 'setup-time': 1, 'total-time': 12264, 'ram': {'total': 8607571968, 'postcopy-requests': 0, 'dirty-sync-count': 1, 'multifd-bytes': 0, 'pages-per-second': 40500, 'downtime-bytes': 1663495174, 'page-size': 4096, 'remaining': 3736498176, 'postcopy-bytes': 0, 'mbps': 1082.68704, 'transferred': 1663496686, 'dirty-sync-missed-zero-copy': 0, 'precopy-bytes': 0, 'duplicate': 785615, 'dirty-pages-rate': 0, 'normal-bytes': 1653194752, 'normal': 403612}}
QMP cmd [src2] query-migrate args={}
QMP reply [src2] query-migrate: {'expected-downtime': 300, 'status': 'active', 'setup-time': 1, 'total-time': 12465, 'ram': {'total': 8607571968, 'postcopy-requests': 0, 'dirty-sync-count': 1, 'multifd-bytes': 0, 'pages-per-second': 35840, 'downtime-bytes': 1690554248, 'page-size': 4096, 'remaining': 3706998784, 'postcopy-bytes': 0, 'mbps': 1082.35152, 'transferred': 1690555780, 'dirty-sync-missed-zero-copy': 0, 'precopy-bytes': 0, 'duplicate': 786225, 'dirty-pages-rate': 0, 'normal-bytes': 1680195584, 'normal': 410204}}
QMP cmd [src2] query-migrate args={}
QMP reply [src2] query-migrate: {'expected-downtime': 300, 'status': 'active', 'setup-time': 1, 'total-time': 12666, 'ram': {'total': 8607571968, 'postcopy-requests': 0, 'dirty-sync-count': 1, 'multifd-bytes': 0, 'pages-per-second': 38120, 'downtime-bytes': 1717616454, 'page-size': 4096, 'remaining': 3676073984, 'postcopy-bytes': 0, 'mbps': 1082.51568, 'transferred': 1717618006, 'dirty-sync-missed-zero-copy': 0, 'precopy-bytes': 0, 'duplicate': 787183, 'dirty-pages-rate': 0, 'normal-bytes': 1707196416, 'normal': 416796}}
QMP cmd [src2] query-migrate args={}
QMP reply [src2] query-migrate: {'expected-downtime': 300, 'status': 'active', 'setup-time': 1, 'total-time': 12867, 'ram': {'total': 8607571968, 'postcopy-requests': 0, 'dirty-sync-count': 1, 'multifd-bytes': 0, 'pages-per-second': 36620, 'downtime-bytes': 1744677886, 'page-size': 4096, 'remaining': 3645501440, 'postcopy-bytes': 0, 'mbps': 1082.40768, 'transferred': 1744679458, 'dirty-sync-missed-zero-copy': 0, 'precopy-bytes': 0, 'duplicate': 788055, 'dirty-pages-rate': 0, 'normal-bytes': 1734197248, 'normal': 423388}}
2026-07-15 00:04:58.133872SSH command: ssh -o BatchMode=yes -o StrictHostKeyChecking=no -o UserKnownHostsFile=/dev/null -o ConnectTimeout=1 -o LogLevel=ERROR -p 2223 -i /home/max/.ssh/pgvm_bench user@127.0.0.1 test -f /tmp/bench.done
Return code: 255
Stdout: 
Stderr: Connection timed out during banner exchange

qemu-system-x86_64: terminating on signal 15 from pid 38411 (/home/max/Bachelor-Thesis/Repo/.venv/bin/python)
QMP cmd [src2] query-migrate args={}
QMP reply [src2] query-migrate: {'expected-downtime': 300, 'status': 'active', 'setup-time': 1, 'total-time': 13068, 'ram': {'total': 8607571968, 'postcopy-requests': 0, 'dirty-sync-count': 1, 'multifd-bytes': 0, 'pages-per-second': 3599650, 'downtime-bytes': 1771552379, 'page-size': 4096, 'remaining': 162742272, 'postcopy-bytes': 0, 'mbps': 1076.2106399999998, 'transferred': 1771553971, 'dirty-sync-missed-zero-copy': 0, 'precopy-bytes': 0, 'duplicate': 1633644, 'dirty-pages-rate': 0, 'normal-bytes': 1753423872, 'normal': 428082}}
QMP cmd [src2] query-migrate args={}
QMP reply [src2] query-migrate: {'expected-downtime': 300, 'status': 'active', 'setup-time': 1, 'total-time': 13269, 'ram': {'total': 8607571968, 'postcopy-requests': 0, 'dirty-sync-count': 1, 'multifd-bytes': 0, 'pages-per-second': 34180, 'downtime-bytes': 1798607061, 'page-size': 4096, 'remaining': 135241728, 'postcopy-bytes': 0, 'mbps': 1082.232, 'transferred': 1798608673, 'dirty-sync-missed-zero-copy': 0, 'precopy-bytes': 0, 'duplicate': 1633766, 'dirty-pages-rate': 0, 'normal-bytes': 1780424704, 'normal': 434674}}
QMP cmd [src2] query-migrate args={}
QMP reply [src2] query-migrate: {'expected-downtime': 300, 'status': 'active', 'setup-time': 1, 'total-time': 13470, 'ram': {'total': 8607571968, 'postcopy-requests': 0, 'dirty-sync-count': 1, 'multifd-bytes': 0, 'pages-per-second': 32960, 'downtime-bytes': 1825660645, 'page-size': 4096, 'remaining': 108240896, 'postcopy-bytes': 0, 'mbps': 1082.1441599999998, 'transferred': 1825662277, 'dirty-sync-missed-zero-copy': 0, 'precopy-bytes': 0, 'duplicate': 1633766, 'dirty-pages-rate': 0, 'normal-bytes': 1807425536, 'normal': 441266}}
QMP cmd [src2] query-migrate args={}
QMP reply [src2] query-migrate: {'expected-downtime': 300, 'status': 'active', 'setup-time': 1, 'total-time': 13671, 'ram': {'total': 8607571968, 'postcopy-requests': 0, 'dirty-sync-count': 1, 'multifd-bytes': 0, 'pages-per-second': 32960, 'downtime-bytes': 1852714229, 'page-size': 4096, 'remaining': 81240064, 'postcopy-bytes': 0, 'mbps': 1082.1441599999998, 'transferred': 1852715881, 'dirty-sync-missed-zero-copy': 0, 'precopy-bytes': 0, 'duplicate': 1633766, 'dirty-pages-rate': 0, 'normal-bytes': 1834426368, 'normal': 447858}}
QMP cmd [src2] query-migrate args={}
QMP reply [src2] query-migrate: {'expected-downtime': 300, 'status': 'active', 'setup-time': 1, 'total-time': 13872, 'ram': {'total': 8607571968, 'postcopy-requests': 0, 'dirty-sync-count': 1, 'multifd-bytes': 0, 'pages-per-second': 32960, 'downtime-bytes': 1879767813, 'page-size': 4096, 'remaining': 54239232, 'postcopy-bytes': 0, 'mbps': 1082.1441599999998, 'transferred': 1879769485, 'dirty-sync-missed-zero-copy': 0, 'precopy-bytes': 0, 'duplicate': 1633766, 'dirty-pages-rate': 0, 'normal-bytes': 1861427200, 'normal': 454450}}
QMP cmd [src2] query-migrate args={}
QMP reply [src2] query-migrate: {'expected-downtime': 300, 'status': 'active', 'setup-time': 1, 'total-time': 14073, 'ram': {'total': 8607571968, 'postcopy-requests': 0, 'dirty-sync-count': 1, 'multifd-bytes': 0, 'pages-per-second': 32960, 'downtime-bytes': 1906821397, 'page-size': 4096, 'remaining': 27238400, 'postcopy-bytes': 0, 'mbps': 1082.1441599999998, 'transferred': 1906823089, 'dirty-sync-missed-zero-copy': 0, 'precopy-bytes': 0, 'duplicate': 1633766, 'dirty-pages-rate': 0, 'normal-bytes': 1888428032, 'normal': 461042}}
QMP cmd [src2] query-migrate args={}
QMP reply [src2] query-migrate: {'status': 'completed', 'setup-time': 1, 'downtime': 11, 'total-time': 14112, 'ram': {'total': 8607571968, 'postcopy-requests': 0, 'dirty-sync-count': 3, 'multifd-bytes': 0, 'pages-per-second': 32960, 'downtime-bytes': 1916795385, 'page-size': 4096, 'remaining': 0, 'postcopy-bytes': 0, 'mbps': 1086.9342391042449, 'transferred': 1917216131, 'dirty-sync-missed-zero-copy': 0, 'precopy-bytes': 0, 'duplicate': 1637995, 'dirty-pages-rate': 0, 'normal-bytes': 1898344448, 'normal': 463463}}
